<?xml version="1.0" encoding="UTF-8"?>
<testsuites name="MicrositeTestSuite" time="121" tests="0" failures="1" errors="0">
   <testsuite name="MicrositeTestSuite" tests="0" failures="1" errors="0" time="121" timestamp="2019-06-10 12:40:37" hostname="user - Nivedita" id="Test Suites/VirtualShowRSVPSuites/MicrositeTestSuite">
      <properties>
         <property name="deviceName" value=""/>
         <property name="devicePlatform" value=""/>
         <property name="logFolder" value="C:\\Users\\user\\Documents\\testautomation\\NewArrivals\\Reports\\VirtualShowRSVPSuites\\MicrositeTestSuite\\20190610_124033"/>
         <property name="logFiles" value="C:\\Users\\user\\Documents\\testautomation\\NewArrivals\\Reports\\VirtualShowRSVPSuites\\MicrositeTestSuite\\20190610_124033\\execution0.log"/>
         <property name="attachments" value="C:\\Users\\user\\Documents\\testautomation\\NewArrivals\\Reports\\VirtualShowRSVPSuites\\MicrositeTestSuite\\20190610_124033\\1560150756997.png, C:\\Users\\user\\Documents\\testautomation\\NewArrivals\\Reports\\VirtualShowRSVPSuites\\MicrositeTestSuite\\20190610_124033\\1560150757359.png"/>
         <property name="hostName" value="user - Nivedita"/>
         <property name="os" value="Windows 8.1 64bit"/>
         <property name="katalonVersion" value="6.1.1.1"/>
         <property name="browser" value="Chrome 74.0.3729.169"/>
         <property name="hostAddress" value="192.168.43.31"/>
         <property name="sessionId" value="0bcc55b36df700cac9cfc620d4c0c88b"/>
         <property name="seleniumVersion" value="3.7.1"/>
         <property name="proxyInformation" value="ProxyInformation{proxyOption=NO_PROXY, proxyServerType=HTTP, password=, proxyServerAddress=, proxyServerPort=0}"/>
         <property name="platform" value="Windows 8.1"/>
      </properties>
      <testcase name="Test Cases/virtualShowRSVP/micrositeRSVPValidUser" classname="Test Cases/virtualShowRSVP/micrositeRSVPValidUser" status="FAILED">
         <failure type="FAILED" message="Test Cases/virtualShowRSVP/micrositeRSVPValidUser FAILED.
Reason:
com.kms.katalon.core.exception.StepFailedException: Verify element text of test object 'Object Repository/virualShowRSVPOR/Page_Show microsite - Cabi Fall 2018 Collection/h2_We hope youll be able to attend.' FAILED.
	at com.kms.katalon.core.webui.keyword.internal.WebUIKeywordMain.stepFailed(WebUIKeywordMain.groovy:64)
	at com.kms.katalon.core.webui.keyword.internal.WebUIKeywordMain.runKeyword(WebUIKeywordMain.groovy:26)
	at com.kms.katalon.core.webui.keyword.builtin.VerifyElementTextKeyword.verifyElementText(VerifyElementTextKeyword.groovy:72)
	at com.kms.katalon.core.webui.keyword.builtin.VerifyElementTextKeyword.execute(VerifyElementTextKeyword.groovy:40)
	at com.kms.katalon.core.keyword.internal.KeywordExecutor.executeKeywordForPlatform(KeywordExecutor.groovy:56)
	at com.kms.katalon.core.webui.keyword.WebUiBuiltInKeywords.verifyElementText(WebUiBuiltInKeywords.groovy:3663)
	at com.kms.katalon.core.webui.keyword.WebUiBuiltInKeywords$verifyElementText$5.call(Unknown Source)
	at micrositeRSVPValidUser.run(micrositeRSVPValidUser:120)
	at com.kms.katalon.core.main.ScriptEngine.run(ScriptEngine.java:194)
	at com.kms.katalon.core.main.ScriptEngine.runScriptAsRawText(ScriptEngine.java:119)
	at com.kms.katalon.core.main.TestCaseExecutor.runScript(TestCaseExecutor.java:342)
	at com.kms.katalon.core.main.TestCaseExecutor.doExecute(TestCaseExecutor.java:333)
	at com.kms.katalon.core.main.TestCaseExecutor.processExecutionPhase(TestCaseExecutor.java:312)
	at com.kms.katalon.core.main.TestCaseExecutor.accessMainPhase(TestCaseExecutor.java:304)
	at com.kms.katalon.core.main.TestCaseExecutor.execute(TestCaseExecutor.java:238)
	at com.kms.katalon.core.main.TestSuiteExecutor.accessTestCaseMainPhase(TestSuiteExecutor.java:129)
	at com.kms.katalon.core.main.TestSuiteExecutor.accessTestSuiteMainPhase(TestSuiteExecutor.java:112)
	at com.kms.katalon.core.main.TestSuiteExecutor.execute(TestSuiteExecutor.java:81)
	at com.kms.katalon.core.main.TestCaseMain.startTestSuite(TestCaseMain.java:157)
	at com.kms.katalon.core.main.TestCaseMain$startTestSuite$0.call(Unknown Source)
	at TempTestSuite1560150633733.run(TempTestSuite1560150633733.groovy:35)
Caused by: com.kms.katalon.core.exception.StepFailedException: com.kms.katalon.core.webui.exception.WebElementNotFoundException: Web element with id: 'Object Repository/virualShowRSVPOR/Page_Show microsite - Cabi Fall 2018 Collection/h2_We hope youll be able to attend.' located by 'By.xpath: //div[@id='page']/show-microsite/div/div/div[2]/div/div/div/app-rsvp-panel/div/h2' not found
	at com.kms.katalon.core.webui.keyword.internal.WebUIKeywordMain.stepFailed(WebUIKeywordMain.groovy:64)
	at com.kms.katalon.core.webui.keyword.builtin.VerifyElementTextKeyword$_verifyElementText_closure1.doCall(VerifyElementTextKeyword.groovy:64)
	at com.kms.katalon.core.webui.keyword.builtin.VerifyElementTextKeyword$_verifyElementText_closure1.call(VerifyElementTextKeyword.groovy)
	at com.kms.katalon.core.webui.keyword.internal.WebUIKeywordMain.runKeyword(WebUIKeywordMain.groovy:20)
	... 19 more
"/>
         <system-out><![CDATA[2019-06-10 12:40:37 - [TEST_CASE][FAILED] - Test Cases/virtualShowRSVP/micrositeRSVPValidUser: Test Cases/virtualShowRSVP/micrositeRSVPValidUser FAILED.
Reason:
com.kms.katalon.core.exception.StepFailedException: Verify element text of test object 'Object Repository/virualShowRSVPOR/Page_Show microsite - Cabi Fall 2018 Collection/h2_We hope youll be able to attend.' FAILED.
	at com.kms.katalon.core.webui.keyword.internal.WebUIKeywordMain.stepFailed(WebUIKeywordMain.groovy:64)
	at com.kms.katalon.core.webui.keyword.internal.WebUIKeywordMain.runKeyword(WebUIKeywordMain.groovy:26)
	at com.kms.katalon.core.webui.keyword.builtin.VerifyElementTextKeyword.verifyElementText(VerifyElementTextKeyword.groovy:72)
	at com.kms.katalon.core.webui.keyword.builtin.VerifyElementTextKeyword.execute(VerifyElementTextKeyword.groovy:40)
	at com.kms.katalon.core.keyword.internal.KeywordExecutor.executeKeywordForPlatform(KeywordExecutor.groovy:56)
	at com.kms.katalon.core.webui.keyword.WebUiBuiltInKeywords.verifyElementText(WebUiBuiltInKeywords.groovy:3663)
	at com.kms.katalon.core.webui.keyword.WebUiBuiltInKeywords$verifyElementText$5.call(Unknown Source)
	at micrositeRSVPValidUser.run(micrositeRSVPValidUser:120)
	at com.kms.katalon.core.main.ScriptEngine.run(ScriptEngine.java:194)
	at com.kms.katalon.core.main.ScriptEngine.runScriptAsRawText(ScriptEngine.java:119)
	at com.kms.katalon.core.main.TestCaseExecutor.runScript(TestCaseExecutor.java:342)
	at com.kms.katalon.core.main.TestCaseExecutor.doExecute(TestCaseExecutor.java:333)
	at com.kms.katalon.core.main.TestCaseExecutor.processExecutionPhase(TestCaseExecutor.java:312)
	at com.kms.katalon.core.main.TestCaseExecutor.accessMainPhase(TestCaseExecutor.java:304)
	at com.kms.katalon.core.main.TestCaseExecutor.execute(TestCaseExecutor.java:238)
	at com.kms.katalon.core.main.TestSuiteExecutor.accessTestCaseMainPhase(TestSuiteExecutor.java:129)
	at com.kms.katalon.core.main.TestSuiteExecutor.accessTestSuiteMainPhase(TestSuiteExecutor.java:112)
	at com.kms.katalon.core.main.TestSuiteExecutor.execute(TestSuiteExecutor.java:81)
	at com.kms.katalon.core.main.TestCaseMain.startTestSuite(TestCaseMain.java:157)
	at com.kms.katalon.core.main.TestCaseMain$startTestSuite$0.call(Unknown Source)
	at TempTestSuite1560150633733.run(TempTestSuite1560150633733.groovy:35)
Caused by: com.kms.katalon.core.exception.StepFailedException: com.kms.katalon.core.webui.exception.WebElementNotFoundException: Web element with id: 'Object Repository/virualShowRSVPOR/Page_Show microsite - Cabi Fall 2018 Collection/h2_We hope youll be able to attend.' located by 'By.xpath: //div[@id='page']/show-microsite/div/div/div[2]/div/div/div/app-rsvp-panel/div/h2' not found
	at com.kms.katalon.core.webui.keyword.internal.WebUIKeywordMain.stepFailed(WebUIKeywordMain.groovy:64)
	at com.kms.katalon.core.webui.keyword.builtin.VerifyElementTextKeyword$_verifyElementText_closure1.doCall(VerifyElementTextKeyword.groovy:64)
	at com.kms.katalon.core.webui.keyword.builtin.VerifyElementTextKeyword$_verifyElementText_closure1.call(VerifyElementTextKeyword.groovy)
	at com.kms.katalon.core.webui.keyword.internal.WebUIKeywordMain.runKeyword(WebUIKeywordMain.groovy:20)
	... 19 more


2019-06-10 12:40:38 - [TEST_STEP][PASSED] - Start listener action : sampleBeforeTestCase: null

2019-06-10 12:40:38 - [TEST_STEP][PASSED] - println(testCaseContext.getTestCaseId()): null

2019-06-10 12:40:38 - [TEST_STEP][PASSED] - println(testCaseContext.getTestCaseVariables()): null

2019-06-10 12:40:39 - [TEST_STEP][PASSED] - openBrowser(""): Browser is opened with url: ''

2019-06-10 12:40:39 - [MESSAGE][INFO] - Starting 'Chrome' driver

2019-06-10 12:40:39 - [MESSAGE][INFO] - Action delay is set to 0 seconds

2019-06-10 12:40:42 - [MESSAGE][PASSED] - Browser is opened with url: ''

2019-06-10 12:40:42 - [TEST_STEP][PASSED] - maximizeWindow(): Current window maximized

2019-06-10 12:40:44 - [MESSAGE][PASSED] - Current window maximized

2019-06-10 12:40:44 - [TEST_STEP][PASSED] - navigateToUrl(ofbizURL): Navigate to 'https://pushofbiz.cliotest.com/login.php' successfully

2019-06-10 12:40:45 - [MESSAGE][PASSED] - Navigate to 'https://pushofbiz.cliotest.com/login.php' successfully

2019-06-10 12:40:45 - [TEST_STEP][PASSED] - setText(findTestObject("Object Repository/virualShowRSVPOR/Page_/input_Username_username"), ofbizUser): Text 'sshinde' is set on object 'Object Repository/virualShowRSVPOR/Page_/input_Username_username'

2019-06-10 12:40:45 - [MESSAGE][PASSED] - Text 'sshinde' is set on object 'Object Repository/virualShowRSVPOR/Page_/input_Username_username'

2019-06-10 12:40:45 - [TEST_STEP][PASSED] - setText(findTestObject("Object Repository/virualShowRSVPOR/Page_/input_Password_password"), ofbizPass): Text 'C@bi$ush5' is set on object 'Object Repository/virualShowRSVPOR/Page_/input_Password_password'

2019-06-10 12:40:46 - [MESSAGE][PASSED] - Text 'C@bi$ush5' is set on object 'Object Repository/virualShowRSVPOR/Page_/input_Password_password'

2019-06-10 12:40:46 - [TEST_STEP][PASSED] - click(findTestObject("Object Repository/virualShowRSVPOR/Page_/input_Password_Submit")): Object: 'Object Repository/virualShowRSVPOR/Page_/input_Password_Submit' is clicked on

2019-06-10 12:40:49 - [MESSAGE][PASSED] - Object: 'Object Repository/virualShowRSVPOR/Page_/input_Password_Submit' is clicked on

2019-06-10 12:40:49 - [TEST_STEP][PASSED] - click(findTestObject("Object Repository/virualShowRSVPOR/Page_/a_Set Vhost")): Object: 'Object Repository/virualShowRSVPOR/Page_/a_Set Vhost' is clicked on

2019-06-10 12:40:49 - [MESSAGE][PASSED] - Object: 'Object Repository/virualShowRSVPOR/Page_/a_Set Vhost' is clicked on

2019-06-10 12:40:49 - [TEST_STEP][PASSED] - selectOptionByValue(findTestObject("Object Repository/virualShowRSVPOR/Page_/select_cabitestcabitest2cabitest3cabitest4cabitest5virtual_cabitest18virtual_cabitest19virtual_cabitest21virtual_cabitest6virtual_cabitest7virtual_cabitest8virtual_cabitest9"), "19", true): All options with value '19' are selected in object 'Object Repository/virualShowRSVPOR/Page_/select_cabitestcabitest2cabitest3cabitest4cabitest5virtual_cabitest18virtual_cabitest19virtual_cabitest21virtual_cabitest6virtual_cabitest7virtual_cabitest8virtual_cabitest9'  using regular expression

2019-06-10 12:40:50 - [MESSAGE][PASSED] - All options with value '19' are selected in object 'Object Repository/virualShowRSVPOR/Page_/select_cabitestcabitest2cabitest3cabitest4cabitest5virtual_cabitest18virtual_cabitest19virtual_cabitest21virtual_cabitest6virtual_cabitest7virtual_cabitest8virtual_cabitest9'  using regular expression

2019-06-10 12:40:50 - [TEST_STEP][PASSED] - click(findTestObject("Object Repository/virualShowRSVPOR/Page_/input")): Object: 'Object Repository/virualShowRSVPOR/Page_/input' is clicked on

2019-06-10 12:40:52 - [MESSAGE][PASSED] - Object: 'Object Repository/virualShowRSVPOR/Page_/input' is clicked on

2019-06-10 12:40:52 - [TEST_STEP][PASSED] - navigateToUrl("https://mirandakate.cabitest5.com/show-microsite/104595204/"): Navigate to 'https://mirandakate.cabitest5.com/show-microsite/104595204/' successfully

2019-06-10 12:41:14 - [MESSAGE][PASSED] - Navigate to 'https://mirandakate.cabitest5.com/show-microsite/104595204/' successfully

2019-06-10 12:41:14 - [TEST_STEP][PASSED] - delay(12): Delayed 12 second(s)

2019-06-10 12:41:26 - [MESSAGE][PASSED] - Delayed 12 second(s)

2019-06-10 12:41:26 - [TEST_STEP][PASSED] - verifyElementText(findTestObject("Object Repository/virualShowRSVPOR/Page_Show microsite - Cabi Fall 2018 Collection/h1_Youre invited"), "You're invited to Front Row"): Actual text and expected text of test object 'Object Repository/virualShowRSVPOR/Page_Show microsite - Cabi Fall 2018 Collection/h1_Youre invited' are matched.

2019-06-10 12:41:26 - [MESSAGE][PASSED] - Actual text and expected text of test object 'Object Repository/virualShowRSVPOR/Page_Show microsite - Cabi Fall 2018 Collection/h1_Youre invited' are matched.

2019-06-10 12:41:26 - [TEST_STEP][PASSED] - click(findTestObject("Object Repository/virualShowRSVPOR/Page_Show microsite - Cabi Fall 2018 Collection/button_Login to RSVP")): Object: 'Object Repository/virualShowRSVPOR/Page_Show microsite - Cabi Fall 2018 Collection/button_Login to RSVP' is clicked on

2019-06-10 12:41:27 - [MESSAGE][PASSED] - Object: 'Object Repository/virualShowRSVPOR/Page_Show microsite - Cabi Fall 2018 Collection/button_Login to RSVP' is clicked on

2019-06-10 12:41:27 - [TEST_STEP][PASSED] - setText(findTestObject("Object Repository/virualShowRSVPOR/Page_Show microsite - Cabi Fall 2018 Collection/input_Sign in  Create account_email"), guest1Mail): Text 'neoguest1ab@test.com' is set on object 'Object Repository/virualShowRSVPOR/Page_Show microsite - Cabi Fall 2018 Collection/input_Sign in  Create account_email'

2019-06-10 12:41:29 - [MESSAGE][PASSED] - Text 'neoguest1ab@test.com' is set on object 'Object Repository/virualShowRSVPOR/Page_Show microsite - Cabi Fall 2018 Collection/input_Sign in  Create account_email'

2019-06-10 12:41:29 - [TEST_STEP][PASSED] - click(findTestObject("Object Repository/virualShowRSVPOR/Page_Show microsite - Cabi Fall 2018 Collection/button_Continue")): Object: 'Object Repository/virualShowRSVPOR/Page_Show microsite - Cabi Fall 2018 Collection/button_Continue' is clicked on

2019-06-10 12:41:30 - [MESSAGE][PASSED] - Object: 'Object Repository/virualShowRSVPOR/Page_Show microsite - Cabi Fall 2018 Collection/button_Continue' is clicked on

2019-06-10 12:41:30 - [TEST_STEP][PASSED] - delay(5): Delayed 5 second(s)

2019-06-10 12:41:35 - [MESSAGE][PASSED] - Delayed 5 second(s)

2019-06-10 12:41:35 - [TEST_STEP][PASSED] - setText(findTestObject("Object Repository/virualShowRSVPOR/Page_Show microsite - Cabi Fall 2018 Collection/input_Welcome_password"), guest1Pass): Text 'blackdress19' is set on object 'Object Repository/virualShowRSVPOR/Page_Show microsite - Cabi Fall 2018 Collection/input_Welcome_password'

2019-06-10 12:41:35 - [MESSAGE][PASSED] - Text 'blackdress19' is set on object 'Object Repository/virualShowRSVPOR/Page_Show microsite - Cabi Fall 2018 Collection/input_Welcome_password'

2019-06-10 12:41:35 - [TEST_STEP][PASSED] - click(findTestObject("Object Repository/virualShowRSVPOR/Page_Show microsite - Cabi Fall 2018 Collection/button_Continue")): Object: 'Object Repository/virualShowRSVPOR/Page_Show microsite - Cabi Fall 2018 Collection/button_Continue' is clicked on

2019-06-10 12:41:35 - [MESSAGE][PASSED] - Object: 'Object Repository/virualShowRSVPOR/Page_Show microsite - Cabi Fall 2018 Collection/button_Continue' is clicked on

2019-06-10 12:41:35 - [TEST_STEP][PASSED] - delay(5): Delayed 5 second(s)

2019-06-10 12:41:40 - [MESSAGE][PASSED] - Delayed 5 second(s)

2019-06-10 12:41:40 - [TEST_STEP][PASSED] - if (verifyElementPresent(findTestObject("Object Repository/virualShowRSVPOR/Page_Show microsite - Cabi Fall 2018 Collection/complete_my_profile_later"), 0)): Object: 'Object Repository/virualShowRSVPOR/Page_Show microsite - Cabi Fall 2018 Collection/div_Ill complete my profile later' is clicked on

2019-06-10 12:41:40 - [MESSAGE][WARNING] - Timeout '0' is invalid. Using default page load timeout: '30'

2019-06-10 12:41:40 - [MESSAGE][PASSED] - Object 'Object Repository/virualShowRSVPOR/Page_Show microsite - Cabi Fall 2018 Collection/complete_my_profile_later' is present

2019-06-10 12:41:40 - [TEST_STEP][PASSED] - click(findTestObject("Object Repository/virualShowRSVPOR/Page_Show microsite - Cabi Fall 2018 Collection/div_Ill complete my profile later")): Object: 'Object Repository/virualShowRSVPOR/Page_Show microsite - Cabi Fall 2018 Collection/div_Ill complete my profile later' is clicked on

2019-06-10 12:41:49 - [MESSAGE][PASSED] - Object: 'Object Repository/virualShowRSVPOR/Page_Show microsite - Cabi Fall 2018 Collection/div_Ill complete my profile later' is clicked on

2019-06-10 12:41:49 - [TEST_STEP][PASSED] - listElement = findWebElements(findTestObject("Object Repository/virualShowRSVPOR/Page_Show microsite - Cabi Fall 2018 Collection/div_Update your RSVP"), 5): null

2019-06-10 12:41:50 - [TEST_STEP][PASSED] - if (empty): null

2019-06-10 12:41:50 - [TEST_STEP][PASSED] - else: null

2019-06-10 12:41:50 - [TEST_STEP][PASSED] - println("RSVP is updated previously"): null

2019-06-10 12:41:50 - [TEST_STEP][PASSED] - delay(5): Delayed 5 second(s)

2019-06-10 12:41:55 - [MESSAGE][PASSED] - Delayed 5 second(s)

2019-06-10 12:41:55 - [TEST_STEP][PASSED] - click(findTestObject("Object Repository/virualShowRSVPOR/Page_Show microsite - Cabi Fall 2018 Collection/div_Update your RSVP")): Object: 'Object Repository/virualShowRSVPOR/Page_Show microsite - Cabi Fall 2018 Collection/div_Update your RSVP' is clicked on

2019-06-10 12:41:55 - [MESSAGE][PASSED] - Object: 'Object Repository/virualShowRSVPOR/Page_Show microsite - Cabi Fall 2018 Collection/div_Update your RSVP' is clicked on

2019-06-10 12:41:55 - [TEST_STEP][PASSED] - delay(5): Delayed 5 second(s)

2019-06-10 12:42:00 - [MESSAGE][PASSED] - Delayed 5 second(s)

2019-06-10 12:42:00 - [TEST_STEP][PASSED] - click(findTestObject("Object Repository/virualShowRSVPOR/Page_Show microsite - Cabi Fall 2018 Collection/select_rsvp_maybe")): Object: 'Object Repository/virualShowRSVPOR/Page_Show microsite - Cabi Fall 2018 Collection/select_rsvp_maybe' is clicked on

2019-06-10 12:42:00 - [MESSAGE][PASSED] - Object: 'Object Repository/virualShowRSVPOR/Page_Show microsite - Cabi Fall 2018 Collection/select_rsvp_maybe' is clicked on

2019-06-10 12:42:00 - [TEST_STEP][PASSED] - click(findTestObject("Object Repository/virualShowRSVPOR/Page_Show microsite - Cabi Fall 2018 Collection/select_rsvp_no")): Object: 'Object Repository/virualShowRSVPOR/Page_Show microsite - Cabi Fall 2018 Collection/select_rsvp_no' is clicked on

2019-06-10 12:42:01 - [MESSAGE][PASSED] - Object: 'Object Repository/virualShowRSVPOR/Page_Show microsite - Cabi Fall 2018 Collection/select_rsvp_no' is clicked on

2019-06-10 12:42:01 - [TEST_STEP][PASSED] - click(findTestObject("Object Repository/virualShowRSVPOR/Page_Show microsite - Cabi Fall 2018 Collection/select_rsvp_maybe")): Object: 'Object Repository/virualShowRSVPOR/Page_Show microsite - Cabi Fall 2018 Collection/select_rsvp_maybe' is clicked on

2019-06-10 12:42:01 - [MESSAGE][PASSED] - Object: 'Object Repository/virualShowRSVPOR/Page_Show microsite - Cabi Fall 2018 Collection/select_rsvp_maybe' is clicked on

2019-06-10 12:42:01 - [TEST_STEP][PASSED] - click(findTestObject("Object Repository/virualShowRSVPOR/Page_Show microsite - Cabi Fall 2018 Collection/button_SEND")): Object: 'Object Repository/virualShowRSVPOR/Page_Show microsite - Cabi Fall 2018 Collection/button_SEND' is clicked on

2019-06-10 12:42:01 - [MESSAGE][PASSED] - Object: 'Object Repository/virualShowRSVPOR/Page_Show microsite - Cabi Fall 2018 Collection/button_SEND' is clicked on

2019-06-10 12:42:01 - [TEST_STEP][PASSED] - delay(5): Delayed 5 second(s)

2019-06-10 12:42:06 - [MESSAGE][PASSED] - Delayed 5 second(s)

2019-06-10 12:42:06 - [TEST_STEP][FAILED] - verifyElementText(findTestObject("Object Repository/virualShowRSVPOR/Page_Show microsite - Cabi Fall 2018 Collection/h2_We hope youll be able to attend."), "We hope you'll be able to attend."): verifyElementText(findTestObject("Object Repository/virualShowRSVPOR/Page_Show microsite - Cabi Fall 2018 Collection/h2_We hope youll be able to attend."), "We hope you'll be able to attend.") FAILED.
Reason:
com.kms.katalon.core.exception.StepFailedException: Verify element text of test object 'Object Repository/virualShowRSVPOR/Page_Show microsite - Cabi Fall 2018 Collection/h2_We hope youll be able to attend.' FAILED.
	at com.kms.katalon.core.webui.keyword.internal.WebUIKeywordMain.stepFailed(WebUIKeywordMain.groovy:64)
	at com.kms.katalon.core.webui.keyword.internal.WebUIKeywordMain.runKeyword(WebUIKeywordMain.groovy:26)
	at com.kms.katalon.core.webui.keyword.builtin.VerifyElementTextKeyword.verifyElementText(VerifyElementTextKeyword.groovy:72)
	at com.kms.katalon.core.webui.keyword.builtin.VerifyElementTextKeyword.execute(VerifyElementTextKeyword.groovy:40)
	at com.kms.katalon.core.keyword.internal.KeywordExecutor.executeKeywordForPlatform(KeywordExecutor.groovy:56)
	at com.kms.katalon.core.webui.keyword.WebUiBuiltInKeywords.verifyElementText(WebUiBuiltInKeywords.groovy:3663)
	at com.kms.katalon.core.webui.keyword.WebUiBuiltInKeywords$verifyElementText$5.call(Unknown Source)
	at micrositeRSVPValidUser.run(micrositeRSVPValidUser:120)
	at com.kms.katalon.core.main.ScriptEngine.run(ScriptEngine.java:194)
	at com.kms.katalon.core.main.ScriptEngine.runScriptAsRawText(ScriptEngine.java:119)
	at com.kms.katalon.core.main.TestCaseExecutor.runScript(TestCaseExecutor.java:342)
	at com.kms.katalon.core.main.TestCaseExecutor.doExecute(TestCaseExecutor.java:333)
	at com.kms.katalon.core.main.TestCaseExecutor.processExecutionPhase(TestCaseExecutor.java:312)
	at com.kms.katalon.core.main.TestCaseExecutor.accessMainPhase(TestCaseExecutor.java:304)
	at com.kms.katalon.core.main.TestCaseExecutor.execute(TestCaseExecutor.java:238)
	at com.kms.katalon.core.main.TestSuiteExecutor.accessTestCaseMainPhase(TestSuiteExecutor.java:129)
	at com.kms.katalon.core.main.TestSuiteExecutor.accessTestSuiteMainPhase(TestSuiteExecutor.java:112)
	at com.kms.katalon.core.main.TestSuiteExecutor.execute(TestSuiteExecutor.java:81)
	at com.kms.katalon.core.main.TestCaseMain.startTestSuite(TestCaseMain.java:157)
	at com.kms.katalon.core.main.TestCaseMain$startTestSuite$0.call(Unknown Source)
	at TempTestSuite1560150633733.run(TempTestSuite1560150633733.groovy:35)
Caused by: com.kms.katalon.core.exception.StepFailedException: com.kms.katalon.core.webui.exception.WebElementNotFoundException: Web element with id: 'Object Repository/virualShowRSVPOR/Page_Show microsite - Cabi Fall 2018 Collection/h2_We hope youll be able to attend.' located by 'By.xpath: //div[@id='page']/show-microsite/div/div/div[2]/div/div/div/app-rsvp-panel/div/h2' not found
	at com.kms.katalon.core.webui.keyword.internal.WebUIKeywordMain.stepFailed(WebUIKeywordMain.groovy:64)
	at com.kms.katalon.core.webui.keyword.builtin.VerifyElementTextKeyword$_verifyElementText_closure1.doCall(VerifyElementTextKeyword.groovy:64)
	at com.kms.katalon.core.webui.keyword.builtin.VerifyElementTextKeyword$_verifyElementText_closure1.call(VerifyElementTextKeyword.groovy)
	at com.kms.katalon.core.webui.keyword.internal.WebUIKeywordMain.runKeyword(WebUIKeywordMain.groovy:20)
	... 19 more


2019-06-10 12:42:36 - [MESSAGE][INFO] - Unable to find the element located by 'By.xpath: //div[@id='page']/show-microsite/div/div/div[2]/div/div/div/app-rsvp-panel/div/h2'. Please recheck the objects properties to make sure the desired element is located. 

2019-06-10 12:42:37 - [MESSAGE][FAILED] - com.kms.katalon.core.webui.exception.WebElementNotFoundException: Web element with id: 'Object Repository/virualShowRSVPOR/Page_Show microsite - Cabi Fall 2018 Collection/h2_We hope youll be able to attend.' located by 'By.xpath: //div[@id='page']/show-microsite/div/div/div[2]/div/div/div/app-rsvp-panel/div/h2' not found (Root cause: com.kms.katalon.core.exception.StepFailedException: com.kms.katalon.core.webui.exception.WebElementNotFoundException: Web element with id: 'Object Repository/virualShowRSVPOR/Page_Show microsite - Cabi Fall 2018 Collection/h2_We hope youll be able to attend.' located by 'By.xpath: //div[@id='page']/show-microsite/div/div/div[2]/div/div/div/app-rsvp-panel/div/h2' not found
	at com.kms.katalon.core.webui.keyword.internal.WebUIKeywordMain.stepFailed(WebUIKeywordMain.groovy:64)
	at com.kms.katalon.core.webui.keyword.builtin.VerifyElementTextKeyword$_verifyElementText_closure1.doCall(VerifyElementTextKeyword.groovy:64)
	at com.kms.katalon.core.webui.keyword.builtin.VerifyElementTextKeyword$_verifyElementText_closure1.call(VerifyElementTextKeyword.groovy)
	at com.kms.katalon.core.webui.keyword.internal.WebUIKeywordMain.runKeyword(WebUIKeywordMain.groovy:20)
	at com.kms.katalon.core.webui.keyword.builtin.VerifyElementTextKeyword.verifyElementText(VerifyElementTextKeyword.groovy:72)
	at com.kms.katalon.core.webui.keyword.builtin.VerifyElementTextKeyword.execute(VerifyElementTextKeyword.groovy:40)
	at com.kms.katalon.core.keyword.internal.KeywordExecutor.executeKeywordForPlatform(KeywordExecutor.groovy:56)
	at com.kms.katalon.core.webui.keyword.WebUiBuiltInKeywords.verifyElementText(WebUiBuiltInKeywords.groovy:3663)
	at com.kms.katalon.core.webui.keyword.WebUiBuiltInKeywords$verifyElementText$5.call(Unknown Source)
	at micrositeRSVPValidUser.run(micrositeRSVPValidUser:120)
	at com.kms.katalon.core.main.ScriptEngine.run(ScriptEngine.java:194)
	at com.kms.katalon.core.main.ScriptEngine.runScriptAsRawText(ScriptEngine.java:119)
	at com.kms.katalon.core.main.TestCaseExecutor.runScript(TestCaseExecutor.java:342)
	at com.kms.katalon.core.main.TestCaseExecutor.doExecute(TestCaseExecutor.java:333)
	at com.kms.katalon.core.main.TestCaseExecutor.processExecutionPhase(TestCaseExecutor.java:312)
	at com.kms.katalon.core.main.TestCaseExecutor.accessMainPhase(TestCaseExecutor.java:304)
	at com.kms.katalon.core.main.TestCaseExecutor.execute(TestCaseExecutor.java:238)
	at com.kms.katalon.core.main.TestSuiteExecutor.accessTestCaseMainPhase(TestSuiteExecutor.java:129)
	at com.kms.katalon.core.main.TestSuiteExecutor.accessTestSuiteMainPhase(TestSuiteExecutor.java:112)
	at com.kms.katalon.core.main.TestSuiteExecutor.execute(TestSuiteExecutor.java:81)
	at com.kms.katalon.core.main.TestCaseMain.startTestSuite(TestCaseMain.java:157)
	at com.kms.katalon.core.main.TestCaseMain$startTestSuite$0.call(Unknown Source)
	at TempTestSuite1560150633733.run(TempTestSuite1560150633733.groovy:35)
)
[[ATTACHMENT|C:\\Users\\user\\Documents\\testautomation\\NewArrivals\\Reports\\VirtualShowRSVPSuites\\MicrositeTestSuite\\20190610_124033\\1560150756997.png]]

2019-06-10 12:42:37 - [MESSAGE][FAILED] - Verify element text of test object 'Object Repository/virualShowRSVPOR/Page_Show microsite - Cabi Fall 2018 Collection/h2_We hope youll be able to attend.' FAILED. (Root cause: com.kms.katalon.core.exception.StepFailedException: Verify element text of test object 'Object Repository/virualShowRSVPOR/Page_Show microsite - Cabi Fall 2018 Collection/h2_We hope youll be able to attend.' FAILED.
	at com.kms.katalon.core.webui.keyword.internal.WebUIKeywordMain.stepFailed(WebUIKeywordMain.groovy:64)
	at com.kms.katalon.core.webui.keyword.internal.WebUIKeywordMain.runKeyword(WebUIKeywordMain.groovy:26)
	at com.kms.katalon.core.webui.keyword.builtin.VerifyElementTextKeyword.verifyElementText(VerifyElementTextKeyword.groovy:72)
	at com.kms.katalon.core.webui.keyword.builtin.VerifyElementTextKeyword.execute(VerifyElementTextKeyword.groovy:40)
	at com.kms.katalon.core.keyword.internal.KeywordExecutor.executeKeywordForPlatform(KeywordExecutor.groovy:56)
	at com.kms.katalon.core.webui.keyword.WebUiBuiltInKeywords.verifyElementText(WebUiBuiltInKeywords.groovy:3663)
	at com.kms.katalon.core.webui.keyword.WebUiBuiltInKeywords$verifyElementText$5.call(Unknown Source)
	at micrositeRSVPValidUser.run(micrositeRSVPValidUser:120)
	at com.kms.katalon.core.main.ScriptEngine.run(ScriptEngine.java:194)
	at com.kms.katalon.core.main.ScriptEngine.runScriptAsRawText(ScriptEngine.java:119)
	at com.kms.katalon.core.main.TestCaseExecutor.runScript(TestCaseExecutor.java:342)
	at com.kms.katalon.core.main.TestCaseExecutor.doExecute(TestCaseExecutor.java:333)
	at com.kms.katalon.core.main.TestCaseExecutor.processExecutionPhase(TestCaseExecutor.java:312)
	at com.kms.katalon.core.main.TestCaseExecutor.accessMainPhase(TestCaseExecutor.java:304)
	at com.kms.katalon.core.main.TestCaseExecutor.execute(TestCaseExecutor.java:238)
	at com.kms.katalon.core.main.TestSuiteExecutor.accessTestCaseMainPhase(TestSuiteExecutor.java:129)
	at com.kms.katalon.core.main.TestSuiteExecutor.accessTestSuiteMainPhase(TestSuiteExecutor.java:112)
	at com.kms.katalon.core.main.TestSuiteExecutor.execute(TestSuiteExecutor.java:81)
	at com.kms.katalon.core.main.TestCaseMain.startTestSuite(TestCaseMain.java:157)
	at com.kms.katalon.core.main.TestCaseMain$startTestSuite$0.call(Unknown Source)
	at TempTestSuite1560150633733.run(TempTestSuite1560150633733.groovy:35)
Caused by: com.kms.katalon.core.exception.StepFailedException: com.kms.katalon.core.webui.exception.WebElementNotFoundException: Web element with id: 'Object Repository/virualShowRSVPOR/Page_Show microsite - Cabi Fall 2018 Collection/h2_We hope youll be able to attend.' located by 'By.xpath: //div[@id='page']/show-microsite/div/div/div[2]/div/div/div/app-rsvp-panel/div/h2' not found
	at com.kms.katalon.core.webui.keyword.internal.WebUIKeywordMain.stepFailed(WebUIKeywordMain.groovy:64)
	at com.kms.katalon.core.webui.keyword.builtin.VerifyElementTextKeyword$_verifyElementText_closure1.doCall(VerifyElementTextKeyword.groovy:64)
	at com.kms.katalon.core.webui.keyword.builtin.VerifyElementTextKeyword$_verifyElementText_closure1.call(VerifyElementTextKeyword.groovy)
	at com.kms.katalon.core.webui.keyword.internal.WebUIKeywordMain.runKeyword(WebUIKeywordMain.groovy:20)
	... 19 more
)
[[ATTACHMENT|C:\\Users\\user\\Documents\\testautomation\\NewArrivals\\Reports\\VirtualShowRSVPSuites\\MicrositeTestSuite\\20190610_124033\\1560150757359.png]]

2019-06-10 12:42:37 - [MESSAGE][FAILED] - verifyElementText(findTestObject("Object Repository/virualShowRSVPOR/Page_Show microsite - Cabi Fall 2018 Collection/h2_We hope youll be able to attend."), "We hope you'll be able to attend.") FAILED.
Reason:
com.kms.katalon.core.exception.StepFailedException: Verify element text of test object 'Object Repository/virualShowRSVPOR/Page_Show microsite - Cabi Fall 2018 Collection/h2_We hope youll be able to attend.' FAILED.
	at com.kms.katalon.core.webui.keyword.internal.WebUIKeywordMain.stepFailed(WebUIKeywordMain.groovy:64)
	at com.kms.katalon.core.webui.keyword.internal.WebUIKeywordMain.runKeyword(WebUIKeywordMain.groovy:26)
	at com.kms.katalon.core.webui.keyword.builtin.VerifyElementTextKeyword.verifyElementText(VerifyElementTextKeyword.groovy:72)
	at com.kms.katalon.core.webui.keyword.builtin.VerifyElementTextKeyword.execute(VerifyElementTextKeyword.groovy:40)
	at com.kms.katalon.core.keyword.internal.KeywordExecutor.executeKeywordForPlatform(KeywordExecutor.groovy:56)
	at com.kms.katalon.core.webui.keyword.WebUiBuiltInKeywords.verifyElementText(WebUiBuiltInKeywords.groovy:3663)
	at com.kms.katalon.core.webui.keyword.WebUiBuiltInKeywords$verifyElementText$5.call(Unknown Source)
	at micrositeRSVPValidUser.run(micrositeRSVPValidUser:120)
	at com.kms.katalon.core.main.ScriptEngine.run(ScriptEngine.java:194)
	at com.kms.katalon.core.main.ScriptEngine.runScriptAsRawText(ScriptEngine.java:119)
	at com.kms.katalon.core.main.TestCaseExecutor.runScript(TestCaseExecutor.java:342)
	at com.kms.katalon.core.main.TestCaseExecutor.doExecute(TestCaseExecutor.java:333)
	at com.kms.katalon.core.main.TestCaseExecutor.processExecutionPhase(TestCaseExecutor.java:312)
	at com.kms.katalon.core.main.TestCaseExecutor.accessMainPhase(TestCaseExecutor.java:304)
	at com.kms.katalon.core.main.TestCaseExecutor.execute(TestCaseExecutor.java:238)
	at com.kms.katalon.core.main.TestSuiteExecutor.accessTestCaseMainPhase(TestSuiteExecutor.java:129)
	at com.kms.katalon.core.main.TestSuiteExecutor.accessTestSuiteMainPhase(TestSuiteExecutor.java:112)
	at com.kms.katalon.core.main.TestSuiteExecutor.execute(TestSuiteExecutor.java:81)
	at com.kms.katalon.core.main.TestCaseMain.startTestSuite(TestCaseMain.java:157)
	at com.kms.katalon.core.main.TestCaseMain$startTestSuite$0.call(Unknown Source)
	at TempTestSuite1560150633733.run(TempTestSuite1560150633733.groovy:35)
Caused by: com.kms.katalon.core.exception.StepFailedException: com.kms.katalon.core.webui.exception.WebElementNotFoundException: Web element with id: 'Object Repository/virualShowRSVPOR/Page_Show microsite - Cabi Fall 2018 Collection/h2_We hope youll be able to attend.' located by 'By.xpath: //div[@id='page']/show-microsite/div/div/div[2]/div/div/div/app-rsvp-panel/div/h2' not found
	at com.kms.katalon.core.webui.keyword.internal.WebUIKeywordMain.stepFailed(WebUIKeywordMain.groovy:64)
	at com.kms.katalon.core.webui.keyword.builtin.VerifyElementTextKeyword$_verifyElementText_closure1.doCall(VerifyElementTextKeyword.groovy:64)
	at com.kms.katalon.core.webui.keyword.builtin.VerifyElementTextKeyword$_verifyElementText_closure1.call(VerifyElementTextKeyword.groovy)
	at com.kms.katalon.core.webui.keyword.internal.WebUIKeywordMain.runKeyword(WebUIKeywordMain.groovy:20)
	... 19 more]]></system-out>
         <system-err><![CDATA[2019-06-10 12:40:37 - [TEST_CASE][FAILED] - Test Cases/virtualShowRSVP/micrositeRSVPValidUser: Test Cases/virtualShowRSVP/micrositeRSVPValidUser FAILED.
Reason:
com.kms.katalon.core.exception.StepFailedException: Verify element text of test object 'Object Repository/virualShowRSVPOR/Page_Show microsite - Cabi Fall 2018 Collection/h2_We hope youll be able to attend.' FAILED.
	at com.kms.katalon.core.webui.keyword.internal.WebUIKeywordMain.stepFailed(WebUIKeywordMain.groovy:64)
	at com.kms.katalon.core.webui.keyword.internal.WebUIKeywordMain.runKeyword(WebUIKeywordMain.groovy:26)
	at com.kms.katalon.core.webui.keyword.builtin.VerifyElementTextKeyword.verifyElementText(VerifyElementTextKeyword.groovy:72)
	at com.kms.katalon.core.webui.keyword.builtin.VerifyElementTextKeyword.execute(VerifyElementTextKeyword.groovy:40)
	at com.kms.katalon.core.keyword.internal.KeywordExecutor.executeKeywordForPlatform(KeywordExecutor.groovy:56)
	at com.kms.katalon.core.webui.keyword.WebUiBuiltInKeywords.verifyElementText(WebUiBuiltInKeywords.groovy:3663)
	at com.kms.katalon.core.webui.keyword.WebUiBuiltInKeywords$verifyElementText$5.call(Unknown Source)
	at micrositeRSVPValidUser.run(micrositeRSVPValidUser:120)
	at com.kms.katalon.core.main.ScriptEngine.run(ScriptEngine.java:194)
	at com.kms.katalon.core.main.ScriptEngine.runScriptAsRawText(ScriptEngine.java:119)
	at com.kms.katalon.core.main.TestCaseExecutor.runScript(TestCaseExecutor.java:342)
	at com.kms.katalon.core.main.TestCaseExecutor.doExecute(TestCaseExecutor.java:333)
	at com.kms.katalon.core.main.TestCaseExecutor.processExecutionPhase(TestCaseExecutor.java:312)
	at com.kms.katalon.core.main.TestCaseExecutor.accessMainPhase(TestCaseExecutor.java:304)
	at com.kms.katalon.core.main.TestCaseExecutor.execute(TestCaseExecutor.java:238)
	at com.kms.katalon.core.main.TestSuiteExecutor.accessTestCaseMainPhase(TestSuiteExecutor.java:129)
	at com.kms.katalon.core.main.TestSuiteExecutor.accessTestSuiteMainPhase(TestSuiteExecutor.java:112)
	at com.kms.katalon.core.main.TestSuiteExecutor.execute(TestSuiteExecutor.java:81)
	at com.kms.katalon.core.main.TestCaseMain.startTestSuite(TestCaseMain.java:157)
	at com.kms.katalon.core.main.TestCaseMain$startTestSuite$0.call(Unknown Source)
	at TempTestSuite1560150633733.run(TempTestSuite1560150633733.groovy:35)
Caused by: com.kms.katalon.core.exception.StepFailedException: com.kms.katalon.core.webui.exception.WebElementNotFoundException: Web element with id: 'Object Repository/virualShowRSVPOR/Page_Show microsite - Cabi Fall 2018 Collection/h2_We hope youll be able to attend.' located by 'By.xpath: //div[@id='page']/show-microsite/div/div/div[2]/div/div/div/app-rsvp-panel/div/h2' not found
	at com.kms.katalon.core.webui.keyword.internal.WebUIKeywordMain.stepFailed(WebUIKeywordMain.groovy:64)
	at com.kms.katalon.core.webui.keyword.builtin.VerifyElementTextKeyword$_verifyElementText_closure1.doCall(VerifyElementTextKeyword.groovy:64)
	at com.kms.katalon.core.webui.keyword.builtin.VerifyElementTextKeyword$_verifyElementText_closure1.call(VerifyElementTextKeyword.groovy)
	at com.kms.katalon.core.webui.keyword.internal.WebUIKeywordMain.runKeyword(WebUIKeywordMain.groovy:20)
	... 19 more]]></system-err>
      </testcase>
      <system-out><![CDATA[2019-06-10 12:40:37 - [TEST_SUITE][FAILED] - MicrositeTestSuite: Test Cases/virtualShowRSVP/micrositeRSVPValidUser FAILED.
Reason:
com.kms.katalon.core.exception.StepFailedException: Verify element text of test object 'Object Repository/virualShowRSVPOR/Page_Show microsite - Cabi Fall 2018 Collection/h2_We hope youll be able to attend.' FAILED.
	at com.kms.katalon.core.webui.keyword.internal.WebUIKeywordMain.stepFailed(WebUIKeywordMain.groovy:64)
	at com.kms.katalon.core.webui.keyword.internal.WebUIKeywordMain.runKeyword(WebUIKeywordMain.groovy:26)
	at com.kms.katalon.core.webui.keyword.builtin.VerifyElementTextKeyword.verifyElementText(VerifyElementTextKeyword.groovy:72)
	at com.kms.katalon.core.webui.keyword.builtin.VerifyElementTextKeyword.execute(VerifyElementTextKeyword.groovy:40)
	at com.kms.katalon.core.keyword.internal.KeywordExecutor.executeKeywordForPlatform(KeywordExecutor.groovy:56)
	at com.kms.katalon.core.webui.keyword.WebUiBuiltInKeywords.verifyElementText(WebUiBuiltInKeywords.groovy:3663)
	at com.kms.katalon.core.webui.keyword.WebUiBuiltInKeywords$verifyElementText$5.call(Unknown Source)
	at micrositeRSVPValidUser.run(micrositeRSVPValidUser:120)
	at com.kms.katalon.core.main.ScriptEngine.run(ScriptEngine.java:194)
	at com.kms.katalon.core.main.ScriptEngine.runScriptAsRawText(ScriptEngine.java:119)
	at com.kms.katalon.core.main.TestCaseExecutor.runScript(TestCaseExecutor.java:342)
	at com.kms.katalon.core.main.TestCaseExecutor.doExecute(TestCaseExecutor.java:333)
	at com.kms.katalon.core.main.TestCaseExecutor.processExecutionPhase(TestCaseExecutor.java:312)
	at com.kms.katalon.core.main.TestCaseExecutor.accessMainPhase(TestCaseExecutor.java:304)
	at com.kms.katalon.core.main.TestCaseExecutor.execute(TestCaseExecutor.java:238)
	at com.kms.katalon.core.main.TestSuiteExecutor.accessTestCaseMainPhase(TestSuiteExecutor.java:129)
	at com.kms.katalon.core.main.TestSuiteExecutor.accessTestSuiteMainPhase(TestSuiteExecutor.java:112)
	at com.kms.katalon.core.main.TestSuiteExecutor.execute(TestSuiteExecutor.java:81)
	at com.kms.katalon.core.main.TestCaseMain.startTestSuite(TestCaseMain.java:157)
	at com.kms.katalon.core.main.TestCaseMain$startTestSuite$0.call(Unknown Source)
	at TempTestSuite1560150633733.run(TempTestSuite1560150633733.groovy:35)
Caused by: com.kms.katalon.core.exception.StepFailedException: com.kms.katalon.core.webui.exception.WebElementNotFoundException: Web element with id: 'Object Repository/virualShowRSVPOR/Page_Show microsite - Cabi Fall 2018 Collection/h2_We hope youll be able to attend.' located by 'By.xpath: //div[@id='page']/show-microsite/div/div/div[2]/div/div/div/app-rsvp-panel/div/h2' not found
	at com.kms.katalon.core.webui.keyword.internal.WebUIKeywordMain.stepFailed(WebUIKeywordMain.groovy:64)
	at com.kms.katalon.core.webui.keyword.builtin.VerifyElementTextKeyword$_verifyElementText_closure1.doCall(VerifyElementTextKeyword.groovy:64)
	at com.kms.katalon.core.webui.keyword.builtin.VerifyElementTextKeyword$_verifyElementText_closure1.call(VerifyElementTextKeyword.groovy)
	at com.kms.katalon.core.webui.keyword.internal.WebUIKeywordMain.runKeyword(WebUIKeywordMain.groovy:20)
	... 19 more]]></system-out>
      <system-err><![CDATA[2019-06-10 12:40:37 - [TEST_SUITE][FAILED] - MicrositeTestSuite: Test Cases/virtualShowRSVP/micrositeRSVPValidUser FAILED.
Reason:
com.kms.katalon.core.exception.StepFailedException: Verify element text of test object 'Object Repository/virualShowRSVPOR/Page_Show microsite - Cabi Fall 2018 Collection/h2_We hope youll be able to attend.' FAILED.
	at com.kms.katalon.core.webui.keyword.internal.WebUIKeywordMain.stepFailed(WebUIKeywordMain.groovy:64)
	at com.kms.katalon.core.webui.keyword.internal.WebUIKeywordMain.runKeyword(WebUIKeywordMain.groovy:26)
	at com.kms.katalon.core.webui.keyword.builtin.VerifyElementTextKeyword.verifyElementText(VerifyElementTextKeyword.groovy:72)
	at com.kms.katalon.core.webui.keyword.builtin.VerifyElementTextKeyword.execute(VerifyElementTextKeyword.groovy:40)
	at com.kms.katalon.core.keyword.internal.KeywordExecutor.executeKeywordForPlatform(KeywordExecutor.groovy:56)
	at com.kms.katalon.core.webui.keyword.WebUiBuiltInKeywords.verifyElementText(WebUiBuiltInKeywords.groovy:3663)
	at com.kms.katalon.core.webui.keyword.WebUiBuiltInKeywords$verifyElementText$5.call(Unknown Source)
	at micrositeRSVPValidUser.run(micrositeRSVPValidUser:120)
	at com.kms.katalon.core.main.ScriptEngine.run(ScriptEngine.java:194)
	at com.kms.katalon.core.main.ScriptEngine.runScriptAsRawText(ScriptEngine.java:119)
	at com.kms.katalon.core.main.TestCaseExecutor.runScript(TestCaseExecutor.java:342)
	at com.kms.katalon.core.main.TestCaseExecutor.doExecute(TestCaseExecutor.java:333)
	at com.kms.katalon.core.main.TestCaseExecutor.processExecutionPhase(TestCaseExecutor.java:312)
	at com.kms.katalon.core.main.TestCaseExecutor.accessMainPhase(TestCaseExecutor.java:304)
	at com.kms.katalon.core.main.TestCaseExecutor.execute(TestCaseExecutor.java:238)
	at com.kms.katalon.core.main.TestSuiteExecutor.accessTestCaseMainPhase(TestSuiteExecutor.java:129)
	at com.kms.katalon.core.main.TestSuiteExecutor.accessTestSuiteMainPhase(TestSuiteExecutor.java:112)
	at com.kms.katalon.core.main.TestSuiteExecutor.execute(TestSuiteExecutor.java:81)
	at com.kms.katalon.core.main.TestCaseMain.startTestSuite(TestCaseMain.java:157)
	at com.kms.katalon.core.main.TestCaseMain$startTestSuite$0.call(Unknown Source)
	at TempTestSuite1560150633733.run(TempTestSuite1560150633733.groovy:35)
Caused by: com.kms.katalon.core.exception.StepFailedException: com.kms.katalon.core.webui.exception.WebElementNotFoundException: Web element with id: 'Object Repository/virualShowRSVPOR/Page_Show microsite - Cabi Fall 2018 Collection/h2_We hope youll be able to attend.' located by 'By.xpath: //div[@id='page']/show-microsite/div/div/div[2]/div/div/div/app-rsvp-panel/div/h2' not found
	at com.kms.katalon.core.webui.keyword.internal.WebUIKeywordMain.stepFailed(WebUIKeywordMain.groovy:64)
	at com.kms.katalon.core.webui.keyword.builtin.VerifyElementTextKeyword$_verifyElementText_closure1.doCall(VerifyElementTextKeyword.groovy:64)
	at com.kms.katalon.core.webui.keyword.builtin.VerifyElementTextKeyword$_verifyElementText_closure1.call(VerifyElementTextKeyword.groovy)
	at com.kms.katalon.core.webui.keyword.internal.WebUIKeywordMain.runKeyword(WebUIKeywordMain.groovy:20)
	... 19 more]]></system-err>
   </testsuite>
</testsuites>
