<?xml version="1.0" encoding="UTF-8"?>
<testsuites name="NewArrivalsSuite" time="170" tests="0" failures="1" errors="0">
   <testsuite name="NewArrivalsSuite" tests="0" failures="1" errors="0" time="170" timestamp="2019-09-27 18:14:16" hostname="user - 10.0.102.244" id="Test Suites/NewArrivalsSuites/NewArrivalsSuite">
      <properties>
         <property name="deviceName" value=""/>
         <property name="devicePlatform" value=""/>
         <property name="logFolder" value="C:\\Users\\user\\Documents\\testautomation\\KatalonProjects\\Reports\\NewArrivalsSuites\\NewArrivalsSuite\\20190927_181412"/>
         <property name="logFiles" value="C:\\Users\\user\\Documents\\testautomation\\KatalonProjects\\Reports\\NewArrivalsSuites\\NewArrivalsSuite\\20190927_181412\\execution0.log"/>
         <property name="attachments" value=""/>
         <property name="hostName" value="user - 10.0.102.244"/>
         <property name="os" value="Windows 8.1 64bit"/>
         <property name="katalonVersion" value="6.1.1.1"/>
         <property name="browser" value="Chrome 77.0.3865.90"/>
         <property name="hostAddress" value="10.0.102.244"/>
         <property name="sessionId" value="11cde56dbd32e0a8733dc92759e55d92"/>
         <property name="seleniumVersion" value="3.7.1"/>
         <property name="proxyInformation" value="ProxyInformation{proxyOption=NO_PROXY, proxyServerType=HTTP, password=, proxyServerAddress=, proxyServerPort=0}"/>
         <property name="platform" value="Windows 8.1"/>
      </properties>
      <testcase name="Test Cases/NewArrival/productWatchlist" classname="Test Cases/NewArrival/productWatchlist" status="FAILED">
         <failure type="FAILED" message="Test Cases/NewArrival/productWatchlist FAILED.
Reason:
Assertion failed: 

assert UtilityMethods.listEquals(expectedList, actualList) == true
                      |          |             |           |
                      false      |             |           false
                                 |             [3843
                                 |             Dressed-Up Shrug Black, 3846
                                 |             Windchill Wrap Winter Stripe, 3850
                                 |             Holiday Blazer Holiday Plaid, 3857
                                 |             M'Leggings Deep Forest, 3861
                                 |             Victoria Blouse Flourish Print, 3863
                                 |             Purr Blouse Emerald Skin Print, 3864
                                 |             Snap Blouse White, 3865
                                 |             Going Out Top Party Plaid, 3869
                                 |             Cozy Cowl Midnight And Black, 3870
                                 |             Fireside Hoodie Deep Forest, 3871
                                 |             Snap Cowl Storm, 3875
                                 |             Decked Out Dress Twinkle Print]
                                 [3875
                                 Decked Out Dress Twinkle Print, 3869
                                 Cozy Cowl Midnight and Black, 3870
                                 Fireside Hoodie Deep Forest, 3871
                                 Snap Cowl Storm, 3857
                                 M'Leggings Deep Forest, 3864
                                 Snap Blouse White, 3865
                                 Going Out Top Party Plaid, 3843
                                 Dressed-Up Shrug Black, 3846
                                 Windchill Wrap Winter Stripe, 3861
                                 Victoria Blouse Flourish Print, 3863
                                 Purr Blouse Emerald Skin Print, 3850
                                 Holiday Blazer Holiday Plaid]

	at productWatchlist.run(productWatchlist:77)
	at com.kms.katalon.core.main.ScriptEngine.run(ScriptEngine.java:194)
	at com.kms.katalon.core.main.ScriptEngine.runScriptAsRawText(ScriptEngine.java:119)
	at com.kms.katalon.core.main.TestCaseExecutor.runScript(TestCaseExecutor.java:342)
	at com.kms.katalon.core.main.TestCaseExecutor.doExecute(TestCaseExecutor.java:333)
	at com.kms.katalon.core.main.TestCaseExecutor.processExecutionPhase(TestCaseExecutor.java:312)
	at com.kms.katalon.core.main.TestCaseExecutor.accessMainPhase(TestCaseExecutor.java:304)
	at com.kms.katalon.core.main.TestCaseExecutor.execute(TestCaseExecutor.java:238)
	at com.kms.katalon.core.main.TestSuiteExecutor.accessTestCaseMainPhase(TestSuiteExecutor.java:129)
	at com.kms.katalon.core.main.TestSuiteExecutor.accessTestSuiteMainPhase(TestSuiteExecutor.java:112)
	at com.kms.katalon.core.main.TestSuiteExecutor.execute(TestSuiteExecutor.java:81)
	at com.kms.katalon.core.main.TestCaseMain.startTestSuite(TestCaseMain.java:157)
	at com.kms.katalon.core.main.TestCaseMain$startTestSuite$0.call(Unknown Source)
	at TempTestSuite1569588252480.run(TempTestSuite1569588252480.groovy:35)
"/>
         <system-out><![CDATA[2019-09-27 18:14:16 - [TEST_CASE][FAILED] - Test Cases/NewArrival/productWatchlist: Test Cases/NewArrival/productWatchlist FAILED.
Reason:
Assertion failed: 

assert UtilityMethods.listEquals(expectedList, actualList) == true
                      |          |             |           |
                      false      |             |           false
                                 |             [3843
                                 |             Dressed-Up Shrug Black, 3846
                                 |             Windchill Wrap Winter Stripe, 3850
                                 |             Holiday Blazer Holiday Plaid, 3857
                                 |             M'Leggings Deep Forest, 3861
                                 |             Victoria Blouse Flourish Print, 3863
                                 |             Purr Blouse Emerald Skin Print, 3864
                                 |             Snap Blouse White, 3865
                                 |             Going Out Top Party Plaid, 3869
                                 |             Cozy Cowl Midnight And Black, 3870
                                 |             Fireside Hoodie Deep Forest, 3871
                                 |             Snap Cowl Storm, 3875
                                 |             Decked Out Dress Twinkle Print]
                                 [3875
                                 Decked Out Dress Twinkle Print, 3869
                                 Cozy Cowl Midnight and Black, 3870
                                 Fireside Hoodie Deep Forest, 3871
                                 Snap Cowl Storm, 3857
                                 M'Leggings Deep Forest, 3864
                                 Snap Blouse White, 3865
                                 Going Out Top Party Plaid, 3843
                                 Dressed-Up Shrug Black, 3846
                                 Windchill Wrap Winter Stripe, 3861
                                 Victoria Blouse Flourish Print, 3863
                                 Purr Blouse Emerald Skin Print, 3850
                                 Holiday Blazer Holiday Plaid]

	at productWatchlist.run(productWatchlist:77)
	at com.kms.katalon.core.main.ScriptEngine.run(ScriptEngine.java:194)
	at com.kms.katalon.core.main.ScriptEngine.runScriptAsRawText(ScriptEngine.java:119)
	at com.kms.katalon.core.main.TestCaseExecutor.runScript(TestCaseExecutor.java:342)
	at com.kms.katalon.core.main.TestCaseExecutor.doExecute(TestCaseExecutor.java:333)
	at com.kms.katalon.core.main.TestCaseExecutor.processExecutionPhase(TestCaseExecutor.java:312)
	at com.kms.katalon.core.main.TestCaseExecutor.accessMainPhase(TestCaseExecutor.java:304)
	at com.kms.katalon.core.main.TestCaseExecutor.execute(TestCaseExecutor.java:238)
	at com.kms.katalon.core.main.TestSuiteExecutor.accessTestCaseMainPhase(TestSuiteExecutor.java:129)
	at com.kms.katalon.core.main.TestSuiteExecutor.accessTestSuiteMainPhase(TestSuiteExecutor.java:112)
	at com.kms.katalon.core.main.TestSuiteExecutor.execute(TestSuiteExecutor.java:81)
	at com.kms.katalon.core.main.TestCaseMain.startTestSuite(TestCaseMain.java:157)
	at com.kms.katalon.core.main.TestCaseMain$startTestSuite$0.call(Unknown Source)
	at TempTestSuite1569588252480.run(TempTestSuite1569588252480.groovy:35)


2019-09-27 18:14:16 - [TEST_STEP][PASSED] - Start listener action : sampleBeforeTestCase: null

2019-09-27 18:14:16 - [TEST_STEP][PASSED] - println(testCaseContext.getTestCaseId()): null

2019-09-27 18:14:16 - [TEST_STEP][PASSED] - println(testCaseContext.getTestCaseVariables()): null

2019-09-27 18:14:17 - [TEST_STEP][PASSED] - openBrowser(""): Browser is opened with url: ''

2019-09-27 18:14:17 - [MESSAGE][INFO] - Starting 'Chrome' driver

2019-09-27 18:14:17 - [MESSAGE][INFO] - User set preference: ['args', '[--use-fake-ui-for-media-stream, --start-maximized]']

2019-09-27 18:14:17 - [MESSAGE][INFO] - Action delay is set to 0 seconds

2019-09-27 18:14:21 - [MESSAGE][PASSED] - Browser is opened with url: ''

2019-09-27 18:14:21 - [TEST_STEP][FAILED] - for ([timeRow = 1, timeRow <= findTestData("timezoneData").getRowNumbers(), (timeRow++)]): for ([timeRow = 1, timeRow <= findTestData("timezoneData").getRowNumbers(), (timeRow++)]) FAILED.
Reason:
Assertion failed: 

assert UtilityMethods.listEquals(expectedList, actualList) == true
                      |          |             |           |
                      false      |             |           false
                                 |             [3843
                                 |             Dressed-Up Shrug Black, 3846
                                 |             Windchill Wrap Winter Stripe, 3850
                                 |             Holiday Blazer Holiday Plaid, 3857
                                 |             M'Leggings Deep Forest, 3861
                                 |             Victoria Blouse Flourish Print, 3863
                                 |             Purr Blouse Emerald Skin Print, 3864
                                 |             Snap Blouse White, 3865
                                 |             Going Out Top Party Plaid, 3869
                                 |             Cozy Cowl Midnight And Black, 3870
                                 |             Fireside Hoodie Deep Forest, 3871
                                 |             Snap Cowl Storm, 3875
                                 |             Decked Out Dress Twinkle Print]
                                 [3875
                                 Decked Out Dress Twinkle Print, 3869
                                 Cozy Cowl Midnight and Black, 3870
                                 Fireside Hoodie Deep Forest, 3871
                                 Snap Cowl Storm, 3857
                                 M'Leggings Deep Forest, 3864
                                 Snap Blouse White, 3865
                                 Going Out Top Party Plaid, 3843
                                 Dressed-Up Shrug Black, 3846
                                 Windchill Wrap Winter Stripe, 3861
                                 Victoria Blouse Flourish Print, 3863
                                 Purr Blouse Emerald Skin Print, 3850
                                 Holiday Blazer Holiday Plaid]

	at productWatchlist.run(productWatchlist:77)
	at com.kms.katalon.core.main.ScriptEngine.run(ScriptEngine.java:194)
	at com.kms.katalon.core.main.ScriptEngine.runScriptAsRawText(ScriptEngine.java:119)
	at com.kms.katalon.core.main.TestCaseExecutor.runScript(TestCaseExecutor.java:342)
	at com.kms.katalon.core.main.TestCaseExecutor.doExecute(TestCaseExecutor.java:333)
	at com.kms.katalon.core.main.TestCaseExecutor.processExecutionPhase(TestCaseExecutor.java:312)
	at com.kms.katalon.core.main.TestCaseExecutor.accessMainPhase(TestCaseExecutor.java:304)
	at com.kms.katalon.core.main.TestCaseExecutor.execute(TestCaseExecutor.java:238)
	at com.kms.katalon.core.main.TestSuiteExecutor.accessTestCaseMainPhase(TestSuiteExecutor.java:129)
	at com.kms.katalon.core.main.TestSuiteExecutor.accessTestSuiteMainPhase(TestSuiteExecutor.java:112)
	at com.kms.katalon.core.main.TestSuiteExecutor.execute(TestSuiteExecutor.java:81)
	at com.kms.katalon.core.main.TestCaseMain.startTestSuite(TestCaseMain.java:157)
	at com.kms.katalon.core.main.TestCaseMain$startTestSuite$0.call(Unknown Source)
	at TempTestSuite1569588252480.run(TempTestSuite1569588252480.groovy:35)


2019-09-27 18:14:21 - [TEST_STEP][PASSED] - callTestCase(findTestCase("NewArrival/populateTimeGlobalVars"), ["row":timeRow], CONTINUE_ON_FAILURE): Call Test Case 'Test Cases/NewArrival/populateTimeGlobalVars' successfully

2019-09-27 18:14:22 - [TEST_CASE][PASSED] - Test Cases/NewArrival/populateTimeGlobalVars: Test Cases/NewArrival/populateTimeGlobalVars

2019-09-27 18:14:22 - [TEST_STEP][PASSED] - dataFile = "timezoneData": null

2019-09-27 18:14:22 - [TEST_STEP][PASSED] - clockServerTarget = UtilityMethods.getTestData("envtData", "clockServerTarget", 1): null

2019-09-27 18:14:23 - [TEST_STEP][PASSED] - println(clockServerTarget): null

2019-09-27 18:14:23 - [TEST_STEP][PASSED] - orderType = UtilityMethods.getTestData(dataFile, "orderType", row): null

2019-09-27 18:14:23 - [TEST_STEP][PASSED] - timeZone = UtilityMethods.getTestData(dataFile, "timeZone", row): null

2019-09-27 18:14:23 - [TEST_STEP][PASSED] - BOPersonal = UtilityMethods.getTestData(dataFile, "BOPersonal", row): null

2019-09-27 18:14:23 - [TEST_STEP][PASSED] - BOAddonPersonal = UtilityMethods.getTestData(dataFile, "BOAddonPersonal", row): null

2019-09-27 18:14:24 - [TEST_STEP][PASSED] - BOAddonRetail = UtilityMethods.getTestData(dataFile, "BOAddonRetail", row): null

2019-09-27 18:14:24 - [TEST_STEP][PASSED] - BORetail = UtilityMethods.getTestData(dataFile, "BORetail", row): null

2019-09-27 18:14:24 - [TEST_STEP][PASSED] - BOShow = UtilityMethods.getTestData(dataFile, "BOShow", row): null

2019-09-27 18:14:24 - [TEST_STEP][PASSED] - BOOnlineoutlet = UtilityMethods.getTestData(dataFile, "BOOnlineoutlet", row): null

2019-09-27 18:14:24 - [TEST_STEP][PASSED] - BOEmployee = UtilityMethods.getTestData(dataFile, "BOEmployee", row): null

2019-09-27 18:14:24 - [TEST_STEP][PASSED] - CCPersonal = UtilityMethods.getTestData(dataFile, "CCPersonal", row): null

2019-09-27 18:14:24 - [TEST_STEP][PASSED] - CCRetail = UtilityMethods.getTestData(dataFile, "CCRetail", row): null

2019-09-27 18:14:24 - [TEST_STEP][PASSED] - CCShow = UtilityMethods.getTestData(dataFile, "CCShow", row): null

2019-09-27 18:14:24 - [TEST_STEP][PASSED] - BOEblast = UtilityMethods.getTestData(dataFile, "BOEblast", row): null

2019-09-27 18:14:24 - [TEST_STEP][PASSED] - println(row): null

2019-09-27 18:14:24 - [TEST_STEP][PASSED] - println(BOPersonal): null

2019-09-27 18:14:24 - [MESSAGE][PASSED] - Call Test Case 'Test Cases/NewArrival/populateTimeGlobalVars' successfully

2019-09-27 18:14:24 - [TEST_STEP][PASSED] - available = BOEblast: null

2019-09-27 18:14:24 - [TEST_STEP][PASSED] - callTestCase(findTestCase("NewArrival/setTimezone"), ["ofbizURL":"", "ofbizuser":"", "ofbizpass":"", "orderType":orderType, "timeZone":timeZone, "clockServerTarget":clockServerTarget], CONTINUE_ON_FAILURE): Call Test Case 'Test Cases/NewArrival/setTimezone' successfully

2019-09-27 18:14:24 - [TEST_CASE][PASSED] - Test Cases/NewArrival/setTimezone: Test Cases/NewArrival/setTimezone

2019-09-27 18:14:24 - [TEST_STEP][PASSED] - openBrowser(""): Browser is opened with url: ''

2019-09-27 18:14:25 - [MESSAGE][WARNING] - A browser is already opened. Closing browser and opening a new one

2019-09-27 18:14:25 - [MESSAGE][INFO] - Starting 'Chrome' driver

2019-09-27 18:14:25 - [MESSAGE][INFO] - User set preference: ['args', '[--use-fake-ui-for-media-stream, --start-maximized]']

2019-09-27 18:14:27 - [MESSAGE][PASSED] - Browser is opened with url: ''

2019-09-27 18:14:27 - [TEST_STEP][NOT_RUN] - maximizeWindow(): NOT_RUN: maximizeWindow()

2019-09-27 18:14:27 - [MESSAGE][NOT_RUN] - NOT_RUN: maximizeWindow()

2019-09-27 18:14:27 - [TEST_STEP][PASSED] - ofbizURL = findTestData("envtData").getValue("ofbizURL", 1): null

2019-09-27 18:14:28 - [TEST_STEP][PASSED] - ofbizuser = findTestData("credData").getValue("ofbizuser", 1): null

2019-09-27 18:14:28 - [TEST_STEP][PASSED] - ofbizpass = findTestData("credData").getValue("ofbizpass", 1): null

2019-09-27 18:14:28 - [TEST_STEP][PASSED] - navigateToUrl(ofbizURL): Navigate to 'https://pushofbiz.cliotest.com/login.php' successfully

2019-09-27 18:14:29 - [MESSAGE][PASSED] - Navigate to 'https://pushofbiz.cliotest.com/login.php' successfully

2019-09-27 18:14:29 - [TEST_STEP][PASSED] - setText(findTestObject("Page_/input_Username_username"), ofbizuser): Text 'automation' is set on object 'Object Repository/Page_/input_Username_username'

2019-09-27 18:14:30 - [MESSAGE][PASSED] - Text 'automation' is set on object 'Object Repository/Page_/input_Username_username'

2019-09-27 18:14:30 - [TEST_STEP][PASSED] - setText(findTestObject("Page_/input_Password_password"), ofbizpass): Text 'cabiautomation' is set on object 'Object Repository/Page_/input_Password_password'

2019-09-27 18:14:30 - [MESSAGE][PASSED] - Text 'cabiautomation' is set on object 'Object Repository/Page_/input_Password_password'

2019-09-27 18:14:30 - [TEST_STEP][PASSED] - click(findTestObject("Page_/input_Password_Submit")): Object: 'Object Repository/Page_/input_Password_Submit' is clicked on

2019-09-27 18:14:33 - [MESSAGE][PASSED] - Object: 'Object Repository/Page_/input_Password_Submit' is clicked on

2019-09-27 18:14:33 - [TEST_STEP][PASSED] - click(findTestObject("Object Repository/Page_/a_Clock set")): Object: 'Object Repository/Page_/a_Clock set' is clicked on

2019-09-27 18:14:34 - [MESSAGE][PASSED] - Object: 'Object Repository/Page_/a_Clock set' is clicked on

2019-09-27 18:14:34 - [TEST_STEP][PASSED] - cst = UtilityMethods.createTestObject("select_target", "//select[@name='Target']/option[contains(text(), '", clockServerTarget, "')]"): null

2019-09-27 18:14:34 - [TEST_STEP][PASSED] - println(clockServerTarget): null

2019-09-27 18:14:34 - [TEST_STEP][PASSED] - click(cst): Object: 'select_target' is clicked on

2019-09-27 18:14:34 - [MESSAGE][PASSED] - Object: 'select_target' is clicked on

2019-09-27 18:14:34 - [TEST_STEP][PASSED] - click(findTestObject("Page_/thisDateAndTime")): Object: 'Object Repository/Page_/thisDateAndTime' is clicked on

2019-09-27 18:14:34 - [MESSAGE][PASSED] - Object: 'Object Repository/Page_/thisDateAndTime' is clicked on

2019-09-27 18:14:34 - [TEST_STEP][PASSED] - setText(findTestObject("Object Repository/Page_/setTargetTime"), timeZone): Text ' 10/16/2019 7:00' is set on object 'Object Repository/Page_/setTargetTime'

2019-09-27 18:14:34 - [MESSAGE][PASSED] - Text ' 10/16/2019 7:00' is set on object 'Object Repository/Page_/setTargetTime'

2019-09-27 18:14:34 - [TEST_STEP][PASSED] - click(findTestObject("Object Repository/Page_/input")): Object: 'Object Repository/Page_/input' is clicked on

2019-09-27 18:14:35 - [MESSAGE][PASSED] - Object: 'Object Repository/Page_/input' is clicked on

2019-09-27 18:14:35 - [TEST_STEP][PASSED] - delay(10): Delayed 10 second(s)

2019-09-27 18:14:45 - [MESSAGE][PASSED] - Delayed 10 second(s)

2019-09-27 18:14:45 - [TEST_STEP][NOT_RUN] - closeBrowser(): NOT_RUN: closeBrowser()

2019-09-27 18:14:45 - [MESSAGE][NOT_RUN] - NOT_RUN: closeBrowser()

2019-09-27 18:14:45 - [MESSAGE][PASSED] - Call Test Case 'Test Cases/NewArrival/setTimezone' successfully

2019-09-27 18:14:45 - [TEST_STEP][PASSED] - callTestCase(findTestCase("TestCaseUtilities/backOfficeLogin"), ["BOURL":"", "BOuser":"", "BOpass":""], CONTINUE_ON_FAILURE): Call Test Case 'Test Cases/TestCaseUtilities/backOfficeLogin' successfully

2019-09-27 18:14:45 - [TEST_CASE][PASSED] - Test Cases/TestCaseUtilities/backOfficeLogin: Test Cases/TestCaseUtilities/backOfficeLogin

2019-09-27 18:14:45 - [TEST_STEP][PASSED] - BOURL = findTestData("envtData").getValue("BOURL", 1): null

2019-09-27 18:14:45 - [TEST_STEP][PASSED] - BOuser = findTestData("credData").getValue("BOuser", 1): null

2019-09-27 18:14:45 - [TEST_STEP][PASSED] - BOpass = findTestData("credData").getValue("BOpass", 1): null

2019-09-27 18:14:45 - [TEST_STEP][PASSED] - openBrowser(""): Browser is opened with url: ''

2019-09-27 18:14:45 - [MESSAGE][WARNING] - A browser is already opened. Closing browser and opening a new one

2019-09-27 18:14:46 - [MESSAGE][INFO] - Starting 'Chrome' driver

2019-09-27 18:14:46 - [MESSAGE][INFO] - User set preference: ['args', '[--use-fake-ui-for-media-stream, --start-maximized]']

2019-09-27 18:14:48 - [MESSAGE][PASSED] - Browser is opened with url: ''

2019-09-27 18:14:48 - [TEST_STEP][PASSED] - navigateToUrl(BOURL): Navigate to 'https://test4.cliotest.com/backoffice/control/main' successfully

2019-09-27 18:14:55 - [MESSAGE][PASSED] - Navigate to 'https://test4.cliotest.com/backoffice/control/main' successfully

2019-09-27 18:14:55 - [TEST_STEP][PASSED] - logOut = findWebElements(findTestObject("Object Repository/Page_cabi Home/log_out"), 1): Unable to find the element located by 'By.xpath: //a[contains(text(),'Log Out')]'. Please recheck the objects properties to make sure the desired element is located. 

2019-09-27 18:14:56 - [MESSAGE][INFO] - Unable to find the element located by 'By.xpath: //a[contains(text(),'Log Out')]'. Please recheck the objects properties to make sure the desired element is located. 

2019-09-27 18:14:56 - [TEST_STEP][PASSED] - if (logOut.size() == 0): Object: 'Object Repository/Page_cabi/input_Welcome to_consultantLogin' is clicked on

2019-09-27 18:14:56 - [TEST_STEP][PASSED] - setText(findTestObject("Page_cabi/input_Welcome to_USERNAME"), BOuser): Text '400000002' is set on object 'Object Repository/Page_cabi/input_Welcome to_USERNAME'

2019-09-27 18:14:56 - [MESSAGE][PASSED] - Text '400000002' is set on object 'Object Repository/Page_cabi/input_Welcome to_USERNAME'

2019-09-27 18:14:56 - [TEST_STEP][PASSED] - setText(findTestObject("Object Repository/Page_cabi/input_Welcome to_PASSWORD"), BOpass): Text 'blackdress19' is set on object 'Object Repository/Page_cabi/input_Welcome to_PASSWORD'

2019-09-27 18:14:56 - [MESSAGE][PASSED] - Text 'blackdress19' is set on object 'Object Repository/Page_cabi/input_Welcome to_PASSWORD'

2019-09-27 18:14:56 - [TEST_STEP][PASSED] - click(findTestObject("Object Repository/Page_cabi/input_Welcome to_consultantLogin")): Object: 'Object Repository/Page_cabi/input_Welcome to_consultantLogin' is clicked on

2019-09-27 18:15:07 - [MESSAGE][PASSED] - Object: 'Object Repository/Page_cabi/input_Welcome to_consultantLogin' is clicked on

2019-09-27 18:15:07 - [TEST_STEP][PASSED] - delay(3): Delayed 3 second(s)

2019-09-27 18:15:10 - [MESSAGE][PASSED] - Delayed 3 second(s)

2019-09-27 18:15:10 - [MESSAGE][PASSED] - Call Test Case 'Test Cases/TestCaseUtilities/backOfficeLogin' successfully

2019-09-27 18:15:10 - [TEST_STEP][PASSED] - click(findTestObject("Object Repository/Page_cabi Home/a_Shows  Orders")): Object: 'Object Repository/Page_cabi Home/a_Shows  Orders' is clicked on

2019-09-27 18:15:10 - [MESSAGE][PASSED] - Object: 'Object Repository/Page_cabi Home/a_Shows  Orders' is clicked on

2019-09-27 18:15:10 - [TEST_STEP][PASSED] - click(findTestObject("Object Repository/Page_cabi Home/a_Product Watch List")): Object: 'Object Repository/Page_cabi Home/a_Product Watch List' is clicked on

2019-09-27 18:15:13 - [MESSAGE][PASSED] - Object: 'Object Repository/Page_cabi Home/a_Product Watch List' is clicked on

2019-09-27 18:15:13 - [TEST_STEP][PASSED] - if (toString().equalsIgnoreCase("no")): null

2019-09-27 18:15:13 - [TEST_STEP][PASSED] - noResultFound = findWebElements(findTestObject("Object Repository/Page_cabi Product Watch list/span_(New Arrivals 2)"), 5): Unable to find the element located by 'By.xpath: //table[@ng-if='products']/thead/tr[@class='table-header-description']/th/span[contains(text(), ' (New Arrivals 2)')]'. Please recheck the objects properties to make sure the desired element is located. 

2019-09-27 18:15:20 - [MESSAGE][INFO] - Unable to find the element located by 'By.xpath: //table[@ng-if='products']/thead/tr[@class='table-header-description']/th/span[contains(text(), ' (New Arrivals 2)')]'. Please recheck the objects properties to make sure the desired element is located. 

2019-09-27 18:15:20 - [TEST_STEP][PASSED] - assert noResultFound.size() == 0: null

2019-09-27 18:15:20 - [TEST_STEP][PASSED] - callTestCase(findTestCase("NewArrival/populateTimeGlobalVars"), ["row":timeRow], CONTINUE_ON_FAILURE): Call Test Case 'Test Cases/NewArrival/populateTimeGlobalVars' successfully

2019-09-27 18:15:20 - [TEST_CASE][PASSED] - Test Cases/NewArrival/populateTimeGlobalVars: Test Cases/NewArrival/populateTimeGlobalVars

2019-09-27 18:15:20 - [TEST_STEP][PASSED] - dataFile = "timezoneData": null

2019-09-27 18:15:20 - [TEST_STEP][PASSED] - clockServerTarget = UtilityMethods.getTestData("envtData", "clockServerTarget", 1): null

2019-09-27 18:15:20 - [TEST_STEP][PASSED] - println(clockServerTarget): null

2019-09-27 18:15:20 - [TEST_STEP][PASSED] - orderType = UtilityMethods.getTestData(dataFile, "orderType", row): null

2019-09-27 18:15:20 - [TEST_STEP][PASSED] - timeZone = UtilityMethods.getTestData(dataFile, "timeZone", row): null

2019-09-27 18:15:20 - [TEST_STEP][PASSED] - BOPersonal = UtilityMethods.getTestData(dataFile, "BOPersonal", row): null

2019-09-27 18:15:20 - [TEST_STEP][PASSED] - BOAddonPersonal = UtilityMethods.getTestData(dataFile, "BOAddonPersonal", row): null

2019-09-27 18:15:20 - [TEST_STEP][PASSED] - BOAddonRetail = UtilityMethods.getTestData(dataFile, "BOAddonRetail", row): null

2019-09-27 18:15:20 - [TEST_STEP][PASSED] - BORetail = UtilityMethods.getTestData(dataFile, "BORetail", row): null

2019-09-27 18:15:20 - [TEST_STEP][PASSED] - BOShow = UtilityMethods.getTestData(dataFile, "BOShow", row): null

2019-09-27 18:15:20 - [TEST_STEP][PASSED] - BOOnlineoutlet = UtilityMethods.getTestData(dataFile, "BOOnlineoutlet", row): null

2019-09-27 18:15:20 - [TEST_STEP][PASSED] - BOEmployee = UtilityMethods.getTestData(dataFile, "BOEmployee", row): null

2019-09-27 18:15:20 - [TEST_STEP][PASSED] - CCPersonal = UtilityMethods.getTestData(dataFile, "CCPersonal", row): null

2019-09-27 18:15:20 - [TEST_STEP][PASSED] - CCRetail = UtilityMethods.getTestData(dataFile, "CCRetail", row): null

2019-09-27 18:15:20 - [TEST_STEP][PASSED] - CCShow = UtilityMethods.getTestData(dataFile, "CCShow", row): null

2019-09-27 18:15:20 - [TEST_STEP][PASSED] - BOEblast = UtilityMethods.getTestData(dataFile, "BOEblast", row): null

2019-09-27 18:15:20 - [TEST_STEP][PASSED] - println(row): null

2019-09-27 18:15:20 - [TEST_STEP][PASSED] - println(BOPersonal): null

2019-09-27 18:15:20 - [MESSAGE][PASSED] - Call Test Case 'Test Cases/NewArrival/populateTimeGlobalVars' successfully

2019-09-27 18:15:20 - [TEST_STEP][PASSED] - available = BOEblast: null

2019-09-27 18:15:20 - [TEST_STEP][PASSED] - callTestCase(findTestCase("NewArrival/setTimezone"), ["ofbizURL":"", "ofbizuser":"", "ofbizpass":"", "orderType":orderType, "timeZone":timeZone, "clockServerTarget":clockServerTarget], CONTINUE_ON_FAILURE): Call Test Case 'Test Cases/NewArrival/setTimezone' successfully

2019-09-27 18:15:20 - [TEST_CASE][PASSED] - Test Cases/NewArrival/setTimezone: Test Cases/NewArrival/setTimezone

2019-09-27 18:15:20 - [TEST_STEP][PASSED] - openBrowser(""): Browser is opened with url: ''

2019-09-27 18:15:20 - [MESSAGE][WARNING] - A browser is already opened. Closing browser and opening a new one

2019-09-27 18:15:21 - [MESSAGE][INFO] - Starting 'Chrome' driver

2019-09-27 18:15:21 - [MESSAGE][INFO] - User set preference: ['args', '[--use-fake-ui-for-media-stream, --start-maximized]']

2019-09-27 18:15:23 - [MESSAGE][PASSED] - Browser is opened with url: ''

2019-09-27 18:15:23 - [TEST_STEP][NOT_RUN] - maximizeWindow(): NOT_RUN: maximizeWindow()

2019-09-27 18:15:23 - [MESSAGE][NOT_RUN] - NOT_RUN: maximizeWindow()

2019-09-27 18:15:23 - [TEST_STEP][PASSED] - ofbizURL = findTestData("envtData").getValue("ofbizURL", 1): null

2019-09-27 18:15:23 - [TEST_STEP][PASSED] - ofbizuser = findTestData("credData").getValue("ofbizuser", 1): null

2019-09-27 18:15:23 - [TEST_STEP][PASSED] - ofbizpass = findTestData("credData").getValue("ofbizpass", 1): null

2019-09-27 18:15:23 - [TEST_STEP][PASSED] - navigateToUrl(ofbizURL): Navigate to 'https://pushofbiz.cliotest.com/login.php' successfully

2019-09-27 18:15:25 - [MESSAGE][PASSED] - Navigate to 'https://pushofbiz.cliotest.com/login.php' successfully

2019-09-27 18:15:25 - [TEST_STEP][PASSED] - setText(findTestObject("Page_/input_Username_username"), ofbizuser): Text 'automation' is set on object 'Object Repository/Page_/input_Username_username'

2019-09-27 18:15:25 - [MESSAGE][PASSED] - Text 'automation' is set on object 'Object Repository/Page_/input_Username_username'

2019-09-27 18:15:25 - [TEST_STEP][PASSED] - setText(findTestObject("Page_/input_Password_password"), ofbizpass): Text 'cabiautomation' is set on object 'Object Repository/Page_/input_Password_password'

2019-09-27 18:15:25 - [MESSAGE][PASSED] - Text 'cabiautomation' is set on object 'Object Repository/Page_/input_Password_password'

2019-09-27 18:15:25 - [TEST_STEP][PASSED] - click(findTestObject("Page_/input_Password_Submit")): Object: 'Object Repository/Page_/input_Password_Submit' is clicked on

2019-09-27 18:15:29 - [MESSAGE][PASSED] - Object: 'Object Repository/Page_/input_Password_Submit' is clicked on

2019-09-27 18:15:29 - [TEST_STEP][PASSED] - click(findTestObject("Object Repository/Page_/a_Clock set")): Object: 'Object Repository/Page_/a_Clock set' is clicked on

2019-09-27 18:15:30 - [MESSAGE][PASSED] - Object: 'Object Repository/Page_/a_Clock set' is clicked on

2019-09-27 18:15:30 - [TEST_STEP][PASSED] - cst = UtilityMethods.createTestObject("select_target", "//select[@name='Target']/option[contains(text(), '", clockServerTarget, "')]"): null

2019-09-27 18:15:30 - [TEST_STEP][PASSED] - println(clockServerTarget): null

2019-09-27 18:15:30 - [TEST_STEP][PASSED] - click(cst): Object: 'select_target' is clicked on

2019-09-27 18:15:30 - [MESSAGE][PASSED] - Object: 'select_target' is clicked on

2019-09-27 18:15:30 - [TEST_STEP][PASSED] - click(findTestObject("Page_/thisDateAndTime")): Object: 'Object Repository/Page_/thisDateAndTime' is clicked on

2019-09-27 18:15:30 - [MESSAGE][PASSED] - Object: 'Object Repository/Page_/thisDateAndTime' is clicked on

2019-09-27 18:15:30 - [TEST_STEP][PASSED] - setText(findTestObject("Object Repository/Page_/setTargetTime"), timeZone): Text ' 10/24/2019 00:00' is set on object 'Object Repository/Page_/setTargetTime'

2019-09-27 18:15:30 - [MESSAGE][PASSED] - Text ' 10/24/2019 00:00' is set on object 'Object Repository/Page_/setTargetTime'

2019-09-27 18:15:30 - [TEST_STEP][PASSED] - click(findTestObject("Object Repository/Page_/input")): Object: 'Object Repository/Page_/input' is clicked on

2019-09-27 18:15:31 - [MESSAGE][PASSED] - Object: 'Object Repository/Page_/input' is clicked on

2019-09-27 18:15:31 - [TEST_STEP][PASSED] - delay(10): Delayed 10 second(s)

2019-09-27 18:15:41 - [MESSAGE][PASSED] - Delayed 10 second(s)

2019-09-27 18:15:41 - [TEST_STEP][NOT_RUN] - closeBrowser(): NOT_RUN: closeBrowser()

2019-09-27 18:15:41 - [MESSAGE][NOT_RUN] - NOT_RUN: closeBrowser()

2019-09-27 18:15:41 - [MESSAGE][PASSED] - Call Test Case 'Test Cases/NewArrival/setTimezone' successfully

2019-09-27 18:15:41 - [TEST_STEP][PASSED] - callTestCase(findTestCase("TestCaseUtilities/backOfficeLogin"), ["BOURL":"", "BOuser":"", "BOpass":""], CONTINUE_ON_FAILURE): Call Test Case 'Test Cases/TestCaseUtilities/backOfficeLogin' successfully

2019-09-27 18:15:41 - [TEST_CASE][PASSED] - Test Cases/TestCaseUtilities/backOfficeLogin: Test Cases/TestCaseUtilities/backOfficeLogin

2019-09-27 18:15:41 - [TEST_STEP][PASSED] - BOURL = findTestData("envtData").getValue("BOURL", 1): null

2019-09-27 18:15:41 - [TEST_STEP][PASSED] - BOuser = findTestData("credData").getValue("BOuser", 1): null

2019-09-27 18:15:41 - [TEST_STEP][PASSED] - BOpass = findTestData("credData").getValue("BOpass", 1): null

2019-09-27 18:15:41 - [TEST_STEP][PASSED] - openBrowser(""): Browser is opened with url: ''

2019-09-27 18:15:41 - [MESSAGE][WARNING] - A browser is already opened. Closing browser and opening a new one

2019-09-27 18:15:42 - [MESSAGE][INFO] - Starting 'Chrome' driver

2019-09-27 18:15:42 - [MESSAGE][INFO] - User set preference: ['args', '[--use-fake-ui-for-media-stream, --start-maximized]']

2019-09-27 18:15:44 - [MESSAGE][PASSED] - Browser is opened with url: ''

2019-09-27 18:15:44 - [TEST_STEP][PASSED] - navigateToUrl(BOURL): Navigate to 'https://test4.cliotest.com/backoffice/control/main' successfully

2019-09-27 18:15:51 - [MESSAGE][PASSED] - Navigate to 'https://test4.cliotest.com/backoffice/control/main' successfully

2019-09-27 18:15:51 - [TEST_STEP][PASSED] - logOut = findWebElements(findTestObject("Object Repository/Page_cabi Home/log_out"), 1): Unable to find the element located by 'By.xpath: //a[contains(text(),'Log Out')]'. Please recheck the objects properties to make sure the desired element is located. 

2019-09-27 18:15:52 - [MESSAGE][INFO] - Unable to find the element located by 'By.xpath: //a[contains(text(),'Log Out')]'. Please recheck the objects properties to make sure the desired element is located. 

2019-09-27 18:15:52 - [TEST_STEP][PASSED] - if (logOut.size() == 0): Object: 'Object Repository/Page_cabi/input_Welcome to_consultantLogin' is clicked on

2019-09-27 18:15:52 - [TEST_STEP][PASSED] - setText(findTestObject("Page_cabi/input_Welcome to_USERNAME"), BOuser): Text '400000002' is set on object 'Object Repository/Page_cabi/input_Welcome to_USERNAME'

2019-09-27 18:15:52 - [MESSAGE][PASSED] - Text '400000002' is set on object 'Object Repository/Page_cabi/input_Welcome to_USERNAME'

2019-09-27 18:15:52 - [TEST_STEP][PASSED] - setText(findTestObject("Object Repository/Page_cabi/input_Welcome to_PASSWORD"), BOpass): Text 'blackdress19' is set on object 'Object Repository/Page_cabi/input_Welcome to_PASSWORD'

2019-09-27 18:15:52 - [MESSAGE][PASSED] - Text 'blackdress19' is set on object 'Object Repository/Page_cabi/input_Welcome to_PASSWORD'

2019-09-27 18:15:52 - [TEST_STEP][PASSED] - click(findTestObject("Object Repository/Page_cabi/input_Welcome to_consultantLogin")): Object: 'Object Repository/Page_cabi/input_Welcome to_consultantLogin' is clicked on

2019-09-27 18:16:03 - [MESSAGE][PASSED] - Object: 'Object Repository/Page_cabi/input_Welcome to_consultantLogin' is clicked on

2019-09-27 18:16:03 - [TEST_STEP][PASSED] - delay(3): Delayed 3 second(s)

2019-09-27 18:16:06 - [MESSAGE][PASSED] - Delayed 3 second(s)

2019-09-27 18:16:06 - [MESSAGE][PASSED] - Call Test Case 'Test Cases/TestCaseUtilities/backOfficeLogin' successfully

2019-09-27 18:16:06 - [TEST_STEP][PASSED] - click(findTestObject("Object Repository/Page_cabi Home/a_Shows  Orders")): Object: 'Object Repository/Page_cabi Home/a_Shows  Orders' is clicked on

2019-09-27 18:16:06 - [MESSAGE][PASSED] - Object: 'Object Repository/Page_cabi Home/a_Shows  Orders' is clicked on

2019-09-27 18:16:06 - [TEST_STEP][PASSED] - click(findTestObject("Object Repository/Page_cabi Home/a_Product Watch List")): Object: 'Object Repository/Page_cabi Home/a_Product Watch List' is clicked on

2019-09-27 18:16:09 - [MESSAGE][PASSED] - Object: 'Object Repository/Page_cabi Home/a_Product Watch List' is clicked on

2019-09-27 18:16:09 - [TEST_STEP][PASSED] - if (toString().equalsIgnoreCase("no")): null

2019-09-27 18:16:09 - [TEST_STEP][PASSED] - noResultFound = findWebElements(findTestObject("Object Repository/Page_cabi Product Watch list/span_(New Arrivals 2)"), 5): Unable to find the element located by 'By.xpath: //table[@ng-if='products']/thead/tr[@class='table-header-description']/th/span[contains(text(), ' (New Arrivals 2)')]'. Please recheck the objects properties to make sure the desired element is located. 

2019-09-27 18:16:15 - [MESSAGE][INFO] - Unable to find the element located by 'By.xpath: //table[@ng-if='products']/thead/tr[@class='table-header-description']/th/span[contains(text(), ' (New Arrivals 2)')]'. Please recheck the objects properties to make sure the desired element is located. 

2019-09-27 18:16:15 - [TEST_STEP][PASSED] - assert noResultFound.size() == 0: null

2019-09-27 18:16:15 - [TEST_STEP][PASSED] - callTestCase(findTestCase("NewArrival/populateTimeGlobalVars"), ["row":timeRow], CONTINUE_ON_FAILURE): Call Test Case 'Test Cases/NewArrival/populateTimeGlobalVars' successfully

2019-09-27 18:16:15 - [TEST_CASE][PASSED] - Test Cases/NewArrival/populateTimeGlobalVars: Test Cases/NewArrival/populateTimeGlobalVars

2019-09-27 18:16:15 - [TEST_STEP][PASSED] - dataFile = "timezoneData": null

2019-09-27 18:16:15 - [TEST_STEP][PASSED] - clockServerTarget = UtilityMethods.getTestData("envtData", "clockServerTarget", 1): null

2019-09-27 18:16:15 - [TEST_STEP][PASSED] - println(clockServerTarget): null

2019-09-27 18:16:15 - [TEST_STEP][PASSED] - orderType = UtilityMethods.getTestData(dataFile, "orderType", row): null

2019-09-27 18:16:15 - [TEST_STEP][PASSED] - timeZone = UtilityMethods.getTestData(dataFile, "timeZone", row): null

2019-09-27 18:16:15 - [TEST_STEP][PASSED] - BOPersonal = UtilityMethods.getTestData(dataFile, "BOPersonal", row): null

2019-09-27 18:16:16 - [TEST_STEP][PASSED] - BOAddonPersonal = UtilityMethods.getTestData(dataFile, "BOAddonPersonal", row): null

2019-09-27 18:16:16 - [TEST_STEP][PASSED] - BOAddonRetail = UtilityMethods.getTestData(dataFile, "BOAddonRetail", row): null

2019-09-27 18:16:16 - [TEST_STEP][PASSED] - BORetail = UtilityMethods.getTestData(dataFile, "BORetail", row): null

2019-09-27 18:16:16 - [TEST_STEP][PASSED] - BOShow = UtilityMethods.getTestData(dataFile, "BOShow", row): null

2019-09-27 18:16:16 - [TEST_STEP][PASSED] - BOOnlineoutlet = UtilityMethods.getTestData(dataFile, "BOOnlineoutlet", row): null

2019-09-27 18:16:16 - [TEST_STEP][PASSED] - BOEmployee = UtilityMethods.getTestData(dataFile, "BOEmployee", row): null

2019-09-27 18:16:16 - [TEST_STEP][PASSED] - CCPersonal = UtilityMethods.getTestData(dataFile, "CCPersonal", row): null

2019-09-27 18:16:16 - [TEST_STEP][PASSED] - CCRetail = UtilityMethods.getTestData(dataFile, "CCRetail", row): null

2019-09-27 18:16:16 - [TEST_STEP][PASSED] - CCShow = UtilityMethods.getTestData(dataFile, "CCShow", row): null

2019-09-27 18:16:16 - [TEST_STEP][PASSED] - BOEblast = UtilityMethods.getTestData(dataFile, "BOEblast", row): null

2019-09-27 18:16:16 - [TEST_STEP][PASSED] - println(row): null

2019-09-27 18:16:16 - [TEST_STEP][PASSED] - println(BOPersonal): null

2019-09-27 18:16:16 - [MESSAGE][PASSED] - Call Test Case 'Test Cases/NewArrival/populateTimeGlobalVars' successfully

2019-09-27 18:16:16 - [TEST_STEP][PASSED] - available = BOEblast: null

2019-09-27 18:16:16 - [TEST_STEP][PASSED] - callTestCase(findTestCase("NewArrival/setTimezone"), ["ofbizURL":"", "ofbizuser":"", "ofbizpass":"", "orderType":orderType, "timeZone":timeZone, "clockServerTarget":clockServerTarget], CONTINUE_ON_FAILURE): Call Test Case 'Test Cases/NewArrival/setTimezone' successfully

2019-09-27 18:16:16 - [TEST_CASE][PASSED] - Test Cases/NewArrival/setTimezone: Test Cases/NewArrival/setTimezone

2019-09-27 18:16:16 - [TEST_STEP][PASSED] - openBrowser(""): Browser is opened with url: ''

2019-09-27 18:16:16 - [MESSAGE][WARNING] - A browser is already opened. Closing browser and opening a new one

2019-09-27 18:16:17 - [MESSAGE][INFO] - Starting 'Chrome' driver

2019-09-27 18:16:17 - [MESSAGE][INFO] - User set preference: ['args', '[--use-fake-ui-for-media-stream, --start-maximized]']

2019-09-27 18:16:19 - [MESSAGE][PASSED] - Browser is opened with url: ''

2019-09-27 18:16:19 - [TEST_STEP][NOT_RUN] - maximizeWindow(): NOT_RUN: maximizeWindow()

2019-09-27 18:16:19 - [MESSAGE][NOT_RUN] - NOT_RUN: maximizeWindow()

2019-09-27 18:16:19 - [TEST_STEP][PASSED] - ofbizURL = findTestData("envtData").getValue("ofbizURL", 1): null

2019-09-27 18:16:19 - [TEST_STEP][PASSED] - ofbizuser = findTestData("credData").getValue("ofbizuser", 1): null

2019-09-27 18:16:19 - [TEST_STEP][PASSED] - ofbizpass = findTestData("credData").getValue("ofbizpass", 1): null

2019-09-27 18:16:19 - [TEST_STEP][PASSED] - navigateToUrl(ofbizURL): Navigate to 'https://pushofbiz.cliotest.com/login.php' successfully

2019-09-27 18:16:21 - [MESSAGE][PASSED] - Navigate to 'https://pushofbiz.cliotest.com/login.php' successfully

2019-09-27 18:16:21 - [TEST_STEP][PASSED] - setText(findTestObject("Page_/input_Username_username"), ofbizuser): Text 'automation' is set on object 'Object Repository/Page_/input_Username_username'

2019-09-27 18:16:21 - [MESSAGE][PASSED] - Text 'automation' is set on object 'Object Repository/Page_/input_Username_username'

2019-09-27 18:16:21 - [TEST_STEP][PASSED] - setText(findTestObject("Page_/input_Password_password"), ofbizpass): Text 'cabiautomation' is set on object 'Object Repository/Page_/input_Password_password'

2019-09-27 18:16:21 - [MESSAGE][PASSED] - Text 'cabiautomation' is set on object 'Object Repository/Page_/input_Password_password'

2019-09-27 18:16:21 - [TEST_STEP][PASSED] - click(findTestObject("Page_/input_Password_Submit")): Object: 'Object Repository/Page_/input_Password_Submit' is clicked on

2019-09-27 18:16:24 - [MESSAGE][PASSED] - Object: 'Object Repository/Page_/input_Password_Submit' is clicked on

2019-09-27 18:16:24 - [TEST_STEP][PASSED] - click(findTestObject("Object Repository/Page_/a_Clock set")): Object: 'Object Repository/Page_/a_Clock set' is clicked on

2019-09-27 18:16:24 - [MESSAGE][PASSED] - Object: 'Object Repository/Page_/a_Clock set' is clicked on

2019-09-27 18:16:24 - [TEST_STEP][PASSED] - cst = UtilityMethods.createTestObject("select_target", "//select[@name='Target']/option[contains(text(), '", clockServerTarget, "')]"): null

2019-09-27 18:16:24 - [TEST_STEP][PASSED] - println(clockServerTarget): null

2019-09-27 18:16:24 - [TEST_STEP][PASSED] - click(cst): Object: 'select_target' is clicked on

2019-09-27 18:16:25 - [MESSAGE][PASSED] - Object: 'select_target' is clicked on

2019-09-27 18:16:25 - [TEST_STEP][PASSED] - click(findTestObject("Page_/thisDateAndTime")): Object: 'Object Repository/Page_/thisDateAndTime' is clicked on

2019-09-27 18:16:25 - [MESSAGE][PASSED] - Object: 'Object Repository/Page_/thisDateAndTime' is clicked on

2019-09-27 18:16:25 - [TEST_STEP][PASSED] - setText(findTestObject("Object Repository/Page_/setTargetTime"), timeZone): Text ' 11/01/2019 12:00' is set on object 'Object Repository/Page_/setTargetTime'

2019-09-27 18:16:25 - [MESSAGE][PASSED] - Text ' 11/01/2019 12:00' is set on object 'Object Repository/Page_/setTargetTime'

2019-09-27 18:16:25 - [TEST_STEP][PASSED] - click(findTestObject("Object Repository/Page_/input")): Object: 'Object Repository/Page_/input' is clicked on

2019-09-27 18:16:26 - [MESSAGE][PASSED] - Object: 'Object Repository/Page_/input' is clicked on

2019-09-27 18:16:26 - [TEST_STEP][PASSED] - delay(10): Delayed 10 second(s)

2019-09-27 18:16:36 - [MESSAGE][PASSED] - Delayed 10 second(s)

2019-09-27 18:16:36 - [TEST_STEP][NOT_RUN] - closeBrowser(): NOT_RUN: closeBrowser()

2019-09-27 18:16:36 - [MESSAGE][NOT_RUN] - NOT_RUN: closeBrowser()

2019-09-27 18:16:36 - [MESSAGE][PASSED] - Call Test Case 'Test Cases/NewArrival/setTimezone' successfully

2019-09-27 18:16:36 - [TEST_STEP][PASSED] - callTestCase(findTestCase("TestCaseUtilities/backOfficeLogin"), ["BOURL":"", "BOuser":"", "BOpass":""], CONTINUE_ON_FAILURE): Call Test Case 'Test Cases/TestCaseUtilities/backOfficeLogin' successfully

2019-09-27 18:16:36 - [TEST_CASE][PASSED] - Test Cases/TestCaseUtilities/backOfficeLogin: Test Cases/TestCaseUtilities/backOfficeLogin

2019-09-27 18:16:36 - [TEST_STEP][PASSED] - BOURL = findTestData("envtData").getValue("BOURL", 1): null

2019-09-27 18:16:36 - [TEST_STEP][PASSED] - BOuser = findTestData("credData").getValue("BOuser", 1): null

2019-09-27 18:16:36 - [TEST_STEP][PASSED] - BOpass = findTestData("credData").getValue("BOpass", 1): null

2019-09-27 18:16:36 - [TEST_STEP][PASSED] - openBrowser(""): Browser is opened with url: ''

2019-09-27 18:16:36 - [MESSAGE][WARNING] - A browser is already opened. Closing browser and opening a new one

2019-09-27 18:16:36 - [MESSAGE][INFO] - Starting 'Chrome' driver

2019-09-27 18:16:36 - [MESSAGE][INFO] - User set preference: ['args', '[--use-fake-ui-for-media-stream, --start-maximized]']

2019-09-27 18:16:39 - [MESSAGE][PASSED] - Browser is opened with url: ''

2019-09-27 18:16:39 - [TEST_STEP][PASSED] - navigateToUrl(BOURL): Navigate to 'https://test4.cliotest.com/backoffice/control/main' successfully

2019-09-27 18:16:46 - [MESSAGE][PASSED] - Navigate to 'https://test4.cliotest.com/backoffice/control/main' successfully

2019-09-27 18:16:46 - [TEST_STEP][PASSED] - logOut = findWebElements(findTestObject("Object Repository/Page_cabi Home/log_out"), 1): Unable to find the element located by 'By.xpath: //a[contains(text(),'Log Out')]'. Please recheck the objects properties to make sure the desired element is located. 

2019-09-27 18:16:47 - [MESSAGE][INFO] - Unable to find the element located by 'By.xpath: //a[contains(text(),'Log Out')]'. Please recheck the objects properties to make sure the desired element is located. 

2019-09-27 18:16:47 - [TEST_STEP][PASSED] - if (logOut.size() == 0): Object: 'Object Repository/Page_cabi/input_Welcome to_consultantLogin' is clicked on

2019-09-27 18:16:47 - [TEST_STEP][PASSED] - setText(findTestObject("Page_cabi/input_Welcome to_USERNAME"), BOuser): Text '400000002' is set on object 'Object Repository/Page_cabi/input_Welcome to_USERNAME'

2019-09-27 18:16:47 - [MESSAGE][PASSED] - Text '400000002' is set on object 'Object Repository/Page_cabi/input_Welcome to_USERNAME'

2019-09-27 18:16:47 - [TEST_STEP][PASSED] - setText(findTestObject("Object Repository/Page_cabi/input_Welcome to_PASSWORD"), BOpass): Text 'blackdress19' is set on object 'Object Repository/Page_cabi/input_Welcome to_PASSWORD'

2019-09-27 18:16:47 - [MESSAGE][PASSED] - Text 'blackdress19' is set on object 'Object Repository/Page_cabi/input_Welcome to_PASSWORD'

2019-09-27 18:16:47 - [TEST_STEP][PASSED] - click(findTestObject("Object Repository/Page_cabi/input_Welcome to_consultantLogin")): Object: 'Object Repository/Page_cabi/input_Welcome to_consultantLogin' is clicked on

2019-09-27 18:16:55 - [MESSAGE][PASSED] - Object: 'Object Repository/Page_cabi/input_Welcome to_consultantLogin' is clicked on

2019-09-27 18:16:55 - [TEST_STEP][PASSED] - delay(3): Delayed 3 second(s)

2019-09-27 18:16:58 - [MESSAGE][PASSED] - Delayed 3 second(s)

2019-09-27 18:16:58 - [MESSAGE][PASSED] - Call Test Case 'Test Cases/TestCaseUtilities/backOfficeLogin' successfully

2019-09-27 18:16:58 - [TEST_STEP][PASSED] - click(findTestObject("Object Repository/Page_cabi Home/a_Shows  Orders")): Object: 'Object Repository/Page_cabi Home/a_Shows  Orders' is clicked on

2019-09-27 18:16:59 - [MESSAGE][PASSED] - Object: 'Object Repository/Page_cabi Home/a_Shows  Orders' is clicked on

2019-09-27 18:16:59 - [TEST_STEP][PASSED] - click(findTestObject("Object Repository/Page_cabi Home/a_Product Watch List")): Object: 'Object Repository/Page_cabi Home/a_Product Watch List' is clicked on

2019-09-27 18:17:02 - [MESSAGE][PASSED] - Object: 'Object Repository/Page_cabi Home/a_Product Watch List' is clicked on

2019-09-27 18:17:02 - [TEST_STEP][PASSED] - if (toString().equalsIgnoreCase("no")): null

2019-09-27 18:17:02 - [TEST_STEP][FAILED] - else: for ([timeRow = 1, timeRow <= findTestData("timezoneData").getRowNumbers(), (timeRow++)]) FAILED.
Reason:
Assertion failed: 

assert UtilityMethods.listEquals(expectedList, actualList) == true
                      |          |             |           |
                      false      |             |           false
                                 |             [3843
                                 |             Dressed-Up Shrug Black, 3846
                                 |             Windchill Wrap Winter Stripe, 3850
                                 |             Holiday Blazer Holiday Plaid, 3857
                                 |             M'Leggings Deep Forest, 3861
                                 |             Victoria Blouse Flourish Print, 3863
                                 |             Purr Blouse Emerald Skin Print, 3864
                                 |             Snap Blouse White, 3865
                                 |             Going Out Top Party Plaid, 3869
                                 |             Cozy Cowl Midnight And Black, 3870
                                 |             Fireside Hoodie Deep Forest, 3871
                                 |             Snap Cowl Storm, 3875
                                 |             Decked Out Dress Twinkle Print]
                                 [3875
                                 Decked Out Dress Twinkle Print, 3869
                                 Cozy Cowl Midnight and Black, 3870
                                 Fireside Hoodie Deep Forest, 3871
                                 Snap Cowl Storm, 3857
                                 M'Leggings Deep Forest, 3864
                                 Snap Blouse White, 3865
                                 Going Out Top Party Plaid, 3843
                                 Dressed-Up Shrug Black, 3846
                                 Windchill Wrap Winter Stripe, 3861
                                 Victoria Blouse Flourish Print, 3863
                                 Purr Blouse Emerald Skin Print, 3850
                                 Holiday Blazer Holiday Plaid]

	at productWatchlist.run(productWatchlist:77)
	at com.kms.katalon.core.main.ScriptEngine.run(ScriptEngine.java:194)
	at com.kms.katalon.core.main.ScriptEngine.runScriptAsRawText(ScriptEngine.java:119)
	at com.kms.katalon.core.main.TestCaseExecutor.runScript(TestCaseExecutor.java:342)
	at com.kms.katalon.core.main.TestCaseExecutor.doExecute(TestCaseExecutor.java:333)
	at com.kms.katalon.core.main.TestCaseExecutor.processExecutionPhase(TestCaseExecutor.java:312)
	at com.kms.katalon.core.main.TestCaseExecutor.accessMainPhase(TestCaseExecutor.java:304)
	at com.kms.katalon.core.main.TestCaseExecutor.execute(TestCaseExecutor.java:238)
	at com.kms.katalon.core.main.TestSuiteExecutor.accessTestCaseMainPhase(TestSuiteExecutor.java:129)
	at com.kms.katalon.core.main.TestSuiteExecutor.accessTestSuiteMainPhase(TestSuiteExecutor.java:112)
	at com.kms.katalon.core.main.TestSuiteExecutor.execute(TestSuiteExecutor.java:81)
	at com.kms.katalon.core.main.TestCaseMain.startTestSuite(TestCaseMain.java:157)
	at com.kms.katalon.core.main.TestCaseMain$startTestSuite$0.call(Unknown Source)
	at TempTestSuite1569588252480.run(TempTestSuite1569588252480.groovy:35)


2019-09-27 18:17:02 - [TEST_STEP][PASSED] - click(findTestObject("Object Repository/Page_cabi Product Watch list/span_(New Arrivals 2)")): Object: 'Object Repository/Page_cabi Product Watch list/span_(New Arrivals 2)' is clicked on

2019-09-27 18:17:03 - [MESSAGE][PASSED] - Object: 'Object Repository/Page_cabi Product Watch list/span_(New Arrivals 2)' is clicked on

2019-09-27 18:17:03 - [TEST_STEP][PASSED] - verifyElementText(findTestObject("Object Repository/Page_cabi Product Watch list/span_(New Arrivals 2)"), "(New Arrivals 2)"): Actual text and expected text of test object 'Object Repository/Page_cabi Product Watch list/span_(New Arrivals 2)' are matched.

2019-09-27 18:17:04 - [MESSAGE][PASSED] - Actual text and expected text of test object 'Object Repository/Page_cabi Product Watch list/span_(New Arrivals 2)' are matched.

2019-09-27 18:17:04 - [TEST_STEP][PASSED] - actualProductList = findWebElements(findTestObject("Page_cabi Product Watch list/div_product_list_na2"), 5): null

2019-09-27 18:17:04 - [TEST_STEP][PASSED] - println(actualProductList.size()): null

2019-09-27 18:17:04 - [TEST_STEP][PASSED] - actualList = new java.util.ArrayList(): null

2019-09-27 18:17:04 - [TEST_STEP][PASSED] - expectedList = new java.util.ArrayList(): null

2019-09-27 18:17:04 - [TEST_STEP][PASSED] - for (org.openqa.selenium.WebElement product : actualProductList): null

2019-09-27 18:17:04 - [TEST_STEP][PASSED] - actualList.add(product.getText()): null

2019-09-27 18:17:04 - [TEST_STEP][PASSED] - println(product.getText()): null

2019-09-27 18:17:04 - [TEST_STEP][PASSED] - actualList.add(product.getText()): null

2019-09-27 18:17:04 - [TEST_STEP][PASSED] - println(product.getText()): null

2019-09-27 18:17:04 - [TEST_STEP][PASSED] - actualList.add(product.getText()): null

2019-09-27 18:17:04 - [TEST_STEP][PASSED] - println(product.getText()): null

2019-09-27 18:17:04 - [TEST_STEP][PASSED] - actualList.add(product.getText()): null

2019-09-27 18:17:04 - [TEST_STEP][PASSED] - println(product.getText()): null

2019-09-27 18:17:04 - [TEST_STEP][PASSED] - actualList.add(product.getText()): null

2019-09-27 18:17:04 - [TEST_STEP][PASSED] - println(product.getText()): null

2019-09-27 18:17:04 - [TEST_STEP][PASSED] - actualList.add(product.getText()): null

2019-09-27 18:17:04 - [TEST_STEP][PASSED] - println(product.getText()): null

2019-09-27 18:17:04 - [TEST_STEP][PASSED] - actualList.add(product.getText()): null

2019-09-27 18:17:04 - [TEST_STEP][PASSED] - println(product.getText()): null

2019-09-27 18:17:04 - [TEST_STEP][PASSED] - actualList.add(product.getText()): null

2019-09-27 18:17:04 - [TEST_STEP][PASSED] - println(product.getText()): null

2019-09-27 18:17:04 - [TEST_STEP][PASSED] - actualList.add(product.getText()): null

2019-09-27 18:17:04 - [TEST_STEP][PASSED] - println(product.getText()): null

2019-09-27 18:17:04 - [TEST_STEP][PASSED] - actualList.add(product.getText()): null

2019-09-27 18:17:04 - [TEST_STEP][PASSED] - println(product.getText()): null

2019-09-27 18:17:04 - [TEST_STEP][PASSED] - actualList.add(product.getText()): null

2019-09-27 18:17:04 - [TEST_STEP][PASSED] - println(product.getText()): null

2019-09-27 18:17:04 - [TEST_STEP][PASSED] - actualList.add(product.getText()): null

2019-09-27 18:17:04 - [TEST_STEP][PASSED] - println(product.getText()): null

2019-09-27 18:17:04 - [TEST_STEP][PASSED] - p1Rows = findTestData("productData1").getRowNumbers(): null

2019-09-27 18:17:04 - [TEST_STEP][PASSED] - println(p1Rows): null

2019-09-27 18:17:04 - [TEST_STEP][PASSED] - for ([row = 1, row <= p1Rows, (row++)]): null

2019-09-27 18:17:04 - [TEST_STEP][PASSED] - productStyle = findTestData("productData1").getValue("Style", row): null

2019-09-27 18:17:04 - [TEST_STEP][PASSED] - productDescription = findTestData("productData1").getValue("Description", row): null

2019-09-27 18:17:04 - [TEST_STEP][PASSED] - productColor = findTestData("productData1").getValue("Color", row): null

2019-09-27 18:17:04 - [TEST_STEP][PASSED] - expectedString = UtilityMethods.createSkuForPWL(productStyle, productDescription, productColor): null

2019-09-27 18:17:04 - [TEST_STEP][PASSED] - println(expectedString): null

2019-09-27 18:17:04 - [TEST_STEP][PASSED] - expectedList.add(expectedString): null

2019-09-27 18:17:04 - [TEST_STEP][PASSED] - productStyle = findTestData("productData1").getValue("Style", row): null

2019-09-27 18:17:04 - [TEST_STEP][PASSED] - productDescription = findTestData("productData1").getValue("Description", row): null

2019-09-27 18:17:04 - [TEST_STEP][PASSED] - productColor = findTestData("productData1").getValue("Color", row): null

2019-09-27 18:17:05 - [TEST_STEP][PASSED] - expectedString = UtilityMethods.createSkuForPWL(productStyle, productDescription, productColor): null

2019-09-27 18:17:05 - [TEST_STEP][PASSED] - println(expectedString): null

2019-09-27 18:17:05 - [TEST_STEP][PASSED] - expectedList.add(expectedString): null

2019-09-27 18:17:05 - [TEST_STEP][PASSED] - productStyle = findTestData("productData1").getValue("Style", row): null

2019-09-27 18:17:05 - [TEST_STEP][PASSED] - productDescription = findTestData("productData1").getValue("Description", row): null

2019-09-27 18:17:05 - [TEST_STEP][PASSED] - productColor = findTestData("productData1").getValue("Color", row): null

2019-09-27 18:17:05 - [TEST_STEP][PASSED] - expectedString = UtilityMethods.createSkuForPWL(productStyle, productDescription, productColor): null

2019-09-27 18:17:05 - [TEST_STEP][PASSED] - println(expectedString): null

2019-09-27 18:17:05 - [TEST_STEP][PASSED] - expectedList.add(expectedString): null

2019-09-27 18:17:05 - [TEST_STEP][PASSED] - productStyle = findTestData("productData1").getValue("Style", row): null

2019-09-27 18:17:05 - [TEST_STEP][PASSED] - productDescription = findTestData("productData1").getValue("Description", row): null

2019-09-27 18:17:05 - [TEST_STEP][PASSED] - productColor = findTestData("productData1").getValue("Color", row): null

2019-09-27 18:17:05 - [TEST_STEP][PASSED] - expectedString = UtilityMethods.createSkuForPWL(productStyle, productDescription, productColor): null

2019-09-27 18:17:05 - [TEST_STEP][PASSED] - println(expectedString): null

2019-09-27 18:17:05 - [TEST_STEP][PASSED] - expectedList.add(expectedString): null

2019-09-27 18:17:05 - [TEST_STEP][PASSED] - productStyle = findTestData("productData1").getValue("Style", row): null

2019-09-27 18:17:05 - [TEST_STEP][PASSED] - productDescription = findTestData("productData1").getValue("Description", row): null

2019-09-27 18:17:05 - [TEST_STEP][PASSED] - productColor = findTestData("productData1").getValue("Color", row): null

2019-09-27 18:17:05 - [TEST_STEP][PASSED] - expectedString = UtilityMethods.createSkuForPWL(productStyle, productDescription, productColor): null

2019-09-27 18:17:05 - [TEST_STEP][PASSED] - println(expectedString): null

2019-09-27 18:17:05 - [TEST_STEP][PASSED] - expectedList.add(expectedString): null

2019-09-27 18:17:05 - [TEST_STEP][PASSED] - productStyle = findTestData("productData1").getValue("Style", row): null

2019-09-27 18:17:05 - [TEST_STEP][PASSED] - productDescription = findTestData("productData1").getValue("Description", row): null

2019-09-27 18:17:05 - [TEST_STEP][PASSED] - productColor = findTestData("productData1").getValue("Color", row): null

2019-09-27 18:17:05 - [TEST_STEP][PASSED] - expectedString = UtilityMethods.createSkuForPWL(productStyle, productDescription, productColor): null

2019-09-27 18:17:05 - [TEST_STEP][PASSED] - println(expectedString): null

2019-09-27 18:17:05 - [TEST_STEP][PASSED] - expectedList.add(expectedString): null

2019-09-27 18:17:05 - [TEST_STEP][PASSED] - productStyle = findTestData("productData1").getValue("Style", row): null

2019-09-27 18:17:05 - [TEST_STEP][PASSED] - productDescription = findTestData("productData1").getValue("Description", row): null

2019-09-27 18:17:05 - [TEST_STEP][PASSED] - productColor = findTestData("productData1").getValue("Color", row): null

2019-09-27 18:17:05 - [TEST_STEP][PASSED] - expectedString = UtilityMethods.createSkuForPWL(productStyle, productDescription, productColor): null

2019-09-27 18:17:05 - [TEST_STEP][PASSED] - println(expectedString): null

2019-09-27 18:17:05 - [TEST_STEP][PASSED] - expectedList.add(expectedString): null

2019-09-27 18:17:05 - [TEST_STEP][PASSED] - productStyle = findTestData("productData1").getValue("Style", row): null

2019-09-27 18:17:05 - [TEST_STEP][PASSED] - productDescription = findTestData("productData1").getValue("Description", row): null

2019-09-27 18:17:05 - [TEST_STEP][PASSED] - productColor = findTestData("productData1").getValue("Color", row): null

2019-09-27 18:17:05 - [TEST_STEP][PASSED] - expectedString = UtilityMethods.createSkuForPWL(productStyle, productDescription, productColor): null

2019-09-27 18:17:05 - [TEST_STEP][PASSED] - println(expectedString): null

2019-09-27 18:17:05 - [TEST_STEP][PASSED] - expectedList.add(expectedString): null

2019-09-27 18:17:05 - [TEST_STEP][PASSED] - productStyle = findTestData("productData1").getValue("Style", row): null

2019-09-27 18:17:05 - [TEST_STEP][PASSED] - productDescription = findTestData("productData1").getValue("Description", row): null

2019-09-27 18:17:06 - [TEST_STEP][PASSED] - productColor = findTestData("productData1").getValue("Color", row): null

2019-09-27 18:17:06 - [TEST_STEP][PASSED] - expectedString = UtilityMethods.createSkuForPWL(productStyle, productDescription, productColor): null

2019-09-27 18:17:06 - [TEST_STEP][PASSED] - println(expectedString): null

2019-09-27 18:17:06 - [TEST_STEP][PASSED] - expectedList.add(expectedString): null

2019-09-27 18:17:06 - [TEST_STEP][PASSED] - productStyle = findTestData("productData1").getValue("Style", row): null

2019-09-27 18:17:06 - [TEST_STEP][PASSED] - productDescription = findTestData("productData1").getValue("Description", row): null

2019-09-27 18:17:06 - [TEST_STEP][PASSED] - productColor = findTestData("productData1").getValue("Color", row): null

2019-09-27 18:17:06 - [TEST_STEP][PASSED] - expectedString = UtilityMethods.createSkuForPWL(productStyle, productDescription, productColor): null

2019-09-27 18:17:06 - [TEST_STEP][PASSED] - println(expectedString): null

2019-09-27 18:17:06 - [TEST_STEP][PASSED] - expectedList.add(expectedString): null

2019-09-27 18:17:06 - [TEST_STEP][PASSED] - productStyle = findTestData("productData1").getValue("Style", row): null

2019-09-27 18:17:06 - [TEST_STEP][PASSED] - productDescription = findTestData("productData1").getValue("Description", row): null

2019-09-27 18:17:06 - [TEST_STEP][PASSED] - productColor = findTestData("productData1").getValue("Color", row): null

2019-09-27 18:17:06 - [TEST_STEP][PASSED] - expectedString = UtilityMethods.createSkuForPWL(productStyle, productDescription, productColor): null

2019-09-27 18:17:06 - [TEST_STEP][PASSED] - println(expectedString): null

2019-09-27 18:17:06 - [TEST_STEP][PASSED] - expectedList.add(expectedString): null

2019-09-27 18:17:06 - [TEST_STEP][PASSED] - productStyle = findTestData("productData1").getValue("Style", row): null

2019-09-27 18:17:06 - [TEST_STEP][PASSED] - productDescription = findTestData("productData1").getValue("Description", row): null

2019-09-27 18:17:06 - [TEST_STEP][PASSED] - productColor = findTestData("productData1").getValue("Color", row): null

2019-09-27 18:17:06 - [TEST_STEP][PASSED] - expectedString = UtilityMethods.createSkuForPWL(productStyle, productDescription, productColor): null

2019-09-27 18:17:06 - [TEST_STEP][PASSED] - println(expectedString): null

2019-09-27 18:17:06 - [TEST_STEP][PASSED] - expectedList.add(expectedString): null

2019-09-27 18:17:06 - [TEST_STEP][PASSED] - println(expectedList.size()): null

2019-09-27 18:17:06 - [TEST_STEP][FAILED] - assert UtilityMethods.listEquals(expectedList, actualList) == true: for ([timeRow = 1, timeRow <= findTestData("timezoneData").getRowNumbers(), (timeRow++)]) FAILED.
Reason:
Assertion failed: 

assert UtilityMethods.listEquals(expectedList, actualList) == true
                      |          |             |           |
                      false      |             |           false
                                 |             [3843
                                 |             Dressed-Up Shrug Black, 3846
                                 |             Windchill Wrap Winter Stripe, 3850
                                 |             Holiday Blazer Holiday Plaid, 3857
                                 |             M'Leggings Deep Forest, 3861
                                 |             Victoria Blouse Flourish Print, 3863
                                 |             Purr Blouse Emerald Skin Print, 3864
                                 |             Snap Blouse White, 3865
                                 |             Going Out Top Party Plaid, 3869
                                 |             Cozy Cowl Midnight And Black, 3870
                                 |             Fireside Hoodie Deep Forest, 3871
                                 |             Snap Cowl Storm, 3875
                                 |             Decked Out Dress Twinkle Print]
                                 [3875
                                 Decked Out Dress Twinkle Print, 3869
                                 Cozy Cowl Midnight and Black, 3870
                                 Fireside Hoodie Deep Forest, 3871
                                 Snap Cowl Storm, 3857
                                 M'Leggings Deep Forest, 3864
                                 Snap Blouse White, 3865
                                 Going Out Top Party Plaid, 3843
                                 Dressed-Up Shrug Black, 3846
                                 Windchill Wrap Winter Stripe, 3861
                                 Victoria Blouse Flourish Print, 3863
                                 Purr Blouse Emerald Skin Print, 3850
                                 Holiday Blazer Holiday Plaid]

	at productWatchlist.run(productWatchlist:77)
	at com.kms.katalon.core.main.ScriptEngine.run(ScriptEngine.java:194)
	at com.kms.katalon.core.main.ScriptEngine.runScriptAsRawText(ScriptEngine.java:119)
	at com.kms.katalon.core.main.TestCaseExecutor.runScript(TestCaseExecutor.java:342)
	at com.kms.katalon.core.main.TestCaseExecutor.doExecute(TestCaseExecutor.java:333)
	at com.kms.katalon.core.main.TestCaseExecutor.processExecutionPhase(TestCaseExecutor.java:312)
	at com.kms.katalon.core.main.TestCaseExecutor.accessMainPhase(TestCaseExecutor.java:304)
	at com.kms.katalon.core.main.TestCaseExecutor.execute(TestCaseExecutor.java:238)
	at com.kms.katalon.core.main.TestSuiteExecutor.accessTestCaseMainPhase(TestSuiteExecutor.java:129)
	at com.kms.katalon.core.main.TestSuiteExecutor.accessTestSuiteMainPhase(TestSuiteExecutor.java:112)
	at com.kms.katalon.core.main.TestSuiteExecutor.execute(TestSuiteExecutor.java:81)
	at com.kms.katalon.core.main.TestCaseMain.startTestSuite(TestCaseMain.java:157)
	at com.kms.katalon.core.main.TestCaseMain$startTestSuite$0.call(Unknown Source)
	at TempTestSuite1569588252480.run(TempTestSuite1569588252480.groovy:35)


2019-09-27 18:17:06 - [MESSAGE][FAILED] - for ([timeRow = 1, timeRow <= findTestData("timezoneData").getRowNumbers(), (timeRow++)]) FAILED.
Reason:
Assertion failed: 

assert UtilityMethods.listEquals(expectedList, actualList) == true
                      |          |             |           |
                      false      |             |           false
                                 |             [3843
                                 |             Dressed-Up Shrug Black, 3846
                                 |             Windchill Wrap Winter Stripe, 3850
                                 |             Holiday Blazer Holiday Plaid, 3857
                                 |             M'Leggings Deep Forest, 3861
                                 |             Victoria Blouse Flourish Print, 3863
                                 |             Purr Blouse Emerald Skin Print, 3864
                                 |             Snap Blouse White, 3865
                                 |             Going Out Top Party Plaid, 3869
                                 |             Cozy Cowl Midnight And Black, 3870
                                 |             Fireside Hoodie Deep Forest, 3871
                                 |             Snap Cowl Storm, 3875
                                 |             Decked Out Dress Twinkle Print]
                                 [3875
                                 Decked Out Dress Twinkle Print, 3869
                                 Cozy Cowl Midnight and Black, 3870
                                 Fireside Hoodie Deep Forest, 3871
                                 Snap Cowl Storm, 3857
                                 M'Leggings Deep Forest, 3864
                                 Snap Blouse White, 3865
                                 Going Out Top Party Plaid, 3843
                                 Dressed-Up Shrug Black, 3846
                                 Windchill Wrap Winter Stripe, 3861
                                 Victoria Blouse Flourish Print, 3863
                                 Purr Blouse Emerald Skin Print, 3850
                                 Holiday Blazer Holiday Plaid]

	at productWatchlist.run(productWatchlist:77)
	at com.kms.katalon.core.main.ScriptEngine.run(ScriptEngine.java:194)
	at com.kms.katalon.core.main.ScriptEngine.runScriptAsRawText(ScriptEngine.java:119)
	at com.kms.katalon.core.main.TestCaseExecutor.runScript(TestCaseExecutor.java:342)
	at com.kms.katalon.core.main.TestCaseExecutor.doExecute(TestCaseExecutor.java:333)
	at com.kms.katalon.core.main.TestCaseExecutor.processExecutionPhase(TestCaseExecutor.java:312)
	at com.kms.katalon.core.main.TestCaseExecutor.accessMainPhase(TestCaseExecutor.java:304)
	at com.kms.katalon.core.main.TestCaseExecutor.execute(TestCaseExecutor.java:238)
	at com.kms.katalon.core.main.TestSuiteExecutor.accessTestCaseMainPhase(TestSuiteExecutor.java:129)
	at com.kms.katalon.core.main.TestSuiteExecutor.accessTestSuiteMainPhase(TestSuiteExecutor.java:112)
	at com.kms.katalon.core.main.TestSuiteExecutor.execute(TestSuiteExecutor.java:81)
	at com.kms.katalon.core.main.TestCaseMain.startTestSuite(TestCaseMain.java:157)
	at com.kms.katalon.core.main.TestCaseMain$startTestSuite$0.call(Unknown Source)
	at TempTestSuite1569588252480.run(TempTestSuite1569588252480.groovy:35)]]></system-out>
         <system-err><![CDATA[2019-09-27 18:14:16 - [TEST_CASE][FAILED] - Test Cases/NewArrival/productWatchlist: Test Cases/NewArrival/productWatchlist FAILED.
Reason:
Assertion failed: 

assert UtilityMethods.listEquals(expectedList, actualList) == true
                      |          |             |           |
                      false      |             |           false
                                 |             [3843
                                 |             Dressed-Up Shrug Black, 3846
                                 |             Windchill Wrap Winter Stripe, 3850
                                 |             Holiday Blazer Holiday Plaid, 3857
                                 |             M'Leggings Deep Forest, 3861
                                 |             Victoria Blouse Flourish Print, 3863
                                 |             Purr Blouse Emerald Skin Print, 3864
                                 |             Snap Blouse White, 3865
                                 |             Going Out Top Party Plaid, 3869
                                 |             Cozy Cowl Midnight And Black, 3870
                                 |             Fireside Hoodie Deep Forest, 3871
                                 |             Snap Cowl Storm, 3875
                                 |             Decked Out Dress Twinkle Print]
                                 [3875
                                 Decked Out Dress Twinkle Print, 3869
                                 Cozy Cowl Midnight and Black, 3870
                                 Fireside Hoodie Deep Forest, 3871
                                 Snap Cowl Storm, 3857
                                 M'Leggings Deep Forest, 3864
                                 Snap Blouse White, 3865
                                 Going Out Top Party Plaid, 3843
                                 Dressed-Up Shrug Black, 3846
                                 Windchill Wrap Winter Stripe, 3861
                                 Victoria Blouse Flourish Print, 3863
                                 Purr Blouse Emerald Skin Print, 3850
                                 Holiday Blazer Holiday Plaid]

	at productWatchlist.run(productWatchlist:77)
	at com.kms.katalon.core.main.ScriptEngine.run(ScriptEngine.java:194)
	at com.kms.katalon.core.main.ScriptEngine.runScriptAsRawText(ScriptEngine.java:119)
	at com.kms.katalon.core.main.TestCaseExecutor.runScript(TestCaseExecutor.java:342)
	at com.kms.katalon.core.main.TestCaseExecutor.doExecute(TestCaseExecutor.java:333)
	at com.kms.katalon.core.main.TestCaseExecutor.processExecutionPhase(TestCaseExecutor.java:312)
	at com.kms.katalon.core.main.TestCaseExecutor.accessMainPhase(TestCaseExecutor.java:304)
	at com.kms.katalon.core.main.TestCaseExecutor.execute(TestCaseExecutor.java:238)
	at com.kms.katalon.core.main.TestSuiteExecutor.accessTestCaseMainPhase(TestSuiteExecutor.java:129)
	at com.kms.katalon.core.main.TestSuiteExecutor.accessTestSuiteMainPhase(TestSuiteExecutor.java:112)
	at com.kms.katalon.core.main.TestSuiteExecutor.execute(TestSuiteExecutor.java:81)
	at com.kms.katalon.core.main.TestCaseMain.startTestSuite(TestCaseMain.java:157)
	at com.kms.katalon.core.main.TestCaseMain$startTestSuite$0.call(Unknown Source)
	at TempTestSuite1569588252480.run(TempTestSuite1569588252480.groovy:35)]]></system-err>
      </testcase>
      <system-out><![CDATA[2019-09-27 18:14:16 - [TEST_SUITE][FAILED] - NewArrivalsSuite: Test Cases/NewArrival/productWatchlist FAILED.
Reason:
Assertion failed: 

assert UtilityMethods.listEquals(expectedList, actualList) == true
                      |          |             |           |
                      false      |             |           false
                                 |             [3843
                                 |             Dressed-Up Shrug Black, 3846
                                 |             Windchill Wrap Winter Stripe, 3850
                                 |             Holiday Blazer Holiday Plaid, 3857
                                 |             M'Leggings Deep Forest, 3861
                                 |             Victoria Blouse Flourish Print, 3863
                                 |             Purr Blouse Emerald Skin Print, 3864
                                 |             Snap Blouse White, 3865
                                 |             Going Out Top Party Plaid, 3869
                                 |             Cozy Cowl Midnight And Black, 3870
                                 |             Fireside Hoodie Deep Forest, 3871
                                 |             Snap Cowl Storm, 3875
                                 |             Decked Out Dress Twinkle Print]
                                 [3875
                                 Decked Out Dress Twinkle Print, 3869
                                 Cozy Cowl Midnight and Black, 3870
                                 Fireside Hoodie Deep Forest, 3871
                                 Snap Cowl Storm, 3857
                                 M'Leggings Deep Forest, 3864
                                 Snap Blouse White, 3865
                                 Going Out Top Party Plaid, 3843
                                 Dressed-Up Shrug Black, 3846
                                 Windchill Wrap Winter Stripe, 3861
                                 Victoria Blouse Flourish Print, 3863
                                 Purr Blouse Emerald Skin Print, 3850
                                 Holiday Blazer Holiday Plaid]

	at productWatchlist.run(productWatchlist:77)
	at com.kms.katalon.core.main.ScriptEngine.run(ScriptEngine.java:194)
	at com.kms.katalon.core.main.ScriptEngine.runScriptAsRawText(ScriptEngine.java:119)
	at com.kms.katalon.core.main.TestCaseExecutor.runScript(TestCaseExecutor.java:342)
	at com.kms.katalon.core.main.TestCaseExecutor.doExecute(TestCaseExecutor.java:333)
	at com.kms.katalon.core.main.TestCaseExecutor.processExecutionPhase(TestCaseExecutor.java:312)
	at com.kms.katalon.core.main.TestCaseExecutor.accessMainPhase(TestCaseExecutor.java:304)
	at com.kms.katalon.core.main.TestCaseExecutor.execute(TestCaseExecutor.java:238)
	at com.kms.katalon.core.main.TestSuiteExecutor.accessTestCaseMainPhase(TestSuiteExecutor.java:129)
	at com.kms.katalon.core.main.TestSuiteExecutor.accessTestSuiteMainPhase(TestSuiteExecutor.java:112)
	at com.kms.katalon.core.main.TestSuiteExecutor.execute(TestSuiteExecutor.java:81)
	at com.kms.katalon.core.main.TestCaseMain.startTestSuite(TestCaseMain.java:157)
	at com.kms.katalon.core.main.TestCaseMain$startTestSuite$0.call(Unknown Source)
	at TempTestSuite1569588252480.run(TempTestSuite1569588252480.groovy:35)]]></system-out>
      <system-err><![CDATA[2019-09-27 18:14:16 - [TEST_SUITE][FAILED] - NewArrivalsSuite: Test Cases/NewArrival/productWatchlist FAILED.
Reason:
Assertion failed: 

assert UtilityMethods.listEquals(expectedList, actualList) == true
                      |          |             |           |
                      false      |             |           false
                                 |             [3843
                                 |             Dressed-Up Shrug Black, 3846
                                 |             Windchill Wrap Winter Stripe, 3850
                                 |             Holiday Blazer Holiday Plaid, 3857
                                 |             M'Leggings Deep Forest, 3861
                                 |             Victoria Blouse Flourish Print, 3863
                                 |             Purr Blouse Emerald Skin Print, 3864
                                 |             Snap Blouse White, 3865
                                 |             Going Out Top Party Plaid, 3869
                                 |             Cozy Cowl Midnight And Black, 3870
                                 |             Fireside Hoodie Deep Forest, 3871
                                 |             Snap Cowl Storm, 3875
                                 |             Decked Out Dress Twinkle Print]
                                 [3875
                                 Decked Out Dress Twinkle Print, 3869
                                 Cozy Cowl Midnight and Black, 3870
                                 Fireside Hoodie Deep Forest, 3871
                                 Snap Cowl Storm, 3857
                                 M'Leggings Deep Forest, 3864
                                 Snap Blouse White, 3865
                                 Going Out Top Party Plaid, 3843
                                 Dressed-Up Shrug Black, 3846
                                 Windchill Wrap Winter Stripe, 3861
                                 Victoria Blouse Flourish Print, 3863
                                 Purr Blouse Emerald Skin Print, 3850
                                 Holiday Blazer Holiday Plaid]

	at productWatchlist.run(productWatchlist:77)
	at com.kms.katalon.core.main.ScriptEngine.run(ScriptEngine.java:194)
	at com.kms.katalon.core.main.ScriptEngine.runScriptAsRawText(ScriptEngine.java:119)
	at com.kms.katalon.core.main.TestCaseExecutor.runScript(TestCaseExecutor.java:342)
	at com.kms.katalon.core.main.TestCaseExecutor.doExecute(TestCaseExecutor.java:333)
	at com.kms.katalon.core.main.TestCaseExecutor.processExecutionPhase(TestCaseExecutor.java:312)
	at com.kms.katalon.core.main.TestCaseExecutor.accessMainPhase(TestCaseExecutor.java:304)
	at com.kms.katalon.core.main.TestCaseExecutor.execute(TestCaseExecutor.java:238)
	at com.kms.katalon.core.main.TestSuiteExecutor.accessTestCaseMainPhase(TestSuiteExecutor.java:129)
	at com.kms.katalon.core.main.TestSuiteExecutor.accessTestSuiteMainPhase(TestSuiteExecutor.java:112)
	at com.kms.katalon.core.main.TestSuiteExecutor.execute(TestSuiteExecutor.java:81)
	at com.kms.katalon.core.main.TestCaseMain.startTestSuite(TestCaseMain.java:157)
	at com.kms.katalon.core.main.TestCaseMain$startTestSuite$0.call(Unknown Source)
	at TempTestSuite1569588252480.run(TempTestSuite1569588252480.groovy:35)]]></system-err>
   </testsuite>
</testsuites>
