<?xml version="1.0" encoding="UTF-8"?>
<testsuites name="MicrositeTestSuite" time="242" tests="1" failures="1" errors="0">
   <testsuite name="MicrositeTestSuite" tests="1" failures="1" errors="0" time="242" timestamp="2019-04-09 18:06:55" hostname="user - 10.0.102.159" id="Test Suites/MicrositeTestSuite">
      <properties>
         <property name="deviceName" value=""/>
         <property name="devicePlatform" value=""/>
         <property name="logFolder" value="C:\\Users\\user\\Katalon Studio\\ShowMicrositeTesting\\Reports\\MicrositeTestSuite\\20190409_180651"/>
         <property name="logFiles" value="C:\\Users\\user\\Katalon Studio\\ShowMicrositeTesting\\Reports\\MicrositeTestSuite\\20190409_180651\\execution0.log"/>
         <property name="attachments" value="C:\\Users\\user\\Katalon Studio\\ShowMicrositeTesting\\Reports\\MicrositeTestSuite\\20190409_180651\\1554813656103.png, C:\\Users\\user\\Katalon Studio\\ShowMicrositeTesting\\Reports\\MicrositeTestSuite\\20190409_180651\\1554813656550.png"/>
         <property name="hostName" value="user - 10.0.102.159"/>
         <property name="os" value="Windows 8.1 64bit"/>
         <property name="katalonVersion" value="6.0.5.10"/>
         <property name="browser" value="Chrome 73.0.3683.103"/>
         <property name="hostAddress" value="10.0.102.159"/>
         <property name="sessionId" value="91d1db4a07be02d4065f182d288d0a9c"/>
         <property name="seleniumVersion" value="3.7.1"/>
         <property name="proxyInformation" value="ProxyInformation{proxyOption=NO_PROXY, proxyServerType=HTTP, password=, proxyServerAddress=, proxyServerPort=0}"/>
         <property name="platform" value="Windows 8.1"/>
      </properties>
      <testcase name="Test Cases/createShow" classname="Test Cases/createShow" status="PASSED">
         <system-out><![CDATA[2019-04-09 18:06:56 - [TEST_CASE][PASSED] - Test Cases/createShow: Test Cases/createShow

2019-04-09 18:06:57 - [TEST_STEP][PASSED] - openBrowser(""): Browser is opened with url: ''

2019-04-09 18:06:58 - [MESSAGE][INFO] - Starting 'Chrome' driver

2019-04-09 18:06:58 - [MESSAGE][INFO] - Action delay is set to 0 seconds

2019-04-09 18:07:01 - [MESSAGE][PASSED] - Browser is opened with url: ''

2019-04-09 18:07:01 - [TEST_STEP][PASSED] - maximizeWindow(): Current window maximized

2019-04-09 18:07:03 - [MESSAGE][PASSED] - Current window maximized

2019-04-09 18:07:03 - [TEST_STEP][PASSED] - navigateToUrl(findTestData("virtualShowData").getValue(7, 1)): Navigate to 'https://test19.cliotest.com/backoffice/control/main' successfully

2019-04-09 18:07:11 - [MESSAGE][PASSED] - Navigate to 'https://test19.cliotest.com/backoffice/control/main' successfully

2019-04-09 18:07:11 - [TEST_STEP][PASSED] - setText(findTestObject("Page_cabi/input_username"), findTestData("virtualShowData").getValue(1, 1)): Text '400000002' is set on object 'Object Repository/Page_cabi/input_username'

2019-04-09 18:07:11 - [MESSAGE][PASSED] - Text '400000002' is set on object 'Object Repository/Page_cabi/input_username'

2019-04-09 18:07:11 - [TEST_STEP][PASSED] - setText(findTestObject("Page_cabi/input_password"), findTestData("virtualShowData").getValue(2, 1)): Text 'blackdress19' is set on object 'Object Repository/Page_cabi/input_password'

2019-04-09 18:07:11 - [MESSAGE][PASSED] - Text 'blackdress19' is set on object 'Object Repository/Page_cabi/input_password'

2019-04-09 18:07:11 - [TEST_STEP][PASSED] - click(findTestObject("Page_cabi/input_consultantLogin")): Object: 'Object Repository/Page_cabi/input_consultantLogin' is clicked on

2019-04-09 18:07:19 - [MESSAGE][PASSED] - Object: 'Object Repository/Page_cabi/input_consultantLogin' is clicked on

2019-04-09 18:07:19 - [TEST_STEP][PASSED] - delay(10): Delayed 10 second(s)

2019-04-09 18:07:29 - [MESSAGE][PASSED] - Delayed 10 second(s)

2019-04-09 18:07:29 - [TEST_STEP][PASSED] - verifyElementText(findTestObject("Page_cabi/span_username"), findTestData("virtualShowData").getValue(17, 1)): Actual text and expected text of test object 'Object Repository/Page_cabi/span_username' are matched.

2019-04-09 18:07:29 - [MESSAGE][PASSED] - Actual text and expected text of test object 'Object Repository/Page_cabi/span_username' are matched.

2019-04-09 18:07:29 - [TEST_STEP][PASSED] - rightClick(findTestObject("Page_cabi Home/a_shows _orders")): Object: 'Object Repository/Page_cabi Home/a_shows _orders' is right clicked on

2019-04-09 18:07:29 - [MESSAGE][PASSED] - Object: 'Object Repository/Page_cabi Home/a_shows _orders' is right clicked on

2019-04-09 18:07:29 - [TEST_STEP][PASSED] - click(findTestObject("Page_cabi Home/a_Create_A_Show")): Object: 'Object Repository/Page_cabi Home/a_Create_A_Show' is clicked on

2019-04-09 18:07:33 - [MESSAGE][PASSED] - Object: 'Object Repository/Page_cabi Home/a_Create_A_Show' is clicked on

2019-04-09 18:07:33 - [TEST_STEP][PASSED] - setText(findTestObject("Page_cabi Create Show - Set Hostess/input_Hostess"), findTestData("virtualShowData").getValue(3, 1)): Text 'neohost1 abc' is set on object 'Object Repository/Page_cabi Create Show - Set Hostess/input_Hostess'

2019-04-09 18:07:33 - [MESSAGE][PASSED] - Text 'neohost1 abc' is set on object 'Object Repository/Page_cabi Create Show - Set Hostess/input_Hostess'

2019-04-09 18:07:33 - [TEST_STEP][PASSED] - rightClick(findTestObject("Page_cabi Create Show - Set Hostess/input_Hostess")): Object: 'Object Repository/Page_cabi Create Show - Set Hostess/input_Hostess' is right clicked on

2019-04-09 18:07:33 - [MESSAGE][PASSED] - Object: 'Object Repository/Page_cabi Create Show - Set Hostess/input_Hostess' is right clicked on

2019-04-09 18:07:33 - [TEST_STEP][PASSED] - click(findTestObject("Page_cabi Create Show - Set Hostess/a_select_hostess")): Object: 'Object Repository/Page_cabi Create Show - Set Hostess/a_select_hostess' is clicked on

2019-04-09 18:07:34 - [MESSAGE][PASSED] - Object: 'Object Repository/Page_cabi Create Show - Set Hostess/a_select_hostess' is clicked on

2019-04-09 18:07:34 - [TEST_STEP][PASSED] - setText(findTestObject("Page_cabi Create Show - Set Hostess/input_Hostess_Txt"), findTestData("virtualShowData").getValue(3, 1)): Text 'neohost1 abc' is set on object 'Object Repository/Page_cabi Create Show - Set Hostess/input_Hostess_Txt'

2019-04-09 18:07:34 - [MESSAGE][PASSED] - Text 'neohost1 abc' is set on object 'Object Repository/Page_cabi Create Show - Set Hostess/input_Hostess_Txt'

2019-04-09 18:07:34 - [TEST_STEP][PASSED] - validateHostessAddressMsg = findWebElements(findTestObject("Page_cabi Create Show - Set Hostess/validate_address_msg"), 5): null

2019-04-09 18:07:34 - [TEST_STEP][PASSED] - println(validateHostessAddressMsg.size()): null

2019-04-09 18:07:34 - [TEST_STEP][PASSED] - if (validateHostessAddressMsg.isEmpty()): null

2019-04-09 18:07:34 - [TEST_STEP][PASSED] - selectOptionByValue(findTestObject("Page_cabi Create Show - Set Hostess/select_Choose_From_Contacts_Co-Hostess"), "3", true): All options with value '3' are selected in object 'Object Repository/Page_cabi Create Show - Set Hostess/select_Choose_From_Contacts_Co-Hostess'  using regular expression

2019-04-09 18:07:35 - [MESSAGE][PASSED] - All options with value '3' are selected in object 'Object Repository/Page_cabi Create Show - Set Hostess/select_Choose_From_Contacts_Co-Hostess'  using regular expression

2019-04-09 18:07:35 - [TEST_STEP][PASSED] - setText(findTestObject("Page_cabi Create Show - Set Hostess/input_Cohostess"), findTestData("virtualShowData").getValue(4, 1)): Text 'neocohost1 abc' is set on object 'Object Repository/Page_cabi Create Show - Set Hostess/input_Cohostess'

2019-04-09 18:07:35 - [MESSAGE][PASSED] - Text 'neocohost1 abc' is set on object 'Object Repository/Page_cabi Create Show - Set Hostess/input_Cohostess'

2019-04-09 18:07:35 - [TEST_STEP][PASSED] - rightClick(findTestObject("Page_cabi Create Show - Set Hostess/input_Cohostess")): Object: 'Object Repository/Page_cabi Create Show - Set Hostess/input_Cohostess' is right clicked on

2019-04-09 18:07:35 - [MESSAGE][PASSED] - Object: 'Object Repository/Page_cabi Create Show - Set Hostess/input_Cohostess' is right clicked on

2019-04-09 18:07:35 - [TEST_STEP][PASSED] - rightClick(findTestObject("Page_cabi Create Show - Set Hostess/input_Cohostess")): Object: 'Object Repository/Page_cabi Create Show - Set Hostess/input_Cohostess' is right clicked on

2019-04-09 18:07:35 - [MESSAGE][PASSED] - Object: 'Object Repository/Page_cabi Create Show - Set Hostess/input_Cohostess' is right clicked on

2019-04-09 18:07:35 - [TEST_STEP][PASSED] - click(findTestObject("Page_cabi Create Show - Set Hostess/a_select_cohostess")): Object: 'Object Repository/Page_cabi Create Show - Set Hostess/a_select_cohostess' is clicked on

2019-04-09 18:07:36 - [MESSAGE][PASSED] - Object: 'Object Repository/Page_cabi Create Show - Set Hostess/a_select_cohostess' is clicked on

2019-04-09 18:07:36 - [TEST_STEP][PASSED] - setText(findTestObject("Page_cabi Create Show - Set Hostess/input_Cohostess"), findTestData("virtualShowData").getValue(4, 1)): Text 'neocohost1 abc' is set on object 'Object Repository/Page_cabi Create Show - Set Hostess/input_Cohostess'

2019-04-09 18:07:37 - [MESSAGE][PASSED] - Text 'neocohost1 abc' is set on object 'Object Repository/Page_cabi Create Show - Set Hostess/input_Cohostess'

2019-04-09 18:07:37 - [TEST_STEP][PASSED] - validateHostessAddressMsg = findWebElements(findTestObject("Page_cabi Create Show - Set Hostess/validate_address_msg"), 5): null

2019-04-09 18:07:37 - [TEST_STEP][PASSED] - if (validateHostessAddressMsg.size() != 4): null

2019-04-09 18:07:37 - [TEST_STEP][PASSED] - click(findTestObject("Page_cabi Create Show - Set Hostess/input_next")): Object: 'Object Repository/Page_cabi Create Show - Set Hostess/input_next' is clicked on

2019-04-09 18:07:39 - [MESSAGE][PASSED] - Object: 'Object Repository/Page_cabi Create Show - Set Hostess/input_next' is clicked on

2019-04-09 18:07:39 - [TEST_STEP][PASSED] - delay(5): Delayed 5 second(s)

2019-04-09 18:07:44 - [MESSAGE][PASSED] - Delayed 5 second(s)

2019-04-09 18:07:44 - [TEST_STEP][PASSED] - click(findTestObject("Page_cabi Create Show - Time and Place/check_Virtual_Show")): Object: 'Object Repository/Page_cabi Create Show - Time and Place/check_Virtual_Show' is clicked on

2019-04-09 18:07:44 - [MESSAGE][PASSED] - Object: 'Object Repository/Page_cabi Create Show - Time and Place/check_Virtual_Show' is clicked on

2019-04-09 18:07:44 - [TEST_STEP][PASSED] - rightClick(findTestObject("Page_cabi Create Show - Time and Place/input_Show_Date_Time")): Object: 'Object Repository/Page_cabi Create Show - Time and Place/input_Show_Date_Time' is right clicked on

2019-04-09 18:07:44 - [MESSAGE][PASSED] - Object: 'Object Repository/Page_cabi Create Show - Time and Place/input_Show_Date_Time' is right clicked on

2019-04-09 18:07:44 - [TEST_STEP][PASSED] - rightClick(findTestObject("Object Repository/Page_cabi Create Show - Time and Place/a_18")): Object: 'Object Repository/Page_cabi Create Show - Time and Place/a_18' is right clicked on

2019-04-09 18:07:44 - [MESSAGE][PASSED] - Object: 'Object Repository/Page_cabi Create Show - Time and Place/a_18' is right clicked on

2019-04-09 18:07:44 - [TEST_STEP][PASSED] - click(findTestObject("Object Repository/Page_cabi Create Show - Time and Place/a_18")): Object: 'Object Repository/Page_cabi Create Show - Time and Place/a_18' is clicked on

2019-04-09 18:07:44 - [MESSAGE][PASSED] - Object: 'Object Repository/Page_cabi Create Show - Time and Place/a_18' is clicked on

2019-04-09 18:07:44 - [TEST_STEP][PASSED] - click(findTestObject("Page_cabi Create Show - Time and Place/a_select_End_Time")): Object: 'Object Repository/Page_cabi Create Show - Time and Place/a_select_End_Time' is clicked on

2019-04-09 18:07:44 - [MESSAGE][PASSED] - Object: 'Object Repository/Page_cabi Create Show - Time and Place/a_select_End_Time' is clicked on

2019-04-09 18:07:44 - [TEST_STEP][PASSED] - click(findTestObject("Page_cabi Create Show - Time and Place/input_next")): Object: 'Object Repository/Page_cabi Create Show - Time and Place/input_next' is clicked on

2019-04-09 18:07:44 - [MESSAGE][PASSED] - Object: 'Object Repository/Page_cabi Create Show - Time and Place/input_next' is clicked on

2019-04-09 18:07:44 - [TEST_STEP][PASSED] - delay(5): Delayed 5 second(s)

2019-04-09 18:07:49 - [MESSAGE][PASSED] - Delayed 5 second(s)

2019-04-09 18:07:49 - [TEST_STEP][PASSED] - click(findTestObject("Page_cabi Create Show - Invite Hostess/input_Skip_Invite")): Object: 'Object Repository/Page_cabi Create Show - Invite Hostess/input_Skip_Invite' is clicked on

2019-04-09 18:07:51 - [MESSAGE][PASSED] - Object: 'Object Repository/Page_cabi Create Show - Invite Hostess/input_Skip_Invite' is clicked on

2019-04-09 18:07:51 - [TEST_STEP][PASSED] - rightClick(findTestObject("Page_cabi Edit Show - Add Guests/contact_search_box")): Object: 'Object Repository/Page_cabi Edit Show - Add Guests/contact_search_box' is right clicked on

2019-04-09 18:07:51 - [MESSAGE][PASSED] - Object: 'Object Repository/Page_cabi Edit Show - Add Guests/contact_search_box' is right clicked on

2019-04-09 18:07:51 - [TEST_STEP][PASSED] - setText(findTestObject("Page_cabi Edit Show - Add Guests/contact_search_box"), findTestData("virtualShowData").getValue(5, 1)): Text 'neoguest1 abc' is set on object 'Object Repository/Page_cabi Edit Show - Add Guests/contact_search_box'

2019-04-09 18:07:52 - [MESSAGE][PASSED] - Text 'neoguest1 abc' is set on object 'Object Repository/Page_cabi Edit Show - Add Guests/contact_search_box'

2019-04-09 18:07:52 - [TEST_STEP][PASSED] - click(findTestObject("Page_cabi Edit Show - Add Guests/plus_add_guest")): Object: 'Object Repository/Page_cabi Edit Show - Add Guests/plus_add_guest' is clicked on

2019-04-09 18:07:52 - [MESSAGE][PASSED] - Object: 'Object Repository/Page_cabi Edit Show - Add Guests/plus_add_guest' is clicked on

2019-04-09 18:07:52 - [TEST_STEP][PASSED] - rightClick(findTestObject("Page_cabi Edit Show - Add Guests/plus_add_guest")): Object: 'Object Repository/Page_cabi Edit Show - Add Guests/plus_add_guest' is right clicked on

2019-04-09 18:07:52 - [MESSAGE][PASSED] - Object: 'Object Repository/Page_cabi Edit Show - Add Guests/plus_add_guest' is right clicked on

2019-04-09 18:07:52 - [TEST_STEP][PASSED] - rightClick(findTestObject("Page_cabi Edit Show - Add Guests/plus_add_guest")): Object: 'Object Repository/Page_cabi Edit Show - Add Guests/plus_add_guest' is right clicked on

2019-04-09 18:07:52 - [MESSAGE][PASSED] - Object: 'Object Repository/Page_cabi Edit Show - Add Guests/plus_add_guest' is right clicked on

2019-04-09 18:07:52 - [TEST_STEP][PASSED] - click(findTestObject("Page_cabi Edit Show - Add Guests/plus_add_guest")): Object: 'Object Repository/Page_cabi Edit Show - Add Guests/plus_add_guest' is clicked on

2019-04-09 18:07:52 - [MESSAGE][PASSED] - Object: 'Object Repository/Page_cabi Edit Show - Add Guests/plus_add_guest' is clicked on

2019-04-09 18:07:52 - [TEST_STEP][PASSED] - delay(5): Delayed 5 second(s)

2019-04-09 18:07:57 - [MESSAGE][PASSED] - Delayed 5 second(s)

2019-04-09 18:07:57 - [TEST_STEP][PASSED] - click(findTestObject("Page_cabi Edit Show - Add Guests/i_span_add_guest")): Object: 'Object Repository/Page_cabi Edit Show - Add Guests/i_span_add_guest' is clicked on

2019-04-09 18:07:57 - [MESSAGE][PASSED] - Object: 'Object Repository/Page_cabi Edit Show - Add Guests/i_span_add_guest' is clicked on

2019-04-09 18:07:57 - [TEST_STEP][PASSED] - rightClick(findTestObject("Page_cabi Edit Show - Add Guests/contact_search_box")): Object: 'Object Repository/Page_cabi Edit Show - Add Guests/contact_search_box' is right clicked on

2019-04-09 18:07:57 - [MESSAGE][PASSED] - Object: 'Object Repository/Page_cabi Edit Show - Add Guests/contact_search_box' is right clicked on

2019-04-09 18:07:57 - [TEST_STEP][PASSED] - setText(findTestObject("Page_cabi Edit Show - Add Guests/contact_search_box"), findTestData("virtualShowData").getValue(6, 1)): Text 'michigan contact' is set on object 'Object Repository/Page_cabi Edit Show - Add Guests/contact_search_box'

2019-04-09 18:07:57 - [MESSAGE][PASSED] - Text 'michigan contact' is set on object 'Object Repository/Page_cabi Edit Show - Add Guests/contact_search_box'

2019-04-09 18:07:57 - [TEST_STEP][PASSED] - rightClick(findTestObject("Page_cabi Edit Show - Add Guests/contact_search_box")): Object: 'Object Repository/Page_cabi Edit Show - Add Guests/contact_search_box' is right clicked on

2019-04-09 18:07:58 - [MESSAGE][PASSED] - Object: 'Object Repository/Page_cabi Edit Show - Add Guests/contact_search_box' is right clicked on

2019-04-09 18:07:58 - [TEST_STEP][PASSED] - click(findTestObject("Page_cabi Edit Show - Add Guests/plus_add_guest")): Object: 'Object Repository/Page_cabi Edit Show - Add Guests/plus_add_guest' is clicked on

2019-04-09 18:07:58 - [MESSAGE][PASSED] - Object: 'Object Repository/Page_cabi Edit Show - Add Guests/plus_add_guest' is clicked on

2019-04-09 18:07:58 - [TEST_STEP][PASSED] - rightClick(findTestObject("Page_cabi Edit Show - Add Guests/plus_add_guest")): Object: 'Object Repository/Page_cabi Edit Show - Add Guests/plus_add_guest' is right clicked on

2019-04-09 18:07:58 - [MESSAGE][PASSED] - Object: 'Object Repository/Page_cabi Edit Show - Add Guests/plus_add_guest' is right clicked on

2019-04-09 18:07:58 - [TEST_STEP][PASSED] - rightClick(findTestObject("Page_cabi Edit Show - Add Guests/plus_add_guest")): Object: 'Object Repository/Page_cabi Edit Show - Add Guests/plus_add_guest' is right clicked on

2019-04-09 18:07:58 - [MESSAGE][PASSED] - Object: 'Object Repository/Page_cabi Edit Show - Add Guests/plus_add_guest' is right clicked on

2019-04-09 18:07:58 - [TEST_STEP][PASSED] - click(findTestObject("Page_cabi Edit Show - Add Guests/plus_add_guest")): Object: 'Object Repository/Page_cabi Edit Show - Add Guests/plus_add_guest' is clicked on

2019-04-09 18:07:58 - [MESSAGE][PASSED] - Object: 'Object Repository/Page_cabi Edit Show - Add Guests/plus_add_guest' is clicked on

2019-04-09 18:07:58 - [TEST_STEP][PASSED] - delay(5): Delayed 5 second(s)

2019-04-09 18:08:03 - [MESSAGE][PASSED] - Delayed 5 second(s)

2019-04-09 18:08:03 - [TEST_STEP][PASSED] - click(findTestObject("Page_cabi Edit Show - Add Guests/i_span_add_guest")): Object: 'Object Repository/Page_cabi Edit Show - Add Guests/i_span_add_guest' is clicked on

2019-04-09 18:08:03 - [MESSAGE][PASSED] - Object: 'Object Repository/Page_cabi Edit Show - Add Guests/i_span_add_guest' is clicked on

2019-04-09 18:08:03 - [TEST_STEP][PASSED] - delay(5): Delayed 5 second(s)

2019-04-09 18:08:08 - [MESSAGE][PASSED] - Delayed 5 second(s)

2019-04-09 18:08:08 - [TEST_STEP][PASSED] - verifyElementText(findTestObject("Page_cabi Edit Show - Add Guests/span_hostess_name"), findTestData("virtualShowData").getValue(18, 1)): Actual text and expected text of test object 'Object Repository/Page_cabi Edit Show - Add Guests/span_hostess_name' are matched.

2019-04-09 18:08:08 - [MESSAGE][PASSED] - Actual text and expected text of test object 'Object Repository/Page_cabi Edit Show - Add Guests/span_hostess_name' are matched.

2019-04-09 18:08:08 - [TEST_STEP][PASSED] - verifyElementText(findTestObject("Page_cabi Edit Show - Add Guests/span_cohostess_name"), findTestData("virtualShowData").getValue(19, 1)): Actual text and expected text of test object 'Object Repository/Page_cabi Edit Show - Add Guests/span_cohostess_name' are matched.

2019-04-09 18:08:08 - [MESSAGE][PASSED] - Actual text and expected text of test object 'Object Repository/Page_cabi Edit Show - Add Guests/span_cohostess_name' are matched.

2019-04-09 18:08:08 - [TEST_STEP][PASSED] - listElement = findWebElements(findTestObject("Page_cabi Edit Show - Add Guests/span_guest_name_list"), 5): null

2019-04-09 18:08:08 - [TEST_STEP][PASSED] - guestCount = Integer.parseInt(findTestData("virtualShowData").getValue(20, 1)): null

2019-04-09 18:08:08 - [TEST_STEP][PASSED] - assert listElement.size() == guestCount: null

2019-04-09 18:08:08 - [TEST_STEP][PASSED] - flag = false: null

2019-04-09 18:08:08 - [TEST_STEP][PASSED] - for ([i = 0, i < guestCount, (i++)]): null

2019-04-09 18:08:08 - [TEST_STEP][PASSED] - flag = false: null

2019-04-09 18:08:08 - [TEST_STEP][PASSED] - for (org.openqa.selenium.WebElement we : listElement): null

2019-04-09 18:08:08 - [TEST_STEP][PASSED] - println(we.getText()): null

2019-04-09 18:08:08 - [TEST_STEP][PASSED] - if (getText().equals(findTestData("virtualShowData").getValue(21 + i, 1))): null

2019-04-09 18:08:08 - [TEST_STEP][PASSED] - println(we.getText()): null

2019-04-09 18:08:09 - [TEST_STEP][PASSED] - if (getText().equals(findTestData("virtualShowData").getValue(21 + i, 1))): null

2019-04-09 18:08:09 - [TEST_STEP][PASSED] - flag = true: null

2019-04-09 18:08:09 - [TEST_STEP][PASSED] - flag = false: null

2019-04-09 18:08:09 - [TEST_STEP][PASSED] - for (org.openqa.selenium.WebElement we : listElement): null

2019-04-09 18:08:09 - [TEST_STEP][PASSED] - println(we.getText()): null

2019-04-09 18:08:09 - [TEST_STEP][PASSED] - if (getText().equals(findTestData("virtualShowData").getValue(21 + i, 1))): null

2019-04-09 18:08:09 - [TEST_STEP][PASSED] - flag = true: null

2019-04-09 18:08:09 - [TEST_STEP][PASSED] - println(we.getText()): null

2019-04-09 18:08:09 - [TEST_STEP][PASSED] - if (getText().equals(findTestData("virtualShowData").getValue(21 + i, 1))): null

2019-04-09 18:08:09 - [TEST_STEP][PASSED] - assert flag == true: null

2019-04-09 18:08:09 - [TEST_STEP][PASSED] - click(findTestObject("Page_cabi Edit Show - Add Guests/input_Next")): Object: 'Object Repository/Page_cabi Edit Show - Add Guests/input_Next' is clicked on

2019-04-09 18:08:12 - [MESSAGE][PASSED] - Object: 'Object Repository/Page_cabi Edit Show - Add Guests/input_Next' is clicked on

2019-04-09 18:08:12 - [TEST_STEP][PASSED] - delay(5): Delayed 5 second(s)

2019-04-09 18:08:17 - [MESSAGE][PASSED] - Delayed 5 second(s)

2019-04-09 18:08:17 - [TEST_STEP][PASSED] - click(findTestObject("Page_cabi Edit Show - Send Invitations/input_Overview")): Object: 'Object Repository/Page_cabi Edit Show - Send Invitations/input_Overview' is clicked on

2019-04-09 18:08:19 - [MESSAGE][PASSED] - Object: 'Object Repository/Page_cabi Edit Show - Send Invitations/input_Overview' is clicked on

2019-04-09 18:08:19 - [TEST_STEP][PASSED] - showID = getText(findTestObject("Page_cabi Orders/li_Show_ID_Text")): Text of object 'Object Repository/Page_cabi Orders/li_Show_ID_Text' is: 'Show #: 104516892'

2019-04-09 18:08:19 - [MESSAGE][PASSED] - Text of object 'Object Repository/Page_cabi Orders/li_Show_ID_Text' is: 'Show #: 104516892'

2019-04-09 18:08:19 - [TEST_STEP][PASSED] - rightClick(findTestObject("Object Repository/Page_cabi Orders/a_Account")): Object: 'Object Repository/Page_cabi Orders/a_Account' is right clicked on

2019-04-09 18:08:19 - [MESSAGE][PASSED] - Object: 'Object Repository/Page_cabi Orders/a_Account' is right clicked on

2019-04-09 18:08:19 - [TEST_STEP][PASSED] - click(findTestObject("Object Repository/Page_cabi Orders/a_My Profile")): Object: 'Object Repository/Page_cabi Orders/a_My Profile' is clicked on

2019-04-09 18:08:21 - [MESSAGE][PASSED] - Object: 'Object Repository/Page_cabi Orders/a_My Profile' is clicked on

2019-04-09 18:08:21 - [TEST_STEP][PASSED] - rsName = getText(findTestObject("Page_cabi My Profile/span_rsName")): Text of object 'Object Repository/Page_cabi My Profile/span_rsName' is: 'MirandaKate'

2019-04-09 18:08:21 - [MESSAGE][PASSED] - Text of object 'Object Repository/Page_cabi My Profile/span_rsName' is: 'MirandaKate'

2019-04-09 18:08:21 - [TEST_STEP][PASSED] - cabitTestEnvt = findTestData("virtualShowData").getValue(8, 1): null

2019-04-09 18:08:21 - [TEST_STEP][PASSED] - micrositeURL = WriteExcel.createURL(rsName, cabitTestEnvt, showID): null

2019-04-09 18:08:21 - [TEST_STEP][PASSED] - myPack.WriteExcel.demoKey(micrositeURL): myPack.WriteExcel.demoKey is PASSED

2019-04-09 18:08:21 - [MESSAGE][PASSED] - myPack.WriteExcel.demoKey is PASSED

2019-04-09 18:08:21 - [TEST_STEP][PASSED] - closeBrowser(): Browser is closed

2019-04-09 18:08:22 - [MESSAGE][PASSED] - Browser is closed]]></system-out>
         <system-err><![CDATA[]]></system-err>
      </testcase>
      <testcase name="Test Cases/micrositeRSVPValidUser" classname="Test Cases/micrositeRSVPValidUser" status="FAILED">
         <failure type="FAILED" message="Test Cases/micrositeRSVPValidUser FAILED.
Reason:
com.kms.katalon.core.exception.StepFailedException: Verify element text of test object 'Object Repository/Page_Show microsite - Cabi Fall 2018 Collection/h1_Youre invited (1)' FAILED.
	at com.kms.katalon.core.keyword.internal.KeywordMain.stepFailed(KeywordMain.groovy:48)
	at com.kms.katalon.core.webui.keyword.internal.WebUIKeywordMain.stepFailed(WebUIKeywordMain.groovy:65)
	at com.kms.katalon.core.webui.keyword.internal.WebUIKeywordMain.runKeyword(WebUIKeywordMain.groovy:27)
	at com.kms.katalon.core.webui.keyword.builtin.VerifyElementTextKeyword.verifyElementText(VerifyElementTextKeyword.groovy:72)
	at com.kms.katalon.core.webui.keyword.builtin.VerifyElementTextKeyword.execute(VerifyElementTextKeyword.groovy:40)
	at com.kms.katalon.core.keyword.internal.KeywordExecutor.executeKeywordForPlatform(KeywordExecutor.groovy:56)
	at com.kms.katalon.core.webui.keyword.WebUiBuiltInKeywords.verifyElementText(WebUiBuiltInKeywords.groovy:3663)
	at com.kms.katalon.core.webui.keyword.WebUiBuiltInKeywords$verifyElementText$4.call(Unknown Source)
	at micrositeRSVPValidUser.run(micrositeRSVPValidUser:155)
	at com.kms.katalon.core.main.ScriptEngine.run(ScriptEngine.java:194)
	at com.kms.katalon.core.main.ScriptEngine.runScriptAsRawText(ScriptEngine.java:119)
	at com.kms.katalon.core.main.TestCaseExecutor.runScript(TestCaseExecutor.java:331)
	at com.kms.katalon.core.main.TestCaseExecutor.doExecute(TestCaseExecutor.java:322)
	at com.kms.katalon.core.main.TestCaseExecutor.processExecutionPhase(TestCaseExecutor.java:301)
	at com.kms.katalon.core.main.TestCaseExecutor.accessMainPhase(TestCaseExecutor.java:293)
	at com.kms.katalon.core.main.TestCaseExecutor.execute(TestCaseExecutor.java:227)
	at com.kms.katalon.core.main.TestSuiteExecutor.accessTestCaseMainPhase(TestSuiteExecutor.java:129)
	at com.kms.katalon.core.main.TestSuiteExecutor.accessTestSuiteMainPhase(TestSuiteExecutor.java:112)
	at com.kms.katalon.core.main.TestSuiteExecutor.execute(TestSuiteExecutor.java:81)
	at com.kms.katalon.core.main.TestCaseMain.startTestSuite(TestCaseMain.java:157)
	at com.kms.katalon.core.main.TestCaseMain$startTestSuite$0.call(Unknown Source)
	at TempTestSuite1554813411892.run(TempTestSuite1554813411892.groovy:35)
"/>
         <system-out><![CDATA[2019-04-09 18:08:22 - [TEST_CASE][FAILED] - Test Cases/micrositeRSVPValidUser: Test Cases/micrositeRSVPValidUser FAILED.
Reason:
com.kms.katalon.core.exception.StepFailedException: Verify element text of test object 'Object Repository/Page_Show microsite - Cabi Fall 2018 Collection/h1_Youre invited (1)' FAILED.
	at com.kms.katalon.core.keyword.internal.KeywordMain.stepFailed(KeywordMain.groovy:48)
	at com.kms.katalon.core.webui.keyword.internal.WebUIKeywordMain.stepFailed(WebUIKeywordMain.groovy:65)
	at com.kms.katalon.core.webui.keyword.internal.WebUIKeywordMain.runKeyword(WebUIKeywordMain.groovy:27)
	at com.kms.katalon.core.webui.keyword.builtin.VerifyElementTextKeyword.verifyElementText(VerifyElementTextKeyword.groovy:72)
	at com.kms.katalon.core.webui.keyword.builtin.VerifyElementTextKeyword.execute(VerifyElementTextKeyword.groovy:40)
	at com.kms.katalon.core.keyword.internal.KeywordExecutor.executeKeywordForPlatform(KeywordExecutor.groovy:56)
	at com.kms.katalon.core.webui.keyword.WebUiBuiltInKeywords.verifyElementText(WebUiBuiltInKeywords.groovy:3663)
	at com.kms.katalon.core.webui.keyword.WebUiBuiltInKeywords$verifyElementText$4.call(Unknown Source)
	at micrositeRSVPValidUser.run(micrositeRSVPValidUser:155)
	at com.kms.katalon.core.main.ScriptEngine.run(ScriptEngine.java:194)
	at com.kms.katalon.core.main.ScriptEngine.runScriptAsRawText(ScriptEngine.java:119)
	at com.kms.katalon.core.main.TestCaseExecutor.runScript(TestCaseExecutor.java:331)
	at com.kms.katalon.core.main.TestCaseExecutor.doExecute(TestCaseExecutor.java:322)
	at com.kms.katalon.core.main.TestCaseExecutor.processExecutionPhase(TestCaseExecutor.java:301)
	at com.kms.katalon.core.main.TestCaseExecutor.accessMainPhase(TestCaseExecutor.java:293)
	at com.kms.katalon.core.main.TestCaseExecutor.execute(TestCaseExecutor.java:227)
	at com.kms.katalon.core.main.TestSuiteExecutor.accessTestCaseMainPhase(TestSuiteExecutor.java:129)
	at com.kms.katalon.core.main.TestSuiteExecutor.accessTestSuiteMainPhase(TestSuiteExecutor.java:112)
	at com.kms.katalon.core.main.TestSuiteExecutor.execute(TestSuiteExecutor.java:81)
	at com.kms.katalon.core.main.TestCaseMain.startTestSuite(TestCaseMain.java:157)
	at com.kms.katalon.core.main.TestCaseMain$startTestSuite$0.call(Unknown Source)
	at TempTestSuite1554813411892.run(TempTestSuite1554813411892.groovy:35)


2019-04-09 18:08:23 - [TEST_STEP][PASSED] - openBrowser(""): Browser is opened with url: ''

2019-04-09 18:08:23 - [MESSAGE][INFO] - Starting 'Chrome' driver

2019-04-09 18:08:25 - [MESSAGE][PASSED] - Browser is opened with url: ''

2019-04-09 18:08:25 - [TEST_STEP][PASSED] - maximizeWindow(): Current window maximized

2019-04-09 18:08:26 - [MESSAGE][PASSED] - Current window maximized

2019-04-09 18:08:26 - [TEST_STEP][PASSED] - navigateToUrl(findTestData("virtualShowData").getValue(1, 5)): Navigate to 'https://pushofbiz.cliotest.com/login.php' successfully

2019-04-09 18:08:28 - [MESSAGE][PASSED] - Navigate to 'https://pushofbiz.cliotest.com/login.php' successfully

2019-04-09 18:08:28 - [TEST_STEP][PASSED] - setText(findTestObject("Page_/input_Username_username"), findTestData("virtualShowData").getValue(2, 5)): Text 'sshinde' is set on object 'Object Repository/Page_/input_Username_username'

2019-04-09 18:08:28 - [MESSAGE][PASSED] - Text 'sshinde' is set on object 'Object Repository/Page_/input_Username_username'

2019-04-09 18:08:28 - [TEST_STEP][PASSED] - setText(findTestObject("Page_/input_Password_password"), findTestData("virtualShowData").getValue(3, 5)): Text 'C@bi$ush5' is set on object 'Object Repository/Page_/input_Password_password'

2019-04-09 18:08:28 - [MESSAGE][PASSED] - Text 'C@bi$ush5' is set on object 'Object Repository/Page_/input_Password_password'

2019-04-09 18:08:28 - [TEST_STEP][PASSED] - click(findTestObject("Page_/input_Password_Submit")): Object: 'Object Repository/Page_/input_Password_Submit' is clicked on

2019-04-09 18:08:31 - [MESSAGE][PASSED] - Object: 'Object Repository/Page_/input_Password_Submit' is clicked on

2019-04-09 18:08:31 - [TEST_STEP][PASSED] - click(findTestObject("Page_/a_Set Vhost")): Object: 'Object Repository/Page_/a_Set Vhost' is clicked on

2019-04-09 18:08:31 - [MESSAGE][PASSED] - Object: 'Object Repository/Page_/a_Set Vhost' is clicked on

2019-04-09 18:08:31 - [TEST_STEP][PASSED] - selectOptionByValue(findTestObject("Page_/select_cabitestcabitest2cabitest3cabitest4cabitest5virtual_cabitest18virtual_cabitest19virtual_cabitest21virtual_cabitest6virtual_cabitest7virtual_cabitest8virtual_cabitest9"), "19", true): All options with value '19' are selected in object 'Object Repository/Page_/select_cabitestcabitest2cabitest3cabitest4cabitest5virtual_cabitest18virtual_cabitest19virtual_cabitest21virtual_cabitest6virtual_cabitest7virtual_cabitest8virtual_cabitest9'  using regular expression

2019-04-09 18:08:32 - [MESSAGE][PASSED] - All options with value '19' are selected in object 'Object Repository/Page_/select_cabitestcabitest2cabitest3cabitest4cabitest5virtual_cabitest18virtual_cabitest19virtual_cabitest21virtual_cabitest6virtual_cabitest7virtual_cabitest8virtual_cabitest9'  using regular expression

2019-04-09 18:08:32 - [TEST_STEP][PASSED] - click(findTestObject("Page_/input")): Object: 'Object Repository/Page_/input' is clicked on

2019-04-09 18:08:34 - [MESSAGE][PASSED] - Object: 'Object Repository/Page_/input' is clicked on

2019-04-09 18:08:34 - [TEST_STEP][PASSED] - navigateToUrl(findTestData("virtualShowData").getValue(1, 2)): Navigate to 'https://mirandakate.cabitest5.com/show-microsite/104516892/' successfully

2019-04-09 18:08:50 - [MESSAGE][PASSED] - Navigate to 'https://mirandakate.cabitest5.com/show-microsite/104516892/' successfully

2019-04-09 18:08:50 - [TEST_STEP][PASSED] - delay(12): Delayed 12 second(s)

2019-04-09 18:09:02 - [MESSAGE][PASSED] - Delayed 12 second(s)

2019-04-09 18:09:02 - [TEST_STEP][PASSED] - verifyElementText(findTestObject("Object Repository/Page_Show microsite - Cabi Fall 2018 Collection/h1_Youre invited"), "You're invited"): Actual text and expected text of test object 'Object Repository/Page_Show microsite - Cabi Fall 2018 Collection/h1_Youre invited' are matched.

2019-04-09 18:09:02 - [MESSAGE][PASSED] - Actual text and expected text of test object 'Object Repository/Page_Show microsite - Cabi Fall 2018 Collection/h1_Youre invited' are matched.

2019-04-09 18:09:02 - [TEST_STEP][PASSED] - click(findTestObject("Object Repository/Page_Show microsite - Cabi Fall 2018 Collection/button_Login to RSVP")): Object: 'Object Repository/Page_Show microsite - Cabi Fall 2018 Collection/button_Login to RSVP' is clicked on

2019-04-09 18:09:02 - [MESSAGE][PASSED] - Object: 'Object Repository/Page_Show microsite - Cabi Fall 2018 Collection/button_Login to RSVP' is clicked on

2019-04-09 18:09:02 - [TEST_STEP][PASSED] - setText(findTestObject("Object Repository/Page_Show microsite - Cabi Fall 2018 Collection/input_Sign in  Create account_email"), findTestData("virtualShowData").getValue(13, 1)): Text 'neoguest1ab@test.com' is set on object 'Object Repository/Page_Show microsite - Cabi Fall 2018 Collection/input_Sign in  Create account_email'

2019-04-09 18:09:05 - [MESSAGE][PASSED] - Text 'neoguest1ab@test.com' is set on object 'Object Repository/Page_Show microsite - Cabi Fall 2018 Collection/input_Sign in  Create account_email'

2019-04-09 18:09:05 - [TEST_STEP][PASSED] - click(findTestObject("Object Repository/Page_Show microsite - Cabi Fall 2018 Collection/button_Continue")): Object: 'Object Repository/Page_Show microsite - Cabi Fall 2018 Collection/button_Continue' is clicked on

2019-04-09 18:09:05 - [MESSAGE][PASSED] - Object: 'Object Repository/Page_Show microsite - Cabi Fall 2018 Collection/button_Continue' is clicked on

2019-04-09 18:09:05 - [TEST_STEP][PASSED] - delay(5): Delayed 5 second(s)

2019-04-09 18:09:10 - [MESSAGE][PASSED] - Delayed 5 second(s)

2019-04-09 18:09:10 - [TEST_STEP][PASSED] - setText(findTestObject("Object Repository/Page_Show microsite - Cabi Fall 2018 Collection/input_Welcome_password"), findTestData("virtualShowData").getValue(14, 1)): Text 'blackdress19' is set on object 'Object Repository/Page_Show microsite - Cabi Fall 2018 Collection/input_Welcome_password'

2019-04-09 18:09:11 - [MESSAGE][PASSED] - Text 'blackdress19' is set on object 'Object Repository/Page_Show microsite - Cabi Fall 2018 Collection/input_Welcome_password'

2019-04-09 18:09:11 - [TEST_STEP][PASSED] - click(findTestObject("Object Repository/Page_Show microsite - Cabi Fall 2018 Collection/button_Continue")): Object: 'Object Repository/Page_Show microsite - Cabi Fall 2018 Collection/button_Continue' is clicked on

2019-04-09 18:09:11 - [MESSAGE][PASSED] - Object: 'Object Repository/Page_Show microsite - Cabi Fall 2018 Collection/button_Continue' is clicked on

2019-04-09 18:09:11 - [TEST_STEP][PASSED] - delay(5): Delayed 5 second(s)

2019-04-09 18:09:16 - [MESSAGE][PASSED] - Delayed 5 second(s)

2019-04-09 18:09:16 - [TEST_STEP][PASSED] - if (verifyElementPresent(findTestObject("Page_Show microsite - Cabi Fall 2018 Collection/complete_my_profile_later"), 0)): Object: 'Object Repository/Page_Show microsite - Cabi Fall 2018 Collection/div_Ill complete my profile later' is clicked on

2019-04-09 18:09:16 - [MESSAGE][WARNING] - Timeout '0' is invalid. Using default page load timeout: '30'

2019-04-09 18:09:16 - [MESSAGE][PASSED] - Object 'Object Repository/Page_Show microsite - Cabi Fall 2018 Collection/complete_my_profile_later' is present

2019-04-09 18:09:16 - [TEST_STEP][PASSED] - click(findTestObject("Object Repository/Page_Show microsite - Cabi Fall 2018 Collection/div_Ill complete my profile later")): Object: 'Object Repository/Page_Show microsite - Cabi Fall 2018 Collection/div_Ill complete my profile later' is clicked on

2019-04-09 18:09:22 - [MESSAGE][PASSED] - Object: 'Object Repository/Page_Show microsite - Cabi Fall 2018 Collection/div_Ill complete my profile later' is clicked on

2019-04-09 18:09:22 - [TEST_STEP][PASSED] - listElement = findWebElements(findTestObject("Page_Show microsite - Cabi Fall 2018 Collection/div_Update your RSVP"), 5): Unable to find the element located by 'By.xpath: //*[contains(text(), 'Update your RSVP')]'. Please recheck the objects properties to make sure the desired element is located. 

2019-04-09 18:09:27 - [MESSAGE][INFO] - Unable to find the element located by 'By.xpath: //*[contains(text(), 'Update your RSVP')]'. Please recheck the objects properties to make sure the desired element is located. 

2019-04-09 18:09:27 - [TEST_STEP][PASSED] - if (empty): Actual text and expected text of test object 'Object Repository/Page_Show microsite - Cabi Fall 2018 Collection/h2_Were so glad you can make it.' are matched.

2019-04-09 18:09:27 - [TEST_STEP][PASSED] - println("list is empty"): null

2019-04-09 18:09:27 - [TEST_STEP][PASSED] - println("RSVP is not updated"): null

2019-04-09 18:09:27 - [TEST_STEP][PASSED] - click(findTestObject("Object Repository/Page_Show microsite - Cabi Fall 2018 Collection/button_RSVP")): Object: 'Object Repository/Page_Show microsite - Cabi Fall 2018 Collection/button_RSVP' is clicked on

2019-04-09 18:09:28 - [MESSAGE][PASSED] - Object: 'Object Repository/Page_Show microsite - Cabi Fall 2018 Collection/button_RSVP' is clicked on

2019-04-09 18:09:28 - [TEST_STEP][PASSED] - selectOptionByValue(findTestObject("Object Repository/Page_Show microsite - Cabi Fall 2018 Collection/select_RSVPYes Im joiningMaybeNo I cant make it"), "Yes", true): All options with value 'Yes' are selected in object 'Object Repository/Page_Show microsite - Cabi Fall 2018 Collection/select_RSVPYes Im joiningMaybeNo I cant make it'  using regular expression

2019-04-09 18:09:28 - [MESSAGE][PASSED] - All options with value 'Yes' are selected in object 'Object Repository/Page_Show microsite - Cabi Fall 2018 Collection/select_RSVPYes Im joiningMaybeNo I cant make it'  using regular expression

2019-04-09 18:09:28 - [TEST_STEP][PASSED] - click(findTestObject("Object Repository/Page_Show microsite - Cabi Fall 2018 Collection/button_SEND")): Object: 'Object Repository/Page_Show microsite - Cabi Fall 2018 Collection/button_SEND' is clicked on

2019-04-09 18:09:28 - [MESSAGE][PASSED] - Object: 'Object Repository/Page_Show microsite - Cabi Fall 2018 Collection/button_SEND' is clicked on

2019-04-09 18:09:28 - [TEST_STEP][PASSED] - delay(4): Delayed 4 second(s)

2019-04-09 18:09:32 - [MESSAGE][PASSED] - Delayed 4 second(s)

2019-04-09 18:09:32 - [TEST_STEP][PASSED] - verifyElementText(findTestObject("Object Repository/Page_Show microsite - Cabi Fall 2018 Collection/h2_Were so glad you can make it."), "We're so glad you can make it."): Actual text and expected text of test object 'Object Repository/Page_Show microsite - Cabi Fall 2018 Collection/h2_Were so glad you can make it.' are matched.

2019-04-09 18:09:32 - [MESSAGE][PASSED] - Actual text and expected text of test object 'Object Repository/Page_Show microsite - Cabi Fall 2018 Collection/h2_Were so glad you can make it.' are matched.

2019-04-09 18:09:32 - [TEST_STEP][PASSED] - delay(5): Delayed 5 second(s)

2019-04-09 18:09:37 - [MESSAGE][PASSED] - Delayed 5 second(s)

2019-04-09 18:09:37 - [TEST_STEP][PASSED] - click(findTestObject("Object Repository/Page_Show microsite - Cabi Fall 2018 Collection/div_Update your RSVP")): Object: 'Object Repository/Page_Show microsite - Cabi Fall 2018 Collection/div_Update your RSVP' is clicked on

2019-04-09 18:09:37 - [MESSAGE][PASSED] - Object: 'Object Repository/Page_Show microsite - Cabi Fall 2018 Collection/div_Update your RSVP' is clicked on

2019-04-09 18:09:37 - [TEST_STEP][PASSED] - delay(5): Delayed 5 second(s)

2019-04-09 18:09:42 - [MESSAGE][PASSED] - Delayed 5 second(s)

2019-04-09 18:09:42 - [TEST_STEP][PASSED] - selectOptionByValue(findTestObject("Object Repository/Page_Show microsite - Cabi Fall 2018 Collection/select_RSVPYes Im joiningMaybeNo I cant make it"), "Maybe", true): All options with value 'Maybe' are selected in object 'Object Repository/Page_Show microsite - Cabi Fall 2018 Collection/select_RSVPYes Im joiningMaybeNo I cant make it'  using regular expression

2019-04-09 18:09:42 - [MESSAGE][PASSED] - All options with value 'Maybe' are selected in object 'Object Repository/Page_Show microsite - Cabi Fall 2018 Collection/select_RSVPYes Im joiningMaybeNo I cant make it'  using regular expression

2019-04-09 18:09:42 - [TEST_STEP][PASSED] - selectOptionByValue(findTestObject("Object Repository/Page_Show microsite - Cabi Fall 2018 Collection/select_RSVPYes Im joiningMaybeNo I cant make it"), "No", true): All options with value 'No' are selected in object 'Object Repository/Page_Show microsite - Cabi Fall 2018 Collection/select_RSVPYes Im joiningMaybeNo I cant make it'  using regular expression

2019-04-09 18:09:43 - [MESSAGE][PASSED] - All options with value 'No' are selected in object 'Object Repository/Page_Show microsite - Cabi Fall 2018 Collection/select_RSVPYes Im joiningMaybeNo I cant make it'  using regular expression

2019-04-09 18:09:43 - [TEST_STEP][PASSED] - selectOptionByValue(findTestObject("Object Repository/Page_Show microsite - Cabi Fall 2018 Collection/select_RSVPYes Im joiningMaybeNo I cant make it"), "Maybe", true): All options with value 'Maybe' are selected in object 'Object Repository/Page_Show microsite - Cabi Fall 2018 Collection/select_RSVPYes Im joiningMaybeNo I cant make it'  using regular expression

2019-04-09 18:09:43 - [MESSAGE][PASSED] - All options with value 'Maybe' are selected in object 'Object Repository/Page_Show microsite - Cabi Fall 2018 Collection/select_RSVPYes Im joiningMaybeNo I cant make it'  using regular expression

2019-04-09 18:09:43 - [TEST_STEP][PASSED] - click(findTestObject("Page_Show microsite - Cabi Fall 2018 Collection/button_SEND")): Object: 'Object Repository/Page_Show microsite - Cabi Fall 2018 Collection/button_SEND' is clicked on

2019-04-09 18:09:43 - [MESSAGE][PASSED] - Object: 'Object Repository/Page_Show microsite - Cabi Fall 2018 Collection/button_SEND' is clicked on

2019-04-09 18:09:43 - [TEST_STEP][PASSED] - delay(5): Delayed 5 second(s)

2019-04-09 18:09:48 - [MESSAGE][PASSED] - Delayed 5 second(s)

2019-04-09 18:09:48 - [TEST_STEP][PASSED] - verifyElementText(findTestObject("Object Repository/Page_Show microsite - Cabi Fall 2018 Collection/h2_We hope youll be able to attend."), "We hope you'll be able to attend."): Actual text and expected text of test object 'Object Repository/Page_Show microsite - Cabi Fall 2018 Collection/h2_We hope youll be able to attend.' are matched.

2019-04-09 18:09:48 - [MESSAGE][PASSED] - Actual text and expected text of test object 'Object Repository/Page_Show microsite - Cabi Fall 2018 Collection/h2_We hope youll be able to attend.' are matched.

2019-04-09 18:09:48 - [TEST_STEP][PASSED] - click(findTestObject("Object Repository/Page_Show microsite - Cabi Fall 2018 Collection/div_Update your RSVP")): Object: 'Object Repository/Page_Show microsite - Cabi Fall 2018 Collection/div_Update your RSVP' is clicked on

2019-04-09 18:09:48 - [MESSAGE][PASSED] - Object: 'Object Repository/Page_Show microsite - Cabi Fall 2018 Collection/div_Update your RSVP' is clicked on

2019-04-09 18:09:48 - [TEST_STEP][PASSED] - selectOptionByValue(findTestObject("Object Repository/Page_Show microsite - Cabi Fall 2018 Collection/select_RSVPYes Im joiningMaybeNo I cant make it"), "No", true): All options with value 'No' are selected in object 'Object Repository/Page_Show microsite - Cabi Fall 2018 Collection/select_RSVPYes Im joiningMaybeNo I cant make it'  using regular expression

2019-04-09 18:09:48 - [MESSAGE][PASSED] - All options with value 'No' are selected in object 'Object Repository/Page_Show microsite - Cabi Fall 2018 Collection/select_RSVPYes Im joiningMaybeNo I cant make it'  using regular expression

2019-04-09 18:09:48 - [TEST_STEP][PASSED] - click(findTestObject("Object Repository/Page_Show microsite - Cabi Fall 2018 Collection/button_SEND")): Object: 'Object Repository/Page_Show microsite - Cabi Fall 2018 Collection/button_SEND' is clicked on

2019-04-09 18:09:48 - [MESSAGE][PASSED] - Object: 'Object Repository/Page_Show microsite - Cabi Fall 2018 Collection/button_SEND' is clicked on

2019-04-09 18:09:48 - [TEST_STEP][PASSED] - delay(5): Delayed 5 second(s)

2019-04-09 18:09:53 - [MESSAGE][PASSED] - Delayed 5 second(s)

2019-04-09 18:09:53 - [TEST_STEP][PASSED] - verifyElementText(findTestObject("Object Repository/Page_Show microsite - Cabi Fall 2018 Collection/h2_Sorry you cant make it."), "Sorry you can't make it."): Actual text and expected text of test object 'Object Repository/Page_Show microsite - Cabi Fall 2018 Collection/h2_Sorry you cant make it.' are matched.

2019-04-09 18:09:53 - [MESSAGE][PASSED] - Actual text and expected text of test object 'Object Repository/Page_Show microsite - Cabi Fall 2018 Collection/h2_Sorry you cant make it.' are matched.

2019-04-09 18:09:53 - [TEST_STEP][PASSED] - click(findTestObject("Object Repository/Page_Show microsite - Cabi Fall 2018 Collection/div_Update your RSVP")): Object: 'Object Repository/Page_Show microsite - Cabi Fall 2018 Collection/div_Update your RSVP' is clicked on

2019-04-09 18:09:53 - [MESSAGE][PASSED] - Object: 'Object Repository/Page_Show microsite - Cabi Fall 2018 Collection/div_Update your RSVP' is clicked on

2019-04-09 18:09:53 - [TEST_STEP][PASSED] - selectOptionByValue(findTestObject("Object Repository/Page_Show microsite - Cabi Fall 2018 Collection/select_RSVPYes Im joiningMaybeNo I cant make it"), "Yes", true): All options with value 'Yes' are selected in object 'Object Repository/Page_Show microsite - Cabi Fall 2018 Collection/select_RSVPYes Im joiningMaybeNo I cant make it'  using regular expression

2019-04-09 18:09:54 - [MESSAGE][PASSED] - All options with value 'Yes' are selected in object 'Object Repository/Page_Show microsite - Cabi Fall 2018 Collection/select_RSVPYes Im joiningMaybeNo I cant make it'  using regular expression

2019-04-09 18:09:54 - [TEST_STEP][PASSED] - click(findTestObject("Object Repository/Page_Show microsite - Cabi Fall 2018 Collection/button_SEND")): Object: 'Object Repository/Page_Show microsite - Cabi Fall 2018 Collection/button_SEND' is clicked on

2019-04-09 18:09:54 - [MESSAGE][PASSED] - Object: 'Object Repository/Page_Show microsite - Cabi Fall 2018 Collection/button_SEND' is clicked on

2019-04-09 18:09:54 - [TEST_STEP][PASSED] - delay(5): Delayed 5 second(s)

2019-04-09 18:09:59 - [MESSAGE][PASSED] - Delayed 5 second(s)

2019-04-09 18:09:59 - [TEST_STEP][PASSED] - verifyElementText(findTestObject("Object Repository/Page_Show microsite - Cabi Fall 2018 Collection/h2_Were so glad you can make it."), "We're so glad you can make it."): Actual text and expected text of test object 'Object Repository/Page_Show microsite - Cabi Fall 2018 Collection/h2_Were so glad you can make it.' are matched.

2019-04-09 18:09:59 - [MESSAGE][PASSED] - Actual text and expected text of test object 'Object Repository/Page_Show microsite - Cabi Fall 2018 Collection/h2_Were so glad you can make it.' are matched.

2019-04-09 18:09:59 - [TEST_STEP][PASSED] - delay(5): Delayed 5 second(s)

2019-04-09 18:10:04 - [MESSAGE][PASSED] - Delayed 5 second(s)

2019-04-09 18:10:04 - [TEST_STEP][PASSED] - click(findTestObject("Page_Show microsite - Cabi Fall 2018 Collection/profile_dropdown")): Object: 'Object Repository/Page_Show microsite - Cabi Fall 2018 Collection/profile_dropdown' is clicked on

2019-04-09 18:10:04 - [MESSAGE][PASSED] - Object: 'Object Repository/Page_Show microsite - Cabi Fall 2018 Collection/profile_dropdown' is clicked on

2019-04-09 18:10:04 - [TEST_STEP][PASSED] - click(findTestObject("Object Repository/Page_Show microsite - Cabi Fall 2018 Collection/a_Sign Out")): Object: 'Object Repository/Page_Show microsite - Cabi Fall 2018 Collection/a_Sign Out' is clicked on

2019-04-09 18:10:04 - [MESSAGE][PASSED] - Object: 'Object Repository/Page_Show microsite - Cabi Fall 2018 Collection/a_Sign Out' is clicked on

2019-04-09 18:10:04 - [TEST_STEP][PASSED] - click(findTestObject("Object Repository/Page_Show microsite - Cabi Fall 2018 Collection/button_Sign out")): Object: 'Object Repository/Page_Show microsite - Cabi Fall 2018 Collection/button_Sign out' is clicked on

2019-04-09 18:10:04 - [MESSAGE][PASSED] - Object: 'Object Repository/Page_Show microsite - Cabi Fall 2018 Collection/button_Sign out' is clicked on

2019-04-09 18:10:04 - [TEST_STEP][PASSED] - delay(5): Delayed 5 second(s)

2019-04-09 18:10:09 - [MESSAGE][PASSED] - Delayed 5 second(s)

2019-04-09 18:10:09 - [TEST_STEP][PASSED] - navigateToUrl(findTestData("virtualShowData").getValue(1, 2)): Navigate to 'https://mirandakate.cabitest5.com/show-microsite/104516892/' successfully

2019-04-09 18:10:20 - [MESSAGE][PASSED] - Navigate to 'https://mirandakate.cabitest5.com/show-microsite/104516892/' successfully

2019-04-09 18:10:20 - [TEST_STEP][PASSED] - delay(5): Delayed 5 second(s)

2019-04-09 18:10:25 - [MESSAGE][PASSED] - Delayed 5 second(s)

2019-04-09 18:10:25 - [TEST_STEP][FAILED] - verifyElementText(findTestObject("Object Repository/Page_Show microsite - Cabi Fall 2018 Collection/h1_Youre invited (1)"), "You're invited"): verifyElementText(findTestObject("Object Repository/Page_Show microsite - Cabi Fall 2018 Collection/h1_Youre invited (1)"), "You're invited") FAILED.
Reason:
com.kms.katalon.core.exception.StepFailedException: Verify element text of test object 'Object Repository/Page_Show microsite - Cabi Fall 2018 Collection/h1_Youre invited (1)' FAILED.
	at com.kms.katalon.core.keyword.internal.KeywordMain.stepFailed(KeywordMain.groovy:48)
	at com.kms.katalon.core.webui.keyword.internal.WebUIKeywordMain.stepFailed(WebUIKeywordMain.groovy:65)
	at com.kms.katalon.core.webui.keyword.internal.WebUIKeywordMain.runKeyword(WebUIKeywordMain.groovy:27)
	at com.kms.katalon.core.webui.keyword.builtin.VerifyElementTextKeyword.verifyElementText(VerifyElementTextKeyword.groovy:72)
	at com.kms.katalon.core.webui.keyword.builtin.VerifyElementTextKeyword.execute(VerifyElementTextKeyword.groovy:40)
	at com.kms.katalon.core.keyword.internal.KeywordExecutor.executeKeywordForPlatform(KeywordExecutor.groovy:56)
	at com.kms.katalon.core.webui.keyword.WebUiBuiltInKeywords.verifyElementText(WebUiBuiltInKeywords.groovy:3663)
	at com.kms.katalon.core.webui.keyword.WebUiBuiltInKeywords$verifyElementText$4.call(Unknown Source)
	at micrositeRSVPValidUser.run(micrositeRSVPValidUser:155)
	at com.kms.katalon.core.main.ScriptEngine.run(ScriptEngine.java:194)
	at com.kms.katalon.core.main.ScriptEngine.runScriptAsRawText(ScriptEngine.java:119)
	at com.kms.katalon.core.main.TestCaseExecutor.runScript(TestCaseExecutor.java:331)
	at com.kms.katalon.core.main.TestCaseExecutor.doExecute(TestCaseExecutor.java:322)
	at com.kms.katalon.core.main.TestCaseExecutor.processExecutionPhase(TestCaseExecutor.java:301)
	at com.kms.katalon.core.main.TestCaseExecutor.accessMainPhase(TestCaseExecutor.java:293)
	at com.kms.katalon.core.main.TestCaseExecutor.execute(TestCaseExecutor.java:227)
	at com.kms.katalon.core.main.TestSuiteExecutor.accessTestCaseMainPhase(TestSuiteExecutor.java:129)
	at com.kms.katalon.core.main.TestSuiteExecutor.accessTestSuiteMainPhase(TestSuiteExecutor.java:112)
	at com.kms.katalon.core.main.TestSuiteExecutor.execute(TestSuiteExecutor.java:81)
	at com.kms.katalon.core.main.TestCaseMain.startTestSuite(TestCaseMain.java:157)
	at com.kms.katalon.core.main.TestCaseMain$startTestSuite$0.call(Unknown Source)
	at TempTestSuite1554813411892.run(TempTestSuite1554813411892.groovy:35)


2019-04-09 18:10:56 - [MESSAGE][INFO] - Unable to find the element located by 'By.xpath: //div[@id='page']/show-microsite/div/div/div/div/div/div/app-rsvp-panel/div/div/h1'. Please recheck the objects properties to make sure the desired element is located. 

2019-04-09 18:10:56 - [MESSAGE][FAILED] - com.kms.katalon.core.webui.exception.WebElementNotFoundException: Web element with id: 'Object Repository/Page_Show microsite - Cabi Fall 2018 Collection/h1_Youre invited (1)' located by 'By.xpath: //div[@id='page']/show-microsite/div/div/div/div/div/div/app-rsvp-panel/div/div/h1' not found
[[ATTACHMENT|C:\\Users\\user\\Katalon Studio\\ShowMicrositeTesting\\Reports\\MicrositeTestSuite\\20190409_180651\\1554813656103.png]]

2019-04-09 18:10:56 - [MESSAGE][FAILED] - Verify element text of test object 'Object Repository/Page_Show microsite - Cabi Fall 2018 Collection/h1_Youre invited (1)' FAILED.
[[ATTACHMENT|C:\\Users\\user\\Katalon Studio\\ShowMicrositeTesting\\Reports\\MicrositeTestSuite\\20190409_180651\\1554813656550.png]]

2019-04-09 18:10:56 - [MESSAGE][FAILED] - verifyElementText(findTestObject("Object Repository/Page_Show microsite - Cabi Fall 2018 Collection/h1_Youre invited (1)"), "You're invited") FAILED.
Reason:
com.kms.katalon.core.exception.StepFailedException: Verify element text of test object 'Object Repository/Page_Show microsite - Cabi Fall 2018 Collection/h1_Youre invited (1)' FAILED.
	at com.kms.katalon.core.keyword.internal.KeywordMain.stepFailed(KeywordMain.groovy:48)
	at com.kms.katalon.core.webui.keyword.internal.WebUIKeywordMain.stepFailed(WebUIKeywordMain.groovy:65)
	at com.kms.katalon.core.webui.keyword.internal.WebUIKeywordMain.runKeyword(WebUIKeywordMain.groovy:27)
	at com.kms.katalon.core.webui.keyword.builtin.VerifyElementTextKeyword.verifyElementText(VerifyElementTextKeyword.groovy:72)
	at com.kms.katalon.core.webui.keyword.builtin.VerifyElementTextKeyword.execute(VerifyElementTextKeyword.groovy:40)
	at com.kms.katalon.core.keyword.internal.KeywordExecutor.executeKeywordForPlatform(KeywordExecutor.groovy:56)
	at com.kms.katalon.core.webui.keyword.WebUiBuiltInKeywords.verifyElementText(WebUiBuiltInKeywords.groovy:3663)
	at com.kms.katalon.core.webui.keyword.WebUiBuiltInKeywords$verifyElementText$4.call(Unknown Source)
	at micrositeRSVPValidUser.run(micrositeRSVPValidUser:155)
	at com.kms.katalon.core.main.ScriptEngine.run(ScriptEngine.java:194)
	at com.kms.katalon.core.main.ScriptEngine.runScriptAsRawText(ScriptEngine.java:119)
	at com.kms.katalon.core.main.TestCaseExecutor.runScript(TestCaseExecutor.java:331)
	at com.kms.katalon.core.main.TestCaseExecutor.doExecute(TestCaseExecutor.java:322)
	at com.kms.katalon.core.main.TestCaseExecutor.processExecutionPhase(TestCaseExecutor.java:301)
	at com.kms.katalon.core.main.TestCaseExecutor.accessMainPhase(TestCaseExecutor.java:293)
	at com.kms.katalon.core.main.TestCaseExecutor.execute(TestCaseExecutor.java:227)
	at com.kms.katalon.core.main.TestSuiteExecutor.accessTestCaseMainPhase(TestSuiteExecutor.java:129)
	at com.kms.katalon.core.main.TestSuiteExecutor.accessTestSuiteMainPhase(TestSuiteExecutor.java:112)
	at com.kms.katalon.core.main.TestSuiteExecutor.execute(TestSuiteExecutor.java:81)
	at com.kms.katalon.core.main.TestCaseMain.startTestSuite(TestCaseMain.java:157)
	at com.kms.katalon.core.main.TestCaseMain$startTestSuite$0.call(Unknown Source)
	at TempTestSuite1554813411892.run(TempTestSuite1554813411892.groovy:35)]]></system-out>
         <system-err><![CDATA[2019-04-09 18:08:22 - [TEST_CASE][FAILED] - Test Cases/micrositeRSVPValidUser: Test Cases/micrositeRSVPValidUser FAILED.
Reason:
com.kms.katalon.core.exception.StepFailedException: Verify element text of test object 'Object Repository/Page_Show microsite - Cabi Fall 2018 Collection/h1_Youre invited (1)' FAILED.
	at com.kms.katalon.core.keyword.internal.KeywordMain.stepFailed(KeywordMain.groovy:48)
	at com.kms.katalon.core.webui.keyword.internal.WebUIKeywordMain.stepFailed(WebUIKeywordMain.groovy:65)
	at com.kms.katalon.core.webui.keyword.internal.WebUIKeywordMain.runKeyword(WebUIKeywordMain.groovy:27)
	at com.kms.katalon.core.webui.keyword.builtin.VerifyElementTextKeyword.verifyElementText(VerifyElementTextKeyword.groovy:72)
	at com.kms.katalon.core.webui.keyword.builtin.VerifyElementTextKeyword.execute(VerifyElementTextKeyword.groovy:40)
	at com.kms.katalon.core.keyword.internal.KeywordExecutor.executeKeywordForPlatform(KeywordExecutor.groovy:56)
	at com.kms.katalon.core.webui.keyword.WebUiBuiltInKeywords.verifyElementText(WebUiBuiltInKeywords.groovy:3663)
	at com.kms.katalon.core.webui.keyword.WebUiBuiltInKeywords$verifyElementText$4.call(Unknown Source)
	at micrositeRSVPValidUser.run(micrositeRSVPValidUser:155)
	at com.kms.katalon.core.main.ScriptEngine.run(ScriptEngine.java:194)
	at com.kms.katalon.core.main.ScriptEngine.runScriptAsRawText(ScriptEngine.java:119)
	at com.kms.katalon.core.main.TestCaseExecutor.runScript(TestCaseExecutor.java:331)
	at com.kms.katalon.core.main.TestCaseExecutor.doExecute(TestCaseExecutor.java:322)
	at com.kms.katalon.core.main.TestCaseExecutor.processExecutionPhase(TestCaseExecutor.java:301)
	at com.kms.katalon.core.main.TestCaseExecutor.accessMainPhase(TestCaseExecutor.java:293)
	at com.kms.katalon.core.main.TestCaseExecutor.execute(TestCaseExecutor.java:227)
	at com.kms.katalon.core.main.TestSuiteExecutor.accessTestCaseMainPhase(TestSuiteExecutor.java:129)
	at com.kms.katalon.core.main.TestSuiteExecutor.accessTestSuiteMainPhase(TestSuiteExecutor.java:112)
	at com.kms.katalon.core.main.TestSuiteExecutor.execute(TestSuiteExecutor.java:81)
	at com.kms.katalon.core.main.TestCaseMain.startTestSuite(TestCaseMain.java:157)
	at com.kms.katalon.core.main.TestCaseMain$startTestSuite$0.call(Unknown Source)
	at TempTestSuite1554813411892.run(TempTestSuite1554813411892.groovy:35)]]></system-err>
      </testcase>
      <system-out><![CDATA[2019-04-09 18:06:55 - [TEST_SUITE][FAILED] - MicrositeTestSuite: Test Cases/micrositeRSVPValidUser FAILED.
Reason:
com.kms.katalon.core.exception.StepFailedException: Verify element text of test object 'Object Repository/Page_Show microsite - Cabi Fall 2018 Collection/h1_Youre invited (1)' FAILED.
	at com.kms.katalon.core.keyword.internal.KeywordMain.stepFailed(KeywordMain.groovy:48)
	at com.kms.katalon.core.webui.keyword.internal.WebUIKeywordMain.stepFailed(WebUIKeywordMain.groovy:65)
	at com.kms.katalon.core.webui.keyword.internal.WebUIKeywordMain.runKeyword(WebUIKeywordMain.groovy:27)
	at com.kms.katalon.core.webui.keyword.builtin.VerifyElementTextKeyword.verifyElementText(VerifyElementTextKeyword.groovy:72)
	at com.kms.katalon.core.webui.keyword.builtin.VerifyElementTextKeyword.execute(VerifyElementTextKeyword.groovy:40)
	at com.kms.katalon.core.keyword.internal.KeywordExecutor.executeKeywordForPlatform(KeywordExecutor.groovy:56)
	at com.kms.katalon.core.webui.keyword.WebUiBuiltInKeywords.verifyElementText(WebUiBuiltInKeywords.groovy:3663)
	at com.kms.katalon.core.webui.keyword.WebUiBuiltInKeywords$verifyElementText$4.call(Unknown Source)
	at micrositeRSVPValidUser.run(micrositeRSVPValidUser:155)
	at com.kms.katalon.core.main.ScriptEngine.run(ScriptEngine.java:194)
	at com.kms.katalon.core.main.ScriptEngine.runScriptAsRawText(ScriptEngine.java:119)
	at com.kms.katalon.core.main.TestCaseExecutor.runScript(TestCaseExecutor.java:331)
	at com.kms.katalon.core.main.TestCaseExecutor.doExecute(TestCaseExecutor.java:322)
	at com.kms.katalon.core.main.TestCaseExecutor.processExecutionPhase(TestCaseExecutor.java:301)
	at com.kms.katalon.core.main.TestCaseExecutor.accessMainPhase(TestCaseExecutor.java:293)
	at com.kms.katalon.core.main.TestCaseExecutor.execute(TestCaseExecutor.java:227)
	at com.kms.katalon.core.main.TestSuiteExecutor.accessTestCaseMainPhase(TestSuiteExecutor.java:129)
	at com.kms.katalon.core.main.TestSuiteExecutor.accessTestSuiteMainPhase(TestSuiteExecutor.java:112)
	at com.kms.katalon.core.main.TestSuiteExecutor.execute(TestSuiteExecutor.java:81)
	at com.kms.katalon.core.main.TestCaseMain.startTestSuite(TestCaseMain.java:157)
	at com.kms.katalon.core.main.TestCaseMain$startTestSuite$0.call(Unknown Source)
	at TempTestSuite1554813411892.run(TempTestSuite1554813411892.groovy:35)]]></system-out>
      <system-err><![CDATA[2019-04-09 18:06:55 - [TEST_SUITE][FAILED] - MicrositeTestSuite: Test Cases/micrositeRSVPValidUser FAILED.
Reason:
com.kms.katalon.core.exception.StepFailedException: Verify element text of test object 'Object Repository/Page_Show microsite - Cabi Fall 2018 Collection/h1_Youre invited (1)' FAILED.
	at com.kms.katalon.core.keyword.internal.KeywordMain.stepFailed(KeywordMain.groovy:48)
	at com.kms.katalon.core.webui.keyword.internal.WebUIKeywordMain.stepFailed(WebUIKeywordMain.groovy:65)
	at com.kms.katalon.core.webui.keyword.internal.WebUIKeywordMain.runKeyword(WebUIKeywordMain.groovy:27)
	at com.kms.katalon.core.webui.keyword.builtin.VerifyElementTextKeyword.verifyElementText(VerifyElementTextKeyword.groovy:72)
	at com.kms.katalon.core.webui.keyword.builtin.VerifyElementTextKeyword.execute(VerifyElementTextKeyword.groovy:40)
	at com.kms.katalon.core.keyword.internal.KeywordExecutor.executeKeywordForPlatform(KeywordExecutor.groovy:56)
	at com.kms.katalon.core.webui.keyword.WebUiBuiltInKeywords.verifyElementText(WebUiBuiltInKeywords.groovy:3663)
	at com.kms.katalon.core.webui.keyword.WebUiBuiltInKeywords$verifyElementText$4.call(Unknown Source)
	at micrositeRSVPValidUser.run(micrositeRSVPValidUser:155)
	at com.kms.katalon.core.main.ScriptEngine.run(ScriptEngine.java:194)
	at com.kms.katalon.core.main.ScriptEngine.runScriptAsRawText(ScriptEngine.java:119)
	at com.kms.katalon.core.main.TestCaseExecutor.runScript(TestCaseExecutor.java:331)
	at com.kms.katalon.core.main.TestCaseExecutor.doExecute(TestCaseExecutor.java:322)
	at com.kms.katalon.core.main.TestCaseExecutor.processExecutionPhase(TestCaseExecutor.java:301)
	at com.kms.katalon.core.main.TestCaseExecutor.accessMainPhase(TestCaseExecutor.java:293)
	at com.kms.katalon.core.main.TestCaseExecutor.execute(TestCaseExecutor.java:227)
	at com.kms.katalon.core.main.TestSuiteExecutor.accessTestCaseMainPhase(TestSuiteExecutor.java:129)
	at com.kms.katalon.core.main.TestSuiteExecutor.accessTestSuiteMainPhase(TestSuiteExecutor.java:112)
	at com.kms.katalon.core.main.TestSuiteExecutor.execute(TestSuiteExecutor.java:81)
	at com.kms.katalon.core.main.TestCaseMain.startTestSuite(TestCaseMain.java:157)
	at com.kms.katalon.core.main.TestCaseMain$startTestSuite$0.call(Unknown Source)
	at TempTestSuite1554813411892.run(TempTestSuite1554813411892.groovy:35)]]></system-err>
   </testsuite>
</testsuites>
