<?xml version="1.0" encoding="UTF-8"?>
<testsuites name="NewArrivalSuite" time="395" tests="1" failures="0" errors="0">
   <testsuite name="NewArrivalSuite" tests="1" failures="0" errors="0" time="395" timestamp="2019-05-08 13:07:44" hostname="user - 10.0.102.159" id="Test Suites/NewArrivalSuite">
      <properties>
         <property name="deviceName" value=""/>
         <property name="devicePlatform" value=""/>
         <property name="logFolder" value="C:\\Users\\user\\Documents\\testautomation\\NewArrivals\\Reports\\NewArrivalSuite\\20190508_130736"/>
         <property name="logFiles" value="C:\\Users\\user\\Documents\\testautomation\\NewArrivals\\Reports\\NewArrivalSuite\\20190508_130736\\execution0.log"/>
         <property name="attachments" value=""/>
         <property name="hostName" value="user - 10.0.102.159"/>
         <property name="os" value="Windows 8.1 64bit"/>
         <property name="katalonVersion" value="6.1.1.1"/>
         <property name="browser" value="Chrome 74.0.3729.131"/>
         <property name="hostAddress" value="10.0.102.159"/>
         <property name="sessionId" value="24125fc0824fdbe8dd4691344503e197"/>
         <property name="seleniumVersion" value="3.7.1"/>
         <property name="proxyInformation" value="ProxyInformation{proxyOption=NO_PROXY, proxyServerType=HTTP, password=, proxyServerAddress=, proxyServerPort=0}"/>
         <property name="platform" value="Windows 8.1"/>
      </properties>
      <testcase name="Test Cases/NewArrivals" classname="Test Cases/NewArrivals" status="PASSED">
         <system-out><![CDATA[2019-05-08 13:07:44 - [TEST_CASE][PASSED] - Test Cases/NewArrivals: Test Cases/NewArrivals

2019-05-08 13:07:44 - [TEST_STEP][PASSED] - Start listener action : sampleBeforeTestCase: null

2019-05-08 13:07:44 - [TEST_STEP][PASSED] - println(testCaseContext.getTestCaseId()): null

2019-05-08 13:07:44 - [TEST_STEP][PASSED] - println(testCaseContext.getTestCaseVariables()): null

2019-05-08 13:07:45 - [TEST_STEP][PASSED] - openBrowser(""): Browser is opened with url: ''

2019-05-08 13:07:45 - [MESSAGE][INFO] - Starting 'Chrome' driver

2019-05-08 13:07:45 - [MESSAGE][INFO] - Action delay is set to 0 seconds

2019-05-08 13:07:48 - [MESSAGE][PASSED] - Browser is opened with url: ''

2019-05-08 13:07:48 - [TEST_STEP][PASSED] - for ([timeRow = 1, timeRow <= findTestData("timezoneData").getRowNumbers(), (timeRow++)]): Call Test Case 'Test Cases/productVerifyShort' successfully

2019-05-08 13:07:49 - [TEST_STEP][PASSED] - callTestCase(findTestCase("populateTimeGlobalVars"), ["row":timeRow], STOP_ON_FAILURE): Call Test Case 'Test Cases/populateTimeGlobalVars' successfully

2019-05-08 13:07:50 - [TEST_CASE][PASSED] - Test Cases/populateTimeGlobalVars: Test Cases/populateTimeGlobalVars

2019-05-08 13:07:50 - [TEST_STEP][PASSED] - dataFile = "timezoneData": null

2019-05-08 13:07:50 - [TEST_STEP][PASSED] - serverTarget = UtilityMethods.getTestData(dataFile, "serverTarget", row): null

2019-05-08 13:07:50 - [TEST_STEP][PASSED] - orderType = UtilityMethods.getTestData(dataFile, "orderType", row): null

2019-05-08 13:07:50 - [TEST_STEP][PASSED] - timeZone = UtilityMethods.getTestData(dataFile, "timeZone", row): null

2019-05-08 13:07:50 - [TEST_STEP][PASSED] - BOPersonal = UtilityMethods.getTestData(dataFile, "BOPersonal", row): null

2019-05-08 13:07:51 - [TEST_STEP][PASSED] - BOAddon = UtilityMethods.getTestData(dataFile, "BOAddon", row): null

2019-05-08 13:07:51 - [TEST_STEP][PASSED] - BORetail = UtilityMethods.getTestData(dataFile, "BORetail", row): null

2019-05-08 13:07:51 - [TEST_STEP][PASSED] - BOShow = UtilityMethods.getTestData(dataFile, "BOShow", row): null

2019-05-08 13:07:51 - [TEST_STEP][PASSED] - BOOnlineoutlet = UtilityMethods.getTestData(dataFile, "BOOnlineoutlet", row): null

2019-05-08 13:07:51 - [TEST_STEP][PASSED] - BOEmployee = UtilityMethods.getTestData(dataFile, "BOEmployee", row): null

2019-05-08 13:07:51 - [TEST_STEP][PASSED] - CCPersonal = UtilityMethods.getTestData(dataFile, "CCPersonal", row): null

2019-05-08 13:07:51 - [TEST_STEP][PASSED] - CCRetail = UtilityMethods.getTestData(dataFile, "CCRetail", row): null

2019-05-08 13:07:51 - [TEST_STEP][PASSED] - CCShow = UtilityMethods.getTestData(dataFile, "CCShow", row): null

2019-05-08 13:07:51 - [MESSAGE][PASSED] - Call Test Case 'Test Cases/populateTimeGlobalVars' successfully

2019-05-08 13:07:51 - [TEST_STEP][PASSED] - callTestCase(findTestCase("newArrivalsSetTimezone"), ["ofbizURL":ofbizURL, "ofbizuser":ofbizuser, "ofbizpass":ofbizpass, "orderType":orderType, "timeZone":timeZone, "serverTarget":serverTarget], STOP_ON_FAILURE): Call Test Case 'Test Cases/newArrivalsSetTimezone' successfully

2019-05-08 13:07:51 - [TEST_CASE][PASSED] - Test Cases/newArrivalsSetTimezone: Test Cases/newArrivalsSetTimezone

2019-05-08 13:07:51 - [TEST_STEP][NOT_RUN] - openBrowser(""): NOT_RUN: openBrowser("")

2019-05-08 13:07:51 - [MESSAGE][NOT_RUN] - NOT_RUN: openBrowser("")

2019-05-08 13:07:51 - [TEST_STEP][NOT_RUN] - maximizeWindow(): NOT_RUN: maximizeWindow()

2019-05-08 13:07:51 - [MESSAGE][NOT_RUN] - NOT_RUN: maximizeWindow()

2019-05-08 13:07:51 - [TEST_STEP][PASSED] - navigateToUrl(ofbizURL): Navigate to 'https://pushofbiz.cliotest.com/login.php' successfully

2019-05-08 13:07:53 - [MESSAGE][PASSED] - Navigate to 'https://pushofbiz.cliotest.com/login.php' successfully

2019-05-08 13:07:53 - [TEST_STEP][PASSED] - setText(findTestObject("Page_/input_Username_username"), ofbizuser): Text 'sshinde' is set on object 'Object Repository/Page_/input_Username_username'

2019-05-08 13:07:53 - [MESSAGE][PASSED] - Text 'sshinde' is set on object 'Object Repository/Page_/input_Username_username'

2019-05-08 13:07:53 - [TEST_STEP][PASSED] - setText(findTestObject("Page_/input_Password_password"), ofbizpass): Text 'C@bi$ush5' is set on object 'Object Repository/Page_/input_Password_password'

2019-05-08 13:07:53 - [MESSAGE][PASSED] - Text 'C@bi$ush5' is set on object 'Object Repository/Page_/input_Password_password'

2019-05-08 13:07:53 - [TEST_STEP][PASSED] - click(findTestObject("Page_/input_Password_Submit")): Object: 'Object Repository/Page_/input_Password_Submit' is clicked on

2019-05-08 13:07:56 - [MESSAGE][PASSED] - Object: 'Object Repository/Page_/input_Password_Submit' is clicked on

2019-05-08 13:07:56 - [TEST_STEP][PASSED] - click(findTestObject("Object Repository/Page_/a_Clock set")): Object: 'Object Repository/Page_/a_Clock set' is clicked on

2019-05-08 13:07:57 - [MESSAGE][PASSED] - Object: 'Object Repository/Page_/a_Clock set' is clicked on

2019-05-08 13:07:57 - [TEST_STEP][PASSED] - selectOptionByLabel(findTestObject("Object Repository/Page_/serverTarget"), serverTarget, true): All options with label 'test14' are selected in object 'Object Repository/Page_/serverTarget'  using regular expression

2019-05-08 13:07:58 - [MESSAGE][PASSED] - All options with label 'test14' are selected in object 'Object Repository/Page_/serverTarget'  using regular expression

2019-05-08 13:07:58 - [TEST_STEP][PASSED] - click(findTestObject("Page_/thisDateAndTime")): Object: 'Object Repository/Page_/thisDateAndTime' is clicked on

2019-05-08 13:07:58 - [MESSAGE][PASSED] - Object: 'Object Repository/Page_/thisDateAndTime' is clicked on

2019-05-08 13:07:58 - [TEST_STEP][PASSED] - setText(findTestObject("Object Repository/Page_/setTargetTime"), timeZone): Text ' 04/17/2019 7:00' is set on object 'Object Repository/Page_/setTargetTime'

2019-05-08 13:07:58 - [MESSAGE][PASSED] - Text ' 04/17/2019 7:00' is set on object 'Object Repository/Page_/setTargetTime'

2019-05-08 13:07:58 - [TEST_STEP][PASSED] - click(findTestObject("Object Repository/Page_/input")): Object: 'Object Repository/Page_/input' is clicked on

2019-05-08 13:07:59 - [MESSAGE][PASSED] - Object: 'Object Repository/Page_/input' is clicked on

2019-05-08 13:07:59 - [TEST_STEP][PASSED] - delay(10): Delayed 10 second(s)

2019-05-08 13:08:09 - [MESSAGE][PASSED] - Delayed 10 second(s)

2019-05-08 13:08:09 - [TEST_STEP][PASSED] - closeBrowser(): Browser is closed

2019-05-08 13:08:10 - [MESSAGE][PASSED] - Browser is closed

2019-05-08 13:08:10 - [MESSAGE][PASSED] - Call Test Case 'Test Cases/newArrivalsSetTimezone' successfully

2019-05-08 13:08:10 - [TEST_STEP][PASSED] - if (timeRow == 1): Call Test Case 'Test Cases/createAPhysicalShow' successfully

2019-05-08 13:08:10 - [TEST_STEP][PASSED] - callTestCase(findTestCase("createContact"), ["BOURL":"", "BOuser":"", "BOpass":"", "firstName":"", "lastName":"", "email":"", "address1":"", "city":"", "state":"", "zip":""], STOP_ON_FAILURE): Call Test Case 'Test Cases/createContact' successfully

2019-05-08 13:08:10 - [TEST_CASE][PASSED] - Test Cases/createContact: Test Cases/createContact

2019-05-08 13:08:10 - [TEST_STEP][PASSED] - openBrowser(""): Browser is opened with url: ''

2019-05-08 13:08:10 - [MESSAGE][INFO] - Starting 'Chrome' driver

2019-05-08 13:08:12 - [MESSAGE][PASSED] - Browser is opened with url: ''

2019-05-08 13:08:12 - [TEST_STEP][PASSED] - callTestCase(findTestCase("backOfficeLogin"), ["BOURL":"", "BOuser":"", "BOpass":""], STOP_ON_FAILURE): Call Test Case 'Test Cases/backOfficeLogin' successfully

2019-05-08 13:08:12 - [TEST_CASE][PASSED] - Test Cases/backOfficeLogin: Test Cases/backOfficeLogin

2019-05-08 13:08:13 - [TEST_STEP][PASSED] - BOURL = findTestData("credData").getValue("BOURL", 1): null

2019-05-08 13:08:13 - [TEST_STEP][PASSED] - BOuser = findTestData("credData").getValue("BOuser", 1): null

2019-05-08 13:08:13 - [TEST_STEP][PASSED] - BOpass = findTestData("credData").getValue("BOpass", 1): null

2019-05-08 13:08:13 - [TEST_STEP][PASSED] - navigateToUrl(BOURL): Navigate to 'https://test14.cliotest.com/backoffice/control/main' successfully

2019-05-08 13:08:23 - [MESSAGE][PASSED] - Navigate to 'https://test14.cliotest.com/backoffice/control/main' successfully

2019-05-08 13:08:23 - [TEST_STEP][PASSED] - maximizeWindow(): Current window maximized

2019-05-08 13:08:24 - [MESSAGE][PASSED] - Current window maximized

2019-05-08 13:08:24 - [TEST_STEP][PASSED] - logOut = findWebElements(findTestObject("Object Repository/Page_cabi Home/log_out"), 5): Unable to find the element located by 'By.xpath: //a[contains(text(),'Log Out')]'. Please recheck the objects properties to make sure the desired element is located. 

2019-05-08 13:08:29 - [MESSAGE][INFO] - Unable to find the element located by 'By.xpath: //a[contains(text(),'Log Out')]'. Please recheck the objects properties to make sure the desired element is located. 

2019-05-08 13:08:29 - [TEST_STEP][PASSED] - if (logOut.size() == 0): Object: 'Object Repository/Page_cabi/input_Welcome to_consultantLogin' is clicked on

2019-05-08 13:08:29 - [TEST_STEP][PASSED] - setText(findTestObject("Page_cabi/input_Welcome to_USERNAME"), BOuser): Text '400000002' is set on object 'Object Repository/Page_cabi/input_Welcome to_USERNAME'

2019-05-08 13:08:29 - [MESSAGE][PASSED] - Text '400000002' is set on object 'Object Repository/Page_cabi/input_Welcome to_USERNAME'

2019-05-08 13:08:29 - [TEST_STEP][PASSED] - setText(findTestObject("Object Repository/Page_cabi/input_Welcome to_PASSWORD"), BOpass): Text 'blackdress19' is set on object 'Object Repository/Page_cabi/input_Welcome to_PASSWORD'

2019-05-08 13:08:29 - [MESSAGE][PASSED] - Text 'blackdress19' is set on object 'Object Repository/Page_cabi/input_Welcome to_PASSWORD'

2019-05-08 13:08:29 - [TEST_STEP][PASSED] - delay(3): Delayed 3 second(s)

2019-05-08 13:08:32 - [MESSAGE][PASSED] - Delayed 3 second(s)

2019-05-08 13:08:32 - [TEST_STEP][PASSED] - click(findTestObject("Object Repository/Page_cabi/input_Welcome to_consultantLogin")): Object: 'Object Repository/Page_cabi/input_Welcome to_consultantLogin' is clicked on

2019-05-08 13:08:44 - [MESSAGE][PASSED] - Object: 'Object Repository/Page_cabi/input_Welcome to_consultantLogin' is clicked on

2019-05-08 13:08:44 - [TEST_STEP][PASSED] - delay(3): Delayed 3 second(s)

2019-05-08 13:08:47 - [MESSAGE][PASSED] - Delayed 3 second(s)

2019-05-08 13:08:47 - [MESSAGE][PASSED] - Call Test Case 'Test Cases/backOfficeLogin' successfully

2019-05-08 13:08:47 - [TEST_STEP][PASSED] - for ([row = 1, row <= findTestData("contactData").getRowNumbers(), (row++)]): null

2019-05-08 13:08:47 - [TEST_STEP][PASSED] - firstName = findTestData("contactData").getValue("firstName", row): null

2019-05-08 13:08:47 - [TEST_STEP][PASSED] - lastName = findTestData("contactData").getValue("lastName", row): null

2019-05-08 13:08:48 - [TEST_STEP][PASSED] - email = findTestData("contactData").getValue("email", row): null

2019-05-08 13:08:48 - [TEST_STEP][PASSED] - address1 = findTestData("contactData").getValue("address1", row): null

2019-05-08 13:08:48 - [TEST_STEP][PASSED] - city = findTestData("contactData").getValue("city", row): null

2019-05-08 13:08:48 - [TEST_STEP][PASSED] - state = findTestData("contactData").getValue("state", row): null

2019-05-08 13:08:48 - [TEST_STEP][PASSED] - zip = findTestData("contactData").getValue("zip", row): null

2019-05-08 13:08:48 - [TEST_STEP][PASSED] - click(findTestObject("Page_cabi Home/a_Connections")): Object: 'Object Repository/Page_cabi Home/a_Connections' is clicked on

2019-05-08 13:08:48 - [MESSAGE][PASSED] - Object: 'Object Repository/Page_cabi Home/a_Connections' is clicked on

2019-05-08 13:08:48 - [TEST_STEP][PASSED] - click(findTestObject("Page_cabi Home/a_Contact Manager")): Object: 'Object Repository/Page_cabi Home/a_Contact Manager' is clicked on

2019-05-08 13:08:53 - [MESSAGE][PASSED] - Object: 'Object Repository/Page_cabi Home/a_Contact Manager' is clicked on

2019-05-08 13:08:53 - [TEST_STEP][PASSED] - space = " ": null

2019-05-08 13:08:53 - [TEST_STEP][PASSED] - fNameLName = $firstName$space$lastName: null

2019-05-08 13:08:53 - [TEST_STEP][PASSED] - setText(findTestObject("Page_cabi Edit Customer Profile/input_check_contact"), fNameLName): Text 'neohost1 abc' is set on object 'Object Repository/Page_cabi Edit Customer Profile/input_check_contact'

2019-05-08 13:08:54 - [MESSAGE][PASSED] - Text 'neohost1 abc' is set on object 'Object Repository/Page_cabi Edit Customer Profile/input_check_contact'

2019-05-08 13:08:54 - [TEST_STEP][PASSED] - contactNotFound = findWebElements(findTestObject("Page_cabi/div_contact_not_found"), 5): Unable to find the element located by 'By.xpath: //div[@id='primary-content']/div[4]/div/div[3]/div[2]/div[2]/div'. Please recheck the objects properties to make sure the desired element is located. 

2019-05-08 13:08:59 - [MESSAGE][INFO] - Unable to find the element located by 'By.xpath: //div[@id='primary-content']/div[4]/div/div[3]/div[2]/div[2]/div'. Please recheck the objects properties to make sure the desired element is located. 

2019-05-08 13:08:59 - [TEST_STEP][PASSED] - if (contactNotFound.size() > 0): null

2019-05-08 13:08:59 - [TEST_STEP][PASSED] - else: null

2019-05-08 13:08:59 - [TEST_STEP][PASSED] - println("Contact already present."): null

2019-05-08 13:08:59 - [TEST_STEP][PASSED] - firstName = findTestData("contactData").getValue("firstName", row): null

2019-05-08 13:08:59 - [TEST_STEP][PASSED] - lastName = findTestData("contactData").getValue("lastName", row): null

2019-05-08 13:08:59 - [TEST_STEP][PASSED] - email = findTestData("contactData").getValue("email", row): null

2019-05-08 13:08:59 - [TEST_STEP][PASSED] - address1 = findTestData("contactData").getValue("address1", row): null

2019-05-08 13:08:59 - [TEST_STEP][PASSED] - city = findTestData("contactData").getValue("city", row): null

2019-05-08 13:08:59 - [TEST_STEP][PASSED] - state = findTestData("contactData").getValue("state", row): null

2019-05-08 13:08:59 - [TEST_STEP][PASSED] - zip = findTestData("contactData").getValue("zip", row): null

2019-05-08 13:08:59 - [TEST_STEP][PASSED] - click(findTestObject("Page_cabi Home/a_Connections")): Object: 'Object Repository/Page_cabi Home/a_Connections' is clicked on

2019-05-08 13:08:59 - [MESSAGE][PASSED] - Object: 'Object Repository/Page_cabi Home/a_Connections' is clicked on

2019-05-08 13:08:59 - [TEST_STEP][PASSED] - click(findTestObject("Page_cabi Home/a_Contact Manager")): Object: 'Object Repository/Page_cabi Home/a_Contact Manager' is clicked on

2019-05-08 13:09:02 - [MESSAGE][PASSED] - Object: 'Object Repository/Page_cabi Home/a_Contact Manager' is clicked on

2019-05-08 13:09:02 - [TEST_STEP][PASSED] - space = " ": null

2019-05-08 13:09:02 - [TEST_STEP][PASSED] - fNameLName = $firstName$space$lastName: null

2019-05-08 13:09:02 - [TEST_STEP][PASSED] - setText(findTestObject("Page_cabi Edit Customer Profile/input_check_contact"), fNameLName): Text 'neocohost1 abc' is set on object 'Object Repository/Page_cabi Edit Customer Profile/input_check_contact'

2019-05-08 13:09:02 - [MESSAGE][PASSED] - Text 'neocohost1 abc' is set on object 'Object Repository/Page_cabi Edit Customer Profile/input_check_contact'

2019-05-08 13:09:02 - [TEST_STEP][PASSED] - contactNotFound = findWebElements(findTestObject("Page_cabi/div_contact_not_found"), 5): Unable to find the element located by 'By.xpath: //div[@id='primary-content']/div[4]/div/div[3]/div[2]/div[2]/div'. Please recheck the objects properties to make sure the desired element is located. 

2019-05-08 13:09:08 - [MESSAGE][INFO] - Unable to find the element located by 'By.xpath: //div[@id='primary-content']/div[4]/div/div[3]/div[2]/div[2]/div'. Please recheck the objects properties to make sure the desired element is located. 

2019-05-08 13:09:08 - [TEST_STEP][PASSED] - if (contactNotFound.size() > 0): null

2019-05-08 13:09:08 - [TEST_STEP][PASSED] - else: null

2019-05-08 13:09:08 - [TEST_STEP][PASSED] - println("Contact already present."): null

2019-05-08 13:09:08 - [TEST_STEP][PASSED] - firstName = findTestData("contactData").getValue("firstName", row): null

2019-05-08 13:09:08 - [TEST_STEP][PASSED] - lastName = findTestData("contactData").getValue("lastName", row): null

2019-05-08 13:09:08 - [TEST_STEP][PASSED] - email = findTestData("contactData").getValue("email", row): null

2019-05-08 13:09:08 - [TEST_STEP][PASSED] - address1 = findTestData("contactData").getValue("address1", row): null

2019-05-08 13:09:08 - [TEST_STEP][PASSED] - city = findTestData("contactData").getValue("city", row): null

2019-05-08 13:09:08 - [TEST_STEP][PASSED] - state = findTestData("contactData").getValue("state", row): null

2019-05-08 13:09:08 - [TEST_STEP][PASSED] - zip = findTestData("contactData").getValue("zip", row): null

2019-05-08 13:09:08 - [TEST_STEP][PASSED] - click(findTestObject("Page_cabi Home/a_Connections")): Object: 'Object Repository/Page_cabi Home/a_Connections' is clicked on

2019-05-08 13:09:08 - [MESSAGE][PASSED] - Object: 'Object Repository/Page_cabi Home/a_Connections' is clicked on

2019-05-08 13:09:08 - [TEST_STEP][PASSED] - click(findTestObject("Page_cabi Home/a_Contact Manager")): Object: 'Object Repository/Page_cabi Home/a_Contact Manager' is clicked on

2019-05-08 13:09:10 - [MESSAGE][PASSED] - Object: 'Object Repository/Page_cabi Home/a_Contact Manager' is clicked on

2019-05-08 13:09:10 - [TEST_STEP][PASSED] - space = " ": null

2019-05-08 13:09:10 - [TEST_STEP][PASSED] - fNameLName = $firstName$space$lastName: null

2019-05-08 13:09:10 - [TEST_STEP][PASSED] - setText(findTestObject("Page_cabi Edit Customer Profile/input_check_contact"), fNameLName): Text 'neoguest1 abc' is set on object 'Object Repository/Page_cabi Edit Customer Profile/input_check_contact'

2019-05-08 13:09:11 - [MESSAGE][PASSED] - Text 'neoguest1 abc' is set on object 'Object Repository/Page_cabi Edit Customer Profile/input_check_contact'

2019-05-08 13:09:11 - [TEST_STEP][PASSED] - contactNotFound = findWebElements(findTestObject("Page_cabi/div_contact_not_found"), 5): Unable to find the element located by 'By.xpath: //div[@id='primary-content']/div[4]/div/div[3]/div[2]/div[2]/div'. Please recheck the objects properties to make sure the desired element is located. 

2019-05-08 13:09:16 - [MESSAGE][INFO] - Unable to find the element located by 'By.xpath: //div[@id='primary-content']/div[4]/div/div[3]/div[2]/div[2]/div'. Please recheck the objects properties to make sure the desired element is located. 

2019-05-08 13:09:16 - [TEST_STEP][PASSED] - if (contactNotFound.size() > 0): null

2019-05-08 13:09:16 - [TEST_STEP][PASSED] - else: null

2019-05-08 13:09:16 - [TEST_STEP][PASSED] - println("Contact already present."): null

2019-05-08 13:09:16 - [TEST_STEP][PASSED] - closeBrowser(): Browser is closed

2019-05-08 13:09:17 - [MESSAGE][PASSED] - Browser is closed

2019-05-08 13:09:17 - [MESSAGE][PASSED] - Call Test Case 'Test Cases/createContact' successfully

2019-05-08 13:09:17 - [TEST_STEP][PASSED] - callTestCase(findTestCase("createAPhysicalShow"), ["BOURL":"", "BOuser":"", "BOpass":"", "hostess":"", "cohostess":""], STOP_ON_FAILURE): Call Test Case 'Test Cases/createAPhysicalShow' successfully

2019-05-08 13:09:17 - [TEST_CASE][PASSED] - Test Cases/createAPhysicalShow: Test Cases/createAPhysicalShow

2019-05-08 13:09:17 - [TEST_STEP][PASSED] - openBrowser(""): Browser is opened with url: ''

2019-05-08 13:09:17 - [MESSAGE][INFO] - Starting 'Chrome' driver

2019-05-08 13:09:19 - [MESSAGE][PASSED] - Browser is opened with url: ''

2019-05-08 13:09:19 - [TEST_STEP][PASSED] - maximizeWindow(): Current window maximized

2019-05-08 13:09:20 - [MESSAGE][PASSED] - Current window maximized

2019-05-08 13:09:20 - [TEST_STEP][PASSED] - BOURL = findTestData("credData").getValue("BOURL", 1): null

2019-05-08 13:09:20 - [TEST_STEP][PASSED] - BOuser = findTestData("credData").getValue("BOuser", 1): null

2019-05-08 13:09:20 - [TEST_STEP][PASSED] - BOpass = findTestData("credData").getValue("BOpass", 1): null

2019-05-08 13:09:20 - [TEST_STEP][PASSED] - hostessFName = findTestData("contactData").getValue("firstName", 1): null

2019-05-08 13:09:20 - [TEST_STEP][PASSED] - hostessLName = findTestData("contactData").getValue("lastName", 1): null

2019-05-08 13:09:20 - [TEST_STEP][PASSED] - cohostessFName = findTestData("contactData").getValue("firstName", 2): null

2019-05-08 13:09:20 - [TEST_STEP][PASSED] - cohostessLName = findTestData("contactData").getValue("lastName", 2): null

2019-05-08 13:09:20 - [TEST_STEP][PASSED] - space = " ": null

2019-05-08 13:09:20 - [TEST_STEP][PASSED] - hostess = $hostessFName$space$hostessLName: null

2019-05-08 13:09:20 - [TEST_STEP][PASSED] - cohostess = $cohostessFName$space$cohostessLName: null

2019-05-08 13:09:20 - [TEST_STEP][PASSED] - navigateToUrl(BOURL): Navigate to 'https://test14.cliotest.com/backoffice/control/main' successfully

2019-05-08 13:09:30 - [MESSAGE][PASSED] - Navigate to 'https://test14.cliotest.com/backoffice/control/main' successfully

2019-05-08 13:09:30 - [TEST_STEP][PASSED] - setText(findTestObject("Page_cabi/input_Welcome to_USERNAME"), BOuser): Text '400000002' is set on object 'Object Repository/Page_cabi/input_Welcome to_USERNAME'

2019-05-08 13:09:30 - [MESSAGE][PASSED] - Text '400000002' is set on object 'Object Repository/Page_cabi/input_Welcome to_USERNAME'

2019-05-08 13:09:30 - [TEST_STEP][PASSED] - setText(findTestObject("Page_cabi/input_Welcome to_PASSWORD"), BOpass): Text 'blackdress19' is set on object 'Object Repository/Page_cabi/input_Welcome to_PASSWORD'

2019-05-08 13:09:30 - [MESSAGE][PASSED] - Text 'blackdress19' is set on object 'Object Repository/Page_cabi/input_Welcome to_PASSWORD'

2019-05-08 13:09:30 - [TEST_STEP][PASSED] - click(findTestObject("Page_cabi/input_Welcome to_consultantLogin")): Object: 'Object Repository/Page_cabi/input_Welcome to_consultantLogin' is clicked on

2019-05-08 13:09:38 - [MESSAGE][PASSED] - Object: 'Object Repository/Page_cabi/input_Welcome to_consultantLogin' is clicked on

2019-05-08 13:09:38 - [TEST_STEP][PASSED] - delay(10): Delayed 10 second(s)

2019-05-08 13:09:48 - [MESSAGE][PASSED] - Delayed 10 second(s)

2019-05-08 13:09:48 - [TEST_STEP][PASSED] - rightClick(findTestObject("Page_cabi Home/a_Shows  Orders")): Object: 'Object Repository/Page_cabi Home/a_Shows  Orders' is right clicked on

2019-05-08 13:09:49 - [MESSAGE][PASSED] - Object: 'Object Repository/Page_cabi Home/a_Shows  Orders' is right clicked on

2019-05-08 13:09:49 - [TEST_STEP][PASSED] - click(findTestObject("Page_cabi Home/a_Create_A_Show")): Object: 'Object Repository/Page_cabi Home/a_Create_A_Show' is clicked on

2019-05-08 13:09:52 - [MESSAGE][PASSED] - Object: 'Object Repository/Page_cabi Home/a_Create_A_Show' is clicked on

2019-05-08 13:09:52 - [TEST_STEP][PASSED] - setText(findTestObject("Page_cabi Create Show - Set Hostess/input_Hostess"), hostess): Text 'neohost1 abc' is set on object 'Object Repository/Page_cabi Create Show - Set Hostess/input_Hostess'

2019-05-08 13:09:53 - [MESSAGE][PASSED] - Text 'neohost1 abc' is set on object 'Object Repository/Page_cabi Create Show - Set Hostess/input_Hostess'

2019-05-08 13:09:53 - [TEST_STEP][PASSED] - rightClick(findTestObject("Page_cabi Create Show - Set Hostess/input_Hostess")): Object: 'Object Repository/Page_cabi Create Show - Set Hostess/input_Hostess' is right clicked on

2019-05-08 13:09:53 - [MESSAGE][PASSED] - Object: 'Object Repository/Page_cabi Create Show - Set Hostess/input_Hostess' is right clicked on

2019-05-08 13:09:53 - [TEST_STEP][PASSED] - click(findTestObject("Page_cabi Create Show - Set Hostess/a_select_hostess")): Object: 'Object Repository/Page_cabi Create Show - Set Hostess/a_select_hostess' is clicked on

2019-05-08 13:09:53 - [MESSAGE][PASSED] - Object: 'Object Repository/Page_cabi Create Show - Set Hostess/a_select_hostess' is clicked on

2019-05-08 13:09:53 - [TEST_STEP][PASSED] - setText(findTestObject("Page_cabi Create Show - Set Hostess/input_Hostess_Txt"), hostess): Text 'neohost1 abc' is set on object 'Object Repository/Page_cabi Create Show - Set Hostess/input_Hostess_Txt'

2019-05-08 13:09:54 - [MESSAGE][PASSED] - Text 'neohost1 abc' is set on object 'Object Repository/Page_cabi Create Show - Set Hostess/input_Hostess_Txt'

2019-05-08 13:09:54 - [TEST_STEP][PASSED] - delay(3): Delayed 3 second(s)

2019-05-08 13:09:57 - [MESSAGE][PASSED] - Delayed 3 second(s)

2019-05-08 13:09:57 - [TEST_STEP][PASSED] - validateHostessAddressMsg = findWebElements(findTestObject("Page_cabi Create Show - Set Hostess/validate_address_msg"), 5): null

2019-05-08 13:09:57 - [TEST_STEP][PASSED] - println(validateHostessAddressMsg.size()): null

2019-05-08 13:09:57 - [TEST_STEP][PASSED] - if (validateHostessAddressMsg.isEmpty()): null

2019-05-08 13:09:57 - [TEST_STEP][PASSED] - selectOptionByValue(findTestObject("Page_cabi Create Show - Set Hostess/select_Choose_From_Contacts_Co-Hostess"), "3", true): All options with value '3' are selected in object 'Object Repository/Page_cabi Create Show - Set Hostess/select_Choose_From_Contacts_Co-Hostess'  using regular expression

2019-05-08 13:09:57 - [MESSAGE][PASSED] - All options with value '3' are selected in object 'Object Repository/Page_cabi Create Show - Set Hostess/select_Choose_From_Contacts_Co-Hostess'  using regular expression

2019-05-08 13:09:57 - [TEST_STEP][PASSED] - setText(findTestObject("Page_cabi Create Show - Set Hostess/input_Cohostess"), cohostess): Text 'neocohost1 abc' is set on object 'Object Repository/Page_cabi Create Show - Set Hostess/input_Cohostess'

2019-05-08 13:09:57 - [MESSAGE][PASSED] - Text 'neocohost1 abc' is set on object 'Object Repository/Page_cabi Create Show - Set Hostess/input_Cohostess'

2019-05-08 13:09:57 - [TEST_STEP][PASSED] - rightClick(findTestObject("Page_cabi Create Show - Set Hostess/input_Cohostess")): Object: 'Object Repository/Page_cabi Create Show - Set Hostess/input_Cohostess' is right clicked on

2019-05-08 13:09:57 - [MESSAGE][PASSED] - Object: 'Object Repository/Page_cabi Create Show - Set Hostess/input_Cohostess' is right clicked on

2019-05-08 13:09:57 - [TEST_STEP][PASSED] - rightClick(findTestObject("Page_cabi Create Show - Set Hostess/input_Cohostess")): Object: 'Object Repository/Page_cabi Create Show - Set Hostess/input_Cohostess' is right clicked on

2019-05-08 13:09:57 - [MESSAGE][PASSED] - Object: 'Object Repository/Page_cabi Create Show - Set Hostess/input_Cohostess' is right clicked on

2019-05-08 13:09:57 - [TEST_STEP][PASSED] - click(findTestObject("Page_cabi Create Show - Set Hostess/a_select_cohostess")): Object: 'Object Repository/Page_cabi Create Show - Set Hostess/a_select_cohostess' is clicked on

2019-05-08 13:09:58 - [MESSAGE][PASSED] - Object: 'Object Repository/Page_cabi Create Show - Set Hostess/a_select_cohostess' is clicked on

2019-05-08 13:09:58 - [TEST_STEP][PASSED] - setText(findTestObject("Page_cabi Create Show - Set Hostess/input_Cohostess"), cohostess): Text 'neocohost1 abc' is set on object 'Object Repository/Page_cabi Create Show - Set Hostess/input_Cohostess'

2019-05-08 13:09:58 - [MESSAGE][PASSED] - Text 'neocohost1 abc' is set on object 'Object Repository/Page_cabi Create Show - Set Hostess/input_Cohostess'

2019-05-08 13:09:58 - [TEST_STEP][PASSED] - delay(3): Delayed 3 second(s)

2019-05-08 13:10:01 - [MESSAGE][PASSED] - Delayed 3 second(s)

2019-05-08 13:10:01 - [TEST_STEP][PASSED] - validateHostessAddressMsg = findWebElements(findTestObject("Page_cabi Create Show - Set Hostess/validate_address_msg"), 5): null

2019-05-08 13:10:01 - [TEST_STEP][PASSED] - if (validateHostessAddressMsg.size() != 4): null

2019-05-08 13:10:01 - [TEST_STEP][PASSED] - click(findTestObject("Page_cabi Create Show - Set Hostess/input_next")): Object: 'Object Repository/Page_cabi Create Show - Set Hostess/input_next' is clicked on

2019-05-08 13:10:05 - [MESSAGE][PASSED] - Object: 'Object Repository/Page_cabi Create Show - Set Hostess/input_next' is clicked on

2019-05-08 13:10:05 - [TEST_STEP][PASSED] - delay(5): Delayed 5 second(s)

2019-05-08 13:10:10 - [MESSAGE][PASSED] - Delayed 5 second(s)

2019-05-08 13:10:10 - [TEST_STEP][PASSED] - rightClick(findTestObject("Object Repository/Page_cabi Create ShowTime_Place/input_Show_date_time")): Object: 'Object Repository/Page_cabi Create ShowTime_Place/input_Show_date_time' is right clicked on

2019-05-08 13:10:10 - [MESSAGE][PASSED] - Object: 'Object Repository/Page_cabi Create ShowTime_Place/input_Show_date_time' is right clicked on

2019-05-08 13:10:10 - [TEST_STEP][PASSED] - rightClick(findTestObject("Object Repository/Page_cabi Create ShowTime_Place/a_16")): Object: 'Object Repository/Page_cabi Create ShowTime_Place/a_16' is right clicked on

2019-05-08 13:10:10 - [MESSAGE][PASSED] - Object: 'Object Repository/Page_cabi Create ShowTime_Place/a_16' is right clicked on

2019-05-08 13:10:10 - [TEST_STEP][PASSED] - click(findTestObject("Object Repository/Page_cabi Create ShowTime_Place/a_16")): Object: 'Object Repository/Page_cabi Create ShowTime_Place/a_16' is clicked on

2019-05-08 13:10:10 - [MESSAGE][PASSED] - Object: 'Object Repository/Page_cabi Create ShowTime_Place/a_16' is clicked on

2019-05-08 13:10:10 - [TEST_STEP][PASSED] - click(findTestObject("Object Repository/Page_cabi Create ShowTime_Place/b")): Object: 'Object Repository/Page_cabi Create ShowTime_Place/b' is clicked on

2019-05-08 13:10:10 - [MESSAGE][PASSED] - Object: 'Object Repository/Page_cabi Create ShowTime_Place/b' is clicked on

2019-05-08 13:10:10 - [TEST_STEP][PASSED] - click(findTestObject("Object Repository/Page_cabi Create ShowTime_Place/div_Location for ShowSame as Hostess Home Address")): Object: 'Object Repository/Page_cabi Create ShowTime_Place/div_Location for ShowSame as Hostess Home Address' is clicked on

2019-05-08 13:10:10 - [MESSAGE][PASSED] - Object: 'Object Repository/Page_cabi Create ShowTime_Place/div_Location for ShowSame as Hostess Home Address' is clicked on

2019-05-08 13:10:10 - [TEST_STEP][PASSED] - click(findTestObject("Object Repository/Page_cabi Create ShowTime_Place/input__address_Same_as_hostess")): Object: 'Object Repository/Page_cabi Create ShowTime_Place/input__address_Same_as_hostess' is clicked on

2019-05-08 13:10:10 - [MESSAGE][PASSED] - Object: 'Object Repository/Page_cabi Create ShowTime_Place/input__address_Same_as_hostess' is clicked on

2019-05-08 13:10:10 - [TEST_STEP][PASSED] - click(findTestObject("Object Repository/Page_cabi Create ShowTime_Place/input_Same as show location")): Object: 'Object Repository/Page_cabi Create ShowTime_Place/input_Same as show location' is clicked on

2019-05-08 13:10:10 - [MESSAGE][PASSED] - Object: 'Object Repository/Page_cabi Create ShowTime_Place/input_Same as show location' is clicked on

2019-05-08 13:10:10 - [TEST_STEP][PASSED] - delay(5): Delayed 5 second(s)

2019-05-08 13:10:15 - [MESSAGE][PASSED] - Delayed 5 second(s)

2019-05-08 13:10:15 - [TEST_STEP][PASSED] - click(findTestObject("Object Repository/Page_cabi Create ShowTime_Place/label_Tax Rate Calculated")): Object: 'Object Repository/Page_cabi Create ShowTime_Place/label_Tax Rate Calculated' is clicked on

2019-05-08 13:10:16 - [MESSAGE][PASSED] - Object: 'Object Repository/Page_cabi Create ShowTime_Place/label_Tax Rate Calculated' is clicked on

2019-05-08 13:10:16 - [TEST_STEP][PASSED] - click(findTestObject("Object Repository/Page_cabi Create ShowTime_Place/input_Back_section")): Object: 'Object Repository/Page_cabi Create ShowTime_Place/input_Back_section' is clicked on

2019-05-08 13:10:16 - [MESSAGE][PASSED] - Object: 'Object Repository/Page_cabi Create ShowTime_Place/input_Back_section' is clicked on

2019-05-08 13:10:16 - [TEST_STEP][PASSED] - delay(5): Delayed 5 second(s)

2019-05-08 13:10:21 - [MESSAGE][PASSED] - Delayed 5 second(s)

2019-05-08 13:10:21 - [TEST_STEP][PASSED] - click(findTestObject("Page_cabi Create ShowTime_Place/input_ShowSummaryTab")): Object: 'Object Repository/Page_cabi Create ShowTime_Place/input_ShowSummaryTab' is clicked on

2019-05-08 13:10:23 - [MESSAGE][PASSED] - Object: 'Object Repository/Page_cabi Create ShowTime_Place/input_ShowSummaryTab' is clicked on

2019-05-08 13:10:23 - [MESSAGE][PASSED] - Call Test Case 'Test Cases/createAPhysicalShow' successfully

2019-05-08 13:10:23 - [TEST_STEP][PASSED] - callTestCase(findTestCase("cabiCentralLogin"), [:], STOP_ON_FAILURE): Call Test Case 'Test Cases/cabiCentralLogin' successfully

2019-05-08 13:10:23 - [TEST_CASE][PASSED] - Test Cases/cabiCentralLogin: Test Cases/cabiCentralLogin

2019-05-08 13:10:24 - [TEST_STEP][PASSED] - CCURL = findTestData("credData").getValue("CCURL", 1): null

2019-05-08 13:10:24 - [TEST_STEP][PASSED] - CCuser = findTestData("credData").getValue("CCuser", 1): null

2019-05-08 13:10:24 - [TEST_STEP][PASSED] - CCpass = findTestData("credData").getValue("CCpass", 1): null

2019-05-08 13:10:24 - [TEST_STEP][PASSED] - openBrowser(""): Browser is opened with url: ''

2019-05-08 13:10:24 - [MESSAGE][WARNING] - A browser is already opened. Closing browser and opening a new one

2019-05-08 13:10:24 - [MESSAGE][INFO] - Starting 'Chrome' driver

2019-05-08 13:10:26 - [MESSAGE][PASSED] - Browser is opened with url: ''

2019-05-08 13:10:26 - [TEST_STEP][PASSED] - navigateToUrl(CCURL): Navigate to 'https://test14.cliotest.com/cabicentral/control/main' successfully

2019-05-08 13:10:33 - [MESSAGE][PASSED] - Navigate to 'https://test14.cliotest.com/cabicentral/control/main' successfully

2019-05-08 13:10:33 - [TEST_STEP][PASSED] - maximizeWindow(): Current window maximized

2019-05-08 13:10:34 - [MESSAGE][PASSED] - Current window maximized

2019-05-08 13:10:34 - [TEST_STEP][PASSED] - logOut = findWebElements(findTestObject("Object Repository/Page_cabi Home/log_out"), 5): Unable to find the element located by 'By.xpath: //a[contains(text(),'Log Out')]'. Please recheck the objects properties to make sure the desired element is located. 

2019-05-08 13:10:40 - [MESSAGE][INFO] - Unable to find the element located by 'By.xpath: //a[contains(text(),'Log Out')]'. Please recheck the objects properties to make sure the desired element is located. 

2019-05-08 13:10:40 - [TEST_STEP][PASSED] - if (logOut.size() == 0): Object: 'Object Repository/Page_cabi/input_Password_section-btn btn-stl-pk rFloat' is clicked on

2019-05-08 13:10:40 - [TEST_STEP][PASSED] - setText(findTestObject("Object Repository/Page_cabi/input_Username_USERNAME"), CCuser): Text 'ehudson' is set on object 'Object Repository/Page_cabi/input_Username_USERNAME'

2019-05-08 13:10:40 - [MESSAGE][PASSED] - Text 'ehudson' is set on object 'Object Repository/Page_cabi/input_Username_USERNAME'

2019-05-08 13:10:40 - [TEST_STEP][PASSED] - setText(findTestObject("Object Repository/Page_cabi/input_Password_PASSWORD"), CCpass): Text 'blackdress19' is set on object 'Object Repository/Page_cabi/input_Password_PASSWORD'

2019-05-08 13:10:40 - [MESSAGE][PASSED] - Text 'blackdress19' is set on object 'Object Repository/Page_cabi/input_Password_PASSWORD'

2019-05-08 13:10:40 - [TEST_STEP][PASSED] - delay(3): Delayed 3 second(s)

2019-05-08 13:10:43 - [MESSAGE][PASSED] - Delayed 3 second(s)

2019-05-08 13:10:43 - [TEST_STEP][PASSED] - click(findTestObject("Object Repository/Page_cabi/input_Password_section-btn btn-stl-pk rFloat")): Object: 'Object Repository/Page_cabi/input_Password_section-btn btn-stl-pk rFloat' is clicked on

2019-05-08 13:10:47 - [MESSAGE][PASSED] - Object: 'Object Repository/Page_cabi/input_Password_section-btn btn-stl-pk rFloat' is clicked on

2019-05-08 13:10:47 - [TEST_STEP][PASSED] - delay(3): Delayed 3 second(s)

2019-05-08 13:10:50 - [MESSAGE][PASSED] - Delayed 3 second(s)

2019-05-08 13:10:50 - [MESSAGE][PASSED] - Call Test Case 'Test Cases/cabiCentralLogin' successfully

2019-05-08 13:10:50 - [TEST_STEP][PASSED] - click(findTestObject("Page_cabi cabiCentral Tasks/a_ORDERS")): Object: 'Object Repository/Page_cabi cabiCentral Tasks/a_ORDERS' is clicked on

2019-05-08 13:10:51 - [MESSAGE][PASSED] - Object: 'Object Repository/Page_cabi cabiCentral Tasks/a_ORDERS' is clicked on

2019-05-08 13:10:51 - [TEST_STEP][PASSED] - click(findTestObject("Page_cabi Find Order/a_Create Order")): Object: 'Object Repository/Page_cabi Find Order/a_Create Order' is clicked on

2019-05-08 13:10:52 - [MESSAGE][PASSED] - Object: 'Object Repository/Page_cabi Find Order/a_Create Order' is clicked on

2019-05-08 13:10:52 - [TEST_STEP][PASSED] - selectOptionByValue(findTestObject("Page_cabi Create Order/select_order_type"), "PERSONAL", true): All options with value 'PERSONAL' are selected in object 'Object Repository/Page_cabi Create Order/select_order_type'  using regular expression

2019-05-08 13:10:52 - [MESSAGE][PASSED] - All options with value 'PERSONAL' are selected in object 'Object Repository/Page_cabi Create Order/select_order_type'  using regular expression

2019-05-08 13:10:52 - [TEST_STEP][PASSED] - click(findTestObject("Page_cabi Create Order/input_select_order_type")): Object: 'Object Repository/Page_cabi Create Order/input_select_order_type' is clicked on

2019-05-08 13:10:56 - [MESSAGE][PASSED] - Object: 'Object Repository/Page_cabi Create Order/input_select_order_type' is clicked on

2019-05-08 13:10:56 - [TEST_STEP][PASSED] - callTestCase(findTestCase("productVerifyShort"), ["available":CCPersonal, "storeType":"CCPersonal"], STOP_ON_FAILURE): Call Test Case 'Test Cases/productVerifyShort' successfully

2019-05-08 13:10:56 - [TEST_CASE][PASSED] - Test Cases/productVerifyShort: Test Cases/productVerifyShort

2019-05-08 13:10:56 - [TEST_STEP][PASSED] - for ([row = 1, row <= findTestData("productData").getRowNumbers(), (row++)]): Delayed 3 second(s)

2019-05-08 13:10:57 - [TEST_STEP][PASSED] - setText(findTestObject("Object Repository/Page_cabi Create Order/input_Manual Discount_stylelookup_0"), findTestData("productData").getValue("Style", row)): Text '5618' is set on object 'Object Repository/Page_cabi Create Order/input_Manual Discount_stylelookup_0'

2019-05-08 13:10:57 - [MESSAGE][PASSED] - Text '5618' is set on object 'Object Repository/Page_cabi Create Order/input_Manual Discount_stylelookup_0'

2019-05-08 13:10:57 - [TEST_STEP][PASSED] - delay(2): Delayed 2 second(s)

2019-05-08 13:10:59 - [MESSAGE][PASSED] - Delayed 2 second(s)

2019-05-08 13:10:59 - [TEST_STEP][PASSED] - prod_message = getText(findTestObject("Page_cabi Create Order/first_option")): Text of object 'Object Repository/Page_cabi Create Order/first_option' is: '5618 Breeze Dress'

2019-05-08 13:10:59 - [MESSAGE][PASSED] - Text of object 'Object Repository/Page_cabi Create Order/first_option' is: '5618 Breeze Dress'

2019-05-08 13:10:59 - [TEST_STEP][PASSED] - delay(1): Delayed 1 second(s)

2019-05-08 13:11:00 - [MESSAGE][PASSED] - Delayed 1 second(s)

2019-05-08 13:11:00 - [TEST_STEP][PASSED] - click(findTestObject("Page_cabi Create Order/first_option")): Object: 'Object Repository/Page_cabi Create Order/first_option' is clicked on

2019-05-08 13:11:00 - [MESSAGE][PASSED] - Object: 'Object Repository/Page_cabi Create Order/first_option' is clicked on

2019-05-08 13:11:00 - [TEST_STEP][PASSED] - if (toString().equalsIgnoreCase("no")): null

2019-05-08 13:11:00 - [TEST_STEP][PASSED] - else: Delayed 3 second(s)

2019-05-08 13:11:00 - [TEST_STEP][PASSED] - delay(3): Delayed 3 second(s)

2019-05-08 13:11:03 - [MESSAGE][PASSED] - Delayed 3 second(s)

2019-05-08 13:11:03 - [TEST_STEP][PASSED] - s1 = getValue("Style", row).toString(): null

2019-05-08 13:11:03 - [TEST_STEP][PASSED] - s2 = " ": null

2019-05-08 13:11:03 - [TEST_STEP][PASSED] - s3 = getValue("Description", row).toString(): null

2019-05-08 13:11:03 - [TEST_STEP][PASSED] - expectedStyleDescription = $s1$s2$s3: null

2019-05-08 13:11:03 - [TEST_STEP][PASSED] - assert prod_message.equalsIgnoreCase(expectedStyleDescription): null

2019-05-08 13:11:03 - [TEST_STEP][PASSED] - delay(3): Delayed 3 second(s)

2019-05-08 13:11:06 - [MESSAGE][PASSED] - Delayed 3 second(s)

2019-05-08 13:11:06 - [TEST_STEP][PASSED] - colorOptions = findWebElements(findTestObject("Page_cabi Order Items/GetAttribute_Color"), 5): null

2019-05-08 13:11:06 - [TEST_STEP][PASSED] - println(colorOptions.size()): null

2019-05-08 13:11:06 - [TEST_STEP][PASSED] - expectedColour = findTestData("productData").getValue("Color", row): null

2019-05-08 13:11:06 - [TEST_STEP][PASSED] - println("expected colour is"): null

2019-05-08 13:11:06 - [TEST_STEP][PASSED] - println(expectedColour): null

2019-05-08 13:11:06 - [TEST_STEP][PASSED] - colourVerified = false: null

2019-05-08 13:11:06 - [TEST_STEP][PASSED] - for (org.openqa.selenium.WebElement op : colorOptions): null

2019-05-08 13:11:06 - [TEST_STEP][PASSED] - println(op.getText()): null

2019-05-08 13:11:06 - [TEST_STEP][PASSED] - if (expectedColour.equalsIgnoreCase(op.getText())): null

2019-05-08 13:11:06 - [TEST_STEP][PASSED] - colourVerified = true: null

2019-05-08 13:11:06 - [TEST_STEP][PASSED] - break: null

2019-05-08 13:11:06 - [TEST_STEP][PASSED] - assert colourVerified == true: null

2019-05-08 13:11:06 - [TEST_STEP][PASSED] - getPrice = getText(findTestObject("Page_cabi Create Order/retail_price")): Text of object 'Object Repository/Page_cabi Create Order/retail_price' is: '$119.00'

2019-05-08 13:11:06 - [MESSAGE][PASSED] - Text of object 'Object Repository/Page_cabi Create Order/retail_price' is: '$119.00'

2019-05-08 13:11:06 - [TEST_STEP][PASSED] - Split_Data = UtilityMethods.SplitData(getPrice): null

2019-05-08 13:11:06 - [TEST_STEP][PASSED] - verifyMatch(Split_Data, findTestData("productData").getValue("Retail", row), true): Actual text '119' and expected text '119' are matched  using regular expression

2019-05-08 13:11:06 - [MESSAGE][PASSED] - Actual text '119' and expected text '119' are matched  using regular expression

2019-05-08 13:11:06 - [TEST_STEP][PASSED] - sizeRange1 = ["XXS", "XS", "S", "M", "L", "XL"]: null

2019-05-08 13:11:06 - [TEST_STEP][PASSED] - sizeRange2 = ["00", "0", "2", "4", "6", "8", "10", "12", "14", "16"]: null

2019-05-08 13:11:06 - [TEST_STEP][PASSED] - sizeRange3 = ["Long", "Regular", "Short"]: null

2019-05-08 13:11:06 - [TEST_STEP][PASSED] - sizeRange4 = ["5", "6", "6.5", "7", "7.5", "8", "8.5", "9", "9.5", "10", "11"]: null

2019-05-08 13:11:06 - [TEST_STEP][PASSED] - sizeRangeSplit = UtilityMethods.SplitSizes(findTestData("productData").getValue("SzRange", row)): null

2019-05-08 13:11:06 - [TEST_STEP][PASSED] - sizeType = getText(findTestObject("Object Repository/Page_cabi Order Items/Size")): Text of object 'Object Repository/Page_cabi Order Items/Size' is: 'Select'

2019-05-08 13:11:06 - [MESSAGE][PASSED] - Text of object 'Object Repository/Page_cabi Order Items/Size' is: 'Select'

2019-05-08 13:11:06 - [TEST_STEP][PASSED] - sizeOptions = findWebElements(findTestObject("Object Repository/Page_cabi Order Items/Size"), 5): null

2019-05-08 13:11:06 - [TEST_STEP][PASSED] - actualRange = new java.util.ArrayList(): null

2019-05-08 13:11:06 - [TEST_STEP][PASSED] - expectedRange = <not implemented yet for class: org.codehaus.groovy.ast.expr.EmptyExpression>: null

2019-05-08 13:11:06 - [TEST_STEP][PASSED] - if (sizeType.equalsIgnoreCase("Select")): null

2019-05-08 13:11:06 - [TEST_STEP][PASSED] - for ([i = 1, i < sizeOptions.size(), (i++)]): null

2019-05-08 13:11:06 - [TEST_STEP][PASSED] - actualRange.add(get(i).getText()): null

2019-05-08 13:11:06 - [TEST_STEP][PASSED] - actualRange.add(get(i).getText()): null

2019-05-08 13:11:06 - [TEST_STEP][PASSED] - actualRange.add(get(i).getText()): null

2019-05-08 13:11:06 - [TEST_STEP][PASSED] - actualRange.add(get(i).getText()): null

2019-05-08 13:11:06 - [TEST_STEP][PASSED] - actualRange.add(get(i).getText()): null

2019-05-08 13:11:06 - [TEST_STEP][PASSED] - if (toString().equalsIgnoreCase("XS") || toString().equalsIgnoreCase("XXS")): null

2019-05-08 13:11:06 - [TEST_STEP][PASSED] - expectedRange = UtilityMethods.getExpectedRange(sizeRange1, sizeRangeSplit): null

2019-05-08 13:11:06 - [TEST_STEP][PASSED] - println("XS"): null

2019-05-08 13:11:06 - [TEST_STEP][PASSED] - println(expectedRange.toString()): null

2019-05-08 13:11:06 - [TEST_STEP][PASSED] - assert UtilityMethods.listEquals(expectedRange, actualRange) == true: null

2019-05-08 13:11:06 - [TEST_STEP][PASSED] - delay(3): Delayed 3 second(s)

2019-05-08 13:11:09 - [MESSAGE][PASSED] - Delayed 3 second(s)

2019-05-08 13:11:09 - [MESSAGE][PASSED] - Call Test Case 'Test Cases/productVerifyShort' successfully

2019-05-08 13:11:09 - [TEST_STEP][PASSED] - callTestCase(findTestCase("populateTimeGlobalVars"), ["row":timeRow], STOP_ON_FAILURE): Call Test Case 'Test Cases/populateTimeGlobalVars' successfully

2019-05-08 13:11:09 - [TEST_CASE][PASSED] - Test Cases/populateTimeGlobalVars: Test Cases/populateTimeGlobalVars

2019-05-08 13:11:09 - [TEST_STEP][PASSED] - dataFile = "timezoneData": null

2019-05-08 13:11:09 - [TEST_STEP][PASSED] - serverTarget = UtilityMethods.getTestData(dataFile, "serverTarget", row): null

2019-05-08 13:11:10 - [TEST_STEP][PASSED] - orderType = UtilityMethods.getTestData(dataFile, "orderType", row): null

2019-05-08 13:11:10 - [TEST_STEP][PASSED] - timeZone = UtilityMethods.getTestData(dataFile, "timeZone", row): null

2019-05-08 13:11:10 - [TEST_STEP][PASSED] - BOPersonal = UtilityMethods.getTestData(dataFile, "BOPersonal", row): null

2019-05-08 13:11:10 - [TEST_STEP][PASSED] - BOAddon = UtilityMethods.getTestData(dataFile, "BOAddon", row): null

2019-05-08 13:11:10 - [TEST_STEP][PASSED] - BORetail = UtilityMethods.getTestData(dataFile, "BORetail", row): null

2019-05-08 13:11:10 - [TEST_STEP][PASSED] - BOShow = UtilityMethods.getTestData(dataFile, "BOShow", row): null

2019-05-08 13:11:10 - [TEST_STEP][PASSED] - BOOnlineoutlet = UtilityMethods.getTestData(dataFile, "BOOnlineoutlet", row): null

2019-05-08 13:11:10 - [TEST_STEP][PASSED] - BOEmployee = UtilityMethods.getTestData(dataFile, "BOEmployee", row): null

2019-05-08 13:11:10 - [TEST_STEP][PASSED] - CCPersonal = UtilityMethods.getTestData(dataFile, "CCPersonal", row): null

2019-05-08 13:11:10 - [TEST_STEP][PASSED] - CCRetail = UtilityMethods.getTestData(dataFile, "CCRetail", row): null

2019-05-08 13:11:10 - [TEST_STEP][PASSED] - CCShow = UtilityMethods.getTestData(dataFile, "CCShow", row): null

2019-05-08 13:11:10 - [MESSAGE][PASSED] - Call Test Case 'Test Cases/populateTimeGlobalVars' successfully

2019-05-08 13:11:10 - [TEST_STEP][PASSED] - callTestCase(findTestCase("newArrivalsSetTimezone"), ["ofbizURL":ofbizURL, "ofbizuser":ofbizuser, "ofbizpass":ofbizpass, "orderType":orderType, "timeZone":timeZone, "serverTarget":serverTarget], STOP_ON_FAILURE): Call Test Case 'Test Cases/newArrivalsSetTimezone' successfully

2019-05-08 13:11:10 - [TEST_CASE][PASSED] - Test Cases/newArrivalsSetTimezone: Test Cases/newArrivalsSetTimezone

2019-05-08 13:11:10 - [TEST_STEP][NOT_RUN] - openBrowser(""): NOT_RUN: openBrowser("")

2019-05-08 13:11:10 - [MESSAGE][NOT_RUN] - NOT_RUN: openBrowser("")

2019-05-08 13:11:10 - [TEST_STEP][NOT_RUN] - maximizeWindow(): NOT_RUN: maximizeWindow()

2019-05-08 13:11:10 - [MESSAGE][NOT_RUN] - NOT_RUN: maximizeWindow()

2019-05-08 13:11:10 - [TEST_STEP][PASSED] - navigateToUrl(ofbizURL): Navigate to 'https://pushofbiz.cliotest.com/login.php' successfully

2019-05-08 13:11:12 - [MESSAGE][PASSED] - Navigate to 'https://pushofbiz.cliotest.com/login.php' successfully

2019-05-08 13:11:12 - [TEST_STEP][PASSED] - setText(findTestObject("Page_/input_Username_username"), ofbizuser): Text 'sshinde' is set on object 'Object Repository/Page_/input_Username_username'

2019-05-08 13:11:12 - [MESSAGE][PASSED] - Text 'sshinde' is set on object 'Object Repository/Page_/input_Username_username'

2019-05-08 13:11:12 - [TEST_STEP][PASSED] - setText(findTestObject("Page_/input_Password_password"), ofbizpass): Text 'C@bi$ush5' is set on object 'Object Repository/Page_/input_Password_password'

2019-05-08 13:11:12 - [MESSAGE][PASSED] - Text 'C@bi$ush5' is set on object 'Object Repository/Page_/input_Password_password'

2019-05-08 13:11:12 - [TEST_STEP][PASSED] - click(findTestObject("Page_/input_Password_Submit")): Object: 'Object Repository/Page_/input_Password_Submit' is clicked on

2019-05-08 13:11:15 - [MESSAGE][PASSED] - Object: 'Object Repository/Page_/input_Password_Submit' is clicked on

2019-05-08 13:11:15 - [TEST_STEP][PASSED] - click(findTestObject("Object Repository/Page_/a_Clock set")): Object: 'Object Repository/Page_/a_Clock set' is clicked on

2019-05-08 13:11:15 - [MESSAGE][PASSED] - Object: 'Object Repository/Page_/a_Clock set' is clicked on

2019-05-08 13:11:15 - [TEST_STEP][PASSED] - selectOptionByLabel(findTestObject("Object Repository/Page_/serverTarget"), serverTarget, true): All options with label 'test14' are selected in object 'Object Repository/Page_/serverTarget'  using regular expression

2019-05-08 13:11:16 - [MESSAGE][PASSED] - All options with label 'test14' are selected in object 'Object Repository/Page_/serverTarget'  using regular expression

2019-05-08 13:11:16 - [TEST_STEP][PASSED] - click(findTestObject("Page_/thisDateAndTime")): Object: 'Object Repository/Page_/thisDateAndTime' is clicked on

2019-05-08 13:11:17 - [MESSAGE][PASSED] - Object: 'Object Repository/Page_/thisDateAndTime' is clicked on

2019-05-08 13:11:17 - [TEST_STEP][PASSED] - setText(findTestObject("Object Repository/Page_/setTargetTime"), timeZone): Text ' 05/03/2019 12:00' is set on object 'Object Repository/Page_/setTargetTime'

2019-05-08 13:11:17 - [MESSAGE][PASSED] - Text ' 05/03/2019 12:00' is set on object 'Object Repository/Page_/setTargetTime'

2019-05-08 13:11:17 - [TEST_STEP][PASSED] - click(findTestObject("Object Repository/Page_/input")): Object: 'Object Repository/Page_/input' is clicked on

2019-05-08 13:11:17 - [MESSAGE][PASSED] - Object: 'Object Repository/Page_/input' is clicked on

2019-05-08 13:11:17 - [TEST_STEP][PASSED] - delay(10): Delayed 10 second(s)

2019-05-08 13:11:27 - [MESSAGE][PASSED] - Delayed 10 second(s)

2019-05-08 13:11:27 - [TEST_STEP][PASSED] - closeBrowser(): Browser is closed

2019-05-08 13:11:28 - [MESSAGE][PASSED] - Browser is closed

2019-05-08 13:11:28 - [MESSAGE][PASSED] - Call Test Case 'Test Cases/newArrivalsSetTimezone' successfully

2019-05-08 13:11:28 - [TEST_STEP][PASSED] - if (timeRow == 1): null

2019-05-08 13:11:28 - [TEST_STEP][PASSED] - callTestCase(findTestCase("cabiCentralLogin"), [:], STOP_ON_FAILURE): Call Test Case 'Test Cases/cabiCentralLogin' successfully

2019-05-08 13:11:28 - [TEST_CASE][PASSED] - Test Cases/cabiCentralLogin: Test Cases/cabiCentralLogin

2019-05-08 13:11:28 - [TEST_STEP][PASSED] - CCURL = findTestData("credData").getValue("CCURL", 1): null

2019-05-08 13:11:28 - [TEST_STEP][PASSED] - CCuser = findTestData("credData").getValue("CCuser", 1): null

2019-05-08 13:11:28 - [TEST_STEP][PASSED] - CCpass = findTestData("credData").getValue("CCpass", 1): null

2019-05-08 13:11:28 - [TEST_STEP][PASSED] - openBrowser(""): Browser is opened with url: ''

2019-05-08 13:11:28 - [MESSAGE][INFO] - Starting 'Chrome' driver

2019-05-08 13:11:30 - [MESSAGE][PASSED] - Browser is opened with url: ''

2019-05-08 13:11:30 - [TEST_STEP][PASSED] - navigateToUrl(CCURL): Navigate to 'https://test14.cliotest.com/cabicentral/control/main' successfully

2019-05-08 13:11:37 - [MESSAGE][PASSED] - Navigate to 'https://test14.cliotest.com/cabicentral/control/main' successfully

2019-05-08 13:11:37 - [TEST_STEP][PASSED] - maximizeWindow(): Current window maximized

2019-05-08 13:11:38 - [MESSAGE][PASSED] - Current window maximized

2019-05-08 13:11:38 - [TEST_STEP][PASSED] - logOut = findWebElements(findTestObject("Object Repository/Page_cabi Home/log_out"), 5): Unable to find the element located by 'By.xpath: //a[contains(text(),'Log Out')]'. Please recheck the objects properties to make sure the desired element is located. 

2019-05-08 13:11:43 - [MESSAGE][INFO] - Unable to find the element located by 'By.xpath: //a[contains(text(),'Log Out')]'. Please recheck the objects properties to make sure the desired element is located. 

2019-05-08 13:11:43 - [TEST_STEP][PASSED] - if (logOut.size() == 0): Object: 'Object Repository/Page_cabi/input_Password_section-btn btn-stl-pk rFloat' is clicked on

2019-05-08 13:11:43 - [TEST_STEP][PASSED] - setText(findTestObject("Object Repository/Page_cabi/input_Username_USERNAME"), CCuser): Text 'ehudson' is set on object 'Object Repository/Page_cabi/input_Username_USERNAME'

2019-05-08 13:11:43 - [MESSAGE][PASSED] - Text 'ehudson' is set on object 'Object Repository/Page_cabi/input_Username_USERNAME'

2019-05-08 13:11:43 - [TEST_STEP][PASSED] - setText(findTestObject("Object Repository/Page_cabi/input_Password_PASSWORD"), CCpass): Text 'blackdress19' is set on object 'Object Repository/Page_cabi/input_Password_PASSWORD'

2019-05-08 13:11:43 - [MESSAGE][PASSED] - Text 'blackdress19' is set on object 'Object Repository/Page_cabi/input_Password_PASSWORD'

2019-05-08 13:11:43 - [TEST_STEP][PASSED] - delay(3): Delayed 3 second(s)

2019-05-08 13:11:46 - [MESSAGE][PASSED] - Delayed 3 second(s)

2019-05-08 13:11:46 - [TEST_STEP][PASSED] - click(findTestObject("Object Repository/Page_cabi/input_Password_section-btn btn-stl-pk rFloat")): Object: 'Object Repository/Page_cabi/input_Password_section-btn btn-stl-pk rFloat' is clicked on

2019-05-08 13:11:50 - [MESSAGE][PASSED] - Object: 'Object Repository/Page_cabi/input_Password_section-btn btn-stl-pk rFloat' is clicked on

2019-05-08 13:11:50 - [TEST_STEP][PASSED] - delay(3): Delayed 3 second(s)

2019-05-08 13:11:53 - [MESSAGE][PASSED] - Delayed 3 second(s)

2019-05-08 13:11:53 - [MESSAGE][PASSED] - Call Test Case 'Test Cases/cabiCentralLogin' successfully

2019-05-08 13:11:53 - [TEST_STEP][PASSED] - click(findTestObject("Page_cabi cabiCentral Tasks/a_ORDERS")): Object: 'Object Repository/Page_cabi cabiCentral Tasks/a_ORDERS' is clicked on

2019-05-08 13:11:54 - [MESSAGE][PASSED] - Object: 'Object Repository/Page_cabi cabiCentral Tasks/a_ORDERS' is clicked on

2019-05-08 13:11:54 - [TEST_STEP][PASSED] - click(findTestObject("Page_cabi Find Order/a_Create Order")): Object: 'Object Repository/Page_cabi Find Order/a_Create Order' is clicked on

2019-05-08 13:11:55 - [MESSAGE][PASSED] - Object: 'Object Repository/Page_cabi Find Order/a_Create Order' is clicked on

2019-05-08 13:11:55 - [TEST_STEP][PASSED] - selectOptionByValue(findTestObject("Page_cabi Create Order/select_order_type"), "PERSONAL", true): All options with value 'PERSONAL' are selected in object 'Object Repository/Page_cabi Create Order/select_order_type'  using regular expression

2019-05-08 13:11:55 - [MESSAGE][PASSED] - All options with value 'PERSONAL' are selected in object 'Object Repository/Page_cabi Create Order/select_order_type'  using regular expression

2019-05-08 13:11:55 - [TEST_STEP][PASSED] - click(findTestObject("Page_cabi Create Order/input_select_order_type")): Object: 'Object Repository/Page_cabi Create Order/input_select_order_type' is clicked on

2019-05-08 13:11:59 - [MESSAGE][PASSED] - Object: 'Object Repository/Page_cabi Create Order/input_select_order_type' is clicked on

2019-05-08 13:11:59 - [TEST_STEP][PASSED] - callTestCase(findTestCase("productVerifyShort"), ["available":CCPersonal, "storeType":"CCPersonal"], STOP_ON_FAILURE): Call Test Case 'Test Cases/productVerifyShort' successfully

2019-05-08 13:11:59 - [TEST_CASE][PASSED] - Test Cases/productVerifyShort: Test Cases/productVerifyShort

2019-05-08 13:11:59 - [TEST_STEP][PASSED] - for ([row = 1, row <= findTestData("productData").getRowNumbers(), (row++)]): Delayed 3 second(s)

2019-05-08 13:11:59 - [TEST_STEP][PASSED] - setText(findTestObject("Object Repository/Page_cabi Create Order/input_Manual Discount_stylelookup_0"), findTestData("productData").getValue("Style", row)): Text '5618' is set on object 'Object Repository/Page_cabi Create Order/input_Manual Discount_stylelookup_0'

2019-05-08 13:12:00 - [MESSAGE][PASSED] - Text '5618' is set on object 'Object Repository/Page_cabi Create Order/input_Manual Discount_stylelookup_0'

2019-05-08 13:12:00 - [TEST_STEP][PASSED] - delay(2): Delayed 2 second(s)

2019-05-08 13:12:02 - [MESSAGE][PASSED] - Delayed 2 second(s)

2019-05-08 13:12:02 - [TEST_STEP][PASSED] - prod_message = getText(findTestObject("Page_cabi Create Order/first_option")): Text of object 'Object Repository/Page_cabi Create Order/first_option' is: '5618 Breeze Dress'

2019-05-08 13:12:02 - [MESSAGE][PASSED] - Text of object 'Object Repository/Page_cabi Create Order/first_option' is: '5618 Breeze Dress'

2019-05-08 13:12:02 - [TEST_STEP][PASSED] - delay(1): Delayed 1 second(s)

2019-05-08 13:12:03 - [MESSAGE][PASSED] - Delayed 1 second(s)

2019-05-08 13:12:03 - [TEST_STEP][PASSED] - click(findTestObject("Page_cabi Create Order/first_option")): Object: 'Object Repository/Page_cabi Create Order/first_option' is clicked on

2019-05-08 13:12:03 - [MESSAGE][PASSED] - Object: 'Object Repository/Page_cabi Create Order/first_option' is clicked on

2019-05-08 13:12:03 - [TEST_STEP][PASSED] - if (toString().equalsIgnoreCase("no")): null

2019-05-08 13:12:03 - [TEST_STEP][PASSED] - else: Delayed 3 second(s)

2019-05-08 13:12:03 - [TEST_STEP][PASSED] - delay(3): Delayed 3 second(s)

2019-05-08 13:12:06 - [MESSAGE][PASSED] - Delayed 3 second(s)

2019-05-08 13:12:06 - [TEST_STEP][PASSED] - s1 = getValue("Style", row).toString(): null

2019-05-08 13:12:06 - [TEST_STEP][PASSED] - s2 = " ": null

2019-05-08 13:12:06 - [TEST_STEP][PASSED] - s3 = getValue("Description", row).toString(): null

2019-05-08 13:12:06 - [TEST_STEP][PASSED] - expectedStyleDescription = $s1$s2$s3: null

2019-05-08 13:12:06 - [TEST_STEP][PASSED] - assert prod_message.equalsIgnoreCase(expectedStyleDescription): null

2019-05-08 13:12:06 - [TEST_STEP][PASSED] - delay(3): Delayed 3 second(s)

2019-05-08 13:12:09 - [MESSAGE][PASSED] - Delayed 3 second(s)

2019-05-08 13:12:09 - [TEST_STEP][PASSED] - colorOptions = findWebElements(findTestObject("Page_cabi Order Items/GetAttribute_Color"), 5): null

2019-05-08 13:12:09 - [TEST_STEP][PASSED] - println(colorOptions.size()): null

2019-05-08 13:12:09 - [TEST_STEP][PASSED] - expectedColour = findTestData("productData").getValue("Color", row): null

2019-05-08 13:12:09 - [TEST_STEP][PASSED] - println("expected colour is"): null

2019-05-08 13:12:09 - [TEST_STEP][PASSED] - println(expectedColour): null

2019-05-08 13:12:09 - [TEST_STEP][PASSED] - colourVerified = false: null

2019-05-08 13:12:09 - [TEST_STEP][PASSED] - for (org.openqa.selenium.WebElement op : colorOptions): null

2019-05-08 13:12:09 - [TEST_STEP][PASSED] - println(op.getText()): null

2019-05-08 13:12:09 - [TEST_STEP][PASSED] - if (expectedColour.equalsIgnoreCase(op.getText())): null

2019-05-08 13:12:09 - [TEST_STEP][PASSED] - colourVerified = true: null

2019-05-08 13:12:09 - [TEST_STEP][PASSED] - break: null

2019-05-08 13:12:09 - [TEST_STEP][PASSED] - assert colourVerified == true: null

2019-05-08 13:12:09 - [TEST_STEP][PASSED] - getPrice = getText(findTestObject("Page_cabi Create Order/retail_price")): Text of object 'Object Repository/Page_cabi Create Order/retail_price' is: '$119.00'

2019-05-08 13:12:09 - [MESSAGE][PASSED] - Text of object 'Object Repository/Page_cabi Create Order/retail_price' is: '$119.00'

2019-05-08 13:12:09 - [TEST_STEP][PASSED] - Split_Data = UtilityMethods.SplitData(getPrice): null

2019-05-08 13:12:09 - [TEST_STEP][PASSED] - verifyMatch(Split_Data, findTestData("productData").getValue("Retail", row), true): Actual text '119' and expected text '119' are matched  using regular expression

2019-05-08 13:12:09 - [MESSAGE][PASSED] - Actual text '119' and expected text '119' are matched  using regular expression

2019-05-08 13:12:09 - [TEST_STEP][PASSED] - sizeRange1 = ["XXS", "XS", "S", "M", "L", "XL"]: null

2019-05-08 13:12:09 - [TEST_STEP][PASSED] - sizeRange2 = ["00", "0", "2", "4", "6", "8", "10", "12", "14", "16"]: null

2019-05-08 13:12:09 - [TEST_STEP][PASSED] - sizeRange3 = ["Long", "Regular", "Short"]: null

2019-05-08 13:12:09 - [TEST_STEP][PASSED] - sizeRange4 = ["5", "6", "6.5", "7", "7.5", "8", "8.5", "9", "9.5", "10", "11"]: null

2019-05-08 13:12:09 - [TEST_STEP][PASSED] - sizeRangeSplit = UtilityMethods.SplitSizes(findTestData("productData").getValue("SzRange", row)): null

2019-05-08 13:12:09 - [TEST_STEP][PASSED] - sizeType = getText(findTestObject("Object Repository/Page_cabi Order Items/Size")): Text of object 'Object Repository/Page_cabi Order Items/Size' is: 'Select'

2019-05-08 13:12:09 - [MESSAGE][PASSED] - Text of object 'Object Repository/Page_cabi Order Items/Size' is: 'Select'

2019-05-08 13:12:09 - [TEST_STEP][PASSED] - sizeOptions = findWebElements(findTestObject("Object Repository/Page_cabi Order Items/Size"), 5): null

2019-05-08 13:12:09 - [TEST_STEP][PASSED] - actualRange = new java.util.ArrayList(): null

2019-05-08 13:12:09 - [TEST_STEP][PASSED] - expectedRange = <not implemented yet for class: org.codehaus.groovy.ast.expr.EmptyExpression>: null

2019-05-08 13:12:09 - [TEST_STEP][PASSED] - if (sizeType.equalsIgnoreCase("Select")): null

2019-05-08 13:12:09 - [TEST_STEP][PASSED] - for ([i = 1, i < sizeOptions.size(), (i++)]): null

2019-05-08 13:12:09 - [TEST_STEP][PASSED] - actualRange.add(get(i).getText()): null

2019-05-08 13:12:09 - [TEST_STEP][PASSED] - actualRange.add(get(i).getText()): null

2019-05-08 13:12:09 - [TEST_STEP][PASSED] - actualRange.add(get(i).getText()): null

2019-05-08 13:12:09 - [TEST_STEP][PASSED] - actualRange.add(get(i).getText()): null

2019-05-08 13:12:09 - [TEST_STEP][PASSED] - actualRange.add(get(i).getText()): null

2019-05-08 13:12:09 - [TEST_STEP][PASSED] - if (toString().equalsIgnoreCase("XS") || toString().equalsIgnoreCase("XXS")): null

2019-05-08 13:12:09 - [TEST_STEP][PASSED] - expectedRange = UtilityMethods.getExpectedRange(sizeRange1, sizeRangeSplit): null

2019-05-08 13:12:09 - [TEST_STEP][PASSED] - println("XS"): null

2019-05-08 13:12:09 - [TEST_STEP][PASSED] - println(expectedRange.toString()): null

2019-05-08 13:12:09 - [TEST_STEP][PASSED] - assert UtilityMethods.listEquals(expectedRange, actualRange) == true: null

2019-05-08 13:12:09 - [TEST_STEP][PASSED] - delay(3): Delayed 3 second(s)

2019-05-08 13:12:12 - [MESSAGE][PASSED] - Delayed 3 second(s)

2019-05-08 13:12:12 - [MESSAGE][PASSED] - Call Test Case 'Test Cases/productVerifyShort' successfully

2019-05-08 13:12:12 - [TEST_STEP][PASSED] - callTestCase(findTestCase("populateTimeGlobalVars"), ["row":timeRow], STOP_ON_FAILURE): Call Test Case 'Test Cases/populateTimeGlobalVars' successfully

2019-05-08 13:12:12 - [TEST_CASE][PASSED] - Test Cases/populateTimeGlobalVars: Test Cases/populateTimeGlobalVars

2019-05-08 13:12:12 - [TEST_STEP][PASSED] - dataFile = "timezoneData": null

2019-05-08 13:12:12 - [TEST_STEP][PASSED] - serverTarget = UtilityMethods.getTestData(dataFile, "serverTarget", row): null

2019-05-08 13:12:12 - [TEST_STEP][PASSED] - orderType = UtilityMethods.getTestData(dataFile, "orderType", row): null

2019-05-08 13:12:12 - [TEST_STEP][PASSED] - timeZone = UtilityMethods.getTestData(dataFile, "timeZone", row): null

2019-05-08 13:12:12 - [TEST_STEP][PASSED] - BOPersonal = UtilityMethods.getTestData(dataFile, "BOPersonal", row): null

2019-05-08 13:12:12 - [TEST_STEP][PASSED] - BOAddon = UtilityMethods.getTestData(dataFile, "BOAddon", row): null

2019-05-08 13:12:12 - [TEST_STEP][PASSED] - BORetail = UtilityMethods.getTestData(dataFile, "BORetail", row): null

2019-05-08 13:12:12 - [TEST_STEP][PASSED] - BOShow = UtilityMethods.getTestData(dataFile, "BOShow", row): null

2019-05-08 13:12:12 - [TEST_STEP][PASSED] - BOOnlineoutlet = UtilityMethods.getTestData(dataFile, "BOOnlineoutlet", row): null

2019-05-08 13:12:12 - [TEST_STEP][PASSED] - BOEmployee = UtilityMethods.getTestData(dataFile, "BOEmployee", row): null

2019-05-08 13:12:12 - [TEST_STEP][PASSED] - CCPersonal = UtilityMethods.getTestData(dataFile, "CCPersonal", row): null

2019-05-08 13:12:12 - [TEST_STEP][PASSED] - CCRetail = UtilityMethods.getTestData(dataFile, "CCRetail", row): null

2019-05-08 13:12:12 - [TEST_STEP][PASSED] - CCShow = UtilityMethods.getTestData(dataFile, "CCShow", row): null

2019-05-08 13:12:13 - [MESSAGE][PASSED] - Call Test Case 'Test Cases/populateTimeGlobalVars' successfully

2019-05-08 13:12:13 - [TEST_STEP][PASSED] - callTestCase(findTestCase("newArrivalsSetTimezone"), ["ofbizURL":ofbizURL, "ofbizuser":ofbizuser, "ofbizpass":ofbizpass, "orderType":orderType, "timeZone":timeZone, "serverTarget":serverTarget], STOP_ON_FAILURE): Call Test Case 'Test Cases/newArrivalsSetTimezone' successfully

2019-05-08 13:12:13 - [TEST_CASE][PASSED] - Test Cases/newArrivalsSetTimezone: Test Cases/newArrivalsSetTimezone

2019-05-08 13:12:13 - [TEST_STEP][NOT_RUN] - openBrowser(""): NOT_RUN: openBrowser("")

2019-05-08 13:12:13 - [MESSAGE][NOT_RUN] - NOT_RUN: openBrowser("")

2019-05-08 13:12:13 - [TEST_STEP][NOT_RUN] - maximizeWindow(): NOT_RUN: maximizeWindow()

2019-05-08 13:12:13 - [MESSAGE][NOT_RUN] - NOT_RUN: maximizeWindow()

2019-05-08 13:12:13 - [TEST_STEP][PASSED] - navigateToUrl(ofbizURL): Navigate to 'https://pushofbiz.cliotest.com/login.php' successfully

2019-05-08 13:12:14 - [MESSAGE][PASSED] - Navigate to 'https://pushofbiz.cliotest.com/login.php' successfully

2019-05-08 13:12:14 - [TEST_STEP][PASSED] - setText(findTestObject("Page_/input_Username_username"), ofbizuser): Text 'sshinde' is set on object 'Object Repository/Page_/input_Username_username'

2019-05-08 13:12:14 - [MESSAGE][PASSED] - Text 'sshinde' is set on object 'Object Repository/Page_/input_Username_username'

2019-05-08 13:12:14 - [TEST_STEP][PASSED] - setText(findTestObject("Page_/input_Password_password"), ofbizpass): Text 'C@bi$ush5' is set on object 'Object Repository/Page_/input_Password_password'

2019-05-08 13:12:15 - [MESSAGE][PASSED] - Text 'C@bi$ush5' is set on object 'Object Repository/Page_/input_Password_password'

2019-05-08 13:12:15 - [TEST_STEP][PASSED] - click(findTestObject("Page_/input_Password_Submit")): Object: 'Object Repository/Page_/input_Password_Submit' is clicked on

2019-05-08 13:12:17 - [MESSAGE][PASSED] - Object: 'Object Repository/Page_/input_Password_Submit' is clicked on

2019-05-08 13:12:17 - [TEST_STEP][PASSED] - click(findTestObject("Object Repository/Page_/a_Clock set")): Object: 'Object Repository/Page_/a_Clock set' is clicked on

2019-05-08 13:12:17 - [MESSAGE][PASSED] - Object: 'Object Repository/Page_/a_Clock set' is clicked on

2019-05-08 13:12:17 - [TEST_STEP][PASSED] - selectOptionByLabel(findTestObject("Object Repository/Page_/serverTarget"), serverTarget, true): All options with label 'test14' are selected in object 'Object Repository/Page_/serverTarget'  using regular expression

2019-05-08 13:12:19 - [MESSAGE][PASSED] - All options with label 'test14' are selected in object 'Object Repository/Page_/serverTarget'  using regular expression

2019-05-08 13:12:19 - [TEST_STEP][PASSED] - click(findTestObject("Page_/thisDateAndTime")): Object: 'Object Repository/Page_/thisDateAndTime' is clicked on

2019-05-08 13:12:19 - [MESSAGE][PASSED] - Object: 'Object Repository/Page_/thisDateAndTime' is clicked on

2019-05-08 13:12:19 - [TEST_STEP][PASSED] - setText(findTestObject("Object Repository/Page_/setTargetTime"), timeZone): Text ' 05/08/2019 7:00' is set on object 'Object Repository/Page_/setTargetTime'

2019-05-08 13:12:19 - [MESSAGE][PASSED] - Text ' 05/08/2019 7:00' is set on object 'Object Repository/Page_/setTargetTime'

2019-05-08 13:12:19 - [TEST_STEP][PASSED] - click(findTestObject("Object Repository/Page_/input")): Object: 'Object Repository/Page_/input' is clicked on

2019-05-08 13:12:19 - [MESSAGE][PASSED] - Object: 'Object Repository/Page_/input' is clicked on

2019-05-08 13:12:19 - [TEST_STEP][PASSED] - delay(10): Delayed 10 second(s)

2019-05-08 13:12:29 - [MESSAGE][PASSED] - Delayed 10 second(s)

2019-05-08 13:12:29 - [TEST_STEP][PASSED] - closeBrowser(): Browser is closed

2019-05-08 13:12:30 - [MESSAGE][PASSED] - Browser is closed

2019-05-08 13:12:30 - [MESSAGE][PASSED] - Call Test Case 'Test Cases/newArrivalsSetTimezone' successfully

2019-05-08 13:12:30 - [TEST_STEP][PASSED] - if (timeRow == 1): null

2019-05-08 13:12:30 - [TEST_STEP][PASSED] - callTestCase(findTestCase("cabiCentralLogin"), [:], STOP_ON_FAILURE): Call Test Case 'Test Cases/cabiCentralLogin' successfully

2019-05-08 13:12:30 - [TEST_CASE][PASSED] - Test Cases/cabiCentralLogin: Test Cases/cabiCentralLogin

2019-05-08 13:12:30 - [TEST_STEP][PASSED] - CCURL = findTestData("credData").getValue("CCURL", 1): null

2019-05-08 13:12:30 - [TEST_STEP][PASSED] - CCuser = findTestData("credData").getValue("CCuser", 1): null

2019-05-08 13:12:30 - [TEST_STEP][PASSED] - CCpass = findTestData("credData").getValue("CCpass", 1): null

2019-05-08 13:12:30 - [TEST_STEP][PASSED] - openBrowser(""): Browser is opened with url: ''

2019-05-08 13:12:30 - [MESSAGE][INFO] - Starting 'Chrome' driver

2019-05-08 13:12:32 - [MESSAGE][PASSED] - Browser is opened with url: ''

2019-05-08 13:12:32 - [TEST_STEP][PASSED] - navigateToUrl(CCURL): Navigate to 'https://test14.cliotest.com/cabicentral/control/main' successfully

2019-05-08 13:12:40 - [MESSAGE][PASSED] - Navigate to 'https://test14.cliotest.com/cabicentral/control/main' successfully

2019-05-08 13:12:40 - [TEST_STEP][PASSED] - maximizeWindow(): Current window maximized

2019-05-08 13:12:41 - [MESSAGE][PASSED] - Current window maximized

2019-05-08 13:12:41 - [TEST_STEP][PASSED] - logOut = findWebElements(findTestObject("Object Repository/Page_cabi Home/log_out"), 5): Unable to find the element located by 'By.xpath: //a[contains(text(),'Log Out')]'. Please recheck the objects properties to make sure the desired element is located. 

2019-05-08 13:12:46 - [MESSAGE][INFO] - Unable to find the element located by 'By.xpath: //a[contains(text(),'Log Out')]'. Please recheck the objects properties to make sure the desired element is located. 

2019-05-08 13:12:46 - [TEST_STEP][PASSED] - if (logOut.size() == 0): Object: 'Object Repository/Page_cabi/input_Password_section-btn btn-stl-pk rFloat' is clicked on

2019-05-08 13:12:46 - [TEST_STEP][PASSED] - setText(findTestObject("Object Repository/Page_cabi/input_Username_USERNAME"), CCuser): Text 'ehudson' is set on object 'Object Repository/Page_cabi/input_Username_USERNAME'

2019-05-08 13:12:46 - [MESSAGE][PASSED] - Text 'ehudson' is set on object 'Object Repository/Page_cabi/input_Username_USERNAME'

2019-05-08 13:12:46 - [TEST_STEP][PASSED] - setText(findTestObject("Object Repository/Page_cabi/input_Password_PASSWORD"), CCpass): Text 'blackdress19' is set on object 'Object Repository/Page_cabi/input_Password_PASSWORD'

2019-05-08 13:12:47 - [MESSAGE][PASSED] - Text 'blackdress19' is set on object 'Object Repository/Page_cabi/input_Password_PASSWORD'

2019-05-08 13:12:47 - [TEST_STEP][PASSED] - delay(3): Delayed 3 second(s)

2019-05-08 13:12:50 - [MESSAGE][PASSED] - Delayed 3 second(s)

2019-05-08 13:12:50 - [TEST_STEP][PASSED] - click(findTestObject("Object Repository/Page_cabi/input_Password_section-btn btn-stl-pk rFloat")): Object: 'Object Repository/Page_cabi/input_Password_section-btn btn-stl-pk rFloat' is clicked on

2019-05-08 13:12:54 - [MESSAGE][PASSED] - Object: 'Object Repository/Page_cabi/input_Password_section-btn btn-stl-pk rFloat' is clicked on

2019-05-08 13:12:54 - [TEST_STEP][PASSED] - delay(3): Delayed 3 second(s)

2019-05-08 13:12:57 - [MESSAGE][PASSED] - Delayed 3 second(s)

2019-05-08 13:12:57 - [MESSAGE][PASSED] - Call Test Case 'Test Cases/cabiCentralLogin' successfully

2019-05-08 13:12:57 - [TEST_STEP][PASSED] - click(findTestObject("Page_cabi cabiCentral Tasks/a_ORDERS")): Object: 'Object Repository/Page_cabi cabiCentral Tasks/a_ORDERS' is clicked on

2019-05-08 13:12:58 - [MESSAGE][PASSED] - Object: 'Object Repository/Page_cabi cabiCentral Tasks/a_ORDERS' is clicked on

2019-05-08 13:12:58 - [TEST_STEP][PASSED] - click(findTestObject("Page_cabi Find Order/a_Create Order")): Object: 'Object Repository/Page_cabi Find Order/a_Create Order' is clicked on

2019-05-08 13:12:59 - [MESSAGE][PASSED] - Object: 'Object Repository/Page_cabi Find Order/a_Create Order' is clicked on

2019-05-08 13:12:59 - [TEST_STEP][PASSED] - selectOptionByValue(findTestObject("Page_cabi Create Order/select_order_type"), "PERSONAL", true): All options with value 'PERSONAL' are selected in object 'Object Repository/Page_cabi Create Order/select_order_type'  using regular expression

2019-05-08 13:12:59 - [MESSAGE][PASSED] - All options with value 'PERSONAL' are selected in object 'Object Repository/Page_cabi Create Order/select_order_type'  using regular expression

2019-05-08 13:12:59 - [TEST_STEP][PASSED] - click(findTestObject("Page_cabi Create Order/input_select_order_type")): Object: 'Object Repository/Page_cabi Create Order/input_select_order_type' is clicked on

2019-05-08 13:13:03 - [MESSAGE][PASSED] - Object: 'Object Repository/Page_cabi Create Order/input_select_order_type' is clicked on

2019-05-08 13:13:03 - [TEST_STEP][PASSED] - callTestCase(findTestCase("productVerifyShort"), ["available":CCPersonal, "storeType":"CCPersonal"], STOP_ON_FAILURE): Call Test Case 'Test Cases/productVerifyShort' successfully

2019-05-08 13:13:03 - [TEST_CASE][PASSED] - Test Cases/productVerifyShort: Test Cases/productVerifyShort

2019-05-08 13:13:03 - [TEST_STEP][PASSED] - for ([row = 1, row <= findTestData("productData").getRowNumbers(), (row++)]): Delayed 3 second(s)

2019-05-08 13:13:03 - [TEST_STEP][PASSED] - setText(findTestObject("Object Repository/Page_cabi Create Order/input_Manual Discount_stylelookup_0"), findTestData("productData").getValue("Style", row)): Text '5618' is set on object 'Object Repository/Page_cabi Create Order/input_Manual Discount_stylelookup_0'

2019-05-08 13:13:03 - [MESSAGE][PASSED] - Text '5618' is set on object 'Object Repository/Page_cabi Create Order/input_Manual Discount_stylelookup_0'

2019-05-08 13:13:03 - [TEST_STEP][PASSED] - delay(2): Delayed 2 second(s)

2019-05-08 13:13:05 - [MESSAGE][PASSED] - Delayed 2 second(s)

2019-05-08 13:13:05 - [TEST_STEP][PASSED] - prod_message = getText(findTestObject("Page_cabi Create Order/first_option")): Text of object 'Object Repository/Page_cabi Create Order/first_option' is: '5618 Breeze Dress'

2019-05-08 13:13:05 - [MESSAGE][PASSED] - Text of object 'Object Repository/Page_cabi Create Order/first_option' is: '5618 Breeze Dress'

2019-05-08 13:13:05 - [TEST_STEP][PASSED] - delay(1): Delayed 1 second(s)

2019-05-08 13:13:06 - [MESSAGE][PASSED] - Delayed 1 second(s)

2019-05-08 13:13:06 - [TEST_STEP][PASSED] - click(findTestObject("Page_cabi Create Order/first_option")): Object: 'Object Repository/Page_cabi Create Order/first_option' is clicked on

2019-05-08 13:13:06 - [MESSAGE][PASSED] - Object: 'Object Repository/Page_cabi Create Order/first_option' is clicked on

2019-05-08 13:13:06 - [TEST_STEP][PASSED] - if (toString().equalsIgnoreCase("no")): null

2019-05-08 13:13:06 - [TEST_STEP][PASSED] - else: Delayed 3 second(s)

2019-05-08 13:13:06 - [TEST_STEP][PASSED] - delay(3): Delayed 3 second(s)

2019-05-08 13:13:09 - [MESSAGE][PASSED] - Delayed 3 second(s)

2019-05-08 13:13:09 - [TEST_STEP][PASSED] - s1 = getValue("Style", row).toString(): null

2019-05-08 13:13:09 - [TEST_STEP][PASSED] - s2 = " ": null

2019-05-08 13:13:09 - [TEST_STEP][PASSED] - s3 = getValue("Description", row).toString(): null

2019-05-08 13:13:09 - [TEST_STEP][PASSED] - expectedStyleDescription = $s1$s2$s3: null

2019-05-08 13:13:09 - [TEST_STEP][PASSED] - assert prod_message.equalsIgnoreCase(expectedStyleDescription): null

2019-05-08 13:13:09 - [TEST_STEP][PASSED] - delay(3): Delayed 3 second(s)

2019-05-08 13:13:12 - [MESSAGE][PASSED] - Delayed 3 second(s)

2019-05-08 13:13:12 - [TEST_STEP][PASSED] - colorOptions = findWebElements(findTestObject("Page_cabi Order Items/GetAttribute_Color"), 5): null

2019-05-08 13:13:12 - [TEST_STEP][PASSED] - println(colorOptions.size()): null

2019-05-08 13:13:12 - [TEST_STEP][PASSED] - expectedColour = findTestData("productData").getValue("Color", row): null

2019-05-08 13:13:12 - [TEST_STEP][PASSED] - println("expected colour is"): null

2019-05-08 13:13:12 - [TEST_STEP][PASSED] - println(expectedColour): null

2019-05-08 13:13:12 - [TEST_STEP][PASSED] - colourVerified = false: null

2019-05-08 13:13:12 - [TEST_STEP][PASSED] - for (org.openqa.selenium.WebElement op : colorOptions): null

2019-05-08 13:13:12 - [TEST_STEP][PASSED] - println(op.getText()): null

2019-05-08 13:13:12 - [TEST_STEP][PASSED] - if (expectedColour.equalsIgnoreCase(op.getText())): null

2019-05-08 13:13:12 - [TEST_STEP][PASSED] - colourVerified = true: null

2019-05-08 13:13:12 - [TEST_STEP][PASSED] - break: null

2019-05-08 13:13:12 - [TEST_STEP][PASSED] - assert colourVerified == true: null

2019-05-08 13:13:12 - [TEST_STEP][PASSED] - getPrice = getText(findTestObject("Page_cabi Create Order/retail_price")): Text of object 'Object Repository/Page_cabi Create Order/retail_price' is: '$119.00'

2019-05-08 13:13:12 - [MESSAGE][PASSED] - Text of object 'Object Repository/Page_cabi Create Order/retail_price' is: '$119.00'

2019-05-08 13:13:12 - [TEST_STEP][PASSED] - Split_Data = UtilityMethods.SplitData(getPrice): null

2019-05-08 13:13:12 - [TEST_STEP][PASSED] - verifyMatch(Split_Data, findTestData("productData").getValue("Retail", row), true): Actual text '119' and expected text '119' are matched  using regular expression

2019-05-08 13:13:12 - [MESSAGE][PASSED] - Actual text '119' and expected text '119' are matched  using regular expression

2019-05-08 13:13:12 - [TEST_STEP][PASSED] - sizeRange1 = ["XXS", "XS", "S", "M", "L", "XL"]: null

2019-05-08 13:13:12 - [TEST_STEP][PASSED] - sizeRange2 = ["00", "0", "2", "4", "6", "8", "10", "12", "14", "16"]: null

2019-05-08 13:13:12 - [TEST_STEP][PASSED] - sizeRange3 = ["Long", "Regular", "Short"]: null

2019-05-08 13:13:12 - [TEST_STEP][PASSED] - sizeRange4 = ["5", "6", "6.5", "7", "7.5", "8", "8.5", "9", "9.5", "10", "11"]: null

2019-05-08 13:13:12 - [TEST_STEP][PASSED] - sizeRangeSplit = UtilityMethods.SplitSizes(findTestData("productData").getValue("SzRange", row)): null

2019-05-08 13:13:12 - [TEST_STEP][PASSED] - sizeType = getText(findTestObject("Object Repository/Page_cabi Order Items/Size")): Text of object 'Object Repository/Page_cabi Order Items/Size' is: 'Select'

2019-05-08 13:13:13 - [MESSAGE][PASSED] - Text of object 'Object Repository/Page_cabi Order Items/Size' is: 'Select'

2019-05-08 13:13:13 - [TEST_STEP][PASSED] - sizeOptions = findWebElements(findTestObject("Object Repository/Page_cabi Order Items/Size"), 5): null

2019-05-08 13:13:13 - [TEST_STEP][PASSED] - actualRange = new java.util.ArrayList(): null

2019-05-08 13:13:13 - [TEST_STEP][PASSED] - expectedRange = <not implemented yet for class: org.codehaus.groovy.ast.expr.EmptyExpression>: null

2019-05-08 13:13:13 - [TEST_STEP][PASSED] - if (sizeType.equalsIgnoreCase("Select")): null

2019-05-08 13:13:13 - [TEST_STEP][PASSED] - for ([i = 1, i < sizeOptions.size(), (i++)]): null

2019-05-08 13:13:13 - [TEST_STEP][PASSED] - actualRange.add(get(i).getText()): null

2019-05-08 13:13:13 - [TEST_STEP][PASSED] - actualRange.add(get(i).getText()): null

2019-05-08 13:13:13 - [TEST_STEP][PASSED] - actualRange.add(get(i).getText()): null

2019-05-08 13:13:13 - [TEST_STEP][PASSED] - actualRange.add(get(i).getText()): null

2019-05-08 13:13:13 - [TEST_STEP][PASSED] - actualRange.add(get(i).getText()): null

2019-05-08 13:13:13 - [TEST_STEP][PASSED] - if (toString().equalsIgnoreCase("XS") || toString().equalsIgnoreCase("XXS")): null

2019-05-08 13:13:13 - [TEST_STEP][PASSED] - expectedRange = UtilityMethods.getExpectedRange(sizeRange1, sizeRangeSplit): null

2019-05-08 13:13:13 - [TEST_STEP][PASSED] - println("XS"): null

2019-05-08 13:13:13 - [TEST_STEP][PASSED] - println(expectedRange.toString()): null

2019-05-08 13:13:13 - [TEST_STEP][PASSED] - assert UtilityMethods.listEquals(expectedRange, actualRange) == true: null

2019-05-08 13:13:13 - [TEST_STEP][PASSED] - delay(3): Delayed 3 second(s)

2019-05-08 13:13:16 - [MESSAGE][PASSED] - Delayed 3 second(s)

2019-05-08 13:13:16 - [MESSAGE][PASSED] - Call Test Case 'Test Cases/productVerifyShort' successfully

2019-05-08 13:13:16 - [TEST_STEP][PASSED] - callTestCase(findTestCase("populateTimeGlobalVars"), ["row":timeRow], STOP_ON_FAILURE): Call Test Case 'Test Cases/populateTimeGlobalVars' successfully

2019-05-08 13:13:16 - [TEST_CASE][PASSED] - Test Cases/populateTimeGlobalVars: Test Cases/populateTimeGlobalVars

2019-05-08 13:13:16 - [TEST_STEP][PASSED] - dataFile = "timezoneData": null

2019-05-08 13:13:16 - [TEST_STEP][PASSED] - serverTarget = UtilityMethods.getTestData(dataFile, "serverTarget", row): null

2019-05-08 13:13:16 - [TEST_STEP][PASSED] - orderType = UtilityMethods.getTestData(dataFile, "orderType", row): null

2019-05-08 13:13:16 - [TEST_STEP][PASSED] - timeZone = UtilityMethods.getTestData(dataFile, "timeZone", row): null

2019-05-08 13:13:16 - [TEST_STEP][PASSED] - BOPersonal = UtilityMethods.getTestData(dataFile, "BOPersonal", row): null

2019-05-08 13:13:16 - [TEST_STEP][PASSED] - BOAddon = UtilityMethods.getTestData(dataFile, "BOAddon", row): null

2019-05-08 13:13:16 - [TEST_STEP][PASSED] - BORetail = UtilityMethods.getTestData(dataFile, "BORetail", row): null

2019-05-08 13:13:16 - [TEST_STEP][PASSED] - BOShow = UtilityMethods.getTestData(dataFile, "BOShow", row): null

2019-05-08 13:13:16 - [TEST_STEP][PASSED] - BOOnlineoutlet = UtilityMethods.getTestData(dataFile, "BOOnlineoutlet", row): null

2019-05-08 13:13:16 - [TEST_STEP][PASSED] - BOEmployee = UtilityMethods.getTestData(dataFile, "BOEmployee", row): null

2019-05-08 13:13:16 - [TEST_STEP][PASSED] - CCPersonal = UtilityMethods.getTestData(dataFile, "CCPersonal", row): null

2019-05-08 13:13:16 - [TEST_STEP][PASSED] - CCRetail = UtilityMethods.getTestData(dataFile, "CCRetail", row): null

2019-05-08 13:13:16 - [TEST_STEP][PASSED] - CCShow = UtilityMethods.getTestData(dataFile, "CCShow", row): null

2019-05-08 13:13:16 - [MESSAGE][PASSED] - Call Test Case 'Test Cases/populateTimeGlobalVars' successfully

2019-05-08 13:13:16 - [TEST_STEP][PASSED] - callTestCase(findTestCase("newArrivalsSetTimezone"), ["ofbizURL":ofbizURL, "ofbizuser":ofbizuser, "ofbizpass":ofbizpass, "orderType":orderType, "timeZone":timeZone, "serverTarget":serverTarget], STOP_ON_FAILURE): Call Test Case 'Test Cases/newArrivalsSetTimezone' successfully

2019-05-08 13:13:16 - [TEST_CASE][PASSED] - Test Cases/newArrivalsSetTimezone: Test Cases/newArrivalsSetTimezone

2019-05-08 13:13:16 - [TEST_STEP][NOT_RUN] - openBrowser(""): NOT_RUN: openBrowser("")

2019-05-08 13:13:16 - [MESSAGE][NOT_RUN] - NOT_RUN: openBrowser("")

2019-05-08 13:13:16 - [TEST_STEP][NOT_RUN] - maximizeWindow(): NOT_RUN: maximizeWindow()

2019-05-08 13:13:16 - [MESSAGE][NOT_RUN] - NOT_RUN: maximizeWindow()

2019-05-08 13:13:16 - [TEST_STEP][PASSED] - navigateToUrl(ofbizURL): Navigate to 'https://pushofbiz.cliotest.com/login.php' successfully

2019-05-08 13:13:18 - [MESSAGE][PASSED] - Navigate to 'https://pushofbiz.cliotest.com/login.php' successfully

2019-05-08 13:13:18 - [TEST_STEP][PASSED] - setText(findTestObject("Page_/input_Username_username"), ofbizuser): Text 'sshinde' is set on object 'Object Repository/Page_/input_Username_username'

2019-05-08 13:13:18 - [MESSAGE][PASSED] - Text 'sshinde' is set on object 'Object Repository/Page_/input_Username_username'

2019-05-08 13:13:18 - [TEST_STEP][PASSED] - setText(findTestObject("Page_/input_Password_password"), ofbizpass): Text 'C@bi$ush5' is set on object 'Object Repository/Page_/input_Password_password'

2019-05-08 13:13:18 - [MESSAGE][PASSED] - Text 'C@bi$ush5' is set on object 'Object Repository/Page_/input_Password_password'

2019-05-08 13:13:18 - [TEST_STEP][PASSED] - click(findTestObject("Page_/input_Password_Submit")): Object: 'Object Repository/Page_/input_Password_Submit' is clicked on

2019-05-08 13:13:21 - [MESSAGE][PASSED] - Object: 'Object Repository/Page_/input_Password_Submit' is clicked on

2019-05-08 13:13:21 - [TEST_STEP][PASSED] - click(findTestObject("Object Repository/Page_/a_Clock set")): Object: 'Object Repository/Page_/a_Clock set' is clicked on

2019-05-08 13:13:21 - [MESSAGE][PASSED] - Object: 'Object Repository/Page_/a_Clock set' is clicked on

2019-05-08 13:13:21 - [TEST_STEP][PASSED] - selectOptionByLabel(findTestObject("Object Repository/Page_/serverTarget"), serverTarget, true): All options with label 'test14' are selected in object 'Object Repository/Page_/serverTarget'  using regular expression

2019-05-08 13:13:23 - [MESSAGE][PASSED] - All options with label 'test14' are selected in object 'Object Repository/Page_/serverTarget'  using regular expression

2019-05-08 13:13:23 - [TEST_STEP][PASSED] - click(findTestObject("Page_/thisDateAndTime")): Object: 'Object Repository/Page_/thisDateAndTime' is clicked on

2019-05-08 13:13:23 - [MESSAGE][PASSED] - Object: 'Object Repository/Page_/thisDateAndTime' is clicked on

2019-05-08 13:13:23 - [TEST_STEP][PASSED] - setText(findTestObject("Object Repository/Page_/setTargetTime"), timeZone): Text ' 05/22/2019 00:00' is set on object 'Object Repository/Page_/setTargetTime'

2019-05-08 13:13:23 - [MESSAGE][PASSED] - Text ' 05/22/2019 00:00' is set on object 'Object Repository/Page_/setTargetTime'

2019-05-08 13:13:23 - [TEST_STEP][PASSED] - click(findTestObject("Object Repository/Page_/input")): Object: 'Object Repository/Page_/input' is clicked on

2019-05-08 13:13:23 - [MESSAGE][PASSED] - Object: 'Object Repository/Page_/input' is clicked on

2019-05-08 13:13:23 - [TEST_STEP][PASSED] - delay(10): Delayed 10 second(s)

2019-05-08 13:13:33 - [MESSAGE][PASSED] - Delayed 10 second(s)

2019-05-08 13:13:34 - [TEST_STEP][PASSED] - closeBrowser(): Browser is closed

2019-05-08 13:13:34 - [MESSAGE][PASSED] - Browser is closed

2019-05-08 13:13:34 - [MESSAGE][PASSED] - Call Test Case 'Test Cases/newArrivalsSetTimezone' successfully

2019-05-08 13:13:34 - [TEST_STEP][PASSED] - if (timeRow == 1): null

2019-05-08 13:13:34 - [TEST_STEP][PASSED] - callTestCase(findTestCase("cabiCentralLogin"), [:], STOP_ON_FAILURE): Call Test Case 'Test Cases/cabiCentralLogin' successfully

2019-05-08 13:13:34 - [TEST_CASE][PASSED] - Test Cases/cabiCentralLogin: Test Cases/cabiCentralLogin

2019-05-08 13:13:34 - [TEST_STEP][PASSED] - CCURL = findTestData("credData").getValue("CCURL", 1): null

2019-05-08 13:13:34 - [TEST_STEP][PASSED] - CCuser = findTestData("credData").getValue("CCuser", 1): null

2019-05-08 13:13:34 - [TEST_STEP][PASSED] - CCpass = findTestData("credData").getValue("CCpass", 1): null

2019-05-08 13:13:34 - [TEST_STEP][PASSED] - openBrowser(""): Browser is opened with url: ''

2019-05-08 13:13:34 - [MESSAGE][INFO] - Starting 'Chrome' driver

2019-05-08 13:13:36 - [MESSAGE][PASSED] - Browser is opened with url: ''

2019-05-08 13:13:36 - [TEST_STEP][PASSED] - navigateToUrl(CCURL): Navigate to 'https://test14.cliotest.com/cabicentral/control/main' successfully

2019-05-08 13:13:43 - [MESSAGE][PASSED] - Navigate to 'https://test14.cliotest.com/cabicentral/control/main' successfully

2019-05-08 13:13:43 - [TEST_STEP][PASSED] - maximizeWindow(): Current window maximized

2019-05-08 13:13:44 - [MESSAGE][PASSED] - Current window maximized

2019-05-08 13:13:44 - [TEST_STEP][PASSED] - logOut = findWebElements(findTestObject("Object Repository/Page_cabi Home/log_out"), 5): Unable to find the element located by 'By.xpath: //a[contains(text(),'Log Out')]'. Please recheck the objects properties to make sure the desired element is located. 

2019-05-08 13:13:49 - [MESSAGE][INFO] - Unable to find the element located by 'By.xpath: //a[contains(text(),'Log Out')]'. Please recheck the objects properties to make sure the desired element is located. 

2019-05-08 13:13:49 - [TEST_STEP][PASSED] - if (logOut.size() == 0): Object: 'Object Repository/Page_cabi/input_Password_section-btn btn-stl-pk rFloat' is clicked on

2019-05-08 13:13:49 - [TEST_STEP][PASSED] - setText(findTestObject("Object Repository/Page_cabi/input_Username_USERNAME"), CCuser): Text 'ehudson' is set on object 'Object Repository/Page_cabi/input_Username_USERNAME'

2019-05-08 13:13:50 - [MESSAGE][PASSED] - Text 'ehudson' is set on object 'Object Repository/Page_cabi/input_Username_USERNAME'

2019-05-08 13:13:50 - [TEST_STEP][PASSED] - setText(findTestObject("Object Repository/Page_cabi/input_Password_PASSWORD"), CCpass): Text 'blackdress19' is set on object 'Object Repository/Page_cabi/input_Password_PASSWORD'

2019-05-08 13:13:50 - [MESSAGE][PASSED] - Text 'blackdress19' is set on object 'Object Repository/Page_cabi/input_Password_PASSWORD'

2019-05-08 13:13:50 - [TEST_STEP][PASSED] - delay(3): Delayed 3 second(s)

2019-05-08 13:13:53 - [MESSAGE][PASSED] - Delayed 3 second(s)

2019-05-08 13:13:53 - [TEST_STEP][PASSED] - click(findTestObject("Object Repository/Page_cabi/input_Password_section-btn btn-stl-pk rFloat")): Object: 'Object Repository/Page_cabi/input_Password_section-btn btn-stl-pk rFloat' is clicked on

2019-05-08 13:13:57 - [MESSAGE][PASSED] - Object: 'Object Repository/Page_cabi/input_Password_section-btn btn-stl-pk rFloat' is clicked on

2019-05-08 13:13:57 - [TEST_STEP][PASSED] - delay(3): Delayed 3 second(s)

2019-05-08 13:14:00 - [MESSAGE][PASSED] - Delayed 3 second(s)

2019-05-08 13:14:00 - [MESSAGE][PASSED] - Call Test Case 'Test Cases/cabiCentralLogin' successfully

2019-05-08 13:14:00 - [TEST_STEP][PASSED] - click(findTestObject("Page_cabi cabiCentral Tasks/a_ORDERS")): Object: 'Object Repository/Page_cabi cabiCentral Tasks/a_ORDERS' is clicked on

2019-05-08 13:14:01 - [MESSAGE][PASSED] - Object: 'Object Repository/Page_cabi cabiCentral Tasks/a_ORDERS' is clicked on

2019-05-08 13:14:01 - [TEST_STEP][PASSED] - click(findTestObject("Page_cabi Find Order/a_Create Order")): Object: 'Object Repository/Page_cabi Find Order/a_Create Order' is clicked on

2019-05-08 13:14:02 - [MESSAGE][PASSED] - Object: 'Object Repository/Page_cabi Find Order/a_Create Order' is clicked on

2019-05-08 13:14:02 - [TEST_STEP][PASSED] - selectOptionByValue(findTestObject("Page_cabi Create Order/select_order_type"), "PERSONAL", true): All options with value 'PERSONAL' are selected in object 'Object Repository/Page_cabi Create Order/select_order_type'  using regular expression

2019-05-08 13:14:02 - [MESSAGE][PASSED] - All options with value 'PERSONAL' are selected in object 'Object Repository/Page_cabi Create Order/select_order_type'  using regular expression

2019-05-08 13:14:02 - [TEST_STEP][PASSED] - click(findTestObject("Page_cabi Create Order/input_select_order_type")): Object: 'Object Repository/Page_cabi Create Order/input_select_order_type' is clicked on

2019-05-08 13:14:06 - [MESSAGE][PASSED] - Object: 'Object Repository/Page_cabi Create Order/input_select_order_type' is clicked on

2019-05-08 13:14:06 - [TEST_STEP][PASSED] - callTestCase(findTestCase("productVerifyShort"), ["available":CCPersonal, "storeType":"CCPersonal"], STOP_ON_FAILURE): Call Test Case 'Test Cases/productVerifyShort' successfully

2019-05-08 13:14:06 - [TEST_CASE][PASSED] - Test Cases/productVerifyShort: Test Cases/productVerifyShort

2019-05-08 13:14:06 - [TEST_STEP][PASSED] - for ([row = 1, row <= findTestData("productData").getRowNumbers(), (row++)]): Delayed 3 second(s)

2019-05-08 13:14:06 - [TEST_STEP][PASSED] - setText(findTestObject("Object Repository/Page_cabi Create Order/input_Manual Discount_stylelookup_0"), findTestData("productData").getValue("Style", row)): Text '5618' is set on object 'Object Repository/Page_cabi Create Order/input_Manual Discount_stylelookup_0'

2019-05-08 13:14:06 - [MESSAGE][PASSED] - Text '5618' is set on object 'Object Repository/Page_cabi Create Order/input_Manual Discount_stylelookup_0'

2019-05-08 13:14:06 - [TEST_STEP][PASSED] - delay(2): Delayed 2 second(s)

2019-05-08 13:14:08 - [MESSAGE][PASSED] - Delayed 2 second(s)

2019-05-08 13:14:08 - [TEST_STEP][PASSED] - prod_message = getText(findTestObject("Page_cabi Create Order/first_option")): Text of object 'Object Repository/Page_cabi Create Order/first_option' is: '5618 Breeze Dress'

2019-05-08 13:14:09 - [MESSAGE][PASSED] - Text of object 'Object Repository/Page_cabi Create Order/first_option' is: '5618 Breeze Dress'

2019-05-08 13:14:09 - [TEST_STEP][PASSED] - delay(1): Delayed 1 second(s)

2019-05-08 13:14:10 - [MESSAGE][PASSED] - Delayed 1 second(s)

2019-05-08 13:14:10 - [TEST_STEP][PASSED] - click(findTestObject("Page_cabi Create Order/first_option")): Object: 'Object Repository/Page_cabi Create Order/first_option' is clicked on

2019-05-08 13:14:10 - [MESSAGE][PASSED] - Object: 'Object Repository/Page_cabi Create Order/first_option' is clicked on

2019-05-08 13:14:10 - [TEST_STEP][PASSED] - if (toString().equalsIgnoreCase("no")): null

2019-05-08 13:14:10 - [TEST_STEP][PASSED] - else: Delayed 3 second(s)

2019-05-08 13:14:10 - [TEST_STEP][PASSED] - delay(3): Delayed 3 second(s)

2019-05-08 13:14:13 - [MESSAGE][PASSED] - Delayed 3 second(s)

2019-05-08 13:14:13 - [TEST_STEP][PASSED] - s1 = getValue("Style", row).toString(): null

2019-05-08 13:14:13 - [TEST_STEP][PASSED] - s2 = " ": null

2019-05-08 13:14:13 - [TEST_STEP][PASSED] - s3 = getValue("Description", row).toString(): null

2019-05-08 13:14:13 - [TEST_STEP][PASSED] - expectedStyleDescription = $s1$s2$s3: null

2019-05-08 13:14:13 - [TEST_STEP][PASSED] - assert prod_message.equalsIgnoreCase(expectedStyleDescription): null

2019-05-08 13:14:13 - [TEST_STEP][PASSED] - delay(3): Delayed 3 second(s)

2019-05-08 13:14:16 - [MESSAGE][PASSED] - Delayed 3 second(s)

2019-05-08 13:14:16 - [TEST_STEP][PASSED] - colorOptions = findWebElements(findTestObject("Page_cabi Order Items/GetAttribute_Color"), 5): null

2019-05-08 13:14:16 - [TEST_STEP][PASSED] - println(colorOptions.size()): null

2019-05-08 13:14:16 - [TEST_STEP][PASSED] - expectedColour = findTestData("productData").getValue("Color", row): null

2019-05-08 13:14:16 - [TEST_STEP][PASSED] - println("expected colour is"): null

2019-05-08 13:14:16 - [TEST_STEP][PASSED] - println(expectedColour): null

2019-05-08 13:14:16 - [TEST_STEP][PASSED] - colourVerified = false: null

2019-05-08 13:14:16 - [TEST_STEP][PASSED] - for (org.openqa.selenium.WebElement op : colorOptions): null

2019-05-08 13:14:16 - [TEST_STEP][PASSED] - println(op.getText()): null

2019-05-08 13:14:16 - [TEST_STEP][PASSED] - if (expectedColour.equalsIgnoreCase(op.getText())): null

2019-05-08 13:14:16 - [TEST_STEP][PASSED] - colourVerified = true: null

2019-05-08 13:14:16 - [TEST_STEP][PASSED] - break: null

2019-05-08 13:14:16 - [TEST_STEP][PASSED] - assert colourVerified == true: null

2019-05-08 13:14:16 - [TEST_STEP][PASSED] - getPrice = getText(findTestObject("Page_cabi Create Order/retail_price")): Text of object 'Object Repository/Page_cabi Create Order/retail_price' is: '$119.00'

2019-05-08 13:14:16 - [MESSAGE][PASSED] - Text of object 'Object Repository/Page_cabi Create Order/retail_price' is: '$119.00'

2019-05-08 13:14:16 - [TEST_STEP][PASSED] - Split_Data = UtilityMethods.SplitData(getPrice): null

2019-05-08 13:14:16 - [TEST_STEP][PASSED] - verifyMatch(Split_Data, findTestData("productData").getValue("Retail", row), true): Actual text '119' and expected text '119' are matched  using regular expression

2019-05-08 13:14:16 - [MESSAGE][PASSED] - Actual text '119' and expected text '119' are matched  using regular expression

2019-05-08 13:14:16 - [TEST_STEP][PASSED] - sizeRange1 = ["XXS", "XS", "S", "M", "L", "XL"]: null

2019-05-08 13:14:16 - [TEST_STEP][PASSED] - sizeRange2 = ["00", "0", "2", "4", "6", "8", "10", "12", "14", "16"]: null

2019-05-08 13:14:16 - [TEST_STEP][PASSED] - sizeRange3 = ["Long", "Regular", "Short"]: null

2019-05-08 13:14:16 - [TEST_STEP][PASSED] - sizeRange4 = ["5", "6", "6.5", "7", "7.5", "8", "8.5", "9", "9.5", "10", "11"]: null

2019-05-08 13:14:16 - [TEST_STEP][PASSED] - sizeRangeSplit = UtilityMethods.SplitSizes(findTestData("productData").getValue("SzRange", row)): null

2019-05-08 13:14:16 - [TEST_STEP][PASSED] - sizeType = getText(findTestObject("Object Repository/Page_cabi Order Items/Size")): Text of object 'Object Repository/Page_cabi Order Items/Size' is: 'Select'

2019-05-08 13:14:16 - [MESSAGE][PASSED] - Text of object 'Object Repository/Page_cabi Order Items/Size' is: 'Select'

2019-05-08 13:14:16 - [TEST_STEP][PASSED] - sizeOptions = findWebElements(findTestObject("Object Repository/Page_cabi Order Items/Size"), 5): null

2019-05-08 13:14:16 - [TEST_STEP][PASSED] - actualRange = new java.util.ArrayList(): null

2019-05-08 13:14:16 - [TEST_STEP][PASSED] - expectedRange = <not implemented yet for class: org.codehaus.groovy.ast.expr.EmptyExpression>: null

2019-05-08 13:14:16 - [TEST_STEP][PASSED] - if (sizeType.equalsIgnoreCase("Select")): null

2019-05-08 13:14:16 - [TEST_STEP][PASSED] - for ([i = 1, i < sizeOptions.size(), (i++)]): null

2019-05-08 13:14:16 - [TEST_STEP][PASSED] - actualRange.add(get(i).getText()): null

2019-05-08 13:14:16 - [TEST_STEP][PASSED] - actualRange.add(get(i).getText()): null

2019-05-08 13:14:16 - [TEST_STEP][PASSED] - actualRange.add(get(i).getText()): null

2019-05-08 13:14:16 - [TEST_STEP][PASSED] - actualRange.add(get(i).getText()): null

2019-05-08 13:14:16 - [TEST_STEP][PASSED] - actualRange.add(get(i).getText()): null

2019-05-08 13:14:16 - [TEST_STEP][PASSED] - if (toString().equalsIgnoreCase("XS") || toString().equalsIgnoreCase("XXS")): null

2019-05-08 13:14:16 - [TEST_STEP][PASSED] - expectedRange = UtilityMethods.getExpectedRange(sizeRange1, sizeRangeSplit): null

2019-05-08 13:14:16 - [TEST_STEP][PASSED] - println("XS"): null

2019-05-08 13:14:16 - [TEST_STEP][PASSED] - println(expectedRange.toString()): null

2019-05-08 13:14:16 - [TEST_STEP][PASSED] - assert UtilityMethods.listEquals(expectedRange, actualRange) == true: null

2019-05-08 13:14:16 - [TEST_STEP][PASSED] - delay(3): Delayed 3 second(s)

2019-05-08 13:14:19 - [MESSAGE][PASSED] - Delayed 3 second(s)

2019-05-08 13:14:19 - [MESSAGE][PASSED] - Call Test Case 'Test Cases/productVerifyShort' successfully]]></system-out>
         <system-err><![CDATA[]]></system-err>
      </testcase>
      <system-out><![CDATA[2019-05-08 13:07:44 - [TEST_SUITE][PASSED] - NewArrivalSuite: Test Cases/NewArrivals]]></system-out>
      <system-err><![CDATA[]]></system-err>
   </testsuite>
</testsuites>
