<?xml version="1.0" encoding="UTF-8"?>
<testsuites name="OrderCreatorSuiteOnline" time="291" tests="1" failures="0" errors="0">
   <testsuite name="OrderCreatorSuiteOnline" tests="1" failures="0" errors="0" time="291" timestamp="2019-10-24 13:45:45" hostname="user - 10.0.102.86" id="Test Suites/OrderCreatorSuites/OrderCreatorSuiteOnline">
      <properties>
         <property name="deviceName" value=""/>
         <property name="devicePlatform" value=""/>
         <property name="logFolder" value="C:\\Users\\user\\Documents\\testautomation\\KatalonProjects\\Reports\\OrderCreatorSuites\\OrderCreatorSuiteOnline\\20191024_134534"/>
         <property name="logFiles" value="C:\\Users\\user\\Documents\\testautomation\\KatalonProjects\\Reports\\OrderCreatorSuites\\OrderCreatorSuiteOnline\\20191024_134534\\execution0.log"/>
         <property name="attachments" value=""/>
         <property name="hostName" value="user - 10.0.102.86"/>
         <property name="os" value="Windows 8.1 64bit"/>
         <property name="katalonVersion" value="6.1.1.1"/>
         <property name="browser" value="Chrome 77.0.3865.120"/>
         <property name="hostAddress" value="10.0.102.86"/>
         <property name="sessionId" value="525b0d7abf58ced65d6f42ddb4f9a150"/>
         <property name="seleniumVersion" value="3.7.1"/>
         <property name="proxyInformation" value="ProxyInformation{proxyOption=NO_PROXY, proxyServerType=HTTP, password=, proxyServerAddress=, proxyServerPort=0}"/>
         <property name="platform" value="Windows 8.1"/>
      </properties>
      <testcase name="Test Cases/OrderCreator/massOrderCreationOnline" classname="Test Cases/OrderCreator/massOrderCreationOnline" status="PASSED">
         <system-out><![CDATA[2019-10-24 13:45:48 - [TEST_CASE][PASSED] - Test Cases/OrderCreator/massOrderCreationOnline: Test Cases/OrderCreator/massOrderCreationOnline

2019-10-24 13:45:49 - [TEST_STEP][PASSED] - Start listener action : sampleBeforeTestCase: null

2019-10-24 13:45:49 - [TEST_STEP][PASSED] - println(testCaseContext.getTestCaseId()): null

2019-10-24 13:45:49 - [TEST_STEP][PASSED] - println(testCaseContext.getTestCaseVariables()): null

2019-10-24 13:45:51 - [TEST_STEP][PASSED] - openBrowser(""): Browser is opened with url: ''

2019-10-24 13:45:52 - [MESSAGE][INFO] - Starting 'Chrome' driver

2019-10-24 13:45:52 - [MESSAGE][INFO] - User set preference: ['args', '[--use-fake-ui-for-media-stream, --start-maximized]']

2019-10-24 13:45:52 - [MESSAGE][INFO] - Action delay is set to 0 seconds

2019-10-24 13:45:59 - [MESSAGE][PASSED] - Browser is opened with url: ''

2019-10-24 13:45:59 - [TEST_STEP][PASSED] - dataFile = "orderCreationData": null

2019-10-24 13:45:59 - [TEST_STEP][PASSED] - orderType = 6: null

2019-10-24 13:45:59 - [TEST_STEP][PASSED] - noOfOrders = Integer.parseInt(findTestData(dataFile).getValue("noOfOrders", orderType)): null

2019-10-24 13:46:03 - [TEST_STEP][PASSED] - ship = findTestData(dataFile).getValue("shipping", orderType): null

2019-10-24 13:46:03 - [TEST_STEP][PASSED] - println(noOfOrders): null

2019-10-24 13:46:03 - [TEST_STEP][PASSED] - println(ship): null

2019-10-24 13:46:03 - [TEST_STEP][PASSED] - for ([i = 1, i <= noOfOrders, (i++)]): Call Test Case 'Test Cases/OrderCreator/onlineOrder' successfully

2019-10-24 13:46:03 - [TEST_STEP][PASSED] - callTestCase(findTestCase("Test Cases/OrderCreator/onlineOrder"), ["ship":ship], CONTINUE_ON_FAILURE): Call Test Case 'Test Cases/OrderCreator/onlineOrder' successfully

2019-10-24 13:46:03 - [TEST_CASE][PASSED] - Test Cases/OrderCreator/onlineOrder: Test Cases/OrderCreator/onlineOrder

2019-10-24 13:46:05 - [TEST_STEP][PASSED] - openBrowser(""): Browser is opened with url: ''

2019-10-24 13:46:05 - [MESSAGE][WARNING] - A browser is already opened. Closing browser and opening a new one

2019-10-24 13:46:10 - [MESSAGE][INFO] - Starting 'Chrome' driver

2019-10-24 13:46:10 - [MESSAGE][INFO] - User set preference: ['args', '[--use-fake-ui-for-media-stream, --start-maximized]']

2019-10-24 13:46:13 - [MESSAGE][PASSED] - Browser is opened with url: ''

2019-10-24 13:46:13 - [TEST_STEP][PASSED] - for ([timeRow = 1, timeRow <= 1, (timeRow++)]): Call Test Case 'Test Cases/NewArrival/warehouseShipping' successfully

2019-10-24 13:46:13 - [TEST_STEP][PASSED] - callTestCase(findTestCase("TestCaseUtilities/backOfficeLogin"), ["BOURL":"", "BOuser":"", "BOpass":""], CONTINUE_ON_FAILURE): Call Test Case 'Test Cases/TestCaseUtilities/backOfficeLogin' successfully

2019-10-24 13:46:13 - [TEST_CASE][PASSED] - Test Cases/TestCaseUtilities/backOfficeLogin: Test Cases/TestCaseUtilities/backOfficeLogin

2019-10-24 13:46:15 - [TEST_STEP][PASSED] - BOURL = findTestData("envtData").getValue("BOURL", 1): null

2019-10-24 13:46:15 - [TEST_STEP][PASSED] - BOuser = findTestData("credData").getValue("BOuser", 1): null

2019-10-24 13:46:15 - [TEST_STEP][PASSED] - BOpass = findTestData("credData").getValue("BOpass", 1): null

2019-10-24 13:46:15 - [TEST_STEP][PASSED] - openBrowser(""): Browser is opened with url: ''

2019-10-24 13:46:15 - [MESSAGE][WARNING] - A browser is already opened. Closing browser and opening a new one

2019-10-24 13:46:17 - [MESSAGE][INFO] - Starting 'Chrome' driver

2019-10-24 13:46:17 - [MESSAGE][INFO] - User set preference: ['args', '[--use-fake-ui-for-media-stream, --start-maximized]']

2019-10-24 13:46:20 - [MESSAGE][PASSED] - Browser is opened with url: ''

2019-10-24 13:46:20 - [TEST_STEP][PASSED] - navigateToUrl(BOURL): Navigate to 'https://test14.cliotest.com/backoffice/control/main' successfully

2019-10-24 13:46:34 - [MESSAGE][PASSED] - Navigate to 'https://test14.cliotest.com/backoffice/control/main' successfully

2019-10-24 13:46:34 - [TEST_STEP][PASSED] - logOut = findWebElements(findTestObject("Object Repository/Page_cabi Home/log_out"), 1): Unable to find the element located by 'By.xpath: //a[contains(text(),'Log Out')]'. Please recheck the objects properties to make sure the desired element is located. 

2019-10-24 13:46:35 - [MESSAGE][INFO] - Unable to find the element located by 'By.xpath: //a[contains(text(),'Log Out')]'. Please recheck the objects properties to make sure the desired element is located. 

2019-10-24 13:46:35 - [TEST_STEP][PASSED] - if (logOut.size() == 0): Object: 'Object Repository/Page_cabi/input_Welcome to_consultantLogin' is clicked on

2019-10-24 13:46:35 - [TEST_STEP][PASSED] - setText(findTestObject("Page_cabi/input_Welcome to_USERNAME"), BOuser): Text '400000002' is set on object 'Object Repository/Page_cabi/input_Welcome to_USERNAME'

2019-10-24 13:46:37 - [MESSAGE][PASSED] - Text '400000002' is set on object 'Object Repository/Page_cabi/input_Welcome to_USERNAME'

2019-10-24 13:46:37 - [TEST_STEP][PASSED] - setText(findTestObject("Object Repository/Page_cabi/input_Welcome to_PASSWORD"), BOpass): Text 'blackdress19' is set on object 'Object Repository/Page_cabi/input_Welcome to_PASSWORD'

2019-10-24 13:46:37 - [MESSAGE][PASSED] - Text 'blackdress19' is set on object 'Object Repository/Page_cabi/input_Welcome to_PASSWORD'

2019-10-24 13:46:37 - [TEST_STEP][PASSED] - click(findTestObject("Object Repository/Page_cabi/input_Welcome to_consultantLogin")): Object: 'Object Repository/Page_cabi/input_Welcome to_consultantLogin' is clicked on

2019-10-24 13:47:01 - [MESSAGE][PASSED] - Object: 'Object Repository/Page_cabi/input_Welcome to_consultantLogin' is clicked on

2019-10-24 13:47:01 - [TEST_STEP][PASSED] - delay(3): Delayed 3 second(s)

2019-10-24 13:47:04 - [MESSAGE][PASSED] - Delayed 3 second(s)

2019-10-24 13:47:04 - [MESSAGE][PASSED] - Call Test Case 'Test Cases/TestCaseUtilities/backOfficeLogin' successfully

2019-10-24 13:47:04 - [TEST_STEP][PASSED] - click(findTestObject("Object Repository/Page_cabi Home/a_Shows  Orders")): Object: 'Object Repository/Page_cabi Home/a_Shows  Orders' is clicked on

2019-10-24 13:47:04 - [MESSAGE][PASSED] - Object: 'Object Repository/Page_cabi Home/a_Shows  Orders' is clicked on

2019-10-24 13:47:04 - [TEST_STEP][PASSED] - delay(3): Delayed 3 second(s)

2019-10-24 13:47:07 - [MESSAGE][PASSED] - Delayed 3 second(s)

2019-10-24 13:47:07 - [TEST_STEP][PASSED] - rightClick(findTestObject("Page_cabi Home/a_online_outline_purchases")): Object: 'Object Repository/Page_cabi Home/a_online_outline_purchases' is right clicked on

2019-10-24 13:47:07 - [MESSAGE][PASSED] - Object: 'Object Repository/Page_cabi Home/a_online_outline_purchases' is right clicked on

2019-10-24 13:47:07 - [TEST_STEP][PASSED] - click(findTestObject("Page_cabi Home/a_online_outline_purchases")): Object: 'Object Repository/Page_cabi Home/a_online_outline_purchases' is clicked on

2019-10-24 13:47:12 - [MESSAGE][PASSED] - Object: 'Object Repository/Page_cabi Home/a_online_outline_purchases' is clicked on

2019-10-24 13:47:12 - [TEST_STEP][PASSED] - click(findTestObject("Object Repository/Page_cabi Online Outlet Store/span_Continue to Order")): Object: 'Object Repository/Page_cabi Online Outlet Store/span_Continue to Order' is clicked on

2019-10-24 13:47:13 - [MESSAGE][PASSED] - Object: 'Object Repository/Page_cabi Online Outlet Store/span_Continue to Order' is clicked on

2019-10-24 13:47:13 - [TEST_STEP][PASSED] - addOnStyle = "2147": null

2019-10-24 13:47:13 - [TEST_STEP][PASSED] - setText(findTestObject("Object Repository/Page_cabi Order Items/input_New Arrivals - Blooming Blush_style"), addOnStyle): Text '2147' is set on object 'Object Repository/Page_cabi Order Items/input_New Arrivals - Blooming Blush_style'

2019-10-24 13:47:15 - [MESSAGE][PASSED] - Text '2147' is set on object 'Object Repository/Page_cabi Order Items/input_New Arrivals - Blooming Blush_style'

2019-10-24 13:47:15 - [TEST_STEP][PASSED] - sendKeys(findTestObject("Object Repository/Page_cabi Order Items/input_New Arrivals - Blooming Blush_style"), Keys.chord(ENTER)): Keys 'ENTER + ' sent to object: 'Object Repository/Page_cabi Order Items/input_New Arrivals - Blooming Blush_style'

2019-10-24 13:47:15 - [MESSAGE][PASSED] - Keys 'ENTER + ' sent to object: 'Object Repository/Page_cabi Order Items/input_New Arrivals - Blooming Blush_style'

2019-10-24 13:47:15 - [TEST_STEP][PASSED] - delay(2): Delayed 2 second(s)

2019-10-24 13:47:17 - [MESSAGE][PASSED] - Delayed 2 second(s)

2019-10-24 13:47:17 - [TEST_STEP][PASSED] - executeJavaScript("arguments[0].click()", Arrays.asList(findWebElement(findTestObject("Object Repository/Page_cabi Order Items/a_item_img"), 30))): Execute JavaScript 'arguments[0].click()' successfully

2019-10-24 13:47:19 - [MESSAGE][PASSED] - Execute JavaScript 'arguments[0].click()' successfully

2019-10-24 13:47:19 - [TEST_STEP][PASSED] - delay(2): Delayed 2 second(s)

2019-10-24 13:47:21 - [MESSAGE][PASSED] - Delayed 2 second(s)

2019-10-24 13:47:21 - [TEST_STEP][PASSED] - executeJavaScript("arguments[0].click()", Arrays.asList(findWebElement(findTestObject("Object Repository/Page_cabi Order Items/input_New Arrivals - Blooming Blush_style"), 30))): Execute JavaScript 'arguments[0].click()' successfully

2019-10-24 13:47:21 - [MESSAGE][PASSED] - Execute JavaScript 'arguments[0].click()' successfully

2019-10-24 13:47:21 - [TEST_STEP][PASSED] - availableOptions = findWebElements(findTestObject("Object Repository/Page_cabi Order Items/input_select_available_options"), 5): null

2019-10-24 13:47:21 - [TEST_STEP][PASSED] - for ([i = 1, i <= availableOptions.size(), (i++)]): Delayed 3 second(s)

2019-10-24 13:47:21 - [TEST_STEP][PASSED] - selectFirstOption = UtilityMethods.createTestObject("div_drop_down", "(//li[@class='product-color']/label/following-sibling::select/option[contains(text(), 'Select')])[", String.valueOf(i), "]/following-sibling::option[1]"): null

2019-10-24 13:47:21 - [TEST_STEP][PASSED] - click(selectFirstOption): Object: 'div_drop_down' is clicked on

2019-10-24 13:47:21 - [MESSAGE][PASSED] - Object: 'div_drop_down' is clicked on

2019-10-24 13:47:21 - [TEST_STEP][PASSED] - delay(3): Delayed 3 second(s)

2019-10-24 13:47:24 - [MESSAGE][PASSED] - Delayed 3 second(s)

2019-10-24 13:47:24 - [TEST_STEP][PASSED] - executeJavaScript("arguments[0].click()", Arrays.asList(findWebElement(findTestObject("Object Repository/Page_cabi Order Items/a_add_to_cart"), 30))): Execute JavaScript 'arguments[0].click()' successfully

2019-10-24 13:47:24 - [MESSAGE][PASSED] - Execute JavaScript 'arguments[0].click()' successfully

2019-10-24 13:47:24 - [TEST_STEP][PASSED] - delay(3): Delayed 3 second(s)

2019-10-24 13:47:27 - [MESSAGE][PASSED] - Delayed 3 second(s)

2019-10-24 13:47:27 - [TEST_STEP][PASSED] - executeJavaScript("arguments[0].click()", Arrays.asList(findWebElement(findTestObject("Object Repository/Page_cabi Order Items/a_checkout_online_store"), 30))): Execute JavaScript 'arguments[0].click()' successfully

2019-10-24 13:47:27 - [MESSAGE][PASSED] - Execute JavaScript 'arguments[0].click()' successfully

2019-10-24 13:47:27 - [TEST_STEP][PASSED] - delay(3): Delayed 3 second(s)

2019-10-24 13:47:30 - [MESSAGE][PASSED] - Delayed 3 second(s)

2019-10-24 13:47:30 - [TEST_STEP][PASSED] - click(findTestObject("Page_cabi Personal Store/nextButtonShipping")): Object: 'Object Repository/Page_cabi Personal Store/nextButtonShipping' is clicked on

2019-10-24 13:47:31 - [MESSAGE][PASSED] - Object: 'Object Repository/Page_cabi Personal Store/nextButtonShipping' is clicked on

2019-10-24 13:47:31 - [TEST_STEP][PASSED] - delay(3): Delayed 3 second(s)

2019-10-24 13:47:34 - [MESSAGE][PASSED] - Delayed 3 second(s)

2019-10-24 13:47:34 - [TEST_STEP][PASSED] - click(findTestObject("Page_cabi Personal Store/makeFirstPayment")): Object: 'Object Repository/Page_cabi Personal Store/makeFirstPayment' is clicked on

2019-10-24 13:47:34 - [MESSAGE][PASSED] - Object: 'Object Repository/Page_cabi Personal Store/makeFirstPayment' is clicked on

2019-10-24 13:47:34 - [TEST_STEP][PASSED] - click(findTestObject("Page_cabi Personal Store/submitPayment")): Object: 'Object Repository/Page_cabi Personal Store/submitPayment' is clicked on

2019-10-24 13:47:34 - [MESSAGE][PASSED] - Object: 'Object Repository/Page_cabi Personal Store/submitPayment' is clicked on

2019-10-24 13:47:34 - [TEST_STEP][PASSED] - click(findTestObject("Page_cabi Personal Store/submitOrderId")): Object: 'Object Repository/Page_cabi Personal Store/submitOrderId' is clicked on

2019-10-24 13:47:38 - [MESSAGE][PASSED] - Object: 'Object Repository/Page_cabi Personal Store/submitOrderId' is clicked on

2019-10-24 13:47:38 - [TEST_STEP][PASSED] - successMsg = "": null

2019-10-24 13:47:38 - [TEST_STEP][PASSED] - orderSuccess = false: null

2019-10-24 13:47:38 - [TEST_STEP][PASSED] - successMsgs = findWebElements(findTestObject("Object Repository/Page_cabi Personal Store/p_success_msg"), 5): null

2019-10-24 13:47:39 - [TEST_STEP][PASSED] - orderID = <not implemented yet for class: org.codehaus.groovy.ast.expr.EmptyExpression>: null

2019-10-24 13:47:39 - [TEST_STEP][PASSED] - if (successMsgs.size() > 0): null

2019-10-24 13:47:39 - [TEST_STEP][PASSED] - successMsg = getText(findTestObject("Object Repository/Page_cabi Personal Store/p_success_msg")): Text of object 'Object Repository/Page_cabi Personal Store/p_success_msg' is: 'Order Created Successfully!!
Order #:  FT708383806

CONTINUE SHOPPING'

2019-10-24 13:47:39 - [MESSAGE][PASSED] - Text of object 'Object Repository/Page_cabi Personal Store/p_success_msg' is: 'Order Created Successfully!!
Order #:  FT708383806

CONTINUE SHOPPING'

2019-10-24 13:47:39 - [TEST_STEP][PASSED] - orderSuccess = true: null

2019-10-24 13:47:39 - [TEST_STEP][PASSED] - orderID = getText(findTestObject("Object Repository/Page_cabi Personal Store/p_order_id")): Text of object 'Object Repository/Page_cabi Personal Store/p_order_id' is: 'FT708383806'

2019-10-24 13:47:39 - [MESSAGE][PASSED] - Text of object 'Object Repository/Page_cabi Personal Store/p_order_id' is: 'FT708383806'

2019-10-24 13:47:39 - [TEST_STEP][PASSED] - println(orderID): null

2019-10-24 13:47:39 - [TEST_STEP][PASSED] - sa = new org.testng.asserts.SoftAssert(): null

2019-10-24 13:47:39 - [TEST_STEP][PASSED] - sa.assertTrue(orderSuccess): null

2019-10-24 13:47:39 - [TEST_STEP][PASSED] - println(ship): null

2019-10-24 13:47:39 - [TEST_STEP][PASSED] - shipString = "no": null

2019-10-24 13:47:39 - [TEST_STEP][PASSED] - shipString = ship: null

2019-10-24 13:47:39 - [TEST_STEP][PASSED] - if (shipString.equalsIgnoreCase("y")): Call Test Case 'Test Cases/NewArrival/warehouseShipping' successfully

2019-10-24 13:47:39 - [TEST_STEP][PASSED] - callTestCase(findTestCase("NewArrival/warehouseShipping"), ["orderId":orderID], CONTINUE_ON_FAILURE): Call Test Case 'Test Cases/NewArrival/warehouseShipping' successfully

2019-10-24 13:47:39 - [TEST_CASE][PASSED] - Test Cases/NewArrival/warehouseShipping: Test Cases/NewArrival/warehouseShipping

2019-10-24 13:47:39 - [TEST_STEP][PASSED] - println(orderId): null

2019-10-24 13:47:39 - [TEST_STEP][PASSED] - callTestCase(findTestCase("TestCaseUtilities/cabiWarehouseLogin"), ["CWURL":"", "CWuser":"", "CWpass":""], CONTINUE_ON_FAILURE): Call Test Case 'Test Cases/TestCaseUtilities/cabiWarehouseLogin' successfully

2019-10-24 13:47:39 - [TEST_CASE][PASSED] - Test Cases/TestCaseUtilities/cabiWarehouseLogin: Test Cases/TestCaseUtilities/cabiWarehouseLogin

2019-10-24 13:47:39 - [TEST_STEP][PASSED] - CWURL = findTestData("envtData").getValue("CWURL", 1): null

2019-10-24 13:47:39 - [TEST_STEP][PASSED] - CWuser = findTestData("credData").getValue("CWuser", 1): null

2019-10-24 13:47:39 - [TEST_STEP][PASSED] - CWpass = findTestData("credData").getValue("CWpass", 1): null

2019-10-24 13:47:39 - [TEST_STEP][PASSED] - openBrowser(""): Browser is opened with url: ''

2019-10-24 13:47:39 - [MESSAGE][WARNING] - A browser is already opened. Closing browser and opening a new one

2019-10-24 13:47:40 - [MESSAGE][INFO] - Starting 'Chrome' driver

2019-10-24 13:47:40 - [MESSAGE][INFO] - User set preference: ['args', '[--use-fake-ui-for-media-stream, --start-maximized]']

2019-10-24 13:47:42 - [MESSAGE][PASSED] - Browser is opened with url: ''

2019-10-24 13:47:42 - [TEST_STEP][PASSED] - navigateToUrl(CWURL): Navigate to 'https://test14.cliotest.com/warehouse/control/main' successfully

2019-10-24 13:47:49 - [MESSAGE][PASSED] - Navigate to 'https://test14.cliotest.com/warehouse/control/main' successfully

2019-10-24 13:47:49 - [TEST_STEP][PASSED] - logOut = findWebElements(findTestObject("Object Repository/Cabi warehouse/Page_cabi_home/log_out"), 1): Unable to find the element located by 'By.xpath: //li/a[contains(text(), 'Log Out »')]'. Please recheck the objects properties to make sure the desired element is located. 

2019-10-24 13:47:50 - [MESSAGE][INFO] - Unable to find the element located by 'By.xpath: //li/a[contains(text(), 'Log Out »')]'. Please recheck the objects properties to make sure the desired element is located. 

2019-10-24 13:47:50 - [TEST_STEP][PASSED] - if (logOut.size() == 0): Object: 'Object Repository/Cabi warehouse/Page_cabi/input_Password_section-btn btn-stl-pk rFloat' is clicked on

2019-10-24 13:47:50 - [TEST_STEP][PASSED] - setText(findTestObject("Object Repository/Cabi warehouse/Page_cabi/input_Username_USERNAME"), CWuser): Text 'rsuarez' is set on object 'Object Repository/Cabi warehouse/Page_cabi/input_Username_USERNAME'

2019-10-24 13:47:50 - [MESSAGE][PASSED] - Text 'rsuarez' is set on object 'Object Repository/Cabi warehouse/Page_cabi/input_Username_USERNAME'

2019-10-24 13:47:50 - [TEST_STEP][PASSED] - setText(findTestObject("Object Repository/Cabi warehouse/Page_cabi/input_Password_PASSWORD"), CWpass): Text 'blackdress19' is set on object 'Object Repository/Cabi warehouse/Page_cabi/input_Password_PASSWORD'

2019-10-24 13:47:51 - [MESSAGE][PASSED] - Text 'blackdress19' is set on object 'Object Repository/Cabi warehouse/Page_cabi/input_Password_PASSWORD'

2019-10-24 13:47:51 - [TEST_STEP][PASSED] - click(findTestObject("Object Repository/Cabi warehouse/Page_cabi/input_Password_section-btn btn-stl-pk rFloat")): Object: 'Object Repository/Cabi warehouse/Page_cabi/input_Password_section-btn btn-stl-pk rFloat' is clicked on

2019-10-24 13:47:52 - [MESSAGE][PASSED] - Object: 'Object Repository/Cabi warehouse/Page_cabi/input_Password_section-btn btn-stl-pk rFloat' is clicked on

2019-10-24 13:47:52 - [TEST_STEP][PASSED] - delay(3): Delayed 3 second(s)

2019-10-24 13:47:55 - [MESSAGE][PASSED] - Delayed 3 second(s)

2019-10-24 13:47:55 - [MESSAGE][PASSED] - Call Test Case 'Test Cases/TestCaseUtilities/cabiWarehouseLogin' successfully

2019-10-24 13:47:55 - [TEST_STEP][PASSED] - click(findTestObject("Page_cabi Manage PickLists/a_Create PickLists")): Object: 'Object Repository/Page_cabi Manage PickLists/a_Create PickLists' is clicked on

2019-10-24 13:47:57 - [MESSAGE][PASSED] - Object: 'Object Repository/Page_cabi Manage PickLists/a_Create PickLists' is clicked on

2019-10-24 13:47:57 - [TEST_STEP][PASSED] - delay(2): Delayed 2 second(s)

2019-10-24 13:47:59 - [MESSAGE][PASSED] - Delayed 2 second(s)

2019-10-24 13:47:59 - [TEST_STEP][PASSED] - click(findTestObject("Object Repository/findOrders/Page_cabi Find Orders/Page_cabi SampleLine Shipment Screen/a_Single Order")): Object: 'Object Repository/findOrders/Page_cabi Find Orders/Page_cabi SampleLine Shipment Screen/a_Single Order' is clicked on

2019-10-24 13:47:59 - [MESSAGE][PASSED] - Object: 'Object Repository/findOrders/Page_cabi Find Orders/Page_cabi SampleLine Shipment Screen/a_Single Order' is clicked on

2019-10-24 13:47:59 - [TEST_STEP][PASSED] - setText(findTestObject("Page_cabi Create Single Order PickList/input_Order Id_orderId"), orderId): Text 'FT708383806' is set on object 'Object Repository/Page_cabi Create Single Order PickList/input_Order Id_orderId'

2019-10-24 13:47:59 - [MESSAGE][PASSED] - Text 'FT708383806' is set on object 'Object Repository/Page_cabi Create Single Order PickList/input_Order Id_orderId'

2019-10-24 13:47:59 - [TEST_STEP][PASSED] - click(findTestObject("Page_cabi Create Single Order PickList/input_Create even if fully backordered_submitButton")): Object: 'Object Repository/Page_cabi Create Single Order PickList/input_Create even if fully backordered_submitButton' is clicked on

2019-10-24 13:48:01 - [MESSAGE][PASSED] - Object: 'Object Repository/Page_cabi Create Single Order PickList/input_Create even if fully backordered_submitButton' is clicked on

2019-10-24 13:48:01 - [TEST_STEP][PASSED] - delay(2): Delayed 2 second(s)

2019-10-24 13:48:03 - [MESSAGE][PASSED] - Delayed 2 second(s)

2019-10-24 13:48:03 - [TEST_STEP][PASSED] - pickListCreated = findWebElements(findTestObject("Cabi warehouse/picklistCreatedMessage"), 5): null

2019-10-24 13:48:03 - [TEST_STEP][PASSED] - if (pickListCreated.size() == 0): null

2019-10-24 13:48:03 - [TEST_STEP][PASSED] - picklistCreatedMessage = UtilityMethods.concat("Picklist for order: [", orderId, "] has been created successfully."): null

2019-10-24 13:48:03 - [TEST_STEP][PASSED] - println(picklistCreatedMessage): null

2019-10-24 13:48:03 - [TEST_STEP][PASSED] - verifyElementText(findTestObject("Cabi warehouse/picklistCreatedMessage"), picklistCreatedMessage): Actual text and expected text of test object 'Object Repository/Cabi warehouse/picklistCreatedMessage' are matched.

2019-10-24 13:48:03 - [MESSAGE][PASSED] - Actual text and expected text of test object 'Object Repository/Cabi warehouse/picklistCreatedMessage' are matched.

2019-10-24 13:48:03 - [TEST_STEP][PASSED] - click(findTestObject("Page_cabi Create Single Order PickList/a_Manage PickLists")): Object: 'Object Repository/Page_cabi Create Single Order PickList/a_Manage PickLists' is clicked on

2019-10-24 13:48:04 - [MESSAGE][PASSED] - Object: 'Object Repository/Page_cabi Create Single Order PickList/a_Manage PickLists' is clicked on

2019-10-24 13:48:04 - [TEST_STEP][PASSED] - delay(2): Delayed 2 second(s)

2019-10-24 13:48:06 - [MESSAGE][PASSED] - Delayed 2 second(s)

2019-10-24 13:48:06 - [TEST_STEP][PASSED] - setText(findTestObject("Page_cabi Manage PickLists/input_Order _orderId"), orderId): Text 'FT708383806' is set on object 'Object Repository/Page_cabi Manage PickLists/input_Order _orderId'

2019-10-24 13:48:06 - [MESSAGE][PASSED] - Text 'FT708383806' is set on object 'Object Repository/Page_cabi Manage PickLists/input_Order _orderId'

2019-10-24 13:48:06 - [TEST_STEP][PASSED] - click(findTestObject("Page_cabi Manage PickLists/input")): Object: 'Object Repository/Page_cabi Manage PickLists/input' is clicked on

2019-10-24 13:48:08 - [MESSAGE][PASSED] - Object: 'Object Repository/Page_cabi Manage PickLists/input' is clicked on

2019-10-24 13:48:08 - [TEST_STEP][PASSED] - delay(3): Delayed 3 second(s)

2019-10-24 13:48:11 - [MESSAGE][PASSED] - Delayed 3 second(s)

2019-10-24 13:48:11 - [TEST_STEP][PASSED] - click(findTestObject("Page_cabi Manage PickLists/td_104238610")): Object: 'Object Repository/Page_cabi Manage PickLists/td_104238610' is clicked on

2019-10-24 13:48:11 - [MESSAGE][PASSED] - Object: 'Object Repository/Page_cabi Manage PickLists/td_104238610' is clicked on

2019-10-24 13:48:11 - [TEST_STEP][PASSED] - delay(2): Delayed 2 second(s)

2019-10-24 13:48:13 - [MESSAGE][PASSED] - Delayed 2 second(s)

2019-10-24 13:48:13 - [TEST_STEP][PASSED] - picklistId = getText(findTestObject("Page_cabi Manage PickLists/td_104238610")): Text of object 'Object Repository/Page_cabi Manage PickLists/td_104238610' is: '104456316'

2019-10-24 13:48:14 - [MESSAGE][PASSED] - Text of object 'Object Repository/Page_cabi Manage PickLists/td_104238610' is: '104456316'

2019-10-24 13:48:14 - [TEST_STEP][PASSED] - click(findTestObject("Page_cabi Manage PickLists/a_Packing")): Object: 'Object Repository/Page_cabi Manage PickLists/a_Packing' is clicked on

2019-10-24 13:48:15 - [MESSAGE][PASSED] - Object: 'Object Repository/Page_cabi Manage PickLists/a_Packing' is clicked on

2019-10-24 13:48:15 - [TEST_STEP][PASSED] - setText(findTestObject("Page_cabi Pack Init/input_Pack Station_packStationId"), "30"): Text '30' is set on object 'Object Repository/Page_cabi Pack Init/input_Pack Station_packStationId'

2019-10-24 13:48:15 - [MESSAGE][PASSED] - Text '30' is set on object 'Object Repository/Page_cabi Pack Init/input_Pack Station_packStationId'

2019-10-24 13:48:15 - [TEST_STEP][PASSED] - click(findTestObject("Page_cabi Pack Init/input_Pack Station_submitButton")): Object: 'Object Repository/Page_cabi Pack Init/input_Pack Station_submitButton' is clicked on

2019-10-24 13:48:16 - [MESSAGE][PASSED] - Object: 'Object Repository/Page_cabi Pack Init/input_Pack Station_submitButton' is clicked on

2019-10-24 13:48:16 - [TEST_STEP][PASSED] - delay(2): Delayed 2 second(s)

2019-10-24 13:48:18 - [MESSAGE][PASSED] - Delayed 2 second(s)

2019-10-24 13:48:18 - [TEST_STEP][PASSED] - setText(findTestObject("Page_cabi Pack Init/input_Picklist ID_pickId"), picklistId): Text '104456316' is set on object 'Object Repository/Page_cabi Pack Init/input_Picklist ID_pickId'

2019-10-24 13:48:18 - [MESSAGE][PASSED] - Text '104456316' is set on object 'Object Repository/Page_cabi Pack Init/input_Picklist ID_pickId'

2019-10-24 13:48:18 - [TEST_STEP][PASSED] - click(findTestObject("Page_cabi Pack Init/input_Picklist ID_submitButton")): Object: 'Object Repository/Page_cabi Pack Init/input_Picklist ID_submitButton' is clicked on

2019-10-24 13:48:19 - [MESSAGE][PASSED] - Object: 'Object Repository/Page_cabi Pack Init/input_Picklist ID_submitButton' is clicked on

2019-10-24 13:48:19 - [TEST_STEP][PASSED] - delay(2): Delayed 2 second(s)

2019-10-24 13:48:21 - [MESSAGE][PASSED] - Delayed 2 second(s)

2019-10-24 13:48:21 - [TEST_STEP][PASSED] - click(findTestObject("Page_cabi General Pack/input_Cream Of Wheat_button addItemForVerification")): Object: 'Object Repository/Page_cabi General Pack/input_Cream Of Wheat_button addItemForVerification' is clicked on

2019-10-24 13:48:21 - [MESSAGE][PASSED] - Object: 'Object Repository/Page_cabi General Pack/input_Cream Of Wheat_button addItemForVerification' is clicked on

2019-10-24 13:48:21 - [TEST_STEP][PASSED] - delay(2): Delayed 2 second(s)

2019-10-24 13:48:23 - [MESSAGE][PASSED] - Delayed 2 second(s)

2019-10-24 13:48:23 - [TEST_STEP][PASSED] - click(findTestObject("Page_cabi General Pack/input_Pack Station  30_shipConfirmBtn")): Object: 'Object Repository/Page_cabi General Pack/input_Pack Station  30_shipConfirmBtn' is clicked on

2019-10-24 13:48:27 - [MESSAGE][PASSED] - Object: 'Object Repository/Page_cabi General Pack/input_Pack Station  30_shipConfirmBtn' is clicked on

2019-10-24 13:48:27 - [TEST_STEP][PASSED] - delay(3): Delayed 3 second(s)

2019-10-24 13:48:30 - [MESSAGE][PASSED] - Delayed 3 second(s)

2019-10-24 13:48:30 - [TEST_STEP][PASSED] - itemsNotpacked = findWebElements(findTestObject("Cabi warehouse/itemsNotPacked"), 5): Unable to find the element located by 'By.xpath: //*[@id="content-messages"]/p[1]'. Please recheck the objects properties to make sure the desired element is located. 

2019-10-24 13:48:35 - [MESSAGE][INFO] - Unable to find the element located by 'By.xpath: //*[@id="content-messages"]/p[1]'. Please recheck the objects properties to make sure the desired element is located. 

2019-10-24 13:48:35 - [TEST_STEP][PASSED] - if (itemsNotpacked.size() > 0): null

2019-10-24 13:48:35 - [MESSAGE][PASSED] - Call Test Case 'Test Cases/NewArrival/warehouseShipping' successfully

2019-10-24 13:48:35 - [MESSAGE][PASSED] - Call Test Case 'Test Cases/OrderCreator/onlineOrder' successfully

2019-10-24 13:48:35 - [TEST_STEP][PASSED] - callTestCase(findTestCase("Test Cases/OrderCreator/onlineOrder"), ["ship":ship], CONTINUE_ON_FAILURE): Call Test Case 'Test Cases/OrderCreator/onlineOrder' successfully

2019-10-24 13:48:35 - [TEST_CASE][PASSED] - Test Cases/OrderCreator/onlineOrder: Test Cases/OrderCreator/onlineOrder

2019-10-24 13:48:35 - [TEST_STEP][PASSED] - openBrowser(""): Browser is opened with url: ''

2019-10-24 13:48:35 - [MESSAGE][WARNING] - A browser is already opened. Closing browser and opening a new one

2019-10-24 13:48:36 - [MESSAGE][INFO] - Starting 'Chrome' driver

2019-10-24 13:48:36 - [MESSAGE][INFO] - User set preference: ['args', '[--use-fake-ui-for-media-stream, --start-maximized]']

2019-10-24 13:48:38 - [MESSAGE][PASSED] - Browser is opened with url: ''

2019-10-24 13:48:38 - [TEST_STEP][PASSED] - for ([timeRow = 1, timeRow <= 1, (timeRow++)]): Call Test Case 'Test Cases/NewArrival/warehouseShipping' successfully

2019-10-24 13:48:38 - [TEST_STEP][PASSED] - callTestCase(findTestCase("TestCaseUtilities/backOfficeLogin"), ["BOURL":"", "BOuser":"", "BOpass":""], CONTINUE_ON_FAILURE): Call Test Case 'Test Cases/TestCaseUtilities/backOfficeLogin' successfully

2019-10-24 13:48:38 - [TEST_CASE][PASSED] - Test Cases/TestCaseUtilities/backOfficeLogin: Test Cases/TestCaseUtilities/backOfficeLogin

2019-10-24 13:48:38 - [TEST_STEP][PASSED] - BOURL = findTestData("envtData").getValue("BOURL", 1): null

2019-10-24 13:48:38 - [TEST_STEP][PASSED] - BOuser = findTestData("credData").getValue("BOuser", 1): null

2019-10-24 13:48:38 - [TEST_STEP][PASSED] - BOpass = findTestData("credData").getValue("BOpass", 1): null

2019-10-24 13:48:38 - [TEST_STEP][PASSED] - openBrowser(""): Browser is opened with url: ''

2019-10-24 13:48:38 - [MESSAGE][WARNING] - A browser is already opened. Closing browser and opening a new one

2019-10-24 13:48:39 - [MESSAGE][INFO] - Starting 'Chrome' driver

2019-10-24 13:48:39 - [MESSAGE][INFO] - User set preference: ['args', '[--use-fake-ui-for-media-stream, --start-maximized]']

2019-10-24 13:48:41 - [MESSAGE][PASSED] - Browser is opened with url: ''

2019-10-24 13:48:41 - [TEST_STEP][PASSED] - navigateToUrl(BOURL): Navigate to 'https://test14.cliotest.com/backoffice/control/main' successfully

2019-10-24 13:48:50 - [MESSAGE][PASSED] - Navigate to 'https://test14.cliotest.com/backoffice/control/main' successfully

2019-10-24 13:48:50 - [TEST_STEP][PASSED] - logOut = findWebElements(findTestObject("Object Repository/Page_cabi Home/log_out"), 1): Unable to find the element located by 'By.xpath: //a[contains(text(),'Log Out')]'. Please recheck the objects properties to make sure the desired element is located. 

2019-10-24 13:48:51 - [MESSAGE][INFO] - Unable to find the element located by 'By.xpath: //a[contains(text(),'Log Out')]'. Please recheck the objects properties to make sure the desired element is located. 

2019-10-24 13:48:51 - [TEST_STEP][PASSED] - if (logOut.size() == 0): Object: 'Object Repository/Page_cabi/input_Welcome to_consultantLogin' is clicked on

2019-10-24 13:48:51 - [TEST_STEP][PASSED] - setText(findTestObject("Page_cabi/input_Welcome to_USERNAME"), BOuser): Text '400000002' is set on object 'Object Repository/Page_cabi/input_Welcome to_USERNAME'

2019-10-24 13:48:52 - [MESSAGE][PASSED] - Text '400000002' is set on object 'Object Repository/Page_cabi/input_Welcome to_USERNAME'

2019-10-24 13:48:52 - [TEST_STEP][PASSED] - setText(findTestObject("Object Repository/Page_cabi/input_Welcome to_PASSWORD"), BOpass): Text 'blackdress19' is set on object 'Object Repository/Page_cabi/input_Welcome to_PASSWORD'

2019-10-24 13:48:52 - [MESSAGE][PASSED] - Text 'blackdress19' is set on object 'Object Repository/Page_cabi/input_Welcome to_PASSWORD'

2019-10-24 13:48:52 - [TEST_STEP][PASSED] - click(findTestObject("Object Repository/Page_cabi/input_Welcome to_consultantLogin")): Object: 'Object Repository/Page_cabi/input_Welcome to_consultantLogin' is clicked on

2019-10-24 13:49:04 - [MESSAGE][PASSED] - Object: 'Object Repository/Page_cabi/input_Welcome to_consultantLogin' is clicked on

2019-10-24 13:49:04 - [TEST_STEP][PASSED] - delay(3): Delayed 3 second(s)

2019-10-24 13:49:07 - [MESSAGE][PASSED] - Delayed 3 second(s)

2019-10-24 13:49:07 - [MESSAGE][PASSED] - Call Test Case 'Test Cases/TestCaseUtilities/backOfficeLogin' successfully

2019-10-24 13:49:07 - [TEST_STEP][PASSED] - click(findTestObject("Object Repository/Page_cabi Home/a_Shows  Orders")): Object: 'Object Repository/Page_cabi Home/a_Shows  Orders' is clicked on

2019-10-24 13:49:07 - [MESSAGE][PASSED] - Object: 'Object Repository/Page_cabi Home/a_Shows  Orders' is clicked on

2019-10-24 13:49:07 - [TEST_STEP][PASSED] - delay(3): Delayed 3 second(s)

2019-10-24 13:49:10 - [MESSAGE][PASSED] - Delayed 3 second(s)

2019-10-24 13:49:10 - [TEST_STEP][PASSED] - rightClick(findTestObject("Page_cabi Home/a_online_outline_purchases")): Object: 'Object Repository/Page_cabi Home/a_online_outline_purchases' is right clicked on

2019-10-24 13:49:10 - [MESSAGE][PASSED] - Object: 'Object Repository/Page_cabi Home/a_online_outline_purchases' is right clicked on

2019-10-24 13:49:10 - [TEST_STEP][PASSED] - click(findTestObject("Page_cabi Home/a_online_outline_purchases")): Object: 'Object Repository/Page_cabi Home/a_online_outline_purchases' is clicked on

2019-10-24 13:49:14 - [MESSAGE][PASSED] - Object: 'Object Repository/Page_cabi Home/a_online_outline_purchases' is clicked on

2019-10-24 13:49:14 - [TEST_STEP][PASSED] - click(findTestObject("Object Repository/Page_cabi Online Outlet Store/span_Continue to Order")): Object: 'Object Repository/Page_cabi Online Outlet Store/span_Continue to Order' is clicked on

2019-10-24 13:49:14 - [MESSAGE][PASSED] - Object: 'Object Repository/Page_cabi Online Outlet Store/span_Continue to Order' is clicked on

2019-10-24 13:49:14 - [TEST_STEP][PASSED] - addOnStyle = "2147": null

2019-10-24 13:49:14 - [TEST_STEP][PASSED] - setText(findTestObject("Object Repository/Page_cabi Order Items/input_New Arrivals - Blooming Blush_style"), addOnStyle): Text '2147' is set on object 'Object Repository/Page_cabi Order Items/input_New Arrivals - Blooming Blush_style'

2019-10-24 13:49:17 - [MESSAGE][PASSED] - Text '2147' is set on object 'Object Repository/Page_cabi Order Items/input_New Arrivals - Blooming Blush_style'

2019-10-24 13:49:17 - [TEST_STEP][PASSED] - sendKeys(findTestObject("Object Repository/Page_cabi Order Items/input_New Arrivals - Blooming Blush_style"), Keys.chord(ENTER)): Keys 'ENTER + ' sent to object: 'Object Repository/Page_cabi Order Items/input_New Arrivals - Blooming Blush_style'

2019-10-24 13:49:17 - [MESSAGE][PASSED] - Keys 'ENTER + ' sent to object: 'Object Repository/Page_cabi Order Items/input_New Arrivals - Blooming Blush_style'

2019-10-24 13:49:17 - [TEST_STEP][PASSED] - delay(2): Delayed 2 second(s)

2019-10-24 13:49:19 - [MESSAGE][PASSED] - Delayed 2 second(s)

2019-10-24 13:49:19 - [TEST_STEP][PASSED] - executeJavaScript("arguments[0].click()", Arrays.asList(findWebElement(findTestObject("Object Repository/Page_cabi Order Items/a_item_img"), 30))): Execute JavaScript 'arguments[0].click()' successfully

2019-10-24 13:49:19 - [MESSAGE][PASSED] - Execute JavaScript 'arguments[0].click()' successfully

2019-10-24 13:49:19 - [TEST_STEP][PASSED] - delay(2): Delayed 2 second(s)

2019-10-24 13:49:21 - [MESSAGE][PASSED] - Delayed 2 second(s)

2019-10-24 13:49:21 - [TEST_STEP][PASSED] - executeJavaScript("arguments[0].click()", Arrays.asList(findWebElement(findTestObject("Object Repository/Page_cabi Order Items/input_New Arrivals - Blooming Blush_style"), 30))): Execute JavaScript 'arguments[0].click()' successfully

2019-10-24 13:49:21 - [MESSAGE][PASSED] - Execute JavaScript 'arguments[0].click()' successfully

2019-10-24 13:49:21 - [TEST_STEP][PASSED] - availableOptions = findWebElements(findTestObject("Object Repository/Page_cabi Order Items/input_select_available_options"), 5): null

2019-10-24 13:49:21 - [TEST_STEP][PASSED] - for ([i = 1, i <= availableOptions.size(), (i++)]): Delayed 3 second(s)

2019-10-24 13:49:21 - [TEST_STEP][PASSED] - selectFirstOption = UtilityMethods.createTestObject("div_drop_down", "(//li[@class='product-color']/label/following-sibling::select/option[contains(text(), 'Select')])[", String.valueOf(i), "]/following-sibling::option[1]"): null

2019-10-24 13:49:21 - [TEST_STEP][PASSED] - click(selectFirstOption): Object: 'div_drop_down' is clicked on

2019-10-24 13:49:22 - [MESSAGE][PASSED] - Object: 'div_drop_down' is clicked on

2019-10-24 13:49:22 - [TEST_STEP][PASSED] - delay(3): Delayed 3 second(s)

2019-10-24 13:49:25 - [MESSAGE][PASSED] - Delayed 3 second(s)

2019-10-24 13:49:25 - [TEST_STEP][PASSED] - executeJavaScript("arguments[0].click()", Arrays.asList(findWebElement(findTestObject("Object Repository/Page_cabi Order Items/a_add_to_cart"), 30))): Execute JavaScript 'arguments[0].click()' successfully

2019-10-24 13:49:25 - [MESSAGE][PASSED] - Execute JavaScript 'arguments[0].click()' successfully

2019-10-24 13:49:25 - [TEST_STEP][PASSED] - delay(3): Delayed 3 second(s)

2019-10-24 13:49:28 - [MESSAGE][PASSED] - Delayed 3 second(s)

2019-10-24 13:49:28 - [TEST_STEP][PASSED] - executeJavaScript("arguments[0].click()", Arrays.asList(findWebElement(findTestObject("Object Repository/Page_cabi Order Items/a_checkout_online_store"), 30))): Execute JavaScript 'arguments[0].click()' successfully

2019-10-24 13:49:28 - [MESSAGE][PASSED] - Execute JavaScript 'arguments[0].click()' successfully

2019-10-24 13:49:28 - [TEST_STEP][PASSED] - delay(3): Delayed 3 second(s)

2019-10-24 13:49:31 - [MESSAGE][PASSED] - Delayed 3 second(s)

2019-10-24 13:49:31 - [TEST_STEP][PASSED] - click(findTestObject("Page_cabi Personal Store/nextButtonShipping")): Object: 'Object Repository/Page_cabi Personal Store/nextButtonShipping' is clicked on

2019-10-24 13:49:31 - [MESSAGE][PASSED] - Object: 'Object Repository/Page_cabi Personal Store/nextButtonShipping' is clicked on

2019-10-24 13:49:31 - [TEST_STEP][PASSED] - delay(3): Delayed 3 second(s)

2019-10-24 13:49:34 - [MESSAGE][PASSED] - Delayed 3 second(s)

2019-10-24 13:49:34 - [TEST_STEP][PASSED] - click(findTestObject("Page_cabi Personal Store/makeFirstPayment")): Object: 'Object Repository/Page_cabi Personal Store/makeFirstPayment' is clicked on

2019-10-24 13:49:34 - [MESSAGE][PASSED] - Object: 'Object Repository/Page_cabi Personal Store/makeFirstPayment' is clicked on

2019-10-24 13:49:34 - [TEST_STEP][PASSED] - click(findTestObject("Page_cabi Personal Store/submitPayment")): Object: 'Object Repository/Page_cabi Personal Store/submitPayment' is clicked on

2019-10-24 13:49:35 - [MESSAGE][PASSED] - Object: 'Object Repository/Page_cabi Personal Store/submitPayment' is clicked on

2019-10-24 13:49:35 - [TEST_STEP][PASSED] - click(findTestObject("Page_cabi Personal Store/submitOrderId")): Object: 'Object Repository/Page_cabi Personal Store/submitOrderId' is clicked on

2019-10-24 13:49:39 - [MESSAGE][PASSED] - Object: 'Object Repository/Page_cabi Personal Store/submitOrderId' is clicked on

2019-10-24 13:49:39 - [TEST_STEP][PASSED] - successMsg = "": null

2019-10-24 13:49:39 - [TEST_STEP][PASSED] - orderSuccess = false: null

2019-10-24 13:49:39 - [TEST_STEP][PASSED] - successMsgs = findWebElements(findTestObject("Object Repository/Page_cabi Personal Store/p_success_msg"), 5): null

2019-10-24 13:49:39 - [TEST_STEP][PASSED] - orderID = <not implemented yet for class: org.codehaus.groovy.ast.expr.EmptyExpression>: null

2019-10-24 13:49:39 - [TEST_STEP][PASSED] - if (successMsgs.size() > 0): null

2019-10-24 13:49:39 - [TEST_STEP][PASSED] - successMsg = getText(findTestObject("Object Repository/Page_cabi Personal Store/p_success_msg")): Text of object 'Object Repository/Page_cabi Personal Store/p_success_msg' is: 'Order Created Successfully!!
Order #:  FT708383809

CONTINUE SHOPPING'

2019-10-24 13:49:39 - [MESSAGE][PASSED] - Text of object 'Object Repository/Page_cabi Personal Store/p_success_msg' is: 'Order Created Successfully!!
Order #:  FT708383809

CONTINUE SHOPPING'

2019-10-24 13:49:39 - [TEST_STEP][PASSED] - orderSuccess = true: null

2019-10-24 13:49:39 - [TEST_STEP][PASSED] - orderID = getText(findTestObject("Object Repository/Page_cabi Personal Store/p_order_id")): Text of object 'Object Repository/Page_cabi Personal Store/p_order_id' is: 'FT708383809'

2019-10-24 13:49:39 - [MESSAGE][PASSED] - Text of object 'Object Repository/Page_cabi Personal Store/p_order_id' is: 'FT708383809'

2019-10-24 13:49:39 - [TEST_STEP][PASSED] - println(orderID): null

2019-10-24 13:49:39 - [TEST_STEP][PASSED] - sa = new org.testng.asserts.SoftAssert(): null

2019-10-24 13:49:39 - [TEST_STEP][PASSED] - sa.assertTrue(orderSuccess): null

2019-10-24 13:49:39 - [TEST_STEP][PASSED] - println(ship): null

2019-10-24 13:49:39 - [TEST_STEP][PASSED] - shipString = "no": null

2019-10-24 13:49:39 - [TEST_STEP][PASSED] - shipString = ship: null

2019-10-24 13:49:39 - [TEST_STEP][PASSED] - if (shipString.equalsIgnoreCase("y")): Call Test Case 'Test Cases/NewArrival/warehouseShipping' successfully

2019-10-24 13:49:39 - [TEST_STEP][PASSED] - callTestCase(findTestCase("NewArrival/warehouseShipping"), ["orderId":orderID], CONTINUE_ON_FAILURE): Call Test Case 'Test Cases/NewArrival/warehouseShipping' successfully

2019-10-24 13:49:39 - [TEST_CASE][PASSED] - Test Cases/NewArrival/warehouseShipping: Test Cases/NewArrival/warehouseShipping

2019-10-24 13:49:39 - [TEST_STEP][PASSED] - println(orderId): null

2019-10-24 13:49:39 - [TEST_STEP][PASSED] - callTestCase(findTestCase("TestCaseUtilities/cabiWarehouseLogin"), ["CWURL":"", "CWuser":"", "CWpass":""], CONTINUE_ON_FAILURE): Call Test Case 'Test Cases/TestCaseUtilities/cabiWarehouseLogin' successfully

2019-10-24 13:49:39 - [TEST_CASE][PASSED] - Test Cases/TestCaseUtilities/cabiWarehouseLogin: Test Cases/TestCaseUtilities/cabiWarehouseLogin

2019-10-24 13:49:39 - [TEST_STEP][PASSED] - CWURL = findTestData("envtData").getValue("CWURL", 1): null

2019-10-24 13:49:39 - [TEST_STEP][PASSED] - CWuser = findTestData("credData").getValue("CWuser", 1): null

2019-10-24 13:49:39 - [TEST_STEP][PASSED] - CWpass = findTestData("credData").getValue("CWpass", 1): null

2019-10-24 13:49:39 - [TEST_STEP][PASSED] - openBrowser(""): Browser is opened with url: ''

2019-10-24 13:49:39 - [MESSAGE][WARNING] - A browser is already opened. Closing browser and opening a new one

2019-10-24 13:49:40 - [MESSAGE][INFO] - Starting 'Chrome' driver

2019-10-24 13:49:40 - [MESSAGE][INFO] - User set preference: ['args', '[--use-fake-ui-for-media-stream, --start-maximized]']

2019-10-24 13:49:42 - [MESSAGE][PASSED] - Browser is opened with url: ''

2019-10-24 13:49:42 - [TEST_STEP][PASSED] - navigateToUrl(CWURL): Navigate to 'https://test14.cliotest.com/warehouse/control/main' successfully

2019-10-24 13:49:50 - [MESSAGE][PASSED] - Navigate to 'https://test14.cliotest.com/warehouse/control/main' successfully

2019-10-24 13:49:50 - [TEST_STEP][PASSED] - logOut = findWebElements(findTestObject("Object Repository/Cabi warehouse/Page_cabi_home/log_out"), 1): Unable to find the element located by 'By.xpath: //li/a[contains(text(), 'Log Out »')]'. Please recheck the objects properties to make sure the desired element is located. 

2019-10-24 13:49:51 - [MESSAGE][INFO] - Unable to find the element located by 'By.xpath: //li/a[contains(text(), 'Log Out »')]'. Please recheck the objects properties to make sure the desired element is located. 

2019-10-24 13:49:51 - [TEST_STEP][PASSED] - if (logOut.size() == 0): Object: 'Object Repository/Cabi warehouse/Page_cabi/input_Password_section-btn btn-stl-pk rFloat' is clicked on

2019-10-24 13:49:51 - [TEST_STEP][PASSED] - setText(findTestObject("Object Repository/Cabi warehouse/Page_cabi/input_Username_USERNAME"), CWuser): Text 'rsuarez' is set on object 'Object Repository/Cabi warehouse/Page_cabi/input_Username_USERNAME'

2019-10-24 13:49:51 - [MESSAGE][PASSED] - Text 'rsuarez' is set on object 'Object Repository/Cabi warehouse/Page_cabi/input_Username_USERNAME'

2019-10-24 13:49:51 - [TEST_STEP][PASSED] - setText(findTestObject("Object Repository/Cabi warehouse/Page_cabi/input_Password_PASSWORD"), CWpass): Text 'blackdress19' is set on object 'Object Repository/Cabi warehouse/Page_cabi/input_Password_PASSWORD'

2019-10-24 13:49:51 - [MESSAGE][PASSED] - Text 'blackdress19' is set on object 'Object Repository/Cabi warehouse/Page_cabi/input_Password_PASSWORD'

2019-10-24 13:49:51 - [TEST_STEP][PASSED] - click(findTestObject("Object Repository/Cabi warehouse/Page_cabi/input_Password_section-btn btn-stl-pk rFloat")): Object: 'Object Repository/Cabi warehouse/Page_cabi/input_Password_section-btn btn-stl-pk rFloat' is clicked on

2019-10-24 13:49:52 - [MESSAGE][PASSED] - Object: 'Object Repository/Cabi warehouse/Page_cabi/input_Password_section-btn btn-stl-pk rFloat' is clicked on

2019-10-24 13:49:52 - [TEST_STEP][PASSED] - delay(3): Delayed 3 second(s)

2019-10-24 13:49:55 - [MESSAGE][PASSED] - Delayed 3 second(s)

2019-10-24 13:49:55 - [MESSAGE][PASSED] - Call Test Case 'Test Cases/TestCaseUtilities/cabiWarehouseLogin' successfully

2019-10-24 13:49:55 - [TEST_STEP][PASSED] - click(findTestObject("Page_cabi Manage PickLists/a_Create PickLists")): Object: 'Object Repository/Page_cabi Manage PickLists/a_Create PickLists' is clicked on

2019-10-24 13:49:57 - [MESSAGE][PASSED] - Object: 'Object Repository/Page_cabi Manage PickLists/a_Create PickLists' is clicked on

2019-10-24 13:49:57 - [TEST_STEP][PASSED] - delay(2): Delayed 2 second(s)

2019-10-24 13:49:59 - [MESSAGE][PASSED] - Delayed 2 second(s)

2019-10-24 13:49:59 - [TEST_STEP][PASSED] - click(findTestObject("Object Repository/findOrders/Page_cabi Find Orders/Page_cabi SampleLine Shipment Screen/a_Single Order")): Object: 'Object Repository/findOrders/Page_cabi Find Orders/Page_cabi SampleLine Shipment Screen/a_Single Order' is clicked on

2019-10-24 13:50:00 - [MESSAGE][PASSED] - Object: 'Object Repository/findOrders/Page_cabi Find Orders/Page_cabi SampleLine Shipment Screen/a_Single Order' is clicked on

2019-10-24 13:50:00 - [TEST_STEP][PASSED] - setText(findTestObject("Page_cabi Create Single Order PickList/input_Order Id_orderId"), orderId): Text 'FT708383809' is set on object 'Object Repository/Page_cabi Create Single Order PickList/input_Order Id_orderId'

2019-10-24 13:50:00 - [MESSAGE][PASSED] - Text 'FT708383809' is set on object 'Object Repository/Page_cabi Create Single Order PickList/input_Order Id_orderId'

2019-10-24 13:50:00 - [TEST_STEP][PASSED] - click(findTestObject("Page_cabi Create Single Order PickList/input_Create even if fully backordered_submitButton")): Object: 'Object Repository/Page_cabi Create Single Order PickList/input_Create even if fully backordered_submitButton' is clicked on

2019-10-24 13:50:01 - [MESSAGE][PASSED] - Object: 'Object Repository/Page_cabi Create Single Order PickList/input_Create even if fully backordered_submitButton' is clicked on

2019-10-24 13:50:01 - [TEST_STEP][PASSED] - delay(2): Delayed 2 second(s)

2019-10-24 13:50:03 - [MESSAGE][PASSED] - Delayed 2 second(s)

2019-10-24 13:50:03 - [TEST_STEP][PASSED] - pickListCreated = findWebElements(findTestObject("Cabi warehouse/picklistCreatedMessage"), 5): null

2019-10-24 13:50:03 - [TEST_STEP][PASSED] - if (pickListCreated.size() == 0): null

2019-10-24 13:50:03 - [TEST_STEP][PASSED] - picklistCreatedMessage = UtilityMethods.concat("Picklist for order: [", orderId, "] has been created successfully."): null

2019-10-24 13:50:03 - [TEST_STEP][PASSED] - println(picklistCreatedMessage): null

2019-10-24 13:50:03 - [TEST_STEP][PASSED] - verifyElementText(findTestObject("Cabi warehouse/picklistCreatedMessage"), picklistCreatedMessage): Actual text and expected text of test object 'Object Repository/Cabi warehouse/picklistCreatedMessage' are matched.

2019-10-24 13:50:03 - [MESSAGE][PASSED] - Actual text and expected text of test object 'Object Repository/Cabi warehouse/picklistCreatedMessage' are matched.

2019-10-24 13:50:03 - [TEST_STEP][PASSED] - click(findTestObject("Page_cabi Create Single Order PickList/a_Manage PickLists")): Object: 'Object Repository/Page_cabi Create Single Order PickList/a_Manage PickLists' is clicked on

2019-10-24 13:50:04 - [MESSAGE][PASSED] - Object: 'Object Repository/Page_cabi Create Single Order PickList/a_Manage PickLists' is clicked on

2019-10-24 13:50:04 - [TEST_STEP][PASSED] - delay(2): Delayed 2 second(s)

2019-10-24 13:50:06 - [MESSAGE][PASSED] - Delayed 2 second(s)

2019-10-24 13:50:06 - [TEST_STEP][PASSED] - setText(findTestObject("Page_cabi Manage PickLists/input_Order _orderId"), orderId): Text 'FT708383809' is set on object 'Object Repository/Page_cabi Manage PickLists/input_Order _orderId'

2019-10-24 13:50:06 - [MESSAGE][PASSED] - Text 'FT708383809' is set on object 'Object Repository/Page_cabi Manage PickLists/input_Order _orderId'

2019-10-24 13:50:06 - [TEST_STEP][PASSED] - click(findTestObject("Page_cabi Manage PickLists/input")): Object: 'Object Repository/Page_cabi Manage PickLists/input' is clicked on

2019-10-24 13:50:09 - [MESSAGE][PASSED] - Object: 'Object Repository/Page_cabi Manage PickLists/input' is clicked on

2019-10-24 13:50:09 - [TEST_STEP][PASSED] - delay(3): Delayed 3 second(s)

2019-10-24 13:50:12 - [MESSAGE][PASSED] - Delayed 3 second(s)

2019-10-24 13:50:12 - [TEST_STEP][PASSED] - click(findTestObject("Page_cabi Manage PickLists/td_104238610")): Object: 'Object Repository/Page_cabi Manage PickLists/td_104238610' is clicked on

2019-10-24 13:50:12 - [MESSAGE][PASSED] - Object: 'Object Repository/Page_cabi Manage PickLists/td_104238610' is clicked on

2019-10-24 13:50:12 - [TEST_STEP][PASSED] - delay(2): Delayed 2 second(s)

2019-10-24 13:50:14 - [MESSAGE][PASSED] - Delayed 2 second(s)

2019-10-24 13:50:14 - [TEST_STEP][PASSED] - picklistId = getText(findTestObject("Page_cabi Manage PickLists/td_104238610")): Text of object 'Object Repository/Page_cabi Manage PickLists/td_104238610' is: '104456319'

2019-10-24 13:50:14 - [MESSAGE][PASSED] - Text of object 'Object Repository/Page_cabi Manage PickLists/td_104238610' is: '104456319'

2019-10-24 13:50:14 - [TEST_STEP][PASSED] - click(findTestObject("Page_cabi Manage PickLists/a_Packing")): Object: 'Object Repository/Page_cabi Manage PickLists/a_Packing' is clicked on

2019-10-24 13:50:15 - [MESSAGE][PASSED] - Object: 'Object Repository/Page_cabi Manage PickLists/a_Packing' is clicked on

2019-10-24 13:50:15 - [TEST_STEP][PASSED] - setText(findTestObject("Page_cabi Pack Init/input_Pack Station_packStationId"), "30"): Text '30' is set on object 'Object Repository/Page_cabi Pack Init/input_Pack Station_packStationId'

2019-10-24 13:50:15 - [MESSAGE][PASSED] - Text '30' is set on object 'Object Repository/Page_cabi Pack Init/input_Pack Station_packStationId'

2019-10-24 13:50:15 - [TEST_STEP][PASSED] - click(findTestObject("Page_cabi Pack Init/input_Pack Station_submitButton")): Object: 'Object Repository/Page_cabi Pack Init/input_Pack Station_submitButton' is clicked on

2019-10-24 13:50:16 - [MESSAGE][PASSED] - Object: 'Object Repository/Page_cabi Pack Init/input_Pack Station_submitButton' is clicked on

2019-10-24 13:50:16 - [TEST_STEP][PASSED] - delay(2): Delayed 2 second(s)

2019-10-24 13:50:18 - [MESSAGE][PASSED] - Delayed 2 second(s)

2019-10-24 13:50:18 - [TEST_STEP][PASSED] - setText(findTestObject("Page_cabi Pack Init/input_Picklist ID_pickId"), picklistId): Text '104456319' is set on object 'Object Repository/Page_cabi Pack Init/input_Picklist ID_pickId'

2019-10-24 13:50:18 - [MESSAGE][PASSED] - Text '104456319' is set on object 'Object Repository/Page_cabi Pack Init/input_Picklist ID_pickId'

2019-10-24 13:50:18 - [TEST_STEP][PASSED] - click(findTestObject("Page_cabi Pack Init/input_Picklist ID_submitButton")): Object: 'Object Repository/Page_cabi Pack Init/input_Picklist ID_submitButton' is clicked on

2019-10-24 13:50:20 - [MESSAGE][PASSED] - Object: 'Object Repository/Page_cabi Pack Init/input_Picklist ID_submitButton' is clicked on

2019-10-24 13:50:20 - [TEST_STEP][PASSED] - delay(2): Delayed 2 second(s)

2019-10-24 13:50:22 - [MESSAGE][PASSED] - Delayed 2 second(s)

2019-10-24 13:50:22 - [TEST_STEP][PASSED] - click(findTestObject("Page_cabi General Pack/input_Cream Of Wheat_button addItemForVerification")): Object: 'Object Repository/Page_cabi General Pack/input_Cream Of Wheat_button addItemForVerification' is clicked on

2019-10-24 13:50:22 - [MESSAGE][PASSED] - Object: 'Object Repository/Page_cabi General Pack/input_Cream Of Wheat_button addItemForVerification' is clicked on

2019-10-24 13:50:22 - [TEST_STEP][PASSED] - delay(2): Delayed 2 second(s)

2019-10-24 13:50:24 - [MESSAGE][PASSED] - Delayed 2 second(s)

2019-10-24 13:50:24 - [TEST_STEP][PASSED] - click(findTestObject("Page_cabi General Pack/input_Pack Station  30_shipConfirmBtn")): Object: 'Object Repository/Page_cabi General Pack/input_Pack Station  30_shipConfirmBtn' is clicked on

2019-10-24 13:50:28 - [MESSAGE][PASSED] - Object: 'Object Repository/Page_cabi General Pack/input_Pack Station  30_shipConfirmBtn' is clicked on

2019-10-24 13:50:28 - [TEST_STEP][PASSED] - delay(3): Delayed 3 second(s)

2019-10-24 13:50:31 - [MESSAGE][PASSED] - Delayed 3 second(s)

2019-10-24 13:50:31 - [TEST_STEP][PASSED] - itemsNotpacked = findWebElements(findTestObject("Cabi warehouse/itemsNotPacked"), 5): Unable to find the element located by 'By.xpath: //*[@id="content-messages"]/p[1]'. Please recheck the objects properties to make sure the desired element is located. 

2019-10-24 13:50:36 - [MESSAGE][INFO] - Unable to find the element located by 'By.xpath: //*[@id="content-messages"]/p[1]'. Please recheck the objects properties to make sure the desired element is located. 

2019-10-24 13:50:36 - [TEST_STEP][PASSED] - if (itemsNotpacked.size() > 0): null

2019-10-24 13:50:36 - [MESSAGE][PASSED] - Call Test Case 'Test Cases/NewArrival/warehouseShipping' successfully

2019-10-24 13:50:36 - [MESSAGE][PASSED] - Call Test Case 'Test Cases/OrderCreator/onlineOrder' successfully]]></system-out>
         <system-err><![CDATA[]]></system-err>
      </testcase>
      <system-out><![CDATA[2019-10-24 13:45:45 - [TEST_SUITE][PASSED] - OrderCreatorSuiteOnline: Test Cases/OrderCreator/massOrderCreationOnline]]></system-out>
      <system-err><![CDATA[]]></system-err>
   </testsuite>
</testsuites>
