<?xml version="1.0" encoding="UTF-8"?>
<testsuites name="DashboardSuite" time="181" tests="0" failures="1" errors="0">
   <testsuite name="DashboardSuite" tests="0" failures="1" errors="0" time="181" timestamp="2019-08-26 15:55:43" hostname="user - 10.0.102.200" id="Test Suites/VirtualShowSuites/DashboardSuite">
      <properties>
         <property name="deviceName" value=""/>
         <property name="devicePlatform" value=""/>
         <property name="logFolder" value="C:\\Users\\user\\Documents\\testautomation\\KatalonProjects\\Reports\\VirtualShowSuites\\DashboardSuite\\20190826_155538"/>
         <property name="logFiles" value="C:\\Users\\user\\Documents\\testautomation\\KatalonProjects\\Reports\\VirtualShowSuites\\DashboardSuite\\20190826_155538\\execution0.log"/>
         <property name="attachments" value="C:\\Users\\user\\Documents\\testautomation\\KatalonProjects\\Reports\\VirtualShowSuites\\DashboardSuite\\20190826_155538\\1566815323083.png"/>
         <property name="hostName" value="user - 10.0.102.200"/>
         <property name="os" value="Windows 8.1 64bit"/>
         <property name="katalonVersion" value="6.1.1.1"/>
         <property name="browser" value="Chrome 76.0.3809.100"/>
         <property name="hostAddress" value="10.0.102.200"/>
         <property name="sessionId" value="e505201ced3540c3e197e018abfa2a43"/>
         <property name="seleniumVersion" value="3.7.1"/>
         <property name="proxyInformation" value="ProxyInformation{proxyOption=NO_PROXY, proxyServerType=HTTP, password=, proxyServerAddress=, proxyServerPort=0}"/>
         <property name="platform" value="Windows 8.1"/>
      </properties>
      <testcase name="Test Cases/VirtualShow/VS_Automation" classname="Test Cases/VirtualShow/VS_Automation" status="FAILED">
         <failure type="FAILED" message="Test Cases/VirtualShow/VS_Automation FAILED.
Reason:
com.kms.katalon.core.exception.StepFailedException: Unable to set text 'guest1-test@test.com' of object 'Object Repository/virualShowRSVPOR/Page_Show microsite/input_Sign in  Create account_email'
	at com.kms.katalon.core.webui.keyword.internal.WebUIKeywordMain.stepFailed(WebUIKeywordMain.groovy:64)
	at com.kms.katalon.core.webui.keyword.internal.WebUIKeywordMain.runKeyword(WebUIKeywordMain.groovy:26)
	at com.kms.katalon.core.webui.keyword.builtin.SetTextKeyword.setText(SetTextKeyword.groovy:66)
	at com.kms.katalon.core.webui.keyword.builtin.SetTextKeyword.execute(SetTextKeyword.groovy:37)
	at com.kms.katalon.core.keyword.internal.KeywordExecutor.executeKeywordForPlatform(KeywordExecutor.groovy:56)
	at com.kms.katalon.core.webui.keyword.WebUiBuiltInKeywords.setText(WebUiBuiltInKeywords.groovy:950)
	at com.kms.katalon.core.webui.keyword.WebUiBuiltInKeywords$setText$2.call(Unknown Source)
	at VS_Automation.run(VS_Automation:175)
	at com.kms.katalon.core.main.ScriptEngine.run(ScriptEngine.java:194)
	at com.kms.katalon.core.main.ScriptEngine.runScriptAsRawText(ScriptEngine.java:119)
	at com.kms.katalon.core.main.TestCaseExecutor.runScript(TestCaseExecutor.java:342)
	at com.kms.katalon.core.main.TestCaseExecutor.doExecute(TestCaseExecutor.java:333)
	at com.kms.katalon.core.main.TestCaseExecutor.processExecutionPhase(TestCaseExecutor.java:312)
	at com.kms.katalon.core.main.TestCaseExecutor.accessMainPhase(TestCaseExecutor.java:304)
	at com.kms.katalon.core.main.TestCaseExecutor.execute(TestCaseExecutor.java:238)
	at com.kms.katalon.core.main.TestSuiteExecutor.accessTestCaseMainPhase(TestSuiteExecutor.java:129)
	at com.kms.katalon.core.main.TestSuiteExecutor.accessTestSuiteMainPhase(TestSuiteExecutor.java:112)
	at com.kms.katalon.core.main.TestSuiteExecutor.execute(TestSuiteExecutor.java:81)
	at com.kms.katalon.core.main.TestCaseMain.startTestSuite(TestCaseMain.java:157)
	at com.kms.katalon.core.main.TestCaseMain$startTestSuite$0.call(Unknown Source)
	at TempTestSuite1566815139163.run(TempTestSuite1566815139163.groovy:35)
Caused by: com.kms.katalon.core.webui.exception.WebElementNotFoundException: Web element with id: 'Object Repository/virualShowRSVPOR/Page_Show microsite/input_Sign in  Create account_email' located by 'By.xpath: //div[@class='form-field']/custom-input/div/input[@name='email']' not found
	at com.kms.katalon.core.webui.common.WebUiCommonHelper.findWebElement(WebUiCommonHelper.java:1097)
	at com.kms.katalon.core.webui.keyword.internal.WebUIAbstractKeyword.findWebElement(WebUIAbstractKeyword.groovy:27)
	at com.kms.katalon.core.webui.keyword.internal.WebUIAbstractKeyword.findWebElement(WebUIAbstractKeyword.groovy:26)
	at com.kms.katalon.core.webui.keyword.builtin.SetTextKeyword$_setText_closure1.doCall(SetTextKeyword.groovy:51)
	at com.kms.katalon.core.webui.keyword.builtin.SetTextKeyword$_setText_closure1.call(SetTextKeyword.groovy)
	at com.kms.katalon.core.webui.keyword.internal.WebUIKeywordMain.runKeyword(WebUIKeywordMain.groovy:20)
	at com.kms.katalon.core.webui.keyword.builtin.SetTextKeyword.setText(SetTextKeyword.groovy:66)
	at com.kms.katalon.core.webui.keyword.builtin.SetTextKeyword.execute(SetTextKeyword.groovy:37)
	at com.kms.katalon.core.keyword.internal.KeywordExecutor.executeKeywordForPlatform(KeywordExecutor.groovy:56)
	at com.kms.katalon.core.webui.keyword.WebUiBuiltInKeywords.setText(WebUiBuiltInKeywords.groovy:950)
	at com.kms.katalon.core.webui.keyword.WebUiBuiltInKeywords$setText$2.call(Unknown Source)
	at Script1564758359495.run(Script1564758359495.groovy:175)
	... 13 more
"/>
         <system-out><![CDATA[2019-08-26 15:55:43 - [TEST_CASE][FAILED] - Test Cases/VirtualShow/VS_Automation: Test Cases/VirtualShow/VS_Automation FAILED.
Reason:
com.kms.katalon.core.exception.StepFailedException: Unable to set text 'guest1-test@test.com' of object 'Object Repository/virualShowRSVPOR/Page_Show microsite/input_Sign in  Create account_email'
	at com.kms.katalon.core.webui.keyword.internal.WebUIKeywordMain.stepFailed(WebUIKeywordMain.groovy:64)
	at com.kms.katalon.core.webui.keyword.internal.WebUIKeywordMain.runKeyword(WebUIKeywordMain.groovy:26)
	at com.kms.katalon.core.webui.keyword.builtin.SetTextKeyword.setText(SetTextKeyword.groovy:66)
	at com.kms.katalon.core.webui.keyword.builtin.SetTextKeyword.execute(SetTextKeyword.groovy:37)
	at com.kms.katalon.core.keyword.internal.KeywordExecutor.executeKeywordForPlatform(KeywordExecutor.groovy:56)
	at com.kms.katalon.core.webui.keyword.WebUiBuiltInKeywords.setText(WebUiBuiltInKeywords.groovy:950)
	at com.kms.katalon.core.webui.keyword.WebUiBuiltInKeywords$setText$2.call(Unknown Source)
	at VS_Automation.run(VS_Automation:175)
	at com.kms.katalon.core.main.ScriptEngine.run(ScriptEngine.java:194)
	at com.kms.katalon.core.main.ScriptEngine.runScriptAsRawText(ScriptEngine.java:119)
	at com.kms.katalon.core.main.TestCaseExecutor.runScript(TestCaseExecutor.java:342)
	at com.kms.katalon.core.main.TestCaseExecutor.doExecute(TestCaseExecutor.java:333)
	at com.kms.katalon.core.main.TestCaseExecutor.processExecutionPhase(TestCaseExecutor.java:312)
	at com.kms.katalon.core.main.TestCaseExecutor.accessMainPhase(TestCaseExecutor.java:304)
	at com.kms.katalon.core.main.TestCaseExecutor.execute(TestCaseExecutor.java:238)
	at com.kms.katalon.core.main.TestSuiteExecutor.accessTestCaseMainPhase(TestSuiteExecutor.java:129)
	at com.kms.katalon.core.main.TestSuiteExecutor.accessTestSuiteMainPhase(TestSuiteExecutor.java:112)
	at com.kms.katalon.core.main.TestSuiteExecutor.execute(TestSuiteExecutor.java:81)
	at com.kms.katalon.core.main.TestCaseMain.startTestSuite(TestCaseMain.java:157)
	at com.kms.katalon.core.main.TestCaseMain$startTestSuite$0.call(Unknown Source)
	at TempTestSuite1566815139163.run(TempTestSuite1566815139163.groovy:35)
Caused by: com.kms.katalon.core.webui.exception.WebElementNotFoundException: Web element with id: 'Object Repository/virualShowRSVPOR/Page_Show microsite/input_Sign in  Create account_email' located by 'By.xpath: //div[@class='form-field']/custom-input/div/input[@name='email']' not found
	at com.kms.katalon.core.webui.common.WebUiCommonHelper.findWebElement(WebUiCommonHelper.java:1097)
	at com.kms.katalon.core.webui.keyword.internal.WebUIAbstractKeyword.findWebElement(WebUIAbstractKeyword.groovy:27)
	at com.kms.katalon.core.webui.keyword.internal.WebUIAbstractKeyword.findWebElement(WebUIAbstractKeyword.groovy:26)
	at com.kms.katalon.core.webui.keyword.builtin.SetTextKeyword$_setText_closure1.doCall(SetTextKeyword.groovy:51)
	at com.kms.katalon.core.webui.keyword.builtin.SetTextKeyword$_setText_closure1.call(SetTextKeyword.groovy)
	at com.kms.katalon.core.webui.keyword.internal.WebUIKeywordMain.runKeyword(WebUIKeywordMain.groovy:20)
	at com.kms.katalon.core.webui.keyword.builtin.SetTextKeyword.setText(SetTextKeyword.groovy:66)
	at com.kms.katalon.core.webui.keyword.builtin.SetTextKeyword.execute(SetTextKeyword.groovy:37)
	at com.kms.katalon.core.keyword.internal.KeywordExecutor.executeKeywordForPlatform(KeywordExecutor.groovy:56)
	at com.kms.katalon.core.webui.keyword.WebUiBuiltInKeywords.setText(WebUiBuiltInKeywords.groovy:950)
	at com.kms.katalon.core.webui.keyword.WebUiBuiltInKeywords$setText$2.call(Unknown Source)
	at Script1564758359495.run(Script1564758359495.groovy:175)
	... 13 more


2019-08-26 15:55:44 - [TEST_STEP][PASSED] - Start listener action : sampleBeforeTestCase: null

2019-08-26 15:55:44 - [TEST_STEP][PASSED] - println(testCaseContext.getTestCaseId()): null

2019-08-26 15:55:44 - [TEST_STEP][PASSED] - println(testCaseContext.getTestCaseVariables()): null

2019-08-26 15:55:45 - [TEST_STEP][PASSED] - dataFile = "micrositeData": null

2019-08-26 15:55:45 - [TEST_STEP][PASSED] - guest1Mail = findTestData(dataFile).getValue("guest1Mail", 1): null

2019-08-26 15:55:47 - [TEST_STEP][PASSED] - guest1Pass = findTestData(dataFile).getValue("guest1Pass", 1): null

2019-08-26 15:55:47 - [TEST_STEP][PASSED] - dataFile = "virtualShowData": null

2019-08-26 15:55:47 - [TEST_STEP][PASSED] - hostess = findTestData(dataFile).getValue("hostess", 1): null

2019-08-26 15:55:47 - [TEST_STEP][PASSED] - cohostess = findTestData(dataFile).getValue("cohostess", 1): null

2019-08-26 15:55:47 - [TEST_STEP][PASSED] - guest1 = findTestData(dataFile).getValue("guest1", 1): null

2019-08-26 15:55:47 - [TEST_STEP][PASSED] - guest2 = findTestData(dataFile).getValue("guest2", 1): null

2019-08-26 15:55:47 - [TEST_STEP][PASSED] - RSTestEnvt = findTestData("envtData").getValue("RSTestEnvt", 1): null

2019-08-26 15:55:47 - [TEST_STEP][PASSED] - BOURL = findTestData("envtData").getValue("BOURL", 1): null

2019-08-26 15:55:47 - [TEST_STEP][PASSED] - actualGuestList = new java.util.ArrayList(): null

2019-08-26 15:55:47 - [TEST_STEP][PASSED] - yesList = new java.util.ArrayList(): null

2019-08-26 15:55:47 - [TEST_STEP][PASSED] - noList = new java.util.ArrayList(): null

2019-08-26 15:55:47 - [TEST_STEP][PASSED] - maybeList = new java.util.ArrayList(): null

2019-08-26 15:55:47 - [TEST_STEP][PASSED] - noreplyList = new java.util.ArrayList(): null

2019-08-26 15:55:47 - [TEST_STEP][PASSED] - presentList = new java.util.ArrayList(): null

2019-08-26 15:55:47 - [TEST_STEP][PASSED] - allList = new java.util.ArrayList(): null

2019-08-26 15:55:47 - [TEST_STEP][PASSED] - callTestCase(findTestCase("VirtualShow/createShow"), ["testEnvt":"", "username":"", "password":"", "stylist":"", "hostess":"", "cohostess":"", "guest1":"", "guest2":"", "verifyHostess":"", ... ], CONTINUE_ON_FAILURE): Call Test Case 'Test Cases/VirtualShow/createShow' successfully

2019-08-26 15:55:48 - [TEST_CASE][PASSED] - Test Cases/VirtualShow/createShow: Test Cases/VirtualShow/createShow

2019-08-26 15:55:49 - [TEST_STEP][PASSED] - dataFile = "virtualShowData": null

2019-08-26 15:55:49 - [TEST_STEP][PASSED] - stylist = findTestData(dataFile).getValue("stylist", 1): null

2019-08-26 15:55:49 - [TEST_STEP][PASSED] - hostess = findTestData(dataFile).getValue("hostess", 1): null

2019-08-26 15:55:49 - [TEST_STEP][PASSED] - cohostess = findTestData(dataFile).getValue("cohostess", 1): null

2019-08-26 15:55:49 - [TEST_STEP][PASSED] - guest1 = findTestData(dataFile).getValue("guest1", 1): null

2019-08-26 15:55:49 - [TEST_STEP][PASSED] - guest2 = findTestData(dataFile).getValue("guest2", 1): null

2019-08-26 15:55:49 - [TEST_STEP][PASSED] - verifyGuestCount = findTestData(dataFile).getValue("verifyGuestCount", 1): null

2019-08-26 15:55:49 - [TEST_STEP][PASSED] - RSTestEnvt = findTestData("envtData").getValue("RSTestEnvt", 1): null

2019-08-26 15:55:49 - [TEST_STEP][PASSED] - openBrowser(""): Browser is opened with url: ''

2019-08-26 15:55:50 - [MESSAGE][INFO] - Starting 'Chrome' driver

2019-08-26 15:55:50 - [MESSAGE][INFO] - User set preference: ['args', '[--use-fake-ui-for-media-stream, --start-maximized]']

2019-08-26 15:55:50 - [MESSAGE][INFO] - Action delay is set to 0 seconds

2019-08-26 15:55:53 - [MESSAGE][PASSED] - Browser is opened with url: ''

2019-08-26 15:55:53 - [TEST_STEP][PASSED] - maximizeWindow(): Current window maximized

2019-08-26 15:55:55 - [MESSAGE][PASSED] - Current window maximized

2019-08-26 15:55:55 - [TEST_STEP][PASSED] - callTestCase(findTestCase("TestCaseUtilities/backOfficeLogin"), ["BOURL":"", "BOuser":"", "BOpass":""], CONTINUE_ON_FAILURE): Call Test Case 'Test Cases/TestCaseUtilities/backOfficeLogin' successfully

2019-08-26 15:55:55 - [TEST_CASE][PASSED] - Test Cases/TestCaseUtilities/backOfficeLogin: Test Cases/TestCaseUtilities/backOfficeLogin

2019-08-26 15:55:55 - [TEST_STEP][PASSED] - BOURL = findTestData("envtData").getValue("BOURL", 1): null

2019-08-26 15:55:55 - [TEST_STEP][PASSED] - BOuser = findTestData("credData").getValue("BOuser", 1): null

2019-08-26 15:55:55 - [TEST_STEP][PASSED] - BOpass = findTestData("credData").getValue("BOpass", 1): null

2019-08-26 15:55:55 - [TEST_STEP][PASSED] - openBrowser(""): Browser is opened with url: ''

2019-08-26 15:55:55 - [MESSAGE][WARNING] - A browser is already opened. Closing browser and opening a new one

2019-08-26 15:55:56 - [MESSAGE][INFO] - Starting 'Chrome' driver

2019-08-26 15:55:56 - [MESSAGE][INFO] - User set preference: ['args', '[--use-fake-ui-for-media-stream, --start-maximized]']

2019-08-26 15:55:58 - [MESSAGE][PASSED] - Browser is opened with url: ''

2019-08-26 15:55:58 - [TEST_STEP][PASSED] - navigateToUrl(BOURL): Navigate to 'https://test18.cliotest.com/backoffice/control/main' successfully

2019-08-26 15:56:05 - [MESSAGE][PASSED] - Navigate to 'https://test18.cliotest.com/backoffice/control/main' successfully

2019-08-26 15:56:05 - [TEST_STEP][PASSED] - logOut = findWebElements(findTestObject("Object Repository/Page_cabi Home/log_out"), 1): Unable to find the element located by 'By.xpath: //a[contains(text(),'Log Out')]'. Please recheck the objects properties to make sure the desired element is located. 

2019-08-26 15:56:07 - [MESSAGE][INFO] - Unable to find the element located by 'By.xpath: //a[contains(text(),'Log Out')]'. Please recheck the objects properties to make sure the desired element is located. 

2019-08-26 15:56:07 - [TEST_STEP][PASSED] - if (logOut.size() == 0): Object: 'Object Repository/Page_cabi/input_Welcome to_consultantLogin' is clicked on

2019-08-26 15:56:07 - [TEST_STEP][PASSED] - setText(findTestObject("Page_cabi/input_Welcome to_USERNAME"), BOuser): Text '400000002' is set on object 'Object Repository/Page_cabi/input_Welcome to_USERNAME'

2019-08-26 15:56:07 - [MESSAGE][PASSED] - Text '400000002' is set on object 'Object Repository/Page_cabi/input_Welcome to_USERNAME'

2019-08-26 15:56:07 - [TEST_STEP][PASSED] - setText(findTestObject("Object Repository/Page_cabi/input_Welcome to_PASSWORD"), BOpass): Text 'blackdress19' is set on object 'Object Repository/Page_cabi/input_Welcome to_PASSWORD'

2019-08-26 15:56:07 - [MESSAGE][PASSED] - Text 'blackdress19' is set on object 'Object Repository/Page_cabi/input_Welcome to_PASSWORD'

2019-08-26 15:56:07 - [TEST_STEP][PASSED] - click(findTestObject("Object Repository/Page_cabi/input_Welcome to_consultantLogin")): Object: 'Object Repository/Page_cabi/input_Welcome to_consultantLogin' is clicked on

2019-08-26 15:56:13 - [MESSAGE][PASSED] - Object: 'Object Repository/Page_cabi/input_Welcome to_consultantLogin' is clicked on

2019-08-26 15:56:13 - [TEST_STEP][PASSED] - delay(3): Delayed 3 second(s)

2019-08-26 15:56:16 - [MESSAGE][PASSED] - Delayed 3 second(s)

2019-08-26 15:56:16 - [MESSAGE][PASSED] - Call Test Case 'Test Cases/TestCaseUtilities/backOfficeLogin' successfully

2019-08-26 15:56:16 - [TEST_STEP][PASSED] - verifyElementText(findTestObject("Object Repository/virualShowRSVPOR/Page_cabi/span_username"), stylist): Actual text and expected text of test object 'Object Repository/virualShowRSVPOR/Page_cabi/span_username' are matched.

2019-08-26 15:56:16 - [MESSAGE][PASSED] - Actual text and expected text of test object 'Object Repository/virualShowRSVPOR/Page_cabi/span_username' are matched.

2019-08-26 15:56:16 - [TEST_STEP][PASSED] - click(findTestObject("Object Repository/virualShowRSVPOR/Page_cabi Home/a_shows _orders")): Object: 'Object Repository/virualShowRSVPOR/Page_cabi Home/a_shows _orders' is clicked on

2019-08-26 15:56:16 - [MESSAGE][PASSED] - Object: 'Object Repository/virualShowRSVPOR/Page_cabi Home/a_shows _orders' is clicked on

2019-08-26 15:56:16 - [TEST_STEP][PASSED] - click(findTestObject("Object Repository/virualShowRSVPOR/Page_cabi Home/a_Create_A_Show")): Object: 'Object Repository/virualShowRSVPOR/Page_cabi Home/a_Create_A_Show' is clicked on

2019-08-26 15:56:19 - [MESSAGE][PASSED] - Object: 'Object Repository/virualShowRSVPOR/Page_cabi Home/a_Create_A_Show' is clicked on

2019-08-26 15:56:19 - [TEST_STEP][PASSED] - setText(findTestObject("Object Repository/virualShowRSVPOR/Page_cabi Create Show - Set Hostess/input_Hostess"), hostess): Text 'ahostess-test abc' is set on object 'Object Repository/virualShowRSVPOR/Page_cabi Create Show - Set Hostess/input_Hostess'

2019-08-26 15:56:20 - [MESSAGE][PASSED] - Text 'ahostess-test abc' is set on object 'Object Repository/virualShowRSVPOR/Page_cabi Create Show - Set Hostess/input_Hostess'

2019-08-26 15:56:20 - [TEST_STEP][PASSED] - delay(2): Delayed 2 second(s)

2019-08-26 15:56:22 - [MESSAGE][PASSED] - Delayed 2 second(s)

2019-08-26 15:56:22 - [TEST_STEP][PASSED] - sendKeys(findTestObject("Object Repository/virualShowRSVPOR/Page_cabi Create Show - Set Hostess/input_Hostess"), Keys.chord(ARROW_DOWN)): Keys 'DOWN + ' sent to object: 'Object Repository/virualShowRSVPOR/Page_cabi Create Show - Set Hostess/input_Hostess'

2019-08-26 15:56:22 - [MESSAGE][PASSED] - Keys 'DOWN + ' sent to object: 'Object Repository/virualShowRSVPOR/Page_cabi Create Show - Set Hostess/input_Hostess'

2019-08-26 15:56:22 - [TEST_STEP][PASSED] - sendKeys(findTestObject("Object Repository/virualShowRSVPOR/Page_cabi Create Show - Set Hostess/input_Hostess"), Keys.chord(ENTER)): Keys 'ENTER + ' sent to object: 'Object Repository/virualShowRSVPOR/Page_cabi Create Show - Set Hostess/input_Hostess'

2019-08-26 15:56:22 - [MESSAGE][PASSED] - Keys 'ENTER + ' sent to object: 'Object Repository/virualShowRSVPOR/Page_cabi Create Show - Set Hostess/input_Hostess'

2019-08-26 15:56:22 - [TEST_STEP][PASSED] - delay(2): Delayed 2 second(s)

2019-08-26 15:56:24 - [MESSAGE][PASSED] - Delayed 2 second(s)

2019-08-26 15:56:24 - [TEST_STEP][PASSED] - validateHostessAddressMsg = findWebElements(findTestObject("Object Repository/virualShowRSVPOR/Page_cabi Create Show - Set Hostess/validate_address_msg"), 5): null

2019-08-26 15:56:24 - [TEST_STEP][PASSED] - println(validateHostessAddressMsg.size()): null

2019-08-26 15:56:24 - [TEST_STEP][PASSED] - if (validateHostessAddressMsg.isEmpty()): null

2019-08-26 15:56:24 - [TEST_STEP][PASSED] - selectOptionByValue(findTestObject("Object Repository/virualShowRSVPOR/Page_cabi Create Show - Set Hostess/select_Choose_From_Contacts_Co-Hostess"), "3", true): All options with value '3' are selected in object 'Object Repository/virualShowRSVPOR/Page_cabi Create Show - Set Hostess/select_Choose_From_Contacts_Co-Hostess'  using regular expression

2019-08-26 15:56:24 - [MESSAGE][PASSED] - All options with value '3' are selected in object 'Object Repository/virualShowRSVPOR/Page_cabi Create Show - Set Hostess/select_Choose_From_Contacts_Co-Hostess'  using regular expression

2019-08-26 15:56:24 - [TEST_STEP][PASSED] - setText(findTestObject("Object Repository/virualShowRSVPOR/Page_cabi Create Show - Set Hostess/input_Cohostess"), cohostess): Text 'bcohost-test abc' is set on object 'Object Repository/virualShowRSVPOR/Page_cabi Create Show - Set Hostess/input_Cohostess'

2019-08-26 15:56:24 - [MESSAGE][PASSED] - Text 'bcohost-test abc' is set on object 'Object Repository/virualShowRSVPOR/Page_cabi Create Show - Set Hostess/input_Cohostess'

2019-08-26 15:56:24 - [TEST_STEP][PASSED] - delay(2): Delayed 2 second(s)

2019-08-26 15:56:26 - [MESSAGE][PASSED] - Delayed 2 second(s)

2019-08-26 15:56:26 - [TEST_STEP][PASSED] - sendKeys(findTestObject("Object Repository/virualShowRSVPOR/Page_cabi Create Show - Set Hostess/input_Cohostess"), Keys.chord(ARROW_DOWN)): Keys 'DOWN + ' sent to object: 'Object Repository/virualShowRSVPOR/Page_cabi Create Show - Set Hostess/input_Cohostess'

2019-08-26 15:56:27 - [MESSAGE][PASSED] - Keys 'DOWN + ' sent to object: 'Object Repository/virualShowRSVPOR/Page_cabi Create Show - Set Hostess/input_Cohostess'

2019-08-26 15:56:27 - [TEST_STEP][PASSED] - sendKeys(findTestObject("Object Repository/virualShowRSVPOR/Page_cabi Create Show - Set Hostess/input_Cohostess"), Keys.chord(ENTER)): Keys 'ENTER + ' sent to object: 'Object Repository/virualShowRSVPOR/Page_cabi Create Show - Set Hostess/input_Cohostess'

2019-08-26 15:56:27 - [MESSAGE][PASSED] - Keys 'ENTER + ' sent to object: 'Object Repository/virualShowRSVPOR/Page_cabi Create Show - Set Hostess/input_Cohostess'

2019-08-26 15:56:27 - [TEST_STEP][PASSED] - delay(3): Delayed 3 second(s)

2019-08-26 15:56:30 - [MESSAGE][PASSED] - Delayed 3 second(s)

2019-08-26 15:56:30 - [TEST_STEP][PASSED] - validateHostessAddressMsg = findWebElements(findTestObject("Object Repository/virualShowRSVPOR/Page_cabi Create Show - Set Hostess/validate_address_msg"), 5): null

2019-08-26 15:56:30 - [TEST_STEP][PASSED] - if (validateHostessAddressMsg.size() != 4): null

2019-08-26 15:56:30 - [TEST_STEP][PASSED] - click(findTestObject("Object Repository/virualShowRSVPOR/Page_cabi Create Show - Set Hostess/input_next")): Object: 'Object Repository/virualShowRSVPOR/Page_cabi Create Show - Set Hostess/input_next' is clicked on

2019-08-26 15:56:31 - [MESSAGE][PASSED] - Object: 'Object Repository/virualShowRSVPOR/Page_cabi Create Show - Set Hostess/input_next' is clicked on

2019-08-26 15:56:31 - [TEST_STEP][PASSED] - click(findTestObject("Object Repository/virualShowRSVPOR/Page_cabi Create Show - Time and Place/check_Virtual_Show")): Object: 'Object Repository/virualShowRSVPOR/Page_cabi Create Show - Time and Place/check_Virtual_Show' is clicked on

2019-08-26 15:56:31 - [MESSAGE][PASSED] - Object: 'Object Repository/virualShowRSVPOR/Page_cabi Create Show - Time and Place/check_Virtual_Show' is clicked on

2019-08-26 15:56:31 - [TEST_STEP][PASSED] - click(findTestObject("Object Repository/virualShowRSVPOR/Page_cabi Create Show - Time and Place/input_Show_Date_Time")): Object: 'Object Repository/virualShowRSVPOR/Page_cabi Create Show - Time and Place/input_Show_Date_Time' is clicked on

2019-08-26 15:56:32 - [MESSAGE][PASSED] - Object: 'Object Repository/virualShowRSVPOR/Page_cabi Create Show - Time and Place/input_Show_Date_Time' is clicked on

2019-08-26 15:56:32 - [TEST_STEP][PASSED] - year = findTestData("virtualShowData").getValue("vsyear", 1): null

2019-08-26 15:56:32 - [TEST_STEP][PASSED] - month = findTestData("virtualShowData").getValue("vsmonth", 1): null

2019-08-26 15:56:32 - [TEST_STEP][PASSED] - day = findTestData("virtualShowData").getValue("vsday", 1): null

2019-08-26 15:56:32 - [TEST_STEP][PASSED] - pastdate = findTestData("virtualShowData").getValue("pastdate", 1): null

2019-08-26 15:56:32 - [TEST_STEP][PASSED] - xpath = UtilityMethods.concat("//td[@data-month='" + month - 1 + "' and @data-year='" + year + "']/a[contains(text(), '" + day + "')]"): null

2019-08-26 15:56:32 - [TEST_STEP][PASSED] - dateObj = new com.kms.katalon.core.testobject.TestObject(td_month_year_day): null

2019-08-26 15:56:32 - [TEST_STEP][PASSED] - dateObj.addProperty("xpath", EQUALS, xpath): null

2019-08-26 15:56:32 - [TEST_STEP][PASSED] - monthBound = 12: null

2019-08-26 15:56:32 - [TEST_STEP][PASSED] - dateObjList = findWebElements(dateObj, 5): null

2019-08-26 15:56:32 - [TEST_STEP][PASSED] - while (dateObjList.size() == 0 && monthBound > 0): null

2019-08-26 15:56:32 - [TEST_STEP][PASSED] - click(dateObj): Object: 'td_month_year_day' is clicked on

2019-08-26 15:56:32 - [MESSAGE][PASSED] - Object: 'td_month_year_day' is clicked on

2019-08-26 15:56:32 - [TEST_STEP][PASSED] - click(findTestObject("Object Repository/virualShowRSVPOR/Page_cabi Create Show - Time and Place/a_select_End_Time")): Object: 'Object Repository/virualShowRSVPOR/Page_cabi Create Show - Time and Place/a_select_End_Time' is clicked on

2019-08-26 15:56:32 - [MESSAGE][PASSED] - Object: 'Object Repository/virualShowRSVPOR/Page_cabi Create Show - Time and Place/a_select_End_Time' is clicked on

2019-08-26 15:56:32 - [TEST_STEP][PASSED] - click(findTestObject("Object Repository/virualShowRSVPOR/Page_cabi Create Show - Time and Place/input_next")): Object: 'Object Repository/virualShowRSVPOR/Page_cabi Create Show - Time and Place/input_next' is clicked on

2019-08-26 15:56:32 - [MESSAGE][PASSED] - Object: 'Object Repository/virualShowRSVPOR/Page_cabi Create Show - Time and Place/input_next' is clicked on

2019-08-26 15:56:32 - [TEST_STEP][PASSED] - delay(5): Delayed 5 second(s)

2019-08-26 15:56:37 - [MESSAGE][PASSED] - Delayed 5 second(s)

2019-08-26 15:56:37 - [TEST_STEP][PASSED] - click(findTestObject("Object Repository/virualShowRSVPOR/Page_cabi Create Show - Invite Hostess/input_Skip_Invite")): Object: 'Object Repository/virualShowRSVPOR/Page_cabi Create Show - Invite Hostess/input_Skip_Invite' is clicked on

2019-08-26 15:56:38 - [MESSAGE][PASSED] - Object: 'Object Repository/virualShowRSVPOR/Page_cabi Create Show - Invite Hostess/input_Skip_Invite' is clicked on

2019-08-26 15:56:38 - [TEST_STEP][PASSED] - setText(findTestObject("Object Repository/virualShowRSVPOR/Page_cabi Edit Show - Add Guests/contact_search_box"), guest1): Text 'guest1-test abc' is set on object 'Object Repository/virualShowRSVPOR/Page_cabi Edit Show - Add Guests/contact_search_box'

2019-08-26 15:56:39 - [MESSAGE][PASSED] - Text 'guest1-test abc' is set on object 'Object Repository/virualShowRSVPOR/Page_cabi Edit Show - Add Guests/contact_search_box'

2019-08-26 15:56:39 - [TEST_STEP][PASSED] - delay(2): Delayed 2 second(s)

2019-08-26 15:56:41 - [MESSAGE][PASSED] - Delayed 2 second(s)

2019-08-26 15:56:41 - [TEST_STEP][PASSED] - sendKeys(findTestObject("Object Repository/virualShowRSVPOR/Page_cabi Edit Show - Add Guests/contact_search_box"), Keys.chord(ARROW_DOWN)): Keys 'DOWN + ' sent to object: 'Object Repository/virualShowRSVPOR/Page_cabi Edit Show - Add Guests/contact_search_box'

2019-08-26 15:56:41 - [MESSAGE][PASSED] - Keys 'DOWN + ' sent to object: 'Object Repository/virualShowRSVPOR/Page_cabi Edit Show - Add Guests/contact_search_box'

2019-08-26 15:56:41 - [TEST_STEP][PASSED] - sendKeys(findTestObject("Object Repository/virualShowRSVPOR/Page_cabi Edit Show - Add Guests/contact_search_box"), Keys.chord(ENTER)): Keys 'ENTER + ' sent to object: 'Object Repository/virualShowRSVPOR/Page_cabi Edit Show - Add Guests/contact_search_box'

2019-08-26 15:56:41 - [MESSAGE][PASSED] - Keys 'ENTER + ' sent to object: 'Object Repository/virualShowRSVPOR/Page_cabi Edit Show - Add Guests/contact_search_box'

2019-08-26 15:56:41 - [TEST_STEP][PASSED] - delay(2): Delayed 2 second(s)

2019-08-26 15:56:43 - [MESSAGE][PASSED] - Delayed 2 second(s)

2019-08-26 15:56:43 - [TEST_STEP][PASSED] - click(findTestObject("Object Repository/virualShowRSVPOR/Page_cabi Edit Show - Add Guests/a_add_guest")): Object: 'Object Repository/virualShowRSVPOR/Page_cabi Edit Show - Add Guests/a_add_guest' is clicked on

2019-08-26 15:56:43 - [MESSAGE][PASSED] - Object: 'Object Repository/virualShowRSVPOR/Page_cabi Edit Show - Add Guests/a_add_guest' is clicked on

2019-08-26 15:56:43 - [TEST_STEP][PASSED] - delay(5): Delayed 5 second(s)

2019-08-26 15:56:48 - [MESSAGE][PASSED] - Delayed 5 second(s)

2019-08-26 15:56:48 - [TEST_STEP][PASSED] - setText(findTestObject("Object Repository/virualShowRSVPOR/Page_cabi Edit Show - Add Guests/contact_search_box"), guest2): Text 'guest2-test abc' is set on object 'Object Repository/virualShowRSVPOR/Page_cabi Edit Show - Add Guests/contact_search_box'

2019-08-26 15:56:48 - [MESSAGE][PASSED] - Text 'guest2-test abc' is set on object 'Object Repository/virualShowRSVPOR/Page_cabi Edit Show - Add Guests/contact_search_box'

2019-08-26 15:56:48 - [TEST_STEP][PASSED] - delay(2): Delayed 2 second(s)

2019-08-26 15:56:50 - [MESSAGE][PASSED] - Delayed 2 second(s)

2019-08-26 15:56:50 - [TEST_STEP][PASSED] - sendKeys(findTestObject("Object Repository/virualShowRSVPOR/Page_cabi Edit Show - Add Guests/contact_search_box"), Keys.chord(ARROW_DOWN)): Keys 'DOWN + ' sent to object: 'Object Repository/virualShowRSVPOR/Page_cabi Edit Show - Add Guests/contact_search_box'

2019-08-26 15:56:51 - [MESSAGE][PASSED] - Keys 'DOWN + ' sent to object: 'Object Repository/virualShowRSVPOR/Page_cabi Edit Show - Add Guests/contact_search_box'

2019-08-26 15:56:51 - [TEST_STEP][PASSED] - sendKeys(findTestObject("Object Repository/virualShowRSVPOR/Page_cabi Edit Show - Add Guests/contact_search_box"), Keys.chord(ENTER)): Keys 'ENTER + ' sent to object: 'Object Repository/virualShowRSVPOR/Page_cabi Edit Show - Add Guests/contact_search_box'

2019-08-26 15:56:51 - [MESSAGE][PASSED] - Keys 'ENTER + ' sent to object: 'Object Repository/virualShowRSVPOR/Page_cabi Edit Show - Add Guests/contact_search_box'

2019-08-26 15:56:51 - [TEST_STEP][PASSED] - delay(2): Delayed 2 second(s)

2019-08-26 15:56:53 - [MESSAGE][PASSED] - Delayed 2 second(s)

2019-08-26 15:56:53 - [TEST_STEP][PASSED] - click(findTestObject("Object Repository/virualShowRSVPOR/Page_cabi Edit Show - Add Guests/a_add_guest")): Object: 'Object Repository/virualShowRSVPOR/Page_cabi Edit Show - Add Guests/a_add_guest' is clicked on

2019-08-26 15:56:53 - [MESSAGE][PASSED] - Object: 'Object Repository/virualShowRSVPOR/Page_cabi Edit Show - Add Guests/a_add_guest' is clicked on

2019-08-26 15:56:53 - [TEST_STEP][PASSED] - delay(2): Delayed 2 second(s)

2019-08-26 15:56:55 - [MESSAGE][PASSED] - Delayed 2 second(s)

2019-08-26 15:56:55 - [TEST_STEP][PASSED] - verifyHostess = UtilityMethods.splitPersonName(hostess): null

2019-08-26 15:56:55 - [TEST_STEP][PASSED] - verifyCohostess = UtilityMethods.splitPersonName(cohostess): null

2019-08-26 15:56:55 - [TEST_STEP][PASSED] - verifyGuest1 = UtilityMethods.splitPersonName(guest1): null

2019-08-26 15:56:55 - [TEST_STEP][PASSED] - verifyGuest2 = UtilityMethods.splitPersonName(guest2): null

2019-08-26 15:56:55 - [TEST_STEP][PASSED] - verifyElementText(findTestObject("Object Repository/virualShowRSVPOR/Page_cabi Edit Show - Add Guests/span_hostess_name"), UtilityMethods.concat(verifyHostess[1], ", ", verifyHostess[0])): Actual text and expected text of test object 'Object Repository/virualShowRSVPOR/Page_cabi Edit Show - Add Guests/span_hostess_name' are matched.

2019-08-26 15:56:55 - [MESSAGE][PASSED] - Actual text and expected text of test object 'Object Repository/virualShowRSVPOR/Page_cabi Edit Show - Add Guests/span_hostess_name' are matched.

2019-08-26 15:56:55 - [TEST_STEP][PASSED] - verifyElementText(findTestObject("Object Repository/virualShowRSVPOR/Page_cabi Edit Show - Add Guests/span_cohostess_name"), UtilityMethods.concat(verifyCohostess[1], ", ", verifyCohostess[0])): Actual text and expected text of test object 'Object Repository/virualShowRSVPOR/Page_cabi Edit Show - Add Guests/span_cohostess_name' are matched.

2019-08-26 15:56:55 - [MESSAGE][PASSED] - Actual text and expected text of test object 'Object Repository/virualShowRSVPOR/Page_cabi Edit Show - Add Guests/span_cohostess_name' are matched.

2019-08-26 15:56:55 - [TEST_STEP][PASSED] - listElement = findWebElements(findTestObject("Object Repository/virualShowRSVPOR/Page_cabi Edit Show - Add Guests/span_guest_name_list"), 5): null

2019-08-26 15:56:55 - [TEST_STEP][PASSED] - guestCount = Integer.parseInt(verifyGuestCount): null

2019-08-26 15:56:55 - [TEST_STEP][PASSED] - assert listElement.size() == guestCount: null

2019-08-26 15:56:55 - [TEST_STEP][PASSED] - flag = false: null

2019-08-26 15:56:55 - [TEST_STEP][PASSED] - for ([i = 0, i < guestCount, (i++)]): null

2019-08-26 15:56:55 - [TEST_STEP][PASSED] - flag = false: null

2019-08-26 15:56:55 - [TEST_STEP][PASSED] - if (getText().equals(UtilityMethods.concat(verifyGuest1[1], ", ", verifyGuest1[0]))): null

2019-08-26 15:56:55 - [TEST_STEP][PASSED] - flag = true: null

2019-08-26 15:56:55 - [TEST_STEP][PASSED] - if (getText().equals(UtilityMethods.concat(verifyGuest2[1], ", ", verifyGuest2[0]))): null

2019-08-26 15:56:55 - [TEST_STEP][PASSED] - flag = false: null

2019-08-26 15:56:55 - [TEST_STEP][PASSED] - if (getText().equals(UtilityMethods.concat(verifyGuest1[1], ", ", verifyGuest1[0]))): null

2019-08-26 15:56:55 - [TEST_STEP][PASSED] - if (getText().equals(UtilityMethods.concat(verifyGuest2[1], ", ", verifyGuest2[0]))): null

2019-08-26 15:56:55 - [TEST_STEP][PASSED] - flag = true: null

2019-08-26 15:56:55 - [TEST_STEP][PASSED] - assert flag == true: null

2019-08-26 15:56:55 - [TEST_STEP][PASSED] - click(findTestObject("Object Repository/virualShowRSVPOR/Page_cabi Edit Show - Add Guests/input_Next")): Object: 'Object Repository/virualShowRSVPOR/Page_cabi Edit Show - Add Guests/input_Next' is clicked on

2019-08-26 15:56:57 - [MESSAGE][PASSED] - Object: 'Object Repository/virualShowRSVPOR/Page_cabi Edit Show - Add Guests/input_Next' is clicked on

2019-08-26 15:56:57 - [TEST_STEP][PASSED] - delay(5): Delayed 5 second(s)

2019-08-26 15:57:02 - [MESSAGE][PASSED] - Delayed 5 second(s)

2019-08-26 15:57:02 - [TEST_STEP][PASSED] - click(findTestObject("Object Repository/virualShowRSVPOR/Page_cabi Edit Show - Send Invitations/input_Overview")): Object: 'Object Repository/virualShowRSVPOR/Page_cabi Edit Show - Send Invitations/input_Overview' is clicked on

2019-08-26 15:57:04 - [MESSAGE][PASSED] - Object: 'Object Repository/virualShowRSVPOR/Page_cabi Edit Show - Send Invitations/input_Overview' is clicked on

2019-08-26 15:57:04 - [TEST_STEP][PASSED] - showID = getText(findTestObject("Object Repository/virualShowRSVPOR/Page_cabi Orders/li_Show_ID_Text")): Text of object 'Object Repository/virualShowRSVPOR/Page_cabi Orders/li_Show_ID_Text' is: 'Show #: 104705622'

2019-08-26 15:57:04 - [MESSAGE][PASSED] - Text of object 'Object Repository/virualShowRSVPOR/Page_cabi Orders/li_Show_ID_Text' is: 'Show #: 104705622'

2019-08-26 15:57:04 - [TEST_STEP][PASSED] - rightClick(findTestObject("Object Repository/virualShowRSVPOR/Page_cabi Orders/a_Account")): Object: 'Object Repository/virualShowRSVPOR/Page_cabi Orders/a_Account' is right clicked on

2019-08-26 15:57:04 - [MESSAGE][PASSED] - Object: 'Object Repository/virualShowRSVPOR/Page_cabi Orders/a_Account' is right clicked on

2019-08-26 15:57:04 - [TEST_STEP][PASSED] - click(findTestObject("Object Repository/virualShowRSVPOR/Page_cabi Orders/a_My Profile")): Object: 'Object Repository/virualShowRSVPOR/Page_cabi Orders/a_My Profile' is clicked on

2019-08-26 15:57:06 - [MESSAGE][PASSED] - Object: 'Object Repository/virualShowRSVPOR/Page_cabi Orders/a_My Profile' is clicked on

2019-08-26 15:57:06 - [TEST_STEP][PASSED] - rsName = getText(findTestObject("Object Repository/virualShowRSVPOR/Page_cabi My Profile/span_rsName")): Text of object 'Object Repository/virualShowRSVPOR/Page_cabi My Profile/span_rsName' is: 'MirandaKate'

2019-08-26 15:57:06 - [MESSAGE][PASSED] - Text of object 'Object Repository/virualShowRSVPOR/Page_cabi My Profile/span_rsName' is: 'MirandaKate'

2019-08-26 15:57:06 - [TEST_STEP][PASSED] - micrositeURL = UtilityMethods.createURL(rsName, RSTestEnvt, showID): null

2019-08-26 15:57:06 - [TEST_STEP][PASSED] - println(micrositeURL): null

2019-08-26 15:57:06 - [TEST_STEP][PASSED] - back(): Navigate back successfully

2019-08-26 15:57:07 - [MESSAGE][PASSED] - Navigate back successfully

2019-08-26 15:57:07 - [MESSAGE][PASSED] - Call Test Case 'Test Cases/VirtualShow/createShow' successfully

2019-08-26 15:57:07 - [TEST_STEP][PASSED] - hostessObj = new commonUtility.VSGuest(hostess): null

2019-08-26 15:57:07 - [TEST_STEP][PASSED] - cohostessObj = new commonUtility.VSGuest(cohostess): null

2019-08-26 15:57:07 - [TEST_STEP][PASSED] - guest1Obj = new commonUtility.VSGuest(guest1): null

2019-08-26 15:57:07 - [TEST_STEP][PASSED] - guest2Obj = new commonUtility.VSGuest(guest2): null

2019-08-26 15:57:07 - [TEST_STEP][PASSED] - driver = getWebDriver(): null

2019-08-26 15:57:07 - [TEST_STEP][PASSED] - executor = driver: null

2019-08-26 15:57:07 - [TEST_STEP][PASSED] - currentPage = getUrl(): Current window's url is: 'https://test18.cliotest.com/backoffice/control/ShowOrders?showId=104705622&consultantPartyId=100000042&fromCAM='

2019-08-26 15:57:07 - [MESSAGE][PASSED] - Current window's url is: 'https://test18.cliotest.com/backoffice/control/ShowOrders?showId=104705622&consultantPartyId=100000042&fromCAM='

2019-08-26 15:57:07 - [TEST_STEP][PASSED] - currentTab = getWindowIndex(): Current window's index is: 0

2019-08-26 15:57:07 - [MESSAGE][PASSED] - Current window's index is: 0

2019-08-26 15:57:07 - [TEST_STEP][PASSED] - driver = getWebDriver(): null

2019-08-26 15:57:07 - [TEST_STEP][PASSED] - favorites = 0: null

2019-08-26 15:57:07 - [TEST_STEP][PASSED] - favorites = 0: null

2019-08-26 15:57:07 - [TEST_STEP][PASSED] - favorites = 0: null

2019-08-26 15:57:07 - [TEST_STEP][PASSED] - favorites = 0: null

2019-08-26 15:57:07 - [TEST_STEP][PASSED] - allList.add(hostessObj): null

2019-08-26 15:57:07 - [TEST_STEP][PASSED] - allList.add(cohostessObj): null

2019-08-26 15:57:07 - [TEST_STEP][PASSED] - allList.add(guest1Obj): null

2019-08-26 15:57:07 - [TEST_STEP][PASSED] - allList.add(guest2Obj): null

2019-08-26 15:57:07 - [TEST_STEP][PASSED] - yesList.add(hostessObj): null

2019-08-26 15:57:07 - [TEST_STEP][PASSED] - yesList.add(cohostessObj): null

2019-08-26 15:57:07 - [TEST_STEP][PASSED] - noreplyList.add(guest1Obj): null

2019-08-26 15:57:07 - [TEST_STEP][PASSED] - noreplyList.add(guest2Obj): null

2019-08-26 15:57:07 - [TEST_STEP][PASSED] - click(findTestObject("Object Repository/virualShowRSVPOR/Page_cabi Edit Show - Send Invitations/a_dashboard")): Object: 'Object Repository/virualShowRSVPOR/Page_cabi Edit Show - Send Invitations/a_dashboard' is clicked on

2019-08-26 15:57:11 - [MESSAGE][PASSED] - Object: 'Object Repository/virualShowRSVPOR/Page_cabi Edit Show - Send Invitations/a_dashboard' is clicked on

2019-08-26 15:57:11 - [TEST_STEP][PASSED] - delay(5): Delayed 5 second(s)

2019-08-26 15:57:16 - [MESSAGE][PASSED] - Delayed 5 second(s)

2019-08-26 15:57:16 - [TEST_STEP][PASSED] - switchToFrame(findTestObject("virualShowRSVPOR/dashboard/frame_start_pre_show"), 60): null

2019-08-26 15:57:16 - [TEST_STEP][PASSED] - isShowNotStarted = findWebElements(findTestObject("virualShowRSVPOR/dashboard/button_start_pre_show"), 5): null

2019-08-26 15:57:16 - [TEST_STEP][PASSED] - if (isShowNotStarted.size() > 0): null

2019-08-26 15:57:16 - [TEST_STEP][PASSED] - button_start_pre_show = driver.findElement(By.xpath("//button[contains(text(), 'Start pre-show')]")): null

2019-08-26 15:57:16 - [TEST_STEP][PASSED] - executor.executeScript("arguments[0].click();", button_start_pre_show): null

2019-08-26 15:57:16 - [TEST_STEP][PASSED] - delay(3): Delayed 3 second(s)

2019-08-26 15:57:19 - [MESSAGE][PASSED] - Delayed 3 second(s)

2019-08-26 15:57:19 - [TEST_STEP][PASSED] - button_pre_show_sure = driver.findElement(By.xpath("//button[contains(text(), ' sure')]")): null

2019-08-26 15:57:19 - [TEST_STEP][PASSED] - executor.executeScript("arguments[0].click();", button_pre_show_sure): null

2019-08-26 15:57:19 - [TEST_STEP][PASSED] - delay(5): Delayed 5 second(s)

2019-08-26 15:57:24 - [MESSAGE][PASSED] - Delayed 5 second(s)

2019-08-26 15:57:24 - [TEST_STEP][PASSED] - switchToWindowIndex(currentTab + 1): Switched to window with index: '1'

2019-08-26 15:57:24 - [MESSAGE][PASSED] - Switched to window with index: '1'

2019-08-26 15:57:24 - [TEST_STEP][PASSED] - UtilityMethods.validateGuestsListDashboard(yesList, noList, maybeList, noreplyList, presentList, allList): Delayed 2 second(s)

2019-08-26 15:57:26 - [MESSAGE][INFO] - Unable to find the element located by 'By.xpath: //div[@class='table-body']/div[@class='table-row']/div/div[@class='table-row-status']/i[position()=1]'. Please recheck the objects properties to make sure the desired element is located. 

2019-08-26 15:57:27 - [MESSAGE][INFO] - Unable to find the element located by 'By.xpath: //div[@class='table-body']/div[@class='table-row']/div/div[@class='table-row-status']/i[position()='2']'. Please recheck the objects properties to make sure the desired element is located. 

2019-08-26 15:57:28 - [MESSAGE][INFO] - Unable to find the element located by 'By.xpath: //div[@class='table-body']/div[@class='table-row']/div/div[@class='table-row-name']/a/i'. Please recheck the objects properties to make sure the desired element is located. 

2019-08-26 15:57:29 - [MESSAGE][INFO] - Unable to find the element located by 'By.xpath: //div[@class='table-body']/div[@class='table-row']/div/div[@class='table-row-name']/a/span[last()]'. Please recheck the objects properties to make sure the desired element is located. 

2019-08-26 15:57:30 - [MESSAGE][INFO] - Unable to find the element located by 'By.xpath: //div[@class='table-body']/div[@class='table-row']/div/div[@class='table-row-favorites']'. Please recheck the objects properties to make sure the desired element is located. 

2019-08-26 15:57:32 - [MESSAGE][INFO] - Unable to find the element located by 'By.xpath: //div[@class='table-body']/div[@class='table-row']/div/div[@class='table-row-ordered']'. Please recheck the objects properties to make sure the desired element is located. 

2019-08-26 15:57:34 - [MESSAGE][PASSED] - Delayed 2 second(s)

2019-08-26 15:57:36 - [MESSAGE][PASSED] - Delayed 2 second(s)

2019-08-26 15:57:39 - [MESSAGE][PASSED] - Delayed 2 second(s)

2019-08-26 15:57:41 - [MESSAGE][PASSED] - Delayed 2 second(s)

2019-08-26 15:57:42 - [MESSAGE][INFO] - Unable to find the element located by 'By.xpath: //div[@class='table-body']/div[@class='table-row']/div/div[@class='table-row-status']/i[position()=1]'. Please recheck the objects properties to make sure the desired element is located. 

2019-08-26 15:57:43 - [MESSAGE][INFO] - Unable to find the element located by 'By.xpath: //div[@class='table-body']/div[@class='table-row']/div/div[@class='table-row-status']/i[position()='2']'. Please recheck the objects properties to make sure the desired element is located. 

2019-08-26 15:57:44 - [MESSAGE][INFO] - Unable to find the element located by 'By.xpath: //div[@class='table-body']/div[@class='table-row']/div/div[@class='table-row-name']/a/i'. Please recheck the objects properties to make sure the desired element is located. 

2019-08-26 15:57:45 - [MESSAGE][INFO] - Unable to find the element located by 'By.xpath: //div[@class='table-body']/div[@class='table-row']/div/div[@class='table-row-name']/a/span[last()]'. Please recheck the objects properties to make sure the desired element is located. 

2019-08-26 15:57:46 - [MESSAGE][INFO] - Unable to find the element located by 'By.xpath: //div[@class='table-body']/div[@class='table-row']/div/div[@class='table-row-favorites']'. Please recheck the objects properties to make sure the desired element is located. 

2019-08-26 15:57:47 - [MESSAGE][INFO] - Unable to find the element located by 'By.xpath: //div[@class='table-body']/div[@class='table-row']/div/div[@class='table-row-ordered']'. Please recheck the objects properties to make sure the desired element is located. 

2019-08-26 15:57:49 - [MESSAGE][PASSED] - Delayed 2 second(s)

2019-08-26 15:57:50 - [MESSAGE][INFO] - Unable to find the element located by 'By.xpath: //div[@class='table-body']/div[@class='table-row']/div/div[@class='table-row-status']/i[position()=1]'. Please recheck the objects properties to make sure the desired element is located. 

2019-08-26 15:57:51 - [MESSAGE][INFO] - Unable to find the element located by 'By.xpath: //div[@class='table-body']/div[@class='table-row']/div/div[@class='table-row-status']/i[position()='2']'. Please recheck the objects properties to make sure the desired element is located. 

2019-08-26 15:57:52 - [MESSAGE][INFO] - Unable to find the element located by 'By.xpath: //div[@class='table-body']/div[@class='table-row']/div/div[@class='table-row-name']/a/i'. Please recheck the objects properties to make sure the desired element is located. 

2019-08-26 15:57:54 - [MESSAGE][INFO] - Unable to find the element located by 'By.xpath: //div[@class='table-body']/div[@class='table-row']/div/div[@class='table-row-name']/a/span[last()]'. Please recheck the objects properties to make sure the desired element is located. 

2019-08-26 15:57:55 - [MESSAGE][INFO] - Unable to find the element located by 'By.xpath: //div[@class='table-body']/div[@class='table-row']/div/div[@class='table-row-favorites']'. Please recheck the objects properties to make sure the desired element is located. 

2019-08-26 15:57:56 - [MESSAGE][INFO] - Unable to find the element located by 'By.xpath: //div[@class='table-body']/div[@class='table-row']/div/div[@class='table-row-ordered']'. Please recheck the objects properties to make sure the desired element is located. 

2019-08-26 15:57:58 - [MESSAGE][PASSED] - Delayed 2 second(s)

2019-08-26 15:57:58 - [TEST_STEP][PASSED] - println(getWindowIndex()): Current window's index is: 1

2019-08-26 15:57:58 - [MESSAGE][PASSED] - Current window's index is: 1

2019-08-26 15:57:58 - [TEST_STEP][PASSED] - executor.executeScript("window.open();"): null

2019-08-26 15:57:58 - [TEST_STEP][PASSED] - switchToWindowIndex(currentTab + 2): Switched to window with index: '2'

2019-08-26 15:57:58 - [MESSAGE][PASSED] - Switched to window with index: '2'

2019-08-26 15:57:58 - [TEST_STEP][PASSED] - println(getWindowIndex()): Current window's index is: 2

2019-08-26 15:57:59 - [MESSAGE][PASSED] - Current window's index is: 2

2019-08-26 15:57:59 - [TEST_STEP][PASSED] - callTestCase(findTestCase("TestCaseUtilities/setVHost"), [:], CONTINUE_ON_FAILURE): Call Test Case 'Test Cases/TestCaseUtilities/setVHost' successfully

2019-08-26 15:57:59 - [TEST_CASE][PASSED] - Test Cases/TestCaseUtilities/setVHost: Test Cases/TestCaseUtilities/setVHost

2019-08-26 15:57:59 - [TEST_STEP][PASSED] - ofbizURL = findTestData("envtData").getValue("ofbizURL", 1): null

2019-08-26 15:57:59 - [TEST_STEP][PASSED] - ofbizUser = findTestData("credData").getValue("ofbizuser", 1): null

2019-08-26 15:58:00 - [TEST_STEP][PASSED] - ofbizPass = findTestData("credData").getValue("ofbizpass", 1): null

2019-08-26 15:58:00 - [TEST_STEP][PASSED] - vhostTarget = findTestData("envtData").getValue("vhostTarget", 1): null

2019-08-26 15:58:00 - [TEST_STEP][PASSED] - navigateToUrl(ofbizURL): Navigate to 'https://pushofbiz.cliotest.com/login.php' successfully

2019-08-26 15:58:01 - [MESSAGE][PASSED] - Navigate to 'https://pushofbiz.cliotest.com/login.php' successfully

2019-08-26 15:58:01 - [TEST_STEP][PASSED] - setText(findTestObject("Object Repository/virualShowRSVPOR/Page_/input_Username_username"), ofbizUser): Text 'automation' is set on object 'Object Repository/virualShowRSVPOR/Page_/input_Username_username'

2019-08-26 15:58:01 - [MESSAGE][PASSED] - Text 'automation' is set on object 'Object Repository/virualShowRSVPOR/Page_/input_Username_username'

2019-08-26 15:58:01 - [TEST_STEP][PASSED] - setText(findTestObject("Object Repository/virualShowRSVPOR/Page_/input_Password_password"), ofbizPass): Text 'cabiautomation' is set on object 'Object Repository/virualShowRSVPOR/Page_/input_Password_password'

2019-08-26 15:58:02 - [MESSAGE][PASSED] - Text 'cabiautomation' is set on object 'Object Repository/virualShowRSVPOR/Page_/input_Password_password'

2019-08-26 15:58:02 - [TEST_STEP][PASSED] - click(findTestObject("Object Repository/virualShowRSVPOR/Page_/input_Password_Submit")): Object: 'Object Repository/virualShowRSVPOR/Page_/input_Password_Submit' is clicked on

2019-08-26 15:58:06 - [MESSAGE][PASSED] - Object: 'Object Repository/virualShowRSVPOR/Page_/input_Password_Submit' is clicked on

2019-08-26 15:58:06 - [TEST_STEP][PASSED] - click(findTestObject("Object Repository/virualShowRSVPOR/Page_/a_Set Vhost")): Object: 'Object Repository/virualShowRSVPOR/Page_/a_Set Vhost' is clicked on

2019-08-26 15:58:06 - [MESSAGE][PASSED] - Object: 'Object Repository/virualShowRSVPOR/Page_/a_Set Vhost' is clicked on

2019-08-26 15:58:06 - [TEST_STEP][PASSED] - click(UtilityMethods.createTestObject("select_target", "//select[@name='Target']/option[contains(text(), '", vhostTarget, "')]")): Object: 'select_target' is clicked on

2019-08-26 15:58:06 - [MESSAGE][PASSED] - Object: 'select_target' is clicked on

2019-08-26 15:58:06 - [TEST_STEP][PASSED] - click(findTestObject("Object Repository/virualShowRSVPOR/Page_/input")): Object: 'Object Repository/virualShowRSVPOR/Page_/input' is clicked on

2019-08-26 15:58:08 - [MESSAGE][PASSED] - Object: 'Object Repository/virualShowRSVPOR/Page_/input' is clicked on

2019-08-26 15:58:08 - [MESSAGE][PASSED] - Call Test Case 'Test Cases/TestCaseUtilities/setVHost' successfully

2019-08-26 15:58:08 - [TEST_STEP][PASSED] - loginURL = UtilityMethods.concat("https://mirandakate.", RSTestEnvt, ".com/?component=account.login-gateway"): null

2019-08-26 15:58:08 - [TEST_STEP][PASSED] - navigateToUrl(loginURL): Navigate to 'https://mirandakate.cabitest5.com/?component=account.login-gateway' successfully

2019-08-26 15:58:08 - [MESSAGE][PASSED] - Navigate to 'https://mirandakate.cabitest5.com/?component=account.login-gateway' successfully

2019-08-26 15:58:08 - [TEST_STEP][PASSED] - delay(3): Delayed 3 second(s)

2019-08-26 15:58:11 - [MESSAGE][PASSED] - Delayed 3 second(s)

2019-08-26 15:58:11 - [TEST_STEP][FAILED] - setText(findTestObject("Object Repository/virualShowRSVPOR/Page_Show microsite/input_Sign in  Create account_email"), guest1Mail): setText(findTestObject("Object Repository/virualShowRSVPOR/Page_Show microsite/input_Sign in  Create account_email"), guest1Mail) FAILED.
Reason:
com.kms.katalon.core.exception.StepFailedException: Unable to set text 'guest1-test@test.com' of object 'Object Repository/virualShowRSVPOR/Page_Show microsite/input_Sign in  Create account_email'
	at com.kms.katalon.core.webui.keyword.internal.WebUIKeywordMain.stepFailed(WebUIKeywordMain.groovy:64)
	at com.kms.katalon.core.webui.keyword.internal.WebUIKeywordMain.runKeyword(WebUIKeywordMain.groovy:26)
	at com.kms.katalon.core.webui.keyword.builtin.SetTextKeyword.setText(SetTextKeyword.groovy:66)
	at com.kms.katalon.core.webui.keyword.builtin.SetTextKeyword.execute(SetTextKeyword.groovy:37)
	at com.kms.katalon.core.keyword.internal.KeywordExecutor.executeKeywordForPlatform(KeywordExecutor.groovy:56)
	at com.kms.katalon.core.webui.keyword.WebUiBuiltInKeywords.setText(WebUiBuiltInKeywords.groovy:950)
	at com.kms.katalon.core.webui.keyword.WebUiBuiltInKeywords$setText$2.call(Unknown Source)
	at VS_Automation.run(VS_Automation:175)
	at com.kms.katalon.core.main.ScriptEngine.run(ScriptEngine.java:194)
	at com.kms.katalon.core.main.ScriptEngine.runScriptAsRawText(ScriptEngine.java:119)
	at com.kms.katalon.core.main.TestCaseExecutor.runScript(TestCaseExecutor.java:342)
	at com.kms.katalon.core.main.TestCaseExecutor.doExecute(TestCaseExecutor.java:333)
	at com.kms.katalon.core.main.TestCaseExecutor.processExecutionPhase(TestCaseExecutor.java:312)
	at com.kms.katalon.core.main.TestCaseExecutor.accessMainPhase(TestCaseExecutor.java:304)
	at com.kms.katalon.core.main.TestCaseExecutor.execute(TestCaseExecutor.java:238)
	at com.kms.katalon.core.main.TestSuiteExecutor.accessTestCaseMainPhase(TestSuiteExecutor.java:129)
	at com.kms.katalon.core.main.TestSuiteExecutor.accessTestSuiteMainPhase(TestSuiteExecutor.java:112)
	at com.kms.katalon.core.main.TestSuiteExecutor.execute(TestSuiteExecutor.java:81)
	at com.kms.katalon.core.main.TestCaseMain.startTestSuite(TestCaseMain.java:157)
	at com.kms.katalon.core.main.TestCaseMain$startTestSuite$0.call(Unknown Source)
	at TempTestSuite1566815139163.run(TempTestSuite1566815139163.groovy:35)
Caused by: com.kms.katalon.core.webui.exception.WebElementNotFoundException: Web element with id: 'Object Repository/virualShowRSVPOR/Page_Show microsite/input_Sign in  Create account_email' located by 'By.xpath: //div[@class='form-field']/custom-input/div/input[@name='email']' not found
	at com.kms.katalon.core.webui.common.WebUiCommonHelper.findWebElement(WebUiCommonHelper.java:1097)
	at com.kms.katalon.core.webui.keyword.internal.WebUIAbstractKeyword.findWebElement(WebUIAbstractKeyword.groovy:27)
	at com.kms.katalon.core.webui.keyword.internal.WebUIAbstractKeyword.findWebElement(WebUIAbstractKeyword.groovy:26)
	at com.kms.katalon.core.webui.keyword.builtin.SetTextKeyword$_setText_closure1.doCall(SetTextKeyword.groovy:51)
	at com.kms.katalon.core.webui.keyword.builtin.SetTextKeyword$_setText_closure1.call(SetTextKeyword.groovy)
	at com.kms.katalon.core.webui.keyword.internal.WebUIKeywordMain.runKeyword(WebUIKeywordMain.groovy:20)
	at com.kms.katalon.core.webui.keyword.builtin.SetTextKeyword.setText(SetTextKeyword.groovy:66)
	at com.kms.katalon.core.webui.keyword.builtin.SetTextKeyword.execute(SetTextKeyword.groovy:37)
	at com.kms.katalon.core.keyword.internal.KeywordExecutor.executeKeywordForPlatform(KeywordExecutor.groovy:56)
	at com.kms.katalon.core.webui.keyword.WebUiBuiltInKeywords.setText(WebUiBuiltInKeywords.groovy:950)
	at com.kms.katalon.core.webui.keyword.WebUiBuiltInKeywords$setText$2.call(Unknown Source)
	at Script1564758359495.run(Script1564758359495.groovy:175)
	... 13 more


2019-08-26 15:58:43 - [MESSAGE][INFO] - Unable to find the element located by 'By.xpath: //div[@class='form-field']/custom-input/div/input[@name='email']'. Please recheck the objects properties to make sure the desired element is located. 

2019-08-26 15:58:43 - [MESSAGE][FAILED] - Unable to set text 'guest1-test@test.com' of object 'Object Repository/virualShowRSVPOR/Page_Show microsite/input_Sign in  Create account_email' (Root cause: com.kms.katalon.core.exception.StepFailedException: Unable to set text 'guest1-test@test.com' of object 'Object Repository/virualShowRSVPOR/Page_Show microsite/input_Sign in  Create account_email'
	at com.kms.katalon.core.webui.keyword.internal.WebUIKeywordMain.stepFailed(WebUIKeywordMain.groovy:64)
	at com.kms.katalon.core.webui.keyword.internal.WebUIKeywordMain.runKeyword(WebUIKeywordMain.groovy:26)
	at com.kms.katalon.core.webui.keyword.builtin.SetTextKeyword.setText(SetTextKeyword.groovy:66)
	at com.kms.katalon.core.webui.keyword.builtin.SetTextKeyword.execute(SetTextKeyword.groovy:37)
	at com.kms.katalon.core.keyword.internal.KeywordExecutor.executeKeywordForPlatform(KeywordExecutor.groovy:56)
	at com.kms.katalon.core.webui.keyword.WebUiBuiltInKeywords.setText(WebUiBuiltInKeywords.groovy:950)
	at com.kms.katalon.core.webui.keyword.WebUiBuiltInKeywords$setText$2.call(Unknown Source)
	at VS_Automation.run(VS_Automation:175)
	at com.kms.katalon.core.main.ScriptEngine.run(ScriptEngine.java:194)
	at com.kms.katalon.core.main.ScriptEngine.runScriptAsRawText(ScriptEngine.java:119)
	at com.kms.katalon.core.main.TestCaseExecutor.runScript(TestCaseExecutor.java:342)
	at com.kms.katalon.core.main.TestCaseExecutor.doExecute(TestCaseExecutor.java:333)
	at com.kms.katalon.core.main.TestCaseExecutor.processExecutionPhase(TestCaseExecutor.java:312)
	at com.kms.katalon.core.main.TestCaseExecutor.accessMainPhase(TestCaseExecutor.java:304)
	at com.kms.katalon.core.main.TestCaseExecutor.execute(TestCaseExecutor.java:238)
	at com.kms.katalon.core.main.TestSuiteExecutor.accessTestCaseMainPhase(TestSuiteExecutor.java:129)
	at com.kms.katalon.core.main.TestSuiteExecutor.accessTestSuiteMainPhase(TestSuiteExecutor.java:112)
	at com.kms.katalon.core.main.TestSuiteExecutor.execute(TestSuiteExecutor.java:81)
	at com.kms.katalon.core.main.TestCaseMain.startTestSuite(TestCaseMain.java:157)
	at com.kms.katalon.core.main.TestCaseMain$startTestSuite$0.call(Unknown Source)
	at TempTestSuite1566815139163.run(TempTestSuite1566815139163.groovy:35)
Caused by: com.kms.katalon.core.webui.exception.WebElementNotFoundException: Web element with id: 'Object Repository/virualShowRSVPOR/Page_Show microsite/input_Sign in  Create account_email' located by 'By.xpath: //div[@class='form-field']/custom-input/div/input[@name='email']' not found
	at com.kms.katalon.core.webui.common.WebUiCommonHelper.findWebElement(WebUiCommonHelper.java:1097)
	at com.kms.katalon.core.webui.keyword.internal.WebUIAbstractKeyword.findWebElement(WebUIAbstractKeyword.groovy:27)
	at com.kms.katalon.core.webui.keyword.internal.WebUIAbstractKeyword.findWebElement(WebUIAbstractKeyword.groovy:26)
	at com.kms.katalon.core.webui.keyword.builtin.SetTextKeyword$_setText_closure1.doCall(SetTextKeyword.groovy:51)
	at com.kms.katalon.core.webui.keyword.builtin.SetTextKeyword$_setText_closure1.call(SetTextKeyword.groovy)
	at com.kms.katalon.core.webui.keyword.internal.WebUIKeywordMain.runKeyword(WebUIKeywordMain.groovy:20)
	at com.kms.katalon.core.webui.keyword.builtin.SetTextKeyword.setText(SetTextKeyword.groovy:66)
	at com.kms.katalon.core.webui.keyword.builtin.SetTextKeyword.execute(SetTextKeyword.groovy:37)
	at com.kms.katalon.core.keyword.internal.KeywordExecutor.executeKeywordForPlatform(KeywordExecutor.groovy:56)
	at com.kms.katalon.core.webui.keyword.WebUiBuiltInKeywords.setText(WebUiBuiltInKeywords.groovy:950)
	at com.kms.katalon.core.webui.keyword.WebUiBuiltInKeywords$setText$2.call(Unknown Source)
	at Script1564758359495.run(Script1564758359495.groovy:175)
	... 13 more
)
[[ATTACHMENT|C:\\Users\\user\\Documents\\testautomation\\KatalonProjects\\Reports\\VirtualShowSuites\\DashboardSuite\\20190826_155538\\1566815323083.png]]

2019-08-26 15:58:43 - [MESSAGE][FAILED] - setText(findTestObject("Object Repository/virualShowRSVPOR/Page_Show microsite/input_Sign in  Create account_email"), guest1Mail) FAILED.
Reason:
com.kms.katalon.core.exception.StepFailedException: Unable to set text 'guest1-test@test.com' of object 'Object Repository/virualShowRSVPOR/Page_Show microsite/input_Sign in  Create account_email'
	at com.kms.katalon.core.webui.keyword.internal.WebUIKeywordMain.stepFailed(WebUIKeywordMain.groovy:64)
	at com.kms.katalon.core.webui.keyword.internal.WebUIKeywordMain.runKeyword(WebUIKeywordMain.groovy:26)
	at com.kms.katalon.core.webui.keyword.builtin.SetTextKeyword.setText(SetTextKeyword.groovy:66)
	at com.kms.katalon.core.webui.keyword.builtin.SetTextKeyword.execute(SetTextKeyword.groovy:37)
	at com.kms.katalon.core.keyword.internal.KeywordExecutor.executeKeywordForPlatform(KeywordExecutor.groovy:56)
	at com.kms.katalon.core.webui.keyword.WebUiBuiltInKeywords.setText(WebUiBuiltInKeywords.groovy:950)
	at com.kms.katalon.core.webui.keyword.WebUiBuiltInKeywords$setText$2.call(Unknown Source)
	at VS_Automation.run(VS_Automation:175)
	at com.kms.katalon.core.main.ScriptEngine.run(ScriptEngine.java:194)
	at com.kms.katalon.core.main.ScriptEngine.runScriptAsRawText(ScriptEngine.java:119)
	at com.kms.katalon.core.main.TestCaseExecutor.runScript(TestCaseExecutor.java:342)
	at com.kms.katalon.core.main.TestCaseExecutor.doExecute(TestCaseExecutor.java:333)
	at com.kms.katalon.core.main.TestCaseExecutor.processExecutionPhase(TestCaseExecutor.java:312)
	at com.kms.katalon.core.main.TestCaseExecutor.accessMainPhase(TestCaseExecutor.java:304)
	at com.kms.katalon.core.main.TestCaseExecutor.execute(TestCaseExecutor.java:238)
	at com.kms.katalon.core.main.TestSuiteExecutor.accessTestCaseMainPhase(TestSuiteExecutor.java:129)
	at com.kms.katalon.core.main.TestSuiteExecutor.accessTestSuiteMainPhase(TestSuiteExecutor.java:112)
	at com.kms.katalon.core.main.TestSuiteExecutor.execute(TestSuiteExecutor.java:81)
	at com.kms.katalon.core.main.TestCaseMain.startTestSuite(TestCaseMain.java:157)
	at com.kms.katalon.core.main.TestCaseMain$startTestSuite$0.call(Unknown Source)
	at TempTestSuite1566815139163.run(TempTestSuite1566815139163.groovy:35)
Caused by: com.kms.katalon.core.webui.exception.WebElementNotFoundException: Web element with id: 'Object Repository/virualShowRSVPOR/Page_Show microsite/input_Sign in  Create account_email' located by 'By.xpath: //div[@class='form-field']/custom-input/div/input[@name='email']' not found
	at com.kms.katalon.core.webui.common.WebUiCommonHelper.findWebElement(WebUiCommonHelper.java:1097)
	at com.kms.katalon.core.webui.keyword.internal.WebUIAbstractKeyword.findWebElement(WebUIAbstractKeyword.groovy:27)
	at com.kms.katalon.core.webui.keyword.internal.WebUIAbstractKeyword.findWebElement(WebUIAbstractKeyword.groovy:26)
	at com.kms.katalon.core.webui.keyword.builtin.SetTextKeyword$_setText_closure1.doCall(SetTextKeyword.groovy:51)
	at com.kms.katalon.core.webui.keyword.builtin.SetTextKeyword$_setText_closure1.call(SetTextKeyword.groovy)
	at com.kms.katalon.core.webui.keyword.internal.WebUIKeywordMain.runKeyword(WebUIKeywordMain.groovy:20)
	at com.kms.katalon.core.webui.keyword.builtin.SetTextKeyword.setText(SetTextKeyword.groovy:66)
	at com.kms.katalon.core.webui.keyword.builtin.SetTextKeyword.execute(SetTextKeyword.groovy:37)
	at com.kms.katalon.core.keyword.internal.KeywordExecutor.executeKeywordForPlatform(KeywordExecutor.groovy:56)
	at com.kms.katalon.core.webui.keyword.WebUiBuiltInKeywords.setText(WebUiBuiltInKeywords.groovy:950)
	at com.kms.katalon.core.webui.keyword.WebUiBuiltInKeywords$setText$2.call(Unknown Source)
	at Script1564758359495.run(Script1564758359495.groovy:175)
	... 13 more]]></system-out>
         <system-err><![CDATA[2019-08-26 15:55:43 - [TEST_CASE][FAILED] - Test Cases/VirtualShow/VS_Automation: Test Cases/VirtualShow/VS_Automation FAILED.
Reason:
com.kms.katalon.core.exception.StepFailedException: Unable to set text 'guest1-test@test.com' of object 'Object Repository/virualShowRSVPOR/Page_Show microsite/input_Sign in  Create account_email'
	at com.kms.katalon.core.webui.keyword.internal.WebUIKeywordMain.stepFailed(WebUIKeywordMain.groovy:64)
	at com.kms.katalon.core.webui.keyword.internal.WebUIKeywordMain.runKeyword(WebUIKeywordMain.groovy:26)
	at com.kms.katalon.core.webui.keyword.builtin.SetTextKeyword.setText(SetTextKeyword.groovy:66)
	at com.kms.katalon.core.webui.keyword.builtin.SetTextKeyword.execute(SetTextKeyword.groovy:37)
	at com.kms.katalon.core.keyword.internal.KeywordExecutor.executeKeywordForPlatform(KeywordExecutor.groovy:56)
	at com.kms.katalon.core.webui.keyword.WebUiBuiltInKeywords.setText(WebUiBuiltInKeywords.groovy:950)
	at com.kms.katalon.core.webui.keyword.WebUiBuiltInKeywords$setText$2.call(Unknown Source)
	at VS_Automation.run(VS_Automation:175)
	at com.kms.katalon.core.main.ScriptEngine.run(ScriptEngine.java:194)
	at com.kms.katalon.core.main.ScriptEngine.runScriptAsRawText(ScriptEngine.java:119)
	at com.kms.katalon.core.main.TestCaseExecutor.runScript(TestCaseExecutor.java:342)
	at com.kms.katalon.core.main.TestCaseExecutor.doExecute(TestCaseExecutor.java:333)
	at com.kms.katalon.core.main.TestCaseExecutor.processExecutionPhase(TestCaseExecutor.java:312)
	at com.kms.katalon.core.main.TestCaseExecutor.accessMainPhase(TestCaseExecutor.java:304)
	at com.kms.katalon.core.main.TestCaseExecutor.execute(TestCaseExecutor.java:238)
	at com.kms.katalon.core.main.TestSuiteExecutor.accessTestCaseMainPhase(TestSuiteExecutor.java:129)
	at com.kms.katalon.core.main.TestSuiteExecutor.accessTestSuiteMainPhase(TestSuiteExecutor.java:112)
	at com.kms.katalon.core.main.TestSuiteExecutor.execute(TestSuiteExecutor.java:81)
	at com.kms.katalon.core.main.TestCaseMain.startTestSuite(TestCaseMain.java:157)
	at com.kms.katalon.core.main.TestCaseMain$startTestSuite$0.call(Unknown Source)
	at TempTestSuite1566815139163.run(TempTestSuite1566815139163.groovy:35)
Caused by: com.kms.katalon.core.webui.exception.WebElementNotFoundException: Web element with id: 'Object Repository/virualShowRSVPOR/Page_Show microsite/input_Sign in  Create account_email' located by 'By.xpath: //div[@class='form-field']/custom-input/div/input[@name='email']' not found
	at com.kms.katalon.core.webui.common.WebUiCommonHelper.findWebElement(WebUiCommonHelper.java:1097)
	at com.kms.katalon.core.webui.keyword.internal.WebUIAbstractKeyword.findWebElement(WebUIAbstractKeyword.groovy:27)
	at com.kms.katalon.core.webui.keyword.internal.WebUIAbstractKeyword.findWebElement(WebUIAbstractKeyword.groovy:26)
	at com.kms.katalon.core.webui.keyword.builtin.SetTextKeyword$_setText_closure1.doCall(SetTextKeyword.groovy:51)
	at com.kms.katalon.core.webui.keyword.builtin.SetTextKeyword$_setText_closure1.call(SetTextKeyword.groovy)
	at com.kms.katalon.core.webui.keyword.internal.WebUIKeywordMain.runKeyword(WebUIKeywordMain.groovy:20)
	at com.kms.katalon.core.webui.keyword.builtin.SetTextKeyword.setText(SetTextKeyword.groovy:66)
	at com.kms.katalon.core.webui.keyword.builtin.SetTextKeyword.execute(SetTextKeyword.groovy:37)
	at com.kms.katalon.core.keyword.internal.KeywordExecutor.executeKeywordForPlatform(KeywordExecutor.groovy:56)
	at com.kms.katalon.core.webui.keyword.WebUiBuiltInKeywords.setText(WebUiBuiltInKeywords.groovy:950)
	at com.kms.katalon.core.webui.keyword.WebUiBuiltInKeywords$setText$2.call(Unknown Source)
	at Script1564758359495.run(Script1564758359495.groovy:175)
	... 13 more]]></system-err>
      </testcase>
      <system-out><![CDATA[2019-08-26 15:55:43 - [TEST_SUITE][FAILED] - DashboardSuite: Test Cases/VirtualShow/VS_Automation FAILED.
Reason:
com.kms.katalon.core.exception.StepFailedException: Unable to set text 'guest1-test@test.com' of object 'Object Repository/virualShowRSVPOR/Page_Show microsite/input_Sign in  Create account_email'
	at com.kms.katalon.core.webui.keyword.internal.WebUIKeywordMain.stepFailed(WebUIKeywordMain.groovy:64)
	at com.kms.katalon.core.webui.keyword.internal.WebUIKeywordMain.runKeyword(WebUIKeywordMain.groovy:26)
	at com.kms.katalon.core.webui.keyword.builtin.SetTextKeyword.setText(SetTextKeyword.groovy:66)
	at com.kms.katalon.core.webui.keyword.builtin.SetTextKeyword.execute(SetTextKeyword.groovy:37)
	at com.kms.katalon.core.keyword.internal.KeywordExecutor.executeKeywordForPlatform(KeywordExecutor.groovy:56)
	at com.kms.katalon.core.webui.keyword.WebUiBuiltInKeywords.setText(WebUiBuiltInKeywords.groovy:950)
	at com.kms.katalon.core.webui.keyword.WebUiBuiltInKeywords$setText$2.call(Unknown Source)
	at VS_Automation.run(VS_Automation:175)
	at com.kms.katalon.core.main.ScriptEngine.run(ScriptEngine.java:194)
	at com.kms.katalon.core.main.ScriptEngine.runScriptAsRawText(ScriptEngine.java:119)
	at com.kms.katalon.core.main.TestCaseExecutor.runScript(TestCaseExecutor.java:342)
	at com.kms.katalon.core.main.TestCaseExecutor.doExecute(TestCaseExecutor.java:333)
	at com.kms.katalon.core.main.TestCaseExecutor.processExecutionPhase(TestCaseExecutor.java:312)
	at com.kms.katalon.core.main.TestCaseExecutor.accessMainPhase(TestCaseExecutor.java:304)
	at com.kms.katalon.core.main.TestCaseExecutor.execute(TestCaseExecutor.java:238)
	at com.kms.katalon.core.main.TestSuiteExecutor.accessTestCaseMainPhase(TestSuiteExecutor.java:129)
	at com.kms.katalon.core.main.TestSuiteExecutor.accessTestSuiteMainPhase(TestSuiteExecutor.java:112)
	at com.kms.katalon.core.main.TestSuiteExecutor.execute(TestSuiteExecutor.java:81)
	at com.kms.katalon.core.main.TestCaseMain.startTestSuite(TestCaseMain.java:157)
	at com.kms.katalon.core.main.TestCaseMain$startTestSuite$0.call(Unknown Source)
	at TempTestSuite1566815139163.run(TempTestSuite1566815139163.groovy:35)
Caused by: com.kms.katalon.core.webui.exception.WebElementNotFoundException: Web element with id: 'Object Repository/virualShowRSVPOR/Page_Show microsite/input_Sign in  Create account_email' located by 'By.xpath: //div[@class='form-field']/custom-input/div/input[@name='email']' not found
	at com.kms.katalon.core.webui.common.WebUiCommonHelper.findWebElement(WebUiCommonHelper.java:1097)
	at com.kms.katalon.core.webui.keyword.internal.WebUIAbstractKeyword.findWebElement(WebUIAbstractKeyword.groovy:27)
	at com.kms.katalon.core.webui.keyword.internal.WebUIAbstractKeyword.findWebElement(WebUIAbstractKeyword.groovy:26)
	at com.kms.katalon.core.webui.keyword.builtin.SetTextKeyword$_setText_closure1.doCall(SetTextKeyword.groovy:51)
	at com.kms.katalon.core.webui.keyword.builtin.SetTextKeyword$_setText_closure1.call(SetTextKeyword.groovy)
	at com.kms.katalon.core.webui.keyword.internal.WebUIKeywordMain.runKeyword(WebUIKeywordMain.groovy:20)
	at com.kms.katalon.core.webui.keyword.builtin.SetTextKeyword.setText(SetTextKeyword.groovy:66)
	at com.kms.katalon.core.webui.keyword.builtin.SetTextKeyword.execute(SetTextKeyword.groovy:37)
	at com.kms.katalon.core.keyword.internal.KeywordExecutor.executeKeywordForPlatform(KeywordExecutor.groovy:56)
	at com.kms.katalon.core.webui.keyword.WebUiBuiltInKeywords.setText(WebUiBuiltInKeywords.groovy:950)
	at com.kms.katalon.core.webui.keyword.WebUiBuiltInKeywords$setText$2.call(Unknown Source)
	at Script1564758359495.run(Script1564758359495.groovy:175)
	... 13 more]]></system-out>
      <system-err><![CDATA[2019-08-26 15:55:43 - [TEST_SUITE][FAILED] - DashboardSuite: Test Cases/VirtualShow/VS_Automation FAILED.
Reason:
com.kms.katalon.core.exception.StepFailedException: Unable to set text 'guest1-test@test.com' of object 'Object Repository/virualShowRSVPOR/Page_Show microsite/input_Sign in  Create account_email'
	at com.kms.katalon.core.webui.keyword.internal.WebUIKeywordMain.stepFailed(WebUIKeywordMain.groovy:64)
	at com.kms.katalon.core.webui.keyword.internal.WebUIKeywordMain.runKeyword(WebUIKeywordMain.groovy:26)
	at com.kms.katalon.core.webui.keyword.builtin.SetTextKeyword.setText(SetTextKeyword.groovy:66)
	at com.kms.katalon.core.webui.keyword.builtin.SetTextKeyword.execute(SetTextKeyword.groovy:37)
	at com.kms.katalon.core.keyword.internal.KeywordExecutor.executeKeywordForPlatform(KeywordExecutor.groovy:56)
	at com.kms.katalon.core.webui.keyword.WebUiBuiltInKeywords.setText(WebUiBuiltInKeywords.groovy:950)
	at com.kms.katalon.core.webui.keyword.WebUiBuiltInKeywords$setText$2.call(Unknown Source)
	at VS_Automation.run(VS_Automation:175)
	at com.kms.katalon.core.main.ScriptEngine.run(ScriptEngine.java:194)
	at com.kms.katalon.core.main.ScriptEngine.runScriptAsRawText(ScriptEngine.java:119)
	at com.kms.katalon.core.main.TestCaseExecutor.runScript(TestCaseExecutor.java:342)
	at com.kms.katalon.core.main.TestCaseExecutor.doExecute(TestCaseExecutor.java:333)
	at com.kms.katalon.core.main.TestCaseExecutor.processExecutionPhase(TestCaseExecutor.java:312)
	at com.kms.katalon.core.main.TestCaseExecutor.accessMainPhase(TestCaseExecutor.java:304)
	at com.kms.katalon.core.main.TestCaseExecutor.execute(TestCaseExecutor.java:238)
	at com.kms.katalon.core.main.TestSuiteExecutor.accessTestCaseMainPhase(TestSuiteExecutor.java:129)
	at com.kms.katalon.core.main.TestSuiteExecutor.accessTestSuiteMainPhase(TestSuiteExecutor.java:112)
	at com.kms.katalon.core.main.TestSuiteExecutor.execute(TestSuiteExecutor.java:81)
	at com.kms.katalon.core.main.TestCaseMain.startTestSuite(TestCaseMain.java:157)
	at com.kms.katalon.core.main.TestCaseMain$startTestSuite$0.call(Unknown Source)
	at TempTestSuite1566815139163.run(TempTestSuite1566815139163.groovy:35)
Caused by: com.kms.katalon.core.webui.exception.WebElementNotFoundException: Web element with id: 'Object Repository/virualShowRSVPOR/Page_Show microsite/input_Sign in  Create account_email' located by 'By.xpath: //div[@class='form-field']/custom-input/div/input[@name='email']' not found
	at com.kms.katalon.core.webui.common.WebUiCommonHelper.findWebElement(WebUiCommonHelper.java:1097)
	at com.kms.katalon.core.webui.keyword.internal.WebUIAbstractKeyword.findWebElement(WebUIAbstractKeyword.groovy:27)
	at com.kms.katalon.core.webui.keyword.internal.WebUIAbstractKeyword.findWebElement(WebUIAbstractKeyword.groovy:26)
	at com.kms.katalon.core.webui.keyword.builtin.SetTextKeyword$_setText_closure1.doCall(SetTextKeyword.groovy:51)
	at com.kms.katalon.core.webui.keyword.builtin.SetTextKeyword$_setText_closure1.call(SetTextKeyword.groovy)
	at com.kms.katalon.core.webui.keyword.internal.WebUIKeywordMain.runKeyword(WebUIKeywordMain.groovy:20)
	at com.kms.katalon.core.webui.keyword.builtin.SetTextKeyword.setText(SetTextKeyword.groovy:66)
	at com.kms.katalon.core.webui.keyword.builtin.SetTextKeyword.execute(SetTextKeyword.groovy:37)
	at com.kms.katalon.core.keyword.internal.KeywordExecutor.executeKeywordForPlatform(KeywordExecutor.groovy:56)
	at com.kms.katalon.core.webui.keyword.WebUiBuiltInKeywords.setText(WebUiBuiltInKeywords.groovy:950)
	at com.kms.katalon.core.webui.keyword.WebUiBuiltInKeywords$setText$2.call(Unknown Source)
	at Script1564758359495.run(Script1564758359495.groovy:175)
	... 13 more]]></system-err>
   </testsuite>
</testsuites>
