<?xml version="1.0" encoding="UTF-8"?>
<testsuites name="OrderCreatorSuiteRetail" time="277" tests="1" failures="0" errors="0">
   <testsuite name="OrderCreatorSuiteRetail" tests="1" failures="0" errors="0" time="277" timestamp="2019-10-21 20:23:02" hostname="user - 10.0.102.86" id="Test Suites/OrderCreatorSuites/OrderCreatorSuiteRetail">
      <properties>
         <property name="deviceName" value=""/>
         <property name="devicePlatform" value=""/>
         <property name="logFolder" value="C:\\Users\\user\\Documents\\testautomation\\KatalonProjects\\Reports\\OrderCreatorSuites\\OrderCreatorSuiteRetail\\20191021_202254"/>
         <property name="logFiles" value="C:\\Users\\user\\Documents\\testautomation\\KatalonProjects\\Reports\\OrderCreatorSuites\\OrderCreatorSuiteRetail\\20191021_202254\\execution0.log"/>
         <property name="attachments" value=""/>
         <property name="hostName" value="user - 10.0.102.86"/>
         <property name="os" value="Windows 8.1 64bit"/>
         <property name="katalonVersion" value="6.1.1.1"/>
         <property name="browser" value="Chrome 77.0.3865.120"/>
         <property name="hostAddress" value="10.0.102.86"/>
         <property name="sessionId" value="03fcb74853c768784d58af9d28487ebc"/>
         <property name="seleniumVersion" value="3.7.1"/>
         <property name="proxyInformation" value="ProxyInformation{proxyOption=NO_PROXY, proxyServerType=HTTP, password=, proxyServerAddress=, proxyServerPort=0}"/>
         <property name="platform" value="Windows 8.1"/>
      </properties>
      <testcase name="Test Cases/OrderCreator/massOrderCreationRetail" classname="Test Cases/OrderCreator/massOrderCreationRetail" status="PASSED">
         <system-out><![CDATA[2019-10-21 20:23:03 - [TEST_CASE][PASSED] - Test Cases/OrderCreator/massOrderCreationRetail: Test Cases/OrderCreator/massOrderCreationRetail

2019-10-21 20:23:03 - [TEST_STEP][PASSED] - Start listener action : sampleBeforeTestCase: null

2019-10-21 20:23:03 - [TEST_STEP][PASSED] - println(testCaseContext.getTestCaseId()): null

2019-10-21 20:23:03 - [TEST_STEP][PASSED] - println(testCaseContext.getTestCaseVariables()): null

2019-10-21 20:23:06 - [TEST_STEP][PASSED] - openBrowser(""): Browser is opened with url: ''

2019-10-21 20:23:07 - [MESSAGE][INFO] - Starting 'Chrome' driver

2019-10-21 20:23:07 - [MESSAGE][INFO] - User set preference: ['args', '[--use-fake-ui-for-media-stream, --start-maximized]']

2019-10-21 20:23:07 - [MESSAGE][INFO] - Action delay is set to 0 seconds

2019-10-21 20:23:13 - [MESSAGE][PASSED] - Browser is opened with url: ''

2019-10-21 20:23:13 - [TEST_STEP][PASSED] - dataFile = "orderCreationData": null

2019-10-21 20:23:13 - [TEST_STEP][PASSED] - orderType = 2: null

2019-10-21 20:23:13 - [TEST_STEP][PASSED] - noOfOrders = Integer.parseInt(findTestData(dataFile).getValue("noOfOrders", orderType)): null

2019-10-21 20:23:15 - [TEST_STEP][PASSED] - ship = findTestData(dataFile).getValue("shipping", orderType): null

2019-10-21 20:23:15 - [TEST_STEP][PASSED] - println(noOfOrders): null

2019-10-21 20:23:15 - [TEST_STEP][PASSED] - println(ship): null

2019-10-21 20:23:15 - [TEST_STEP][PASSED] - for ([i = 1, i <= noOfOrders, (i++)]): Call Test Case 'Test Cases/OrderCreator/retailOrder' successfully

2019-10-21 20:23:15 - [TEST_STEP][PASSED] - callTestCase(findTestCase("Test Cases/OrderCreator/retailOrder"), ["ship":ship], CONTINUE_ON_FAILURE): Call Test Case 'Test Cases/OrderCreator/retailOrder' successfully

2019-10-21 20:23:15 - [TEST_CASE][PASSED] - Test Cases/OrderCreator/retailOrder: Test Cases/OrderCreator/retailOrder

2019-10-21 20:23:16 - [TEST_STEP][PASSED] - callTestCase(findTestCase("EditOrder-V/retailOrderBO"), ["editScenarioNumber":""], STOP_ON_FAILURE): Call Test Case 'Test Cases/EditOrder-V/retailOrderBO' successfully

2019-10-21 20:23:16 - [TEST_CASE][PASSED] - Test Cases/EditOrder-V/retailOrderBO: Test Cases/EditOrder-V/retailOrderBO

2019-10-21 20:23:16 - [TEST_STEP][PASSED] - openBrowser(""): Browser is opened with url: ''

2019-10-21 20:23:16 - [MESSAGE][WARNING] - A browser is already opened. Closing browser and opening a new one

2019-10-21 20:23:17 - [MESSAGE][INFO] - Starting 'Chrome' driver

2019-10-21 20:23:17 - [MESSAGE][INFO] - User set preference: ['args', '[--use-fake-ui-for-media-stream, --start-maximized]']

2019-10-21 20:23:20 - [MESSAGE][PASSED] - Browser is opened with url: ''

2019-10-21 20:23:20 - [TEST_STEP][PASSED] - callTestCase(findTestCase("TestCaseUtilities/backOfficeLogin"), ["BOURL":"", "BOuser":"", "BOpass":""], STOP_ON_FAILURE): Call Test Case 'Test Cases/TestCaseUtilities/backOfficeLogin' successfully

2019-10-21 20:23:20 - [TEST_CASE][PASSED] - Test Cases/TestCaseUtilities/backOfficeLogin: Test Cases/TestCaseUtilities/backOfficeLogin

2019-10-21 20:23:20 - [TEST_STEP][PASSED] - BOURL = findTestData("envtData").getValue("BOURL", 1): null

2019-10-21 20:23:20 - [TEST_STEP][PASSED] - BOuser = findTestData("credData").getValue("BOuser", 1): null

2019-10-21 20:23:20 - [TEST_STEP][PASSED] - BOpass = findTestData("credData").getValue("BOpass", 1): null

2019-10-21 20:23:20 - [TEST_STEP][PASSED] - openBrowser(""): Browser is opened with url: ''

2019-10-21 20:23:20 - [MESSAGE][WARNING] - A browser is already opened. Closing browser and opening a new one

2019-10-21 20:23:21 - [MESSAGE][INFO] - Starting 'Chrome' driver

2019-10-21 20:23:21 - [MESSAGE][INFO] - User set preference: ['args', '[--use-fake-ui-for-media-stream, --start-maximized]']

2019-10-21 20:23:24 - [MESSAGE][PASSED] - Browser is opened with url: ''

2019-10-21 20:23:24 - [TEST_STEP][PASSED] - navigateToUrl(BOURL): Navigate to 'https://test14.cliotest.com/backoffice/control/main' successfully

2019-10-21 20:23:35 - [MESSAGE][PASSED] - Navigate to 'https://test14.cliotest.com/backoffice/control/main' successfully

2019-10-21 20:23:35 - [TEST_STEP][PASSED] - logOut = findWebElements(findTestObject("Object Repository/Page_cabi Home/log_out"), 1): Unable to find the element located by 'By.xpath: //a[contains(text(),'Log Out')]'. Please recheck the objects properties to make sure the desired element is located. 

2019-10-21 20:23:36 - [MESSAGE][INFO] - Unable to find the element located by 'By.xpath: //a[contains(text(),'Log Out')]'. Please recheck the objects properties to make sure the desired element is located. 

2019-10-21 20:23:36 - [TEST_STEP][PASSED] - if (logOut.size() == 0): Object: 'Object Repository/Page_cabi/input_Welcome to_consultantLogin' is clicked on

2019-10-21 20:23:36 - [TEST_STEP][PASSED] - setText(findTestObject("Page_cabi/input_Welcome to_USERNAME"), BOuser): Text '400000002' is set on object 'Object Repository/Page_cabi/input_Welcome to_USERNAME'

2019-10-21 20:23:37 - [MESSAGE][PASSED] - Text '400000002' is set on object 'Object Repository/Page_cabi/input_Welcome to_USERNAME'

2019-10-21 20:23:37 - [TEST_STEP][PASSED] - setText(findTestObject("Object Repository/Page_cabi/input_Welcome to_PASSWORD"), BOpass): Text 'blackdress19' is set on object 'Object Repository/Page_cabi/input_Welcome to_PASSWORD'

2019-10-21 20:23:37 - [MESSAGE][PASSED] - Text 'blackdress19' is set on object 'Object Repository/Page_cabi/input_Welcome to_PASSWORD'

2019-10-21 20:23:37 - [TEST_STEP][PASSED] - click(findTestObject("Object Repository/Page_cabi/input_Welcome to_consultantLogin")): Object: 'Object Repository/Page_cabi/input_Welcome to_consultantLogin' is clicked on

2019-10-21 20:23:54 - [MESSAGE][PASSED] - Object: 'Object Repository/Page_cabi/input_Welcome to_consultantLogin' is clicked on

2019-10-21 20:23:54 - [TEST_STEP][PASSED] - delay(3): Delayed 3 second(s)

2019-10-21 20:23:57 - [MESSAGE][PASSED] - Delayed 3 second(s)

2019-10-21 20:23:57 - [MESSAGE][PASSED] - Call Test Case 'Test Cases/TestCaseUtilities/backOfficeLogin' successfully

2019-10-21 20:23:57 - [TEST_STEP][PASSED] - click(findTestObject("Object Repository/Page_cabi Home/a_Shows  Orders")): Object: 'Object Repository/Page_cabi Home/a_Shows  Orders' is clicked on

2019-10-21 20:23:57 - [MESSAGE][PASSED] - Object: 'Object Repository/Page_cabi Home/a_Shows  Orders' is clicked on

2019-10-21 20:23:57 - [TEST_STEP][PASSED] - delay(1): Delayed 1 second(s)

2019-10-21 20:23:58 - [MESSAGE][PASSED] - Delayed 1 second(s)

2019-10-21 20:23:58 - [TEST_STEP][PASSED] - click(findTestObject("Page_cabi Home/a_Shows  Orders")): Object: 'Object Repository/Page_cabi Home/a_Shows  Orders' is clicked on

2019-10-21 20:23:58 - [MESSAGE][PASSED] - Object: 'Object Repository/Page_cabi Home/a_Shows  Orders' is clicked on

2019-10-21 20:23:58 - [TEST_STEP][PASSED] - click(findTestObject("Page_cabi Home/a_retail_purchases")): Object: 'Object Repository/Page_cabi Home/a_retail_purchases' is clicked on

2019-10-21 20:24:02 - [MESSAGE][PASSED] - Object: 'Object Repository/Page_cabi Home/a_retail_purchases' is clicked on

2019-10-21 20:24:02 - [TEST_STEP][PASSED] - delay(3): Delayed 3 second(s)

2019-10-21 20:24:05 - [MESSAGE][PASSED] - Delayed 3 second(s)

2019-10-21 20:24:05 - [TEST_STEP][PASSED] - click(findTestObject("Object Repository/Page_cabi Home/existingCustomer")): Object: 'Object Repository/Page_cabi Home/existingCustomer' is clicked on

2019-10-21 20:24:05 - [MESSAGE][PASSED] - Object: 'Object Repository/Page_cabi Home/existingCustomer' is clicked on

2019-10-21 20:24:05 - [TEST_STEP][PASSED] - contactNumber = 3: null

2019-10-21 20:24:05 - [TEST_STEP][PASSED] - firstName = findTestData("contactData").getValue("firstName", contactNumber): null

2019-10-21 20:24:05 - [TEST_STEP][PASSED] - lastName = findTestData("contactData").getValue("lastName", contactNumber): null

2019-10-21 20:24:05 - [TEST_STEP][PASSED] - email = findTestData("contactData").getValue("email", contactNumber): null

2019-10-21 20:24:05 - [TEST_STEP][PASSED] - address1 = findTestData("contactData").getValue("address1", contactNumber): null

2019-10-21 20:24:05 - [TEST_STEP][PASSED] - city = findTestData("contactData").getValue("city", contactNumber): null

2019-10-21 20:24:05 - [TEST_STEP][PASSED] - state = findTestData("contactData").getValue("state", contactNumber): null

2019-10-21 20:24:05 - [TEST_STEP][PASSED] - zip = findTestData("contactData").getValue("zip", contactNumber): null

2019-10-21 20:24:05 - [TEST_STEP][PASSED] - existingCustFName = firstName: null

2019-10-21 20:24:05 - [TEST_STEP][PASSED] - existingCustLName = lastName: null

2019-10-21 20:24:05 - [TEST_STEP][PASSED] - space = " ": null

2019-10-21 20:24:05 - [TEST_STEP][PASSED] - existingCust = $existingCustFName$space$existingCustLName: null

2019-10-21 20:24:05 - [TEST_STEP][PASSED] - setText(findTestObject("Object Repository/Page_cabi Home/input_existing_guest"), existingCust): Text 'guest1-test abc' is set on object 'Object Repository/Page_cabi Home/input_existing_guest'

2019-10-21 20:24:06 - [MESSAGE][PASSED] - Text 'guest1-test abc' is set on object 'Object Repository/Page_cabi Home/input_existing_guest'

2019-10-21 20:24:06 - [TEST_STEP][PASSED] - delay(2): Delayed 2 second(s)

2019-10-21 20:24:08 - [MESSAGE][PASSED] - Delayed 2 second(s)

2019-10-21 20:24:08 - [TEST_STEP][PASSED] - sendKeys(findTestObject("Object Repository/Page_cabi Home/input_existing_guest"), Keys.chord(ARROW_DOWN)): Keys 'DOWN + ' sent to object: 'Object Repository/Page_cabi Home/input_existing_guest'

2019-10-21 20:24:08 - [MESSAGE][PASSED] - Keys 'DOWN + ' sent to object: 'Object Repository/Page_cabi Home/input_existing_guest'

2019-10-21 20:24:08 - [TEST_STEP][PASSED] - sendKeys(findTestObject("Object Repository/Page_cabi Home/input_existing_guest"), Keys.chord(ENTER)): Keys 'ENTER + ' sent to object: 'Object Repository/Page_cabi Home/input_existing_guest'

2019-10-21 20:24:09 - [MESSAGE][PASSED] - Keys 'ENTER + ' sent to object: 'Object Repository/Page_cabi Home/input_existing_guest'

2019-10-21 20:24:09 - [TEST_STEP][PASSED] - setText(findTestObject("Object Repository/Page_cabi Retail Store/input_email"), email): Text 'guest1-test@test.com' is set on object 'Object Repository/Page_cabi Retail Store/input_email'

2019-10-21 20:24:09 - [MESSAGE][PASSED] - Text 'guest1-test@test.com' is set on object 'Object Repository/Page_cabi Retail Store/input_email'

2019-10-21 20:24:09 - [TEST_STEP][PASSED] - setText(findTestObject("Object Repository/Page_cabi Edit Customer Profile/input_Address1_address1"), address1): Text '975 BRAHMS CT' is set on object 'Object Repository/Page_cabi Edit Customer Profile/input_Address1_address1'

2019-10-21 20:24:10 - [MESSAGE][PASSED] - Text '975 BRAHMS CT' is set on object 'Object Repository/Page_cabi Edit Customer Profile/input_Address1_address1'

2019-10-21 20:24:10 - [TEST_STEP][PASSED] - setText(findTestObject("Object Repository/Page_cabi Edit Customer Profile/input_Address2_address2"), ""): Text '' is set on object 'Object Repository/Page_cabi Edit Customer Profile/input_Address2_address2'

2019-10-21 20:24:10 - [MESSAGE][PASSED] - Text '' is set on object 'Object Repository/Page_cabi Edit Customer Profile/input_Address2_address2'

2019-10-21 20:24:10 - [TEST_STEP][PASSED] - setText(findTestObject("Object Repository/Page_cabi Edit Customer Profile/input_City_city"), city): Text 'TROY' is set on object 'Object Repository/Page_cabi Edit Customer Profile/input_City_city'

2019-10-21 20:24:10 - [MESSAGE][PASSED] - Text 'TROY' is set on object 'Object Repository/Page_cabi Edit Customer Profile/input_City_city'

2019-10-21 20:24:10 - [TEST_STEP][PASSED] - click(findTestObject("Page_cabi Edit Customer Profile/span_select_a_state")): Object: 'Object Repository/Page_cabi Edit Customer Profile/span_select_a_state' is clicked on

2019-10-21 20:24:11 - [MESSAGE][PASSED] - Object: 'Object Repository/Page_cabi Edit Customer Profile/span_select_a_state' is clicked on

2019-10-21 20:24:11 - [TEST_STEP][PASSED] - delay(1): Delayed 1 second(s)

2019-10-21 20:24:12 - [MESSAGE][PASSED] - Delayed 1 second(s)

2019-10-21 20:24:12 - [TEST_STEP][PASSED] - setText(findTestObject("Page_cabi Edit Customer Profile/input_state_postalCode"), zip): Text '48085' is set on object 'Object Repository/Page_cabi Edit Customer Profile/input_state_postalCode'

2019-10-21 20:24:12 - [MESSAGE][PASSED] - Text '48085' is set on object 'Object Repository/Page_cabi Edit Customer Profile/input_state_postalCode'

2019-10-21 20:24:12 - [TEST_STEP][PASSED] - delay(5): Delayed 5 second(s)

2019-10-21 20:24:17 - [MESSAGE][PASSED] - Delayed 5 second(s)

2019-10-21 20:24:17 - [TEST_STEP][PASSED] - check(findTestObject("Object Repository/Page_cabi Home/a_same_shipping_address")): Object 'Object Repository/Page_cabi Home/a_same_shipping_address' is checked

2019-10-21 20:24:17 - [MESSAGE][PASSED] - Object 'Object Repository/Page_cabi Home/a_same_shipping_address' is checked

2019-10-21 20:24:17 - [TEST_STEP][PASSED] - delay(5): Delayed 5 second(s)

2019-10-21 20:24:22 - [MESSAGE][PASSED] - Delayed 5 second(s)

2019-10-21 20:24:22 - [TEST_STEP][PASSED] - check(findTestObject("Object Repository/Page_cabi Home/a_same_shipping_address")): Object 'Object Repository/Page_cabi Home/a_same_shipping_address' is checked

2019-10-21 20:24:22 - [MESSAGE][PASSED] - Object 'Object Repository/Page_cabi Home/a_same_shipping_address' is checked

2019-10-21 20:24:22 - [TEST_STEP][PASSED] - delay(5): Delayed 5 second(s)

2019-10-21 20:24:27 - [MESSAGE][PASSED] - Delayed 5 second(s)

2019-10-21 20:24:27 - [TEST_STEP][PASSED] - driver = getWebDriver(): null

2019-10-21 20:24:27 - [TEST_STEP][PASSED] - executor = driver: null

2019-10-21 20:24:27 - [TEST_STEP][PASSED] - nextButton = driver.findElement(By.xpath("//li/a/span[@id='returnToActionLabel']")): null

2019-10-21 20:24:27 - [TEST_STEP][PASSED] - executor.executeScript("arguments[0].click();", nextButton): null

2019-10-21 20:24:27 - [TEST_STEP][PASSED] - delay(3): Delayed 3 second(s)

2019-10-21 20:24:30 - [MESSAGE][PASSED] - Delayed 3 second(s)

2019-10-21 20:24:30 - [TEST_STEP][PASSED] - click(findTestObject("Object Repository/Page_cabi Retail Store/span_quick_entry")): Object: 'Object Repository/Page_cabi Retail Store/span_quick_entry' is clicked on

2019-10-21 20:24:35 - [MESSAGE][PASSED] - Object: 'Object Repository/Page_cabi Retail Store/span_quick_entry' is clicked on

2019-10-21 20:24:35 - [TEST_STEP][PASSED] - delay(3): Delayed 3 second(s)

2019-10-21 20:24:38 - [MESSAGE][PASSED] - Delayed 3 second(s)

2019-10-21 20:24:38 - [TEST_STEP][PASSED] - emptyCart = findWebElements(findTestObject("Object Repository/Page_cabi Personal Store/removeFromCart"), 5): Unable to find the element located by 'By.xpath: //*[@id="removeFromCart_0"]/span'. Please recheck the objects properties to make sure the desired element is located. 

2019-10-21 20:24:43 - [MESSAGE][INFO] - Unable to find the element located by 'By.xpath: //*[@id="removeFromCart_0"]/span'. Please recheck the objects properties to make sure the desired element is located. 

2019-10-21 20:24:43 - [TEST_STEP][PASSED] - if (emptyCart.size() > 0): null

2019-10-21 20:24:43 - [TEST_STEP][PASSED] - addOnStyle = "2158": null

2019-10-21 20:24:43 - [TEST_STEP][PASSED] - addOnStyle2 = "3709": null

2019-10-21 20:24:43 - [TEST_STEP][PASSED] - setText(findTestObject("Object Repository/Page_cabi Create Order/input_Manual Discount_stylelookup_0"), addOnStyle): Text '2158' is set on object 'Object Repository/Page_cabi Create Order/input_Manual Discount_stylelookup_0'

2019-10-21 20:24:44 - [MESSAGE][PASSED] - Text '2158' is set on object 'Object Repository/Page_cabi Create Order/input_Manual Discount_stylelookup_0'

2019-10-21 20:24:44 - [TEST_STEP][PASSED] - delay(2): Delayed 2 second(s)

2019-10-21 20:24:46 - [MESSAGE][PASSED] - Delayed 2 second(s)

2019-10-21 20:24:46 - [TEST_STEP][PASSED] - sendKeys(findTestObject("Object Repository/Page_cabi Create Order/input_Manual Discount_stylelookup_0"), Keys.chord(ARROW_DOWN)): Keys 'DOWN + ' sent to object: 'Object Repository/Page_cabi Create Order/input_Manual Discount_stylelookup_0'

2019-10-21 20:24:46 - [MESSAGE][PASSED] - Keys 'DOWN + ' sent to object: 'Object Repository/Page_cabi Create Order/input_Manual Discount_stylelookup_0'

2019-10-21 20:24:46 - [TEST_STEP][PASSED] - delay(2): Delayed 2 second(s)

2019-10-21 20:24:48 - [MESSAGE][PASSED] - Delayed 2 second(s)

2019-10-21 20:24:48 - [TEST_STEP][PASSED] - sendKeys(findTestObject("Object Repository/Page_cabi Create Order/input_Manual Discount_stylelookup_0"), Keys.chord(ARROW_DOWN)): Keys 'DOWN + ' sent to object: 'Object Repository/Page_cabi Create Order/input_Manual Discount_stylelookup_0'

2019-10-21 20:24:48 - [MESSAGE][PASSED] - Keys 'DOWN + ' sent to object: 'Object Repository/Page_cabi Create Order/input_Manual Discount_stylelookup_0'

2019-10-21 20:24:48 - [TEST_STEP][PASSED] - sendKeys(findTestObject("Object Repository/Page_cabi Create Order/input_Manual Discount_stylelookup_0"), Keys.chord(ENTER)): Keys 'ENTER + ' sent to object: 'Object Repository/Page_cabi Create Order/input_Manual Discount_stylelookup_0'

2019-10-21 20:24:48 - [MESSAGE][PASSED] - Keys 'ENTER + ' sent to object: 'Object Repository/Page_cabi Create Order/input_Manual Discount_stylelookup_0'

2019-10-21 20:24:48 - [TEST_STEP][PASSED] - delay(5): Delayed 5 second(s)

2019-10-21 20:24:53 - [MESSAGE][PASSED] - Delayed 5 second(s)

2019-10-21 20:24:53 - [TEST_STEP][PASSED] - click(findTestObject("Object Repository/Page_cabi Order Items/selectSize")): Object: 'Object Repository/Page_cabi Order Items/selectSize' is clicked on

2019-10-21 20:25:01 - [MESSAGE][PASSED] - Object: 'Object Repository/Page_cabi Order Items/selectSize' is clicked on

2019-10-21 20:25:01 - [TEST_STEP][PASSED] - delay(3): Delayed 3 second(s)

2019-10-21 20:25:04 - [MESSAGE][PASSED] - Delayed 3 second(s)

2019-10-21 20:25:04 - [TEST_STEP][PASSED] - click(findTestObject("Object Repository/Page_cabi Order Items/span_Add to Cart")): Object: 'Object Repository/Page_cabi Order Items/span_Add to Cart' is clicked on

2019-10-21 20:25:04 - [MESSAGE][PASSED] - Object: 'Object Repository/Page_cabi Order Items/span_Add to Cart' is clicked on

2019-10-21 20:25:04 - [TEST_STEP][PASSED] - delay(5): Delayed 5 second(s)

2019-10-21 20:25:09 - [MESSAGE][PASSED] - Delayed 5 second(s)

2019-10-21 20:25:09 - [TEST_STEP][PASSED] - click(findTestObject("Object Repository/Page_cabi Create Order/inputStyleLookup1")): Object: 'Object Repository/Page_cabi Create Order/inputStyleLookup1' is clicked on

2019-10-21 20:25:09 - [MESSAGE][PASSED] - Object: 'Object Repository/Page_cabi Create Order/inputStyleLookup1' is clicked on

2019-10-21 20:25:09 - [TEST_STEP][PASSED] - setText(findTestObject("Object Repository/Page_cabi Create Order/inputStyleLookup1"), addOnStyle2): Text '3709' is set on object 'Object Repository/Page_cabi Create Order/inputStyleLookup1'

2019-10-21 20:25:09 - [MESSAGE][PASSED] - Text '3709' is set on object 'Object Repository/Page_cabi Create Order/inputStyleLookup1'

2019-10-21 20:25:09 - [TEST_STEP][PASSED] - delay(3): Delayed 3 second(s)

2019-10-21 20:25:12 - [MESSAGE][PASSED] - Delayed 3 second(s)

2019-10-21 20:25:12 - [TEST_STEP][PASSED] - prod_message2 = getText(findTestObject("Page_cabi Create Order/first_option")): Text of object 'Object Repository/Page_cabi Create Order/first_option' is: '3709 Lucky Cardigan'

2019-10-21 20:25:12 - [MESSAGE][PASSED] - Text of object 'Object Repository/Page_cabi Create Order/first_option' is: '3709 Lucky Cardigan'

2019-10-21 20:25:12 - [TEST_STEP][PASSED] - click(findTestObject("Page_cabi Create Order/first_option")): Object: 'Object Repository/Page_cabi Create Order/first_option' is clicked on

2019-10-21 20:25:12 - [MESSAGE][PASSED] - Object: 'Object Repository/Page_cabi Create Order/first_option' is clicked on

2019-10-21 20:25:12 - [TEST_STEP][PASSED] - delay(5): Delayed 5 second(s)

2019-10-21 20:25:17 - [MESSAGE][PASSED] - Delayed 5 second(s)

2019-10-21 20:25:17 - [TEST_STEP][PASSED] - click(findTestObject("Object Repository/Page_cabi Order Items/selectSize2")): Object: 'Object Repository/Page_cabi Order Items/selectSize2' is clicked on

2019-10-21 20:25:18 - [MESSAGE][PASSED] - Object: 'Object Repository/Page_cabi Order Items/selectSize2' is clicked on

2019-10-21 20:25:18 - [TEST_STEP][PASSED] - delay(3): Delayed 3 second(s)

2019-10-21 20:25:21 - [MESSAGE][PASSED] - Delayed 3 second(s)

2019-10-21 20:25:21 - [TEST_STEP][PASSED] - click(findTestObject("Object Repository/Page_cabi Order Items/addToCart2")): Object: 'Object Repository/Page_cabi Order Items/addToCart2' is clicked on

2019-10-21 20:25:21 - [MESSAGE][PASSED] - Object: 'Object Repository/Page_cabi Order Items/addToCart2' is clicked on

2019-10-21 20:25:21 - [TEST_STEP][PASSED] - delay(5): Delayed 5 second(s)

2019-10-21 20:25:26 - [MESSAGE][PASSED] - Delayed 5 second(s)

2019-10-21 20:25:26 - [TEST_STEP][PASSED] - editScenarioNumber = 1: null

2019-10-21 20:25:26 - [TEST_STEP][PASSED] - if (editScenarioNumber == 1): null

2019-10-21 20:25:26 - [TEST_STEP][PASSED] - click(findTestObject("Object Repository/Page_cabi Order Items/a_checkout")): Object: 'Object Repository/Page_cabi Order Items/a_checkout' is clicked on

2019-10-21 20:25:29 - [MESSAGE][PASSED] - Object: 'Object Repository/Page_cabi Order Items/a_checkout' is clicked on

2019-10-21 20:25:29 - [TEST_STEP][PASSED] - delay(3): Delayed 3 second(s)

2019-10-21 20:25:32 - [MESSAGE][PASSED] - Delayed 3 second(s)

2019-10-21 20:25:32 - [TEST_STEP][PASSED] - click(findTestObject("Page_cabi Personal Store/nextButtonShipping")): Object: 'Object Repository/Page_cabi Personal Store/nextButtonShipping' is clicked on

2019-10-21 20:25:32 - [MESSAGE][PASSED] - Object: 'Object Repository/Page_cabi Personal Store/nextButtonShipping' is clicked on

2019-10-21 20:25:32 - [TEST_STEP][PASSED] - delay(3): Delayed 3 second(s)

2019-10-21 20:25:35 - [MESSAGE][PASSED] - Delayed 3 second(s)

2019-10-21 20:25:35 - [TEST_STEP][PASSED] - click(findTestObject("Page_cabi Personal Store/makeFirstPayment")): Object: 'Object Repository/Page_cabi Personal Store/makeFirstPayment' is clicked on

2019-10-21 20:25:35 - [MESSAGE][PASSED] - Object: 'Object Repository/Page_cabi Personal Store/makeFirstPayment' is clicked on

2019-10-21 20:25:35 - [TEST_STEP][PASSED] - click(findTestObject("Object Repository/Page_cabi Personal Store/select_cash")): Object: 'Object Repository/Page_cabi Personal Store/select_cash' is clicked on

2019-10-21 20:25:35 - [MESSAGE][PASSED] - Object: 'Object Repository/Page_cabi Personal Store/select_cash' is clicked on

2019-10-21 20:25:35 - [TEST_STEP][PASSED] - click(findTestObject("Page_cabi Personal Store/submitPayment")): Object: 'Object Repository/Page_cabi Personal Store/submitPayment' is clicked on

2019-10-21 20:25:35 - [MESSAGE][PASSED] - Object: 'Object Repository/Page_cabi Personal Store/submitPayment' is clicked on

2019-10-21 20:25:35 - [TEST_STEP][PASSED] - click(findTestObject("Page_cabi Personal Store/submitOrderId")): Object: 'Object Repository/Page_cabi Personal Store/submitOrderId' is clicked on

2019-10-21 20:25:38 - [MESSAGE][PASSED] - Object: 'Object Repository/Page_cabi Personal Store/submitOrderId' is clicked on

2019-10-21 20:25:38 - [TEST_STEP][PASSED] - successMsg = "": null

2019-10-21 20:25:38 - [TEST_STEP][PASSED] - orderSuccess = false: null

2019-10-21 20:25:38 - [TEST_STEP][PASSED] - successMsgs = findWebElements(findTestObject("Object Repository/Page_cabi Personal Store/p_success_msg"), 5): null

2019-10-21 20:25:38 - [TEST_STEP][PASSED] - if (successMsgs.size() > 0): Text of object 'Object Repository/Page_cabi Personal Store/p_order_id' is: 'RT708383750'

2019-10-21 20:25:38 - [TEST_STEP][PASSED] - successMsg = getText(findTestObject("Object Repository/Page_cabi Personal Store/p_success_msg")): Text of object 'Object Repository/Page_cabi Personal Store/p_success_msg' is: 'Order Created Successfully!!
Order #:  RT708383750

CONTINUE SHOPPING'

2019-10-21 20:25:38 - [MESSAGE][PASSED] - Text of object 'Object Repository/Page_cabi Personal Store/p_success_msg' is: 'Order Created Successfully!!
Order #:  RT708383750

CONTINUE SHOPPING'

2019-10-21 20:25:38 - [TEST_STEP][PASSED] - orderSuccess = true: null

2019-10-21 20:25:38 - [TEST_STEP][PASSED] - retailOrderID = getText(findTestObject("Object Repository/Page_cabi Personal Store/p_order_id")): Text of object 'Object Repository/Page_cabi Personal Store/p_order_id' is: 'RT708383750'

2019-10-21 20:25:38 - [MESSAGE][PASSED] - Text of object 'Object Repository/Page_cabi Personal Store/p_order_id' is: 'RT708383750'

2019-10-21 20:25:39 - [TEST_STEP][PASSED] - sa = new org.testng.asserts.SoftAssert(): null

2019-10-21 20:25:39 - [TEST_STEP][PASSED] - sa.assertTrue(orderSuccess): null

2019-10-21 20:25:39 - [TEST_STEP][NOT_RUN] - closeBrowser(): NOT_RUN: closeBrowser()

2019-10-21 20:25:39 - [MESSAGE][NOT_RUN] - NOT_RUN: closeBrowser()

2019-10-21 20:25:39 - [MESSAGE][PASSED] - Call Test Case 'Test Cases/EditOrder-V/retailOrderBO' successfully

2019-10-21 20:25:39 - [TEST_STEP][PASSED] - println(ship): null

2019-10-21 20:25:39 - [TEST_STEP][PASSED] - shipString = "no": null

2019-10-21 20:25:39 - [TEST_STEP][PASSED] - shipString = ship: null

2019-10-21 20:25:39 - [TEST_STEP][PASSED] - if (shipString.equalsIgnoreCase("y")): null

2019-10-21 20:25:39 - [MESSAGE][PASSED] - Call Test Case 'Test Cases/OrderCreator/retailOrder' successfully

2019-10-21 20:25:39 - [TEST_STEP][PASSED] - callTestCase(findTestCase("Test Cases/OrderCreator/retailOrder"), ["ship":ship], CONTINUE_ON_FAILURE): Call Test Case 'Test Cases/OrderCreator/retailOrder' successfully

2019-10-21 20:25:39 - [TEST_CASE][PASSED] - Test Cases/OrderCreator/retailOrder: Test Cases/OrderCreator/retailOrder

2019-10-21 20:25:39 - [TEST_STEP][PASSED] - callTestCase(findTestCase("EditOrder-V/retailOrderBO"), ["editScenarioNumber":""], STOP_ON_FAILURE): Call Test Case 'Test Cases/EditOrder-V/retailOrderBO' successfully

2019-10-21 20:25:39 - [TEST_CASE][PASSED] - Test Cases/EditOrder-V/retailOrderBO: Test Cases/EditOrder-V/retailOrderBO

2019-10-21 20:25:40 - [TEST_STEP][PASSED] - openBrowser(""): Browser is opened with url: ''

2019-10-21 20:25:40 - [MESSAGE][WARNING] - A browser is already opened. Closing browser and opening a new one

2019-10-21 20:25:41 - [MESSAGE][INFO] - Starting 'Chrome' driver

2019-10-21 20:25:41 - [MESSAGE][INFO] - User set preference: ['args', '[--use-fake-ui-for-media-stream, --start-maximized]']

2019-10-21 20:25:43 - [MESSAGE][PASSED] - Browser is opened with url: ''

2019-10-21 20:25:43 - [TEST_STEP][PASSED] - callTestCase(findTestCase("TestCaseUtilities/backOfficeLogin"), ["BOURL":"", "BOuser":"", "BOpass":""], STOP_ON_FAILURE): Call Test Case 'Test Cases/TestCaseUtilities/backOfficeLogin' successfully

2019-10-21 20:25:43 - [TEST_CASE][PASSED] - Test Cases/TestCaseUtilities/backOfficeLogin: Test Cases/TestCaseUtilities/backOfficeLogin

2019-10-21 20:25:43 - [TEST_STEP][PASSED] - BOURL = findTestData("envtData").getValue("BOURL", 1): null

2019-10-21 20:25:43 - [TEST_STEP][PASSED] - BOuser = findTestData("credData").getValue("BOuser", 1): null

2019-10-21 20:25:43 - [TEST_STEP][PASSED] - BOpass = findTestData("credData").getValue("BOpass", 1): null

2019-10-21 20:25:43 - [TEST_STEP][PASSED] - openBrowser(""): Browser is opened with url: ''

2019-10-21 20:25:43 - [MESSAGE][WARNING] - A browser is already opened. Closing browser and opening a new one

2019-10-21 20:25:44 - [MESSAGE][INFO] - Starting 'Chrome' driver

2019-10-21 20:25:44 - [MESSAGE][INFO] - User set preference: ['args', '[--use-fake-ui-for-media-stream, --start-maximized]']

2019-10-21 20:25:46 - [MESSAGE][PASSED] - Browser is opened with url: ''

2019-10-21 20:25:46 - [TEST_STEP][PASSED] - navigateToUrl(BOURL): Navigate to 'https://test14.cliotest.com/backoffice/control/main' successfully

2019-10-21 20:25:53 - [MESSAGE][PASSED] - Navigate to 'https://test14.cliotest.com/backoffice/control/main' successfully

2019-10-21 20:25:53 - [TEST_STEP][PASSED] - logOut = findWebElements(findTestObject("Object Repository/Page_cabi Home/log_out"), 1): Unable to find the element located by 'By.xpath: //a[contains(text(),'Log Out')]'. Please recheck the objects properties to make sure the desired element is located. 

2019-10-21 20:25:54 - [MESSAGE][INFO] - Unable to find the element located by 'By.xpath: //a[contains(text(),'Log Out')]'. Please recheck the objects properties to make sure the desired element is located. 

2019-10-21 20:25:54 - [TEST_STEP][PASSED] - if (logOut.size() == 0): Object: 'Object Repository/Page_cabi/input_Welcome to_consultantLogin' is clicked on

2019-10-21 20:25:54 - [TEST_STEP][PASSED] - setText(findTestObject("Page_cabi/input_Welcome to_USERNAME"), BOuser): Text '400000002' is set on object 'Object Repository/Page_cabi/input_Welcome to_USERNAME'

2019-10-21 20:25:54 - [MESSAGE][PASSED] - Text '400000002' is set on object 'Object Repository/Page_cabi/input_Welcome to_USERNAME'

2019-10-21 20:25:54 - [TEST_STEP][PASSED] - setText(findTestObject("Object Repository/Page_cabi/input_Welcome to_PASSWORD"), BOpass): Text 'blackdress19' is set on object 'Object Repository/Page_cabi/input_Welcome to_PASSWORD'

2019-10-21 20:25:55 - [MESSAGE][PASSED] - Text 'blackdress19' is set on object 'Object Repository/Page_cabi/input_Welcome to_PASSWORD'

2019-10-21 20:25:55 - [TEST_STEP][PASSED] - click(findTestObject("Object Repository/Page_cabi/input_Welcome to_consultantLogin")): Object: 'Object Repository/Page_cabi/input_Welcome to_consultantLogin' is clicked on

2019-10-21 20:26:04 - [MESSAGE][PASSED] - Object: 'Object Repository/Page_cabi/input_Welcome to_consultantLogin' is clicked on

2019-10-21 20:26:04 - [TEST_STEP][PASSED] - delay(3): Delayed 3 second(s)

2019-10-21 20:26:07 - [MESSAGE][PASSED] - Delayed 3 second(s)

2019-10-21 20:26:07 - [MESSAGE][PASSED] - Call Test Case 'Test Cases/TestCaseUtilities/backOfficeLogin' successfully

2019-10-21 20:26:07 - [TEST_STEP][PASSED] - click(findTestObject("Object Repository/Page_cabi Home/a_Shows  Orders")): Object: 'Object Repository/Page_cabi Home/a_Shows  Orders' is clicked on

2019-10-21 20:26:07 - [MESSAGE][PASSED] - Object: 'Object Repository/Page_cabi Home/a_Shows  Orders' is clicked on

2019-10-21 20:26:07 - [TEST_STEP][PASSED] - delay(1): Delayed 1 second(s)

2019-10-21 20:26:09 - [MESSAGE][PASSED] - Delayed 1 second(s)

2019-10-21 20:26:09 - [TEST_STEP][PASSED] - click(findTestObject("Page_cabi Home/a_Shows  Orders")): Object: 'Object Repository/Page_cabi Home/a_Shows  Orders' is clicked on

2019-10-21 20:26:09 - [MESSAGE][PASSED] - Object: 'Object Repository/Page_cabi Home/a_Shows  Orders' is clicked on

2019-10-21 20:26:09 - [TEST_STEP][PASSED] - click(findTestObject("Page_cabi Home/a_retail_purchases")): Object: 'Object Repository/Page_cabi Home/a_retail_purchases' is clicked on

2019-10-21 20:26:12 - [MESSAGE][PASSED] - Object: 'Object Repository/Page_cabi Home/a_retail_purchases' is clicked on

2019-10-21 20:26:12 - [TEST_STEP][PASSED] - delay(3): Delayed 3 second(s)

2019-10-21 20:26:15 - [MESSAGE][PASSED] - Delayed 3 second(s)

2019-10-21 20:26:15 - [TEST_STEP][PASSED] - click(findTestObject("Object Repository/Page_cabi Home/existingCustomer")): Object: 'Object Repository/Page_cabi Home/existingCustomer' is clicked on

2019-10-21 20:26:15 - [MESSAGE][PASSED] - Object: 'Object Repository/Page_cabi Home/existingCustomer' is clicked on

2019-10-21 20:26:15 - [TEST_STEP][PASSED] - contactNumber = 3: null

2019-10-21 20:26:15 - [TEST_STEP][PASSED] - firstName = findTestData("contactData").getValue("firstName", contactNumber): null

2019-10-21 20:26:15 - [TEST_STEP][PASSED] - lastName = findTestData("contactData").getValue("lastName", contactNumber): null

2019-10-21 20:26:15 - [TEST_STEP][PASSED] - email = findTestData("contactData").getValue("email", contactNumber): null

2019-10-21 20:26:15 - [TEST_STEP][PASSED] - address1 = findTestData("contactData").getValue("address1", contactNumber): null

2019-10-21 20:26:16 - [TEST_STEP][PASSED] - city = findTestData("contactData").getValue("city", contactNumber): null

2019-10-21 20:26:16 - [TEST_STEP][PASSED] - state = findTestData("contactData").getValue("state", contactNumber): null

2019-10-21 20:26:16 - [TEST_STEP][PASSED] - zip = findTestData("contactData").getValue("zip", contactNumber): null

2019-10-21 20:26:16 - [TEST_STEP][PASSED] - existingCustFName = firstName: null

2019-10-21 20:26:16 - [TEST_STEP][PASSED] - existingCustLName = lastName: null

2019-10-21 20:26:16 - [TEST_STEP][PASSED] - space = " ": null

2019-10-21 20:26:16 - [TEST_STEP][PASSED] - existingCust = $existingCustFName$space$existingCustLName: null

2019-10-21 20:26:16 - [TEST_STEP][PASSED] - setText(findTestObject("Object Repository/Page_cabi Home/input_existing_guest"), existingCust): Text 'guest1-test abc' is set on object 'Object Repository/Page_cabi Home/input_existing_guest'

2019-10-21 20:26:16 - [MESSAGE][PASSED] - Text 'guest1-test abc' is set on object 'Object Repository/Page_cabi Home/input_existing_guest'

2019-10-21 20:26:16 - [TEST_STEP][PASSED] - delay(2): Delayed 2 second(s)

2019-10-21 20:26:18 - [MESSAGE][PASSED] - Delayed 2 second(s)

2019-10-21 20:26:18 - [TEST_STEP][PASSED] - sendKeys(findTestObject("Object Repository/Page_cabi Home/input_existing_guest"), Keys.chord(ARROW_DOWN)): Keys 'DOWN + ' sent to object: 'Object Repository/Page_cabi Home/input_existing_guest'

2019-10-21 20:26:18 - [MESSAGE][PASSED] - Keys 'DOWN + ' sent to object: 'Object Repository/Page_cabi Home/input_existing_guest'

2019-10-21 20:26:18 - [TEST_STEP][PASSED] - sendKeys(findTestObject("Object Repository/Page_cabi Home/input_existing_guest"), Keys.chord(ENTER)): Keys 'ENTER + ' sent to object: 'Object Repository/Page_cabi Home/input_existing_guest'

2019-10-21 20:26:19 - [MESSAGE][PASSED] - Keys 'ENTER + ' sent to object: 'Object Repository/Page_cabi Home/input_existing_guest'

2019-10-21 20:26:19 - [TEST_STEP][PASSED] - setText(findTestObject("Object Repository/Page_cabi Retail Store/input_email"), email): Text 'guest1-test@test.com' is set on object 'Object Repository/Page_cabi Retail Store/input_email'

2019-10-21 20:26:19 - [MESSAGE][PASSED] - Text 'guest1-test@test.com' is set on object 'Object Repository/Page_cabi Retail Store/input_email'

2019-10-21 20:26:19 - [TEST_STEP][PASSED] - setText(findTestObject("Object Repository/Page_cabi Edit Customer Profile/input_Address1_address1"), address1): Text '975 BRAHMS CT' is set on object 'Object Repository/Page_cabi Edit Customer Profile/input_Address1_address1'

2019-10-21 20:26:20 - [MESSAGE][PASSED] - Text '975 BRAHMS CT' is set on object 'Object Repository/Page_cabi Edit Customer Profile/input_Address1_address1'

2019-10-21 20:26:20 - [TEST_STEP][PASSED] - setText(findTestObject("Object Repository/Page_cabi Edit Customer Profile/input_Address2_address2"), ""): Text '' is set on object 'Object Repository/Page_cabi Edit Customer Profile/input_Address2_address2'

2019-10-21 20:26:20 - [MESSAGE][PASSED] - Text '' is set on object 'Object Repository/Page_cabi Edit Customer Profile/input_Address2_address2'

2019-10-21 20:26:20 - [TEST_STEP][PASSED] - setText(findTestObject("Object Repository/Page_cabi Edit Customer Profile/input_City_city"), city): Text 'TROY' is set on object 'Object Repository/Page_cabi Edit Customer Profile/input_City_city'

2019-10-21 20:26:20 - [MESSAGE][PASSED] - Text 'TROY' is set on object 'Object Repository/Page_cabi Edit Customer Profile/input_City_city'

2019-10-21 20:26:20 - [TEST_STEP][PASSED] - click(findTestObject("Page_cabi Edit Customer Profile/span_select_a_state")): Object: 'Object Repository/Page_cabi Edit Customer Profile/span_select_a_state' is clicked on

2019-10-21 20:26:20 - [MESSAGE][PASSED] - Object: 'Object Repository/Page_cabi Edit Customer Profile/span_select_a_state' is clicked on

2019-10-21 20:26:20 - [TEST_STEP][PASSED] - delay(1): Delayed 1 second(s)

2019-10-21 20:26:21 - [MESSAGE][PASSED] - Delayed 1 second(s)

2019-10-21 20:26:21 - [TEST_STEP][PASSED] - setText(findTestObject("Page_cabi Edit Customer Profile/input_state_postalCode"), zip): Text '48085' is set on object 'Object Repository/Page_cabi Edit Customer Profile/input_state_postalCode'

2019-10-21 20:26:22 - [MESSAGE][PASSED] - Text '48085' is set on object 'Object Repository/Page_cabi Edit Customer Profile/input_state_postalCode'

2019-10-21 20:26:22 - [TEST_STEP][PASSED] - delay(5): Delayed 5 second(s)

2019-10-21 20:26:27 - [MESSAGE][PASSED] - Delayed 5 second(s)

2019-10-21 20:26:27 - [TEST_STEP][PASSED] - check(findTestObject("Object Repository/Page_cabi Home/a_same_shipping_address")): Object 'Object Repository/Page_cabi Home/a_same_shipping_address' is checked

2019-10-21 20:26:27 - [MESSAGE][PASSED] - Object 'Object Repository/Page_cabi Home/a_same_shipping_address' is checked

2019-10-21 20:26:27 - [TEST_STEP][PASSED] - delay(5): Delayed 5 second(s)

2019-10-21 20:26:32 - [MESSAGE][PASSED] - Delayed 5 second(s)

2019-10-21 20:26:32 - [TEST_STEP][PASSED] - check(findTestObject("Object Repository/Page_cabi Home/a_same_shipping_address")): Object 'Object Repository/Page_cabi Home/a_same_shipping_address' is checked

2019-10-21 20:26:32 - [MESSAGE][PASSED] - Object 'Object Repository/Page_cabi Home/a_same_shipping_address' is checked

2019-10-21 20:26:32 - [TEST_STEP][PASSED] - delay(5): Delayed 5 second(s)

2019-10-21 20:26:37 - [MESSAGE][PASSED] - Delayed 5 second(s)

2019-10-21 20:26:37 - [TEST_STEP][PASSED] - driver = getWebDriver(): null

2019-10-21 20:26:37 - [TEST_STEP][PASSED] - executor = driver: null

2019-10-21 20:26:37 - [TEST_STEP][PASSED] - nextButton = driver.findElement(By.xpath("//li/a/span[@id='returnToActionLabel']")): null

2019-10-21 20:26:37 - [TEST_STEP][PASSED] - executor.executeScript("arguments[0].click();", nextButton): null

2019-10-21 20:26:37 - [TEST_STEP][PASSED] - delay(3): Delayed 3 second(s)

2019-10-21 20:26:40 - [MESSAGE][PASSED] - Delayed 3 second(s)

2019-10-21 20:26:40 - [TEST_STEP][PASSED] - click(findTestObject("Object Repository/Page_cabi Retail Store/span_quick_entry")): Object: 'Object Repository/Page_cabi Retail Store/span_quick_entry' is clicked on

2019-10-21 20:26:44 - [MESSAGE][PASSED] - Object: 'Object Repository/Page_cabi Retail Store/span_quick_entry' is clicked on

2019-10-21 20:26:44 - [TEST_STEP][PASSED] - delay(3): Delayed 3 second(s)

2019-10-21 20:26:47 - [MESSAGE][PASSED] - Delayed 3 second(s)

2019-10-21 20:26:47 - [TEST_STEP][PASSED] - emptyCart = findWebElements(findTestObject("Object Repository/Page_cabi Personal Store/removeFromCart"), 5): Unable to find the element located by 'By.xpath: //*[@id="removeFromCart_0"]/span'. Please recheck the objects properties to make sure the desired element is located. 

2019-10-21 20:26:53 - [MESSAGE][INFO] - Unable to find the element located by 'By.xpath: //*[@id="removeFromCart_0"]/span'. Please recheck the objects properties to make sure the desired element is located. 

2019-10-21 20:26:53 - [TEST_STEP][PASSED] - if (emptyCart.size() > 0): null

2019-10-21 20:26:53 - [TEST_STEP][PASSED] - addOnStyle = "2158": null

2019-10-21 20:26:53 - [TEST_STEP][PASSED] - addOnStyle2 = "3709": null

2019-10-21 20:26:53 - [TEST_STEP][PASSED] - setText(findTestObject("Object Repository/Page_cabi Create Order/input_Manual Discount_stylelookup_0"), addOnStyle): Text '2158' is set on object 'Object Repository/Page_cabi Create Order/input_Manual Discount_stylelookup_0'

2019-10-21 20:26:53 - [MESSAGE][PASSED] - Text '2158' is set on object 'Object Repository/Page_cabi Create Order/input_Manual Discount_stylelookup_0'

2019-10-21 20:26:53 - [TEST_STEP][PASSED] - delay(2): Delayed 2 second(s)

2019-10-21 20:26:55 - [MESSAGE][PASSED] - Delayed 2 second(s)

2019-10-21 20:26:55 - [TEST_STEP][PASSED] - sendKeys(findTestObject("Object Repository/Page_cabi Create Order/input_Manual Discount_stylelookup_0"), Keys.chord(ARROW_DOWN)): Keys 'DOWN + ' sent to object: 'Object Repository/Page_cabi Create Order/input_Manual Discount_stylelookup_0'

2019-10-21 20:26:55 - [MESSAGE][PASSED] - Keys 'DOWN + ' sent to object: 'Object Repository/Page_cabi Create Order/input_Manual Discount_stylelookup_0'

2019-10-21 20:26:55 - [TEST_STEP][PASSED] - delay(2): Delayed 2 second(s)

2019-10-21 20:26:57 - [MESSAGE][PASSED] - Delayed 2 second(s)

2019-10-21 20:26:57 - [TEST_STEP][PASSED] - sendKeys(findTestObject("Object Repository/Page_cabi Create Order/input_Manual Discount_stylelookup_0"), Keys.chord(ARROW_DOWN)): Keys 'DOWN + ' sent to object: 'Object Repository/Page_cabi Create Order/input_Manual Discount_stylelookup_0'

2019-10-21 20:26:57 - [MESSAGE][PASSED] - Keys 'DOWN + ' sent to object: 'Object Repository/Page_cabi Create Order/input_Manual Discount_stylelookup_0'

2019-10-21 20:26:57 - [TEST_STEP][PASSED] - sendKeys(findTestObject("Object Repository/Page_cabi Create Order/input_Manual Discount_stylelookup_0"), Keys.chord(ENTER)): Keys 'ENTER + ' sent to object: 'Object Repository/Page_cabi Create Order/input_Manual Discount_stylelookup_0'

2019-10-21 20:26:57 - [MESSAGE][PASSED] - Keys 'ENTER + ' sent to object: 'Object Repository/Page_cabi Create Order/input_Manual Discount_stylelookup_0'

2019-10-21 20:26:57 - [TEST_STEP][PASSED] - delay(5): Delayed 5 second(s)

2019-10-21 20:27:02 - [MESSAGE][PASSED] - Delayed 5 second(s)

2019-10-21 20:27:02 - [TEST_STEP][PASSED] - click(findTestObject("Object Repository/Page_cabi Order Items/selectSize")): Object: 'Object Repository/Page_cabi Order Items/selectSize' is clicked on

2019-10-21 20:27:02 - [MESSAGE][PASSED] - Object: 'Object Repository/Page_cabi Order Items/selectSize' is clicked on

2019-10-21 20:27:02 - [TEST_STEP][PASSED] - delay(3): Delayed 3 second(s)

2019-10-21 20:27:05 - [MESSAGE][PASSED] - Delayed 3 second(s)

2019-10-21 20:27:05 - [TEST_STEP][PASSED] - click(findTestObject("Object Repository/Page_cabi Order Items/span_Add to Cart")): Object: 'Object Repository/Page_cabi Order Items/span_Add to Cart' is clicked on

2019-10-21 20:27:05 - [MESSAGE][PASSED] - Object: 'Object Repository/Page_cabi Order Items/span_Add to Cart' is clicked on

2019-10-21 20:27:05 - [TEST_STEP][PASSED] - delay(5): Delayed 5 second(s)

2019-10-21 20:27:10 - [MESSAGE][PASSED] - Delayed 5 second(s)

2019-10-21 20:27:10 - [TEST_STEP][PASSED] - click(findTestObject("Object Repository/Page_cabi Create Order/inputStyleLookup1")): Object: 'Object Repository/Page_cabi Create Order/inputStyleLookup1' is clicked on

2019-10-21 20:27:10 - [MESSAGE][PASSED] - Object: 'Object Repository/Page_cabi Create Order/inputStyleLookup1' is clicked on

2019-10-21 20:27:10 - [TEST_STEP][PASSED] - setText(findTestObject("Object Repository/Page_cabi Create Order/inputStyleLookup1"), addOnStyle2): Text '3709' is set on object 'Object Repository/Page_cabi Create Order/inputStyleLookup1'

2019-10-21 20:27:11 - [MESSAGE][PASSED] - Text '3709' is set on object 'Object Repository/Page_cabi Create Order/inputStyleLookup1'

2019-10-21 20:27:11 - [TEST_STEP][PASSED] - delay(3): Delayed 3 second(s)

2019-10-21 20:27:14 - [MESSAGE][PASSED] - Delayed 3 second(s)

2019-10-21 20:27:14 - [TEST_STEP][PASSED] - prod_message2 = getText(findTestObject("Page_cabi Create Order/first_option")): Text of object 'Object Repository/Page_cabi Create Order/first_option' is: '3709 Lucky Cardigan'

2019-10-21 20:27:14 - [MESSAGE][PASSED] - Text of object 'Object Repository/Page_cabi Create Order/first_option' is: '3709 Lucky Cardigan'

2019-10-21 20:27:14 - [TEST_STEP][PASSED] - click(findTestObject("Page_cabi Create Order/first_option")): Object: 'Object Repository/Page_cabi Create Order/first_option' is clicked on

2019-10-21 20:27:14 - [MESSAGE][PASSED] - Object: 'Object Repository/Page_cabi Create Order/first_option' is clicked on

2019-10-21 20:27:14 - [TEST_STEP][PASSED] - delay(5): Delayed 5 second(s)

2019-10-21 20:27:19 - [MESSAGE][PASSED] - Delayed 5 second(s)

2019-10-21 20:27:19 - [TEST_STEP][PASSED] - click(findTestObject("Object Repository/Page_cabi Order Items/selectSize2")): Object: 'Object Repository/Page_cabi Order Items/selectSize2' is clicked on

2019-10-21 20:27:19 - [MESSAGE][PASSED] - Object: 'Object Repository/Page_cabi Order Items/selectSize2' is clicked on

2019-10-21 20:27:19 - [TEST_STEP][PASSED] - delay(3): Delayed 3 second(s)

2019-10-21 20:27:22 - [MESSAGE][PASSED] - Delayed 3 second(s)

2019-10-21 20:27:22 - [TEST_STEP][PASSED] - click(findTestObject("Object Repository/Page_cabi Order Items/addToCart2")): Object: 'Object Repository/Page_cabi Order Items/addToCart2' is clicked on

2019-10-21 20:27:22 - [MESSAGE][PASSED] - Object: 'Object Repository/Page_cabi Order Items/addToCart2' is clicked on

2019-10-21 20:27:22 - [TEST_STEP][PASSED] - delay(5): Delayed 5 second(s)

2019-10-21 20:27:27 - [MESSAGE][PASSED] - Delayed 5 second(s)

2019-10-21 20:27:27 - [TEST_STEP][PASSED] - editScenarioNumber = 1: null

2019-10-21 20:27:27 - [TEST_STEP][PASSED] - if (editScenarioNumber == 1): null

2019-10-21 20:27:27 - [TEST_STEP][PASSED] - click(findTestObject("Object Repository/Page_cabi Order Items/a_checkout")): Object: 'Object Repository/Page_cabi Order Items/a_checkout' is clicked on

2019-10-21 20:27:29 - [MESSAGE][PASSED] - Object: 'Object Repository/Page_cabi Order Items/a_checkout' is clicked on

2019-10-21 20:27:29 - [TEST_STEP][PASSED] - delay(3): Delayed 3 second(s)

2019-10-21 20:27:32 - [MESSAGE][PASSED] - Delayed 3 second(s)

2019-10-21 20:27:32 - [TEST_STEP][PASSED] - click(findTestObject("Page_cabi Personal Store/nextButtonShipping")): Object: 'Object Repository/Page_cabi Personal Store/nextButtonShipping' is clicked on

2019-10-21 20:27:32 - [MESSAGE][PASSED] - Object: 'Object Repository/Page_cabi Personal Store/nextButtonShipping' is clicked on

2019-10-21 20:27:32 - [TEST_STEP][PASSED] - delay(3): Delayed 3 second(s)

2019-10-21 20:27:35 - [MESSAGE][PASSED] - Delayed 3 second(s)

2019-10-21 20:27:35 - [TEST_STEP][PASSED] - click(findTestObject("Page_cabi Personal Store/makeFirstPayment")): Object: 'Object Repository/Page_cabi Personal Store/makeFirstPayment' is clicked on

2019-10-21 20:27:35 - [MESSAGE][PASSED] - Object: 'Object Repository/Page_cabi Personal Store/makeFirstPayment' is clicked on

2019-10-21 20:27:35 - [TEST_STEP][PASSED] - click(findTestObject("Object Repository/Page_cabi Personal Store/select_cash")): Object: 'Object Repository/Page_cabi Personal Store/select_cash' is clicked on

2019-10-21 20:27:35 - [MESSAGE][PASSED] - Object: 'Object Repository/Page_cabi Personal Store/select_cash' is clicked on

2019-10-21 20:27:35 - [TEST_STEP][PASSED] - click(findTestObject("Page_cabi Personal Store/submitPayment")): Object: 'Object Repository/Page_cabi Personal Store/submitPayment' is clicked on

2019-10-21 20:27:36 - [MESSAGE][PASSED] - Object: 'Object Repository/Page_cabi Personal Store/submitPayment' is clicked on

2019-10-21 20:27:36 - [TEST_STEP][PASSED] - click(findTestObject("Page_cabi Personal Store/submitOrderId")): Object: 'Object Repository/Page_cabi Personal Store/submitOrderId' is clicked on

2019-10-21 20:27:38 - [MESSAGE][PASSED] - Object: 'Object Repository/Page_cabi Personal Store/submitOrderId' is clicked on

2019-10-21 20:27:38 - [TEST_STEP][PASSED] - successMsg = "": null

2019-10-21 20:27:38 - [TEST_STEP][PASSED] - orderSuccess = false: null

2019-10-21 20:27:38 - [TEST_STEP][PASSED] - successMsgs = findWebElements(findTestObject("Object Repository/Page_cabi Personal Store/p_success_msg"), 5): null

2019-10-21 20:27:38 - [TEST_STEP][PASSED] - if (successMsgs.size() > 0): Text of object 'Object Repository/Page_cabi Personal Store/p_order_id' is: 'RT708383752'

2019-10-21 20:27:38 - [TEST_STEP][PASSED] - successMsg = getText(findTestObject("Object Repository/Page_cabi Personal Store/p_success_msg")): Text of object 'Object Repository/Page_cabi Personal Store/p_success_msg' is: 'Order Created Successfully!!
Order #:  RT708383752

CONTINUE SHOPPING'

2019-10-21 20:27:38 - [MESSAGE][PASSED] - Text of object 'Object Repository/Page_cabi Personal Store/p_success_msg' is: 'Order Created Successfully!!
Order #:  RT708383752

CONTINUE SHOPPING'

2019-10-21 20:27:38 - [TEST_STEP][PASSED] - orderSuccess = true: null

2019-10-21 20:27:38 - [TEST_STEP][PASSED] - retailOrderID = getText(findTestObject("Object Repository/Page_cabi Personal Store/p_order_id")): Text of object 'Object Repository/Page_cabi Personal Store/p_order_id' is: 'RT708383752'

2019-10-21 20:27:39 - [MESSAGE][PASSED] - Text of object 'Object Repository/Page_cabi Personal Store/p_order_id' is: 'RT708383752'

2019-10-21 20:27:39 - [TEST_STEP][PASSED] - sa = new org.testng.asserts.SoftAssert(): null

2019-10-21 20:27:39 - [TEST_STEP][PASSED] - sa.assertTrue(orderSuccess): null

2019-10-21 20:27:39 - [TEST_STEP][NOT_RUN] - closeBrowser(): NOT_RUN: closeBrowser()

2019-10-21 20:27:39 - [MESSAGE][NOT_RUN] - NOT_RUN: closeBrowser()

2019-10-21 20:27:39 - [MESSAGE][PASSED] - Call Test Case 'Test Cases/EditOrder-V/retailOrderBO' successfully

2019-10-21 20:27:39 - [TEST_STEP][PASSED] - println(ship): null

2019-10-21 20:27:39 - [TEST_STEP][PASSED] - shipString = "no": null

2019-10-21 20:27:39 - [TEST_STEP][PASSED] - shipString = ship: null

2019-10-21 20:27:39 - [TEST_STEP][PASSED] - if (shipString.equalsIgnoreCase("y")): null

2019-10-21 20:27:39 - [MESSAGE][PASSED] - Call Test Case 'Test Cases/OrderCreator/retailOrder' successfully]]></system-out>
         <system-err><![CDATA[]]></system-err>
      </testcase>
      <system-out><![CDATA[2019-10-21 20:23:02 - [TEST_SUITE][PASSED] - OrderCreatorSuiteRetail: Test Cases/OrderCreator/massOrderCreationRetail]]></system-out>
      <system-err><![CDATA[]]></system-err>
   </testsuite>
</testsuites>
