<?xml version="1.0" encoding="UTF-8"?>
<testsuites name="DashboardSuite" time="258" tests="0" failures="1" errors="1">
   <testsuite name="DashboardSuite" tests="0" failures="1" errors="1" time="258" timestamp="2019-10-09 20:53:08" hostname="user - 10.0.102.86" id="Test Suites/VirtualShowSuites/DashboardSuite">
      <properties>
         <property name="deviceName" value=""/>
         <property name="devicePlatform" value=""/>
         <property name="logFolder" value="C:\\Users\\user\\Documents\\testautomation\\KatalonProjects\\Reports\\VirtualShowSuites\\DashboardSuite\\20191009_205303"/>
         <property name="logFiles" value="C:\\Users\\user\\Documents\\testautomation\\KatalonProjects\\Reports\\VirtualShowSuites\\DashboardSuite\\20191009_205303\\execution0.log"/>
         <property name="attachments" value="C:\\Users\\user\\Documents\\testautomation\\KatalonProjects\\Reports\\VirtualShowSuites\\DashboardSuite\\20191009_205303\\1570634845432.png"/>
         <property name="hostName" value="user - 10.0.102.86"/>
         <property name="os" value="Windows 8.1 64bit"/>
         <property name="katalonVersion" value="6.1.1.1"/>
         <property name="browser" value="Chrome 77.0.3865.90"/>
         <property name="hostAddress" value="10.0.102.86"/>
         <property name="sessionId" value="3f231616e384d3744d44db7926dceef9"/>
         <property name="seleniumVersion" value="3.7.1"/>
         <property name="proxyInformation" value="ProxyInformation{proxyOption=NO_PROXY, proxyServerType=HTTP, password=, proxyServerAddress=, proxyServerPort=0}"/>
         <property name="platform" value="Windows 8.1"/>
      </properties>
      <testcase name="Test Cases/VirtualShow/VS_Automation" classname="Test Cases/VirtualShow/VS_Automation" status="ERROR">
         <error type="ERROR" message="Test Cases/VirtualShow/VS_Automation FAILED.
Reason:
java.lang.IndexOutOfBoundsException: Index: 0
	at java_util_List$get$2.call(Unknown Source)
	at commonUtility.VSGuest.createActualGuestList(VSGuest.groovy:78)
	at commonUtility.VSGuest$createActualGuestList$0.call(Unknown Source)
	at commonUtility.VSGuest.validateGuests(VSGuest.groovy:123)
	at commonUtility.VSGuest$validateGuests.call(Unknown Source)
	at commonUtility.UtilityMethods.validateGuestsListDashboard(UtilityMethods.groovy:215)
	at commonUtility.UtilityMethods$validateGuestsListDashboard$1.call(Unknown Source)
	at VS_Automation.run(VS_Automation:159)
	at com.kms.katalon.core.main.ScriptEngine.run(ScriptEngine.java:194)
	at com.kms.katalon.core.main.ScriptEngine.runScriptAsRawText(ScriptEngine.java:119)
	at com.kms.katalon.core.main.TestCaseExecutor.runScript(TestCaseExecutor.java:342)
	at com.kms.katalon.core.main.TestCaseExecutor.doExecute(TestCaseExecutor.java:333)
	at com.kms.katalon.core.main.TestCaseExecutor.processExecutionPhase(TestCaseExecutor.java:312)
	at com.kms.katalon.core.main.TestCaseExecutor.accessMainPhase(TestCaseExecutor.java:304)
	at com.kms.katalon.core.main.TestCaseExecutor.execute(TestCaseExecutor.java:238)
	at com.kms.katalon.core.main.TestSuiteExecutor.accessTestCaseMainPhase(TestSuiteExecutor.java:129)
	at com.kms.katalon.core.main.TestSuiteExecutor.accessTestSuiteMainPhase(TestSuiteExecutor.java:112)
	at com.kms.katalon.core.main.TestSuiteExecutor.execute(TestSuiteExecutor.java:81)
	at com.kms.katalon.core.main.TestCaseMain.startTestSuite(TestCaseMain.java:157)
	at com.kms.katalon.core.main.TestCaseMain$startTestSuite$0.call(Unknown Source)
	at TempTestSuite1570634584079.run(TempTestSuite1570634584079.groovy:35)
"/>
         <system-out><![CDATA[2019-10-09 20:53:09 - [TEST_CASE][ERROR] - Test Cases/VirtualShow/VS_Automation: Test Cases/VirtualShow/VS_Automation FAILED.
Reason:
java.lang.IndexOutOfBoundsException: Index: 0
	at java_util_List$get$2.call(Unknown Source)
	at commonUtility.VSGuest.createActualGuestList(VSGuest.groovy:78)
	at commonUtility.VSGuest$createActualGuestList$0.call(Unknown Source)
	at commonUtility.VSGuest.validateGuests(VSGuest.groovy:123)
	at commonUtility.VSGuest$validateGuests.call(Unknown Source)
	at commonUtility.UtilityMethods.validateGuestsListDashboard(UtilityMethods.groovy:215)
	at commonUtility.UtilityMethods$validateGuestsListDashboard$1.call(Unknown Source)
	at VS_Automation.run(VS_Automation:159)
	at com.kms.katalon.core.main.ScriptEngine.run(ScriptEngine.java:194)
	at com.kms.katalon.core.main.ScriptEngine.runScriptAsRawText(ScriptEngine.java:119)
	at com.kms.katalon.core.main.TestCaseExecutor.runScript(TestCaseExecutor.java:342)
	at com.kms.katalon.core.main.TestCaseExecutor.doExecute(TestCaseExecutor.java:333)
	at com.kms.katalon.core.main.TestCaseExecutor.processExecutionPhase(TestCaseExecutor.java:312)
	at com.kms.katalon.core.main.TestCaseExecutor.accessMainPhase(TestCaseExecutor.java:304)
	at com.kms.katalon.core.main.TestCaseExecutor.execute(TestCaseExecutor.java:238)
	at com.kms.katalon.core.main.TestSuiteExecutor.accessTestCaseMainPhase(TestSuiteExecutor.java:129)
	at com.kms.katalon.core.main.TestSuiteExecutor.accessTestSuiteMainPhase(TestSuiteExecutor.java:112)
	at com.kms.katalon.core.main.TestSuiteExecutor.execute(TestSuiteExecutor.java:81)
	at com.kms.katalon.core.main.TestCaseMain.startTestSuite(TestCaseMain.java:157)
	at com.kms.katalon.core.main.TestCaseMain$startTestSuite$0.call(Unknown Source)
	at TempTestSuite1570634584079.run(TempTestSuite1570634584079.groovy:35)


2019-10-09 20:53:09 - [TEST_STEP][PASSED] - Start listener action : sampleBeforeTestCase: null

2019-10-09 20:53:09 - [TEST_STEP][PASSED] - println(testCaseContext.getTestCaseId()): null

2019-10-09 20:53:09 - [TEST_STEP][PASSED] - println(testCaseContext.getTestCaseVariables()): null

2019-10-09 20:53:10 - [TEST_STEP][PASSED] - dataFile = "micrositeData": null

2019-10-09 20:53:10 - [TEST_STEP][PASSED] - guest1Mail = findTestData(dataFile).getValue("guest1Mail", 1): null

2019-10-09 20:53:11 - [TEST_STEP][PASSED] - guest1Pass = findTestData(dataFile).getValue("guest1Pass", 1): null

2019-10-09 20:53:11 - [TEST_STEP][PASSED] - dataFile = "virtualShowData": null

2019-10-09 20:53:11 - [TEST_STEP][PASSED] - hostess = findTestData(dataFile).getValue("hostess", 1): null

2019-10-09 20:53:11 - [TEST_STEP][PASSED] - cohostess = findTestData(dataFile).getValue("cohostess", 1): null

2019-10-09 20:53:11 - [TEST_STEP][PASSED] - guest1 = findTestData(dataFile).getValue("guest1", 1): null

2019-10-09 20:53:12 - [TEST_STEP][PASSED] - guest2 = findTestData(dataFile).getValue("guest2", 1): null

2019-10-09 20:53:12 - [TEST_STEP][PASSED] - RSTestEnvt = findTestData("envtData").getValue("RSTestEnvt", 1): null

2019-10-09 20:53:12 - [TEST_STEP][PASSED] - BOURL = findTestData("envtData").getValue("BOURL", 1): null

2019-10-09 20:53:12 - [TEST_STEP][PASSED] - actualGuestList = new java.util.ArrayList(): null

2019-10-09 20:53:12 - [TEST_STEP][PASSED] - yesList = new java.util.ArrayList(): null

2019-10-09 20:53:12 - [TEST_STEP][PASSED] - noList = new java.util.ArrayList(): null

2019-10-09 20:53:12 - [TEST_STEP][PASSED] - maybeList = new java.util.ArrayList(): null

2019-10-09 20:53:12 - [TEST_STEP][PASSED] - noreplyList = new java.util.ArrayList(): null

2019-10-09 20:53:12 - [TEST_STEP][PASSED] - presentList = new java.util.ArrayList(): null

2019-10-09 20:53:12 - [TEST_STEP][PASSED] - allList = new java.util.ArrayList(): null

2019-10-09 20:53:12 - [TEST_STEP][PASSED] - vsyear = findTestData("virtualShowData").getValue("vsyear", 1): null

2019-10-09 20:53:12 - [TEST_STEP][PASSED] - vsmonth = findTestData("virtualShowData").getValue("vsmonth", 1): null

2019-10-09 20:53:12 - [TEST_STEP][PASSED] - vsday = findTestData("virtualShowData").getValue("vsday", 1): null

2019-10-09 20:53:12 - [TEST_STEP][PASSED] - callTestCase(findTestCase("VirtualShow/createShow"), ["testEnvt":"", "username":"", "password":"", "stylist":"", "hostess":"", "cohostess":"", "guest1":"", "guest2":"", "verifyHostess":"", ... ], CONTINUE_ON_FAILURE): Call Test Case 'Test Cases/VirtualShow/createShow' successfully

2019-10-09 20:53:12 - [TEST_CASE][PASSED] - Test Cases/VirtualShow/createShow: Test Cases/VirtualShow/createShow

2019-10-09 20:53:13 - [TEST_STEP][PASSED] - dataFile = "virtualShowData": null

2019-10-09 20:53:13 - [TEST_STEP][PASSED] - stylist = findTestData(dataFile).getValue("stylist", 1): null

2019-10-09 20:53:13 - [TEST_STEP][PASSED] - hostess = findTestData(dataFile).getValue("hostess", 1): null

2019-10-09 20:53:13 - [TEST_STEP][PASSED] - cohostess = findTestData(dataFile).getValue("cohostess", 1): null

2019-10-09 20:53:13 - [TEST_STEP][PASSED] - guest1 = findTestData(dataFile).getValue("guest1", 1): null

2019-10-09 20:53:13 - [TEST_STEP][PASSED] - guest2 = findTestData(dataFile).getValue("guest2", 1): null

2019-10-09 20:53:13 - [TEST_STEP][PASSED] - verifyGuestCount = findTestData(dataFile).getValue("verifyGuestCount", 1): null

2019-10-09 20:53:13 - [TEST_STEP][PASSED] - RSTestEnvt = findTestData("envtData").getValue("RSTestEnvt", 1): null

2019-10-09 20:53:13 - [TEST_STEP][PASSED] - openBrowser(""): Browser is opened with url: ''

2019-10-09 20:53:13 - [MESSAGE][INFO] - Starting 'Chrome' driver

2019-10-09 20:53:13 - [MESSAGE][INFO] - User set preference: ['args', '[--use-fake-ui-for-media-stream, --start-maximized]']

2019-10-09 20:53:13 - [MESSAGE][INFO] - Action delay is set to 0 seconds

2019-10-09 20:53:16 - [MESSAGE][PASSED] - Browser is opened with url: ''

2019-10-09 20:53:16 - [TEST_STEP][PASSED] - maximizeWindow(): Current window maximized

2019-10-09 20:53:17 - [MESSAGE][PASSED] - Current window maximized

2019-10-09 20:53:17 - [TEST_STEP][PASSED] - callTestCase(findTestCase("TestCaseUtilities/backOfficeLogin"), ["BOURL":"", "BOuser":"", "BOpass":""], CONTINUE_ON_FAILURE): Call Test Case 'Test Cases/TestCaseUtilities/backOfficeLogin' successfully

2019-10-09 20:53:17 - [TEST_CASE][PASSED] - Test Cases/TestCaseUtilities/backOfficeLogin: Test Cases/TestCaseUtilities/backOfficeLogin

2019-10-09 20:53:18 - [TEST_STEP][PASSED] - BOURL = findTestData("envtData").getValue("BOURL", 1): null

2019-10-09 20:53:18 - [TEST_STEP][PASSED] - BOuser = findTestData("credData").getValue("BOuser", 1): null

2019-10-09 20:53:18 - [TEST_STEP][PASSED] - BOpass = findTestData("credData").getValue("BOpass", 1): null

2019-10-09 20:53:18 - [TEST_STEP][PASSED] - openBrowser(""): Browser is opened with url: ''

2019-10-09 20:53:18 - [MESSAGE][WARNING] - A browser is already opened. Closing browser and opening a new one

2019-10-09 20:53:18 - [MESSAGE][INFO] - Starting 'Chrome' driver

2019-10-09 20:53:18 - [MESSAGE][INFO] - User set preference: ['args', '[--use-fake-ui-for-media-stream, --start-maximized]']

2019-10-09 20:53:21 - [MESSAGE][PASSED] - Browser is opened with url: ''

2019-10-09 20:53:21 - [TEST_STEP][PASSED] - navigateToUrl(BOURL): Navigate to 'https://test18.cliotest.com/backoffice/control/main' successfully

2019-10-09 20:53:28 - [MESSAGE][PASSED] - Navigate to 'https://test18.cliotest.com/backoffice/control/main' successfully

2019-10-09 20:53:28 - [TEST_STEP][PASSED] - logOut = findWebElements(findTestObject("Object Repository/Page_cabi Home/log_out"), 1): Unable to find the element located by 'By.xpath: //a[contains(text(),'Log Out')]'. Please recheck the objects properties to make sure the desired element is located. 

2019-10-09 20:53:29 - [MESSAGE][INFO] - Unable to find the element located by 'By.xpath: //a[contains(text(),'Log Out')]'. Please recheck the objects properties to make sure the desired element is located. 

2019-10-09 20:53:29 - [TEST_STEP][PASSED] - if (logOut.size() == 0): Object: 'Object Repository/Page_cabi/input_Welcome to_consultantLogin' is clicked on

2019-10-09 20:53:29 - [TEST_STEP][PASSED] - setText(findTestObject("Page_cabi/input_Welcome to_USERNAME"), BOuser): Text '400000002' is set on object 'Object Repository/Page_cabi/input_Welcome to_USERNAME'

2019-10-09 20:53:29 - [MESSAGE][PASSED] - Text '400000002' is set on object 'Object Repository/Page_cabi/input_Welcome to_USERNAME'

2019-10-09 20:53:29 - [TEST_STEP][PASSED] - setText(findTestObject("Object Repository/Page_cabi/input_Welcome to_PASSWORD"), BOpass): Text 'blackdress19' is set on object 'Object Repository/Page_cabi/input_Welcome to_PASSWORD'

2019-10-09 20:53:29 - [MESSAGE][PASSED] - Text 'blackdress19' is set on object 'Object Repository/Page_cabi/input_Welcome to_PASSWORD'

2019-10-09 20:53:29 - [TEST_STEP][PASSED] - click(findTestObject("Object Repository/Page_cabi/input_Welcome to_consultantLogin")): Object: 'Object Repository/Page_cabi/input_Welcome to_consultantLogin' is clicked on

2019-10-09 20:53:38 - [MESSAGE][PASSED] - Object: 'Object Repository/Page_cabi/input_Welcome to_consultantLogin' is clicked on

2019-10-09 20:53:38 - [TEST_STEP][PASSED] - delay(3): Delayed 3 second(s)

2019-10-09 20:53:41 - [MESSAGE][PASSED] - Delayed 3 second(s)

2019-10-09 20:53:41 - [MESSAGE][PASSED] - Call Test Case 'Test Cases/TestCaseUtilities/backOfficeLogin' successfully

2019-10-09 20:53:41 - [TEST_STEP][PASSED] - verifyElementText(findTestObject("Object Repository/virualShowRSVPOR/Page_cabi/span_username"), stylist): Actual text and expected text of test object 'Object Repository/virualShowRSVPOR/Page_cabi/span_username' are matched.

2019-10-09 20:53:41 - [MESSAGE][PASSED] - Actual text and expected text of test object 'Object Repository/virualShowRSVPOR/Page_cabi/span_username' are matched.

2019-10-09 20:53:41 - [TEST_STEP][PASSED] - click(findTestObject("Object Repository/virualShowRSVPOR/Page_cabi Home/a_shows _orders")): Object: 'Object Repository/virualShowRSVPOR/Page_cabi Home/a_shows _orders' is clicked on

2019-10-09 20:53:41 - [MESSAGE][PASSED] - Object: 'Object Repository/virualShowRSVPOR/Page_cabi Home/a_shows _orders' is clicked on

2019-10-09 20:53:41 - [TEST_STEP][PASSED] - click(findTestObject("Object Repository/virualShowRSVPOR/Page_cabi Home/a_Create_A_Show")): Object: 'Object Repository/virualShowRSVPOR/Page_cabi Home/a_Create_A_Show' is clicked on

2019-10-09 20:53:44 - [MESSAGE][PASSED] - Object: 'Object Repository/virualShowRSVPOR/Page_cabi Home/a_Create_A_Show' is clicked on

2019-10-09 20:53:44 - [TEST_STEP][PASSED] - setText(findTestObject("Object Repository/virualShowRSVPOR/Page_cabi Create Show - Set Hostess/input_Hostess"), hostess): Text 'ahostess-test abc' is set on object 'Object Repository/virualShowRSVPOR/Page_cabi Create Show - Set Hostess/input_Hostess'

2019-10-09 20:53:44 - [MESSAGE][PASSED] - Text 'ahostess-test abc' is set on object 'Object Repository/virualShowRSVPOR/Page_cabi Create Show - Set Hostess/input_Hostess'

2019-10-09 20:53:44 - [TEST_STEP][PASSED] - delay(2): Delayed 2 second(s)

2019-10-09 20:53:46 - [MESSAGE][PASSED] - Delayed 2 second(s)

2019-10-09 20:53:46 - [TEST_STEP][PASSED] - sendKeys(findTestObject("Object Repository/virualShowRSVPOR/Page_cabi Create Show - Set Hostess/input_Hostess"), Keys.chord(ARROW_DOWN)): Keys 'DOWN + ' sent to object: 'Object Repository/virualShowRSVPOR/Page_cabi Create Show - Set Hostess/input_Hostess'

2019-10-09 20:53:46 - [MESSAGE][PASSED] - Keys 'DOWN + ' sent to object: 'Object Repository/virualShowRSVPOR/Page_cabi Create Show - Set Hostess/input_Hostess'

2019-10-09 20:53:46 - [TEST_STEP][PASSED] - sendKeys(findTestObject("Object Repository/virualShowRSVPOR/Page_cabi Create Show - Set Hostess/input_Hostess"), Keys.chord(ENTER)): Keys 'ENTER + ' sent to object: 'Object Repository/virualShowRSVPOR/Page_cabi Create Show - Set Hostess/input_Hostess'

2019-10-09 20:53:47 - [MESSAGE][PASSED] - Keys 'ENTER + ' sent to object: 'Object Repository/virualShowRSVPOR/Page_cabi Create Show - Set Hostess/input_Hostess'

2019-10-09 20:53:47 - [TEST_STEP][PASSED] - delay(2): Delayed 2 second(s)

2019-10-09 20:53:49 - [MESSAGE][PASSED] - Delayed 2 second(s)

2019-10-09 20:53:49 - [TEST_STEP][PASSED] - validateHostessAddressMsg = findWebElements(findTestObject("Object Repository/virualShowRSVPOR/Page_cabi Create Show - Set Hostess/validate_address_msg"), 5): null

2019-10-09 20:53:49 - [TEST_STEP][PASSED] - println(validateHostessAddressMsg.size()): null

2019-10-09 20:53:49 - [TEST_STEP][PASSED] - if (validateHostessAddressMsg.isEmpty()): null

2019-10-09 20:53:49 - [TEST_STEP][PASSED] - selectOptionByValue(findTestObject("Object Repository/virualShowRSVPOR/Page_cabi Create Show - Set Hostess/select_Choose_From_Contacts_Co-Hostess"), "3", true): All options with value '3' are selected in object 'Object Repository/virualShowRSVPOR/Page_cabi Create Show - Set Hostess/select_Choose_From_Contacts_Co-Hostess'  using regular expression

2019-10-09 20:53:49 - [MESSAGE][PASSED] - All options with value '3' are selected in object 'Object Repository/virualShowRSVPOR/Page_cabi Create Show - Set Hostess/select_Choose_From_Contacts_Co-Hostess'  using regular expression

2019-10-09 20:53:49 - [TEST_STEP][PASSED] - setText(findTestObject("Object Repository/virualShowRSVPOR/Page_cabi Create Show - Set Hostess/input_Cohostess"), cohostess): Text 'bcohost-test abc' is set on object 'Object Repository/virualShowRSVPOR/Page_cabi Create Show - Set Hostess/input_Cohostess'

2019-10-09 20:53:49 - [MESSAGE][PASSED] - Text 'bcohost-test abc' is set on object 'Object Repository/virualShowRSVPOR/Page_cabi Create Show - Set Hostess/input_Cohostess'

2019-10-09 20:53:49 - [TEST_STEP][PASSED] - delay(2): Delayed 2 second(s)

2019-10-09 20:53:51 - [MESSAGE][PASSED] - Delayed 2 second(s)

2019-10-09 20:53:51 - [TEST_STEP][PASSED] - sendKeys(findTestObject("Object Repository/virualShowRSVPOR/Page_cabi Create Show - Set Hostess/input_Cohostess"), Keys.chord(ARROW_DOWN)): Keys 'DOWN + ' sent to object: 'Object Repository/virualShowRSVPOR/Page_cabi Create Show - Set Hostess/input_Cohostess'

2019-10-09 20:53:51 - [MESSAGE][PASSED] - Keys 'DOWN + ' sent to object: 'Object Repository/virualShowRSVPOR/Page_cabi Create Show - Set Hostess/input_Cohostess'

2019-10-09 20:53:51 - [TEST_STEP][PASSED] - sendKeys(findTestObject("Object Repository/virualShowRSVPOR/Page_cabi Create Show - Set Hostess/input_Cohostess"), Keys.chord(ENTER)): Keys 'ENTER + ' sent to object: 'Object Repository/virualShowRSVPOR/Page_cabi Create Show - Set Hostess/input_Cohostess'

2019-10-09 20:53:51 - [MESSAGE][PASSED] - Keys 'ENTER + ' sent to object: 'Object Repository/virualShowRSVPOR/Page_cabi Create Show - Set Hostess/input_Cohostess'

2019-10-09 20:53:51 - [TEST_STEP][PASSED] - delay(3): Delayed 3 second(s)

2019-10-09 20:53:54 - [MESSAGE][PASSED] - Delayed 3 second(s)

2019-10-09 20:53:54 - [TEST_STEP][PASSED] - validateHostessAddressMsg = findWebElements(findTestObject("Object Repository/virualShowRSVPOR/Page_cabi Create Show - Set Hostess/validate_address_msg"), 5): null

2019-10-09 20:53:54 - [TEST_STEP][PASSED] - if (validateHostessAddressMsg.size() != 4): null

2019-10-09 20:53:54 - [TEST_STEP][PASSED] - click(findTestObject("Object Repository/virualShowRSVPOR/Page_cabi Create Show - Set Hostess/input_next")): Object: 'Object Repository/virualShowRSVPOR/Page_cabi Create Show - Set Hostess/input_next' is clicked on

2019-10-09 20:53:56 - [MESSAGE][PASSED] - Object: 'Object Repository/virualShowRSVPOR/Page_cabi Create Show - Set Hostess/input_next' is clicked on

2019-10-09 20:53:56 - [TEST_STEP][PASSED] - click(findTestObject("Object Repository/virualShowRSVPOR/Page_cabi Create Show - Time and Place/check_Virtual_Show")): Object: 'Object Repository/virualShowRSVPOR/Page_cabi Create Show - Time and Place/check_Virtual_Show' is clicked on

2019-10-09 20:53:56 - [MESSAGE][PASSED] - Object: 'Object Repository/virualShowRSVPOR/Page_cabi Create Show - Time and Place/check_Virtual_Show' is clicked on

2019-10-09 20:53:56 - [TEST_STEP][PASSED] - click(findTestObject("Object Repository/virualShowRSVPOR/Page_cabi Create Show - Time and Place/input_Show_Date_Time")): Object: 'Object Repository/virualShowRSVPOR/Page_cabi Create Show - Time and Place/input_Show_Date_Time' is clicked on

2019-10-09 20:53:56 - [MESSAGE][PASSED] - Object: 'Object Repository/virualShowRSVPOR/Page_cabi Create Show - Time and Place/input_Show_Date_Time' is clicked on

2019-10-09 20:53:56 - [TEST_STEP][PASSED] - println(UtilityMethods.concat(" ", vsday, " ", vsmonth, " ", vsyear)): null

2019-10-09 20:53:56 - [TEST_STEP][PASSED] - year = vsyear: null

2019-10-09 20:53:56 - [TEST_STEP][PASSED] - month = vsmonth: null

2019-10-09 20:53:56 - [TEST_STEP][PASSED] - day = vsday: null

2019-10-09 20:53:56 - [TEST_STEP][PASSED] - pastdate = findTestData("virtualShowData").getValue("pastdate", 1): null

2019-10-09 20:53:56 - [TEST_STEP][PASSED] - xpath = UtilityMethods.concat("//td[@data-month='" + month - 1 + "' and @data-year='" + year + "']/a[contains(text(), '" + day + "')]"): null

2019-10-09 20:53:56 - [TEST_STEP][PASSED] - dateObj = new com.kms.katalon.core.testobject.TestObject(td_month_year_day): null

2019-10-09 20:53:56 - [TEST_STEP][PASSED] - dateObj.addProperty("xpath", EQUALS, xpath): null

2019-10-09 20:53:56 - [TEST_STEP][PASSED] - monthBound = 12: null

2019-10-09 20:53:56 - [TEST_STEP][PASSED] - dateObjList = findWebElements(dateObj, 5): null

2019-10-09 20:53:56 - [TEST_STEP][PASSED] - while (dateObjList.size() == 0 && monthBound > 0): null

2019-10-09 20:53:56 - [TEST_STEP][PASSED] - click(dateObj): Object: 'td_month_year_day' is clicked on

2019-10-09 20:53:56 - [MESSAGE][PASSED] - Object: 'td_month_year_day' is clicked on

2019-10-09 20:53:56 - [TEST_STEP][PASSED] - click(findTestObject("Object Repository/virualShowRSVPOR/Page_cabi Create Show - Time and Place/a_select_End_Time")): Object: 'Object Repository/virualShowRSVPOR/Page_cabi Create Show - Time and Place/a_select_End_Time' is clicked on

2019-10-09 20:53:57 - [MESSAGE][PASSED] - Object: 'Object Repository/virualShowRSVPOR/Page_cabi Create Show - Time and Place/a_select_End_Time' is clicked on

2019-10-09 20:53:57 - [TEST_STEP][PASSED] - click(findTestObject("Object Repository/virualShowRSVPOR/Page_cabi Create Show - Time and Place/input_next")): Object: 'Object Repository/virualShowRSVPOR/Page_cabi Create Show - Time and Place/input_next' is clicked on

2019-10-09 20:53:57 - [MESSAGE][PASSED] - Object: 'Object Repository/virualShowRSVPOR/Page_cabi Create Show - Time and Place/input_next' is clicked on

2019-10-09 20:53:57 - [TEST_STEP][PASSED] - delay(5): Delayed 5 second(s)

2019-10-09 20:54:02 - [MESSAGE][PASSED] - Delayed 5 second(s)

2019-10-09 20:54:02 - [TEST_STEP][PASSED] - click(findTestObject("Object Repository/virualShowRSVPOR/Page_cabi Create Show - Invite Hostess/input_Skip_Invite")): Object: 'Object Repository/virualShowRSVPOR/Page_cabi Create Show - Invite Hostess/input_Skip_Invite' is clicked on

2019-10-09 20:54:04 - [MESSAGE][PASSED] - Object: 'Object Repository/virualShowRSVPOR/Page_cabi Create Show - Invite Hostess/input_Skip_Invite' is clicked on

2019-10-09 20:54:04 - [TEST_STEP][PASSED] - setText(findTestObject("Object Repository/virualShowRSVPOR/Page_cabi Edit Show - Add Guests/contact_search_box"), guest1): Text 'guest1-test abc' is set on object 'Object Repository/virualShowRSVPOR/Page_cabi Edit Show - Add Guests/contact_search_box'

2019-10-09 20:54:04 - [MESSAGE][PASSED] - Text 'guest1-test abc' is set on object 'Object Repository/virualShowRSVPOR/Page_cabi Edit Show - Add Guests/contact_search_box'

2019-10-09 20:54:04 - [TEST_STEP][PASSED] - delay(2): Delayed 2 second(s)

2019-10-09 20:54:06 - [MESSAGE][PASSED] - Delayed 2 second(s)

2019-10-09 20:54:06 - [TEST_STEP][PASSED] - sendKeys(findTestObject("Object Repository/virualShowRSVPOR/Page_cabi Edit Show - Add Guests/contact_search_box"), Keys.chord(ARROW_DOWN)): Keys 'DOWN + ' sent to object: 'Object Repository/virualShowRSVPOR/Page_cabi Edit Show - Add Guests/contact_search_box'

2019-10-09 20:54:06 - [MESSAGE][PASSED] - Keys 'DOWN + ' sent to object: 'Object Repository/virualShowRSVPOR/Page_cabi Edit Show - Add Guests/contact_search_box'

2019-10-09 20:54:06 - [TEST_STEP][PASSED] - sendKeys(findTestObject("Object Repository/virualShowRSVPOR/Page_cabi Edit Show - Add Guests/contact_search_box"), Keys.chord(ENTER)): Keys 'ENTER + ' sent to object: 'Object Repository/virualShowRSVPOR/Page_cabi Edit Show - Add Guests/contact_search_box'

2019-10-09 20:54:07 - [MESSAGE][PASSED] - Keys 'ENTER + ' sent to object: 'Object Repository/virualShowRSVPOR/Page_cabi Edit Show - Add Guests/contact_search_box'

2019-10-09 20:54:07 - [TEST_STEP][PASSED] - delay(2): Delayed 2 second(s)

2019-10-09 20:54:09 - [MESSAGE][PASSED] - Delayed 2 second(s)

2019-10-09 20:54:09 - [TEST_STEP][PASSED] - click(findTestObject("Object Repository/virualShowRSVPOR/Page_cabi Edit Show - Add Guests/a_add_guest")): Object: 'Object Repository/virualShowRSVPOR/Page_cabi Edit Show - Add Guests/a_add_guest' is clicked on

2019-10-09 20:54:09 - [MESSAGE][PASSED] - Object: 'Object Repository/virualShowRSVPOR/Page_cabi Edit Show - Add Guests/a_add_guest' is clicked on

2019-10-09 20:54:09 - [TEST_STEP][PASSED] - delay(5): Delayed 5 second(s)

2019-10-09 20:54:14 - [MESSAGE][PASSED] - Delayed 5 second(s)

2019-10-09 20:54:14 - [TEST_STEP][PASSED] - setText(findTestObject("Object Repository/virualShowRSVPOR/Page_cabi Edit Show - Add Guests/contact_search_box"), guest2): Text 'guest2-test abc' is set on object 'Object Repository/virualShowRSVPOR/Page_cabi Edit Show - Add Guests/contact_search_box'

2019-10-09 20:54:14 - [MESSAGE][PASSED] - Text 'guest2-test abc' is set on object 'Object Repository/virualShowRSVPOR/Page_cabi Edit Show - Add Guests/contact_search_box'

2019-10-09 20:54:14 - [TEST_STEP][PASSED] - delay(2): Delayed 2 second(s)

2019-10-09 20:54:16 - [MESSAGE][PASSED] - Delayed 2 second(s)

2019-10-09 20:54:16 - [TEST_STEP][PASSED] - sendKeys(findTestObject("Object Repository/virualShowRSVPOR/Page_cabi Edit Show - Add Guests/contact_search_box"), Keys.chord(ARROW_DOWN)): Keys 'DOWN + ' sent to object: 'Object Repository/virualShowRSVPOR/Page_cabi Edit Show - Add Guests/contact_search_box'

2019-10-09 20:54:16 - [MESSAGE][PASSED] - Keys 'DOWN + ' sent to object: 'Object Repository/virualShowRSVPOR/Page_cabi Edit Show - Add Guests/contact_search_box'

2019-10-09 20:54:16 - [TEST_STEP][PASSED] - sendKeys(findTestObject("Object Repository/virualShowRSVPOR/Page_cabi Edit Show - Add Guests/contact_search_box"), Keys.chord(ENTER)): Keys 'ENTER + ' sent to object: 'Object Repository/virualShowRSVPOR/Page_cabi Edit Show - Add Guests/contact_search_box'

2019-10-09 20:54:16 - [MESSAGE][PASSED] - Keys 'ENTER + ' sent to object: 'Object Repository/virualShowRSVPOR/Page_cabi Edit Show - Add Guests/contact_search_box'

2019-10-09 20:54:16 - [TEST_STEP][PASSED] - delay(2): Delayed 2 second(s)

2019-10-09 20:54:18 - [MESSAGE][PASSED] - Delayed 2 second(s)

2019-10-09 20:54:18 - [TEST_STEP][PASSED] - click(findTestObject("Object Repository/virualShowRSVPOR/Page_cabi Edit Show - Add Guests/a_add_guest")): Object: 'Object Repository/virualShowRSVPOR/Page_cabi Edit Show - Add Guests/a_add_guest' is clicked on

2019-10-09 20:54:19 - [MESSAGE][PASSED] - Object: 'Object Repository/virualShowRSVPOR/Page_cabi Edit Show - Add Guests/a_add_guest' is clicked on

2019-10-09 20:54:19 - [TEST_STEP][PASSED] - delay(2): Delayed 2 second(s)

2019-10-09 20:54:21 - [MESSAGE][PASSED] - Delayed 2 second(s)

2019-10-09 20:54:21 - [TEST_STEP][PASSED] - verifyHostess = UtilityMethods.splitPersonName(hostess): null

2019-10-09 20:54:21 - [TEST_STEP][PASSED] - verifyCohostess = UtilityMethods.splitPersonName(cohostess): null

2019-10-09 20:54:21 - [TEST_STEP][PASSED] - verifyGuest1 = UtilityMethods.splitPersonName(guest1): null

2019-10-09 20:54:21 - [TEST_STEP][PASSED] - verifyGuest2 = UtilityMethods.splitPersonName(guest2): null

2019-10-09 20:54:21 - [TEST_STEP][PASSED] - verifyElementText(findTestObject("Object Repository/virualShowRSVPOR/Page_cabi Edit Show - Add Guests/span_hostess_name"), UtilityMethods.concat(verifyHostess[1], ", ", verifyHostess[0])): Actual text and expected text of test object 'Object Repository/virualShowRSVPOR/Page_cabi Edit Show - Add Guests/span_hostess_name' are matched.

2019-10-09 20:54:21 - [MESSAGE][PASSED] - Actual text and expected text of test object 'Object Repository/virualShowRSVPOR/Page_cabi Edit Show - Add Guests/span_hostess_name' are matched.

2019-10-09 20:54:21 - [TEST_STEP][PASSED] - verifyElementText(findTestObject("Object Repository/virualShowRSVPOR/Page_cabi Edit Show - Add Guests/span_cohostess_name"), UtilityMethods.concat(verifyCohostess[1], ", ", verifyCohostess[0])): Actual text and expected text of test object 'Object Repository/virualShowRSVPOR/Page_cabi Edit Show - Add Guests/span_cohostess_name' are matched.

2019-10-09 20:54:21 - [MESSAGE][PASSED] - Actual text and expected text of test object 'Object Repository/virualShowRSVPOR/Page_cabi Edit Show - Add Guests/span_cohostess_name' are matched.

2019-10-09 20:54:21 - [TEST_STEP][PASSED] - listElement = findWebElements(findTestObject("Object Repository/virualShowRSVPOR/Page_cabi Edit Show - Add Guests/span_guest_name_list"), 5): null

2019-10-09 20:54:21 - [TEST_STEP][PASSED] - guestCount = Integer.parseInt(verifyGuestCount): null

2019-10-09 20:54:21 - [TEST_STEP][PASSED] - assert listElement.size() == guestCount: null

2019-10-09 20:54:21 - [TEST_STEP][PASSED] - flag = false: null

2019-10-09 20:54:21 - [TEST_STEP][PASSED] - for ([i = 0, i < guestCount, (i++)]): null

2019-10-09 20:54:21 - [TEST_STEP][PASSED] - flag = false: null

2019-10-09 20:54:21 - [TEST_STEP][PASSED] - if (getText().equals(UtilityMethods.concat(verifyGuest1[1], ", ", verifyGuest1[0]))): null

2019-10-09 20:54:21 - [TEST_STEP][PASSED] - flag = true: null

2019-10-09 20:54:21 - [TEST_STEP][PASSED] - if (getText().equals(UtilityMethods.concat(verifyGuest2[1], ", ", verifyGuest2[0]))): null

2019-10-09 20:54:21 - [TEST_STEP][PASSED] - flag = false: null

2019-10-09 20:54:21 - [TEST_STEP][PASSED] - if (getText().equals(UtilityMethods.concat(verifyGuest1[1], ", ", verifyGuest1[0]))): null

2019-10-09 20:54:21 - [TEST_STEP][PASSED] - if (getText().equals(UtilityMethods.concat(verifyGuest2[1], ", ", verifyGuest2[0]))): null

2019-10-09 20:54:21 - [TEST_STEP][PASSED] - flag = true: null

2019-10-09 20:54:21 - [TEST_STEP][PASSED] - assert flag == true: null

2019-10-09 20:54:21 - [TEST_STEP][PASSED] - click(findTestObject("Object Repository/virualShowRSVPOR/Page_cabi Edit Show - Add Guests/input_Next")): Object: 'Object Repository/virualShowRSVPOR/Page_cabi Edit Show - Add Guests/input_Next' is clicked on

2019-10-09 20:54:23 - [MESSAGE][PASSED] - Object: 'Object Repository/virualShowRSVPOR/Page_cabi Edit Show - Add Guests/input_Next' is clicked on

2019-10-09 20:54:23 - [TEST_STEP][PASSED] - delay(5): Delayed 5 second(s)

2019-10-09 20:54:28 - [MESSAGE][PASSED] - Delayed 5 second(s)

2019-10-09 20:54:28 - [TEST_STEP][PASSED] - click(findTestObject("Object Repository/virualShowRSVPOR/Page_cabi Edit Show - Send Invitations/input_Overview")): Object: 'Object Repository/virualShowRSVPOR/Page_cabi Edit Show - Send Invitations/input_Overview' is clicked on

2019-10-09 20:54:30 - [MESSAGE][PASSED] - Object: 'Object Repository/virualShowRSVPOR/Page_cabi Edit Show - Send Invitations/input_Overview' is clicked on

2019-10-09 20:54:30 - [TEST_STEP][PASSED] - showID = getText(findTestObject("Object Repository/virualShowRSVPOR/Page_cabi Orders/li_Show_ID_Text")): Text of object 'Object Repository/virualShowRSVPOR/Page_cabi Orders/li_Show_ID_Text' is: 'Show #: 104776145'

2019-10-09 20:54:30 - [MESSAGE][PASSED] - Text of object 'Object Repository/virualShowRSVPOR/Page_cabi Orders/li_Show_ID_Text' is: 'Show #: 104776145'

2019-10-09 20:54:30 - [TEST_STEP][PASSED] - rightClick(findTestObject("Object Repository/virualShowRSVPOR/Page_cabi Orders/a_Account")): Object: 'Object Repository/virualShowRSVPOR/Page_cabi Orders/a_Account' is right clicked on

2019-10-09 20:54:30 - [MESSAGE][PASSED] - Object: 'Object Repository/virualShowRSVPOR/Page_cabi Orders/a_Account' is right clicked on

2019-10-09 20:54:30 - [TEST_STEP][PASSED] - click(findTestObject("Object Repository/virualShowRSVPOR/Page_cabi Orders/a_My Profile")): Object: 'Object Repository/virualShowRSVPOR/Page_cabi Orders/a_My Profile' is clicked on

2019-10-09 20:54:32 - [MESSAGE][PASSED] - Object: 'Object Repository/virualShowRSVPOR/Page_cabi Orders/a_My Profile' is clicked on

2019-10-09 20:54:32 - [TEST_STEP][PASSED] - rsName = getText(findTestObject("Object Repository/virualShowRSVPOR/Page_cabi My Profile/span_rsName")): Text of object 'Object Repository/virualShowRSVPOR/Page_cabi My Profile/span_rsName' is: 'MirandaKate'

2019-10-09 20:54:32 - [MESSAGE][PASSED] - Text of object 'Object Repository/virualShowRSVPOR/Page_cabi My Profile/span_rsName' is: 'MirandaKate'

2019-10-09 20:54:32 - [TEST_STEP][PASSED] - micrositeURL = UtilityMethods.createURL(rsName, RSTestEnvt, showID): null

2019-10-09 20:54:33 - [TEST_STEP][PASSED] - println(micrositeURL): null

2019-10-09 20:54:33 - [TEST_STEP][PASSED] - back(): Navigate back successfully

2019-10-09 20:54:33 - [MESSAGE][PASSED] - Navigate back successfully

2019-10-09 20:54:33 - [MESSAGE][PASSED] - Call Test Case 'Test Cases/VirtualShow/createShow' successfully

2019-10-09 20:54:33 - [TEST_STEP][PASSED] - hostessObj = new commonUtility.VSGuest(hostess): null

2019-10-09 20:54:33 - [TEST_STEP][PASSED] - cohostessObj = new commonUtility.VSGuest(cohostess): null

2019-10-09 20:54:33 - [TEST_STEP][PASSED] - guest1Obj = new commonUtility.VSGuest(guest1): null

2019-10-09 20:54:33 - [TEST_STEP][PASSED] - guest2Obj = new commonUtility.VSGuest(guest2): null

2019-10-09 20:54:33 - [TEST_STEP][PASSED] - driver = getWebDriver(): null

2019-10-09 20:54:33 - [TEST_STEP][PASSED] - executor = driver: null

2019-10-09 20:54:33 - [TEST_STEP][PASSED] - currentPage = getUrl(): Current window's url is: 'https://test18.cliotest.com/backoffice/control/ShowOverview?showId=104776145&consultantPartyId=100000042&fromCAM='

2019-10-09 20:54:33 - [MESSAGE][PASSED] - Current window's url is: 'https://test18.cliotest.com/backoffice/control/ShowOverview?showId=104776145&consultantPartyId=100000042&fromCAM='

2019-10-09 20:54:33 - [TEST_STEP][PASSED] - currentTab = getWindowIndex(): Current window's index is: 0

2019-10-09 20:54:33 - [MESSAGE][PASSED] - Current window's index is: 0

2019-10-09 20:54:33 - [TEST_STEP][PASSED] - driver = getWebDriver(): null

2019-10-09 20:54:33 - [TEST_STEP][PASSED] - favorites = 0: null

2019-10-09 20:54:33 - [TEST_STEP][PASSED] - favorites = 0: null

2019-10-09 20:54:33 - [TEST_STEP][PASSED] - favorites = 0: null

2019-10-09 20:54:33 - [TEST_STEP][PASSED] - favorites = 0: null

2019-10-09 20:54:33 - [TEST_STEP][PASSED] - allList.add(hostessObj): null

2019-10-09 20:54:33 - [TEST_STEP][PASSED] - allList.add(cohostessObj): null

2019-10-09 20:54:33 - [TEST_STEP][PASSED] - allList.add(guest1Obj): null

2019-10-09 20:54:33 - [TEST_STEP][PASSED] - allList.add(guest2Obj): null

2019-10-09 20:54:33 - [TEST_STEP][PASSED] - yesList.add(hostessObj): null

2019-10-09 20:54:33 - [TEST_STEP][PASSED] - yesList.add(cohostessObj): null

2019-10-09 20:54:33 - [TEST_STEP][PASSED] - noreplyList.add(guest1Obj): null

2019-10-09 20:54:33 - [TEST_STEP][PASSED] - noreplyList.add(guest2Obj): null

2019-10-09 20:54:33 - [TEST_STEP][PASSED] - click(findTestObject("Object Repository/virualShowRSVPOR/Page_cabi Edit Show - Send Invitations/a_dashboard")): Object: 'Object Repository/virualShowRSVPOR/Page_cabi Edit Show - Send Invitations/a_dashboard' is clicked on

2019-10-09 20:54:39 - [MESSAGE][PASSED] - Object: 'Object Repository/virualShowRSVPOR/Page_cabi Edit Show - Send Invitations/a_dashboard' is clicked on

2019-10-09 20:54:39 - [TEST_STEP][PASSED] - delay(5): Delayed 5 second(s)

2019-10-09 20:54:44 - [MESSAGE][PASSED] - Delayed 5 second(s)

2019-10-09 20:54:44 - [TEST_STEP][PASSED] - switchToFrame(findTestObject("virualShowRSVPOR/dashboard/frame_start_pre_show"), 60): null

2019-10-09 20:54:44 - [TEST_STEP][PASSED] - isShowNotStarted = findWebElements(findTestObject("virualShowRSVPOR/dashboard/button_start_pre_show"), 5): null

2019-10-09 20:54:44 - [TEST_STEP][PASSED] - if (isShowNotStarted.size() > 0): null

2019-10-09 20:54:44 - [TEST_STEP][PASSED] - button_start_pre_show = driver.findElement(By.xpath("//button[contains(text(), 'Start pre-show')]")): null

2019-10-09 20:54:44 - [TEST_STEP][PASSED] - executor.executeScript("arguments[0].click();", button_start_pre_show): null

2019-10-09 20:54:44 - [TEST_STEP][PASSED] - delay(3): Delayed 3 second(s)

2019-10-09 20:54:47 - [MESSAGE][PASSED] - Delayed 3 second(s)

2019-10-09 20:54:47 - [TEST_STEP][PASSED] - button_pre_show_sure = driver.findElement(By.xpath("//button[contains(text(), ' sure')]")): null

2019-10-09 20:54:47 - [TEST_STEP][PASSED] - executor.executeScript("arguments[0].click();", button_pre_show_sure): null

2019-10-09 20:54:47 - [TEST_STEP][PASSED] - delay(5): Delayed 5 second(s)

2019-10-09 20:54:52 - [MESSAGE][PASSED] - Delayed 5 second(s)

2019-10-09 20:54:52 - [TEST_STEP][PASSED] - switchToWindowIndex(currentTab + 1): Switched to window with index: '1'

2019-10-09 20:54:52 - [MESSAGE][PASSED] - Switched to window with index: '1'

2019-10-09 20:54:52 - [TEST_STEP][ERROR] - UtilityMethods.validateGuestsListDashboard(yesList, noList, maybeList, noreplyList, presentList, allList): UtilityMethods.validateGuestsListDashboard(yesList, noList, maybeList, noreplyList, presentList, allList) FAILED.
Reason:
java.lang.IndexOutOfBoundsException: Index: 0
	at java_util_List$get$2.call(Unknown Source)
	at commonUtility.VSGuest.createActualGuestList(VSGuest.groovy:78)
	at commonUtility.VSGuest$createActualGuestList$0.call(Unknown Source)
	at commonUtility.VSGuest.validateGuests(VSGuest.groovy:123)
	at commonUtility.VSGuest$validateGuests.call(Unknown Source)
	at commonUtility.UtilityMethods.validateGuestsListDashboard(UtilityMethods.groovy:215)
	at commonUtility.UtilityMethods$validateGuestsListDashboard$1.call(Unknown Source)
	at VS_Automation.run(VS_Automation:159)
	at com.kms.katalon.core.main.ScriptEngine.run(ScriptEngine.java:194)
	at com.kms.katalon.core.main.ScriptEngine.runScriptAsRawText(ScriptEngine.java:119)
	at com.kms.katalon.core.main.TestCaseExecutor.runScript(TestCaseExecutor.java:342)
	at com.kms.katalon.core.main.TestCaseExecutor.doExecute(TestCaseExecutor.java:333)
	at com.kms.katalon.core.main.TestCaseExecutor.processExecutionPhase(TestCaseExecutor.java:312)
	at com.kms.katalon.core.main.TestCaseExecutor.accessMainPhase(TestCaseExecutor.java:304)
	at com.kms.katalon.core.main.TestCaseExecutor.execute(TestCaseExecutor.java:238)
	at com.kms.katalon.core.main.TestSuiteExecutor.accessTestCaseMainPhase(TestSuiteExecutor.java:129)
	at com.kms.katalon.core.main.TestSuiteExecutor.accessTestSuiteMainPhase(TestSuiteExecutor.java:112)
	at com.kms.katalon.core.main.TestSuiteExecutor.execute(TestSuiteExecutor.java:81)
	at com.kms.katalon.core.main.TestCaseMain.startTestSuite(TestCaseMain.java:157)
	at com.kms.katalon.core.main.TestCaseMain$startTestSuite$0.call(Unknown Source)
	at TempTestSuite1570634584079.run(TempTestSuite1570634584079.groovy:35)


2019-10-09 20:54:54 - [MESSAGE][INFO] - Unable to find the element located by 'By.xpath: //div[@class='table-body']/div[@class='table-row']/div/div[@class='table-row-status']/i[position()=1]'. Please recheck the objects properties to make sure the desired element is located. 

2019-10-09 20:54:56 - [MESSAGE][INFO] - Unable to find the element located by 'By.xpath: //div[@class='table-body']/div[@class='table-row']/div/div[@class='table-row-status']/i[position()='2']'. Please recheck the objects properties to make sure the desired element is located. 

2019-10-09 20:54:57 - [MESSAGE][INFO] - Unable to find the element located by 'By.xpath: //div[@class='table-body']/div[@class='table-row']/div/div[@class='table-row-name']/a/i'. Please recheck the objects properties to make sure the desired element is located. 

2019-10-09 20:54:58 - [MESSAGE][INFO] - Unable to find the element located by 'By.xpath: //div[@class='table-body']/div[@class='table-row']/div/div[@class='table-row-name']/a/span[last()]'. Please recheck the objects properties to make sure the desired element is located. 

2019-10-09 20:54:59 - [MESSAGE][INFO] - Unable to find the element located by 'By.xpath: //div[@class='table-body']/div[@class='table-row']/div/div[@class='table-row-favorites']'. Please recheck the objects properties to make sure the desired element is located. 

2019-10-09 20:55:00 - [MESSAGE][INFO] - Unable to find the element located by 'By.xpath: //div[@class='table-body']/div[@class='table-row']/div/div[@class='table-row-ordered']'. Please recheck the objects properties to make sure the desired element is located. 

2019-10-09 20:55:02 - [MESSAGE][PASSED] - Delayed 2 second(s)

2019-10-09 20:55:04 - [MESSAGE][PASSED] - Delayed 2 second(s)

2019-10-09 20:55:05 - [MESSAGE][INFO] - Unable to find the element located by 'By.xpath: //div[@class='table-body']/div[@class='table-row']/div/div[@class='table-row-status']/i[position()='2']'. Please recheck the objects properties to make sure the desired element is located. 

2019-10-09 20:55:05 - [MESSAGE][ERROR] - UtilityMethods.validateGuestsListDashboard(yesList, noList, maybeList, noreplyList, presentList, allList) FAILED.
Reason:
java.lang.IndexOutOfBoundsException: Index: 0
	at java_util_List$get$2.call(Unknown Source)
	at commonUtility.VSGuest.createActualGuestList(VSGuest.groovy:78)
	at commonUtility.VSGuest$createActualGuestList$0.call(Unknown Source)
	at commonUtility.VSGuest.validateGuests(VSGuest.groovy:123)
	at commonUtility.VSGuest$validateGuests.call(Unknown Source)
	at commonUtility.UtilityMethods.validateGuestsListDashboard(UtilityMethods.groovy:215)
	at commonUtility.UtilityMethods$validateGuestsListDashboard$1.call(Unknown Source)
	at VS_Automation.run(VS_Automation:159)
	at com.kms.katalon.core.main.ScriptEngine.run(ScriptEngine.java:194)
	at com.kms.katalon.core.main.ScriptEngine.runScriptAsRawText(ScriptEngine.java:119)
	at com.kms.katalon.core.main.TestCaseExecutor.runScript(TestCaseExecutor.java:342)
	at com.kms.katalon.core.main.TestCaseExecutor.doExecute(TestCaseExecutor.java:333)
	at com.kms.katalon.core.main.TestCaseExecutor.processExecutionPhase(TestCaseExecutor.java:312)
	at com.kms.katalon.core.main.TestCaseExecutor.accessMainPhase(TestCaseExecutor.java:304)
	at com.kms.katalon.core.main.TestCaseExecutor.execute(TestCaseExecutor.java:238)
	at com.kms.katalon.core.main.TestSuiteExecutor.accessTestCaseMainPhase(TestSuiteExecutor.java:129)
	at com.kms.katalon.core.main.TestSuiteExecutor.accessTestSuiteMainPhase(TestSuiteExecutor.java:112)
	at com.kms.katalon.core.main.TestSuiteExecutor.execute(TestSuiteExecutor.java:81)
	at com.kms.katalon.core.main.TestCaseMain.startTestSuite(TestCaseMain.java:157)
	at com.kms.katalon.core.main.TestCaseMain$startTestSuite$0.call(Unknown Source)
	at TempTestSuite1570634584079.run(TempTestSuite1570634584079.groovy:35)]]></system-out>
         <system-err><![CDATA[2019-10-09 20:53:09 - [TEST_CASE][ERROR] - Test Cases/VirtualShow/VS_Automation: Test Cases/VirtualShow/VS_Automation FAILED.
Reason:
java.lang.IndexOutOfBoundsException: Index: 0
	at java_util_List$get$2.call(Unknown Source)
	at commonUtility.VSGuest.createActualGuestList(VSGuest.groovy:78)
	at commonUtility.VSGuest$createActualGuestList$0.call(Unknown Source)
	at commonUtility.VSGuest.validateGuests(VSGuest.groovy:123)
	at commonUtility.VSGuest$validateGuests.call(Unknown Source)
	at commonUtility.UtilityMethods.validateGuestsListDashboard(UtilityMethods.groovy:215)
	at commonUtility.UtilityMethods$validateGuestsListDashboard$1.call(Unknown Source)
	at VS_Automation.run(VS_Automation:159)
	at com.kms.katalon.core.main.ScriptEngine.run(ScriptEngine.java:194)
	at com.kms.katalon.core.main.ScriptEngine.runScriptAsRawText(ScriptEngine.java:119)
	at com.kms.katalon.core.main.TestCaseExecutor.runScript(TestCaseExecutor.java:342)
	at com.kms.katalon.core.main.TestCaseExecutor.doExecute(TestCaseExecutor.java:333)
	at com.kms.katalon.core.main.TestCaseExecutor.processExecutionPhase(TestCaseExecutor.java:312)
	at com.kms.katalon.core.main.TestCaseExecutor.accessMainPhase(TestCaseExecutor.java:304)
	at com.kms.katalon.core.main.TestCaseExecutor.execute(TestCaseExecutor.java:238)
	at com.kms.katalon.core.main.TestSuiteExecutor.accessTestCaseMainPhase(TestSuiteExecutor.java:129)
	at com.kms.katalon.core.main.TestSuiteExecutor.accessTestSuiteMainPhase(TestSuiteExecutor.java:112)
	at com.kms.katalon.core.main.TestSuiteExecutor.execute(TestSuiteExecutor.java:81)
	at com.kms.katalon.core.main.TestCaseMain.startTestSuite(TestCaseMain.java:157)
	at com.kms.katalon.core.main.TestCaseMain$startTestSuite$0.call(Unknown Source)
	at TempTestSuite1570634584079.run(TempTestSuite1570634584079.groovy:35)]]></system-err>
      </testcase>
      <testcase name="Test Cases/VirtualShow/newUserRegistrationRS" classname="Test Cases/VirtualShow/newUserRegistrationRS" status="FAILED">
         <failure type="FAILED" message="Test Cases/VirtualShow/newUserRegistrationRS FAILED.
Reason:
com.kms.katalon.core.exception.StepFailedException: Unable to click on object 'Object Repository/ReplicatedSite/rsNewUser/sweatersRadioButton'
	at com.kms.katalon.core.webui.keyword.internal.WebUIKeywordMain.stepFailed(WebUIKeywordMain.groovy:64)
	at com.kms.katalon.core.webui.keyword.internal.WebUIKeywordMain.runKeyword(WebUIKeywordMain.groovy:26)
	at com.kms.katalon.core.webui.keyword.builtin.ClickKeyword.click(ClickKeyword.groovy:86)
	at com.kms.katalon.core.webui.keyword.builtin.ClickKeyword.execute(ClickKeyword.groovy:67)
	at com.kms.katalon.core.keyword.internal.KeywordExecutor.executeKeywordForPlatform(KeywordExecutor.groovy:56)
	at com.kms.katalon.core.webui.keyword.WebUiBuiltInKeywords.click(WebUiBuiltInKeywords.groovy:616)
	at com.kms.katalon.core.webui.keyword.WebUiBuiltInKeywords$click$3.call(Unknown Source)
	at newUserRegistrationRS.run(newUserRegistrationRS:110)
	at com.kms.katalon.core.main.ScriptEngine.run(ScriptEngine.java:194)
	at com.kms.katalon.core.main.ScriptEngine.runScriptAsRawText(ScriptEngine.java:119)
	at com.kms.katalon.core.main.TestCaseExecutor.runScript(TestCaseExecutor.java:342)
	at com.kms.katalon.core.main.TestCaseExecutor.doExecute(TestCaseExecutor.java:333)
	at com.kms.katalon.core.main.TestCaseExecutor.processExecutionPhase(TestCaseExecutor.java:312)
	at com.kms.katalon.core.main.TestCaseExecutor.accessMainPhase(TestCaseExecutor.java:304)
	at com.kms.katalon.core.main.TestCaseExecutor.execute(TestCaseExecutor.java:238)
	at com.kms.katalon.core.main.TestSuiteExecutor.accessTestCaseMainPhase(TestSuiteExecutor.java:129)
	at com.kms.katalon.core.main.TestSuiteExecutor.accessTestSuiteMainPhase(TestSuiteExecutor.java:112)
	at com.kms.katalon.core.main.TestSuiteExecutor.execute(TestSuiteExecutor.java:81)
	at com.kms.katalon.core.main.TestCaseMain.startTestSuite(TestCaseMain.java:157)
	at com.kms.katalon.core.main.TestCaseMain$startTestSuite$0.call(Unknown Source)
	at TempTestSuite1570634584079.run(TempTestSuite1570634584079.groovy:35)
Caused by: com.kms.katalon.core.webui.exception.WebElementNotFoundException: Web element with id: 'Object Repository/ReplicatedSite/rsNewUser/sweatersRadioButton' located by 'By.xpath: //*[@id=&quot;mm-0&quot;]/div[2]/div/questionnaire-root/app-questionnaire/div/div[1]/app-questionnaire-my-style-product-rs/div/div/div/div/div[2]/app-my-style-product-question/div/div[3]/div/label/div[2]' not found
	at com.kms.katalon.core.webui.common.WebUiCommonHelper.findWebElement(WebUiCommonHelper.java:1097)
	at com.kms.katalon.core.webui.keyword.internal.WebUIAbstractKeyword.findWebElement(WebUIAbstractKeyword.groovy:27)
	at com.kms.katalon.core.webui.keyword.internal.WebUIAbstractKeyword.findWebElement(WebUIAbstractKeyword.groovy:26)
	at com.kms.katalon.core.webui.keyword.builtin.ClickKeyword$_click_closure1.doCall(ClickKeyword.groovy:77)
	at com.kms.katalon.core.webui.keyword.builtin.ClickKeyword$_click_closure1.call(ClickKeyword.groovy)
	at com.kms.katalon.core.webui.keyword.internal.WebUIKeywordMain.runKeyword(WebUIKeywordMain.groovy:20)
	at com.kms.katalon.core.webui.keyword.builtin.ClickKeyword.click(ClickKeyword.groovy:86)
	at com.kms.katalon.core.webui.keyword.builtin.ClickKeyword.execute(ClickKeyword.groovy:67)
	at com.kms.katalon.core.keyword.internal.KeywordExecutor.executeKeywordForPlatform(KeywordExecutor.groovy:56)
	at com.kms.katalon.core.webui.keyword.WebUiBuiltInKeywords.click(WebUiBuiltInKeywords.groovy:616)
	at com.kms.katalon.core.webui.keyword.WebUiBuiltInKeywords$click$3.call(Unknown Source)
	at Script1564758359451.run(Script1564758359451.groovy:110)
	... 13 more
"/>
         <system-out><![CDATA[2019-10-09 20:55:05 - [TEST_CASE][FAILED] - Test Cases/VirtualShow/newUserRegistrationRS: Test Cases/VirtualShow/newUserRegistrationRS FAILED.
Reason:
com.kms.katalon.core.exception.StepFailedException: Unable to click on object 'Object Repository/ReplicatedSite/rsNewUser/sweatersRadioButton'
	at com.kms.katalon.core.webui.keyword.internal.WebUIKeywordMain.stepFailed(WebUIKeywordMain.groovy:64)
	at com.kms.katalon.core.webui.keyword.internal.WebUIKeywordMain.runKeyword(WebUIKeywordMain.groovy:26)
	at com.kms.katalon.core.webui.keyword.builtin.ClickKeyword.click(ClickKeyword.groovy:86)
	at com.kms.katalon.core.webui.keyword.builtin.ClickKeyword.execute(ClickKeyword.groovy:67)
	at com.kms.katalon.core.keyword.internal.KeywordExecutor.executeKeywordForPlatform(KeywordExecutor.groovy:56)
	at com.kms.katalon.core.webui.keyword.WebUiBuiltInKeywords.click(WebUiBuiltInKeywords.groovy:616)
	at com.kms.katalon.core.webui.keyword.WebUiBuiltInKeywords$click$3.call(Unknown Source)
	at newUserRegistrationRS.run(newUserRegistrationRS:110)
	at com.kms.katalon.core.main.ScriptEngine.run(ScriptEngine.java:194)
	at com.kms.katalon.core.main.ScriptEngine.runScriptAsRawText(ScriptEngine.java:119)
	at com.kms.katalon.core.main.TestCaseExecutor.runScript(TestCaseExecutor.java:342)
	at com.kms.katalon.core.main.TestCaseExecutor.doExecute(TestCaseExecutor.java:333)
	at com.kms.katalon.core.main.TestCaseExecutor.processExecutionPhase(TestCaseExecutor.java:312)
	at com.kms.katalon.core.main.TestCaseExecutor.accessMainPhase(TestCaseExecutor.java:304)
	at com.kms.katalon.core.main.TestCaseExecutor.execute(TestCaseExecutor.java:238)
	at com.kms.katalon.core.main.TestSuiteExecutor.accessTestCaseMainPhase(TestSuiteExecutor.java:129)
	at com.kms.katalon.core.main.TestSuiteExecutor.accessTestSuiteMainPhase(TestSuiteExecutor.java:112)
	at com.kms.katalon.core.main.TestSuiteExecutor.execute(TestSuiteExecutor.java:81)
	at com.kms.katalon.core.main.TestCaseMain.startTestSuite(TestCaseMain.java:157)
	at com.kms.katalon.core.main.TestCaseMain$startTestSuite$0.call(Unknown Source)
	at TempTestSuite1570634584079.run(TempTestSuite1570634584079.groovy:35)
Caused by: com.kms.katalon.core.webui.exception.WebElementNotFoundException: Web element with id: 'Object Repository/ReplicatedSite/rsNewUser/sweatersRadioButton' located by 'By.xpath: //*[@id="mm-0"]/div[2]/div/questionnaire-root/app-questionnaire/div/div[1]/app-questionnaire-my-style-product-rs/div/div/div/div/div[2]/app-my-style-product-question/div/div[3]/div/label/div[2]' not found
	at com.kms.katalon.core.webui.common.WebUiCommonHelper.findWebElement(WebUiCommonHelper.java:1097)
	at com.kms.katalon.core.webui.keyword.internal.WebUIAbstractKeyword.findWebElement(WebUIAbstractKeyword.groovy:27)
	at com.kms.katalon.core.webui.keyword.internal.WebUIAbstractKeyword.findWebElement(WebUIAbstractKeyword.groovy:26)
	at com.kms.katalon.core.webui.keyword.builtin.ClickKeyword$_click_closure1.doCall(ClickKeyword.groovy:77)
	at com.kms.katalon.core.webui.keyword.builtin.ClickKeyword$_click_closure1.call(ClickKeyword.groovy)
	at com.kms.katalon.core.webui.keyword.internal.WebUIKeywordMain.runKeyword(WebUIKeywordMain.groovy:20)
	at com.kms.katalon.core.webui.keyword.builtin.ClickKeyword.click(ClickKeyword.groovy:86)
	at com.kms.katalon.core.webui.keyword.builtin.ClickKeyword.execute(ClickKeyword.groovy:67)
	at com.kms.katalon.core.keyword.internal.KeywordExecutor.executeKeywordForPlatform(KeywordExecutor.groovy:56)
	at com.kms.katalon.core.webui.keyword.WebUiBuiltInKeywords.click(WebUiBuiltInKeywords.groovy:616)
	at com.kms.katalon.core.webui.keyword.WebUiBuiltInKeywords$click$3.call(Unknown Source)
	at Script1564758359451.run(Script1564758359451.groovy:110)
	... 13 more


2019-10-09 20:55:05 - [TEST_STEP][PASSED] - Start listener action : sampleBeforeTestCase: null

2019-10-09 20:55:05 - [TEST_STEP][PASSED] - println(testCaseContext.getTestCaseId()): null

2019-10-09 20:55:05 - [TEST_STEP][PASSED] - println(testCaseContext.getTestCaseVariables()): null

2019-10-09 20:55:06 - [TEST_STEP][PASSED] - RSURL = findTestData("envtData").getValue("RSURL", 1): null

2019-10-09 20:55:06 - [TEST_STEP][PASSED] - RSuser = findTestData("credData").getValue("RSuser", 1): null

2019-10-09 20:55:06 - [TEST_STEP][PASSED] - RSTestEnvt = findTestData("envtData").getValue("RSTestEnvt", 1): null

2019-10-09 20:55:06 - [TEST_STEP][PASSED] - faker = new com.github.javafaker.Faker(): null

2019-10-09 20:55:06 - [TEST_STEP][PASSED] - name = name().fullName(): null

2019-10-09 20:55:06 - [TEST_STEP][PASSED] - firstName = name.firstName(): null

2019-10-09 20:55:06 - [TEST_STEP][PASSED] - lastName = name().lastName(): null

2019-10-09 20:55:06 - [TEST_STEP][PASSED] - email = internet.emailAddress(): null

2019-10-09 20:55:06 - [TEST_STEP][PASSED] - openBrowser(""): Browser is opened with url: ''

2019-10-09 20:55:06 - [MESSAGE][WARNING] - A browser is already opened. Closing browser and opening a new one

2019-10-09 20:55:07 - [MESSAGE][INFO] - Starting 'Chrome' driver

2019-10-09 20:55:07 - [MESSAGE][INFO] - User set preference: ['args', '[--use-fake-ui-for-media-stream, --start-maximized]']

2019-10-09 20:55:09 - [MESSAGE][PASSED] - Browser is opened with url: ''

2019-10-09 20:55:09 - [TEST_STEP][PASSED] - maximizeWindow(): Current window maximized

2019-10-09 20:55:10 - [MESSAGE][PASSED] - Current window maximized

2019-10-09 20:55:10 - [TEST_STEP][PASSED] - callTestCase(findTestCase("TestCaseUtilities/setVHost"), [:], CONTINUE_ON_FAILURE): Call Test Case 'Test Cases/TestCaseUtilities/setVHost' successfully

2019-10-09 20:55:10 - [TEST_CASE][PASSED] - Test Cases/TestCaseUtilities/setVHost: Test Cases/TestCaseUtilities/setVHost

2019-10-09 20:55:11 - [TEST_STEP][PASSED] - ofbizURL = findTestData("envtData").getValue("ofbizURL", 1): null

2019-10-09 20:55:11 - [TEST_STEP][PASSED] - ofbizUser = findTestData("credData").getValue("ofbizuser", 1): null

2019-10-09 20:55:11 - [TEST_STEP][PASSED] - ofbizPass = findTestData("credData").getValue("ofbizpass", 1): null

2019-10-09 20:55:11 - [TEST_STEP][PASSED] - vhostTarget = findTestData("envtData").getValue("vhostTarget", 1): null

2019-10-09 20:55:11 - [TEST_STEP][PASSED] - navigateToUrl(ofbizURL): Navigate to 'https://pushofbiz.cliotest.com/login.php' successfully

2019-10-09 20:55:13 - [MESSAGE][PASSED] - Navigate to 'https://pushofbiz.cliotest.com/login.php' successfully

2019-10-09 20:55:13 - [TEST_STEP][PASSED] - setText(findTestObject("Object Repository/virualShowRSVPOR/Page_/input_Username_username"), ofbizUser): Text 'automation' is set on object 'Object Repository/virualShowRSVPOR/Page_/input_Username_username'

2019-10-09 20:55:13 - [MESSAGE][PASSED] - Text 'automation' is set on object 'Object Repository/virualShowRSVPOR/Page_/input_Username_username'

2019-10-09 20:55:13 - [TEST_STEP][PASSED] - setText(findTestObject("Object Repository/virualShowRSVPOR/Page_/input_Password_password"), ofbizPass): Text 'cabiautomation' is set on object 'Object Repository/virualShowRSVPOR/Page_/input_Password_password'

2019-10-09 20:55:13 - [MESSAGE][PASSED] - Text 'cabiautomation' is set on object 'Object Repository/virualShowRSVPOR/Page_/input_Password_password'

2019-10-09 20:55:13 - [TEST_STEP][PASSED] - click(findTestObject("Object Repository/virualShowRSVPOR/Page_/input_Password_Submit")): Object: 'Object Repository/virualShowRSVPOR/Page_/input_Password_Submit' is clicked on

2019-10-09 20:55:17 - [MESSAGE][PASSED] - Object: 'Object Repository/virualShowRSVPOR/Page_/input_Password_Submit' is clicked on

2019-10-09 20:55:17 - [TEST_STEP][PASSED] - click(findTestObject("Object Repository/virualShowRSVPOR/Page_/a_Set Vhost")): Object: 'Object Repository/virualShowRSVPOR/Page_/a_Set Vhost' is clicked on

2019-10-09 20:55:17 - [MESSAGE][PASSED] - Object: 'Object Repository/virualShowRSVPOR/Page_/a_Set Vhost' is clicked on

2019-10-09 20:55:17 - [TEST_STEP][PASSED] - click(UtilityMethods.createTestObject("select_target", "//select[@name='Target']/option[contains(text(), '", vhostTarget, "')]")): Object: 'select_target' is clicked on

2019-10-09 20:55:17 - [MESSAGE][PASSED] - Object: 'select_target' is clicked on

2019-10-09 20:55:17 - [TEST_STEP][PASSED] - click(findTestObject("Object Repository/virualShowRSVPOR/Page_/input")): Object: 'Object Repository/virualShowRSVPOR/Page_/input' is clicked on

2019-10-09 20:55:20 - [MESSAGE][PASSED] - Object: 'Object Repository/virualShowRSVPOR/Page_/input' is clicked on

2019-10-09 20:55:20 - [MESSAGE][PASSED] - Call Test Case 'Test Cases/TestCaseUtilities/setVHost' successfully

2019-10-09 20:55:20 - [TEST_STEP][PASSED] - navigateToUrl(RSURL): Navigate to 'https://mirandakate.cabitest5.com' successfully

2019-10-09 20:55:54 - [MESSAGE][PASSED] - Navigate to 'https://mirandakate.cabitest5.com' successfully

2019-10-09 20:55:54 - [TEST_STEP][PASSED] - loginURL = UtilityMethods.concat("https://mirandakate.", RSTestEnvt, ".com/?component=account.login-gateway"): null

2019-10-09 20:55:54 - [TEST_STEP][PASSED] - navigateToUrl(loginURL): Navigate to 'https://mirandakate.cabitest5.com/?component=account.login-gateway' successfully

2019-10-09 20:56:02 - [MESSAGE][PASSED] - Navigate to 'https://mirandakate.cabitest5.com/?component=account.login-gateway' successfully

2019-10-09 20:56:02 - [TEST_STEP][PASSED] - setText(findTestObject("ReplicatedSite/rs_Page_Trendy/input_Sign in  Create account_email"), email): Text 'name.muller@gmail.com' is set on object 'Object Repository/ReplicatedSite/rs_Page_Trendy/input_Sign in  Create account_email'

2019-10-09 20:56:03 - [MESSAGE][PASSED] - Text 'name.muller@gmail.com' is set on object 'Object Repository/ReplicatedSite/rs_Page_Trendy/input_Sign in  Create account_email'

2019-10-09 20:56:03 - [TEST_STEP][PASSED] - click(findTestObject("ReplicatedSite/rs_Page_Trendy/button_Continue")): Object: 'Object Repository/ReplicatedSite/rs_Page_Trendy/button_Continue' is clicked on

2019-10-09 20:56:08 - [MESSAGE][PASSED] - Object: 'Object Repository/ReplicatedSite/rs_Page_Trendy/button_Continue' is clicked on

2019-10-09 20:56:08 - [TEST_STEP][PASSED] - delay(5): Delayed 5 second(s)

2019-10-09 20:56:13 - [MESSAGE][PASSED] - Delayed 5 second(s)

2019-10-09 20:56:13 - [TEST_STEP][PASSED] - click(findTestObject("ReplicatedSite/rsNewUser/rsFirstName")): Object: 'Object Repository/ReplicatedSite/rsNewUser/rsFirstName' is clicked on

2019-10-09 20:56:18 - [MESSAGE][PASSED] - Object: 'Object Repository/ReplicatedSite/rsNewUser/rsFirstName' is clicked on

2019-10-09 20:56:18 - [TEST_STEP][PASSED] - setText(findTestObject("ReplicatedSite/rsNewUser/rsFirstName"), firstName): Text 'Ashleigh' is set on object 'Object Repository/ReplicatedSite/rsNewUser/rsFirstName'

2019-10-09 20:56:18 - [MESSAGE][PASSED] - Text 'Ashleigh' is set on object 'Object Repository/ReplicatedSite/rsNewUser/rsFirstName'

2019-10-09 20:56:18 - [TEST_STEP][PASSED] - setText(findTestObject("ReplicatedSite/rsNewUser/rsLastName"), lastName): Text 'Yost' is set on object 'Object Repository/ReplicatedSite/rsNewUser/rsLastName'

2019-10-09 20:56:18 - [MESSAGE][PASSED] - Text 'Yost' is set on object 'Object Repository/ReplicatedSite/rsNewUser/rsLastName'

2019-10-09 20:56:18 - [TEST_STEP][PASSED] - setText(findTestObject("ReplicatedSite/rsNewUser/rsPassword"), "blackdress19"): Text 'blackdress19' is set on object 'Object Repository/ReplicatedSite/rsNewUser/rsPassword'

2019-10-09 20:56:18 - [MESSAGE][PASSED] - Text 'blackdress19' is set on object 'Object Repository/ReplicatedSite/rsNewUser/rsPassword'

2019-10-09 20:56:18 - [TEST_STEP][PASSED] - setText(findTestObject("ReplicatedSite/rsNewUser/rsConfirmPassword"), "blackdress19"): Text 'blackdress19' is set on object 'Object Repository/ReplicatedSite/rsNewUser/rsConfirmPassword'

2019-10-09 20:56:19 - [MESSAGE][PASSED] - Text 'blackdress19' is set on object 'Object Repository/ReplicatedSite/rsNewUser/rsConfirmPassword'

2019-10-09 20:56:19 - [TEST_STEP][PASSED] - click(findTestObject("ReplicatedSite/rsNewUser/noThanksLabel")): Object: 'Object Repository/ReplicatedSite/rsNewUser/noThanksLabel' is clicked on

2019-10-09 20:56:24 - [MESSAGE][PASSED] - Object: 'Object Repository/ReplicatedSite/rsNewUser/noThanksLabel' is clicked on

2019-10-09 20:56:24 - [TEST_STEP][PASSED] - click(findTestObject("ReplicatedSite/rsNewUser/continueButton")): Object: 'Object Repository/ReplicatedSite/rsNewUser/continueButton' is clicked on

2019-10-09 20:56:29 - [MESSAGE][PASSED] - Object: 'Object Repository/ReplicatedSite/rsNewUser/continueButton' is clicked on

2019-10-09 20:56:29 - [TEST_STEP][PASSED] - delay(5): Delayed 5 second(s)

2019-10-09 20:56:34 - [MESSAGE][PASSED] - Delayed 5 second(s)

2019-10-09 20:56:34 - [TEST_STEP][PASSED] - driver = getWebDriver(): null

2019-10-09 20:56:34 - [TEST_STEP][PASSED] - executor = driver: null

2019-10-09 20:56:34 - [TEST_STEP][PASSED] - click(findTestObject("ReplicatedSite/rsNewUser/gotItThanks")): Object: 'Object Repository/ReplicatedSite/rsNewUser/gotItThanks' is clicked on

2019-10-09 20:56:36 - [MESSAGE][PASSED] - Object: 'Object Repository/ReplicatedSite/rsNewUser/gotItThanks' is clicked on

2019-10-09 20:56:36 - [TEST_STEP][PASSED] - click(findTestObject("ReplicatedSite/rsNewUser/setUpMyProfile")): Object: 'Object Repository/ReplicatedSite/rsNewUser/setUpMyProfile' is clicked on

2019-10-09 20:56:41 - [MESSAGE][PASSED] - Object: 'Object Repository/ReplicatedSite/rsNewUser/setUpMyProfile' is clicked on

2019-10-09 20:56:41 - [TEST_STEP][PASSED] - waitForElementClickable(findTestObject("ReplicatedSite/rsNewUser/dressOftenOption"), 5): Object 'Object Repository/ReplicatedSite/rsNewUser/dressOftenOption' is clickable

2019-10-09 20:56:42 - [MESSAGE][PASSED] - Object 'Object Repository/ReplicatedSite/rsNewUser/dressOftenOption' is clickable

2019-10-09 20:56:42 - [TEST_STEP][PASSED] - delay(3): Delayed 3 second(s)

2019-10-09 20:56:45 - [MESSAGE][PASSED] - Delayed 3 second(s)

2019-10-09 20:56:45 - [TEST_STEP][PASSED] - click(findTestObject("ReplicatedSite/rsNewUser/dressOftenOption")): Object: 'Object Repository/ReplicatedSite/rsNewUser/dressOftenOption' is clicked on

2019-10-09 20:56:45 - [MESSAGE][PASSED] - Object: 'Object Repository/ReplicatedSite/rsNewUser/dressOftenOption' is clicked on

2019-10-09 20:56:45 - [TEST_STEP][PASSED] - click(findTestObject("Object Repository/ReplicatedSite/rsNewUser/dressStyle")): Object: 'Object Repository/ReplicatedSite/rsNewUser/dressStyle' is clicked on

2019-10-09 20:56:45 - [MESSAGE][PASSED] - Object: 'Object Repository/ReplicatedSite/rsNewUser/dressStyle' is clicked on

2019-10-09 20:56:45 - [TEST_STEP][PASSED] - click(findTestObject("Object Repository/ReplicatedSite/rsNewUser/dressShape")): Object: 'Object Repository/ReplicatedSite/rsNewUser/dressShape' is clicked on

2019-10-09 20:56:45 - [MESSAGE][PASSED] - Object: 'Object Repository/ReplicatedSite/rsNewUser/dressShape' is clicked on

2019-10-09 20:56:45 - [TEST_STEP][PASSED] - click(findTestObject("Object Repository/ReplicatedSite/rsNewUser/dressAccentuate")): Object: 'Object Repository/ReplicatedSite/rsNewUser/dressAccentuate' is clicked on

2019-10-09 20:56:45 - [MESSAGE][PASSED] - Object: 'Object Repository/ReplicatedSite/rsNewUser/dressAccentuate' is clicked on

2019-10-09 20:56:45 - [TEST_STEP][PASSED] - click(findTestObject("Object Repository/ReplicatedSite/rsNewUser/dislikeColors")): Object: 'Object Repository/ReplicatedSite/rsNewUser/dislikeColors' is clicked on

2019-10-09 20:56:45 - [MESSAGE][PASSED] - Object: 'Object Repository/ReplicatedSite/rsNewUser/dislikeColors' is clicked on

2019-10-09 20:56:45 - [TEST_STEP][PASSED] - click(findTestObject("Object Repository/ReplicatedSite/rsNewUser/dislikePatterns")): Object: 'Object Repository/ReplicatedSite/rsNewUser/dislikePatterns' is clicked on

2019-10-09 20:56:45 - [MESSAGE][PASSED] - Object: 'Object Repository/ReplicatedSite/rsNewUser/dislikePatterns' is clicked on

2019-10-09 20:56:45 - [TEST_STEP][PASSED] - click(findTestObject("Object Repository/ReplicatedSite/rsNewUser/continueButtonStyleForm")): Object: 'Object Repository/ReplicatedSite/rsNewUser/continueButtonStyleForm' is clicked on

2019-10-09 20:56:45 - [MESSAGE][PASSED] - Object: 'Object Repository/ReplicatedSite/rsNewUser/continueButtonStyleForm' is clicked on

2019-10-09 20:56:45 - [TEST_STEP][PASSED] - waitForElementClickable(findTestObject("Object Repository/ReplicatedSite/rsNewUser/topsRadiobutton"), 5): Web element with id: 'Object Repository/ReplicatedSite/rsNewUser/topsRadiobutton' located by 'By.xpath: //*[@id="mm-0"]/div[2]/div/questionnaire-root/app-questionnaire/div/div[1]/app-questionnaire-my-style-product-rs/div/div/div/div/div[1]/app-my-style-product-question/div/div[4]/div/label/div[2]' not found

2019-10-09 20:56:51 - [MESSAGE][INFO] - Unable to find the element located by 'By.xpath: //*[@id="mm-0"]/div[2]/div/questionnaire-root/app-questionnaire/div/div[1]/app-questionnaire-my-style-product-rs/div/div/div/div/div[1]/app-my-style-product-question/div/div[4]/div/label/div[2]'. Please recheck the objects properties to make sure the desired element is located. 

2019-10-09 20:56:51 - [MESSAGE][WARNING] - Web element with id: 'Object Repository/ReplicatedSite/rsNewUser/topsRadiobutton' located by 'By.xpath: //*[@id="mm-0"]/div[2]/div/questionnaire-root/app-questionnaire/div/div[1]/app-questionnaire-my-style-product-rs/div/div/div/div/div[1]/app-my-style-product-question/div/div[4]/div/label/div[2]' not found

2019-10-09 20:56:51 - [TEST_STEP][PASSED] - delay(3): Delayed 3 second(s)

2019-10-09 20:56:54 - [MESSAGE][PASSED] - Delayed 3 second(s)

2019-10-09 20:56:54 - [TEST_STEP][FAILED] - click(findTestObject("Object Repository/ReplicatedSite/rsNewUser/sweatersRadioButton")): click(findTestObject("Object Repository/ReplicatedSite/rsNewUser/sweatersRadioButton")) FAILED.
Reason:
com.kms.katalon.core.exception.StepFailedException: Unable to click on object 'Object Repository/ReplicatedSite/rsNewUser/sweatersRadioButton'
	at com.kms.katalon.core.webui.keyword.internal.WebUIKeywordMain.stepFailed(WebUIKeywordMain.groovy:64)
	at com.kms.katalon.core.webui.keyword.internal.WebUIKeywordMain.runKeyword(WebUIKeywordMain.groovy:26)
	at com.kms.katalon.core.webui.keyword.builtin.ClickKeyword.click(ClickKeyword.groovy:86)
	at com.kms.katalon.core.webui.keyword.builtin.ClickKeyword.execute(ClickKeyword.groovy:67)
	at com.kms.katalon.core.keyword.internal.KeywordExecutor.executeKeywordForPlatform(KeywordExecutor.groovy:56)
	at com.kms.katalon.core.webui.keyword.WebUiBuiltInKeywords.click(WebUiBuiltInKeywords.groovy:616)
	at com.kms.katalon.core.webui.keyword.WebUiBuiltInKeywords$click$3.call(Unknown Source)
	at newUserRegistrationRS.run(newUserRegistrationRS:110)
	at com.kms.katalon.core.main.ScriptEngine.run(ScriptEngine.java:194)
	at com.kms.katalon.core.main.ScriptEngine.runScriptAsRawText(ScriptEngine.java:119)
	at com.kms.katalon.core.main.TestCaseExecutor.runScript(TestCaseExecutor.java:342)
	at com.kms.katalon.core.main.TestCaseExecutor.doExecute(TestCaseExecutor.java:333)
	at com.kms.katalon.core.main.TestCaseExecutor.processExecutionPhase(TestCaseExecutor.java:312)
	at com.kms.katalon.core.main.TestCaseExecutor.accessMainPhase(TestCaseExecutor.java:304)
	at com.kms.katalon.core.main.TestCaseExecutor.execute(TestCaseExecutor.java:238)
	at com.kms.katalon.core.main.TestSuiteExecutor.accessTestCaseMainPhase(TestSuiteExecutor.java:129)
	at com.kms.katalon.core.main.TestSuiteExecutor.accessTestSuiteMainPhase(TestSuiteExecutor.java:112)
	at com.kms.katalon.core.main.TestSuiteExecutor.execute(TestSuiteExecutor.java:81)
	at com.kms.katalon.core.main.TestCaseMain.startTestSuite(TestCaseMain.java:157)
	at com.kms.katalon.core.main.TestCaseMain$startTestSuite$0.call(Unknown Source)
	at TempTestSuite1570634584079.run(TempTestSuite1570634584079.groovy:35)
Caused by: com.kms.katalon.core.webui.exception.WebElementNotFoundException: Web element with id: 'Object Repository/ReplicatedSite/rsNewUser/sweatersRadioButton' located by 'By.xpath: //*[@id="mm-0"]/div[2]/div/questionnaire-root/app-questionnaire/div/div[1]/app-questionnaire-my-style-product-rs/div/div/div/div/div[2]/app-my-style-product-question/div/div[3]/div/label/div[2]' not found
	at com.kms.katalon.core.webui.common.WebUiCommonHelper.findWebElement(WebUiCommonHelper.java:1097)
	at com.kms.katalon.core.webui.keyword.internal.WebUIAbstractKeyword.findWebElement(WebUIAbstractKeyword.groovy:27)
	at com.kms.katalon.core.webui.keyword.internal.WebUIAbstractKeyword.findWebElement(WebUIAbstractKeyword.groovy:26)
	at com.kms.katalon.core.webui.keyword.builtin.ClickKeyword$_click_closure1.doCall(ClickKeyword.groovy:77)
	at com.kms.katalon.core.webui.keyword.builtin.ClickKeyword$_click_closure1.call(ClickKeyword.groovy)
	at com.kms.katalon.core.webui.keyword.internal.WebUIKeywordMain.runKeyword(WebUIKeywordMain.groovy:20)
	at com.kms.katalon.core.webui.keyword.builtin.ClickKeyword.click(ClickKeyword.groovy:86)
	at com.kms.katalon.core.webui.keyword.builtin.ClickKeyword.execute(ClickKeyword.groovy:67)
	at com.kms.katalon.core.keyword.internal.KeywordExecutor.executeKeywordForPlatform(KeywordExecutor.groovy:56)
	at com.kms.katalon.core.webui.keyword.WebUiBuiltInKeywords.click(WebUiBuiltInKeywords.groovy:616)
	at com.kms.katalon.core.webui.keyword.WebUiBuiltInKeywords$click$3.call(Unknown Source)
	at Script1564758359451.run(Script1564758359451.groovy:110)
	... 13 more


2019-10-09 20:57:25 - [MESSAGE][INFO] - Unable to find the element located by 'By.xpath: //*[@id="mm-0"]/div[2]/div/questionnaire-root/app-questionnaire/div/div[1]/app-questionnaire-my-style-product-rs/div/div/div/div/div[2]/app-my-style-product-question/div/div[3]/div/label/div[2]'. Please recheck the objects properties to make sure the desired element is located. 

2019-10-09 20:57:25 - [MESSAGE][FAILED] - Unable to click on object 'Object Repository/ReplicatedSite/rsNewUser/sweatersRadioButton' (Root cause: com.kms.katalon.core.exception.StepFailedException: Unable to click on object 'Object Repository/ReplicatedSite/rsNewUser/sweatersRadioButton'
	at com.kms.katalon.core.webui.keyword.internal.WebUIKeywordMain.stepFailed(WebUIKeywordMain.groovy:64)
	at com.kms.katalon.core.webui.keyword.internal.WebUIKeywordMain.runKeyword(WebUIKeywordMain.groovy:26)
	at com.kms.katalon.core.webui.keyword.builtin.ClickKeyword.click(ClickKeyword.groovy:86)
	at com.kms.katalon.core.webui.keyword.builtin.ClickKeyword.execute(ClickKeyword.groovy:67)
	at com.kms.katalon.core.keyword.internal.KeywordExecutor.executeKeywordForPlatform(KeywordExecutor.groovy:56)
	at com.kms.katalon.core.webui.keyword.WebUiBuiltInKeywords.click(WebUiBuiltInKeywords.groovy:616)
	at com.kms.katalon.core.webui.keyword.WebUiBuiltInKeywords$click$3.call(Unknown Source)
	at newUserRegistrationRS.run(newUserRegistrationRS:110)
	at com.kms.katalon.core.main.ScriptEngine.run(ScriptEngine.java:194)
	at com.kms.katalon.core.main.ScriptEngine.runScriptAsRawText(ScriptEngine.java:119)
	at com.kms.katalon.core.main.TestCaseExecutor.runScript(TestCaseExecutor.java:342)
	at com.kms.katalon.core.main.TestCaseExecutor.doExecute(TestCaseExecutor.java:333)
	at com.kms.katalon.core.main.TestCaseExecutor.processExecutionPhase(TestCaseExecutor.java:312)
	at com.kms.katalon.core.main.TestCaseExecutor.accessMainPhase(TestCaseExecutor.java:304)
	at com.kms.katalon.core.main.TestCaseExecutor.execute(TestCaseExecutor.java:238)
	at com.kms.katalon.core.main.TestSuiteExecutor.accessTestCaseMainPhase(TestSuiteExecutor.java:129)
	at com.kms.katalon.core.main.TestSuiteExecutor.accessTestSuiteMainPhase(TestSuiteExecutor.java:112)
	at com.kms.katalon.core.main.TestSuiteExecutor.execute(TestSuiteExecutor.java:81)
	at com.kms.katalon.core.main.TestCaseMain.startTestSuite(TestCaseMain.java:157)
	at com.kms.katalon.core.main.TestCaseMain$startTestSuite$0.call(Unknown Source)
	at TempTestSuite1570634584079.run(TempTestSuite1570634584079.groovy:35)
Caused by: com.kms.katalon.core.webui.exception.WebElementNotFoundException: Web element with id: 'Object Repository/ReplicatedSite/rsNewUser/sweatersRadioButton' located by 'By.xpath: //*[@id="mm-0"]/div[2]/div/questionnaire-root/app-questionnaire/div/div[1]/app-questionnaire-my-style-product-rs/div/div/div/div/div[2]/app-my-style-product-question/div/div[3]/div/label/div[2]' not found
	at com.kms.katalon.core.webui.common.WebUiCommonHelper.findWebElement(WebUiCommonHelper.java:1097)
	at com.kms.katalon.core.webui.keyword.internal.WebUIAbstractKeyword.findWebElement(WebUIAbstractKeyword.groovy:27)
	at com.kms.katalon.core.webui.keyword.internal.WebUIAbstractKeyword.findWebElement(WebUIAbstractKeyword.groovy:26)
	at com.kms.katalon.core.webui.keyword.builtin.ClickKeyword$_click_closure1.doCall(ClickKeyword.groovy:77)
	at com.kms.katalon.core.webui.keyword.builtin.ClickKeyword$_click_closure1.call(ClickKeyword.groovy)
	at com.kms.katalon.core.webui.keyword.internal.WebUIKeywordMain.runKeyword(WebUIKeywordMain.groovy:20)
	at com.kms.katalon.core.webui.keyword.builtin.ClickKeyword.click(ClickKeyword.groovy:86)
	at com.kms.katalon.core.webui.keyword.builtin.ClickKeyword.execute(ClickKeyword.groovy:67)
	at com.kms.katalon.core.keyword.internal.KeywordExecutor.executeKeywordForPlatform(KeywordExecutor.groovy:56)
	at com.kms.katalon.core.webui.keyword.WebUiBuiltInKeywords.click(WebUiBuiltInKeywords.groovy:616)
	at com.kms.katalon.core.webui.keyword.WebUiBuiltInKeywords$click$3.call(Unknown Source)
	at Script1564758359451.run(Script1564758359451.groovy:110)
	... 13 more
)
[[ATTACHMENT|C:\\Users\\user\\Documents\\testautomation\\KatalonProjects\\Reports\\VirtualShowSuites\\DashboardSuite\\20191009_205303\\1570634845432.png]]

2019-10-09 20:57:25 - [MESSAGE][FAILED] - click(findTestObject("Object Repository/ReplicatedSite/rsNewUser/sweatersRadioButton")) FAILED.
Reason:
com.kms.katalon.core.exception.StepFailedException: Unable to click on object 'Object Repository/ReplicatedSite/rsNewUser/sweatersRadioButton'
	at com.kms.katalon.core.webui.keyword.internal.WebUIKeywordMain.stepFailed(WebUIKeywordMain.groovy:64)
	at com.kms.katalon.core.webui.keyword.internal.WebUIKeywordMain.runKeyword(WebUIKeywordMain.groovy:26)
	at com.kms.katalon.core.webui.keyword.builtin.ClickKeyword.click(ClickKeyword.groovy:86)
	at com.kms.katalon.core.webui.keyword.builtin.ClickKeyword.execute(ClickKeyword.groovy:67)
	at com.kms.katalon.core.keyword.internal.KeywordExecutor.executeKeywordForPlatform(KeywordExecutor.groovy:56)
	at com.kms.katalon.core.webui.keyword.WebUiBuiltInKeywords.click(WebUiBuiltInKeywords.groovy:616)
	at com.kms.katalon.core.webui.keyword.WebUiBuiltInKeywords$click$3.call(Unknown Source)
	at newUserRegistrationRS.run(newUserRegistrationRS:110)
	at com.kms.katalon.core.main.ScriptEngine.run(ScriptEngine.java:194)
	at com.kms.katalon.core.main.ScriptEngine.runScriptAsRawText(ScriptEngine.java:119)
	at com.kms.katalon.core.main.TestCaseExecutor.runScript(TestCaseExecutor.java:342)
	at com.kms.katalon.core.main.TestCaseExecutor.doExecute(TestCaseExecutor.java:333)
	at com.kms.katalon.core.main.TestCaseExecutor.processExecutionPhase(TestCaseExecutor.java:312)
	at com.kms.katalon.core.main.TestCaseExecutor.accessMainPhase(TestCaseExecutor.java:304)
	at com.kms.katalon.core.main.TestCaseExecutor.execute(TestCaseExecutor.java:238)
	at com.kms.katalon.core.main.TestSuiteExecutor.accessTestCaseMainPhase(TestSuiteExecutor.java:129)
	at com.kms.katalon.core.main.TestSuiteExecutor.accessTestSuiteMainPhase(TestSuiteExecutor.java:112)
	at com.kms.katalon.core.main.TestSuiteExecutor.execute(TestSuiteExecutor.java:81)
	at com.kms.katalon.core.main.TestCaseMain.startTestSuite(TestCaseMain.java:157)
	at com.kms.katalon.core.main.TestCaseMain$startTestSuite$0.call(Unknown Source)
	at TempTestSuite1570634584079.run(TempTestSuite1570634584079.groovy:35)
Caused by: com.kms.katalon.core.webui.exception.WebElementNotFoundException: Web element with id: 'Object Repository/ReplicatedSite/rsNewUser/sweatersRadioButton' located by 'By.xpath: //*[@id="mm-0"]/div[2]/div/questionnaire-root/app-questionnaire/div/div[1]/app-questionnaire-my-style-product-rs/div/div/div/div/div[2]/app-my-style-product-question/div/div[3]/div/label/div[2]' not found
	at com.kms.katalon.core.webui.common.WebUiCommonHelper.findWebElement(WebUiCommonHelper.java:1097)
	at com.kms.katalon.core.webui.keyword.internal.WebUIAbstractKeyword.findWebElement(WebUIAbstractKeyword.groovy:27)
	at com.kms.katalon.core.webui.keyword.internal.WebUIAbstractKeyword.findWebElement(WebUIAbstractKeyword.groovy:26)
	at com.kms.katalon.core.webui.keyword.builtin.ClickKeyword$_click_closure1.doCall(ClickKeyword.groovy:77)
	at com.kms.katalon.core.webui.keyword.builtin.ClickKeyword$_click_closure1.call(ClickKeyword.groovy)
	at com.kms.katalon.core.webui.keyword.internal.WebUIKeywordMain.runKeyword(WebUIKeywordMain.groovy:20)
	at com.kms.katalon.core.webui.keyword.builtin.ClickKeyword.click(ClickKeyword.groovy:86)
	at com.kms.katalon.core.webui.keyword.builtin.ClickKeyword.execute(ClickKeyword.groovy:67)
	at com.kms.katalon.core.keyword.internal.KeywordExecutor.executeKeywordForPlatform(KeywordExecutor.groovy:56)
	at com.kms.katalon.core.webui.keyword.WebUiBuiltInKeywords.click(WebUiBuiltInKeywords.groovy:616)
	at com.kms.katalon.core.webui.keyword.WebUiBuiltInKeywords$click$3.call(Unknown Source)
	at Script1564758359451.run(Script1564758359451.groovy:110)
	... 13 more]]></system-out>
         <system-err><![CDATA[2019-10-09 20:55:05 - [TEST_CASE][FAILED] - Test Cases/VirtualShow/newUserRegistrationRS: Test Cases/VirtualShow/newUserRegistrationRS FAILED.
Reason:
com.kms.katalon.core.exception.StepFailedException: Unable to click on object 'Object Repository/ReplicatedSite/rsNewUser/sweatersRadioButton'
	at com.kms.katalon.core.webui.keyword.internal.WebUIKeywordMain.stepFailed(WebUIKeywordMain.groovy:64)
	at com.kms.katalon.core.webui.keyword.internal.WebUIKeywordMain.runKeyword(WebUIKeywordMain.groovy:26)
	at com.kms.katalon.core.webui.keyword.builtin.ClickKeyword.click(ClickKeyword.groovy:86)
	at com.kms.katalon.core.webui.keyword.builtin.ClickKeyword.execute(ClickKeyword.groovy:67)
	at com.kms.katalon.core.keyword.internal.KeywordExecutor.executeKeywordForPlatform(KeywordExecutor.groovy:56)
	at com.kms.katalon.core.webui.keyword.WebUiBuiltInKeywords.click(WebUiBuiltInKeywords.groovy:616)
	at com.kms.katalon.core.webui.keyword.WebUiBuiltInKeywords$click$3.call(Unknown Source)
	at newUserRegistrationRS.run(newUserRegistrationRS:110)
	at com.kms.katalon.core.main.ScriptEngine.run(ScriptEngine.java:194)
	at com.kms.katalon.core.main.ScriptEngine.runScriptAsRawText(ScriptEngine.java:119)
	at com.kms.katalon.core.main.TestCaseExecutor.runScript(TestCaseExecutor.java:342)
	at com.kms.katalon.core.main.TestCaseExecutor.doExecute(TestCaseExecutor.java:333)
	at com.kms.katalon.core.main.TestCaseExecutor.processExecutionPhase(TestCaseExecutor.java:312)
	at com.kms.katalon.core.main.TestCaseExecutor.accessMainPhase(TestCaseExecutor.java:304)
	at com.kms.katalon.core.main.TestCaseExecutor.execute(TestCaseExecutor.java:238)
	at com.kms.katalon.core.main.TestSuiteExecutor.accessTestCaseMainPhase(TestSuiteExecutor.java:129)
	at com.kms.katalon.core.main.TestSuiteExecutor.accessTestSuiteMainPhase(TestSuiteExecutor.java:112)
	at com.kms.katalon.core.main.TestSuiteExecutor.execute(TestSuiteExecutor.java:81)
	at com.kms.katalon.core.main.TestCaseMain.startTestSuite(TestCaseMain.java:157)
	at com.kms.katalon.core.main.TestCaseMain$startTestSuite$0.call(Unknown Source)
	at TempTestSuite1570634584079.run(TempTestSuite1570634584079.groovy:35)
Caused by: com.kms.katalon.core.webui.exception.WebElementNotFoundException: Web element with id: 'Object Repository/ReplicatedSite/rsNewUser/sweatersRadioButton' located by 'By.xpath: //*[@id="mm-0"]/div[2]/div/questionnaire-root/app-questionnaire/div/div[1]/app-questionnaire-my-style-product-rs/div/div/div/div/div[2]/app-my-style-product-question/div/div[3]/div/label/div[2]' not found
	at com.kms.katalon.core.webui.common.WebUiCommonHelper.findWebElement(WebUiCommonHelper.java:1097)
	at com.kms.katalon.core.webui.keyword.internal.WebUIAbstractKeyword.findWebElement(WebUIAbstractKeyword.groovy:27)
	at com.kms.katalon.core.webui.keyword.internal.WebUIAbstractKeyword.findWebElement(WebUIAbstractKeyword.groovy:26)
	at com.kms.katalon.core.webui.keyword.builtin.ClickKeyword$_click_closure1.doCall(ClickKeyword.groovy:77)
	at com.kms.katalon.core.webui.keyword.builtin.ClickKeyword$_click_closure1.call(ClickKeyword.groovy)
	at com.kms.katalon.core.webui.keyword.internal.WebUIKeywordMain.runKeyword(WebUIKeywordMain.groovy:20)
	at com.kms.katalon.core.webui.keyword.builtin.ClickKeyword.click(ClickKeyword.groovy:86)
	at com.kms.katalon.core.webui.keyword.builtin.ClickKeyword.execute(ClickKeyword.groovy:67)
	at com.kms.katalon.core.keyword.internal.KeywordExecutor.executeKeywordForPlatform(KeywordExecutor.groovy:56)
	at com.kms.katalon.core.webui.keyword.WebUiBuiltInKeywords.click(WebUiBuiltInKeywords.groovy:616)
	at com.kms.katalon.core.webui.keyword.WebUiBuiltInKeywords$click$3.call(Unknown Source)
	at Script1564758359451.run(Script1564758359451.groovy:110)
	... 13 more]]></system-err>
      </testcase>
      <system-out><![CDATA[2019-10-09 20:53:08 - [TEST_SUITE][ERROR] - DashboardSuite: Test Cases/VirtualShow/VS_Automation FAILED.
Reason:
java.lang.IndexOutOfBoundsException: Index: 0
	at java_util_List$get$2.call(Unknown Source)
	at commonUtility.VSGuest.createActualGuestList(VSGuest.groovy:78)
	at commonUtility.VSGuest$createActualGuestList$0.call(Unknown Source)
	at commonUtility.VSGuest.validateGuests(VSGuest.groovy:123)
	at commonUtility.VSGuest$validateGuests.call(Unknown Source)
	at commonUtility.UtilityMethods.validateGuestsListDashboard(UtilityMethods.groovy:215)
	at commonUtility.UtilityMethods$validateGuestsListDashboard$1.call(Unknown Source)
	at VS_Automation.run(VS_Automation:159)
	at com.kms.katalon.core.main.ScriptEngine.run(ScriptEngine.java:194)
	at com.kms.katalon.core.main.ScriptEngine.runScriptAsRawText(ScriptEngine.java:119)
	at com.kms.katalon.core.main.TestCaseExecutor.runScript(TestCaseExecutor.java:342)
	at com.kms.katalon.core.main.TestCaseExecutor.doExecute(TestCaseExecutor.java:333)
	at com.kms.katalon.core.main.TestCaseExecutor.processExecutionPhase(TestCaseExecutor.java:312)
	at com.kms.katalon.core.main.TestCaseExecutor.accessMainPhase(TestCaseExecutor.java:304)
	at com.kms.katalon.core.main.TestCaseExecutor.execute(TestCaseExecutor.java:238)
	at com.kms.katalon.core.main.TestSuiteExecutor.accessTestCaseMainPhase(TestSuiteExecutor.java:129)
	at com.kms.katalon.core.main.TestSuiteExecutor.accessTestSuiteMainPhase(TestSuiteExecutor.java:112)
	at com.kms.katalon.core.main.TestSuiteExecutor.execute(TestSuiteExecutor.java:81)
	at com.kms.katalon.core.main.TestCaseMain.startTestSuite(TestCaseMain.java:157)
	at com.kms.katalon.core.main.TestCaseMain$startTestSuite$0.call(Unknown Source)
	at TempTestSuite1570634584079.run(TempTestSuite1570634584079.groovy:35)]]></system-out>
      <system-err><![CDATA[2019-10-09 20:53:08 - [TEST_SUITE][ERROR] - DashboardSuite: Test Cases/VirtualShow/VS_Automation FAILED.
Reason:
java.lang.IndexOutOfBoundsException: Index: 0
	at java_util_List$get$2.call(Unknown Source)
	at commonUtility.VSGuest.createActualGuestList(VSGuest.groovy:78)
	at commonUtility.VSGuest$createActualGuestList$0.call(Unknown Source)
	at commonUtility.VSGuest.validateGuests(VSGuest.groovy:123)
	at commonUtility.VSGuest$validateGuests.call(Unknown Source)
	at commonUtility.UtilityMethods.validateGuestsListDashboard(UtilityMethods.groovy:215)
	at commonUtility.UtilityMethods$validateGuestsListDashboard$1.call(Unknown Source)
	at VS_Automation.run(VS_Automation:159)
	at com.kms.katalon.core.main.ScriptEngine.run(ScriptEngine.java:194)
	at com.kms.katalon.core.main.ScriptEngine.runScriptAsRawText(ScriptEngine.java:119)
	at com.kms.katalon.core.main.TestCaseExecutor.runScript(TestCaseExecutor.java:342)
	at com.kms.katalon.core.main.TestCaseExecutor.doExecute(TestCaseExecutor.java:333)
	at com.kms.katalon.core.main.TestCaseExecutor.processExecutionPhase(TestCaseExecutor.java:312)
	at com.kms.katalon.core.main.TestCaseExecutor.accessMainPhase(TestCaseExecutor.java:304)
	at com.kms.katalon.core.main.TestCaseExecutor.execute(TestCaseExecutor.java:238)
	at com.kms.katalon.core.main.TestSuiteExecutor.accessTestCaseMainPhase(TestSuiteExecutor.java:129)
	at com.kms.katalon.core.main.TestSuiteExecutor.accessTestSuiteMainPhase(TestSuiteExecutor.java:112)
	at com.kms.katalon.core.main.TestSuiteExecutor.execute(TestSuiteExecutor.java:81)
	at com.kms.katalon.core.main.TestCaseMain.startTestSuite(TestCaseMain.java:157)
	at com.kms.katalon.core.main.TestCaseMain$startTestSuite$0.call(Unknown Source)
	at TempTestSuite1570634584079.run(TempTestSuite1570634584079.groovy:35)]]></system-err>
   </testsuite>
</testsuites>
