<?xml version="1.0" encoding="UTF-8"?>
<testsuites name="DashboardSuite" time="218" tests="0" failures="0" errors="1">
   <testsuite name="DashboardSuite" tests="0" failures="0" errors="1" time="218" timestamp="2019-11-17 03:09:23" hostname="user - Nivedita" id="Test Suites/VirtualShowSuites/DashboardSuite">
      <properties>
         <property name="deviceName" value=""/>
         <property name="devicePlatform" value=""/>
         <property name="logFolder" value="C:\\Users\\user\\Documents\\testautomation\\KatalonProjects\\Reports\\VirtualShowSuites\\DashboardSuite\\20191117_030920"/>
         <property name="logFiles" value="C:\\Users\\user\\Documents\\testautomation\\KatalonProjects\\Reports\\VirtualShowSuites\\DashboardSuite\\20191117_030920\\execution0.log"/>
         <property name="attachments" value=""/>
         <property name="hostName" value="user - Nivedita"/>
         <property name="os" value="Windows 8.1 64bit"/>
         <property name="katalonVersion" value="6.1.1.1"/>
         <property name="browser" value="Chrome 78.0.3904.97"/>
         <property name="hostAddress" value="192.168.43.31"/>
         <property name="sessionId" value="1bf23580f19b54db269c12060bfc513c"/>
         <property name="seleniumVersion" value="3.7.1"/>
         <property name="proxyInformation" value="ProxyInformation{proxyOption=NO_PROXY, proxyServerType=HTTP, password=, proxyServerAddress=, proxyServerPort=0}"/>
         <property name="platform" value="Windows 8.1"/>
      </properties>
      <testcase name="Test Cases/VirtualShow/newUserRegistrationRS" classname="Test Cases/VirtualShow/newUserRegistrationRS" status="ERROR">
         <error type="ERROR" message="Test Cases/VirtualShow/newUserRegistrationRS FAILED.
Reason:
com.kms.katalon.core.webui.exception.WebElementNotFoundException: Web element with id: 'editStyleForm' located by 'By.xpath: //span[text()='Waist Sizes:']/parent::div/following-sibling::div//div[@class='drop-text' and text()='30']' not found
	at com.kms.katalon.core.webui.common.WebUiCommonHelper.findWebElement(WebUiCommonHelper.java:1097)
	at com.kms.katalon.core.webui.common.WebUiCommonHelper$findWebElement.call(Unknown Source)
	at newUserRegistrationRS.run(newUserRegistrationRS:327)
	at com.kms.katalon.core.main.ScriptEngine.run(ScriptEngine.java:194)
	at com.kms.katalon.core.main.ScriptEngine.runScriptAsRawText(ScriptEngine.java:119)
	at com.kms.katalon.core.main.TestCaseExecutor.runScript(TestCaseExecutor.java:342)
	at com.kms.katalon.core.main.TestCaseExecutor.doExecute(TestCaseExecutor.java:333)
	at com.kms.katalon.core.main.TestCaseExecutor.processExecutionPhase(TestCaseExecutor.java:312)
	at com.kms.katalon.core.main.TestCaseExecutor.accessMainPhase(TestCaseExecutor.java:304)
	at com.kms.katalon.core.main.TestCaseExecutor.execute(TestCaseExecutor.java:238)
	at com.kms.katalon.core.main.TestSuiteExecutor.accessTestCaseMainPhase(TestSuiteExecutor.java:129)
	at com.kms.katalon.core.main.TestSuiteExecutor.accessTestSuiteMainPhase(TestSuiteExecutor.java:112)
	at com.kms.katalon.core.main.TestSuiteExecutor.execute(TestSuiteExecutor.java:81)
	at com.kms.katalon.core.main.TestCaseMain.startTestSuite(TestCaseMain.java:157)
	at com.kms.katalon.core.main.TestCaseMain$startTestSuite$0.call(Unknown Source)
	at TempTestSuite1573940360393.run(TempTestSuite1573940360393.groovy:35)
"/>
         <system-out><![CDATA[2019-11-17 03:09:23 - [TEST_CASE][ERROR] - Test Cases/VirtualShow/newUserRegistrationRS: Test Cases/VirtualShow/newUserRegistrationRS FAILED.
Reason:
com.kms.katalon.core.webui.exception.WebElementNotFoundException: Web element with id: 'editStyleForm' located by 'By.xpath: //span[text()='Waist Sizes:']/parent::div/following-sibling::div//div[@class='drop-text' and text()='30']' not found
	at com.kms.katalon.core.webui.common.WebUiCommonHelper.findWebElement(WebUiCommonHelper.java:1097)
	at com.kms.katalon.core.webui.common.WebUiCommonHelper$findWebElement.call(Unknown Source)
	at newUserRegistrationRS.run(newUserRegistrationRS:327)
	at com.kms.katalon.core.main.ScriptEngine.run(ScriptEngine.java:194)
	at com.kms.katalon.core.main.ScriptEngine.runScriptAsRawText(ScriptEngine.java:119)
	at com.kms.katalon.core.main.TestCaseExecutor.runScript(TestCaseExecutor.java:342)
	at com.kms.katalon.core.main.TestCaseExecutor.doExecute(TestCaseExecutor.java:333)
	at com.kms.katalon.core.main.TestCaseExecutor.processExecutionPhase(TestCaseExecutor.java:312)
	at com.kms.katalon.core.main.TestCaseExecutor.accessMainPhase(TestCaseExecutor.java:304)
	at com.kms.katalon.core.main.TestCaseExecutor.execute(TestCaseExecutor.java:238)
	at com.kms.katalon.core.main.TestSuiteExecutor.accessTestCaseMainPhase(TestSuiteExecutor.java:129)
	at com.kms.katalon.core.main.TestSuiteExecutor.accessTestSuiteMainPhase(TestSuiteExecutor.java:112)
	at com.kms.katalon.core.main.TestSuiteExecutor.execute(TestSuiteExecutor.java:81)
	at com.kms.katalon.core.main.TestCaseMain.startTestSuite(TestCaseMain.java:157)
	at com.kms.katalon.core.main.TestCaseMain$startTestSuite$0.call(Unknown Source)
	at TempTestSuite1573940360393.run(TempTestSuite1573940360393.groovy:35)


2019-11-17 03:09:24 - [TEST_STEP][PASSED] - Start listener action : sampleBeforeTestCase: null

2019-11-17 03:09:24 - [TEST_STEP][PASSED] - println(testCaseContext.getTestCaseId()): null

2019-11-17 03:09:24 - [TEST_STEP][PASSED] - println(testCaseContext.getTestCaseVariables()): null

2019-11-17 03:09:25 - [TEST_STEP][PASSED] - RSURL = findTestData("envtData").getValue("RSURL", 1): null

2019-11-17 03:09:25 - [TEST_STEP][PASSED] - RSuser = findTestData("credData").getValue("RSuser", 1): null

2019-11-17 03:09:25 - [TEST_STEP][PASSED] - RSTestEnvt = findTestData("envtData").getValue("RSTestEnvt", 1): null

2019-11-17 03:09:25 - [TEST_STEP][PASSED] - faker = new com.github.javafaker.Faker(): null

2019-11-17 03:09:26 - [TEST_STEP][PASSED] - name = name().fullName(): null

2019-11-17 03:09:26 - [TEST_STEP][PASSED] - firstName = name.firstName(): null

2019-11-17 03:09:26 - [TEST_STEP][PASSED] - lastName = name().lastName(): null

2019-11-17 03:09:26 - [TEST_STEP][PASSED] - email = internet.emailAddress(): null

2019-11-17 03:09:26 - [TEST_STEP][PASSED] - openBrowser(""): Browser is opened with url: ''

2019-11-17 03:09:26 - [MESSAGE][INFO] - Starting 'Chrome' driver

2019-11-17 03:09:26 - [MESSAGE][INFO] - User set preference: ['args', '[--use-fake-ui-for-media-stream, --start-maximized]']

2019-11-17 03:09:26 - [MESSAGE][INFO] - Action delay is set to 0 seconds

2019-11-17 03:09:29 - [MESSAGE][PASSED] - Browser is opened with url: ''

2019-11-17 03:09:29 - [TEST_STEP][PASSED] - maximizeWindow(): Current window maximized

2019-11-17 03:09:30 - [MESSAGE][PASSED] - Current window maximized

2019-11-17 03:09:30 - [TEST_STEP][PASSED] - callTestCase(findTestCase("TestCaseUtilities/setVHost"), [:], CONTINUE_ON_FAILURE): Call Test Case 'Test Cases/TestCaseUtilities/setVHost' successfully

2019-11-17 03:09:30 - [TEST_CASE][PASSED] - Test Cases/TestCaseUtilities/setVHost: Test Cases/TestCaseUtilities/setVHost

2019-11-17 03:09:31 - [TEST_STEP][PASSED] - ofbizURL = findTestData("envtData").getValue("ofbizURL", 1): null

2019-11-17 03:09:31 - [TEST_STEP][PASSED] - ofbizUser = findTestData("credData").getValue("ofbizuser", 1): null

2019-11-17 03:09:31 - [TEST_STEP][PASSED] - ofbizPass = findTestData("credData").getValue("ofbizpass", 1): null

2019-11-17 03:09:31 - [TEST_STEP][PASSED] - vhostTarget = findTestData("envtData").getValue("vhostTarget", 1): null

2019-11-17 03:09:31 - [TEST_STEP][PASSED] - navigateToUrl(ofbizURL): Navigate to 'https://pushofbiz.cliotest.com/login.php' successfully

2019-11-17 03:09:33 - [MESSAGE][PASSED] - Navigate to 'https://pushofbiz.cliotest.com/login.php' successfully

2019-11-17 03:09:33 - [TEST_STEP][PASSED] - setText(findTestObject("Object Repository/virualShowRSVPOR/Page_/input_Username_username"), ofbizUser): Text 'automation' is set on object 'Object Repository/virualShowRSVPOR/Page_/input_Username_username'

2019-11-17 03:09:33 - [MESSAGE][PASSED] - Text 'automation' is set on object 'Object Repository/virualShowRSVPOR/Page_/input_Username_username'

2019-11-17 03:09:33 - [TEST_STEP][PASSED] - setText(findTestObject("Object Repository/virualShowRSVPOR/Page_/input_Password_password"), ofbizPass): Text 'cabiautomation' is set on object 'Object Repository/virualShowRSVPOR/Page_/input_Password_password'

2019-11-17 03:09:33 - [MESSAGE][PASSED] - Text 'cabiautomation' is set on object 'Object Repository/virualShowRSVPOR/Page_/input_Password_password'

2019-11-17 03:09:33 - [TEST_STEP][PASSED] - click(findTestObject("Object Repository/virualShowRSVPOR/Page_/input_Password_Submit")): Object: 'Object Repository/virualShowRSVPOR/Page_/input_Password_Submit' is clicked on

2019-11-17 03:09:38 - [MESSAGE][PASSED] - Object: 'Object Repository/virualShowRSVPOR/Page_/input_Password_Submit' is clicked on

2019-11-17 03:09:38 - [TEST_STEP][PASSED] - click(findTestObject("Object Repository/virualShowRSVPOR/Page_/a_Set Vhost")): Object: 'Object Repository/virualShowRSVPOR/Page_/a_Set Vhost' is clicked on

2019-11-17 03:09:38 - [MESSAGE][PASSED] - Object: 'Object Repository/virualShowRSVPOR/Page_/a_Set Vhost' is clicked on

2019-11-17 03:09:38 - [TEST_STEP][PASSED] - click(UtilityMethods.createTestObject("select_target", "//select[@name='Target']/option[contains(text(), '", vhostTarget, "')]")): Object: 'select_target' is clicked on

2019-11-17 03:09:38 - [MESSAGE][PASSED] - Object: 'select_target' is clicked on

2019-11-17 03:09:38 - [TEST_STEP][PASSED] - click(findTestObject("Object Repository/virualShowRSVPOR/Page_/input")): Object: 'Object Repository/virualShowRSVPOR/Page_/input' is clicked on

2019-11-17 03:09:40 - [MESSAGE][PASSED] - Object: 'Object Repository/virualShowRSVPOR/Page_/input' is clicked on

2019-11-17 03:09:40 - [MESSAGE][PASSED] - Call Test Case 'Test Cases/TestCaseUtilities/setVHost' successfully

2019-11-17 03:09:40 - [TEST_STEP][PASSED] - navigateToUrl(RSURL): Navigate to 'https://mirandakate.cabitest5.com' successfully

2019-11-17 03:09:54 - [MESSAGE][PASSED] - Navigate to 'https://mirandakate.cabitest5.com' successfully

2019-11-17 03:09:54 - [TEST_STEP][PASSED] - loginURL = UtilityMethods.concat("https://mirandakate.", RSTestEnvt, ".com/?component=account.login-gateway"): null

2019-11-17 03:09:54 - [TEST_STEP][PASSED] - navigateToUrl(loginURL): Navigate to 'https://mirandakate.cabitest5.com/?component=account.login-gateway' successfully

2019-11-17 03:09:57 - [MESSAGE][PASSED] - Navigate to 'https://mirandakate.cabitest5.com/?component=account.login-gateway' successfully

2019-11-17 03:09:57 - [TEST_STEP][PASSED] - setText(findTestObject("ReplicatedSite/rs_Page_Trendy/input_Sign in  Create account_email"), email): Text 'gustave.parker@hotmail.com' is set on object 'Object Repository/ReplicatedSite/rs_Page_Trendy/input_Sign in  Create account_email'

2019-11-17 03:09:59 - [MESSAGE][PASSED] - Text 'gustave.parker@hotmail.com' is set on object 'Object Repository/ReplicatedSite/rs_Page_Trendy/input_Sign in  Create account_email'

2019-11-17 03:09:59 - [TEST_STEP][PASSED] - click(findTestObject("ReplicatedSite/rs_Page_Trendy/button_Continue")): Object: 'Object Repository/ReplicatedSite/rs_Page_Trendy/button_Continue' is clicked on

2019-11-17 03:09:59 - [MESSAGE][PASSED] - Object: 'Object Repository/ReplicatedSite/rs_Page_Trendy/button_Continue' is clicked on

2019-11-17 03:09:59 - [TEST_STEP][PASSED] - delay(5): Delayed 5 second(s)

2019-11-17 03:10:04 - [MESSAGE][PASSED] - Delayed 5 second(s)

2019-11-17 03:10:04 - [TEST_STEP][PASSED] - click(findTestObject("ReplicatedSite/rsNewUser/rsFirstName")): Object: 'Object Repository/ReplicatedSite/rsNewUser/rsFirstName' is clicked on

2019-11-17 03:10:05 - [MESSAGE][PASSED] - Object: 'Object Repository/ReplicatedSite/rsNewUser/rsFirstName' is clicked on

2019-11-17 03:10:05 - [TEST_STEP][PASSED] - setText(findTestObject("ReplicatedSite/rsNewUser/rsFirstName"), firstName): Text 'Ozzie' is set on object 'Object Repository/ReplicatedSite/rsNewUser/rsFirstName'

2019-11-17 03:10:05 - [MESSAGE][PASSED] - Text 'Ozzie' is set on object 'Object Repository/ReplicatedSite/rsNewUser/rsFirstName'

2019-11-17 03:10:05 - [TEST_STEP][PASSED] - setText(findTestObject("ReplicatedSite/rsNewUser/rsLastName"), lastName): Text 'Trantow' is set on object 'Object Repository/ReplicatedSite/rsNewUser/rsLastName'

2019-11-17 03:10:05 - [MESSAGE][PASSED] - Text 'Trantow' is set on object 'Object Repository/ReplicatedSite/rsNewUser/rsLastName'

2019-11-17 03:10:05 - [TEST_STEP][PASSED] - setText(findTestObject("ReplicatedSite/rsNewUser/rsPassword"), "blackdress19"): Text 'blackdress19' is set on object 'Object Repository/ReplicatedSite/rsNewUser/rsPassword'

2019-11-17 03:10:05 - [MESSAGE][PASSED] - Text 'blackdress19' is set on object 'Object Repository/ReplicatedSite/rsNewUser/rsPassword'

2019-11-17 03:10:05 - [TEST_STEP][PASSED] - setText(findTestObject("ReplicatedSite/rsNewUser/rsConfirmPassword"), "blackdress19"): Text 'blackdress19' is set on object 'Object Repository/ReplicatedSite/rsNewUser/rsConfirmPassword'

2019-11-17 03:10:06 - [MESSAGE][PASSED] - Text 'blackdress19' is set on object 'Object Repository/ReplicatedSite/rsNewUser/rsConfirmPassword'

2019-11-17 03:10:06 - [TEST_STEP][PASSED] - click(findTestObject("ReplicatedSite/rsNewUser/noThanksLabel")): Object: 'Object Repository/ReplicatedSite/rsNewUser/noThanksLabel' is clicked on

2019-11-17 03:10:06 - [MESSAGE][PASSED] - Object: 'Object Repository/ReplicatedSite/rsNewUser/noThanksLabel' is clicked on

2019-11-17 03:10:06 - [TEST_STEP][PASSED] - click(findTestObject("ReplicatedSite/rsNewUser/continueButton")): Object: 'Object Repository/ReplicatedSite/rsNewUser/continueButton' is clicked on

2019-11-17 03:10:06 - [MESSAGE][PASSED] - Object: 'Object Repository/ReplicatedSite/rsNewUser/continueButton' is clicked on

2019-11-17 03:10:06 - [TEST_STEP][PASSED] - delay(5): Delayed 5 second(s)

2019-11-17 03:10:11 - [MESSAGE][PASSED] - Delayed 5 second(s)

2019-11-17 03:10:11 - [TEST_STEP][PASSED] - driver = getWebDriver(): null

2019-11-17 03:10:11 - [TEST_STEP][PASSED] - executor = driver: null

2019-11-17 03:10:11 - [TEST_STEP][PASSED] - click(findTestObject("ReplicatedSite/rsNewUser/gotItThanks")): Object: 'Object Repository/ReplicatedSite/rsNewUser/gotItThanks' is clicked on

2019-11-17 03:10:11 - [MESSAGE][PASSED] - Object: 'Object Repository/ReplicatedSite/rsNewUser/gotItThanks' is clicked on

2019-11-17 03:10:11 - [TEST_STEP][PASSED] - click(findTestObject("Object Repository/ReplicatedSite/rsNewUser/setUpMyProfile")): Object: 'Object Repository/ReplicatedSite/rsNewUser/setUpMyProfile' is clicked on

2019-11-17 03:10:27 - [MESSAGE][PASSED] - Object: 'Object Repository/ReplicatedSite/rsNewUser/setUpMyProfile' is clicked on

2019-11-17 03:10:27 - [TEST_STEP][PASSED] - waitForElementClickable(findTestObject("ReplicatedSite/rsNewUser/dressOftenOption"), 5): Object 'Object Repository/ReplicatedSite/rsNewUser/dressOftenOption' is clickable

2019-11-17 03:10:27 - [MESSAGE][PASSED] - Object 'Object Repository/ReplicatedSite/rsNewUser/dressOftenOption' is clickable

2019-11-17 03:10:27 - [TEST_STEP][PASSED] - delay(3): Delayed 3 second(s)

2019-11-17 03:10:30 - [MESSAGE][PASSED] - Delayed 3 second(s)

2019-11-17 03:10:30 - [TEST_STEP][PASSED] - click(findTestObject("ReplicatedSite/rsNewUser/dressOftenOption")): Object: 'Object Repository/ReplicatedSite/rsNewUser/dressOftenOption' is clicked on

2019-11-17 03:10:31 - [MESSAGE][PASSED] - Object: 'Object Repository/ReplicatedSite/rsNewUser/dressOftenOption' is clicked on

2019-11-17 03:10:31 - [TEST_STEP][PASSED] - click(findTestObject("Object Repository/ReplicatedSite/rsNewUser/dressStyle")): Object: 'Object Repository/ReplicatedSite/rsNewUser/dressStyle' is clicked on

2019-11-17 03:10:31 - [MESSAGE][PASSED] - Object: 'Object Repository/ReplicatedSite/rsNewUser/dressStyle' is clicked on

2019-11-17 03:10:31 - [TEST_STEP][PASSED] - click(findTestObject("Object Repository/ReplicatedSite/rsNewUser/dressShape")): Object: 'Object Repository/ReplicatedSite/rsNewUser/dressShape' is clicked on

2019-11-17 03:10:31 - [MESSAGE][PASSED] - Object: 'Object Repository/ReplicatedSite/rsNewUser/dressShape' is clicked on

2019-11-17 03:10:31 - [TEST_STEP][PASSED] - click(findTestObject("Object Repository/ReplicatedSite/rsNewUser/dressAccentuate")): Object: 'Object Repository/ReplicatedSite/rsNewUser/dressAccentuate' is clicked on

2019-11-17 03:10:31 - [MESSAGE][PASSED] - Object: 'Object Repository/ReplicatedSite/rsNewUser/dressAccentuate' is clicked on

2019-11-17 03:10:31 - [TEST_STEP][PASSED] - click(findTestObject("Object Repository/ReplicatedSite/rsNewUser/dislikeColors")): Object: 'Object Repository/ReplicatedSite/rsNewUser/dislikeColors' is clicked on

2019-11-17 03:10:31 - [MESSAGE][PASSED] - Object: 'Object Repository/ReplicatedSite/rsNewUser/dislikeColors' is clicked on

2019-11-17 03:10:31 - [TEST_STEP][PASSED] - click(findTestObject("Object Repository/ReplicatedSite/rsNewUser/dislikePatterns")): Object: 'Object Repository/ReplicatedSite/rsNewUser/dislikePatterns' is clicked on

2019-11-17 03:10:31 - [MESSAGE][PASSED] - Object: 'Object Repository/ReplicatedSite/rsNewUser/dislikePatterns' is clicked on

2019-11-17 03:10:31 - [TEST_STEP][PASSED] - click(findTestObject("Object Repository/ReplicatedSite/rsNewUser/continueButtonStyleForm")): Object: 'Object Repository/ReplicatedSite/rsNewUser/continueButtonStyleForm' is clicked on

2019-11-17 03:10:31 - [MESSAGE][PASSED] - Object: 'Object Repository/ReplicatedSite/rsNewUser/continueButtonStyleForm' is clicked on

2019-11-17 03:10:31 - [TEST_STEP][PASSED] - waitForElementClickable(findTestObject("Object Repository/ReplicatedSite/rsNewUser/topsRadiobutton"), 5): Object 'Object Repository/ReplicatedSite/rsNewUser/topsRadiobutton' is clickable

2019-11-17 03:10:33 - [MESSAGE][PASSED] - Object 'Object Repository/ReplicatedSite/rsNewUser/topsRadiobutton' is clickable

2019-11-17 03:10:33 - [TEST_STEP][PASSED] - delay(3): Delayed 3 second(s)

2019-11-17 03:10:36 - [MESSAGE][PASSED] - Delayed 3 second(s)

2019-11-17 03:10:36 - [TEST_STEP][PASSED] - click(findTestObject("Object Repository/ReplicatedSite/rsNewUser/sweatersRadioButton")): Object: 'Object Repository/ReplicatedSite/rsNewUser/sweatersRadioButton' is clicked on

2019-11-17 03:10:36 - [MESSAGE][PASSED] - Object: 'Object Repository/ReplicatedSite/rsNewUser/sweatersRadioButton' is clicked on

2019-11-17 03:10:36 - [TEST_STEP][PASSED] - click(findTestObject("Object Repository/ReplicatedSite/rsNewUser/bottomsRadioButton")): Object: 'Object Repository/ReplicatedSite/rsNewUser/bottomsRadioButton' is clicked on

2019-11-17 03:10:36 - [MESSAGE][PASSED] - Object: 'Object Repository/ReplicatedSite/rsNewUser/bottomsRadioButton' is clicked on

2019-11-17 03:10:36 - [TEST_STEP][PASSED] - click(findTestObject("Object Repository/ReplicatedSite/rsNewUser/bottomsRadioButton")): Object: 'Object Repository/ReplicatedSite/rsNewUser/bottomsRadioButton' is clicked on

2019-11-17 03:10:36 - [MESSAGE][PASSED] - Object: 'Object Repository/ReplicatedSite/rsNewUser/bottomsRadioButton' is clicked on

2019-11-17 03:10:36 - [TEST_STEP][PASSED] - click(findTestObject("Object Repository/ReplicatedSite/rsNewUser/skirtsRadioButton")): Object: 'Object Repository/ReplicatedSite/rsNewUser/skirtsRadioButton' is clicked on

2019-11-17 03:10:36 - [MESSAGE][PASSED] - Object: 'Object Repository/ReplicatedSite/rsNewUser/skirtsRadioButton' is clicked on

2019-11-17 03:10:36 - [TEST_STEP][PASSED] - click(findTestObject("Object Repository/ReplicatedSite/rsNewUser/dressessRadioButton")): Object: 'Object Repository/ReplicatedSite/rsNewUser/dressessRadioButton' is clicked on

2019-11-17 03:10:37 - [MESSAGE][PASSED] - Object: 'Object Repository/ReplicatedSite/rsNewUser/dressessRadioButton' is clicked on

2019-11-17 03:10:37 - [TEST_STEP][PASSED] - click(findTestObject("Object Repository/ReplicatedSite/rsNewUser/jacketsRadioButton")): Object: 'Object Repository/ReplicatedSite/rsNewUser/jacketsRadioButton' is clicked on

2019-11-17 03:10:37 - [MESSAGE][PASSED] - Object: 'Object Repository/ReplicatedSite/rsNewUser/jacketsRadioButton' is clicked on

2019-11-17 03:10:37 - [TEST_STEP][PASSED] - click(findTestObject("Object Repository/ReplicatedSite/rsNewUser/continueButtonStyleForm")): Object: 'Object Repository/ReplicatedSite/rsNewUser/continueButtonStyleForm' is clicked on

2019-11-17 03:10:37 - [MESSAGE][PASSED] - Object: 'Object Repository/ReplicatedSite/rsNewUser/continueButtonStyleForm' is clicked on

2019-11-17 03:10:37 - [TEST_STEP][PASSED] - delay(5): Delayed 5 second(s)

2019-11-17 03:10:42 - [MESSAGE][PASSED] - Delayed 5 second(s)

2019-11-17 03:10:42 - [TEST_STEP][PASSED] - titleList = new java.util.ArrayList(): null

2019-11-17 03:10:42 - [TEST_STEP][PASSED] - titleList.add("Bust"): null

2019-11-17 03:10:42 - [TEST_STEP][PASSED] - titleList.add("Band Size"): null

2019-11-17 03:10:42 - [TEST_STEP][PASSED] - titleList.add("Cup Size"): null

2019-11-17 03:10:42 - [TEST_STEP][PASSED] - titleList.add("Waist"): null

2019-11-17 03:10:42 - [TEST_STEP][PASSED] - titleList.add("Hips"): null

2019-11-17 03:10:42 - [TEST_STEP][PASSED] - titleList.add("Inseam"): null

2019-11-17 03:10:42 - [TEST_STEP][PASSED] - titleList.add("Tops"): null

2019-11-17 03:10:42 - [TEST_STEP][PASSED] - titleList.add("Tops"): null

2019-11-17 03:10:42 - [TEST_STEP][PASSED] - titleList.add("Trouser"): null

2019-11-17 03:10:42 - [TEST_STEP][PASSED] - titleList.add("Trouser"): null

2019-11-17 03:10:42 - [TEST_STEP][PASSED] - titleList.add("Trouser Length"): null

2019-11-17 03:10:42 - [TEST_STEP][PASSED] - titleList.add("Jacket"): null

2019-11-17 03:10:42 - [TEST_STEP][PASSED] - titleList.add("Jacket"): null

2019-11-17 03:10:42 - [TEST_STEP][PASSED] - titleList.add("Skirts"): null

2019-11-17 03:10:42 - [TEST_STEP][PASSED] - titleList.add("Skirts"): null

2019-11-17 03:10:42 - [TEST_STEP][PASSED] - titleList.add("Dresses"): null

2019-11-17 03:10:42 - [TEST_STEP][PASSED] - titleList.add("Dresses"): null

2019-11-17 03:10:42 - [TEST_STEP][PASSED] - titleList.add("Shoes"): null

2019-11-17 03:10:42 - [TEST_STEP][PASSED] - sizeList = new java.util.ArrayList(): null

2019-11-17 03:10:42 - [TEST_STEP][PASSED] - sizeList.add("35"): null

2019-11-17 03:10:42 - [TEST_STEP][PASSED] - sizeList.add("30"): null

2019-11-17 03:10:42 - [TEST_STEP][PASSED] - sizeList.add("B"): null

2019-11-17 03:10:42 - [TEST_STEP][PASSED] - sizeList.add("28"): null

2019-11-17 03:10:42 - [TEST_STEP][PASSED] - sizeList.add("34"): null

2019-11-17 03:10:42 - [TEST_STEP][PASSED] - sizeList.add("30"): null

2019-11-17 03:10:42 - [TEST_STEP][PASSED] - sizeList.add("6"): null

2019-11-17 03:10:42 - [TEST_STEP][PASSED] - sizeList.add("L"): null

2019-11-17 03:10:42 - [TEST_STEP][PASSED] - sizeList.add("10"): null

2019-11-17 03:10:42 - [TEST_STEP][PASSED] - sizeList.add("L"): null

2019-11-17 03:10:42 - [TEST_STEP][PASSED] - sizeList.add("L"): null

2019-11-17 03:10:42 - [TEST_STEP][PASSED] - sizeList.add("12"): null

2019-11-17 03:10:42 - [TEST_STEP][PASSED] - sizeList.add("L"): null

2019-11-17 03:10:42 - [TEST_STEP][PASSED] - sizeList.add("12"): null

2019-11-17 03:10:42 - [TEST_STEP][PASSED] - sizeList.add("L"): null

2019-11-17 03:10:42 - [TEST_STEP][PASSED] - sizeList.add("14"): null

2019-11-17 03:10:42 - [TEST_STEP][PASSED] - sizeList.add("L"): null

2019-11-17 03:10:42 - [TEST_STEP][PASSED] - sizeList.add("9"): null

2019-11-17 03:10:42 - [TEST_STEP][PASSED] - for ([i = 0, i < titleList.size(), (i++)]): Delayed 3 second(s)

2019-11-17 03:10:42 - [TEST_STEP][PASSED] - fitForm = UtilityMethods.createTestObject("fitForm", "//h3[text()='", titleList.get(i), "']/parent::div//span[@class='dressText dressTextNonSelected' and text()='", sizeList.get(i), "']"): null

2019-11-17 03:10:42 - [TEST_STEP][PASSED] - click(fitForm): Object: 'fitForm' is clicked on

2019-11-17 03:10:42 - [MESSAGE][PASSED] - Object: 'fitForm' is clicked on

2019-11-17 03:10:42 - [TEST_STEP][PASSED] - delay(3): Delayed 3 second(s)

2019-11-17 03:10:45 - [MESSAGE][PASSED] - Delayed 3 second(s)

2019-11-17 03:10:45 - [TEST_STEP][PASSED] - fitForm = UtilityMethods.createTestObject("fitForm", "//h3[text()='", titleList.get(i), "']/parent::div//span[@class='dressText dressTextNonSelected' and text()='", sizeList.get(i), "']"): null

2019-11-17 03:10:45 - [TEST_STEP][PASSED] - click(fitForm): Object: 'fitForm' is clicked on

2019-11-17 03:10:45 - [MESSAGE][PASSED] - Object: 'fitForm' is clicked on

2019-11-17 03:10:45 - [TEST_STEP][PASSED] - delay(3): Delayed 3 second(s)

2019-11-17 03:10:48 - [MESSAGE][PASSED] - Delayed 3 second(s)

2019-11-17 03:10:48 - [TEST_STEP][PASSED] - fitForm = UtilityMethods.createTestObject("fitForm", "//h3[text()='", titleList.get(i), "']/parent::div//span[@class='dressText dressTextNonSelected' and text()='", sizeList.get(i), "']"): null

2019-11-17 03:10:48 - [TEST_STEP][PASSED] - click(fitForm): Object: 'fitForm' is clicked on

2019-11-17 03:10:48 - [MESSAGE][PASSED] - Object: 'fitForm' is clicked on

2019-11-17 03:10:48 - [TEST_STEP][PASSED] - delay(3): Delayed 3 second(s)

2019-11-17 03:10:51 - [MESSAGE][PASSED] - Delayed 3 second(s)

2019-11-17 03:10:51 - [TEST_STEP][PASSED] - fitForm = UtilityMethods.createTestObject("fitForm", "//h3[text()='", titleList.get(i), "']/parent::div//span[@class='dressText dressTextNonSelected' and text()='", sizeList.get(i), "']"): null

2019-11-17 03:10:51 - [TEST_STEP][PASSED] - click(fitForm): Object: 'fitForm' is clicked on

2019-11-17 03:10:51 - [MESSAGE][PASSED] - Object: 'fitForm' is clicked on

2019-11-17 03:10:51 - [TEST_STEP][PASSED] - delay(3): Delayed 3 second(s)

2019-11-17 03:10:54 - [MESSAGE][PASSED] - Delayed 3 second(s)

2019-11-17 03:10:54 - [TEST_STEP][PASSED] - fitForm = UtilityMethods.createTestObject("fitForm", "//h3[text()='", titleList.get(i), "']/parent::div//span[@class='dressText dressTextNonSelected' and text()='", sizeList.get(i), "']"): null

2019-11-17 03:10:54 - [TEST_STEP][PASSED] - click(fitForm): Object: 'fitForm' is clicked on

2019-11-17 03:10:54 - [MESSAGE][PASSED] - Object: 'fitForm' is clicked on

2019-11-17 03:10:54 - [TEST_STEP][PASSED] - delay(3): Delayed 3 second(s)

2019-11-17 03:10:57 - [MESSAGE][PASSED] - Delayed 3 second(s)

2019-11-17 03:10:57 - [TEST_STEP][PASSED] - fitForm = UtilityMethods.createTestObject("fitForm", "//h3[text()='", titleList.get(i), "']/parent::div//span[@class='dressText dressTextNonSelected' and text()='", sizeList.get(i), "']"): null

2019-11-17 03:10:57 - [TEST_STEP][PASSED] - click(fitForm): Object: 'fitForm' is clicked on

2019-11-17 03:10:57 - [MESSAGE][PASSED] - Object: 'fitForm' is clicked on

2019-11-17 03:10:57 - [TEST_STEP][PASSED] - delay(3): Delayed 3 second(s)

2019-11-17 03:11:00 - [MESSAGE][PASSED] - Delayed 3 second(s)

2019-11-17 03:11:00 - [TEST_STEP][PASSED] - fitForm = UtilityMethods.createTestObject("fitForm", "//h3[text()='", titleList.get(i), "']/parent::div//span[@class='dressText dressTextNonSelected' and text()='", sizeList.get(i), "']"): null

2019-11-17 03:11:00 - [TEST_STEP][PASSED] - click(fitForm): Object: 'fitForm' is clicked on

2019-11-17 03:11:01 - [MESSAGE][PASSED] - Object: 'fitForm' is clicked on

2019-11-17 03:11:01 - [TEST_STEP][PASSED] - delay(3): Delayed 3 second(s)

2019-11-17 03:11:04 - [MESSAGE][PASSED] - Delayed 3 second(s)

2019-11-17 03:11:04 - [TEST_STEP][PASSED] - fitForm = UtilityMethods.createTestObject("fitForm", "//h3[text()='", titleList.get(i), "']/parent::div//span[@class='dressText dressTextNonSelected' and text()='", sizeList.get(i), "']"): null

2019-11-17 03:11:04 - [TEST_STEP][PASSED] - click(fitForm): Object: 'fitForm' is clicked on

2019-11-17 03:11:04 - [MESSAGE][PASSED] - Object: 'fitForm' is clicked on

2019-11-17 03:11:04 - [TEST_STEP][PASSED] - delay(3): Delayed 3 second(s)

2019-11-17 03:11:07 - [MESSAGE][PASSED] - Delayed 3 second(s)

2019-11-17 03:11:07 - [TEST_STEP][PASSED] - fitForm = UtilityMethods.createTestObject("fitForm", "//h3[text()='", titleList.get(i), "']/parent::div//span[@class='dressText dressTextNonSelected' and text()='", sizeList.get(i), "']"): null

2019-11-17 03:11:07 - [TEST_STEP][PASSED] - click(fitForm): Object: 'fitForm' is clicked on

2019-11-17 03:11:07 - [MESSAGE][PASSED] - Object: 'fitForm' is clicked on

2019-11-17 03:11:07 - [TEST_STEP][PASSED] - delay(3): Delayed 3 second(s)

2019-11-17 03:11:10 - [MESSAGE][PASSED] - Delayed 3 second(s)

2019-11-17 03:11:10 - [TEST_STEP][PASSED] - fitForm = UtilityMethods.createTestObject("fitForm", "//h3[text()='", titleList.get(i), "']/parent::div//span[@class='dressText dressTextNonSelected' and text()='", sizeList.get(i), "']"): null

2019-11-17 03:11:10 - [TEST_STEP][PASSED] - click(fitForm): Object: 'fitForm' is clicked on

2019-11-17 03:11:10 - [MESSAGE][PASSED] - Object: 'fitForm' is clicked on

2019-11-17 03:11:10 - [TEST_STEP][PASSED] - delay(3): Delayed 3 second(s)

2019-11-17 03:11:13 - [MESSAGE][PASSED] - Delayed 3 second(s)

2019-11-17 03:11:13 - [TEST_STEP][PASSED] - fitForm = UtilityMethods.createTestObject("fitForm", "//h3[text()='", titleList.get(i), "']/parent::div//span[@class='dressText dressTextNonSelected' and text()='", sizeList.get(i), "']"): null

2019-11-17 03:11:13 - [TEST_STEP][PASSED] - click(fitForm): Object: 'fitForm' is clicked on

2019-11-17 03:11:13 - [MESSAGE][PASSED] - Object: 'fitForm' is clicked on

2019-11-17 03:11:13 - [TEST_STEP][PASSED] - delay(3): Delayed 3 second(s)

2019-11-17 03:11:16 - [MESSAGE][PASSED] - Delayed 3 second(s)

2019-11-17 03:11:16 - [TEST_STEP][PASSED] - fitForm = UtilityMethods.createTestObject("fitForm", "//h3[text()='", titleList.get(i), "']/parent::div//span[@class='dressText dressTextNonSelected' and text()='", sizeList.get(i), "']"): null

2019-11-17 03:11:16 - [TEST_STEP][PASSED] - click(fitForm): Object: 'fitForm' is clicked on

2019-11-17 03:11:16 - [MESSAGE][PASSED] - Object: 'fitForm' is clicked on

2019-11-17 03:11:16 - [TEST_STEP][PASSED] - delay(3): Delayed 3 second(s)

2019-11-17 03:11:19 - [MESSAGE][PASSED] - Delayed 3 second(s)

2019-11-17 03:11:19 - [TEST_STEP][PASSED] - fitForm = UtilityMethods.createTestObject("fitForm", "//h3[text()='", titleList.get(i), "']/parent::div//span[@class='dressText dressTextNonSelected' and text()='", sizeList.get(i), "']"): null

2019-11-17 03:11:19 - [TEST_STEP][PASSED] - click(fitForm): Object: 'fitForm' is clicked on

2019-11-17 03:11:19 - [MESSAGE][PASSED] - Object: 'fitForm' is clicked on

2019-11-17 03:11:19 - [TEST_STEP][PASSED] - delay(3): Delayed 3 second(s)

2019-11-17 03:11:22 - [MESSAGE][PASSED] - Delayed 3 second(s)

2019-11-17 03:11:22 - [TEST_STEP][PASSED] - fitForm = UtilityMethods.createTestObject("fitForm", "//h3[text()='", titleList.get(i), "']/parent::div//span[@class='dressText dressTextNonSelected' and text()='", sizeList.get(i), "']"): null

2019-11-17 03:11:22 - [TEST_STEP][PASSED] - click(fitForm): Object: 'fitForm' is clicked on

2019-11-17 03:11:22 - [MESSAGE][PASSED] - Object: 'fitForm' is clicked on

2019-11-17 03:11:22 - [TEST_STEP][PASSED] - delay(3): Delayed 3 second(s)

2019-11-17 03:11:25 - [MESSAGE][PASSED] - Delayed 3 second(s)

2019-11-17 03:11:25 - [TEST_STEP][PASSED] - fitForm = UtilityMethods.createTestObject("fitForm", "//h3[text()='", titleList.get(i), "']/parent::div//span[@class='dressText dressTextNonSelected' and text()='", sizeList.get(i), "']"): null

2019-11-17 03:11:25 - [TEST_STEP][PASSED] - click(fitForm): Object: 'fitForm' is clicked on

2019-11-17 03:11:26 - [MESSAGE][PASSED] - Object: 'fitForm' is clicked on

2019-11-17 03:11:26 - [TEST_STEP][PASSED] - delay(3): Delayed 3 second(s)

2019-11-17 03:11:29 - [MESSAGE][PASSED] - Delayed 3 second(s)

2019-11-17 03:11:29 - [TEST_STEP][PASSED] - fitForm = UtilityMethods.createTestObject("fitForm", "//h3[text()='", titleList.get(i), "']/parent::div//span[@class='dressText dressTextNonSelected' and text()='", sizeList.get(i), "']"): null

2019-11-17 03:11:29 - [TEST_STEP][PASSED] - click(fitForm): Object: 'fitForm' is clicked on

2019-11-17 03:11:29 - [MESSAGE][PASSED] - Object: 'fitForm' is clicked on

2019-11-17 03:11:29 - [TEST_STEP][PASSED] - delay(3): Delayed 3 second(s)

2019-11-17 03:11:32 - [MESSAGE][PASSED] - Delayed 3 second(s)

2019-11-17 03:11:32 - [TEST_STEP][PASSED] - fitForm = UtilityMethods.createTestObject("fitForm", "//h3[text()='", titleList.get(i), "']/parent::div//span[@class='dressText dressTextNonSelected' and text()='", sizeList.get(i), "']"): null

2019-11-17 03:11:32 - [TEST_STEP][PASSED] - click(fitForm): Object: 'fitForm' is clicked on

2019-11-17 03:11:32 - [MESSAGE][PASSED] - Object: 'fitForm' is clicked on

2019-11-17 03:11:32 - [TEST_STEP][PASSED] - delay(3): Delayed 3 second(s)

2019-11-17 03:11:35 - [MESSAGE][PASSED] - Delayed 3 second(s)

2019-11-17 03:11:35 - [TEST_STEP][PASSED] - fitForm = UtilityMethods.createTestObject("fitForm", "//h3[text()='", titleList.get(i), "']/parent::div//span[@class='dressText dressTextNonSelected' and text()='", sizeList.get(i), "']"): null

2019-11-17 03:11:35 - [TEST_STEP][PASSED] - click(fitForm): Object: 'fitForm' is clicked on

2019-11-17 03:11:35 - [MESSAGE][PASSED] - Object: 'fitForm' is clicked on

2019-11-17 03:11:35 - [TEST_STEP][PASSED] - delay(3): Delayed 3 second(s)

2019-11-17 03:11:38 - [MESSAGE][PASSED] - Delayed 3 second(s)

2019-11-17 03:11:38 - [TEST_STEP][PASSED] - delay(5): Delayed 5 second(s)

2019-11-17 03:11:43 - [MESSAGE][PASSED] - Delayed 5 second(s)

2019-11-17 03:11:43 - [TEST_STEP][PASSED] - click(findTestObject("Object Repository/ReplicatedSite/rsNewUser/continueButtonStyleForm")): Object: 'Object Repository/ReplicatedSite/rsNewUser/continueButtonStyleForm' is clicked on

2019-11-17 03:11:43 - [MESSAGE][PASSED] - Object: 'Object Repository/ReplicatedSite/rsNewUser/continueButtonStyleForm' is clicked on

2019-11-17 03:11:43 - [TEST_STEP][PASSED] - delay(5): Delayed 5 second(s)

2019-11-17 03:11:48 - [MESSAGE][PASSED] - Delayed 5 second(s)

2019-11-17 03:11:48 - [TEST_STEP][PASSED] - contactNumber = 3: null

2019-11-17 03:11:48 - [TEST_STEP][PASSED] - address1 = findTestData("contactData").getValue("address1", contactNumber): null

2019-11-17 03:11:48 - [TEST_STEP][PASSED] - city = findTestData("contactData").getValue("city", contactNumber): null

2019-11-17 03:11:48 - [TEST_STEP][PASSED] - state = findTestData("contactData").getValue("state", contactNumber): null

2019-11-17 03:11:48 - [TEST_STEP][PASSED] - zip = findTestData("contactData").getValue("zip", contactNumber): null

2019-11-17 03:11:48 - [TEST_STEP][PASSED] - sendKeys(findTestObject("ReplicatedSite/rsNewUser/streetAddress1"), address1): Keys '974 BRAHMS CT' sent to object: 'Object Repository/ReplicatedSite/rsNewUser/streetAddress1'

2019-11-17 03:11:49 - [MESSAGE][PASSED] - Keys '974 BRAHMS CT' sent to object: 'Object Repository/ReplicatedSite/rsNewUser/streetAddress1'

2019-11-17 03:11:49 - [TEST_STEP][PASSED] - sendKeys(findTestObject("ReplicatedSite/rsNewUser/cityInfo"), city): Keys 'TROY' sent to object: 'Object Repository/ReplicatedSite/rsNewUser/cityInfo'

2019-11-17 03:11:49 - [MESSAGE][PASSED] - Keys 'TROY' sent to object: 'Object Repository/ReplicatedSite/rsNewUser/cityInfo'

2019-11-17 03:11:49 - [TEST_STEP][PASSED] - sendKeys(findTestObject("Object Repository/ReplicatedSite/rsNewUser/zipCode"), zip): Keys '48085' sent to object: 'Object Repository/ReplicatedSite/rsNewUser/zipCode'

2019-11-17 03:11:49 - [MESSAGE][PASSED] - Keys '48085' sent to object: 'Object Repository/ReplicatedSite/rsNewUser/zipCode'

2019-11-17 03:11:49 - [TEST_STEP][PASSED] - delay(3): Delayed 3 second(s)

2019-11-17 03:11:52 - [MESSAGE][PASSED] - Delayed 3 second(s)

2019-11-17 03:11:52 - [TEST_STEP][PASSED] - click(findTestObject("ReplicatedSite/rsNewUser/stateDropdownCaret")): Object: 'Object Repository/ReplicatedSite/rsNewUser/stateDropdownCaret' is clicked on

2019-11-17 03:11:52 - [MESSAGE][PASSED] - Object: 'Object Repository/ReplicatedSite/rsNewUser/stateDropdownCaret' is clicked on

2019-11-17 03:11:52 - [TEST_STEP][PASSED] - addressState = UtilityMethods.createTestObject("addressState", "//div[text()='", state, "']"): null

2019-11-17 03:11:52 - [TEST_STEP][PASSED] - click(addressState): Object: 'addressState' is clicked on

2019-11-17 03:11:52 - [MESSAGE][PASSED] - Object: 'addressState' is clicked on

2019-11-17 03:11:52 - [TEST_STEP][PASSED] - click(findTestObject("Object Repository/ReplicatedSite/rsNewUser/continueButtonStyleForm")): Object: 'Object Repository/ReplicatedSite/rsNewUser/continueButtonStyleForm' is clicked on

2019-11-17 03:11:52 - [MESSAGE][PASSED] - Object: 'Object Repository/ReplicatedSite/rsNewUser/continueButtonStyleForm' is clicked on

2019-11-17 03:11:52 - [TEST_STEP][PASSED] - delay(5): Delayed 5 second(s)

2019-11-17 03:11:57 - [MESSAGE][PASSED] - Delayed 5 second(s)

2019-11-17 03:11:57 - [TEST_STEP][PASSED] - click(findTestObject("Object Repository/ReplicatedSite/rsNewUser/profileDropdownButton")): Object: 'Object Repository/ReplicatedSite/rsNewUser/profileDropdownButton' is clicked on

2019-11-17 03:12:01 - [MESSAGE][PASSED] - Object: 'Object Repository/ReplicatedSite/rsNewUser/profileDropdownButton' is clicked on

2019-11-17 03:12:01 - [TEST_STEP][PASSED] - delay(5): Delayed 5 second(s)

2019-11-17 03:12:06 - [MESSAGE][PASSED] - Delayed 5 second(s)

2019-11-17 03:12:06 - [TEST_STEP][PASSED] - click(findTestObject("Object Repository/ReplicatedSite/rsNewUser/myProfileLink")): Object: 'Object Repository/ReplicatedSite/rsNewUser/myProfileLink' is clicked on

2019-11-17 03:12:14 - [MESSAGE][PASSED] - Object: 'Object Repository/ReplicatedSite/rsNewUser/myProfileLink' is clicked on

2019-11-17 03:12:14 - [TEST_STEP][PASSED] - delay(3): Delayed 3 second(s)

2019-11-17 03:12:17 - [MESSAGE][PASSED] - Delayed 3 second(s)

2019-11-17 03:12:17 - [TEST_STEP][PASSED] - click(findTestObject("ReplicatedSite/rsNewUser/styleSiderbarMenu")): Object: 'Object Repository/ReplicatedSite/rsNewUser/styleSiderbarMenu' is clicked on

2019-11-17 03:12:18 - [MESSAGE][PASSED] - Object: 'Object Repository/ReplicatedSite/rsNewUser/styleSiderbarMenu' is clicked on

2019-11-17 03:12:18 - [TEST_STEP][PASSED] - click(findTestObject("ReplicatedSite/rsNewUser/dressOftenOption2")): Object: 'Object Repository/ReplicatedSite/rsNewUser/dressOftenOption2' is clicked on

2019-11-17 03:12:19 - [MESSAGE][PASSED] - Object: 'Object Repository/ReplicatedSite/rsNewUser/dressOftenOption2' is clicked on

2019-11-17 03:12:19 - [TEST_STEP][PASSED] - click(findTestObject("ReplicatedSite/rsNewUser/dressStyle2")): Object: 'Object Repository/ReplicatedSite/rsNewUser/dressStyle2' is clicked on

2019-11-17 03:12:19 - [MESSAGE][PASSED] - Object: 'Object Repository/ReplicatedSite/rsNewUser/dressStyle2' is clicked on

2019-11-17 03:12:19 - [TEST_STEP][PASSED] - click(findTestObject("ReplicatedSite/rsNewUser/saveButton")): Object: 'Object Repository/ReplicatedSite/rsNewUser/saveButton' is clicked on

2019-11-17 03:12:20 - [MESSAGE][PASSED] - Object: 'Object Repository/ReplicatedSite/rsNewUser/saveButton' is clicked on

2019-11-17 03:12:20 - [TEST_STEP][PASSED] - verifyElementText(findTestObject("ReplicatedSite/rsNewUser/changesSaved"), "Your changes have been saved."): Actual text and expected text of test object 'Object Repository/ReplicatedSite/rsNewUser/changesSaved' are matched.

2019-11-17 03:12:20 - [MESSAGE][PASSED] - Actual text and expected text of test object 'Object Repository/ReplicatedSite/rsNewUser/changesSaved' are matched.

2019-11-17 03:12:20 - [TEST_STEP][PASSED] - delay(5): Delayed 5 second(s)

2019-11-17 03:12:25 - [MESSAGE][PASSED] - Delayed 5 second(s)

2019-11-17 03:12:25 - [TEST_STEP][PASSED] - executor.executeScript("arguments[0].click();", findWebElement(findTestObject("ReplicatedSite/rsNewUser/sizeAndMeasurementsTab"), 5)): null

2019-11-17 03:12:25 - [TEST_STEP][PASSED] - executor.executeScript("arguments[0].click();", findWebElement(findTestObject("ReplicatedSite/rsNewUser/editBustSize"), 5)): null

2019-11-17 03:12:26 - [TEST_STEP][PASSED] - editSizeList = new java.util.ArrayList(): null

2019-11-17 03:12:26 - [TEST_STEP][PASSED] - editSizeList.add("35"): null

2019-11-17 03:12:26 - [TEST_STEP][PASSED] - editSizeList.add("30"): null

2019-11-17 03:12:26 - [TEST_STEP][PASSED] - editSizeList.add("36"): null

2019-11-17 03:12:26 - [TEST_STEP][PASSED] - editSizeList.add("32"): null

2019-11-17 03:12:26 - [TEST_STEP][PASSED] - editSizeList.add("Extra Large"): null

2019-11-17 03:12:26 - [TEST_STEP][PASSED] - editSizeList.add("Medium"): null

2019-11-17 03:12:26 - [TEST_STEP][PASSED] - editSizeList.add("Regular"): null

2019-11-17 03:12:26 - [TEST_STEP][PASSED] - editSizeList.add("Extra Large"): null

2019-11-17 03:12:26 - [TEST_STEP][PASSED] - editSizeList.add("10"): null

2019-11-17 03:12:26 - [TEST_STEP][PASSED] - editStyleList = new java.util.ArrayList(): null

2019-11-17 03:12:26 - [TEST_STEP][PASSED] - editStyleList.add("Bust Sizes:"): null

2019-11-17 03:12:26 - [TEST_STEP][PASSED] - editStyleList.add("Waist Sizes:"): null

2019-11-17 03:12:26 - [TEST_STEP][PASSED] - editStyleList.add("Hip Sizes:"): null

2019-11-17 03:12:26 - [TEST_STEP][PASSED] - editStyleList.add("Inseam Sizes:"): null

2019-11-17 03:12:26 - [TEST_STEP][PASSED] - editStyleList.add("Top Sizes:"): null

2019-11-17 03:12:26 - [TEST_STEP][PASSED] - editStyleList.add("Trouser Sizes:"): null

2019-11-17 03:12:26 - [TEST_STEP][PASSED] - editStyleList.add("Trouser Length:"): null

2019-11-17 03:12:26 - [TEST_STEP][PASSED] - editStyleList.add("Skirt Sizes:"): null

2019-11-17 03:12:26 - [TEST_STEP][PASSED] - editStyleList.add("Dress Sizes:"): null

2019-11-17 03:12:26 - [TEST_STEP][PASSED] - editStyleList.add("Shoe Sizes:"): null

2019-11-17 03:12:26 - [TEST_STEP][ERROR] - for ([i = 0, i < editStyleList.size(), (i++)]): for ([i = 0, i < editStyleList.size(), (i++)]) FAILED.
Reason:
com.kms.katalon.core.webui.exception.WebElementNotFoundException: Web element with id: 'editStyleForm' located by 'By.xpath: //span[text()='Waist Sizes:']/parent::div/following-sibling::div//div[@class='drop-text' and text()='30']' not found
	at com.kms.katalon.core.webui.common.WebUiCommonHelper.findWebElement(WebUiCommonHelper.java:1097)
	at com.kms.katalon.core.webui.common.WebUiCommonHelper$findWebElement.call(Unknown Source)
	at newUserRegistrationRS.run(newUserRegistrationRS:327)
	at com.kms.katalon.core.main.ScriptEngine.run(ScriptEngine.java:194)
	at com.kms.katalon.core.main.ScriptEngine.runScriptAsRawText(ScriptEngine.java:119)
	at com.kms.katalon.core.main.TestCaseExecutor.runScript(TestCaseExecutor.java:342)
	at com.kms.katalon.core.main.TestCaseExecutor.doExecute(TestCaseExecutor.java:333)
	at com.kms.katalon.core.main.TestCaseExecutor.processExecutionPhase(TestCaseExecutor.java:312)
	at com.kms.katalon.core.main.TestCaseExecutor.accessMainPhase(TestCaseExecutor.java:304)
	at com.kms.katalon.core.main.TestCaseExecutor.execute(TestCaseExecutor.java:238)
	at com.kms.katalon.core.main.TestSuiteExecutor.accessTestCaseMainPhase(TestSuiteExecutor.java:129)
	at com.kms.katalon.core.main.TestSuiteExecutor.accessTestSuiteMainPhase(TestSuiteExecutor.java:112)
	at com.kms.katalon.core.main.TestSuiteExecutor.execute(TestSuiteExecutor.java:81)
	at com.kms.katalon.core.main.TestCaseMain.startTestSuite(TestCaseMain.java:157)
	at com.kms.katalon.core.main.TestCaseMain$startTestSuite$0.call(Unknown Source)
	at TempTestSuite1573940360393.run(TempTestSuite1573940360393.groovy:35)


2019-11-17 03:12:26 - [TEST_STEP][PASSED] - editStyleForm = UtilityMethods.createTestObject("editStyleForm", "//span[text()='", editStyleList.get(i), "']/parent::div/following-sibling::div//div[@class='drop-text' and text()='", editSizeList.get(i), "']"): null

2019-11-17 03:12:26 - [TEST_STEP][PASSED] - executeJavaScript("arguments[0].click()", Arrays.asList(findWebElement(editStyleForm, 30))): Execute JavaScript 'arguments[0].click()' successfully

2019-11-17 03:12:26 - [MESSAGE][PASSED] - Execute JavaScript 'arguments[0].click()' successfully

2019-11-17 03:12:26 - [TEST_STEP][PASSED] - delay(3): Delayed 3 second(s)

2019-11-17 03:12:29 - [MESSAGE][PASSED] - Delayed 3 second(s)

2019-11-17 03:12:29 - [TEST_STEP][PASSED] - editStyleForm = UtilityMethods.createTestObject("editStyleForm", "//span[text()='", editStyleList.get(i), "']/parent::div/following-sibling::div//div[@class='drop-text' and text()='", editSizeList.get(i), "']"): null

2019-11-17 03:12:29 - [TEST_STEP][ERROR] - executeJavaScript("arguments[0].click()", Arrays.asList(findWebElement(editStyleForm, 30))): for ([i = 0, i < editStyleList.size(), (i++)]) FAILED.
Reason:
com.kms.katalon.core.webui.exception.WebElementNotFoundException: Web element with id: 'editStyleForm' located by 'By.xpath: //span[text()='Waist Sizes:']/parent::div/following-sibling::div//div[@class='drop-text' and text()='30']' not found
	at com.kms.katalon.core.webui.common.WebUiCommonHelper.findWebElement(WebUiCommonHelper.java:1097)
	at com.kms.katalon.core.webui.common.WebUiCommonHelper$findWebElement.call(Unknown Source)
	at newUserRegistrationRS.run(newUserRegistrationRS:327)
	at com.kms.katalon.core.main.ScriptEngine.run(ScriptEngine.java:194)
	at com.kms.katalon.core.main.ScriptEngine.runScriptAsRawText(ScriptEngine.java:119)
	at com.kms.katalon.core.main.TestCaseExecutor.runScript(TestCaseExecutor.java:342)
	at com.kms.katalon.core.main.TestCaseExecutor.doExecute(TestCaseExecutor.java:333)
	at com.kms.katalon.core.main.TestCaseExecutor.processExecutionPhase(TestCaseExecutor.java:312)
	at com.kms.katalon.core.main.TestCaseExecutor.accessMainPhase(TestCaseExecutor.java:304)
	at com.kms.katalon.core.main.TestCaseExecutor.execute(TestCaseExecutor.java:238)
	at com.kms.katalon.core.main.TestSuiteExecutor.accessTestCaseMainPhase(TestSuiteExecutor.java:129)
	at com.kms.katalon.core.main.TestSuiteExecutor.accessTestSuiteMainPhase(TestSuiteExecutor.java:112)
	at com.kms.katalon.core.main.TestSuiteExecutor.execute(TestSuiteExecutor.java:81)
	at com.kms.katalon.core.main.TestCaseMain.startTestSuite(TestCaseMain.java:157)
	at com.kms.katalon.core.main.TestCaseMain$startTestSuite$0.call(Unknown Source)
	at TempTestSuite1573940360393.run(TempTestSuite1573940360393.groovy:35)


2019-11-17 03:13:01 - [MESSAGE][INFO] - Unable to find the element located by 'By.xpath: //span[text()='Waist Sizes:']/parent::div/following-sibling::div//div[@class='drop-text' and text()='30']'. Please recheck the objects properties to make sure the desired element is located. 

2019-11-17 03:13:01 - [MESSAGE][ERROR] - for ([i = 0, i < editStyleList.size(), (i++)]) FAILED.
Reason:
com.kms.katalon.core.webui.exception.WebElementNotFoundException: Web element with id: 'editStyleForm' located by 'By.xpath: //span[text()='Waist Sizes:']/parent::div/following-sibling::div//div[@class='drop-text' and text()='30']' not found
	at com.kms.katalon.core.webui.common.WebUiCommonHelper.findWebElement(WebUiCommonHelper.java:1097)
	at com.kms.katalon.core.webui.common.WebUiCommonHelper$findWebElement.call(Unknown Source)
	at newUserRegistrationRS.run(newUserRegistrationRS:327)
	at com.kms.katalon.core.main.ScriptEngine.run(ScriptEngine.java:194)
	at com.kms.katalon.core.main.ScriptEngine.runScriptAsRawText(ScriptEngine.java:119)
	at com.kms.katalon.core.main.TestCaseExecutor.runScript(TestCaseExecutor.java:342)
	at com.kms.katalon.core.main.TestCaseExecutor.doExecute(TestCaseExecutor.java:333)
	at com.kms.katalon.core.main.TestCaseExecutor.processExecutionPhase(TestCaseExecutor.java:312)
	at com.kms.katalon.core.main.TestCaseExecutor.accessMainPhase(TestCaseExecutor.java:304)
	at com.kms.katalon.core.main.TestCaseExecutor.execute(TestCaseExecutor.java:238)
	at com.kms.katalon.core.main.TestSuiteExecutor.accessTestCaseMainPhase(TestSuiteExecutor.java:129)
	at com.kms.katalon.core.main.TestSuiteExecutor.accessTestSuiteMainPhase(TestSuiteExecutor.java:112)
	at com.kms.katalon.core.main.TestSuiteExecutor.execute(TestSuiteExecutor.java:81)
	at com.kms.katalon.core.main.TestCaseMain.startTestSuite(TestCaseMain.java:157)
	at com.kms.katalon.core.main.TestCaseMain$startTestSuite$0.call(Unknown Source)
	at TempTestSuite1573940360393.run(TempTestSuite1573940360393.groovy:35)]]></system-out>
         <system-err><![CDATA[2019-11-17 03:09:23 - [TEST_CASE][ERROR] - Test Cases/VirtualShow/newUserRegistrationRS: Test Cases/VirtualShow/newUserRegistrationRS FAILED.
Reason:
com.kms.katalon.core.webui.exception.WebElementNotFoundException: Web element with id: 'editStyleForm' located by 'By.xpath: //span[text()='Waist Sizes:']/parent::div/following-sibling::div//div[@class='drop-text' and text()='30']' not found
	at com.kms.katalon.core.webui.common.WebUiCommonHelper.findWebElement(WebUiCommonHelper.java:1097)
	at com.kms.katalon.core.webui.common.WebUiCommonHelper$findWebElement.call(Unknown Source)
	at newUserRegistrationRS.run(newUserRegistrationRS:327)
	at com.kms.katalon.core.main.ScriptEngine.run(ScriptEngine.java:194)
	at com.kms.katalon.core.main.ScriptEngine.runScriptAsRawText(ScriptEngine.java:119)
	at com.kms.katalon.core.main.TestCaseExecutor.runScript(TestCaseExecutor.java:342)
	at com.kms.katalon.core.main.TestCaseExecutor.doExecute(TestCaseExecutor.java:333)
	at com.kms.katalon.core.main.TestCaseExecutor.processExecutionPhase(TestCaseExecutor.java:312)
	at com.kms.katalon.core.main.TestCaseExecutor.accessMainPhase(TestCaseExecutor.java:304)
	at com.kms.katalon.core.main.TestCaseExecutor.execute(TestCaseExecutor.java:238)
	at com.kms.katalon.core.main.TestSuiteExecutor.accessTestCaseMainPhase(TestSuiteExecutor.java:129)
	at com.kms.katalon.core.main.TestSuiteExecutor.accessTestSuiteMainPhase(TestSuiteExecutor.java:112)
	at com.kms.katalon.core.main.TestSuiteExecutor.execute(TestSuiteExecutor.java:81)
	at com.kms.katalon.core.main.TestCaseMain.startTestSuite(TestCaseMain.java:157)
	at com.kms.katalon.core.main.TestCaseMain$startTestSuite$0.call(Unknown Source)
	at TempTestSuite1573940360393.run(TempTestSuite1573940360393.groovy:35)]]></system-err>
      </testcase>
      <system-out><![CDATA[2019-11-17 03:09:23 - [TEST_SUITE][ERROR] - DashboardSuite: Test Cases/VirtualShow/newUserRegistrationRS FAILED.
Reason:
com.kms.katalon.core.webui.exception.WebElementNotFoundException: Web element with id: 'editStyleForm' located by 'By.xpath: //span[text()='Waist Sizes:']/parent::div/following-sibling::div//div[@class='drop-text' and text()='30']' not found
	at com.kms.katalon.core.webui.common.WebUiCommonHelper.findWebElement(WebUiCommonHelper.java:1097)
	at com.kms.katalon.core.webui.common.WebUiCommonHelper$findWebElement.call(Unknown Source)
	at newUserRegistrationRS.run(newUserRegistrationRS:327)
	at com.kms.katalon.core.main.ScriptEngine.run(ScriptEngine.java:194)
	at com.kms.katalon.core.main.ScriptEngine.runScriptAsRawText(ScriptEngine.java:119)
	at com.kms.katalon.core.main.TestCaseExecutor.runScript(TestCaseExecutor.java:342)
	at com.kms.katalon.core.main.TestCaseExecutor.doExecute(TestCaseExecutor.java:333)
	at com.kms.katalon.core.main.TestCaseExecutor.processExecutionPhase(TestCaseExecutor.java:312)
	at com.kms.katalon.core.main.TestCaseExecutor.accessMainPhase(TestCaseExecutor.java:304)
	at com.kms.katalon.core.main.TestCaseExecutor.execute(TestCaseExecutor.java:238)
	at com.kms.katalon.core.main.TestSuiteExecutor.accessTestCaseMainPhase(TestSuiteExecutor.java:129)
	at com.kms.katalon.core.main.TestSuiteExecutor.accessTestSuiteMainPhase(TestSuiteExecutor.java:112)
	at com.kms.katalon.core.main.TestSuiteExecutor.execute(TestSuiteExecutor.java:81)
	at com.kms.katalon.core.main.TestCaseMain.startTestSuite(TestCaseMain.java:157)
	at com.kms.katalon.core.main.TestCaseMain$startTestSuite$0.call(Unknown Source)
	at TempTestSuite1573940360393.run(TempTestSuite1573940360393.groovy:35)]]></system-out>
      <system-err><![CDATA[2019-11-17 03:09:23 - [TEST_SUITE][ERROR] - DashboardSuite: Test Cases/VirtualShow/newUserRegistrationRS FAILED.
Reason:
com.kms.katalon.core.webui.exception.WebElementNotFoundException: Web element with id: 'editStyleForm' located by 'By.xpath: //span[text()='Waist Sizes:']/parent::div/following-sibling::div//div[@class='drop-text' and text()='30']' not found
	at com.kms.katalon.core.webui.common.WebUiCommonHelper.findWebElement(WebUiCommonHelper.java:1097)
	at com.kms.katalon.core.webui.common.WebUiCommonHelper$findWebElement.call(Unknown Source)
	at newUserRegistrationRS.run(newUserRegistrationRS:327)
	at com.kms.katalon.core.main.ScriptEngine.run(ScriptEngine.java:194)
	at com.kms.katalon.core.main.ScriptEngine.runScriptAsRawText(ScriptEngine.java:119)
	at com.kms.katalon.core.main.TestCaseExecutor.runScript(TestCaseExecutor.java:342)
	at com.kms.katalon.core.main.TestCaseExecutor.doExecute(TestCaseExecutor.java:333)
	at com.kms.katalon.core.main.TestCaseExecutor.processExecutionPhase(TestCaseExecutor.java:312)
	at com.kms.katalon.core.main.TestCaseExecutor.accessMainPhase(TestCaseExecutor.java:304)
	at com.kms.katalon.core.main.TestCaseExecutor.execute(TestCaseExecutor.java:238)
	at com.kms.katalon.core.main.TestSuiteExecutor.accessTestCaseMainPhase(TestSuiteExecutor.java:129)
	at com.kms.katalon.core.main.TestSuiteExecutor.accessTestSuiteMainPhase(TestSuiteExecutor.java:112)
	at com.kms.katalon.core.main.TestSuiteExecutor.execute(TestSuiteExecutor.java:81)
	at com.kms.katalon.core.main.TestCaseMain.startTestSuite(TestCaseMain.java:157)
	at com.kms.katalon.core.main.TestCaseMain$startTestSuite$0.call(Unknown Source)
	at TempTestSuite1573940360393.run(TempTestSuite1573940360393.groovy:35)]]></system-err>
   </testsuite>
</testsuites>
