<?xml version="1.0" encoding="UTF-8"?>
<testsuites name="NASuit1_addOnOrderPersonal" time="182" tests="1" failures="0" errors="0">
   <testsuite name="NASuit1_addOnOrderPersonal" tests="1" failures="0" errors="0" time="182" timestamp="2019-05-22 17:06:14" hostname="user - 10.0.102.159" id="Test Suites/NASuit1_addOnOrderPersonal">
      <properties>
         <property name="deviceName" value=""/>
         <property name="devicePlatform" value=""/>
         <property name="logFolder" value="C:\\Users\\user\\Documents\\testautomation\\NewArrivals\\Reports\\NASuit1_addOnOrderPersonal\\20190522_170609"/>
         <property name="logFiles" value="C:\\Users\\user\\Documents\\testautomation\\NewArrivals\\Reports\\NASuit1_addOnOrderPersonal\\20190522_170609\\execution0.log"/>
         <property name="attachments" value=""/>
         <property name="hostName" value="user - 10.0.102.159"/>
         <property name="os" value="Windows 8.1 64bit"/>
         <property name="katalonVersion" value="6.1.1.1"/>
         <property name="browser" value="Chrome 74.0.3729.157"/>
         <property name="hostAddress" value="10.0.102.159"/>
         <property name="sessionId" value="bfa02658caa685838fb287071a6f90e1"/>
         <property name="seleniumVersion" value="3.7.1"/>
         <property name="proxyInformation" value="ProxyInformation{proxyOption=NO_PROXY, proxyServerType=HTTP, password=, proxyServerAddress=, proxyServerPort=0}"/>
         <property name="platform" value="Windows 8.1"/>
      </properties>
      <testcase name="Test Cases/addOnOrderPersonal" classname="Test Cases/addOnOrderPersonal" status="PASSED">
         <system-out><![CDATA[2019-05-22 17:06:15 - [TEST_CASE][PASSED] - Test Cases/addOnOrderPersonal: Test Cases/addOnOrderPersonal

2019-05-22 17:06:15 - [TEST_STEP][PASSED] - Start listener action : sampleBeforeTestCase: null

2019-05-22 17:06:15 - [TEST_STEP][PASSED] - println(testCaseContext.getTestCaseId()): null

2019-05-22 17:06:15 - [TEST_STEP][PASSED] - println(testCaseContext.getTestCaseVariables()): null

2019-05-22 17:06:16 - [TEST_STEP][PASSED] - openBrowser(""): Browser is opened with url: ''

2019-05-22 17:06:18 - [MESSAGE][INFO] - Starting 'Chrome' driver

2019-05-22 17:06:18 - [MESSAGE][INFO] - Action delay is set to 0 seconds

2019-05-22 17:06:22 - [MESSAGE][PASSED] - Browser is opened with url: ''

2019-05-22 17:06:22 - [TEST_STEP][PASSED] - callTestCase(findTestCase("backOfficeLogin"), ["BOURL":"", "BOuser":"", "BOpass":""], STOP_ON_FAILURE): Call Test Case 'Test Cases/backOfficeLogin' successfully

2019-05-22 17:06:22 - [TEST_CASE][PASSED] - Test Cases/backOfficeLogin: Test Cases/backOfficeLogin

2019-05-22 17:06:22 - [TEST_STEP][PASSED] - BOURL = findTestData("credData").getValue("BOURL", 1): null

2019-05-22 17:06:23 - [TEST_STEP][PASSED] - BOuser = findTestData("credData").getValue("BOuser", 1): null

2019-05-22 17:06:23 - [TEST_STEP][PASSED] - BOpass = findTestData("credData").getValue("BOpass", 1): null

2019-05-22 17:06:24 - [TEST_STEP][PASSED] - navigateToUrl(BOURL): Navigate to 'https://test14.cliotest.com/backoffice/control/main' successfully

2019-05-22 17:06:36 - [MESSAGE][PASSED] - Navigate to 'https://test14.cliotest.com/backoffice/control/main' successfully

2019-05-22 17:06:36 - [TEST_STEP][PASSED] - logOut = findWebElements(findTestObject("Object Repository/Page_cabi Home/log_out"), 1): Unable to find the element located by 'By.xpath: //a[contains(text(),'Log Out')]'. Please recheck the objects properties to make sure the desired element is located. 

2019-05-22 17:06:37 - [MESSAGE][INFO] - Unable to find the element located by 'By.xpath: //a[contains(text(),'Log Out')]'. Please recheck the objects properties to make sure the desired element is located. 

2019-05-22 17:06:37 - [TEST_STEP][PASSED] - if (logOut.size() == 0): Object: 'Object Repository/Page_cabi/input_Welcome to_consultantLogin' is clicked on

2019-05-22 17:06:38 - [TEST_STEP][PASSED] - setText(findTestObject("Page_cabi/input_Welcome to_USERNAME"), BOuser): Text '400000002' is set on object 'Object Repository/Page_cabi/input_Welcome to_USERNAME'

2019-05-22 17:06:38 - [MESSAGE][PASSED] - Text '400000002' is set on object 'Object Repository/Page_cabi/input_Welcome to_USERNAME'

2019-05-22 17:06:38 - [TEST_STEP][PASSED] - setText(findTestObject("Object Repository/Page_cabi/input_Welcome to_PASSWORD"), BOpass): Text 'blackdress19' is set on object 'Object Repository/Page_cabi/input_Welcome to_PASSWORD'

2019-05-22 17:06:38 - [MESSAGE][PASSED] - Text 'blackdress19' is set on object 'Object Repository/Page_cabi/input_Welcome to_PASSWORD'

2019-05-22 17:06:38 - [TEST_STEP][PASSED] - click(findTestObject("Object Repository/Page_cabi/input_Welcome to_consultantLogin")): Object: 'Object Repository/Page_cabi/input_Welcome to_consultantLogin' is clicked on

2019-05-22 17:06:52 - [MESSAGE][PASSED] - Object: 'Object Repository/Page_cabi/input_Welcome to_consultantLogin' is clicked on

2019-05-22 17:06:52 - [TEST_STEP][PASSED] - delay(3): Delayed 3 second(s)

2019-05-22 17:06:55 - [MESSAGE][PASSED] - Delayed 3 second(s)

2019-05-22 17:06:55 - [MESSAGE][PASSED] - Call Test Case 'Test Cases/backOfficeLogin' successfully

2019-05-22 17:06:55 - [TEST_STEP][PASSED] - click(findTestObject("Page_cabi Home/a_Shows  Orders")): Object: 'Object Repository/Page_cabi Home/a_Shows  Orders' is clicked on

2019-05-22 17:06:55 - [MESSAGE][PASSED] - Object: 'Object Repository/Page_cabi Home/a_Shows  Orders' is clicked on

2019-05-22 17:06:55 - [TEST_STEP][PASSED] - delay(1): Delayed 1 second(s)

2019-05-22 17:06:56 - [MESSAGE][PASSED] - Delayed 1 second(s)

2019-05-22 17:06:56 - [TEST_STEP][PASSED] - click(findTestObject("Page_cabi Home/a_personal_purchases")): Object: 'Object Repository/Page_cabi Home/a_personal_purchases' is clicked on

2019-05-22 17:06:58 - [MESSAGE][PASSED] - Object: 'Object Repository/Page_cabi Home/a_personal_purchases' is clicked on

2019-05-22 17:06:58 - [TEST_STEP][PASSED] - click(findTestObject("Page_cabi Personal Store/span_Continue to Order")): Object: 'Object Repository/Page_cabi Personal Store/span_Continue to Order' is clicked on

2019-05-22 17:06:59 - [MESSAGE][PASSED] - Object: 'Object Repository/Page_cabi Personal Store/span_Continue to Order' is clicked on

2019-05-22 17:06:59 - [TEST_STEP][PASSED] - delay(5): Delayed 5 second(s)

2019-05-22 17:07:04 - [MESSAGE][PASSED] - Delayed 5 second(s)

2019-05-22 17:07:04 - [TEST_STEP][PASSED] - emptyCart = findWebElements(findTestObject("Object Repository/Page_cabi Personal Store/removeFromCart"), 5): Unable to find the element located by 'By.xpath: //*[@id="removeFromCart_0"]/span'. Please recheck the objects properties to make sure the desired element is located. 

2019-05-22 17:07:09 - [MESSAGE][INFO] - Unable to find the element located by 'By.xpath: //*[@id="removeFromCart_0"]/span'. Please recheck the objects properties to make sure the desired element is located. 

2019-05-22 17:07:09 - [TEST_STEP][PASSED] - if (emptyCart.size() > 0): null

2019-05-22 17:07:09 - [TEST_STEP][PASSED] - addOnStyle = findTestData("miscData").getValue("addOnStyle", 1): null

2019-05-22 17:07:09 - [TEST_STEP][PASSED] - click(findTestObject("Object Repository/Page_cabi Create Order/input_Manual Discount_stylelookup_0")): Object: 'Object Repository/Page_cabi Create Order/input_Manual Discount_stylelookup_0' is clicked on

2019-05-22 17:07:09 - [MESSAGE][PASSED] - Object: 'Object Repository/Page_cabi Create Order/input_Manual Discount_stylelookup_0' is clicked on

2019-05-22 17:07:09 - [TEST_STEP][PASSED] - setText(findTestObject("Object Repository/Page_cabi Create Order/input_Manual Discount_stylelookup_0"), addOnStyle): Text '5447' is set on object 'Object Repository/Page_cabi Create Order/input_Manual Discount_stylelookup_0'

2019-05-22 17:07:09 - [MESSAGE][PASSED] - Text '5447' is set on object 'Object Repository/Page_cabi Create Order/input_Manual Discount_stylelookup_0'

2019-05-22 17:07:09 - [TEST_STEP][PASSED] - delay(3): Delayed 3 second(s)

2019-05-22 17:07:12 - [MESSAGE][PASSED] - Delayed 3 second(s)

2019-05-22 17:07:12 - [TEST_STEP][PASSED] - prod_message = getText(findTestObject("Page_cabi Create Order/first_option")): Text of object 'Object Repository/Page_cabi Create Order/first_option' is: '5447 Bishop Cardigan'

2019-05-22 17:07:12 - [MESSAGE][PASSED] - Text of object 'Object Repository/Page_cabi Create Order/first_option' is: '5447 Bishop Cardigan'

2019-05-22 17:07:12 - [TEST_STEP][PASSED] - click(findTestObject("Page_cabi Create Order/first_option")): Object: 'Object Repository/Page_cabi Create Order/first_option' is clicked on

2019-05-22 17:07:12 - [MESSAGE][PASSED] - Object: 'Object Repository/Page_cabi Create Order/first_option' is clicked on

2019-05-22 17:07:12 - [TEST_STEP][PASSED] - delay(5): Delayed 5 second(s)

2019-05-22 17:07:17 - [MESSAGE][PASSED] - Delayed 5 second(s)

2019-05-22 17:07:17 - [TEST_STEP][PASSED] - click(findTestObject("Object Repository/Page_cabi Order Items/selectSize")): Object: 'Object Repository/Page_cabi Order Items/selectSize' is clicked on

2019-05-22 17:07:18 - [MESSAGE][PASSED] - Object: 'Object Repository/Page_cabi Order Items/selectSize' is clicked on

2019-05-22 17:07:18 - [TEST_STEP][PASSED] - click(findTestObject("Object Repository/Page_cabi Order Items/span_Add to Cart")): Object: 'Object Repository/Page_cabi Order Items/span_Add to Cart' is clicked on

2019-05-22 17:07:18 - [MESSAGE][PASSED] - Object: 'Object Repository/Page_cabi Order Items/span_Add to Cart' is clicked on

2019-05-22 17:07:18 - [TEST_STEP][PASSED] - delay(3): Delayed 3 second(s)

2019-05-22 17:07:21 - [MESSAGE][PASSED] - Delayed 3 second(s)

2019-05-22 17:07:21 - [TEST_STEP][PASSED] - click(findTestObject("Object Repository/Page_cabi Order Items/span_Continue to Shipping")): Object: 'Object Repository/Page_cabi Order Items/span_Continue to Shipping' is clicked on

2019-05-22 17:07:21 - [MESSAGE][PASSED] - Object: 'Object Repository/Page_cabi Order Items/span_Continue to Shipping' is clicked on

2019-05-22 17:07:21 - [TEST_STEP][PASSED] - click(findTestObject("Page_cabi Personal Store/nextButtonShipping")): Object: 'Object Repository/Page_cabi Personal Store/nextButtonShipping' is clicked on

2019-05-22 17:07:22 - [MESSAGE][PASSED] - Object: 'Object Repository/Page_cabi Personal Store/nextButtonShipping' is clicked on

2019-05-22 17:07:22 - [TEST_STEP][PASSED] - delay(3): Delayed 3 second(s)

2019-05-22 17:07:25 - [MESSAGE][PASSED] - Delayed 3 second(s)

2019-05-22 17:07:25 - [TEST_STEP][PASSED] - click(findTestObject("Page_cabi Personal Store/makeFirstPayment")): Object: 'Object Repository/Page_cabi Personal Store/makeFirstPayment' is clicked on

2019-05-22 17:07:25 - [MESSAGE][PASSED] - Object: 'Object Repository/Page_cabi Personal Store/makeFirstPayment' is clicked on

2019-05-22 17:07:25 - [TEST_STEP][PASSED] - click(findTestObject("Page_cabi Personal Store/submitPayment")): Object: 'Object Repository/Page_cabi Personal Store/submitPayment' is clicked on

2019-05-22 17:07:25 - [MESSAGE][PASSED] - Object: 'Object Repository/Page_cabi Personal Store/submitPayment' is clicked on

2019-05-22 17:07:25 - [TEST_STEP][PASSED] - click(findTestObject("Page_cabi Personal Store/submitOrderId")): Object: 'Object Repository/Page_cabi Personal Store/submitOrderId' is clicked on

2019-05-22 17:07:28 - [MESSAGE][PASSED] - Object: 'Object Repository/Page_cabi Personal Store/submitOrderId' is clicked on

2019-05-22 17:07:28 - [TEST_STEP][PASSED] - successMsg = "": null

2019-05-22 17:07:28 - [TEST_STEP][PASSED] - orderSuccess = false: null

2019-05-22 17:07:28 - [TEST_STEP][PASSED] - successMsgs = findWebElements(findTestObject("Object Repository/Page_cabi Personal Store/p_success_msg"), 5): null

2019-05-22 17:07:28 - [TEST_STEP][PASSED] - if (successMsgs.size() > 0): Text of object 'Object Repository/Page_cabi Personal Store/p_order_id' is: 'PR707963624'

2019-05-22 17:07:28 - [TEST_STEP][PASSED] - successMsg = getText(findTestObject("Object Repository/Page_cabi Personal Store/p_success_msg")): Text of object 'Object Repository/Page_cabi Personal Store/p_success_msg' is: 'Order Created Successfully!!
Order #:  PR707963624

CONTINUE SHOPPING'

2019-05-22 17:07:28 - [MESSAGE][PASSED] - Text of object 'Object Repository/Page_cabi Personal Store/p_success_msg' is: 'Order Created Successfully!!
Order #:  PR707963624

CONTINUE SHOPPING'

2019-05-22 17:07:28 - [TEST_STEP][PASSED] - orderSuccess = true: null

2019-05-22 17:07:28 - [TEST_STEP][PASSED] - addOnOrderId = getText(findTestObject("Object Repository/Page_cabi Personal Store/p_order_id")): Text of object 'Object Repository/Page_cabi Personal Store/p_order_id' is: 'PR707963624'

2019-05-22 17:07:28 - [MESSAGE][PASSED] - Text of object 'Object Repository/Page_cabi Personal Store/p_order_id' is: 'PR707963624'

2019-05-22 17:07:29 - [TEST_STEP][PASSED] - assert orderSuccess == true: null

2019-05-22 17:07:29 - [TEST_STEP][PASSED] - callTestCase(findTestCase("warehouseShipping"), ["orderId":addOnOrderId], STOP_ON_FAILURE): Call Test Case 'Test Cases/warehouseShipping' successfully

2019-05-22 17:07:29 - [TEST_CASE][PASSED] - Test Cases/warehouseShipping: Test Cases/warehouseShipping

2019-05-22 17:07:29 - [TEST_STEP][PASSED] - callTestCase(findTestCase("cabiWarehouseLogin"), ["CWURL":"", "CWuser":"", "CWpass":""], STOP_ON_FAILURE): Call Test Case 'Test Cases/cabiWarehouseLogin' successfully

2019-05-22 17:07:29 - [TEST_CASE][PASSED] - Test Cases/cabiWarehouseLogin: Test Cases/cabiWarehouseLogin

2019-05-22 17:07:29 - [TEST_STEP][PASSED] - CWURL = findTestData("credData").getValue("CWURL", 1): null

2019-05-22 17:07:29 - [TEST_STEP][PASSED] - CWuser = findTestData("credData").getValue("CWuser", 1): null

2019-05-22 17:07:29 - [TEST_STEP][PASSED] - CWpass = findTestData("credData").getValue("CWpass", 1): null

2019-05-22 17:07:29 - [TEST_STEP][PASSED] - maximizeWindow(): Current window maximized

2019-05-22 17:07:31 - [MESSAGE][PASSED] - Current window maximized

2019-05-22 17:07:31 - [TEST_STEP][PASSED] - navigateToUrl(CWURL): Navigate to 'https://test14.cliotest.com/warehouse/control/main' successfully

2019-05-22 17:07:35 - [MESSAGE][PASSED] - Navigate to 'https://test14.cliotest.com/warehouse/control/main' successfully

2019-05-22 17:07:35 - [TEST_STEP][PASSED] - logOut = findWebElements(findTestObject("Object Repository/Cabi warehouse/Page_cabi_home/log_out"), 1): Unable to find the element located by 'By.xpath: //li/a[contains(text(), 'Log Out »')]'. Please recheck the objects properties to make sure the desired element is located. 

2019-05-22 17:07:36 - [MESSAGE][INFO] - Unable to find the element located by 'By.xpath: //li/a[contains(text(), 'Log Out »')]'. Please recheck the objects properties to make sure the desired element is located. 

2019-05-22 17:07:36 - [TEST_STEP][PASSED] - if (logOut.size() == 0): Object: 'Object Repository/Cabi warehouse/Page_cabi/input_Password_section-btn btn-stl-pk rFloat' is clicked on

2019-05-22 17:07:36 - [TEST_STEP][PASSED] - setText(findTestObject("Object Repository/Cabi warehouse/Page_cabi/input_Username_USERNAME"), CWuser): Text 'rsuarez' is set on object 'Object Repository/Cabi warehouse/Page_cabi/input_Username_USERNAME'

2019-05-22 17:07:36 - [MESSAGE][PASSED] - Text 'rsuarez' is set on object 'Object Repository/Cabi warehouse/Page_cabi/input_Username_USERNAME'

2019-05-22 17:07:36 - [TEST_STEP][PASSED] - setText(findTestObject("Object Repository/Cabi warehouse/Page_cabi/input_Password_PASSWORD"), CWpass): Text 'blackdress19' is set on object 'Object Repository/Cabi warehouse/Page_cabi/input_Password_PASSWORD'

2019-05-22 17:07:36 - [MESSAGE][PASSED] - Text 'blackdress19' is set on object 'Object Repository/Cabi warehouse/Page_cabi/input_Password_PASSWORD'

2019-05-22 17:07:36 - [TEST_STEP][PASSED] - click(findTestObject("Object Repository/Cabi warehouse/Page_cabi/input_Password_section-btn btn-stl-pk rFloat")): Object: 'Object Repository/Cabi warehouse/Page_cabi/input_Password_section-btn btn-stl-pk rFloat' is clicked on

2019-05-22 17:07:37 - [MESSAGE][PASSED] - Object: 'Object Repository/Cabi warehouse/Page_cabi/input_Password_section-btn btn-stl-pk rFloat' is clicked on

2019-05-22 17:07:37 - [TEST_STEP][PASSED] - delay(3): Delayed 3 second(s)

2019-05-22 17:07:40 - [MESSAGE][PASSED] - Delayed 3 second(s)

2019-05-22 17:07:40 - [MESSAGE][PASSED] - Call Test Case 'Test Cases/cabiWarehouseLogin' successfully

2019-05-22 17:07:40 - [TEST_STEP][PASSED] - click(findTestObject("Page_cabi Manage PickLists/a_Create PickLists")): Object: 'Object Repository/Page_cabi Manage PickLists/a_Create PickLists' is clicked on

2019-05-22 17:07:41 - [MESSAGE][PASSED] - Object: 'Object Repository/Page_cabi Manage PickLists/a_Create PickLists' is clicked on

2019-05-22 17:07:41 - [TEST_STEP][PASSED] - click(findTestObject("Object Repository/findOrders/Page_cabi Find Orders/Page_cabi SampleLine Shipment Screen/a_Single Order")): Object: 'Object Repository/findOrders/Page_cabi Find Orders/Page_cabi SampleLine Shipment Screen/a_Single Order' is clicked on

2019-05-22 17:07:42 - [MESSAGE][PASSED] - Object: 'Object Repository/findOrders/Page_cabi Find Orders/Page_cabi SampleLine Shipment Screen/a_Single Order' is clicked on

2019-05-22 17:07:42 - [TEST_STEP][PASSED] - setText(findTestObject("Page_cabi Create Single Order PickList/input_Order Id_orderId"), orderId): Text 'PR707963624' is set on object 'Object Repository/Page_cabi Create Single Order PickList/input_Order Id_orderId'

2019-05-22 17:07:42 - [MESSAGE][PASSED] - Text 'PR707963624' is set on object 'Object Repository/Page_cabi Create Single Order PickList/input_Order Id_orderId'

2019-05-22 17:07:42 - [TEST_STEP][PASSED] - click(findTestObject("Page_cabi Create Single Order PickList/input_Create even if fully backordered_submitButton")): Object: 'Object Repository/Page_cabi Create Single Order PickList/input_Create even if fully backordered_submitButton' is clicked on

2019-05-22 17:07:43 - [MESSAGE][PASSED] - Object: 'Object Repository/Page_cabi Create Single Order PickList/input_Create even if fully backordered_submitButton' is clicked on

2019-05-22 17:07:43 - [TEST_STEP][NOT_RUN] - verifyElementText(findTestObject("Cabi warehouse/picklistCreatedMessage"), "Picklist for order has been created successfully."): NOT_RUN: verifyElementText(findTestObject("Cabi warehouse/picklistCreatedMessage"), "Picklist for order has been created successfully.")

2019-05-22 17:07:43 - [MESSAGE][NOT_RUN] - NOT_RUN: verifyElementText(findTestObject("Cabi warehouse/picklistCreatedMessage"), "Picklist for order has been created successfully.")

2019-05-22 17:07:43 - [TEST_STEP][PASSED] - click(findTestObject("Page_cabi Create Single Order PickList/a_Manage PickLists")): Object: 'Object Repository/Page_cabi Create Single Order PickList/a_Manage PickLists' is clicked on

2019-05-22 17:07:44 - [MESSAGE][PASSED] - Object: 'Object Repository/Page_cabi Create Single Order PickList/a_Manage PickLists' is clicked on

2019-05-22 17:07:44 - [TEST_STEP][PASSED] - setText(findTestObject("Page_cabi Manage PickLists/input_Order _orderId"), orderId): Text 'PR707963624' is set on object 'Object Repository/Page_cabi Manage PickLists/input_Order _orderId'

2019-05-22 17:07:44 - [MESSAGE][PASSED] - Text 'PR707963624' is set on object 'Object Repository/Page_cabi Manage PickLists/input_Order _orderId'

2019-05-22 17:07:44 - [TEST_STEP][PASSED] - click(findTestObject("Page_cabi Manage PickLists/input")): Object: 'Object Repository/Page_cabi Manage PickLists/input' is clicked on

2019-05-22 17:07:45 - [MESSAGE][PASSED] - Object: 'Object Repository/Page_cabi Manage PickLists/input' is clicked on

2019-05-22 17:07:45 - [TEST_STEP][PASSED] - delay(3): Delayed 3 second(s)

2019-05-22 17:07:48 - [MESSAGE][PASSED] - Delayed 3 second(s)

2019-05-22 17:07:48 - [TEST_STEP][PASSED] - click(findTestObject("Page_cabi Manage PickLists/td_104238610")): Object: 'Object Repository/Page_cabi Manage PickLists/td_104238610' is clicked on

2019-05-22 17:07:48 - [MESSAGE][PASSED] - Object: 'Object Repository/Page_cabi Manage PickLists/td_104238610' is clicked on

2019-05-22 17:07:48 - [TEST_STEP][PASSED] - picklistId = getText(findTestObject("Page_cabi Manage PickLists/td_104238610")): Text of object 'Object Repository/Page_cabi Manage PickLists/td_104238610' is: '104256730'

2019-05-22 17:07:48 - [MESSAGE][PASSED] - Text of object 'Object Repository/Page_cabi Manage PickLists/td_104238610' is: '104256730'

2019-05-22 17:07:48 - [TEST_STEP][PASSED] - click(findTestObject("Page_cabi Manage PickLists/a_Packing")): Object: 'Object Repository/Page_cabi Manage PickLists/a_Packing' is clicked on

2019-05-22 17:07:49 - [MESSAGE][PASSED] - Object: 'Object Repository/Page_cabi Manage PickLists/a_Packing' is clicked on

2019-05-22 17:07:49 - [TEST_STEP][PASSED] - setText(findTestObject("Page_cabi Pack Init/input_Pack Station_packStationId"), "30"): Text '30' is set on object 'Object Repository/Page_cabi Pack Init/input_Pack Station_packStationId'

2019-05-22 17:07:49 - [MESSAGE][PASSED] - Text '30' is set on object 'Object Repository/Page_cabi Pack Init/input_Pack Station_packStationId'

2019-05-22 17:07:49 - [TEST_STEP][PASSED] - click(findTestObject("Page_cabi Pack Init/input_Pack Station_submitButton")): Object: 'Object Repository/Page_cabi Pack Init/input_Pack Station_submitButton' is clicked on

2019-05-22 17:07:50 - [MESSAGE][PASSED] - Object: 'Object Repository/Page_cabi Pack Init/input_Pack Station_submitButton' is clicked on

2019-05-22 17:07:50 - [TEST_STEP][PASSED] - setText(findTestObject("Page_cabi Pack Init/input_Picklist ID_pickId"), picklistId): Text '104256730' is set on object 'Object Repository/Page_cabi Pack Init/input_Picklist ID_pickId'

2019-05-22 17:07:50 - [MESSAGE][PASSED] - Text '104256730' is set on object 'Object Repository/Page_cabi Pack Init/input_Picklist ID_pickId'

2019-05-22 17:07:50 - [TEST_STEP][PASSED] - click(findTestObject("Page_cabi Pack Init/input_Picklist ID_submitButton")): Object: 'Object Repository/Page_cabi Pack Init/input_Picklist ID_submitButton' is clicked on

2019-05-22 17:07:51 - [MESSAGE][PASSED] - Object: 'Object Repository/Page_cabi Pack Init/input_Picklist ID_submitButton' is clicked on

2019-05-22 17:07:51 - [TEST_STEP][PASSED] - click(findTestObject("Page_cabi General Pack/input_Cream Of Wheat_button addItemForVerification")): Object: 'Object Repository/Page_cabi General Pack/input_Cream Of Wheat_button addItemForVerification' is clicked on

2019-05-22 17:07:51 - [MESSAGE][PASSED] - Object: 'Object Repository/Page_cabi General Pack/input_Cream Of Wheat_button addItemForVerification' is clicked on

2019-05-22 17:07:51 - [TEST_STEP][PASSED] - click(findTestObject("Page_cabi General Pack/input_Pack Station  30_shipConfirmBtn")): Object: 'Object Repository/Page_cabi General Pack/input_Pack Station  30_shipConfirmBtn' is clicked on

2019-05-22 17:07:54 - [MESSAGE][PASSED] - Object: 'Object Repository/Page_cabi General Pack/input_Pack Station  30_shipConfirmBtn' is clicked on

2019-05-22 17:07:54 - [TEST_STEP][PASSED] - click(findTestObject("Cabi warehouse/warehouseLogout")): Object: 'Object Repository/Cabi warehouse/warehouseLogout' is clicked on

2019-05-22 17:07:55 - [MESSAGE][PASSED] - Object: 'Object Repository/Cabi warehouse/warehouseLogout' is clicked on

2019-05-22 17:07:55 - [MESSAGE][PASSED] - Call Test Case 'Test Cases/warehouseShipping' successfully

2019-05-22 17:07:55 - [TEST_STEP][PASSED] - callTestCase(findTestCase("backOfficeLogin"), ["BOURL":"", "BOuser":"", "BOpass":""], STOP_ON_FAILURE): Call Test Case 'Test Cases/backOfficeLogin' successfully

2019-05-22 17:07:56 - [TEST_CASE][PASSED] - Test Cases/backOfficeLogin: Test Cases/backOfficeLogin

2019-05-22 17:07:56 - [TEST_STEP][PASSED] - BOURL = findTestData("credData").getValue("BOURL", 1): null

2019-05-22 17:07:56 - [TEST_STEP][PASSED] - BOuser = findTestData("credData").getValue("BOuser", 1): null

2019-05-22 17:07:56 - [TEST_STEP][PASSED] - BOpass = findTestData("credData").getValue("BOpass", 1): null

2019-05-22 17:07:56 - [TEST_STEP][PASSED] - navigateToUrl(BOURL): Navigate to 'https://test14.cliotest.com/backoffice/control/main' successfully

2019-05-22 17:08:04 - [MESSAGE][PASSED] - Navigate to 'https://test14.cliotest.com/backoffice/control/main' successfully

2019-05-22 17:08:04 - [TEST_STEP][PASSED] - logOut = findWebElements(findTestObject("Object Repository/Page_cabi Home/log_out"), 1): null

2019-05-22 17:08:04 - [TEST_STEP][PASSED] - if (logOut.size() == 0): null

2019-05-22 17:08:04 - [TEST_STEP][PASSED] - delay(3): Delayed 3 second(s)

2019-05-22 17:08:07 - [MESSAGE][PASSED] - Delayed 3 second(s)

2019-05-22 17:08:07 - [MESSAGE][PASSED] - Call Test Case 'Test Cases/backOfficeLogin' successfully

2019-05-22 17:08:07 - [TEST_STEP][PASSED] - click(findTestObject("Object Repository/findOrders/Page_cabi Find Orders/Page_cabi Home/a_Shows  Orders")): Object: 'Object Repository/findOrders/Page_cabi Find Orders/Page_cabi Home/a_Shows  Orders' is clicked on

2019-05-22 17:08:07 - [MESSAGE][PASSED] - Object: 'Object Repository/findOrders/Page_cabi Find Orders/Page_cabi Home/a_Shows  Orders' is clicked on

2019-05-22 17:08:07 - [TEST_STEP][PASSED] - click(findTestObject("Object Repository/findOrders/Page_cabi Find Orders/Page_cabi Home/a_Orders")): Object: 'Object Repository/findOrders/Page_cabi Find Orders/Page_cabi Home/a_Orders' is clicked on

2019-05-22 17:08:08 - [MESSAGE][PASSED] - Object: 'Object Repository/findOrders/Page_cabi Find Orders/Page_cabi Home/a_Orders' is clicked on

2019-05-22 17:08:08 - [TEST_STEP][PASSED] - click(findTestObject("Object Repository/findOrders/Page_cabi Find Orders/Page_cabi Find Orders/b")): Object: 'Object Repository/findOrders/Page_cabi Find Orders/Page_cabi Find Orders/b' is clicked on

2019-05-22 17:08:08 - [MESSAGE][PASSED] - Object: 'Object Repository/findOrders/Page_cabi Find Orders/Page_cabi Find Orders/b' is clicked on

2019-05-22 17:08:08 - [TEST_STEP][PASSED] - delay(3): Delayed 3 second(s)

2019-05-22 17:08:11 - [MESSAGE][PASSED] - Delayed 3 second(s)

2019-05-22 17:08:11 - [TEST_STEP][PASSED] - click(findTestObject("findOrders/Page_cabi Find Orders/orderNo")): Object: 'Object Repository/findOrders/Page_cabi Find Orders/orderNo' is clicked on

2019-05-22 17:08:11 - [MESSAGE][PASSED] - Object: 'Object Repository/findOrders/Page_cabi Find Orders/orderNo' is clicked on

2019-05-22 17:08:11 - [TEST_STEP][PASSED] - delay(3): Delayed 3 second(s)

2019-05-22 17:08:14 - [MESSAGE][PASSED] - Delayed 3 second(s)

2019-05-22 17:08:14 - [TEST_STEP][PASSED] - click(findTestObject("Object Repository/findOrders/Page_cabi Find Orders/Page_cabi Find Orders/pendingShipment")): Object: 'Object Repository/findOrders/Page_cabi Find Orders/Page_cabi Find Orders/pendingShipment' is clicked on

2019-05-22 17:08:15 - [MESSAGE][PASSED] - Object: 'Object Repository/findOrders/Page_cabi Find Orders/Page_cabi Find Orders/pendingShipment' is clicked on

2019-05-22 17:08:15 - [TEST_STEP][PASSED] - click(findTestObject("Object Repository/findOrders/Page_cabi Find Orders/Page_cabi Find Orders/inputShipped")): Object: 'Object Repository/findOrders/Page_cabi Find Orders/Page_cabi Find Orders/inputShipped' is clicked on

2019-05-22 17:08:15 - [MESSAGE][PASSED] - Object: 'Object Repository/findOrders/Page_cabi Find Orders/Page_cabi Find Orders/inputShipped' is clicked on

2019-05-22 17:08:15 - [TEST_STEP][PASSED] - setText(findTestObject("Object Repository/findOrders/Page_cabi Find Orders/Page_cabi Find Orders/inputOrderId"), addOnOrderId): Text 'PR707963624' is set on object 'Object Repository/findOrders/Page_cabi Find Orders/Page_cabi Find Orders/inputOrderId'

2019-05-22 17:08:15 - [MESSAGE][PASSED] - Text 'PR707963624' is set on object 'Object Repository/findOrders/Page_cabi Find Orders/Page_cabi Find Orders/inputOrderId'

2019-05-22 17:08:15 - [TEST_STEP][PASSED] - click(findTestObject("Object Repository/findOrders/Page_cabi Find Orders/Page_cabi Find Orders/findOrders")): Object: 'Object Repository/findOrders/Page_cabi Find Orders/Page_cabi Find Orders/findOrders' is clicked on

2019-05-22 17:08:15 - [MESSAGE][PASSED] - Object: 'Object Repository/findOrders/Page_cabi Find Orders/Page_cabi Find Orders/findOrders' is clicked on

2019-05-22 17:08:15 - [TEST_STEP][PASSED] - click(findTestObject("findOrders/Page_cabi Find Orders/orderView")): Object: 'Object Repository/findOrders/Page_cabi Find Orders/orderView' is clicked on

2019-05-22 17:08:20 - [MESSAGE][PASSED] - Object: 'Object Repository/findOrders/Page_cabi Find Orders/orderView' is clicked on

2019-05-22 17:08:20 - [TEST_STEP][PASSED] - delay(3): Delayed 3 second(s)

2019-05-22 17:08:23 - [MESSAGE][PASSED] - Delayed 3 second(s)

2019-05-22 17:08:23 - [TEST_STEP][PASSED] - refresh(): Refresh successfully

2019-05-22 17:08:24 - [MESSAGE][PASSED] - Refresh successfully

2019-05-22 17:08:24 - [TEST_STEP][PASSED] - delay(3): Delayed 3 second(s)

2019-05-22 17:08:27 - [MESSAGE][PASSED] - Delayed 3 second(s)

2019-05-22 17:08:27 - [TEST_STEP][PASSED] - refresh(): Refresh successfully

2019-05-22 17:08:27 - [MESSAGE][PASSED] - Refresh successfully

2019-05-22 17:08:27 - [TEST_STEP][PASSED] - delay(10): Delayed 10 second(s)

2019-05-22 17:08:37 - [MESSAGE][PASSED] - Delayed 10 second(s)

2019-05-22 17:08:37 - [TEST_STEP][PASSED] - refresh(): Refresh successfully

2019-05-22 17:08:37 - [MESSAGE][PASSED] - Refresh successfully

2019-05-22 17:08:37 - [TEST_STEP][PASSED] - delay(3): Delayed 3 second(s)

2019-05-22 17:08:40 - [MESSAGE][PASSED] - Delayed 3 second(s)

2019-05-22 17:08:40 - [TEST_STEP][PASSED] - click(findTestObject("Object Repository/findOrders/Page_cabi Find Orders/Page_cabi Order View/a_(Return Order)")): Object: 'Object Repository/findOrders/Page_cabi Find Orders/Page_cabi Order View/a_(Return Order)' is clicked on

2019-05-22 17:08:44 - [MESSAGE][PASSED] - Object: 'Object Repository/findOrders/Page_cabi Find Orders/Page_cabi Order View/a_(Return Order)' is clicked on

2019-05-22 17:08:44 - [TEST_STEP][PASSED] - delay(3): Delayed 3 second(s)

2019-05-22 17:08:47 - [MESSAGE][PASSED] - Delayed 3 second(s)

2019-05-22 17:08:47 - [TEST_STEP][PASSED] - selectOptionByValue(findTestObject("Object Repository/findOrders/Page_cabi Find Orders/Page_cabi Stylist Create RMA/selectReason1"), "CABI_c", true): All options with value 'CABI_c' are selected in object 'Object Repository/findOrders/Page_cabi Find Orders/Page_cabi Stylist Create RMA/selectReason1'  using regular expression

2019-05-22 17:08:47 - [MESSAGE][PASSED] - All options with value 'CABI_c' are selected in object 'Object Repository/findOrders/Page_cabi Find Orders/Page_cabi Stylist Create RMA/selectReason1'  using regular expression

2019-05-22 17:08:47 - [TEST_STEP][PASSED] - selectOptionByValue(findTestObject("Object Repository/findOrders/Page_cabi Find Orders/Page_cabi Stylist Create RMA/selectReason2"), "CABI_c_a", true): All options with value 'CABI_c_a' are selected in object 'Object Repository/findOrders/Page_cabi Find Orders/Page_cabi Stylist Create RMA/selectReason2'  using regular expression

2019-05-22 17:08:47 - [MESSAGE][PASSED] - All options with value 'CABI_c_a' are selected in object 'Object Repository/findOrders/Page_cabi Find Orders/Page_cabi Stylist Create RMA/selectReason2'  using regular expression

2019-05-22 17:08:47 - [TEST_STEP][PASSED] - click(findTestObject("Object Repository/findOrders/Page_cabi Find Orders/Page_cabi Stylist Create RMA/inputRefund")): Object: 'Object Repository/findOrders/Page_cabi Find Orders/Page_cabi Stylist Create RMA/inputRefund' is clicked on

2019-05-22 17:08:47 - [MESSAGE][PASSED] - Object: 'Object Repository/findOrders/Page_cabi Find Orders/Page_cabi Stylist Create RMA/inputRefund' is clicked on

2019-05-22 17:08:47 - [TEST_STEP][PASSED] - click(findTestObject("Object Repository/findOrders/Page_cabi Find Orders/Page_cabi Stylist Create RMA/a_Next")): Object: 'Object Repository/findOrders/Page_cabi Find Orders/Page_cabi Stylist Create RMA/a_Next' is clicked on

2019-05-22 17:08:49 - [MESSAGE][PASSED] - Object: 'Object Repository/findOrders/Page_cabi Find Orders/Page_cabi Stylist Create RMA/a_Next' is clicked on

2019-05-22 17:08:49 - [TEST_STEP][PASSED] - click(findTestObject("Object Repository/findOrders/Page_cabi Find Orders/Page_cabi Stylist Create RMA/inputPostalService")): Object: 'Object Repository/findOrders/Page_cabi Find Orders/Page_cabi Stylist Create RMA/inputPostalService' is clicked on

2019-05-22 17:08:49 - [MESSAGE][PASSED] - Object: 'Object Repository/findOrders/Page_cabi Find Orders/Page_cabi Stylist Create RMA/inputPostalService' is clicked on

2019-05-22 17:08:49 - [TEST_STEP][PASSED] - click(findTestObject("Object Repository/findOrders/Page_cabi Find Orders/Page_cabi Stylist Create RMA/inputConfirmAdderess")): Object: 'Object Repository/findOrders/Page_cabi Find Orders/Page_cabi Stylist Create RMA/inputConfirmAdderess' is clicked on

2019-05-22 17:08:49 - [MESSAGE][PASSED] - Object: 'Object Repository/findOrders/Page_cabi Find Orders/Page_cabi Stylist Create RMA/inputConfirmAdderess' is clicked on

2019-05-22 17:08:49 - [TEST_STEP][PASSED] - click(findTestObject("Object Repository/findOrders/Page_cabi Find Orders/Page_cabi Stylist Create RMA/a_Next_1")): Object: 'Object Repository/findOrders/Page_cabi Find Orders/Page_cabi Stylist Create RMA/a_Next_1' is clicked on

2019-05-22 17:08:49 - [MESSAGE][PASSED] - Object: 'Object Repository/findOrders/Page_cabi Find Orders/Page_cabi Stylist Create RMA/a_Next_1' is clicked on

2019-05-22 17:08:49 - [TEST_STEP][PASSED] - click(findTestObject("Object Repository/findOrders/Page_cabi Find Orders/Page_cabi Stylist Create RMA/a_Submit RMA")): Object: 'Object Repository/findOrders/Page_cabi Find Orders/Page_cabi Stylist Create RMA/a_Submit RMA' is clicked on

2019-05-22 17:08:51 - [MESSAGE][PASSED] - Object: 'Object Repository/findOrders/Page_cabi Find Orders/Page_cabi Stylist Create RMA/a_Submit RMA' is clicked on

2019-05-22 17:08:51 - [TEST_STEP][PASSED] - click(findTestObject("Object Repository/findOrders/Page_cabi Find Orders/Page_cabi Stylist Create RMA/addonOrder")): Object: 'Object Repository/findOrders/Page_cabi Find Orders/Page_cabi Stylist Create RMA/addonOrder' is clicked on

2019-05-22 17:08:55 - [MESSAGE][PASSED] - Object: 'Object Repository/findOrders/Page_cabi Find Orders/Page_cabi Stylist Create RMA/addonOrder' is clicked on

2019-05-22 17:08:55 - [TEST_STEP][PASSED] - delay(3): Delayed 3 second(s)

2019-05-22 17:08:58 - [MESSAGE][PASSED] - Delayed 3 second(s)

2019-05-22 17:08:58 - [TEST_STEP][PASSED] - click(findTestObject("Object Repository/Page_cabi_addOn_order/a_continue_to_order")): Object: 'Object Repository/Page_cabi_addOn_order/a_continue_to_order' is clicked on

2019-05-22 17:08:58 - [MESSAGE][PASSED] - Object: 'Object Repository/Page_cabi_addOn_order/a_continue_to_order' is clicked on

2019-05-22 17:08:58 - [TEST_STEP][PASSED] - delay(2): Delayed 2 second(s)

2019-05-22 17:09:00 - [MESSAGE][PASSED] - Delayed 2 second(s)

2019-05-22 17:09:00 - [TEST_STEP][PASSED] - callTestCase(findTestCase("productVerifyShort"), ["available":BOAddonPersonal], STOP_ON_FAILURE): Call Test Case 'Test Cases/productVerifyShort' successfully

2019-05-22 17:09:00 - [TEST_CASE][PASSED] - Test Cases/productVerifyShort: Test Cases/productVerifyShort

2019-05-22 17:09:01 - [TEST_STEP][PASSED] - for ([row = 1, row <= findTestData("productData").getRowNumbers(), (row++)]): Delayed 3 second(s)

2019-05-22 17:09:01 - [TEST_STEP][PASSED] - delay(2): Delayed 2 second(s)

2019-05-22 17:09:03 - [MESSAGE][PASSED] - Delayed 2 second(s)

2019-05-22 17:09:03 - [TEST_STEP][PASSED] - setText(findTestObject("Object Repository/Page_cabi Create Order/input_Manual Discount_stylelookup_0"), findTestData("productData").getValue("Style", row)): Text '5618' is set on object 'Object Repository/Page_cabi Create Order/input_Manual Discount_stylelookup_0'

2019-05-22 17:09:03 - [MESSAGE][PASSED] - Text '5618' is set on object 'Object Repository/Page_cabi Create Order/input_Manual Discount_stylelookup_0'

2019-05-22 17:09:03 - [TEST_STEP][PASSED] - delay(2): Delayed 2 second(s)

2019-05-22 17:09:05 - [MESSAGE][PASSED] - Delayed 2 second(s)

2019-05-22 17:09:05 - [TEST_STEP][PASSED] - prod_message = getText(findTestObject("Page_cabi Create Order/first_option")): Text of object 'Object Repository/Page_cabi Create Order/first_option' is: '5618 Breeze Dress (Spring '19)'

2019-05-22 17:09:05 - [MESSAGE][PASSED] - Text of object 'Object Repository/Page_cabi Create Order/first_option' is: '5618 Breeze Dress (Spring '19)'

2019-05-22 17:09:05 - [TEST_STEP][PASSED] - delay(1): Delayed 1 second(s)

2019-05-22 17:09:06 - [MESSAGE][PASSED] - Delayed 1 second(s)

2019-05-22 17:09:06 - [TEST_STEP][PASSED] - click(findTestObject("Page_cabi Create Order/first_option")): Object: 'Object Repository/Page_cabi Create Order/first_option' is clicked on

2019-05-22 17:09:06 - [MESSAGE][PASSED] - Object: 'Object Repository/Page_cabi Create Order/first_option' is clicked on

2019-05-22 17:09:06 - [TEST_STEP][PASSED] - if (toString().equalsIgnoreCase("no")): null

2019-05-22 17:09:06 - [TEST_STEP][PASSED] - else: Delayed 3 second(s)

2019-05-22 17:09:06 - [TEST_STEP][PASSED] - delay(3): Delayed 3 second(s)

2019-05-22 17:09:09 - [MESSAGE][PASSED] - Delayed 3 second(s)

2019-05-22 17:09:09 - [TEST_STEP][PASSED] - s1 = getValue("Style", row).toString(): null

2019-05-22 17:09:10 - [TEST_STEP][PASSED] - s2 = " ": null

2019-05-22 17:09:10 - [TEST_STEP][PASSED] - s3 = getValue("Description", row).toString(): null

2019-05-22 17:09:10 - [TEST_STEP][PASSED] - expectedStyleDescription = $s1$s2$s3: null

2019-05-22 17:09:10 - [TEST_STEP][PASSED] - prod_message = UtilityMethods.splitStyle(prod_message): null

2019-05-22 17:09:10 - [TEST_STEP][PASSED] - println(prod_message): null

2019-05-22 17:09:10 - [TEST_STEP][PASSED] - assert prod_message.equalsIgnoreCase(expectedStyleDescription): null

2019-05-22 17:09:10 - [TEST_STEP][PASSED] - delay(3): Delayed 3 second(s)

2019-05-22 17:09:13 - [MESSAGE][PASSED] - Delayed 3 second(s)

2019-05-22 17:09:13 - [TEST_STEP][PASSED] - colorOptions = findWebElements(findTestObject("Page_cabi Order Items/GetAttribute_Color"), 5): null

2019-05-22 17:09:13 - [TEST_STEP][PASSED] - println(colorOptions.size()): null

2019-05-22 17:09:13 - [TEST_STEP][PASSED] - expectedColour = findTestData("productData").getValue("Color", row): null

2019-05-22 17:09:13 - [TEST_STEP][PASSED] - println("expected colour is"): null

2019-05-22 17:09:13 - [TEST_STEP][PASSED] - println(expectedColour): null

2019-05-22 17:09:13 - [TEST_STEP][PASSED] - colourVerified = false: null

2019-05-22 17:09:13 - [TEST_STEP][PASSED] - for (org.openqa.selenium.WebElement op : colorOptions): null

2019-05-22 17:09:13 - [TEST_STEP][PASSED] - println(op.getText()): null

2019-05-22 17:09:13 - [TEST_STEP][PASSED] - if (expectedColour.equalsIgnoreCase(op.getText())): null

2019-05-22 17:09:13 - [TEST_STEP][PASSED] - colourVerified = true: null

2019-05-22 17:09:13 - [TEST_STEP][PASSED] - break: null

2019-05-22 17:09:13 - [TEST_STEP][PASSED] - assert colourVerified == true: null

2019-05-22 17:09:13 - [TEST_STEP][PASSED] - getPrice = getText(findTestObject("Page_cabi Create Order/retail_price")): Text of object 'Object Repository/Page_cabi Create Order/retail_price' is: '$119.00'

2019-05-22 17:09:13 - [MESSAGE][PASSED] - Text of object 'Object Repository/Page_cabi Create Order/retail_price' is: '$119.00'

2019-05-22 17:09:13 - [TEST_STEP][PASSED] - Split_Data = UtilityMethods.SplitData(getPrice): null

2019-05-22 17:09:13 - [TEST_STEP][PASSED] - verifyMatch(Split_Data, findTestData("productData").getValue("Retail", row), true): Actual text '119' and expected text '119' are matched  using regular expression

2019-05-22 17:09:13 - [MESSAGE][PASSED] - Actual text '119' and expected text '119' are matched  using regular expression

2019-05-22 17:09:13 - [TEST_STEP][PASSED] - sizeRange1 = ["XXS", "XS", "S", "M", "L", "XL"]: null

2019-05-22 17:09:13 - [TEST_STEP][PASSED] - sizeRange2 = ["00", "0", "2", "4", "6", "8", "10", "12", "14", "16"]: null

2019-05-22 17:09:13 - [TEST_STEP][PASSED] - sizeRange3 = ["Long", "Regular", "Short"]: null

2019-05-22 17:09:13 - [TEST_STEP][PASSED] - sizeRange4 = ["5", "6", "6.5", "7", "7.5", "8", "8.5", "9", "9.5", "10", "11"]: null

2019-05-22 17:09:13 - [TEST_STEP][PASSED] - sizeRangeSplit = UtilityMethods.SplitSizes(findTestData("productData").getValue("SzRange", row)): null

2019-05-22 17:09:13 - [TEST_STEP][PASSED] - sizeType = getText(findTestObject("Object Repository/Page_cabi Order Items/Size")): Text of object 'Object Repository/Page_cabi Order Items/Size' is: 'Select'

2019-05-22 17:09:13 - [MESSAGE][PASSED] - Text of object 'Object Repository/Page_cabi Order Items/Size' is: 'Select'

2019-05-22 17:09:13 - [TEST_STEP][PASSED] - sizeOptions = findWebElements(findTestObject("Object Repository/Page_cabi Order Items/Size"), 5): null

2019-05-22 17:09:13 - [TEST_STEP][PASSED] - actualRange = new java.util.ArrayList(): null

2019-05-22 17:09:13 - [TEST_STEP][PASSED] - expectedRange = <not implemented yet for class: org.codehaus.groovy.ast.expr.EmptyExpression>: null

2019-05-22 17:09:13 - [TEST_STEP][PASSED] - if (sizeType.equalsIgnoreCase("Select")): null

2019-05-22 17:09:13 - [TEST_STEP][PASSED] - for ([i = 1, i < sizeOptions.size(), (i++)]): null

2019-05-22 17:09:13 - [TEST_STEP][PASSED] - actualRange.add(get(i).getText()): null

2019-05-22 17:09:13 - [TEST_STEP][PASSED] - actualRange.add(get(i).getText()): null

2019-05-22 17:09:13 - [TEST_STEP][PASSED] - actualRange.add(get(i).getText()): null

2019-05-22 17:09:13 - [TEST_STEP][PASSED] - actualRange.add(get(i).getText()): null

2019-05-22 17:09:13 - [TEST_STEP][PASSED] - actualRange.add(get(i).getText()): null

2019-05-22 17:09:13 - [TEST_STEP][PASSED] - if (toString().equalsIgnoreCase("XS") || toString().equalsIgnoreCase("XXS")): null

2019-05-22 17:09:13 - [TEST_STEP][PASSED] - expectedRange = UtilityMethods.getExpectedRange(sizeRange1, sizeRangeSplit): null

2019-05-22 17:09:13 - [TEST_STEP][PASSED] - println("XS"): null

2019-05-22 17:09:13 - [TEST_STEP][PASSED] - println(expectedRange.toString()): null

2019-05-22 17:09:13 - [TEST_STEP][PASSED] - assert UtilityMethods.listEquals(expectedRange, actualRange) == true: null

2019-05-22 17:09:13 - [TEST_STEP][PASSED] - delay(3): Delayed 3 second(s)

2019-05-22 17:09:16 - [MESSAGE][PASSED] - Delayed 3 second(s)

2019-05-22 17:09:16 - [MESSAGE][PASSED] - Call Test Case 'Test Cases/productVerifyShort' successfully]]></system-out>
         <system-err><![CDATA[]]></system-err>
      </testcase>
      <system-out><![CDATA[2019-05-22 17:06:14 - [TEST_SUITE][PASSED] - NASuit1_addOnOrderPersonal: Test Cases/addOnOrderPersonal]]></system-out>
      <system-err><![CDATA[]]></system-err>
   </testsuite>
</testsuites>
