<?xml version="1.0" encoding="UTF-8"?>
<testsuites name="NewArrivalsSuite1" time="568" tests="1" failures="0" errors="0">
   <testsuite name="NewArrivalsSuite1" tests="1" failures="0" errors="0" time="568" timestamp="2019-11-21 15:15:50" hostname="user - Tester-pc" id="Test Suites/NewArrivalsSuites/NewArrivalsSuite1">
      <properties>
         <property name="deviceName" value=""/>
         <property name="devicePlatform" value=""/>
         <property name="logFolder" value="C:\\Users\\user\\Documents\\testautomation\\KatalonProjects\\Reports\\NewArrivalsSuites\\NewArrivalsSuite1\\20191121_151544"/>
         <property name="logFiles" value="C:\\Users\\user\\Documents\\testautomation\\KatalonProjects\\Reports\\NewArrivalsSuites\\NewArrivalsSuite1\\20191121_151544\\execution0.log"/>
         <property name="attachments" value="C:\\Users\\user\\Documents\\testautomation\\KatalonProjects\\productImages\\BOPersonal_2171 image.png, C:\\Users\\user\\Documents\\testautomation\\KatalonProjects\\productImages\\BOPersonal_2172 image.png, C:\\Users\\user\\Documents\\testautomation\\KatalonProjects\\productImages\\BOPersonal_2173 image.png, C:\\Users\\user\\Documents\\testautomation\\KatalonProjects\\productImages\\BOPersonal_2174 image.png, C:\\Users\\user\\Documents\\testautomation\\KatalonProjects\\productImages\\BOPersonal_2175 image.png, C:\\Users\\user\\Documents\\testautomation\\KatalonProjects\\productImages\\BOPersonal_2176 image.png, C:\\Users\\user\\Documents\\testautomation\\KatalonProjects\\productImages\\BOPersonal_2177 image.png, C:\\Users\\user\\Documents\\testautomation\\KatalonProjects\\productImages\\BOPersonal_2178 image.png, C:\\Users\\user\\Documents\\testautomation\\KatalonProjects\\productImages\\BOPersonal_2179 image.png, C:\\Users\\user\\Documents\\testautomation\\KatalonProjects\\productImages\\BOPersonal_3814 image.png, C:\\Users\\user\\Documents\\testautomation\\KatalonProjects\\productImages\\BOPersonal_5067 image.png, C:\\Users\\user\\Documents\\testautomation\\KatalonProjects\\productImages\\BOPersonal_5630 image.png, C:\\Users\\user\\Documents\\testautomation\\KatalonProjects\\productImages\\BOPersonal_5631 image.png, C:\\Users\\user\\Documents\\testautomation\\KatalonProjects\\productImages\\BOPersonal_5632 image.png, C:\\Users\\user\\Documents\\testautomation\\KatalonProjects\\productImages\\BOPersonal_5633 image.png, C:\\Users\\user\\Documents\\testautomation\\KatalonProjects\\productImages\\BOPersonal_5634 image.png, C:\\Users\\user\\Documents\\testautomation\\KatalonProjects\\productImages\\BOPersonal_5635 image.png, C:\\Users\\user\\Documents\\testautomation\\KatalonProjects\\productImages\\BOPersonal_5636 image.png, C:\\Users\\user\\Documents\\testautomation\\KatalonProjects\\productImages\\BOPersonal_5637 image.png, C:\\Users\\user\\Documents\\testautomation\\KatalonProjects\\productImages\\BOPersonal_5638 image.png"/>
         <property name="hostName" value="user - Tester-pc"/>
         <property name="os" value="Windows 8.1 64bit"/>
         <property name="katalonVersion" value="6.1.1.1"/>
         <property name="browser" value="Chrome 77.0.3865.120"/>
         <property name="hostAddress" value="10.0.61.249"/>
         <property name="sessionId" value="6cb150aa83c9b8bd8a1079a845a632e2"/>
         <property name="seleniumVersion" value="3.7.1"/>
         <property name="proxyInformation" value="ProxyInformation{proxyOption=NO_PROXY, proxyServerType=HTTP, password=, proxyServerAddress=, proxyServerPort=0}"/>
         <property name="platform" value="Windows 8.1"/>
      </properties>
      <testcase name="Test Cases/NA_Timezone_Separated/BOPersonal1" classname="Test Cases/NA_Timezone_Separated/BOPersonal1" status="PASSED">
         <system-out><![CDATA[2019-11-21 15:15:51 - [TEST_CASE][PASSED] - Test Cases/NA_Timezone_Separated/BOPersonal1: Test Cases/NA_Timezone_Separated/BOPersonal1

2019-11-21 15:15:51 - [TEST_STEP][PASSED] - Start listener action : sampleBeforeTestCase: null

2019-11-21 15:15:51 - [TEST_STEP][PASSED] - println(testCaseContext.getTestCaseId()): null

2019-11-21 15:15:51 - [TEST_STEP][PASSED] - println(testCaseContext.getTestCaseVariables()): null

2019-11-21 15:15:51 - [TEST_STEP][PASSED] - openBrowser(""): Browser is opened with url: ''

2019-11-21 15:15:52 - [MESSAGE][INFO] - Starting 'Chrome' driver

2019-11-21 15:15:52 - [MESSAGE][INFO] - User set preference: ['args', '[--use-fake-ui-for-media-stream, --start-maximized]']

2019-11-21 15:15:52 - [MESSAGE][INFO] - Action delay is set to 0 seconds

2019-11-21 15:15:56 - [MESSAGE][PASSED] - Browser is opened with url: ''

2019-11-21 15:15:56 - [TEST_STEP][PASSED] - for ([timeRow = 1, timeRow <= 1, (timeRow++)]): Call Test Case 'Test Cases/NewArrival/productVerify' successfully

2019-11-21 15:15:56 - [TEST_STEP][PASSED] - callTestCase(findTestCase("NewArrival/populateTimeGlobalVars"), ["row":timeRow], CONTINUE_ON_FAILURE): Call Test Case 'Test Cases/NewArrival/populateTimeGlobalVars' successfully

2019-11-21 15:15:56 - [TEST_CASE][PASSED] - Test Cases/NewArrival/populateTimeGlobalVars: Test Cases/NewArrival/populateTimeGlobalVars

2019-11-21 15:15:56 - [TEST_STEP][PASSED] - dataFile = "timezoneData": null

2019-11-21 15:15:56 - [TEST_STEP][PASSED] - clockServerTarget = UtilityMethods.getTestData("envtData", "clockServerTarget", 1): null

2019-11-21 15:15:58 - [TEST_STEP][PASSED] - println(clockServerTarget): null

2019-11-21 15:15:58 - [TEST_STEP][PASSED] - orderType = UtilityMethods.getTestData(dataFile, "orderType", row): null

2019-11-21 15:15:58 - [TEST_STEP][PASSED] - timeZone = UtilityMethods.getTestData(dataFile, "timeZone", row): null

2019-11-21 15:15:58 - [TEST_STEP][PASSED] - BOPersonal = UtilityMethods.getTestData(dataFile, "BOPersonal", row): null

2019-11-21 15:15:58 - [TEST_STEP][PASSED] - BOAddonPersonal = UtilityMethods.getTestData(dataFile, "BOAddonPersonal", row): null

2019-11-21 15:15:58 - [TEST_STEP][PASSED] - BOAddonRetail = UtilityMethods.getTestData(dataFile, "BOAddonRetail", row): null

2019-11-21 15:15:58 - [TEST_STEP][PASSED] - BORetail = UtilityMethods.getTestData(dataFile, "BORetail", row): null

2019-11-21 15:15:58 - [TEST_STEP][PASSED] - BOShow = UtilityMethods.getTestData(dataFile, "BOShow", row): null

2019-11-21 15:15:58 - [TEST_STEP][PASSED] - BOOnlineoutlet = UtilityMethods.getTestData(dataFile, "BOOnlineoutlet", row): null

2019-11-21 15:15:58 - [TEST_STEP][PASSED] - BOEmployee = UtilityMethods.getTestData(dataFile, "BOEmployee", row): null

2019-11-21 15:15:59 - [TEST_STEP][PASSED] - CCPersonal = UtilityMethods.getTestData(dataFile, "CCPersonal", row): null

2019-11-21 15:15:59 - [TEST_STEP][PASSED] - CCRetail = UtilityMethods.getTestData(dataFile, "CCRetail", row): null

2019-11-21 15:15:59 - [TEST_STEP][PASSED] - CCShow = UtilityMethods.getTestData(dataFile, "CCShow", row): null

2019-11-21 15:15:59 - [TEST_STEP][PASSED] - BOEblast = UtilityMethods.getTestData(dataFile, "BOEblast", row): null

2019-11-21 15:15:59 - [TEST_STEP][PASSED] - println(row): null

2019-11-21 15:15:59 - [TEST_STEP][PASSED] - println(BOPersonal): null

2019-11-21 15:15:59 - [MESSAGE][PASSED] - Call Test Case 'Test Cases/NewArrival/populateTimeGlobalVars' successfully

2019-11-21 15:15:59 - [TEST_STEP][PASSED] - callTestCase(findTestCase("NewArrival/setTimezone"), ["ofbizURL":"", "ofbizuser":"", "ofbizpass":"", "orderType":orderType, "timeZone":timeZone, "serverTarget":serverTarget, "clockServerTarget":clockServerTarget], CONTINUE_ON_FAILURE): Call Test Case 'Test Cases/NewArrival/setTimezone' successfully

2019-11-21 15:15:59 - [TEST_CASE][PASSED] - Test Cases/NewArrival/setTimezone: Test Cases/NewArrival/setTimezone

2019-11-21 15:15:59 - [TEST_STEP][PASSED] - openBrowser(""): Browser is opened with url: ''

2019-11-21 15:15:59 - [MESSAGE][WARNING] - A browser is already opened. Closing browser and opening a new one

2019-11-21 15:16:00 - [MESSAGE][INFO] - Starting 'Chrome' driver

2019-11-21 15:16:00 - [MESSAGE][INFO] - User set preference: ['args', '[--use-fake-ui-for-media-stream, --start-maximized]']

2019-11-21 15:16:02 - [MESSAGE][PASSED] - Browser is opened with url: ''

2019-11-21 15:16:02 - [TEST_STEP][NOT_RUN] - maximizeWindow(): NOT_RUN: maximizeWindow()

2019-11-21 15:16:02 - [MESSAGE][NOT_RUN] - NOT_RUN: maximizeWindow()

2019-11-21 15:16:02 - [TEST_STEP][PASSED] - ofbizURL = findTestData("envtData").getValue("ofbizURL", 1): null

2019-11-21 15:16:02 - [TEST_STEP][PASSED] - ofbizuser = findTestData("credData").getValue("ofbizuser", 1): null

2019-11-21 15:16:02 - [TEST_STEP][PASSED] - ofbizpass = findTestData("credData").getValue("ofbizpass", 1): null

2019-11-21 15:16:02 - [TEST_STEP][PASSED] - navigateToUrl(ofbizURL): Navigate to 'https://pushofbiz.cliotest.com/login.php' successfully

2019-11-21 15:16:04 - [MESSAGE][PASSED] - Navigate to 'https://pushofbiz.cliotest.com/login.php' successfully

2019-11-21 15:16:04 - [TEST_STEP][PASSED] - setText(findTestObject("Page_/input_Username_username"), ofbizuser): Text 'automation' is set on object 'Object Repository/Page_/input_Username_username'

2019-11-21 15:16:05 - [MESSAGE][PASSED] - Text 'automation' is set on object 'Object Repository/Page_/input_Username_username'

2019-11-21 15:16:05 - [TEST_STEP][PASSED] - setText(findTestObject("Page_/input_Password_password"), ofbizpass): Text 'cabiautomation' is set on object 'Object Repository/Page_/input_Password_password'

2019-11-21 15:16:05 - [MESSAGE][PASSED] - Text 'cabiautomation' is set on object 'Object Repository/Page_/input_Password_password'

2019-11-21 15:16:05 - [TEST_STEP][PASSED] - click(findTestObject("Page_/input_Password_Submit")): Object: 'Object Repository/Page_/input_Password_Submit' is clicked on

2019-11-21 15:16:09 - [MESSAGE][PASSED] - Object: 'Object Repository/Page_/input_Password_Submit' is clicked on

2019-11-21 15:16:09 - [TEST_STEP][PASSED] - click(findTestObject("Object Repository/Page_/a_Clock set")): Object: 'Object Repository/Page_/a_Clock set' is clicked on

2019-11-21 15:16:10 - [MESSAGE][PASSED] - Object: 'Object Repository/Page_/a_Clock set' is clicked on

2019-11-21 15:16:10 - [TEST_STEP][PASSED] - cst = UtilityMethods.createTestObject("select_target", "//select[@name='Target']/option[contains(text(), '", clockServerTarget, "')]"): null

2019-11-21 15:16:10 - [TEST_STEP][PASSED] - println(clockServerTarget): null

2019-11-21 15:16:10 - [TEST_STEP][PASSED] - click(cst): Object: 'select_target' is clicked on

2019-11-21 15:16:10 - [MESSAGE][PASSED] - Object: 'select_target' is clicked on

2019-11-21 15:16:10 - [TEST_STEP][PASSED] - click(findTestObject("Page_/thisDateAndTime")): Object: 'Object Repository/Page_/thisDateAndTime' is clicked on

2019-11-21 15:16:10 - [MESSAGE][PASSED] - Object: 'Object Repository/Page_/thisDateAndTime' is clicked on

2019-11-21 15:16:10 - [TEST_STEP][PASSED] - setText(findTestObject("Object Repository/Page_/setTargetTime"), timeZone): Text ' 01/24/2020 7:00' is set on object 'Object Repository/Page_/setTargetTime'

2019-11-21 15:16:11 - [MESSAGE][PASSED] - Text ' 01/24/2020 7:00' is set on object 'Object Repository/Page_/setTargetTime'

2019-11-21 15:16:11 - [TEST_STEP][PASSED] - click(findTestObject("Object Repository/Page_/input")): Object: 'Object Repository/Page_/input' is clicked on

2019-11-21 15:16:11 - [MESSAGE][PASSED] - Object: 'Object Repository/Page_/input' is clicked on

2019-11-21 15:16:11 - [TEST_STEP][PASSED] - delay(10): Delayed 10 second(s)

2019-11-21 15:16:21 - [MESSAGE][PASSED] - Delayed 10 second(s)

2019-11-21 15:16:21 - [TEST_STEP][NOT_RUN] - closeBrowser(): NOT_RUN: closeBrowser()

2019-11-21 15:16:21 - [MESSAGE][NOT_RUN] - NOT_RUN: closeBrowser()

2019-11-21 15:16:21 - [MESSAGE][PASSED] - Call Test Case 'Test Cases/NewArrival/setTimezone' successfully

2019-11-21 15:16:21 - [TEST_STEP][PASSED] - callTestCase(findTestCase("TestCaseUtilities/backOfficeLogin"), ["BOURL":"", "BOuser":"", "BOpass":""], CONTINUE_ON_FAILURE): Call Test Case 'Test Cases/TestCaseUtilities/backOfficeLogin' successfully

2019-11-21 15:16:22 - [TEST_CASE][PASSED] - Test Cases/TestCaseUtilities/backOfficeLogin: Test Cases/TestCaseUtilities/backOfficeLogin

2019-11-21 15:16:22 - [TEST_STEP][PASSED] - BOURL = findTestData("envtData").getValue("BOURL", 1): null

2019-11-21 15:16:22 - [TEST_STEP][PASSED] - BOuser = findTestData("credData").getValue("BOuser", 1): null

2019-11-21 15:16:22 - [TEST_STEP][PASSED] - BOpass = findTestData("credData").getValue("BOpass", 1): null

2019-11-21 15:16:22 - [TEST_STEP][PASSED] - openBrowser(""): Browser is opened with url: ''

2019-11-21 15:16:22 - [MESSAGE][WARNING] - A browser is already opened. Closing browser and opening a new one

2019-11-21 15:16:23 - [MESSAGE][INFO] - Starting 'Chrome' driver

2019-11-21 15:16:23 - [MESSAGE][INFO] - User set preference: ['args', '[--use-fake-ui-for-media-stream, --start-maximized]']

2019-11-21 15:16:26 - [MESSAGE][PASSED] - Browser is opened with url: ''

2019-11-21 15:16:26 - [TEST_STEP][PASSED] - navigateToUrl(BOURL): Navigate to 'https://test7uk.cliotest.com/backoffice/control/main' successfully

2019-11-21 15:16:33 - [MESSAGE][PASSED] - Navigate to 'https://test7uk.cliotest.com/backoffice/control/main' successfully

2019-11-21 15:16:33 - [TEST_STEP][PASSED] - logOut = findWebElements(findTestObject("Object Repository/Page_cabi Home/log_out"), 1): Unable to find the element located by 'By.xpath: //a[contains(text(),'Log Out')]'. Please recheck the objects properties to make sure the desired element is located. 

2019-11-21 15:16:34 - [MESSAGE][INFO] - Unable to find the element located by 'By.xpath: //a[contains(text(),'Log Out')]'. Please recheck the objects properties to make sure the desired element is located. 

2019-11-21 15:16:34 - [TEST_STEP][PASSED] - if (logOut.size() == 0): Object: 'Object Repository/Page_cabi/input_Welcome to_consultantLogin' is clicked on

2019-11-21 15:16:34 - [TEST_STEP][PASSED] - setText(findTestObject("Page_cabi/input_Welcome to_USERNAME"), BOuser): Text 'uk1312' is set on object 'Object Repository/Page_cabi/input_Welcome to_USERNAME'

2019-11-21 15:16:34 - [MESSAGE][PASSED] - Text 'uk1312' is set on object 'Object Repository/Page_cabi/input_Welcome to_USERNAME'

2019-11-21 15:16:34 - [TEST_STEP][PASSED] - setText(findTestObject("Object Repository/Page_cabi/input_Welcome to_PASSWORD"), BOpass): Text 'blackdress19' is set on object 'Object Repository/Page_cabi/input_Welcome to_PASSWORD'

2019-11-21 15:16:34 - [MESSAGE][PASSED] - Text 'blackdress19' is set on object 'Object Repository/Page_cabi/input_Welcome to_PASSWORD'

2019-11-21 15:16:34 - [TEST_STEP][PASSED] - click(findTestObject("Object Repository/Page_cabi/input_Welcome to_consultantLogin")): Object: 'Object Repository/Page_cabi/input_Welcome to_consultantLogin' is clicked on

2019-11-21 15:16:43 - [MESSAGE][PASSED] - Object: 'Object Repository/Page_cabi/input_Welcome to_consultantLogin' is clicked on

2019-11-21 15:16:43 - [TEST_STEP][PASSED] - delay(3): Delayed 3 second(s)

2019-11-21 15:16:46 - [MESSAGE][PASSED] - Delayed 3 second(s)

2019-11-21 15:16:46 - [MESSAGE][PASSED] - Call Test Case 'Test Cases/TestCaseUtilities/backOfficeLogin' successfully

2019-11-21 15:16:46 - [TEST_STEP][PASSED] - click(findTestObject("Object Repository/Page_cabi Home/a_Shows  Orders")): Object: 'Object Repository/Page_cabi Home/a_Shows  Orders' is clicked on

2019-11-21 15:16:46 - [MESSAGE][PASSED] - Object: 'Object Repository/Page_cabi Home/a_Shows  Orders' is clicked on

2019-11-21 15:16:46 - [TEST_STEP][PASSED] - click(findTestObject("Page_cabi Home/a_personal_purchases")): Object: 'Object Repository/Page_cabi Home/a_personal_purchases' is clicked on

2019-11-21 15:16:49 - [MESSAGE][PASSED] - Object: 'Object Repository/Page_cabi Home/a_personal_purchases' is clicked on

2019-11-21 15:16:49 - [TEST_STEP][PASSED] - click(findTestObject("Object Repository/Page_cabi Personal Store/span_Continue to Order")): Object: 'Object Repository/Page_cabi Personal Store/span_Continue to Order' is clicked on

2019-11-21 15:16:49 - [MESSAGE][PASSED] - Object: 'Object Repository/Page_cabi Personal Store/span_Continue to Order' is clicked on

2019-11-21 15:16:49 - [TEST_STEP][PASSED] - println(BOPersonal): null

2019-11-21 15:16:49 - [TEST_STEP][PASSED] - callTestCase(findTestCase("NewArrival/productVerify"), ["available":BOPersonal, "storeType":"BOPersonal"], CONTINUE_ON_FAILURE): Call Test Case 'Test Cases/NewArrival/productVerify' successfully

2019-11-21 15:16:49 - [TEST_CASE][PASSED] - Test Cases/NewArrival/productVerify: Test Cases/NewArrival/productVerify

2019-11-21 15:16:50 - [TEST_STEP][PASSED] - sa = <not implemented yet for class: org.codehaus.groovy.ast.expr.EmptyExpression>: null

2019-11-21 15:16:50 - [TEST_STEP][PASSED] - styleid_data = <not implemented yet for class: org.codehaus.groovy.ast.expr.EmptyExpression>: null

2019-11-21 15:16:50 - [TEST_STEP][PASSED] - by = <not implemented yet for class: org.codehaus.groovy.ast.expr.EmptyExpression>: null

2019-11-21 15:16:50 - [TEST_STEP][PASSED] - styleWe = <not implemented yet for class: org.codehaus.groovy.ast.expr.EmptyExpression>: null

2019-11-21 15:16:50 - [TEST_STEP][PASSED] - to = <not implemented yet for class: org.codehaus.groovy.ast.expr.EmptyExpression>: null

2019-11-21 15:16:50 - [TEST_STEP][PASSED] - driver = getWebDriver(): null

2019-11-21 15:16:50 - [TEST_STEP][PASSED] - rowNumbers = findTestData("productData").getRowNumbers(): null

2019-11-21 15:16:51 - [TEST_STEP][PASSED] - println(rowNumbers): null

2019-11-21 15:16:51 - [TEST_STEP][PASSED] - for ([row = 1, row <= rowNumbers, (row++)]): null

2019-11-21 15:16:51 - [TEST_STEP][PASSED] - delay(5): Delayed 5 second(s)

2019-11-21 15:16:56 - [MESSAGE][PASSED] - Delayed 5 second(s)

2019-11-21 15:16:56 - [TEST_STEP][PASSED] - sa = new org.testng.asserts.SoftAssert(): null

2019-11-21 15:16:56 - [TEST_STEP][PASSED] - styleid_data = findTestData("productData").getValue("Style", row): null

2019-11-21 15:16:56 - [TEST_STEP][PASSED] - println(styleid_data): null

2019-11-21 15:16:56 - [TEST_STEP][PASSED] - by = By.xpath("//input[@name='style']"): null

2019-11-21 15:16:56 - [TEST_STEP][PASSED] - styleWe = UtilityMethods.getElementByLocator(by, driver): null

2019-11-21 15:16:56 - [TEST_STEP][PASSED] - to = UtilityMethods.fromElement(styleWe): null

2019-11-21 15:16:56 - [TEST_STEP][PASSED] - println("******************+++++++++++++++++++**********************************************"): null

2019-11-21 15:16:56 - [TEST_STEP][PASSED] - setText(to, styleid_data): Text '2171' is set on object ''

2019-11-21 15:16:56 - [MESSAGE][PASSED] - Text '2171' is set on object ''

2019-11-21 15:16:56 - [TEST_STEP][PASSED] - sendKeys(to, Keys.chord(ENTER)): Keys 'ENTER + ' sent to object: ''

2019-11-21 15:16:57 - [MESSAGE][PASSED] - Keys 'ENTER + ' sent to object: ''

2019-11-21 15:16:57 - [TEST_STEP][PASSED] - delay(2): Delayed 2 second(s)

2019-11-21 15:16:59 - [MESSAGE][PASSED] - Delayed 2 second(s)

2019-11-21 15:16:59 - [TEST_STEP][PASSED] - if (toString().equalsIgnoreCase("no")): null

2019-11-21 15:16:59 - [TEST_STEP][PASSED] - else: null

2019-11-21 15:16:59 - [TEST_STEP][PASSED] - click(findTestObject("Page_cabi Order Items/li_order_item")): Object: 'Object Repository/Page_cabi Order Items/li_order_item' is clicked on

2019-11-21 15:17:03 - [MESSAGE][PASSED] - Object: 'Object Repository/Page_cabi Order Items/li_order_item' is clicked on

2019-11-21 15:17:03 - [TEST_STEP][PASSED] - delay(5): Delayed 5 second(s)

2019-11-21 15:17:08 - [MESSAGE][PASSED] - Delayed 5 second(s)

2019-11-21 15:17:08 - [TEST_STEP][PASSED] - imagePath = UtilityMethods.createScreenshotImagePath(storeType, styleid_data): null

2019-11-21 15:17:08 - [TEST_STEP][PASSED] - println(imagePath): null

2019-11-21 15:17:08 - [TEST_STEP][PASSED] - takeScreenshot(imagePath): Taking screenshot successfully

2019-11-21 15:17:09 - [MESSAGE][PASSED] - Taking screenshot successfully
[[ATTACHMENT|C:\\Users\\user\\Documents\\testautomation\\KatalonProjects\\productImages\\BOPersonal_2171 image.png]]

2019-11-21 15:17:09 - [TEST_STEP][PASSED] - verifyElementText(findTestObject("Page_cabi Order Items/GetAttribute_getID"), styleid_data, CONTINUE_ON_FAILURE): Actual text and expected text of test object 'Object Repository/Page_cabi Order Items/GetAttribute_getID' are matched.

2019-11-21 15:17:09 - [MESSAGE][PASSED] - Actual text and expected text of test object 'Object Repository/Page_cabi Order Items/GetAttribute_getID' are matched.

2019-11-21 15:17:09 - [TEST_STEP][PASSED] - colorOptions = findWebElements(findTestObject("Page_cabi Order Items/GetAttribute_Color"), 5): null

2019-11-21 15:17:09 - [TEST_STEP][PASSED] - println(colorOptions.size()): null

2019-11-21 15:17:09 - [TEST_STEP][PASSED] - expectedColour = findTestData("productData").getValue("Color", row): null

2019-11-21 15:17:09 - [TEST_STEP][PASSED] - println("expected colour is"): null

2019-11-21 15:17:09 - [TEST_STEP][PASSED] - println(expectedColour): null

2019-11-21 15:17:09 - [TEST_STEP][PASSED] - colourVerified = false: null

2019-11-21 15:17:09 - [TEST_STEP][PASSED] - for (org.openqa.selenium.WebElement op : colorOptions): null

2019-11-21 15:17:09 - [TEST_STEP][PASSED] - println(op.getText()): null

2019-11-21 15:17:09 - [TEST_STEP][PASSED] - if (expectedColour.equalsIgnoreCase(op.getText())): null

2019-11-21 15:17:09 - [TEST_STEP][PASSED] - colourVerified = true: null

2019-11-21 15:17:09 - [TEST_STEP][PASSED] - break: null

2019-11-21 15:17:09 - [TEST_STEP][PASSED] - sa.assertTrue(colourVerified): null

2019-11-21 15:17:09 - [TEST_STEP][PASSED] - getPrice = getText(findTestObject("Page_cabi Order Items/GetAttribute_Price")): Text of object 'Object Repository/Page_cabi Order Items/GetAttribute_Price' is: 'Price : £32.00'

2019-11-21 15:17:09 - [MESSAGE][PASSED] - Text of object 'Object Repository/Page_cabi Order Items/GetAttribute_Price' is: 'Price : £32.00'

2019-11-21 15:17:09 - [TEST_STEP][PASSED] - Split_Data = UtilityMethods.SplitData(getPrice): null

2019-11-21 15:17:09 - [TEST_STEP][PASSED] - verifyMatch(Split_Data, findTestData("productData").getValue("Retail", row), true, CONTINUE_ON_FAILURE): Actual text '32' and expected text '32' are matched  using regular expression

2019-11-21 15:17:10 - [MESSAGE][PASSED] - Actual text '32' and expected text '32' are matched  using regular expression

2019-11-21 15:17:10 - [TEST_STEP][PASSED] - sizeRange1 = ["XXS", "XS", "S", "M", "L", "XL", "XXL"]: null

2019-11-21 15:17:10 - [TEST_STEP][PASSED] - sizeRange2 = ["00", "0", "2", "4", "6", "8", "10", "12", "14", "16"]: null

2019-11-21 15:17:10 - [TEST_STEP][PASSED] - sizeRange3 = ["Long", "Regular", "Short"]: null

2019-11-21 15:17:10 - [TEST_STEP][PASSED] - sizeRange4 = ["5", "6", "6.5", "7", "7.5", "8", "8.5", "9", "9.5", "10", "11"]: null

2019-11-21 15:17:10 - [TEST_STEP][PASSED] - sizeRange5 = ["XS/S", "M/L"]: null

2019-11-21 15:17:10 - [TEST_STEP][PASSED] - sizeRange6 = ["One Size"]: null

2019-11-21 15:17:10 - [TEST_STEP][PASSED] - sizeRangeSplit = UtilityMethods.SplitSizes(findTestData("productData").getValue("SzRange", row)): null

2019-11-21 15:17:10 - [TEST_STEP][PASSED] - sizeType = getText(findTestObject("Object Repository/Page_cabi Order Items/Size")): Text of object 'Object Repository/Page_cabi Order Items/Size' is: 'Select'

2019-11-21 15:17:10 - [MESSAGE][PASSED] - Text of object 'Object Repository/Page_cabi Order Items/Size' is: 'Select'

2019-11-21 15:17:10 - [TEST_STEP][PASSED] - sizeOptions = findWebElements(findTestObject("Object Repository/Page_cabi Order Items/Size"), 5): null

2019-11-21 15:17:10 - [TEST_STEP][PASSED] - actualRange = new java.util.ArrayList(): null

2019-11-21 15:17:10 - [TEST_STEP][PASSED] - expectedRange = <not implemented yet for class: org.codehaus.groovy.ast.expr.EmptyExpression>: null

2019-11-21 15:17:10 - [TEST_STEP][PASSED] - if (sizeType.equalsIgnoreCase("Select")): null

2019-11-21 15:17:10 - [TEST_STEP][PASSED] - for ([i = 1, i < sizeOptions.size(), (i++)]): null

2019-11-21 15:17:10 - [TEST_STEP][PASSED] - actualRange.add(getAttribute("value").toString()): null

2019-11-21 15:17:10 - [TEST_STEP][PASSED] - if (toString().equalsIgnoreCase("XS") || toString().equalsIgnoreCase("XXS")): null

2019-11-21 15:17:10 - [TEST_STEP][PASSED] - else if (toString().equalsIgnoreCase("00") || toString().equalsIgnoreCase("0")): null

2019-11-21 15:17:10 - [TEST_STEP][PASSED] - else if (toString().equalsIgnoreCase("Long")): null

2019-11-21 15:17:10 - [TEST_STEP][PASSED] - else if (toString().equalsIgnoreCase("5")): null

2019-11-21 15:17:10 - [TEST_STEP][PASSED] - else if (toString().equalsIgnoreCase("XS/S")): null

2019-11-21 15:17:10 - [TEST_STEP][PASSED] - else if (toString().equalsIgnoreCase("One Size")): null

2019-11-21 15:17:10 - [TEST_STEP][PASSED] - expectedRange = UtilityMethods.getExpectedRange(sizeRange6, sizeRangeSplit): null

2019-11-21 15:17:10 - [TEST_STEP][PASSED] - println("One Size"): null

2019-11-21 15:17:10 - [TEST_STEP][PASSED] - println(expectedRange.toString()): null

2019-11-21 15:17:10 - [TEST_STEP][PASSED] - sa.assertTrue(UtilityMethods.listEquals(expectedRange, actualRange)): null

2019-11-21 15:17:10 - [TEST_STEP][PASSED] - delay(2): Delayed 2 second(s)

2019-11-21 15:17:12 - [MESSAGE][PASSED] - Delayed 2 second(s)

2019-11-21 15:17:12 - [TEST_STEP][PASSED] - verifyElementText(findTestObject("Page_cabi Order Items/product_title"), findTestData("productData").getValue("Description", row), CONTINUE_ON_FAILURE): Actual text and expected text of test object 'Object Repository/Page_cabi Order Items/product_title' are matched.

2019-11-21 15:17:12 - [MESSAGE][PASSED] - Actual text and expected text of test object 'Object Repository/Page_cabi Order Items/product_title' are matched.

2019-11-21 15:17:12 - [TEST_STEP][PASSED] - finalContent = findTestData("productData").getValue("FinalContent", row): null

2019-11-21 15:17:12 - [TEST_STEP][PASSED] - if (finalContent.equalsIgnoreCase("")): null

2019-11-21 15:17:12 - [TEST_STEP][PASSED] - fContent = findWebElements(findTestObject("Page_cabi Order Items/product_fabric"), 5): Unable to find the element located by 'By.xpath: (//li/label[contains(text(), 'Fabric:')]/parent::li/following-sibling::li/em)[1]'. Please recheck the objects properties to make sure the desired element is located. 

2019-11-21 15:17:18 - [MESSAGE][INFO] - Unable to find the element located by 'By.xpath: (//li/label[contains(text(), 'Fabric:')]/parent::li/following-sibling::li/em)[1]'. Please recheck the objects properties to make sure the desired element is located. 

2019-11-21 15:17:18 - [TEST_STEP][PASSED] - sa.assertTrue(fContent.size() == 0): null

2019-11-21 15:17:18 - [TEST_STEP][PASSED] - expectedCasreIntrn = findTestData("productData").getValue("CareInstr", row): null

2019-11-21 15:17:18 - [TEST_STEP][PASSED] - if (expectedCasreIntrn.equalsIgnoreCase("")): null

2019-11-21 15:17:18 - [TEST_STEP][PASSED] - else: null

2019-11-21 15:17:18 - [TEST_STEP][PASSED] - actualCasreIntrn = "<div>" + getText(findTestObject("Page_cabi Order Items/care_instruction")) + "</div>": Text of object 'Object Repository/Page_cabi Order Items/care_instruction' is: 'Made in China. Not intended for children under 15.'

2019-11-21 15:17:18 - [MESSAGE][PASSED] - Text of object 'Object Repository/Page_cabi Order Items/care_instruction' is: 'Made in China. Not intended for children under 15.'

2019-11-21 15:17:18 - [TEST_STEP][PASSED] - sa.assertTrue(actualCasreIntrn.equals(expectedCasreIntrn)): null

2019-11-21 15:17:18 - [TEST_STEP][PASSED] - delay(5): Delayed 5 second(s)

2019-11-21 15:17:23 - [MESSAGE][PASSED] - Delayed 5 second(s)

2019-11-21 15:17:23 - [TEST_STEP][PASSED] - sa = new org.testng.asserts.SoftAssert(): null

2019-11-21 15:17:23 - [TEST_STEP][PASSED] - styleid_data = findTestData("productData").getValue("Style", row): null

2019-11-21 15:17:23 - [TEST_STEP][PASSED] - println(styleid_data): null

2019-11-21 15:17:23 - [TEST_STEP][PASSED] - by = By.xpath("//input[@name='style']"): null

2019-11-21 15:17:23 - [TEST_STEP][PASSED] - styleWe = UtilityMethods.getElementByLocator(by, driver): null

2019-11-21 15:17:23 - [TEST_STEP][PASSED] - to = UtilityMethods.fromElement(styleWe): null

2019-11-21 15:17:23 - [TEST_STEP][PASSED] - println("******************+++++++++++++++++++**********************************************"): null

2019-11-21 15:17:23 - [TEST_STEP][PASSED] - setText(to, styleid_data): Text '2172' is set on object ''

2019-11-21 15:17:24 - [MESSAGE][PASSED] - Text '2172' is set on object ''

2019-11-21 15:17:24 - [TEST_STEP][PASSED] - sendKeys(to, Keys.chord(ENTER)): Keys 'ENTER + ' sent to object: ''

2019-11-21 15:17:24 - [MESSAGE][PASSED] - Keys 'ENTER + ' sent to object: ''

2019-11-21 15:17:24 - [TEST_STEP][PASSED] - delay(2): Delayed 2 second(s)

2019-11-21 15:17:26 - [MESSAGE][PASSED] - Delayed 2 second(s)

2019-11-21 15:17:26 - [TEST_STEP][PASSED] - if (toString().equalsIgnoreCase("no")): null

2019-11-21 15:17:26 - [TEST_STEP][PASSED] - else: null

2019-11-21 15:17:26 - [TEST_STEP][PASSED] - click(findTestObject("Page_cabi Order Items/li_order_item")): Object: 'Object Repository/Page_cabi Order Items/li_order_item' is clicked on

2019-11-21 15:17:32 - [MESSAGE][PASSED] - Object: 'Object Repository/Page_cabi Order Items/li_order_item' is clicked on

2019-11-21 15:17:32 - [TEST_STEP][PASSED] - delay(5): Delayed 5 second(s)

2019-11-21 15:17:38 - [MESSAGE][PASSED] - Delayed 5 second(s)

2019-11-21 15:17:38 - [TEST_STEP][PASSED] - imagePath = UtilityMethods.createScreenshotImagePath(storeType, styleid_data): null

2019-11-21 15:17:38 - [TEST_STEP][PASSED] - println(imagePath): null

2019-11-21 15:17:38 - [TEST_STEP][PASSED] - takeScreenshot(imagePath): Taking screenshot successfully

2019-11-21 15:17:38 - [MESSAGE][PASSED] - Taking screenshot successfully
[[ATTACHMENT|C:\\Users\\user\\Documents\\testautomation\\KatalonProjects\\productImages\\BOPersonal_2172 image.png]]

2019-11-21 15:17:38 - [TEST_STEP][PASSED] - verifyElementText(findTestObject("Page_cabi Order Items/GetAttribute_getID"), styleid_data, CONTINUE_ON_FAILURE): Actual text and expected text of test object 'Object Repository/Page_cabi Order Items/GetAttribute_getID' are matched.

2019-11-21 15:17:38 - [MESSAGE][PASSED] - Actual text and expected text of test object 'Object Repository/Page_cabi Order Items/GetAttribute_getID' are matched.

2019-11-21 15:17:38 - [TEST_STEP][PASSED] - colorOptions = findWebElements(findTestObject("Page_cabi Order Items/GetAttribute_Color"), 5): null

2019-11-21 15:17:38 - [TEST_STEP][PASSED] - println(colorOptions.size()): null

2019-11-21 15:17:38 - [TEST_STEP][PASSED] - expectedColour = findTestData("productData").getValue("Color", row): null

2019-11-21 15:17:38 - [TEST_STEP][PASSED] - println("expected colour is"): null

2019-11-21 15:17:38 - [TEST_STEP][PASSED] - println(expectedColour): null

2019-11-21 15:17:38 - [TEST_STEP][PASSED] - colourVerified = false: null

2019-11-21 15:17:38 - [TEST_STEP][PASSED] - for (org.openqa.selenium.WebElement op : colorOptions): null

2019-11-21 15:17:38 - [TEST_STEP][PASSED] - println(op.getText()): null

2019-11-21 15:17:39 - [TEST_STEP][PASSED] - if (expectedColour.equalsIgnoreCase(op.getText())): null

2019-11-21 15:17:39 - [TEST_STEP][PASSED] - colourVerified = true: null

2019-11-21 15:17:39 - [TEST_STEP][PASSED] - break: null

2019-11-21 15:17:39 - [TEST_STEP][PASSED] - sa.assertTrue(colourVerified): null

2019-11-21 15:17:39 - [TEST_STEP][PASSED] - getPrice = getText(findTestObject("Page_cabi Order Items/GetAttribute_Price")): Text of object 'Object Repository/Page_cabi Order Items/GetAttribute_Price' is: 'Price : £84.00'

2019-11-21 15:17:39 - [MESSAGE][PASSED] - Text of object 'Object Repository/Page_cabi Order Items/GetAttribute_Price' is: 'Price : £84.00'

2019-11-21 15:17:39 - [TEST_STEP][PASSED] - Split_Data = UtilityMethods.SplitData(getPrice): null

2019-11-21 15:17:39 - [TEST_STEP][PASSED] - verifyMatch(Split_Data, findTestData("productData").getValue("Retail", row), true, CONTINUE_ON_FAILURE): Actual text '84' and expected text '84' are matched  using regular expression

2019-11-21 15:17:39 - [MESSAGE][PASSED] - Actual text '84' and expected text '84' are matched  using regular expression

2019-11-21 15:17:39 - [TEST_STEP][PASSED] - sizeRange1 = ["XXS", "XS", "S", "M", "L", "XL", "XXL"]: null

2019-11-21 15:17:39 - [TEST_STEP][PASSED] - sizeRange2 = ["00", "0", "2", "4", "6", "8", "10", "12", "14", "16"]: null

2019-11-21 15:17:39 - [TEST_STEP][PASSED] - sizeRange3 = ["Long", "Regular", "Short"]: null

2019-11-21 15:17:39 - [TEST_STEP][PASSED] - sizeRange4 = ["5", "6", "6.5", "7", "7.5", "8", "8.5", "9", "9.5", "10", "11"]: null

2019-11-21 15:17:39 - [TEST_STEP][PASSED] - sizeRange5 = ["XS/S", "M/L"]: null

2019-11-21 15:17:39 - [TEST_STEP][PASSED] - sizeRange6 = ["One Size"]: null

2019-11-21 15:17:39 - [TEST_STEP][PASSED] - sizeRangeSplit = UtilityMethods.SplitSizes(findTestData("productData").getValue("SzRange", row)): null

2019-11-21 15:17:39 - [TEST_STEP][PASSED] - sizeType = getText(findTestObject("Object Repository/Page_cabi Order Items/Size")): Text of object 'Object Repository/Page_cabi Order Items/Size' is: 'Select'

2019-11-21 15:17:39 - [MESSAGE][PASSED] - Text of object 'Object Repository/Page_cabi Order Items/Size' is: 'Select'

2019-11-21 15:17:39 - [TEST_STEP][PASSED] - sizeOptions = findWebElements(findTestObject("Object Repository/Page_cabi Order Items/Size"), 5): null

2019-11-21 15:17:39 - [TEST_STEP][PASSED] - actualRange = new java.util.ArrayList(): null

2019-11-21 15:17:39 - [TEST_STEP][PASSED] - expectedRange = <not implemented yet for class: org.codehaus.groovy.ast.expr.EmptyExpression>: null

2019-11-21 15:17:39 - [TEST_STEP][PASSED] - if (sizeType.equalsIgnoreCase("Select")): null

2019-11-21 15:17:39 - [TEST_STEP][PASSED] - for ([i = 1, i < sizeOptions.size(), (i++)]): null

2019-11-21 15:17:39 - [TEST_STEP][PASSED] - actualRange.add(getAttribute("value").toString()): null

2019-11-21 15:17:39 - [TEST_STEP][PASSED] - if (toString().equalsIgnoreCase("XS") || toString().equalsIgnoreCase("XXS")): null

2019-11-21 15:17:39 - [TEST_STEP][PASSED] - else if (toString().equalsIgnoreCase("00") || toString().equalsIgnoreCase("0")): null

2019-11-21 15:17:39 - [TEST_STEP][PASSED] - else if (toString().equalsIgnoreCase("Long")): null

2019-11-21 15:17:39 - [TEST_STEP][PASSED] - else if (toString().equalsIgnoreCase("5")): null

2019-11-21 15:17:39 - [TEST_STEP][PASSED] - else if (toString().equalsIgnoreCase("XS/S")): null

2019-11-21 15:17:39 - [TEST_STEP][PASSED] - else if (toString().equalsIgnoreCase("One Size")): null

2019-11-21 15:17:39 - [TEST_STEP][PASSED] - expectedRange = UtilityMethods.getExpectedRange(sizeRange6, sizeRangeSplit): null

2019-11-21 15:17:39 - [TEST_STEP][PASSED] - println("One Size"): null

2019-11-21 15:17:39 - [TEST_STEP][PASSED] - println(expectedRange.toString()): null

2019-11-21 15:17:39 - [TEST_STEP][PASSED] - sa.assertTrue(UtilityMethods.listEquals(expectedRange, actualRange)): null

2019-11-21 15:17:39 - [TEST_STEP][PASSED] - delay(2): Delayed 2 second(s)

2019-11-21 15:17:41 - [MESSAGE][PASSED] - Delayed 2 second(s)

2019-11-21 15:17:41 - [TEST_STEP][PASSED] - verifyElementText(findTestObject("Page_cabi Order Items/product_title"), findTestData("productData").getValue("Description", row), CONTINUE_ON_FAILURE): Actual text and expected text of test object 'Object Repository/Page_cabi Order Items/product_title' are matched.

2019-11-21 15:17:41 - [MESSAGE][PASSED] - Actual text and expected text of test object 'Object Repository/Page_cabi Order Items/product_title' are matched.

2019-11-21 15:17:41 - [TEST_STEP][PASSED] - finalContent = findTestData("productData").getValue("FinalContent", row): null

2019-11-21 15:17:41 - [TEST_STEP][PASSED] - if (finalContent.equalsIgnoreCase("")): null

2019-11-21 15:17:41 - [TEST_STEP][PASSED] - fContent = findWebElements(findTestObject("Page_cabi Order Items/product_fabric"), 5): Unable to find the element located by 'By.xpath: (//li/label[contains(text(), 'Fabric:')]/parent::li/following-sibling::li/em)[1]'. Please recheck the objects properties to make sure the desired element is located. 

2019-11-21 15:17:47 - [MESSAGE][INFO] - Unable to find the element located by 'By.xpath: (//li/label[contains(text(), 'Fabric:')]/parent::li/following-sibling::li/em)[1]'. Please recheck the objects properties to make sure the desired element is located. 

2019-11-21 15:17:47 - [TEST_STEP][PASSED] - sa.assertTrue(fContent.size() == 0): null

2019-11-21 15:17:47 - [TEST_STEP][PASSED] - expectedCasreIntrn = findTestData("productData").getValue("CareInstr", row): null

2019-11-21 15:17:47 - [TEST_STEP][PASSED] - if (expectedCasreIntrn.equalsIgnoreCase("")): null

2019-11-21 15:17:47 - [TEST_STEP][PASSED] - else: null

2019-11-21 15:17:47 - [TEST_STEP][PASSED] - actualCasreIntrn = "<div>" + getText(findTestObject("Page_cabi Order Items/care_instruction")) + "</div>": Text of object 'Object Repository/Page_cabi Order Items/care_instruction' is: 'Made in China. Not intended for children under 15.'

2019-11-21 15:17:47 - [MESSAGE][PASSED] - Text of object 'Object Repository/Page_cabi Order Items/care_instruction' is: 'Made in China. Not intended for children under 15.'

2019-11-21 15:17:47 - [TEST_STEP][PASSED] - sa.assertTrue(actualCasreIntrn.equals(expectedCasreIntrn)): null

2019-11-21 15:17:47 - [TEST_STEP][PASSED] - delay(5): Delayed 5 second(s)

2019-11-21 15:17:52 - [MESSAGE][PASSED] - Delayed 5 second(s)

2019-11-21 15:17:52 - [TEST_STEP][PASSED] - sa = new org.testng.asserts.SoftAssert(): null

2019-11-21 15:17:52 - [TEST_STEP][PASSED] - styleid_data = findTestData("productData").getValue("Style", row): null

2019-11-21 15:17:52 - [TEST_STEP][PASSED] - println(styleid_data): null

2019-11-21 15:17:52 - [TEST_STEP][PASSED] - by = By.xpath("//input[@name='style']"): null

2019-11-21 15:17:52 - [TEST_STEP][PASSED] - styleWe = UtilityMethods.getElementByLocator(by, driver): null

2019-11-21 15:17:52 - [TEST_STEP][PASSED] - to = UtilityMethods.fromElement(styleWe): null

2019-11-21 15:17:52 - [TEST_STEP][PASSED] - println("******************+++++++++++++++++++**********************************************"): null

2019-11-21 15:17:52 - [TEST_STEP][PASSED] - setText(to, styleid_data): Text '2173' is set on object ''

2019-11-21 15:17:52 - [MESSAGE][PASSED] - Text '2173' is set on object ''

2019-11-21 15:17:52 - [TEST_STEP][PASSED] - sendKeys(to, Keys.chord(ENTER)): Keys 'ENTER + ' sent to object: ''

2019-11-21 15:17:53 - [MESSAGE][PASSED] - Keys 'ENTER + ' sent to object: ''

2019-11-21 15:17:53 - [TEST_STEP][PASSED] - delay(2): Delayed 2 second(s)

2019-11-21 15:17:55 - [MESSAGE][PASSED] - Delayed 2 second(s)

2019-11-21 15:17:55 - [TEST_STEP][PASSED] - if (toString().equalsIgnoreCase("no")): null

2019-11-21 15:17:55 - [TEST_STEP][PASSED] - else: null

2019-11-21 15:17:55 - [TEST_STEP][PASSED] - click(findTestObject("Page_cabi Order Items/li_order_item")): Object: 'Object Repository/Page_cabi Order Items/li_order_item' is clicked on

2019-11-21 15:18:00 - [MESSAGE][PASSED] - Object: 'Object Repository/Page_cabi Order Items/li_order_item' is clicked on

2019-11-21 15:18:00 - [TEST_STEP][PASSED] - delay(5): Delayed 5 second(s)

2019-11-21 15:18:05 - [MESSAGE][PASSED] - Delayed 5 second(s)

2019-11-21 15:18:05 - [TEST_STEP][PASSED] - imagePath = UtilityMethods.createScreenshotImagePath(storeType, styleid_data): null

2019-11-21 15:18:05 - [TEST_STEP][PASSED] - println(imagePath): null

2019-11-21 15:18:05 - [TEST_STEP][PASSED] - takeScreenshot(imagePath): Taking screenshot successfully

2019-11-21 15:18:05 - [MESSAGE][PASSED] - Taking screenshot successfully
[[ATTACHMENT|C:\\Users\\user\\Documents\\testautomation\\KatalonProjects\\productImages\\BOPersonal_2173 image.png]]

2019-11-21 15:18:05 - [TEST_STEP][PASSED] - verifyElementText(findTestObject("Page_cabi Order Items/GetAttribute_getID"), styleid_data, CONTINUE_ON_FAILURE): Actual text and expected text of test object 'Object Repository/Page_cabi Order Items/GetAttribute_getID' are matched.

2019-11-21 15:18:05 - [MESSAGE][PASSED] - Actual text and expected text of test object 'Object Repository/Page_cabi Order Items/GetAttribute_getID' are matched.

2019-11-21 15:18:05 - [TEST_STEP][PASSED] - colorOptions = findWebElements(findTestObject("Page_cabi Order Items/GetAttribute_Color"), 5): null

2019-11-21 15:18:05 - [TEST_STEP][PASSED] - println(colorOptions.size()): null

2019-11-21 15:18:05 - [TEST_STEP][PASSED] - expectedColour = findTestData("productData").getValue("Color", row): null

2019-11-21 15:18:06 - [TEST_STEP][PASSED] - println("expected colour is"): null

2019-11-21 15:18:06 - [TEST_STEP][PASSED] - println(expectedColour): null

2019-11-21 15:18:06 - [TEST_STEP][PASSED] - colourVerified = false: null

2019-11-21 15:18:06 - [TEST_STEP][PASSED] - for (org.openqa.selenium.WebElement op : colorOptions): null

2019-11-21 15:18:06 - [TEST_STEP][PASSED] - println(op.getText()): null

2019-11-21 15:18:06 - [TEST_STEP][PASSED] - if (expectedColour.equalsIgnoreCase(op.getText())): null

2019-11-21 15:18:06 - [TEST_STEP][PASSED] - colourVerified = true: null

2019-11-21 15:18:06 - [TEST_STEP][PASSED] - break: null

2019-11-21 15:18:06 - [TEST_STEP][PASSED] - sa.assertTrue(colourVerified): null

2019-11-21 15:18:06 - [TEST_STEP][PASSED] - getPrice = getText(findTestObject("Page_cabi Order Items/GetAttribute_Price")): Text of object 'Object Repository/Page_cabi Order Items/GetAttribute_Price' is: 'Price : £28.00'

2019-11-21 15:18:06 - [MESSAGE][PASSED] - Text of object 'Object Repository/Page_cabi Order Items/GetAttribute_Price' is: 'Price : £28.00'

2019-11-21 15:18:06 - [TEST_STEP][PASSED] - Split_Data = UtilityMethods.SplitData(getPrice): null

2019-11-21 15:18:06 - [TEST_STEP][PASSED] - verifyMatch(Split_Data, findTestData("productData").getValue("Retail", row), true, CONTINUE_ON_FAILURE): Actual text '28' and expected text '28' are matched  using regular expression

2019-11-21 15:18:06 - [MESSAGE][PASSED] - Actual text '28' and expected text '28' are matched  using regular expression

2019-11-21 15:18:06 - [TEST_STEP][PASSED] - sizeRange1 = ["XXS", "XS", "S", "M", "L", "XL", "XXL"]: null

2019-11-21 15:18:06 - [TEST_STEP][PASSED] - sizeRange2 = ["00", "0", "2", "4", "6", "8", "10", "12", "14", "16"]: null

2019-11-21 15:18:06 - [TEST_STEP][PASSED] - sizeRange3 = ["Long", "Regular", "Short"]: null

2019-11-21 15:18:06 - [TEST_STEP][PASSED] - sizeRange4 = ["5", "6", "6.5", "7", "7.5", "8", "8.5", "9", "9.5", "10", "11"]: null

2019-11-21 15:18:06 - [TEST_STEP][PASSED] - sizeRange5 = ["XS/S", "M/L"]: null

2019-11-21 15:18:06 - [TEST_STEP][PASSED] - sizeRange6 = ["One Size"]: null

2019-11-21 15:18:06 - [TEST_STEP][PASSED] - sizeRangeSplit = UtilityMethods.SplitSizes(findTestData("productData").getValue("SzRange", row)): null

2019-11-21 15:18:06 - [TEST_STEP][PASSED] - sizeType = getText(findTestObject("Object Repository/Page_cabi Order Items/Size")): Text of object 'Object Repository/Page_cabi Order Items/Size' is: 'Select'

2019-11-21 15:18:06 - [MESSAGE][PASSED] - Text of object 'Object Repository/Page_cabi Order Items/Size' is: 'Select'

2019-11-21 15:18:06 - [TEST_STEP][PASSED] - sizeOptions = findWebElements(findTestObject("Object Repository/Page_cabi Order Items/Size"), 5): null

2019-11-21 15:18:06 - [TEST_STEP][PASSED] - actualRange = new java.util.ArrayList(): null

2019-11-21 15:18:06 - [TEST_STEP][PASSED] - expectedRange = <not implemented yet for class: org.codehaus.groovy.ast.expr.EmptyExpression>: null

2019-11-21 15:18:06 - [TEST_STEP][PASSED] - if (sizeType.equalsIgnoreCase("Select")): null

2019-11-21 15:18:06 - [TEST_STEP][PASSED] - for ([i = 1, i < sizeOptions.size(), (i++)]): null

2019-11-21 15:18:06 - [TEST_STEP][PASSED] - actualRange.add(getAttribute("value").toString()): null

2019-11-21 15:18:06 - [TEST_STEP][PASSED] - if (toString().equalsIgnoreCase("XS") || toString().equalsIgnoreCase("XXS")): null

2019-11-21 15:18:06 - [TEST_STEP][PASSED] - else if (toString().equalsIgnoreCase("00") || toString().equalsIgnoreCase("0")): null

2019-11-21 15:18:06 - [TEST_STEP][PASSED] - else if (toString().equalsIgnoreCase("Long")): null

2019-11-21 15:18:06 - [TEST_STEP][PASSED] - else if (toString().equalsIgnoreCase("5")): null

2019-11-21 15:18:06 - [TEST_STEP][PASSED] - else if (toString().equalsIgnoreCase("XS/S")): null

2019-11-21 15:18:06 - [TEST_STEP][PASSED] - else if (toString().equalsIgnoreCase("One Size")): null

2019-11-21 15:18:06 - [TEST_STEP][PASSED] - expectedRange = UtilityMethods.getExpectedRange(sizeRange6, sizeRangeSplit): null

2019-11-21 15:18:06 - [TEST_STEP][PASSED] - println("One Size"): null

2019-11-21 15:18:06 - [TEST_STEP][PASSED] - println(expectedRange.toString()): null

2019-11-21 15:18:06 - [TEST_STEP][PASSED] - sa.assertTrue(UtilityMethods.listEquals(expectedRange, actualRange)): null

2019-11-21 15:18:06 - [TEST_STEP][PASSED] - delay(2): Delayed 2 second(s)

2019-11-21 15:18:08 - [MESSAGE][PASSED] - Delayed 2 second(s)

2019-11-21 15:18:08 - [TEST_STEP][PASSED] - verifyElementText(findTestObject("Page_cabi Order Items/product_title"), findTestData("productData").getValue("Description", row), CONTINUE_ON_FAILURE): Actual text and expected text of test object 'Object Repository/Page_cabi Order Items/product_title' are matched.

2019-11-21 15:18:08 - [MESSAGE][PASSED] - Actual text and expected text of test object 'Object Repository/Page_cabi Order Items/product_title' are matched.

2019-11-21 15:18:08 - [TEST_STEP][PASSED] - finalContent = findTestData("productData").getValue("FinalContent", row): null

2019-11-21 15:18:08 - [TEST_STEP][PASSED] - if (finalContent.equalsIgnoreCase("")): null

2019-11-21 15:18:08 - [TEST_STEP][PASSED] - fContent = findWebElements(findTestObject("Page_cabi Order Items/product_fabric"), 5): Unable to find the element located by 'By.xpath: (//li/label[contains(text(), 'Fabric:')]/parent::li/following-sibling::li/em)[1]'. Please recheck the objects properties to make sure the desired element is located. 

2019-11-21 15:18:14 - [MESSAGE][INFO] - Unable to find the element located by 'By.xpath: (//li/label[contains(text(), 'Fabric:')]/parent::li/following-sibling::li/em)[1]'. Please recheck the objects properties to make sure the desired element is located. 

2019-11-21 15:18:14 - [TEST_STEP][PASSED] - sa.assertTrue(fContent.size() == 0): null

2019-11-21 15:18:14 - [TEST_STEP][PASSED] - expectedCasreIntrn = findTestData("productData").getValue("CareInstr", row): null

2019-11-21 15:18:14 - [TEST_STEP][PASSED] - if (expectedCasreIntrn.equalsIgnoreCase("")): null

2019-11-21 15:18:14 - [TEST_STEP][PASSED] - else: null

2019-11-21 15:18:14 - [TEST_STEP][PASSED] - actualCasreIntrn = "<div>" + getText(findTestObject("Page_cabi Order Items/care_instruction")) + "</div>": Text of object 'Object Repository/Page_cabi Order Items/care_instruction' is: 'Made in China. Not intended for children under 15.'

2019-11-21 15:18:14 - [MESSAGE][PASSED] - Text of object 'Object Repository/Page_cabi Order Items/care_instruction' is: 'Made in China. Not intended for children under 15.'

2019-11-21 15:18:14 - [TEST_STEP][PASSED] - sa.assertTrue(actualCasreIntrn.equals(expectedCasreIntrn)): null

2019-11-21 15:18:14 - [TEST_STEP][PASSED] - delay(5): Delayed 5 second(s)

2019-11-21 15:18:19 - [MESSAGE][PASSED] - Delayed 5 second(s)

2019-11-21 15:18:19 - [TEST_STEP][PASSED] - sa = new org.testng.asserts.SoftAssert(): null

2019-11-21 15:18:19 - [TEST_STEP][PASSED] - styleid_data = findTestData("productData").getValue("Style", row): null

2019-11-21 15:18:19 - [TEST_STEP][PASSED] - println(styleid_data): null

2019-11-21 15:18:19 - [TEST_STEP][PASSED] - by = By.xpath("//input[@name='style']"): null

2019-11-21 15:18:19 - [TEST_STEP][PASSED] - styleWe = UtilityMethods.getElementByLocator(by, driver): null

2019-11-21 15:18:19 - [TEST_STEP][PASSED] - to = UtilityMethods.fromElement(styleWe): null

2019-11-21 15:18:19 - [TEST_STEP][PASSED] - println("******************+++++++++++++++++++**********************************************"): null

2019-11-21 15:18:19 - [TEST_STEP][PASSED] - setText(to, styleid_data): Text '2174' is set on object ''

2019-11-21 15:18:19 - [MESSAGE][PASSED] - Text '2174' is set on object ''

2019-11-21 15:18:19 - [TEST_STEP][PASSED] - sendKeys(to, Keys.chord(ENTER)): Keys 'ENTER + ' sent to object: ''

2019-11-21 15:18:20 - [MESSAGE][PASSED] - Keys 'ENTER + ' sent to object: ''

2019-11-21 15:18:20 - [TEST_STEP][PASSED] - delay(2): Delayed 2 second(s)

2019-11-21 15:18:22 - [MESSAGE][PASSED] - Delayed 2 second(s)

2019-11-21 15:18:22 - [TEST_STEP][PASSED] - if (toString().equalsIgnoreCase("no")): null

2019-11-21 15:18:22 - [TEST_STEP][PASSED] - else: null

2019-11-21 15:18:22 - [TEST_STEP][PASSED] - click(findTestObject("Page_cabi Order Items/li_order_item")): Object: 'Object Repository/Page_cabi Order Items/li_order_item' is clicked on

2019-11-21 15:18:28 - [MESSAGE][PASSED] - Object: 'Object Repository/Page_cabi Order Items/li_order_item' is clicked on

2019-11-21 15:18:28 - [TEST_STEP][PASSED] - delay(5): Delayed 5 second(s)

2019-11-21 15:18:33 - [MESSAGE][PASSED] - Delayed 5 second(s)

2019-11-21 15:18:33 - [TEST_STEP][PASSED] - imagePath = UtilityMethods.createScreenshotImagePath(storeType, styleid_data): null

2019-11-21 15:18:33 - [TEST_STEP][PASSED] - println(imagePath): null

2019-11-21 15:18:33 - [TEST_STEP][PASSED] - takeScreenshot(imagePath): Taking screenshot successfully

2019-11-21 15:18:33 - [MESSAGE][PASSED] - Taking screenshot successfully
[[ATTACHMENT|C:\\Users\\user\\Documents\\testautomation\\KatalonProjects\\productImages\\BOPersonal_2174 image.png]]

2019-11-21 15:18:33 - [TEST_STEP][PASSED] - verifyElementText(findTestObject("Page_cabi Order Items/GetAttribute_getID"), styleid_data, CONTINUE_ON_FAILURE): Actual text and expected text of test object 'Object Repository/Page_cabi Order Items/GetAttribute_getID' are matched.

2019-11-21 15:18:34 - [MESSAGE][PASSED] - Actual text and expected text of test object 'Object Repository/Page_cabi Order Items/GetAttribute_getID' are matched.

2019-11-21 15:18:34 - [TEST_STEP][PASSED] - colorOptions = findWebElements(findTestObject("Page_cabi Order Items/GetAttribute_Color"), 5): null

2019-11-21 15:18:34 - [TEST_STEP][PASSED] - println(colorOptions.size()): null

2019-11-21 15:18:34 - [TEST_STEP][PASSED] - expectedColour = findTestData("productData").getValue("Color", row): null

2019-11-21 15:18:34 - [TEST_STEP][PASSED] - println("expected colour is"): null

2019-11-21 15:18:34 - [TEST_STEP][PASSED] - println(expectedColour): null

2019-11-21 15:18:34 - [TEST_STEP][PASSED] - colourVerified = false: null

2019-11-21 15:18:34 - [TEST_STEP][PASSED] - for (org.openqa.selenium.WebElement op : colorOptions): null

2019-11-21 15:18:34 - [TEST_STEP][PASSED] - println(op.getText()): null

2019-11-21 15:18:34 - [TEST_STEP][PASSED] - if (expectedColour.equalsIgnoreCase(op.getText())): null

2019-11-21 15:18:34 - [TEST_STEP][PASSED] - colourVerified = true: null

2019-11-21 15:18:34 - [TEST_STEP][PASSED] - break: null

2019-11-21 15:18:34 - [TEST_STEP][PASSED] - sa.assertTrue(colourVerified): null

2019-11-21 15:18:34 - [TEST_STEP][PASSED] - getPrice = getText(findTestObject("Page_cabi Order Items/GetAttribute_Price")): Text of object 'Object Repository/Page_cabi Order Items/GetAttribute_Price' is: 'Price : £62.00'

2019-11-21 15:18:34 - [MESSAGE][PASSED] - Text of object 'Object Repository/Page_cabi Order Items/GetAttribute_Price' is: 'Price : £62.00'

2019-11-21 15:18:34 - [TEST_STEP][PASSED] - Split_Data = UtilityMethods.SplitData(getPrice): null

2019-11-21 15:18:34 - [TEST_STEP][PASSED] - verifyMatch(Split_Data, findTestData("productData").getValue("Retail", row), true, CONTINUE_ON_FAILURE): Actual text '62' and expected text '62' are matched  using regular expression

2019-11-21 15:18:34 - [MESSAGE][PASSED] - Actual text '62' and expected text '62' are matched  using regular expression

2019-11-21 15:18:34 - [TEST_STEP][PASSED] - sizeRange1 = ["XXS", "XS", "S", "M", "L", "XL", "XXL"]: null

2019-11-21 15:18:34 - [TEST_STEP][PASSED] - sizeRange2 = ["00", "0", "2", "4", "6", "8", "10", "12", "14", "16"]: null

2019-11-21 15:18:34 - [TEST_STEP][PASSED] - sizeRange3 = ["Long", "Regular", "Short"]: null

2019-11-21 15:18:34 - [TEST_STEP][PASSED] - sizeRange4 = ["5", "6", "6.5", "7", "7.5", "8", "8.5", "9", "9.5", "10", "11"]: null

2019-11-21 15:18:34 - [TEST_STEP][PASSED] - sizeRange5 = ["XS/S", "M/L"]: null

2019-11-21 15:18:34 - [TEST_STEP][PASSED] - sizeRange6 = ["One Size"]: null

2019-11-21 15:18:34 - [TEST_STEP][PASSED] - sizeRangeSplit = UtilityMethods.SplitSizes(findTestData("productData").getValue("SzRange", row)): null

2019-11-21 15:18:34 - [TEST_STEP][PASSED] - sizeType = getText(findTestObject("Object Repository/Page_cabi Order Items/Size")): Text of object 'Object Repository/Page_cabi Order Items/Size' is: 'Select'

2019-11-21 15:18:34 - [MESSAGE][PASSED] - Text of object 'Object Repository/Page_cabi Order Items/Size' is: 'Select'

2019-11-21 15:18:34 - [TEST_STEP][PASSED] - sizeOptions = findWebElements(findTestObject("Object Repository/Page_cabi Order Items/Size"), 5): null

2019-11-21 15:18:34 - [TEST_STEP][PASSED] - actualRange = new java.util.ArrayList(): null

2019-11-21 15:18:34 - [TEST_STEP][PASSED] - expectedRange = <not implemented yet for class: org.codehaus.groovy.ast.expr.EmptyExpression>: null

2019-11-21 15:18:34 - [TEST_STEP][PASSED] - if (sizeType.equalsIgnoreCase("Select")): null

2019-11-21 15:18:34 - [TEST_STEP][PASSED] - for ([i = 1, i < sizeOptions.size(), (i++)]): null

2019-11-21 15:18:34 - [TEST_STEP][PASSED] - actualRange.add(getAttribute("value").toString()): null

2019-11-21 15:18:34 - [TEST_STEP][PASSED] - if (toString().equalsIgnoreCase("XS") || toString().equalsIgnoreCase("XXS")): null

2019-11-21 15:18:34 - [TEST_STEP][PASSED] - else if (toString().equalsIgnoreCase("00") || toString().equalsIgnoreCase("0")): null

2019-11-21 15:18:34 - [TEST_STEP][PASSED] - else if (toString().equalsIgnoreCase("Long")): null

2019-11-21 15:18:34 - [TEST_STEP][PASSED] - else if (toString().equalsIgnoreCase("5")): null

2019-11-21 15:18:34 - [TEST_STEP][PASSED] - else if (toString().equalsIgnoreCase("XS/S")): null

2019-11-21 15:18:34 - [TEST_STEP][PASSED] - else if (toString().equalsIgnoreCase("One Size")): null

2019-11-21 15:18:34 - [TEST_STEP][PASSED] - expectedRange = UtilityMethods.getExpectedRange(sizeRange6, sizeRangeSplit): null

2019-11-21 15:18:34 - [TEST_STEP][PASSED] - println("One Size"): null

2019-11-21 15:18:34 - [TEST_STEP][PASSED] - println(expectedRange.toString()): null

2019-11-21 15:18:34 - [TEST_STEP][PASSED] - sa.assertTrue(UtilityMethods.listEquals(expectedRange, actualRange)): null

2019-11-21 15:18:34 - [TEST_STEP][PASSED] - delay(2): Delayed 2 second(s)

2019-11-21 15:18:36 - [MESSAGE][PASSED] - Delayed 2 second(s)

2019-11-21 15:18:36 - [TEST_STEP][PASSED] - verifyElementText(findTestObject("Page_cabi Order Items/product_title"), findTestData("productData").getValue("Description", row), CONTINUE_ON_FAILURE): Actual text and expected text of test object 'Object Repository/Page_cabi Order Items/product_title' are matched.

2019-11-21 15:18:37 - [MESSAGE][PASSED] - Actual text and expected text of test object 'Object Repository/Page_cabi Order Items/product_title' are matched.

2019-11-21 15:18:37 - [TEST_STEP][PASSED] - finalContent = findTestData("productData").getValue("FinalContent", row): null

2019-11-21 15:18:37 - [TEST_STEP][PASSED] - if (finalContent.equalsIgnoreCase("")): null

2019-11-21 15:18:37 - [TEST_STEP][PASSED] - fContent = findWebElements(findTestObject("Page_cabi Order Items/product_fabric"), 5): Unable to find the element located by 'By.xpath: (//li/label[contains(text(), 'Fabric:')]/parent::li/following-sibling::li/em)[1]'. Please recheck the objects properties to make sure the desired element is located. 

2019-11-21 15:18:42 - [MESSAGE][INFO] - Unable to find the element located by 'By.xpath: (//li/label[contains(text(), 'Fabric:')]/parent::li/following-sibling::li/em)[1]'. Please recheck the objects properties to make sure the desired element is located. 

2019-11-21 15:18:42 - [TEST_STEP][PASSED] - sa.assertTrue(fContent.size() == 0): null

2019-11-21 15:18:42 - [TEST_STEP][PASSED] - expectedCasreIntrn = findTestData("productData").getValue("CareInstr", row): null

2019-11-21 15:18:42 - [TEST_STEP][PASSED] - if (expectedCasreIntrn.equalsIgnoreCase("")): null

2019-11-21 15:18:42 - [TEST_STEP][PASSED] - else: null

2019-11-21 15:18:42 - [TEST_STEP][PASSED] - actualCasreIntrn = "<div>" + getText(findTestObject("Page_cabi Order Items/care_instruction")) + "</div>": Text of object 'Object Repository/Page_cabi Order Items/care_instruction' is: 'Made in China. Not intended for children under 15.'

2019-11-21 15:18:42 - [MESSAGE][PASSED] - Text of object 'Object Repository/Page_cabi Order Items/care_instruction' is: 'Made in China. Not intended for children under 15.'

2019-11-21 15:18:42 - [TEST_STEP][PASSED] - sa.assertTrue(actualCasreIntrn.equals(expectedCasreIntrn)): null

2019-11-21 15:18:42 - [TEST_STEP][PASSED] - delay(5): Delayed 5 second(s)

2019-11-21 15:18:47 - [MESSAGE][PASSED] - Delayed 5 second(s)

2019-11-21 15:18:47 - [TEST_STEP][PASSED] - sa = new org.testng.asserts.SoftAssert(): null

2019-11-21 15:18:47 - [TEST_STEP][PASSED] - styleid_data = findTestData("productData").getValue("Style", row): null

2019-11-21 15:18:47 - [TEST_STEP][PASSED] - println(styleid_data): null

2019-11-21 15:18:47 - [TEST_STEP][PASSED] - by = By.xpath("//input[@name='style']"): null

2019-11-21 15:18:47 - [TEST_STEP][PASSED] - styleWe = UtilityMethods.getElementByLocator(by, driver): null

2019-11-21 15:18:47 - [TEST_STEP][PASSED] - to = UtilityMethods.fromElement(styleWe): null

2019-11-21 15:18:47 - [TEST_STEP][PASSED] - println("******************+++++++++++++++++++**********************************************"): null

2019-11-21 15:18:47 - [TEST_STEP][PASSED] - setText(to, styleid_data): Text '2175' is set on object ''

2019-11-21 15:18:48 - [MESSAGE][PASSED] - Text '2175' is set on object ''

2019-11-21 15:18:48 - [TEST_STEP][PASSED] - sendKeys(to, Keys.chord(ENTER)): Keys 'ENTER + ' sent to object: ''

2019-11-21 15:18:48 - [MESSAGE][PASSED] - Keys 'ENTER + ' sent to object: ''

2019-11-21 15:18:48 - [TEST_STEP][PASSED] - delay(2): Delayed 2 second(s)

2019-11-21 15:18:50 - [MESSAGE][PASSED] - Delayed 2 second(s)

2019-11-21 15:18:50 - [TEST_STEP][PASSED] - if (toString().equalsIgnoreCase("no")): null

2019-11-21 15:18:50 - [TEST_STEP][PASSED] - else: null

2019-11-21 15:18:50 - [TEST_STEP][PASSED] - click(findTestObject("Page_cabi Order Items/li_order_item")): Object: 'Object Repository/Page_cabi Order Items/li_order_item' is clicked on

2019-11-21 15:18:57 - [MESSAGE][PASSED] - Object: 'Object Repository/Page_cabi Order Items/li_order_item' is clicked on

2019-11-21 15:18:57 - [TEST_STEP][PASSED] - delay(5): Delayed 5 second(s)

2019-11-21 15:19:02 - [MESSAGE][PASSED] - Delayed 5 second(s)

2019-11-21 15:19:02 - [TEST_STEP][PASSED] - imagePath = UtilityMethods.createScreenshotImagePath(storeType, styleid_data): null

2019-11-21 15:19:02 - [TEST_STEP][PASSED] - println(imagePath): null

2019-11-21 15:19:02 - [TEST_STEP][PASSED] - takeScreenshot(imagePath): Taking screenshot successfully

2019-11-21 15:19:03 - [MESSAGE][PASSED] - Taking screenshot successfully
[[ATTACHMENT|C:\\Users\\user\\Documents\\testautomation\\KatalonProjects\\productImages\\BOPersonal_2175 image.png]]

2019-11-21 15:19:03 - [TEST_STEP][PASSED] - verifyElementText(findTestObject("Page_cabi Order Items/GetAttribute_getID"), styleid_data, CONTINUE_ON_FAILURE): Actual text and expected text of test object 'Object Repository/Page_cabi Order Items/GetAttribute_getID' are matched.

2019-11-21 15:19:03 - [MESSAGE][PASSED] - Actual text and expected text of test object 'Object Repository/Page_cabi Order Items/GetAttribute_getID' are matched.

2019-11-21 15:19:03 - [TEST_STEP][PASSED] - colorOptions = findWebElements(findTestObject("Page_cabi Order Items/GetAttribute_Color"), 5): null

2019-11-21 15:19:03 - [TEST_STEP][PASSED] - println(colorOptions.size()): null

2019-11-21 15:19:03 - [TEST_STEP][PASSED] - expectedColour = findTestData("productData").getValue("Color", row): null

2019-11-21 15:19:03 - [TEST_STEP][PASSED] - println("expected colour is"): null

2019-11-21 15:19:03 - [TEST_STEP][PASSED] - println(expectedColour): null

2019-11-21 15:19:03 - [TEST_STEP][PASSED] - colourVerified = false: null

2019-11-21 15:19:03 - [TEST_STEP][PASSED] - for (org.openqa.selenium.WebElement op : colorOptions): null

2019-11-21 15:19:03 - [TEST_STEP][PASSED] - println(op.getText()): null

2019-11-21 15:19:04 - [TEST_STEP][PASSED] - if (expectedColour.equalsIgnoreCase(op.getText())): null

2019-11-21 15:19:04 - [TEST_STEP][PASSED] - colourVerified = true: null

2019-11-21 15:19:04 - [TEST_STEP][PASSED] - break: null

2019-11-21 15:19:04 - [TEST_STEP][PASSED] - sa.assertTrue(colourVerified): null

2019-11-21 15:19:04 - [TEST_STEP][PASSED] - getPrice = getText(findTestObject("Page_cabi Order Items/GetAttribute_Price")): Text of object 'Object Repository/Page_cabi Order Items/GetAttribute_Price' is: 'Price : £62.00'

2019-11-21 15:19:04 - [MESSAGE][PASSED] - Text of object 'Object Repository/Page_cabi Order Items/GetAttribute_Price' is: 'Price : £62.00'

2019-11-21 15:19:04 - [TEST_STEP][PASSED] - Split_Data = UtilityMethods.SplitData(getPrice): null

2019-11-21 15:19:04 - [TEST_STEP][PASSED] - verifyMatch(Split_Data, findTestData("productData").getValue("Retail", row), true, CONTINUE_ON_FAILURE): Actual text '62' and expected text '62' are matched  using regular expression

2019-11-21 15:19:04 - [MESSAGE][PASSED] - Actual text '62' and expected text '62' are matched  using regular expression

2019-11-21 15:19:04 - [TEST_STEP][PASSED] - sizeRange1 = ["XXS", "XS", "S", "M", "L", "XL", "XXL"]: null

2019-11-21 15:19:04 - [TEST_STEP][PASSED] - sizeRange2 = ["00", "0", "2", "4", "6", "8", "10", "12", "14", "16"]: null

2019-11-21 15:19:04 - [TEST_STEP][PASSED] - sizeRange3 = ["Long", "Regular", "Short"]: null

2019-11-21 15:19:04 - [TEST_STEP][PASSED] - sizeRange4 = ["5", "6", "6.5", "7", "7.5", "8", "8.5", "9", "9.5", "10", "11"]: null

2019-11-21 15:19:04 - [TEST_STEP][PASSED] - sizeRange5 = ["XS/S", "M/L"]: null

2019-11-21 15:19:04 - [TEST_STEP][PASSED] - sizeRange6 = ["One Size"]: null

2019-11-21 15:19:04 - [TEST_STEP][PASSED] - sizeRangeSplit = UtilityMethods.SplitSizes(findTestData("productData").getValue("SzRange", row)): null

2019-11-21 15:19:04 - [TEST_STEP][PASSED] - sizeType = getText(findTestObject("Object Repository/Page_cabi Order Items/Size")): Text of object 'Object Repository/Page_cabi Order Items/Size' is: 'Select'

2019-11-21 15:19:04 - [MESSAGE][PASSED] - Text of object 'Object Repository/Page_cabi Order Items/Size' is: 'Select'

2019-11-21 15:19:04 - [TEST_STEP][PASSED] - sizeOptions = findWebElements(findTestObject("Object Repository/Page_cabi Order Items/Size"), 5): null

2019-11-21 15:19:04 - [TEST_STEP][PASSED] - actualRange = new java.util.ArrayList(): null

2019-11-21 15:19:04 - [TEST_STEP][PASSED] - expectedRange = <not implemented yet for class: org.codehaus.groovy.ast.expr.EmptyExpression>: null

2019-11-21 15:19:04 - [TEST_STEP][PASSED] - if (sizeType.equalsIgnoreCase("Select")): null

2019-11-21 15:19:04 - [TEST_STEP][PASSED] - for ([i = 1, i < sizeOptions.size(), (i++)]): null

2019-11-21 15:19:04 - [TEST_STEP][PASSED] - actualRange.add(getAttribute("value").toString()): null

2019-11-21 15:19:04 - [TEST_STEP][PASSED] - if (toString().equalsIgnoreCase("XS") || toString().equalsIgnoreCase("XXS")): null

2019-11-21 15:19:04 - [TEST_STEP][PASSED] - else if (toString().equalsIgnoreCase("00") || toString().equalsIgnoreCase("0")): null

2019-11-21 15:19:04 - [TEST_STEP][PASSED] - else if (toString().equalsIgnoreCase("Long")): null

2019-11-21 15:19:04 - [TEST_STEP][PASSED] - else if (toString().equalsIgnoreCase("5")): null

2019-11-21 15:19:04 - [TEST_STEP][PASSED] - else if (toString().equalsIgnoreCase("XS/S")): null

2019-11-21 15:19:04 - [TEST_STEP][PASSED] - else if (toString().equalsIgnoreCase("One Size")): null

2019-11-21 15:19:04 - [TEST_STEP][PASSED] - expectedRange = UtilityMethods.getExpectedRange(sizeRange6, sizeRangeSplit): null

2019-11-21 15:19:04 - [TEST_STEP][PASSED] - println("One Size"): null

2019-11-21 15:19:04 - [TEST_STEP][PASSED] - println(expectedRange.toString()): null

2019-11-21 15:19:04 - [TEST_STEP][PASSED] - sa.assertTrue(UtilityMethods.listEquals(expectedRange, actualRange)): null

2019-11-21 15:19:04 - [TEST_STEP][PASSED] - delay(2): Delayed 2 second(s)

2019-11-21 15:19:06 - [MESSAGE][PASSED] - Delayed 2 second(s)

2019-11-21 15:19:06 - [TEST_STEP][PASSED] - verifyElementText(findTestObject("Page_cabi Order Items/product_title"), findTestData("productData").getValue("Description", row), CONTINUE_ON_FAILURE): Actual text and expected text of test object 'Object Repository/Page_cabi Order Items/product_title' are matched.

2019-11-21 15:19:06 - [MESSAGE][PASSED] - Actual text and expected text of test object 'Object Repository/Page_cabi Order Items/product_title' are matched.

2019-11-21 15:19:06 - [TEST_STEP][PASSED] - finalContent = findTestData("productData").getValue("FinalContent", row): null

2019-11-21 15:19:06 - [TEST_STEP][PASSED] - if (finalContent.equalsIgnoreCase("")): null

2019-11-21 15:19:06 - [TEST_STEP][PASSED] - fContent = findWebElements(findTestObject("Page_cabi Order Items/product_fabric"), 5): Unable to find the element located by 'By.xpath: (//li/label[contains(text(), 'Fabric:')]/parent::li/following-sibling::li/em)[1]'. Please recheck the objects properties to make sure the desired element is located. 

2019-11-21 15:19:12 - [MESSAGE][INFO] - Unable to find the element located by 'By.xpath: (//li/label[contains(text(), 'Fabric:')]/parent::li/following-sibling::li/em)[1]'. Please recheck the objects properties to make sure the desired element is located. 

2019-11-21 15:19:12 - [TEST_STEP][PASSED] - sa.assertTrue(fContent.size() == 0): null

2019-11-21 15:19:12 - [TEST_STEP][PASSED] - expectedCasreIntrn = findTestData("productData").getValue("CareInstr", row): null

2019-11-21 15:19:12 - [TEST_STEP][PASSED] - if (expectedCasreIntrn.equalsIgnoreCase("")): null

2019-11-21 15:19:12 - [TEST_STEP][PASSED] - else: null

2019-11-21 15:19:12 - [TEST_STEP][PASSED] - actualCasreIntrn = "<div>" + getText(findTestObject("Page_cabi Order Items/care_instruction")) + "</div>": Text of object 'Object Repository/Page_cabi Order Items/care_instruction' is: 'Made in China. Not intended for children under 15.'

2019-11-21 15:19:12 - [MESSAGE][PASSED] - Text of object 'Object Repository/Page_cabi Order Items/care_instruction' is: 'Made in China. Not intended for children under 15.'

2019-11-21 15:19:12 - [TEST_STEP][PASSED] - sa.assertTrue(actualCasreIntrn.equals(expectedCasreIntrn)): null

2019-11-21 15:19:12 - [TEST_STEP][PASSED] - delay(5): Delayed 5 second(s)

2019-11-21 15:19:17 - [MESSAGE][PASSED] - Delayed 5 second(s)

2019-11-21 15:19:17 - [TEST_STEP][PASSED] - sa = new org.testng.asserts.SoftAssert(): null

2019-11-21 15:19:17 - [TEST_STEP][PASSED] - styleid_data = findTestData("productData").getValue("Style", row): null

2019-11-21 15:19:17 - [TEST_STEP][PASSED] - println(styleid_data): null

2019-11-21 15:19:17 - [TEST_STEP][PASSED] - by = By.xpath("//input[@name='style']"): null

2019-11-21 15:19:17 - [TEST_STEP][PASSED] - styleWe = UtilityMethods.getElementByLocator(by, driver): null

2019-11-21 15:19:17 - [TEST_STEP][PASSED] - to = UtilityMethods.fromElement(styleWe): null

2019-11-21 15:19:17 - [TEST_STEP][PASSED] - println("******************+++++++++++++++++++**********************************************"): null

2019-11-21 15:19:17 - [TEST_STEP][PASSED] - setText(to, styleid_data): Text '2176' is set on object ''

2019-11-21 15:19:17 - [MESSAGE][PASSED] - Text '2176' is set on object ''

2019-11-21 15:19:17 - [TEST_STEP][PASSED] - sendKeys(to, Keys.chord(ENTER)): Keys 'ENTER + ' sent to object: ''

2019-11-21 15:19:17 - [MESSAGE][PASSED] - Keys 'ENTER + ' sent to object: ''

2019-11-21 15:19:17 - [TEST_STEP][PASSED] - delay(2): Delayed 2 second(s)

2019-11-21 15:19:19 - [MESSAGE][PASSED] - Delayed 2 second(s)

2019-11-21 15:19:19 - [TEST_STEP][PASSED] - if (toString().equalsIgnoreCase("no")): null

2019-11-21 15:19:19 - [TEST_STEP][PASSED] - else: null

2019-11-21 15:19:19 - [TEST_STEP][PASSED] - click(findTestObject("Page_cabi Order Items/li_order_item")): Object: 'Object Repository/Page_cabi Order Items/li_order_item' is clicked on

2019-11-21 15:19:27 - [MESSAGE][PASSED] - Object: 'Object Repository/Page_cabi Order Items/li_order_item' is clicked on

2019-11-21 15:19:27 - [TEST_STEP][PASSED] - delay(5): Delayed 5 second(s)

2019-11-21 15:19:32 - [MESSAGE][PASSED] - Delayed 5 second(s)

2019-11-21 15:19:32 - [TEST_STEP][PASSED] - imagePath = UtilityMethods.createScreenshotImagePath(storeType, styleid_data): null

2019-11-21 15:19:32 - [TEST_STEP][PASSED] - println(imagePath): null

2019-11-21 15:19:32 - [TEST_STEP][PASSED] - takeScreenshot(imagePath): Taking screenshot successfully

2019-11-21 15:19:32 - [MESSAGE][PASSED] - Taking screenshot successfully
[[ATTACHMENT|C:\\Users\\user\\Documents\\testautomation\\KatalonProjects\\productImages\\BOPersonal_2176 image.png]]

2019-11-21 15:19:32 - [TEST_STEP][PASSED] - verifyElementText(findTestObject("Page_cabi Order Items/GetAttribute_getID"), styleid_data, CONTINUE_ON_FAILURE): Actual text and expected text of test object 'Object Repository/Page_cabi Order Items/GetAttribute_getID' are matched.

2019-11-21 15:19:32 - [MESSAGE][PASSED] - Actual text and expected text of test object 'Object Repository/Page_cabi Order Items/GetAttribute_getID' are matched.

2019-11-21 15:19:33 - [TEST_STEP][PASSED] - colorOptions = findWebElements(findTestObject("Page_cabi Order Items/GetAttribute_Color"), 5): null

2019-11-21 15:19:33 - [TEST_STEP][PASSED] - println(colorOptions.size()): null

2019-11-21 15:19:33 - [TEST_STEP][PASSED] - expectedColour = findTestData("productData").getValue("Color", row): null

2019-11-21 15:19:33 - [TEST_STEP][PASSED] - println("expected colour is"): null

2019-11-21 15:19:33 - [TEST_STEP][PASSED] - println(expectedColour): null

2019-11-21 15:19:33 - [TEST_STEP][PASSED] - colourVerified = false: null

2019-11-21 15:19:33 - [TEST_STEP][PASSED] - for (org.openqa.selenium.WebElement op : colorOptions): null

2019-11-21 15:19:33 - [TEST_STEP][PASSED] - println(op.getText()): null

2019-11-21 15:19:33 - [TEST_STEP][PASSED] - if (expectedColour.equalsIgnoreCase(op.getText())): null

2019-11-21 15:19:33 - [TEST_STEP][PASSED] - colourVerified = true: null

2019-11-21 15:19:33 - [TEST_STEP][PASSED] - break: null

2019-11-21 15:19:33 - [TEST_STEP][PASSED] - sa.assertTrue(colourVerified): null

2019-11-21 15:19:33 - [TEST_STEP][PASSED] - getPrice = getText(findTestObject("Page_cabi Order Items/GetAttribute_Price")): Text of object 'Object Repository/Page_cabi Order Items/GetAttribute_Price' is: 'Price : £38.00'

2019-11-21 15:19:33 - [MESSAGE][PASSED] - Text of object 'Object Repository/Page_cabi Order Items/GetAttribute_Price' is: 'Price : £38.00'

2019-11-21 15:19:33 - [TEST_STEP][PASSED] - Split_Data = UtilityMethods.SplitData(getPrice): null

2019-11-21 15:19:33 - [TEST_STEP][PASSED] - verifyMatch(Split_Data, findTestData("productData").getValue("Retail", row), true, CONTINUE_ON_FAILURE): Actual text '38' and expected text '38' are matched  using regular expression

2019-11-21 15:19:33 - [MESSAGE][PASSED] - Actual text '38' and expected text '38' are matched  using regular expression

2019-11-21 15:19:33 - [TEST_STEP][PASSED] - sizeRange1 = ["XXS", "XS", "S", "M", "L", "XL", "XXL"]: null

2019-11-21 15:19:33 - [TEST_STEP][PASSED] - sizeRange2 = ["00", "0", "2", "4", "6", "8", "10", "12", "14", "16"]: null

2019-11-21 15:19:33 - [TEST_STEP][PASSED] - sizeRange3 = ["Long", "Regular", "Short"]: null

2019-11-21 15:19:33 - [TEST_STEP][PASSED] - sizeRange4 = ["5", "6", "6.5", "7", "7.5", "8", "8.5", "9", "9.5", "10", "11"]: null

2019-11-21 15:19:33 - [TEST_STEP][PASSED] - sizeRange5 = ["XS/S", "M/L"]: null

2019-11-21 15:19:33 - [TEST_STEP][PASSED] - sizeRange6 = ["One Size"]: null

2019-11-21 15:19:33 - [TEST_STEP][PASSED] - sizeRangeSplit = UtilityMethods.SplitSizes(findTestData("productData").getValue("SzRange", row)): null

2019-11-21 15:19:33 - [TEST_STEP][PASSED] - sizeType = getText(findTestObject("Object Repository/Page_cabi Order Items/Size")): Text of object 'Object Repository/Page_cabi Order Items/Size' is: 'Select'

2019-11-21 15:19:33 - [MESSAGE][PASSED] - Text of object 'Object Repository/Page_cabi Order Items/Size' is: 'Select'

2019-11-21 15:19:33 - [TEST_STEP][PASSED] - sizeOptions = findWebElements(findTestObject("Object Repository/Page_cabi Order Items/Size"), 5): null

2019-11-21 15:19:33 - [TEST_STEP][PASSED] - actualRange = new java.util.ArrayList(): null

2019-11-21 15:19:33 - [TEST_STEP][PASSED] - expectedRange = <not implemented yet for class: org.codehaus.groovy.ast.expr.EmptyExpression>: null

2019-11-21 15:19:33 - [TEST_STEP][PASSED] - if (sizeType.equalsIgnoreCase("Select")): null

2019-11-21 15:19:33 - [TEST_STEP][PASSED] - for ([i = 1, i < sizeOptions.size(), (i++)]): null

2019-11-21 15:19:33 - [TEST_STEP][PASSED] - actualRange.add(getAttribute("value").toString()): null

2019-11-21 15:19:33 - [TEST_STEP][PASSED] - if (toString().equalsIgnoreCase("XS") || toString().equalsIgnoreCase("XXS")): null

2019-11-21 15:19:33 - [TEST_STEP][PASSED] - else if (toString().equalsIgnoreCase("00") || toString().equalsIgnoreCase("0")): null

2019-11-21 15:19:33 - [TEST_STEP][PASSED] - else if (toString().equalsIgnoreCase("Long")): null

2019-11-21 15:19:33 - [TEST_STEP][PASSED] - else if (toString().equalsIgnoreCase("5")): null

2019-11-21 15:19:33 - [TEST_STEP][PASSED] - else if (toString().equalsIgnoreCase("XS/S")): null

2019-11-21 15:19:33 - [TEST_STEP][PASSED] - else if (toString().equalsIgnoreCase("One Size")): null

2019-11-21 15:19:33 - [TEST_STEP][PASSED] - expectedRange = UtilityMethods.getExpectedRange(sizeRange6, sizeRangeSplit): null

2019-11-21 15:19:33 - [TEST_STEP][PASSED] - println("One Size"): null

2019-11-21 15:19:33 - [TEST_STEP][PASSED] - println(expectedRange.toString()): null

2019-11-21 15:19:33 - [TEST_STEP][PASSED] - sa.assertTrue(UtilityMethods.listEquals(expectedRange, actualRange)): null

2019-11-21 15:19:33 - [TEST_STEP][PASSED] - delay(2): Delayed 2 second(s)

2019-11-21 15:19:35 - [MESSAGE][PASSED] - Delayed 2 second(s)

2019-11-21 15:19:35 - [TEST_STEP][PASSED] - verifyElementText(findTestObject("Page_cabi Order Items/product_title"), findTestData("productData").getValue("Description", row), CONTINUE_ON_FAILURE): Actual text and expected text of test object 'Object Repository/Page_cabi Order Items/product_title' are matched.

2019-11-21 15:19:35 - [MESSAGE][PASSED] - Actual text and expected text of test object 'Object Repository/Page_cabi Order Items/product_title' are matched.

2019-11-21 15:19:35 - [TEST_STEP][PASSED] - finalContent = findTestData("productData").getValue("FinalContent", row): null

2019-11-21 15:19:35 - [TEST_STEP][PASSED] - if (finalContent.equalsIgnoreCase("")): null

2019-11-21 15:19:35 - [TEST_STEP][PASSED] - fContent = findWebElements(findTestObject("Page_cabi Order Items/product_fabric"), 5): Unable to find the element located by 'By.xpath: (//li/label[contains(text(), 'Fabric:')]/parent::li/following-sibling::li/em)[1]'. Please recheck the objects properties to make sure the desired element is located. 

2019-11-21 15:19:41 - [MESSAGE][INFO] - Unable to find the element located by 'By.xpath: (//li/label[contains(text(), 'Fabric:')]/parent::li/following-sibling::li/em)[1]'. Please recheck the objects properties to make sure the desired element is located. 

2019-11-21 15:19:41 - [TEST_STEP][PASSED] - sa.assertTrue(fContent.size() == 0): null

2019-11-21 15:19:41 - [TEST_STEP][PASSED] - expectedCasreIntrn = findTestData("productData").getValue("CareInstr", row): null

2019-11-21 15:19:41 - [TEST_STEP][PASSED] - if (expectedCasreIntrn.equalsIgnoreCase("")): null

2019-11-21 15:19:41 - [TEST_STEP][PASSED] - else: null

2019-11-21 15:19:41 - [TEST_STEP][PASSED] - actualCasreIntrn = "<div>" + getText(findTestObject("Page_cabi Order Items/care_instruction")) + "</div>": Text of object 'Object Repository/Page_cabi Order Items/care_instruction' is: 'Made in China. Not intended for children under 15.'

2019-11-21 15:19:41 - [MESSAGE][PASSED] - Text of object 'Object Repository/Page_cabi Order Items/care_instruction' is: 'Made in China. Not intended for children under 15.'

2019-11-21 15:19:41 - [TEST_STEP][PASSED] - sa.assertTrue(actualCasreIntrn.equals(expectedCasreIntrn)): null

2019-11-21 15:19:41 - [TEST_STEP][PASSED] - delay(5): Delayed 5 second(s)

2019-11-21 15:19:46 - [MESSAGE][PASSED] - Delayed 5 second(s)

2019-11-21 15:19:46 - [TEST_STEP][PASSED] - sa = new org.testng.asserts.SoftAssert(): null

2019-11-21 15:19:46 - [TEST_STEP][PASSED] - styleid_data = findTestData("productData").getValue("Style", row): null

2019-11-21 15:19:46 - [TEST_STEP][PASSED] - println(styleid_data): null

2019-11-21 15:19:46 - [TEST_STEP][PASSED] - by = By.xpath("//input[@name='style']"): null

2019-11-21 15:19:46 - [TEST_STEP][PASSED] - styleWe = UtilityMethods.getElementByLocator(by, driver): null

2019-11-21 15:19:46 - [TEST_STEP][PASSED] - to = UtilityMethods.fromElement(styleWe): null

2019-11-21 15:19:46 - [TEST_STEP][PASSED] - println("******************+++++++++++++++++++**********************************************"): null

2019-11-21 15:19:46 - [TEST_STEP][PASSED] - setText(to, styleid_data): Text '2177' is set on object ''

2019-11-21 15:19:46 - [MESSAGE][PASSED] - Text '2177' is set on object ''

2019-11-21 15:19:46 - [TEST_STEP][PASSED] - sendKeys(to, Keys.chord(ENTER)): Keys 'ENTER + ' sent to object: ''

2019-11-21 15:19:47 - [MESSAGE][PASSED] - Keys 'ENTER + ' sent to object: ''

2019-11-21 15:19:47 - [TEST_STEP][PASSED] - delay(2): Delayed 2 second(s)

2019-11-21 15:19:49 - [MESSAGE][PASSED] - Delayed 2 second(s)

2019-11-21 15:19:49 - [TEST_STEP][PASSED] - if (toString().equalsIgnoreCase("no")): null

2019-11-21 15:19:49 - [TEST_STEP][PASSED] - else: null

2019-11-21 15:19:49 - [TEST_STEP][PASSED] - click(findTestObject("Page_cabi Order Items/li_order_item")): Object: 'Object Repository/Page_cabi Order Items/li_order_item' is clicked on

2019-11-21 15:19:55 - [MESSAGE][PASSED] - Object: 'Object Repository/Page_cabi Order Items/li_order_item' is clicked on

2019-11-21 15:19:55 - [TEST_STEP][PASSED] - delay(5): Delayed 5 second(s)

2019-11-21 15:20:00 - [MESSAGE][PASSED] - Delayed 5 second(s)

2019-11-21 15:20:00 - [TEST_STEP][PASSED] - imagePath = UtilityMethods.createScreenshotImagePath(storeType, styleid_data): null

2019-11-21 15:20:00 - [TEST_STEP][PASSED] - println(imagePath): null

2019-11-21 15:20:00 - [TEST_STEP][PASSED] - takeScreenshot(imagePath): Taking screenshot successfully

2019-11-21 15:20:01 - [MESSAGE][PASSED] - Taking screenshot successfully
[[ATTACHMENT|C:\\Users\\user\\Documents\\testautomation\\KatalonProjects\\productImages\\BOPersonal_2177 image.png]]

2019-11-21 15:20:01 - [TEST_STEP][PASSED] - verifyElementText(findTestObject("Page_cabi Order Items/GetAttribute_getID"), styleid_data, CONTINUE_ON_FAILURE): Actual text and expected text of test object 'Object Repository/Page_cabi Order Items/GetAttribute_getID' are matched.

2019-11-21 15:20:01 - [MESSAGE][PASSED] - Actual text and expected text of test object 'Object Repository/Page_cabi Order Items/GetAttribute_getID' are matched.

2019-11-21 15:20:01 - [TEST_STEP][PASSED] - colorOptions = findWebElements(findTestObject("Page_cabi Order Items/GetAttribute_Color"), 5): null

2019-11-21 15:20:01 - [TEST_STEP][PASSED] - println(colorOptions.size()): null

2019-11-21 15:20:01 - [TEST_STEP][PASSED] - expectedColour = findTestData("productData").getValue("Color", row): null

2019-11-21 15:20:01 - [TEST_STEP][PASSED] - println("expected colour is"): null

2019-11-21 15:20:01 - [TEST_STEP][PASSED] - println(expectedColour): null

2019-11-21 15:20:01 - [TEST_STEP][PASSED] - colourVerified = false: null

2019-11-21 15:20:01 - [TEST_STEP][PASSED] - for (org.openqa.selenium.WebElement op : colorOptions): null

2019-11-21 15:20:01 - [TEST_STEP][PASSED] - println(op.getText()): null

2019-11-21 15:20:01 - [TEST_STEP][PASSED] - if (expectedColour.equalsIgnoreCase(op.getText())): null

2019-11-21 15:20:01 - [TEST_STEP][PASSED] - colourVerified = true: null

2019-11-21 15:20:01 - [TEST_STEP][PASSED] - break: null

2019-11-21 15:20:01 - [TEST_STEP][PASSED] - sa.assertTrue(colourVerified): null

2019-11-21 15:20:01 - [TEST_STEP][PASSED] - getPrice = getText(findTestObject("Page_cabi Order Items/GetAttribute_Price")): Text of object 'Object Repository/Page_cabi Order Items/GetAttribute_Price' is: 'Price : £54.00'

2019-11-21 15:20:01 - [MESSAGE][PASSED] - Text of object 'Object Repository/Page_cabi Order Items/GetAttribute_Price' is: 'Price : £54.00'

2019-11-21 15:20:01 - [TEST_STEP][PASSED] - Split_Data = UtilityMethods.SplitData(getPrice): null

2019-11-21 15:20:01 - [TEST_STEP][PASSED] - verifyMatch(Split_Data, findTestData("productData").getValue("Retail", row), true, CONTINUE_ON_FAILURE): Actual text '54' and expected text '54' are matched  using regular expression

2019-11-21 15:20:01 - [MESSAGE][PASSED] - Actual text '54' and expected text '54' are matched  using regular expression

2019-11-21 15:20:01 - [TEST_STEP][PASSED] - sizeRange1 = ["XXS", "XS", "S", "M", "L", "XL", "XXL"]: null

2019-11-21 15:20:01 - [TEST_STEP][PASSED] - sizeRange2 = ["00", "0", "2", "4", "6", "8", "10", "12", "14", "16"]: null

2019-11-21 15:20:01 - [TEST_STEP][PASSED] - sizeRange3 = ["Long", "Regular", "Short"]: null

2019-11-21 15:20:01 - [TEST_STEP][PASSED] - sizeRange4 = ["5", "6", "6.5", "7", "7.5", "8", "8.5", "9", "9.5", "10", "11"]: null

2019-11-21 15:20:01 - [TEST_STEP][PASSED] - sizeRange5 = ["XS/S", "M/L"]: null

2019-11-21 15:20:01 - [TEST_STEP][PASSED] - sizeRange6 = ["One Size"]: null

2019-11-21 15:20:01 - [TEST_STEP][PASSED] - sizeRangeSplit = UtilityMethods.SplitSizes(findTestData("productData").getValue("SzRange", row)): null

2019-11-21 15:20:01 - [TEST_STEP][PASSED] - sizeType = getText(findTestObject("Object Repository/Page_cabi Order Items/Size")): Text of object 'Object Repository/Page_cabi Order Items/Size' is: 'Select'

2019-11-21 15:20:01 - [MESSAGE][PASSED] - Text of object 'Object Repository/Page_cabi Order Items/Size' is: 'Select'

2019-11-21 15:20:01 - [TEST_STEP][PASSED] - sizeOptions = findWebElements(findTestObject("Object Repository/Page_cabi Order Items/Size"), 5): null

2019-11-21 15:20:01 - [TEST_STEP][PASSED] - actualRange = new java.util.ArrayList(): null

2019-11-21 15:20:01 - [TEST_STEP][PASSED] - expectedRange = <not implemented yet for class: org.codehaus.groovy.ast.expr.EmptyExpression>: null

2019-11-21 15:20:01 - [TEST_STEP][PASSED] - if (sizeType.equalsIgnoreCase("Select")): null

2019-11-21 15:20:01 - [TEST_STEP][PASSED] - for ([i = 1, i < sizeOptions.size(), (i++)]): null

2019-11-21 15:20:01 - [TEST_STEP][PASSED] - actualRange.add(getAttribute("value").toString()): null

2019-11-21 15:20:01 - [TEST_STEP][PASSED] - if (toString().equalsIgnoreCase("XS") || toString().equalsIgnoreCase("XXS")): null

2019-11-21 15:20:01 - [TEST_STEP][PASSED] - else if (toString().equalsIgnoreCase("00") || toString().equalsIgnoreCase("0")): null

2019-11-21 15:20:01 - [TEST_STEP][PASSED] - else if (toString().equalsIgnoreCase("Long")): null

2019-11-21 15:20:01 - [TEST_STEP][PASSED] - else if (toString().equalsIgnoreCase("5")): null

2019-11-21 15:20:01 - [TEST_STEP][PASSED] - else if (toString().equalsIgnoreCase("XS/S")): null

2019-11-21 15:20:01 - [TEST_STEP][PASSED] - else if (toString().equalsIgnoreCase("One Size")): null

2019-11-21 15:20:01 - [TEST_STEP][PASSED] - expectedRange = UtilityMethods.getExpectedRange(sizeRange6, sizeRangeSplit): null

2019-11-21 15:20:01 - [TEST_STEP][PASSED] - println("One Size"): null

2019-11-21 15:20:01 - [TEST_STEP][PASSED] - println(expectedRange.toString()): null

2019-11-21 15:20:01 - [TEST_STEP][PASSED] - sa.assertTrue(UtilityMethods.listEquals(expectedRange, actualRange)): null

2019-11-21 15:20:01 - [TEST_STEP][PASSED] - delay(2): Delayed 2 second(s)

2019-11-21 15:20:03 - [MESSAGE][PASSED] - Delayed 2 second(s)

2019-11-21 15:20:03 - [TEST_STEP][PASSED] - verifyElementText(findTestObject("Page_cabi Order Items/product_title"), findTestData("productData").getValue("Description", row), CONTINUE_ON_FAILURE): Actual text and expected text of test object 'Object Repository/Page_cabi Order Items/product_title' are matched.

2019-11-21 15:20:03 - [MESSAGE][PASSED] - Actual text and expected text of test object 'Object Repository/Page_cabi Order Items/product_title' are matched.

2019-11-21 15:20:03 - [TEST_STEP][PASSED] - finalContent = findTestData("productData").getValue("FinalContent", row): null

2019-11-21 15:20:04 - [TEST_STEP][PASSED] - if (finalContent.equalsIgnoreCase("")): null

2019-11-21 15:20:04 - [TEST_STEP][PASSED] - fContent = findWebElements(findTestObject("Page_cabi Order Items/product_fabric"), 5): Unable to find the element located by 'By.xpath: (//li/label[contains(text(), 'Fabric:')]/parent::li/following-sibling::li/em)[1]'. Please recheck the objects properties to make sure the desired element is located. 

2019-11-21 15:20:09 - [MESSAGE][INFO] - Unable to find the element located by 'By.xpath: (//li/label[contains(text(), 'Fabric:')]/parent::li/following-sibling::li/em)[1]'. Please recheck the objects properties to make sure the desired element is located. 

2019-11-21 15:20:09 - [TEST_STEP][PASSED] - sa.assertTrue(fContent.size() == 0): null

2019-11-21 15:20:09 - [TEST_STEP][PASSED] - expectedCasreIntrn = findTestData("productData").getValue("CareInstr", row): null

2019-11-21 15:20:09 - [TEST_STEP][PASSED] - if (expectedCasreIntrn.equalsIgnoreCase("")): null

2019-11-21 15:20:09 - [TEST_STEP][PASSED] - else: null

2019-11-21 15:20:09 - [TEST_STEP][PASSED] - actualCasreIntrn = "<div>" + getText(findTestObject("Page_cabi Order Items/care_instruction")) + "</div>": Text of object 'Object Repository/Page_cabi Order Items/care_instruction' is: 'Made in China. Not intended for children under 15.'

2019-11-21 15:20:09 - [MESSAGE][PASSED] - Text of object 'Object Repository/Page_cabi Order Items/care_instruction' is: 'Made in China. Not intended for children under 15.'

2019-11-21 15:20:09 - [TEST_STEP][PASSED] - sa.assertTrue(actualCasreIntrn.equals(expectedCasreIntrn)): null

2019-11-21 15:20:09 - [TEST_STEP][PASSED] - delay(5): Delayed 5 second(s)

2019-11-21 15:20:14 - [MESSAGE][PASSED] - Delayed 5 second(s)

2019-11-21 15:20:14 - [TEST_STEP][PASSED] - sa = new org.testng.asserts.SoftAssert(): null

2019-11-21 15:20:14 - [TEST_STEP][PASSED] - styleid_data = findTestData("productData").getValue("Style", row): null

2019-11-21 15:20:14 - [TEST_STEP][PASSED] - println(styleid_data): null

2019-11-21 15:20:14 - [TEST_STEP][PASSED] - by = By.xpath("//input[@name='style']"): null

2019-11-21 15:20:14 - [TEST_STEP][PASSED] - styleWe = UtilityMethods.getElementByLocator(by, driver): null

2019-11-21 15:20:14 - [TEST_STEP][PASSED] - to = UtilityMethods.fromElement(styleWe): null

2019-11-21 15:20:14 - [TEST_STEP][PASSED] - println("******************+++++++++++++++++++**********************************************"): null

2019-11-21 15:20:14 - [TEST_STEP][PASSED] - setText(to, styleid_data): Text '2178' is set on object ''

2019-11-21 15:20:14 - [MESSAGE][PASSED] - Text '2178' is set on object ''

2019-11-21 15:20:14 - [TEST_STEP][PASSED] - sendKeys(to, Keys.chord(ENTER)): Keys 'ENTER + ' sent to object: ''

2019-11-21 15:20:15 - [MESSAGE][PASSED] - Keys 'ENTER + ' sent to object: ''

2019-11-21 15:20:15 - [TEST_STEP][PASSED] - delay(2): Delayed 2 second(s)

2019-11-21 15:20:17 - [MESSAGE][PASSED] - Delayed 2 second(s)

2019-11-21 15:20:17 - [TEST_STEP][PASSED] - if (toString().equalsIgnoreCase("no")): null

2019-11-21 15:20:17 - [TEST_STEP][PASSED] - else: null

2019-11-21 15:20:17 - [TEST_STEP][PASSED] - click(findTestObject("Page_cabi Order Items/li_order_item")): Object: 'Object Repository/Page_cabi Order Items/li_order_item' is clicked on

2019-11-21 15:20:23 - [MESSAGE][PASSED] - Object: 'Object Repository/Page_cabi Order Items/li_order_item' is clicked on

2019-11-21 15:20:23 - [TEST_STEP][PASSED] - delay(5): Delayed 5 second(s)

2019-11-21 15:20:28 - [MESSAGE][PASSED] - Delayed 5 second(s)

2019-11-21 15:20:28 - [TEST_STEP][PASSED] - imagePath = UtilityMethods.createScreenshotImagePath(storeType, styleid_data): null

2019-11-21 15:20:28 - [TEST_STEP][PASSED] - println(imagePath): null

2019-11-21 15:20:28 - [TEST_STEP][PASSED] - takeScreenshot(imagePath): Taking screenshot successfully

2019-11-21 15:20:29 - [MESSAGE][PASSED] - Taking screenshot successfully
[[ATTACHMENT|C:\\Users\\user\\Documents\\testautomation\\KatalonProjects\\productImages\\BOPersonal_2178 image.png]]

2019-11-21 15:20:29 - [TEST_STEP][PASSED] - verifyElementText(findTestObject("Page_cabi Order Items/GetAttribute_getID"), styleid_data, CONTINUE_ON_FAILURE): Actual text and expected text of test object 'Object Repository/Page_cabi Order Items/GetAttribute_getID' are matched.

2019-11-21 15:20:29 - [MESSAGE][PASSED] - Actual text and expected text of test object 'Object Repository/Page_cabi Order Items/GetAttribute_getID' are matched.

2019-11-21 15:20:29 - [TEST_STEP][PASSED] - colorOptions = findWebElements(findTestObject("Page_cabi Order Items/GetAttribute_Color"), 5): null

2019-11-21 15:20:29 - [TEST_STEP][PASSED] - println(colorOptions.size()): null

2019-11-21 15:20:29 - [TEST_STEP][PASSED] - expectedColour = findTestData("productData").getValue("Color", row): null

2019-11-21 15:20:29 - [TEST_STEP][PASSED] - println("expected colour is"): null

2019-11-21 15:20:29 - [TEST_STEP][PASSED] - println(expectedColour): null

2019-11-21 15:20:29 - [TEST_STEP][PASSED] - colourVerified = false: null

2019-11-21 15:20:29 - [TEST_STEP][PASSED] - for (org.openqa.selenium.WebElement op : colorOptions): null

2019-11-21 15:20:29 - [TEST_STEP][PASSED] - println(op.getText()): null

2019-11-21 15:20:29 - [TEST_STEP][PASSED] - if (expectedColour.equalsIgnoreCase(op.getText())): null

2019-11-21 15:20:29 - [TEST_STEP][PASSED] - colourVerified = true: null

2019-11-21 15:20:29 - [TEST_STEP][PASSED] - break: null

2019-11-21 15:20:29 - [TEST_STEP][PASSED] - sa.assertTrue(colourVerified): null

2019-11-21 15:20:29 - [TEST_STEP][PASSED] - getPrice = getText(findTestObject("Page_cabi Order Items/GetAttribute_Price")): Text of object 'Object Repository/Page_cabi Order Items/GetAttribute_Price' is: 'Price : £38.00'

2019-11-21 15:20:29 - [MESSAGE][PASSED] - Text of object 'Object Repository/Page_cabi Order Items/GetAttribute_Price' is: 'Price : £38.00'

2019-11-21 15:20:29 - [TEST_STEP][PASSED] - Split_Data = UtilityMethods.SplitData(getPrice): null

2019-11-21 15:20:29 - [TEST_STEP][PASSED] - verifyMatch(Split_Data, findTestData("productData").getValue("Retail", row), true, CONTINUE_ON_FAILURE): Actual text '38' and expected text '38' are matched  using regular expression

2019-11-21 15:20:29 - [MESSAGE][PASSED] - Actual text '38' and expected text '38' are matched  using regular expression

2019-11-21 15:20:29 - [TEST_STEP][PASSED] - sizeRange1 = ["XXS", "XS", "S", "M", "L", "XL", "XXL"]: null

2019-11-21 15:20:29 - [TEST_STEP][PASSED] - sizeRange2 = ["00", "0", "2", "4", "6", "8", "10", "12", "14", "16"]: null

2019-11-21 15:20:29 - [TEST_STEP][PASSED] - sizeRange3 = ["Long", "Regular", "Short"]: null

2019-11-21 15:20:29 - [TEST_STEP][PASSED] - sizeRange4 = ["5", "6", "6.5", "7", "7.5", "8", "8.5", "9", "9.5", "10", "11"]: null

2019-11-21 15:20:29 - [TEST_STEP][PASSED] - sizeRange5 = ["XS/S", "M/L"]: null

2019-11-21 15:20:29 - [TEST_STEP][PASSED] - sizeRange6 = ["One Size"]: null

2019-11-21 15:20:29 - [TEST_STEP][PASSED] - sizeRangeSplit = UtilityMethods.SplitSizes(findTestData("productData").getValue("SzRange", row)): null

2019-11-21 15:20:29 - [TEST_STEP][PASSED] - sizeType = getText(findTestObject("Object Repository/Page_cabi Order Items/Size")): Text of object 'Object Repository/Page_cabi Order Items/Size' is: 'Select'

2019-11-21 15:20:29 - [MESSAGE][PASSED] - Text of object 'Object Repository/Page_cabi Order Items/Size' is: 'Select'

2019-11-21 15:20:29 - [TEST_STEP][PASSED] - sizeOptions = findWebElements(findTestObject("Object Repository/Page_cabi Order Items/Size"), 5): null

2019-11-21 15:20:29 - [TEST_STEP][PASSED] - actualRange = new java.util.ArrayList(): null

2019-11-21 15:20:29 - [TEST_STEP][PASSED] - expectedRange = <not implemented yet for class: org.codehaus.groovy.ast.expr.EmptyExpression>: null

2019-11-21 15:20:29 - [TEST_STEP][PASSED] - if (sizeType.equalsIgnoreCase("Select")): null

2019-11-21 15:20:29 - [TEST_STEP][PASSED] - for ([i = 1, i < sizeOptions.size(), (i++)]): null

2019-11-21 15:20:29 - [TEST_STEP][PASSED] - actualRange.add(getAttribute("value").toString()): null

2019-11-21 15:20:29 - [TEST_STEP][PASSED] - if (toString().equalsIgnoreCase("XS") || toString().equalsIgnoreCase("XXS")): null

2019-11-21 15:20:29 - [TEST_STEP][PASSED] - else if (toString().equalsIgnoreCase("00") || toString().equalsIgnoreCase("0")): null

2019-11-21 15:20:29 - [TEST_STEP][PASSED] - else if (toString().equalsIgnoreCase("Long")): null

2019-11-21 15:20:29 - [TEST_STEP][PASSED] - else if (toString().equalsIgnoreCase("5")): null

2019-11-21 15:20:29 - [TEST_STEP][PASSED] - else if (toString().equalsIgnoreCase("XS/S")): null

2019-11-21 15:20:29 - [TEST_STEP][PASSED] - else if (toString().equalsIgnoreCase("One Size")): null

2019-11-21 15:20:29 - [TEST_STEP][PASSED] - expectedRange = UtilityMethods.getExpectedRange(sizeRange6, sizeRangeSplit): null

2019-11-21 15:20:29 - [TEST_STEP][PASSED] - println("One Size"): null

2019-11-21 15:20:29 - [TEST_STEP][PASSED] - println(expectedRange.toString()): null

2019-11-21 15:20:29 - [TEST_STEP][PASSED] - sa.assertTrue(UtilityMethods.listEquals(expectedRange, actualRange)): null

2019-11-21 15:20:29 - [TEST_STEP][PASSED] - delay(2): Delayed 2 second(s)

2019-11-21 15:20:31 - [MESSAGE][PASSED] - Delayed 2 second(s)

2019-11-21 15:20:31 - [TEST_STEP][PASSED] - verifyElementText(findTestObject("Page_cabi Order Items/product_title"), findTestData("productData").getValue("Description", row), CONTINUE_ON_FAILURE): Actual text and expected text of test object 'Object Repository/Page_cabi Order Items/product_title' are matched.

2019-11-21 15:20:32 - [MESSAGE][PASSED] - Actual text and expected text of test object 'Object Repository/Page_cabi Order Items/product_title' are matched.

2019-11-21 15:20:32 - [TEST_STEP][PASSED] - finalContent = findTestData("productData").getValue("FinalContent", row): null

2019-11-21 15:20:32 - [TEST_STEP][PASSED] - if (finalContent.equalsIgnoreCase("")): null

2019-11-21 15:20:32 - [TEST_STEP][PASSED] - fContent = findWebElements(findTestObject("Page_cabi Order Items/product_fabric"), 5): Unable to find the element located by 'By.xpath: (//li/label[contains(text(), 'Fabric:')]/parent::li/following-sibling::li/em)[1]'. Please recheck the objects properties to make sure the desired element is located. 

2019-11-21 15:20:37 - [MESSAGE][INFO] - Unable to find the element located by 'By.xpath: (//li/label[contains(text(), 'Fabric:')]/parent::li/following-sibling::li/em)[1]'. Please recheck the objects properties to make sure the desired element is located. 

2019-11-21 15:20:37 - [TEST_STEP][PASSED] - sa.assertTrue(fContent.size() == 0): null

2019-11-21 15:20:37 - [TEST_STEP][PASSED] - expectedCasreIntrn = findTestData("productData").getValue("CareInstr", row): null

2019-11-21 15:20:37 - [TEST_STEP][PASSED] - if (expectedCasreIntrn.equalsIgnoreCase("")): null

2019-11-21 15:20:37 - [TEST_STEP][PASSED] - else: null

2019-11-21 15:20:37 - [TEST_STEP][PASSED] - actualCasreIntrn = "<div>" + getText(findTestObject("Page_cabi Order Items/care_instruction")) + "</div>": Text of object 'Object Repository/Page_cabi Order Items/care_instruction' is: 'Made in China. Not intended for children under 15.'

2019-11-21 15:20:37 - [MESSAGE][PASSED] - Text of object 'Object Repository/Page_cabi Order Items/care_instruction' is: 'Made in China. Not intended for children under 15.'

2019-11-21 15:20:37 - [TEST_STEP][PASSED] - sa.assertTrue(actualCasreIntrn.equals(expectedCasreIntrn)): null

2019-11-21 15:20:37 - [TEST_STEP][PASSED] - delay(5): Delayed 5 second(s)

2019-11-21 15:20:42 - [MESSAGE][PASSED] - Delayed 5 second(s)

2019-11-21 15:20:42 - [TEST_STEP][PASSED] - sa = new org.testng.asserts.SoftAssert(): null

2019-11-21 15:20:42 - [TEST_STEP][PASSED] - styleid_data = findTestData("productData").getValue("Style", row): null

2019-11-21 15:20:42 - [TEST_STEP][PASSED] - println(styleid_data): null

2019-11-21 15:20:42 - [TEST_STEP][PASSED] - by = By.xpath("//input[@name='style']"): null

2019-11-21 15:20:42 - [TEST_STEP][PASSED] - styleWe = UtilityMethods.getElementByLocator(by, driver): null

2019-11-21 15:20:42 - [TEST_STEP][PASSED] - to = UtilityMethods.fromElement(styleWe): null

2019-11-21 15:20:42 - [TEST_STEP][PASSED] - println("******************+++++++++++++++++++**********************************************"): null

2019-11-21 15:20:42 - [TEST_STEP][PASSED] - setText(to, styleid_data): Text '2179' is set on object ''

2019-11-21 15:20:43 - [MESSAGE][PASSED] - Text '2179' is set on object ''

2019-11-21 15:20:43 - [TEST_STEP][PASSED] - sendKeys(to, Keys.chord(ENTER)): Keys 'ENTER + ' sent to object: ''

2019-11-21 15:20:43 - [MESSAGE][PASSED] - Keys 'ENTER + ' sent to object: ''

2019-11-21 15:20:43 - [TEST_STEP][PASSED] - delay(2): Delayed 2 second(s)

2019-11-21 15:20:45 - [MESSAGE][PASSED] - Delayed 2 second(s)

2019-11-21 15:20:45 - [TEST_STEP][PASSED] - if (toString().equalsIgnoreCase("no")): null

2019-11-21 15:20:45 - [TEST_STEP][PASSED] - else: null

2019-11-21 15:20:45 - [TEST_STEP][PASSED] - click(findTestObject("Page_cabi Order Items/li_order_item")): Object: 'Object Repository/Page_cabi Order Items/li_order_item' is clicked on

2019-11-21 15:20:51 - [MESSAGE][PASSED] - Object: 'Object Repository/Page_cabi Order Items/li_order_item' is clicked on

2019-11-21 15:20:51 - [TEST_STEP][PASSED] - delay(5): Delayed 5 second(s)

2019-11-21 15:20:56 - [MESSAGE][PASSED] - Delayed 5 second(s)

2019-11-21 15:20:56 - [TEST_STEP][PASSED] - imagePath = UtilityMethods.createScreenshotImagePath(storeType, styleid_data): null

2019-11-21 15:20:56 - [TEST_STEP][PASSED] - println(imagePath): null

2019-11-21 15:20:56 - [TEST_STEP][PASSED] - takeScreenshot(imagePath): Taking screenshot successfully

2019-11-21 15:20:57 - [MESSAGE][PASSED] - Taking screenshot successfully
[[ATTACHMENT|C:\\Users\\user\\Documents\\testautomation\\KatalonProjects\\productImages\\BOPersonal_2179 image.png]]

2019-11-21 15:20:57 - [TEST_STEP][PASSED] - verifyElementText(findTestObject("Page_cabi Order Items/GetAttribute_getID"), styleid_data, CONTINUE_ON_FAILURE): Actual text and expected text of test object 'Object Repository/Page_cabi Order Items/GetAttribute_getID' are matched.

2019-11-21 15:20:57 - [MESSAGE][PASSED] - Actual text and expected text of test object 'Object Repository/Page_cabi Order Items/GetAttribute_getID' are matched.

2019-11-21 15:20:57 - [TEST_STEP][PASSED] - colorOptions = findWebElements(findTestObject("Page_cabi Order Items/GetAttribute_Color"), 5): null

2019-11-21 15:20:57 - [TEST_STEP][PASSED] - println(colorOptions.size()): null

2019-11-21 15:20:57 - [TEST_STEP][PASSED] - expectedColour = findTestData("productData").getValue("Color", row): null

2019-11-21 15:20:57 - [TEST_STEP][PASSED] - println("expected colour is"): null

2019-11-21 15:20:57 - [TEST_STEP][PASSED] - println(expectedColour): null

2019-11-21 15:20:57 - [TEST_STEP][PASSED] - colourVerified = false: null

2019-11-21 15:20:57 - [TEST_STEP][PASSED] - for (org.openqa.selenium.WebElement op : colorOptions): null

2019-11-21 15:20:57 - [TEST_STEP][PASSED] - println(op.getText()): null

2019-11-21 15:20:57 - [TEST_STEP][PASSED] - if (expectedColour.equalsIgnoreCase(op.getText())): null

2019-11-21 15:20:57 - [TEST_STEP][PASSED] - colourVerified = true: null

2019-11-21 15:20:57 - [TEST_STEP][PASSED] - break: null

2019-11-21 15:20:57 - [TEST_STEP][PASSED] - sa.assertTrue(colourVerified): null

2019-11-21 15:20:57 - [TEST_STEP][PASSED] - getPrice = getText(findTestObject("Page_cabi Order Items/GetAttribute_Price")): Text of object 'Object Repository/Page_cabi Order Items/GetAttribute_Price' is: 'Price : £94.00'

2019-11-21 15:20:57 - [MESSAGE][PASSED] - Text of object 'Object Repository/Page_cabi Order Items/GetAttribute_Price' is: 'Price : £94.00'

2019-11-21 15:20:57 - [TEST_STEP][PASSED] - Split_Data = UtilityMethods.SplitData(getPrice): null

2019-11-21 15:20:57 - [TEST_STEP][PASSED] - verifyMatch(Split_Data, findTestData("productData").getValue("Retail", row), true, CONTINUE_ON_FAILURE): Actual text '94' and expected text '94' are matched  using regular expression

2019-11-21 15:20:57 - [MESSAGE][PASSED] - Actual text '94' and expected text '94' are matched  using regular expression

2019-11-21 15:20:57 - [TEST_STEP][PASSED] - sizeRange1 = ["XXS", "XS", "S", "M", "L", "XL", "XXL"]: null

2019-11-21 15:20:57 - [TEST_STEP][PASSED] - sizeRange2 = ["00", "0", "2", "4", "6", "8", "10", "12", "14", "16"]: null

2019-11-21 15:20:57 - [TEST_STEP][PASSED] - sizeRange3 = ["Long", "Regular", "Short"]: null

2019-11-21 15:20:57 - [TEST_STEP][PASSED] - sizeRange4 = ["5", "6", "6.5", "7", "7.5", "8", "8.5", "9", "9.5", "10", "11"]: null

2019-11-21 15:20:57 - [TEST_STEP][PASSED] - sizeRange5 = ["XS/S", "M/L"]: null

2019-11-21 15:20:57 - [TEST_STEP][PASSED] - sizeRange6 = ["One Size"]: null

2019-11-21 15:20:57 - [TEST_STEP][PASSED] - sizeRangeSplit = UtilityMethods.SplitSizes(findTestData("productData").getValue("SzRange", row)): null

2019-11-21 15:20:57 - [TEST_STEP][PASSED] - sizeType = getText(findTestObject("Object Repository/Page_cabi Order Items/Size")): Text of object 'Object Repository/Page_cabi Order Items/Size' is: 'Select'

2019-11-21 15:20:57 - [MESSAGE][PASSED] - Text of object 'Object Repository/Page_cabi Order Items/Size' is: 'Select'

2019-11-21 15:20:57 - [TEST_STEP][PASSED] - sizeOptions = findWebElements(findTestObject("Object Repository/Page_cabi Order Items/Size"), 5): null

2019-11-21 15:20:57 - [TEST_STEP][PASSED] - actualRange = new java.util.ArrayList(): null

2019-11-21 15:20:57 - [TEST_STEP][PASSED] - expectedRange = <not implemented yet for class: org.codehaus.groovy.ast.expr.EmptyExpression>: null

2019-11-21 15:20:57 - [TEST_STEP][PASSED] - if (sizeType.equalsIgnoreCase("Select")): null

2019-11-21 15:20:57 - [TEST_STEP][PASSED] - for ([i = 1, i < sizeOptions.size(), (i++)]): null

2019-11-21 15:20:57 - [TEST_STEP][PASSED] - actualRange.add(getAttribute("value").toString()): null

2019-11-21 15:20:57 - [TEST_STEP][PASSED] - if (toString().equalsIgnoreCase("XS") || toString().equalsIgnoreCase("XXS")): null

2019-11-21 15:20:57 - [TEST_STEP][PASSED] - else if (toString().equalsIgnoreCase("00") || toString().equalsIgnoreCase("0")): null

2019-11-21 15:20:57 - [TEST_STEP][PASSED] - else if (toString().equalsIgnoreCase("Long")): null

2019-11-21 15:20:57 - [TEST_STEP][PASSED] - else if (toString().equalsIgnoreCase("5")): null

2019-11-21 15:20:57 - [TEST_STEP][PASSED] - else if (toString().equalsIgnoreCase("XS/S")): null

2019-11-21 15:20:57 - [TEST_STEP][PASSED] - else if (toString().equalsIgnoreCase("One Size")): null

2019-11-21 15:20:57 - [TEST_STEP][PASSED] - expectedRange = UtilityMethods.getExpectedRange(sizeRange6, sizeRangeSplit): null

2019-11-21 15:20:57 - [TEST_STEP][PASSED] - println("One Size"): null

2019-11-21 15:20:57 - [TEST_STEP][PASSED] - println(expectedRange.toString()): null

2019-11-21 15:20:57 - [TEST_STEP][PASSED] - sa.assertTrue(UtilityMethods.listEquals(expectedRange, actualRange)): null

2019-11-21 15:20:57 - [TEST_STEP][PASSED] - delay(2): Delayed 2 second(s)

2019-11-21 15:20:59 - [MESSAGE][PASSED] - Delayed 2 second(s)

2019-11-21 15:20:59 - [TEST_STEP][PASSED] - verifyElementText(findTestObject("Page_cabi Order Items/product_title"), findTestData("productData").getValue("Description", row), CONTINUE_ON_FAILURE): Actual text and expected text of test object 'Object Repository/Page_cabi Order Items/product_title' are matched.

2019-11-21 15:21:00 - [MESSAGE][PASSED] - Actual text and expected text of test object 'Object Repository/Page_cabi Order Items/product_title' are matched.

2019-11-21 15:21:00 - [TEST_STEP][PASSED] - finalContent = findTestData("productData").getValue("FinalContent", row): null

2019-11-21 15:21:00 - [TEST_STEP][PASSED] - if (finalContent.equalsIgnoreCase("")): null

2019-11-21 15:21:00 - [TEST_STEP][PASSED] - fContent = findWebElements(findTestObject("Page_cabi Order Items/product_fabric"), 5): Unable to find the element located by 'By.xpath: (//li/label[contains(text(), 'Fabric:')]/parent::li/following-sibling::li/em)[1]'. Please recheck the objects properties to make sure the desired element is located. 

2019-11-21 15:21:05 - [MESSAGE][INFO] - Unable to find the element located by 'By.xpath: (//li/label[contains(text(), 'Fabric:')]/parent::li/following-sibling::li/em)[1]'. Please recheck the objects properties to make sure the desired element is located. 

2019-11-21 15:21:05 - [TEST_STEP][PASSED] - sa.assertTrue(fContent.size() == 0): null

2019-11-21 15:21:05 - [TEST_STEP][PASSED] - expectedCasreIntrn = findTestData("productData").getValue("CareInstr", row): null

2019-11-21 15:21:05 - [TEST_STEP][PASSED] - if (expectedCasreIntrn.equalsIgnoreCase("")): null

2019-11-21 15:21:05 - [TEST_STEP][PASSED] - else: null

2019-11-21 15:21:05 - [TEST_STEP][PASSED] - actualCasreIntrn = "<div>" + getText(findTestObject("Page_cabi Order Items/care_instruction")) + "</div>": Text of object 'Object Repository/Page_cabi Order Items/care_instruction' is: 'Made in China. Not intended for children under 15.'

2019-11-21 15:21:05 - [MESSAGE][PASSED] - Text of object 'Object Repository/Page_cabi Order Items/care_instruction' is: 'Made in China. Not intended for children under 15.'

2019-11-21 15:21:05 - [TEST_STEP][PASSED] - sa.assertTrue(actualCasreIntrn.equals(expectedCasreIntrn)): null

2019-11-21 15:21:05 - [TEST_STEP][PASSED] - delay(5): Delayed 5 second(s)

2019-11-21 15:21:10 - [MESSAGE][PASSED] - Delayed 5 second(s)

2019-11-21 15:21:10 - [TEST_STEP][PASSED] - sa = new org.testng.asserts.SoftAssert(): null

2019-11-21 15:21:10 - [TEST_STEP][PASSED] - styleid_data = findTestData("productData").getValue("Style", row): null

2019-11-21 15:21:10 - [TEST_STEP][PASSED] - println(styleid_data): null

2019-11-21 15:21:10 - [TEST_STEP][PASSED] - by = By.xpath("//input[@name='style']"): null

2019-11-21 15:21:10 - [TEST_STEP][PASSED] - styleWe = UtilityMethods.getElementByLocator(by, driver): null

2019-11-21 15:21:10 - [TEST_STEP][PASSED] - to = UtilityMethods.fromElement(styleWe): null

2019-11-21 15:21:10 - [TEST_STEP][PASSED] - println("******************+++++++++++++++++++**********************************************"): null

2019-11-21 15:21:10 - [TEST_STEP][PASSED] - setText(to, styleid_data): Text '3814' is set on object ''

2019-11-21 15:21:11 - [MESSAGE][PASSED] - Text '3814' is set on object ''

2019-11-21 15:21:11 - [TEST_STEP][PASSED] - sendKeys(to, Keys.chord(ENTER)): Keys 'ENTER + ' sent to object: ''

2019-11-21 15:21:11 - [MESSAGE][PASSED] - Keys 'ENTER + ' sent to object: ''

2019-11-21 15:21:11 - [TEST_STEP][PASSED] - delay(2): Delayed 2 second(s)

2019-11-21 15:21:13 - [MESSAGE][PASSED] - Delayed 2 second(s)

2019-11-21 15:21:13 - [TEST_STEP][PASSED] - if (toString().equalsIgnoreCase("no")): null

2019-11-21 15:21:13 - [TEST_STEP][PASSED] - else: null

2019-11-21 15:21:13 - [TEST_STEP][PASSED] - click(findTestObject("Page_cabi Order Items/li_order_item")): Object: 'Object Repository/Page_cabi Order Items/li_order_item' is clicked on

2019-11-21 15:21:19 - [MESSAGE][PASSED] - Object: 'Object Repository/Page_cabi Order Items/li_order_item' is clicked on

2019-11-21 15:21:19 - [TEST_STEP][PASSED] - delay(5): Delayed 5 second(s)

2019-11-21 15:21:24 - [MESSAGE][PASSED] - Delayed 5 second(s)

2019-11-21 15:21:24 - [TEST_STEP][PASSED] - imagePath = UtilityMethods.createScreenshotImagePath(storeType, styleid_data): null

2019-11-21 15:21:24 - [TEST_STEP][PASSED] - println(imagePath): null

2019-11-21 15:21:24 - [TEST_STEP][PASSED] - takeScreenshot(imagePath): Taking screenshot successfully

2019-11-21 15:21:25 - [MESSAGE][PASSED] - Taking screenshot successfully
[[ATTACHMENT|C:\\Users\\user\\Documents\\testautomation\\KatalonProjects\\productImages\\BOPersonal_3814 image.png]]

2019-11-21 15:21:25 - [TEST_STEP][PASSED] - verifyElementText(findTestObject("Page_cabi Order Items/GetAttribute_getID"), styleid_data, CONTINUE_ON_FAILURE): Actual text and expected text of test object 'Object Repository/Page_cabi Order Items/GetAttribute_getID' are matched.

2019-11-21 15:21:25 - [MESSAGE][PASSED] - Actual text and expected text of test object 'Object Repository/Page_cabi Order Items/GetAttribute_getID' are matched.

2019-11-21 15:21:25 - [TEST_STEP][PASSED] - colorOptions = findWebElements(findTestObject("Page_cabi Order Items/GetAttribute_Color"), 5): null

2019-11-21 15:21:25 - [TEST_STEP][PASSED] - println(colorOptions.size()): null

2019-11-21 15:21:25 - [TEST_STEP][PASSED] - expectedColour = findTestData("productData").getValue("Color", row): null

2019-11-21 15:21:25 - [TEST_STEP][PASSED] - println("expected colour is"): null

2019-11-21 15:21:25 - [TEST_STEP][PASSED] - println(expectedColour): null

2019-11-21 15:21:25 - [TEST_STEP][PASSED] - colourVerified = false: null

2019-11-21 15:21:25 - [TEST_STEP][PASSED] - for (org.openqa.selenium.WebElement op : colorOptions): null

2019-11-21 15:21:25 - [TEST_STEP][PASSED] - println(op.getText()): null

2019-11-21 15:21:25 - [TEST_STEP][PASSED] - if (expectedColour.equalsIgnoreCase(op.getText())): null

2019-11-21 15:21:25 - [TEST_STEP][PASSED] - colourVerified = true: null

2019-11-21 15:21:25 - [TEST_STEP][PASSED] - break: null

2019-11-21 15:21:25 - [TEST_STEP][PASSED] - sa.assertTrue(colourVerified): null

2019-11-21 15:21:25 - [TEST_STEP][PASSED] - getPrice = getText(findTestObject("Page_cabi Order Items/GetAttribute_Price")): Text of object 'Object Repository/Page_cabi Order Items/GetAttribute_Price' is: 'Price : £32.00'

2019-11-21 15:21:25 - [MESSAGE][PASSED] - Text of object 'Object Repository/Page_cabi Order Items/GetAttribute_Price' is: 'Price : £32.00'

2019-11-21 15:21:25 - [TEST_STEP][PASSED] - Split_Data = UtilityMethods.SplitData(getPrice): null

2019-11-21 15:21:25 - [TEST_STEP][PASSED] - verifyMatch(Split_Data, findTestData("productData").getValue("Retail", row), true, CONTINUE_ON_FAILURE): Actual text '32' and expected text '32' are matched  using regular expression

2019-11-21 15:21:25 - [MESSAGE][PASSED] - Actual text '32' and expected text '32' are matched  using regular expression

2019-11-21 15:21:25 - [TEST_STEP][PASSED] - sizeRange1 = ["XXS", "XS", "S", "M", "L", "XL", "XXL"]: null

2019-11-21 15:21:25 - [TEST_STEP][PASSED] - sizeRange2 = ["00", "0", "2", "4", "6", "8", "10", "12", "14", "16"]: null

2019-11-21 15:21:25 - [TEST_STEP][PASSED] - sizeRange3 = ["Long", "Regular", "Short"]: null

2019-11-21 15:21:25 - [TEST_STEP][PASSED] - sizeRange4 = ["5", "6", "6.5", "7", "7.5", "8", "8.5", "9", "9.5", "10", "11"]: null

2019-11-21 15:21:25 - [TEST_STEP][PASSED] - sizeRange5 = ["XS/S", "M/L"]: null

2019-11-21 15:21:25 - [TEST_STEP][PASSED] - sizeRange6 = ["One Size"]: null

2019-11-21 15:21:25 - [TEST_STEP][PASSED] - sizeRangeSplit = UtilityMethods.SplitSizes(findTestData("productData").getValue("SzRange", row)): null

2019-11-21 15:21:26 - [TEST_STEP][PASSED] - sizeType = getText(findTestObject("Object Repository/Page_cabi Order Items/Size")): Text of object 'Object Repository/Page_cabi Order Items/Size' is: 'Select'

2019-11-21 15:21:26 - [MESSAGE][PASSED] - Text of object 'Object Repository/Page_cabi Order Items/Size' is: 'Select'

2019-11-21 15:21:26 - [TEST_STEP][PASSED] - sizeOptions = findWebElements(findTestObject("Object Repository/Page_cabi Order Items/Size"), 5): null

2019-11-21 15:21:26 - [TEST_STEP][PASSED] - actualRange = new java.util.ArrayList(): null

2019-11-21 15:21:26 - [TEST_STEP][PASSED] - expectedRange = <not implemented yet for class: org.codehaus.groovy.ast.expr.EmptyExpression>: null

2019-11-21 15:21:26 - [TEST_STEP][PASSED] - if (sizeType.equalsIgnoreCase("Select")): null

2019-11-21 15:21:26 - [TEST_STEP][PASSED] - for ([i = 1, i < sizeOptions.size(), (i++)]): null

2019-11-21 15:21:26 - [TEST_STEP][PASSED] - actualRange.add(getAttribute("value").toString()): null

2019-11-21 15:21:26 - [TEST_STEP][PASSED] - actualRange.add(getAttribute("value").toString()): null

2019-11-21 15:21:26 - [TEST_STEP][PASSED] - actualRange.add(getAttribute("value").toString()): null

2019-11-21 15:21:26 - [TEST_STEP][PASSED] - actualRange.add(getAttribute("value").toString()): null

2019-11-21 15:21:26 - [TEST_STEP][PASSED] - actualRange.add(getAttribute("value").toString()): null

2019-11-21 15:21:26 - [TEST_STEP][PASSED] - if (toString().equalsIgnoreCase("XS") || toString().equalsIgnoreCase("XXS")): null

2019-11-21 15:21:26 - [TEST_STEP][PASSED] - expectedRange = UtilityMethods.getExpectedRange(sizeRange1, sizeRangeSplit): null

2019-11-21 15:21:26 - [TEST_STEP][PASSED] - println("XS"): null

2019-11-21 15:21:26 - [TEST_STEP][PASSED] - println(expectedRange.toString()): null

2019-11-21 15:21:26 - [TEST_STEP][PASSED] - sa.assertTrue(UtilityMethods.listEquals(expectedRange, actualRange)): null

2019-11-21 15:21:26 - [TEST_STEP][PASSED] - delay(2): Delayed 2 second(s)

2019-11-21 15:21:28 - [MESSAGE][PASSED] - Delayed 2 second(s)

2019-11-21 15:21:28 - [TEST_STEP][PASSED] - verifyElementText(findTestObject("Page_cabi Order Items/product_title"), findTestData("productData").getValue("Description", row), CONTINUE_ON_FAILURE): Actual text and expected text of test object 'Object Repository/Page_cabi Order Items/product_title' are matched.

2019-11-21 15:21:28 - [MESSAGE][PASSED] - Actual text and expected text of test object 'Object Repository/Page_cabi Order Items/product_title' are matched.

2019-11-21 15:21:28 - [TEST_STEP][PASSED] - finalContent = findTestData("productData").getValue("FinalContent", row): null

2019-11-21 15:21:28 - [TEST_STEP][PASSED] - if (finalContent.equalsIgnoreCase("")): null

2019-11-21 15:21:28 - [TEST_STEP][PASSED] - else: Actual text and expected text of test object 'Object Repository/Page_cabi Order Items/product_fabric' are matched.

2019-11-21 15:21:28 - [TEST_STEP][PASSED] - verifyElementText(findTestObject("Page_cabi Order Items/product_fabric"), finalContent, CONTINUE_ON_FAILURE): Actual text and expected text of test object 'Object Repository/Page_cabi Order Items/product_fabric' are matched.

2019-11-21 15:21:28 - [MESSAGE][PASSED] - Actual text and expected text of test object 'Object Repository/Page_cabi Order Items/product_fabric' are matched.

2019-11-21 15:21:28 - [TEST_STEP][PASSED] - expectedCasreIntrn = findTestData("productData").getValue("CareInstr", row): null

2019-11-21 15:21:28 - [TEST_STEP][PASSED] - if (expectedCasreIntrn.equalsIgnoreCase("")): null

2019-11-21 15:21:28 - [TEST_STEP][PASSED] - else: null

2019-11-21 15:21:28 - [TEST_STEP][PASSED] - actualCasreIntrn = "<div>" + getText(findTestObject("Page_cabi Order Items/care_instruction")) + "</div>": Text of object 'Object Repository/Page_cabi Order Items/care_instruction' is: 'Machine wash separately, inside out, in cold water on the delicate cycle. Do not bleach. Tumble dry low, remove promptly. Warm iron if needed.'

2019-11-21 15:21:29 - [MESSAGE][PASSED] - Text of object 'Object Repository/Page_cabi Order Items/care_instruction' is: 'Machine wash separately, inside out, in cold water on the delicate cycle. Do not bleach. Tumble dry low, remove promptly. Warm iron if needed.'

2019-11-21 15:21:29 - [TEST_STEP][PASSED] - sa.assertTrue(actualCasreIntrn.equals(expectedCasreIntrn)): null

2019-11-21 15:21:29 - [TEST_STEP][PASSED] - delay(5): Delayed 5 second(s)

2019-11-21 15:21:34 - [MESSAGE][PASSED] - Delayed 5 second(s)

2019-11-21 15:21:34 - [TEST_STEP][PASSED] - sa = new org.testng.asserts.SoftAssert(): null

2019-11-21 15:21:34 - [TEST_STEP][PASSED] - styleid_data = findTestData("productData").getValue("Style", row): null

2019-11-21 15:21:34 - [TEST_STEP][PASSED] - println(styleid_data): null

2019-11-21 15:21:34 - [TEST_STEP][PASSED] - by = By.xpath("//input[@name='style']"): null

2019-11-21 15:21:34 - [TEST_STEP][PASSED] - styleWe = UtilityMethods.getElementByLocator(by, driver): null

2019-11-21 15:21:34 - [TEST_STEP][PASSED] - to = UtilityMethods.fromElement(styleWe): null

2019-11-21 15:21:34 - [TEST_STEP][PASSED] - println("******************+++++++++++++++++++**********************************************"): null

2019-11-21 15:21:34 - [TEST_STEP][PASSED] - setText(to, styleid_data): Text '5067' is set on object ''

2019-11-21 15:21:34 - [MESSAGE][PASSED] - Text '5067' is set on object ''

2019-11-21 15:21:34 - [TEST_STEP][PASSED] - sendKeys(to, Keys.chord(ENTER)): Keys 'ENTER + ' sent to object: ''

2019-11-21 15:21:34 - [MESSAGE][PASSED] - Keys 'ENTER + ' sent to object: ''

2019-11-21 15:21:34 - [TEST_STEP][PASSED] - delay(2): Delayed 2 second(s)

2019-11-21 15:21:36 - [MESSAGE][PASSED] - Delayed 2 second(s)

2019-11-21 15:21:36 - [TEST_STEP][PASSED] - if (toString().equalsIgnoreCase("no")): null

2019-11-21 15:21:36 - [TEST_STEP][PASSED] - else: null

2019-11-21 15:21:36 - [TEST_STEP][PASSED] - click(findTestObject("Page_cabi Order Items/li_order_item")): Object: 'Object Repository/Page_cabi Order Items/li_order_item' is clicked on

2019-11-21 15:21:43 - [MESSAGE][PASSED] - Object: 'Object Repository/Page_cabi Order Items/li_order_item' is clicked on

2019-11-21 15:21:43 - [TEST_STEP][PASSED] - delay(5): Delayed 5 second(s)

2019-11-21 15:21:48 - [MESSAGE][PASSED] - Delayed 5 second(s)

2019-11-21 15:21:48 - [TEST_STEP][PASSED] - imagePath = UtilityMethods.createScreenshotImagePath(storeType, styleid_data): null

2019-11-21 15:21:48 - [TEST_STEP][PASSED] - println(imagePath): null

2019-11-21 15:21:48 - [TEST_STEP][PASSED] - takeScreenshot(imagePath): Taking screenshot successfully

2019-11-21 15:21:48 - [MESSAGE][PASSED] - Taking screenshot successfully
[[ATTACHMENT|C:\\Users\\user\\Documents\\testautomation\\KatalonProjects\\productImages\\BOPersonal_5067 image.png]]

2019-11-21 15:21:48 - [TEST_STEP][PASSED] - verifyElementText(findTestObject("Page_cabi Order Items/GetAttribute_getID"), styleid_data, CONTINUE_ON_FAILURE): Actual text and expected text of test object 'Object Repository/Page_cabi Order Items/GetAttribute_getID' are matched.

2019-11-21 15:21:48 - [MESSAGE][PASSED] - Actual text and expected text of test object 'Object Repository/Page_cabi Order Items/GetAttribute_getID' are matched.

2019-11-21 15:21:48 - [TEST_STEP][PASSED] - colorOptions = findWebElements(findTestObject("Page_cabi Order Items/GetAttribute_Color"), 5): null

2019-11-21 15:21:48 - [TEST_STEP][PASSED] - println(colorOptions.size()): null

2019-11-21 15:21:48 - [TEST_STEP][PASSED] - expectedColour = findTestData("productData").getValue("Color", row): null

2019-11-21 15:21:48 - [TEST_STEP][PASSED] - println("expected colour is"): null

2019-11-21 15:21:48 - [TEST_STEP][PASSED] - println(expectedColour): null

2019-11-21 15:21:48 - [TEST_STEP][PASSED] - colourVerified = false: null

2019-11-21 15:21:48 - [TEST_STEP][PASSED] - for (org.openqa.selenium.WebElement op : colorOptions): null

2019-11-21 15:21:48 - [TEST_STEP][PASSED] - println(op.getText()): null

2019-11-21 15:21:48 - [TEST_STEP][PASSED] - if (expectedColour.equalsIgnoreCase(op.getText())): null

2019-11-21 15:21:49 - [TEST_STEP][PASSED] - println(op.getText()): null

2019-11-21 15:21:49 - [TEST_STEP][PASSED] - if (expectedColour.equalsIgnoreCase(op.getText())): null

2019-11-21 15:21:49 - [TEST_STEP][PASSED] - colourVerified = true: null

2019-11-21 15:21:49 - [TEST_STEP][PASSED] - break: null

2019-11-21 15:21:49 - [TEST_STEP][PASSED] - sa.assertTrue(colourVerified): null

2019-11-21 15:21:49 - [TEST_STEP][PASSED] - getPrice = getText(findTestObject("Page_cabi Order Items/GetAttribute_Price")): Text of object 'Object Repository/Page_cabi Order Items/GetAttribute_Price' is: 'Price : £28.00'

2019-11-21 15:21:49 - [MESSAGE][PASSED] - Text of object 'Object Repository/Page_cabi Order Items/GetAttribute_Price' is: 'Price : £28.00'

2019-11-21 15:21:49 - [TEST_STEP][PASSED] - Split_Data = UtilityMethods.SplitData(getPrice): null

2019-11-21 15:21:49 - [TEST_STEP][PASSED] - verifyMatch(Split_Data, findTestData("productData").getValue("Retail", row), true, CONTINUE_ON_FAILURE): Actual text '28' and expected text '28' are matched  using regular expression

2019-11-21 15:21:49 - [MESSAGE][PASSED] - Actual text '28' and expected text '28' are matched  using regular expression

2019-11-21 15:21:49 - [TEST_STEP][PASSED] - sizeRange1 = ["XXS", "XS", "S", "M", "L", "XL", "XXL"]: null

2019-11-21 15:21:49 - [TEST_STEP][PASSED] - sizeRange2 = ["00", "0", "2", "4", "6", "8", "10", "12", "14", "16"]: null

2019-11-21 15:21:49 - [TEST_STEP][PASSED] - sizeRange3 = ["Long", "Regular", "Short"]: null

2019-11-21 15:21:49 - [TEST_STEP][PASSED] - sizeRange4 = ["5", "6", "6.5", "7", "7.5", "8", "8.5", "9", "9.5", "10", "11"]: null

2019-11-21 15:21:49 - [TEST_STEP][PASSED] - sizeRange5 = ["XS/S", "M/L"]: null

2019-11-21 15:21:49 - [TEST_STEP][PASSED] - sizeRange6 = ["One Size"]: null

2019-11-21 15:21:49 - [TEST_STEP][PASSED] - sizeRangeSplit = UtilityMethods.SplitSizes(findTestData("productData").getValue("SzRange", row)): null

2019-11-21 15:21:49 - [TEST_STEP][PASSED] - sizeType = getText(findTestObject("Object Repository/Page_cabi Order Items/Size")): Text of object 'Object Repository/Page_cabi Order Items/Size' is: 'N/A'

2019-11-21 15:21:49 - [MESSAGE][PASSED] - Text of object 'Object Repository/Page_cabi Order Items/Size' is: 'N/A'

2019-11-21 15:21:49 - [TEST_STEP][PASSED] - sizeOptions = findWebElements(findTestObject("Object Repository/Page_cabi Order Items/Size"), 5): null

2019-11-21 15:21:49 - [TEST_STEP][PASSED] - actualRange = new java.util.ArrayList(): null

2019-11-21 15:21:49 - [TEST_STEP][PASSED] - expectedRange = <not implemented yet for class: org.codehaus.groovy.ast.expr.EmptyExpression>: null

2019-11-21 15:21:49 - [TEST_STEP][PASSED] - if (sizeType.equalsIgnoreCase("Select")): null

2019-11-21 15:21:49 - [TEST_STEP][PASSED] - else: null

2019-11-21 15:21:49 - [TEST_STEP][PASSED] - sa.assertTrue(sizeType.equalsIgnoreCase("N/A") || sizeType.equalsIgnoreCase(sizeRangeSplit[0])): null

2019-11-21 15:21:49 - [TEST_STEP][PASSED] - delay(2): Delayed 2 second(s)

2019-11-21 15:21:51 - [MESSAGE][PASSED] - Delayed 2 second(s)

2019-11-21 15:21:51 - [TEST_STEP][PASSED] - verifyElementText(findTestObject("Page_cabi Order Items/product_title"), findTestData("productData").getValue("Description", row), CONTINUE_ON_FAILURE): Actual text and expected text of test object 'Object Repository/Page_cabi Order Items/product_title' are matched.

2019-11-21 15:21:51 - [MESSAGE][PASSED] - Actual text and expected text of test object 'Object Repository/Page_cabi Order Items/product_title' are matched.

2019-11-21 15:21:51 - [TEST_STEP][PASSED] - finalContent = findTestData("productData").getValue("FinalContent", row): null

2019-11-21 15:21:51 - [TEST_STEP][PASSED] - if (finalContent.equalsIgnoreCase("")): null

2019-11-21 15:21:51 - [TEST_STEP][PASSED] - else: Actual text and expected text of test object 'Object Repository/Page_cabi Order Items/product_fabric' are matched.

2019-11-21 15:21:51 - [TEST_STEP][PASSED] - verifyElementText(findTestObject("Page_cabi Order Items/product_fabric"), finalContent, CONTINUE_ON_FAILURE): Actual text and expected text of test object 'Object Repository/Page_cabi Order Items/product_fabric' are matched.

2019-11-21 15:21:51 - [MESSAGE][PASSED] - Actual text and expected text of test object 'Object Repository/Page_cabi Order Items/product_fabric' are matched.

2019-11-21 15:21:51 - [TEST_STEP][PASSED] - expectedCasreIntrn = findTestData("productData").getValue("CareInstr", row): null

2019-11-21 15:21:52 - [TEST_STEP][PASSED] - if (expectedCasreIntrn.equalsIgnoreCase("")): null

2019-11-21 15:21:52 - [TEST_STEP][PASSED] - else: null

2019-11-21 15:21:52 - [TEST_STEP][PASSED] - actualCasreIntrn = "<div>" + getText(findTestObject("Page_cabi Order Items/care_instruction")) + "</div>": Text of object 'Object Repository/Page_cabi Order Items/care_instruction' is: 'Machine wash separately, inside out, in cold water on the delicate cycle. Do not bleach. Tumble dry low, remove promptly. Warm iron if needed.'

2019-11-21 15:21:52 - [MESSAGE][PASSED] - Text of object 'Object Repository/Page_cabi Order Items/care_instruction' is: 'Machine wash separately, inside out, in cold water on the delicate cycle. Do not bleach. Tumble dry low, remove promptly. Warm iron if needed.'

2019-11-21 15:21:52 - [TEST_STEP][PASSED] - sa.assertTrue(actualCasreIntrn.equals(expectedCasreIntrn)): null

2019-11-21 15:21:52 - [TEST_STEP][PASSED] - delay(5): Delayed 5 second(s)

2019-11-21 15:21:57 - [MESSAGE][PASSED] - Delayed 5 second(s)

2019-11-21 15:21:57 - [TEST_STEP][PASSED] - sa = new org.testng.asserts.SoftAssert(): null

2019-11-21 15:21:57 - [TEST_STEP][PASSED] - styleid_data = findTestData("productData").getValue("Style", row): null

2019-11-21 15:21:57 - [TEST_STEP][PASSED] - println(styleid_data): null

2019-11-21 15:21:57 - [TEST_STEP][PASSED] - by = By.xpath("//input[@name='style']"): null

2019-11-21 15:21:57 - [TEST_STEP][PASSED] - styleWe = UtilityMethods.getElementByLocator(by, driver): null

2019-11-21 15:21:57 - [TEST_STEP][PASSED] - to = UtilityMethods.fromElement(styleWe): null

2019-11-21 15:21:57 - [TEST_STEP][PASSED] - println("******************+++++++++++++++++++**********************************************"): null

2019-11-21 15:21:57 - [TEST_STEP][PASSED] - setText(to, styleid_data): Text '5630' is set on object ''

2019-11-21 15:21:57 - [MESSAGE][PASSED] - Text '5630' is set on object ''

2019-11-21 15:21:57 - [TEST_STEP][PASSED] - sendKeys(to, Keys.chord(ENTER)): Keys 'ENTER + ' sent to object: ''

2019-11-21 15:21:57 - [MESSAGE][PASSED] - Keys 'ENTER + ' sent to object: ''

2019-11-21 15:21:57 - [TEST_STEP][PASSED] - delay(2): Delayed 2 second(s)

2019-11-21 15:21:59 - [MESSAGE][PASSED] - Delayed 2 second(s)

2019-11-21 15:21:59 - [TEST_STEP][PASSED] - if (toString().equalsIgnoreCase("no")): null

2019-11-21 15:21:59 - [TEST_STEP][PASSED] - else: null

2019-11-21 15:21:59 - [TEST_STEP][PASSED] - click(findTestObject("Page_cabi Order Items/li_order_item")): Object: 'Object Repository/Page_cabi Order Items/li_order_item' is clicked on

2019-11-21 15:22:06 - [MESSAGE][PASSED] - Object: 'Object Repository/Page_cabi Order Items/li_order_item' is clicked on

2019-11-21 15:22:06 - [TEST_STEP][PASSED] - delay(5): Delayed 5 second(s)

2019-11-21 15:22:11 - [MESSAGE][PASSED] - Delayed 5 second(s)

2019-11-21 15:22:11 - [TEST_STEP][PASSED] - imagePath = UtilityMethods.createScreenshotImagePath(storeType, styleid_data): null

2019-11-21 15:22:11 - [TEST_STEP][PASSED] - println(imagePath): null

2019-11-21 15:22:11 - [TEST_STEP][PASSED] - takeScreenshot(imagePath): Taking screenshot successfully

2019-11-21 15:22:12 - [MESSAGE][PASSED] - Taking screenshot successfully
[[ATTACHMENT|C:\\Users\\user\\Documents\\testautomation\\KatalonProjects\\productImages\\BOPersonal_5630 image.png]]

2019-11-21 15:22:12 - [TEST_STEP][PASSED] - verifyElementText(findTestObject("Page_cabi Order Items/GetAttribute_getID"), styleid_data, CONTINUE_ON_FAILURE): Actual text and expected text of test object 'Object Repository/Page_cabi Order Items/GetAttribute_getID' are matched.

2019-11-21 15:22:12 - [MESSAGE][PASSED] - Actual text and expected text of test object 'Object Repository/Page_cabi Order Items/GetAttribute_getID' are matched.

2019-11-21 15:22:12 - [TEST_STEP][PASSED] - colorOptions = findWebElements(findTestObject("Page_cabi Order Items/GetAttribute_Color"), 5): null

2019-11-21 15:22:12 - [TEST_STEP][PASSED] - println(colorOptions.size()): null

2019-11-21 15:22:12 - [TEST_STEP][PASSED] - expectedColour = findTestData("productData").getValue("Color", row): null

2019-11-21 15:22:12 - [TEST_STEP][PASSED] - println("expected colour is"): null

2019-11-21 15:22:12 - [TEST_STEP][PASSED] - println(expectedColour): null

2019-11-21 15:22:12 - [TEST_STEP][PASSED] - colourVerified = false: null

2019-11-21 15:22:12 - [TEST_STEP][PASSED] - for (org.openqa.selenium.WebElement op : colorOptions): null

2019-11-21 15:22:12 - [TEST_STEP][PASSED] - println(op.getText()): null

2019-11-21 15:22:12 - [TEST_STEP][PASSED] - if (expectedColour.equalsIgnoreCase(op.getText())): null

2019-11-21 15:22:12 - [TEST_STEP][PASSED] - colourVerified = true: null

2019-11-21 15:22:12 - [TEST_STEP][PASSED] - break: null

2019-11-21 15:22:12 - [TEST_STEP][PASSED] - sa.assertTrue(colourVerified): null

2019-11-21 15:22:12 - [TEST_STEP][PASSED] - getPrice = getText(findTestObject("Page_cabi Order Items/GetAttribute_Price")): Text of object 'Object Repository/Page_cabi Order Items/GetAttribute_Price' is: 'Price : £84.00'

2019-11-21 15:22:12 - [MESSAGE][PASSED] - Text of object 'Object Repository/Page_cabi Order Items/GetAttribute_Price' is: 'Price : £84.00'

2019-11-21 15:22:12 - [TEST_STEP][PASSED] - Split_Data = UtilityMethods.SplitData(getPrice): null

2019-11-21 15:22:12 - [TEST_STEP][PASSED] - verifyMatch(Split_Data, findTestData("productData").getValue("Retail", row), true, CONTINUE_ON_FAILURE): Actual text '84' and expected text '84' are matched  using regular expression

2019-11-21 15:22:12 - [MESSAGE][PASSED] - Actual text '84' and expected text '84' are matched  using regular expression

2019-11-21 15:22:12 - [TEST_STEP][PASSED] - sizeRange1 = ["XXS", "XS", "S", "M", "L", "XL", "XXL"]: null

2019-11-21 15:22:12 - [TEST_STEP][PASSED] - sizeRange2 = ["00", "0", "2", "4", "6", "8", "10", "12", "14", "16"]: null

2019-11-21 15:22:12 - [TEST_STEP][PASSED] - sizeRange3 = ["Long", "Regular", "Short"]: null

2019-11-21 15:22:12 - [TEST_STEP][PASSED] - sizeRange4 = ["5", "6", "6.5", "7", "7.5", "8", "8.5", "9", "9.5", "10", "11"]: null

2019-11-21 15:22:12 - [TEST_STEP][PASSED] - sizeRange5 = ["XS/S", "M/L"]: null

2019-11-21 15:22:12 - [TEST_STEP][PASSED] - sizeRange6 = ["One Size"]: null

2019-11-21 15:22:12 - [TEST_STEP][PASSED] - sizeRangeSplit = UtilityMethods.SplitSizes(findTestData("productData").getValue("SzRange", row)): null

2019-11-21 15:22:12 - [TEST_STEP][PASSED] - sizeType = getText(findTestObject("Object Repository/Page_cabi Order Items/Size")): Text of object 'Object Repository/Page_cabi Order Items/Size' is: 'Select'

2019-11-21 15:22:12 - [MESSAGE][PASSED] - Text of object 'Object Repository/Page_cabi Order Items/Size' is: 'Select'

2019-11-21 15:22:12 - [TEST_STEP][PASSED] - sizeOptions = findWebElements(findTestObject("Object Repository/Page_cabi Order Items/Size"), 5): null

2019-11-21 15:22:12 - [TEST_STEP][PASSED] - actualRange = new java.util.ArrayList(): null

2019-11-21 15:22:12 - [TEST_STEP][PASSED] - expectedRange = <not implemented yet for class: org.codehaus.groovy.ast.expr.EmptyExpression>: null

2019-11-21 15:22:12 - [TEST_STEP][PASSED] - if (sizeType.equalsIgnoreCase("Select")): null

2019-11-21 15:22:12 - [TEST_STEP][PASSED] - for ([i = 1, i < sizeOptions.size(), (i++)]): null

2019-11-21 15:22:12 - [TEST_STEP][PASSED] - actualRange.add(getAttribute("value").toString()): null

2019-11-21 15:22:12 - [TEST_STEP][PASSED] - actualRange.add(getAttribute("value").toString()): null

2019-11-21 15:22:12 - [TEST_STEP][PASSED] - actualRange.add(getAttribute("value").toString()): null

2019-11-21 15:22:12 - [TEST_STEP][PASSED] - actualRange.add(getAttribute("value").toString()): null

2019-11-21 15:22:12 - [TEST_STEP][PASSED] - actualRange.add(getAttribute("value").toString()): null

2019-11-21 15:22:12 - [TEST_STEP][PASSED] - if (toString().equalsIgnoreCase("XS") || toString().equalsIgnoreCase("XXS")): null

2019-11-21 15:22:12 - [TEST_STEP][PASSED] - expectedRange = UtilityMethods.getExpectedRange(sizeRange1, sizeRangeSplit): null

2019-11-21 15:22:12 - [TEST_STEP][PASSED] - println("XS"): null

2019-11-21 15:22:12 - [TEST_STEP][PASSED] - println(expectedRange.toString()): null

2019-11-21 15:22:12 - [TEST_STEP][PASSED] - sa.assertTrue(UtilityMethods.listEquals(expectedRange, actualRange)): null

2019-11-21 15:22:12 - [TEST_STEP][PASSED] - delay(2): Delayed 2 second(s)

2019-11-21 15:22:14 - [MESSAGE][PASSED] - Delayed 2 second(s)

2019-11-21 15:22:14 - [TEST_STEP][PASSED] - verifyElementText(findTestObject("Page_cabi Order Items/product_title"), findTestData("productData").getValue("Description", row), CONTINUE_ON_FAILURE): Actual text and expected text of test object 'Object Repository/Page_cabi Order Items/product_title' are matched.

2019-11-21 15:22:15 - [MESSAGE][PASSED] - Actual text and expected text of test object 'Object Repository/Page_cabi Order Items/product_title' are matched.

2019-11-21 15:22:15 - [TEST_STEP][PASSED] - finalContent = findTestData("productData").getValue("FinalContent", row): null

2019-11-21 15:22:15 - [TEST_STEP][PASSED] - if (finalContent.equalsIgnoreCase("")): null

2019-11-21 15:22:15 - [TEST_STEP][PASSED] - else: Actual text and expected text of test object 'Object Repository/Page_cabi Order Items/product_fabric' are matched.

2019-11-21 15:22:15 - [TEST_STEP][PASSED] - verifyElementText(findTestObject("Page_cabi Order Items/product_fabric"), finalContent, CONTINUE_ON_FAILURE): Actual text and expected text of test object 'Object Repository/Page_cabi Order Items/product_fabric' are matched.

2019-11-21 15:22:15 - [MESSAGE][PASSED] - Actual text and expected text of test object 'Object Repository/Page_cabi Order Items/product_fabric' are matched.

2019-11-21 15:22:15 - [TEST_STEP][PASSED] - expectedCasreIntrn = findTestData("productData").getValue("CareInstr", row): null

2019-11-21 15:22:15 - [TEST_STEP][PASSED] - if (expectedCasreIntrn.equalsIgnoreCase("")): null

2019-11-21 15:22:15 - [TEST_STEP][PASSED] - else: null

2019-11-21 15:22:15 - [TEST_STEP][PASSED] - actualCasreIntrn = "<div>" + getText(findTestObject("Page_cabi Order Items/care_instruction")) + "</div>": Text of object 'Object Repository/Page_cabi Order Items/care_instruction' is: 'Turn garment inside out and place in a mesh bag. Machine wash separately in cold water on the delicate cycle. Only non-chlorine bleach if needed. Do not twist or wring. Lay flat to dry. Warm iron if needed. Can be dry cleaned.'

2019-11-21 15:22:15 - [MESSAGE][PASSED] - Text of object 'Object Repository/Page_cabi Order Items/care_instruction' is: 'Turn garment inside out and place in a mesh bag. Machine wash separately in cold water on the delicate cycle. Only non-chlorine bleach if needed. Do not twist or wring. Lay flat to dry. Warm iron if needed. Can be dry cleaned.'

2019-11-21 15:22:15 - [TEST_STEP][PASSED] - sa.assertTrue(actualCasreIntrn.equals(expectedCasreIntrn)): null

2019-11-21 15:22:15 - [TEST_STEP][PASSED] - delay(5): Delayed 5 second(s)

2019-11-21 15:22:20 - [MESSAGE][PASSED] - Delayed 5 second(s)

2019-11-21 15:22:20 - [TEST_STEP][PASSED] - sa = new org.testng.asserts.SoftAssert(): null

2019-11-21 15:22:20 - [TEST_STEP][PASSED] - styleid_data = findTestData("productData").getValue("Style", row): null

2019-11-21 15:22:20 - [TEST_STEP][PASSED] - println(styleid_data): null

2019-11-21 15:22:20 - [TEST_STEP][PASSED] - by = By.xpath("//input[@name='style']"): null

2019-11-21 15:22:20 - [TEST_STEP][PASSED] - styleWe = UtilityMethods.getElementByLocator(by, driver): null

2019-11-21 15:22:20 - [TEST_STEP][PASSED] - to = UtilityMethods.fromElement(styleWe): null

2019-11-21 15:22:20 - [TEST_STEP][PASSED] - println("******************+++++++++++++++++++**********************************************"): null

2019-11-21 15:22:20 - [TEST_STEP][PASSED] - setText(to, styleid_data): Text '5631' is set on object ''

2019-11-21 15:22:20 - [MESSAGE][PASSED] - Text '5631' is set on object ''

2019-11-21 15:22:20 - [TEST_STEP][PASSED] - sendKeys(to, Keys.chord(ENTER)): Keys 'ENTER + ' sent to object: ''

2019-11-21 15:22:21 - [MESSAGE][PASSED] - Keys 'ENTER + ' sent to object: ''

2019-11-21 15:22:21 - [TEST_STEP][PASSED] - delay(2): Delayed 2 second(s)

2019-11-21 15:22:23 - [MESSAGE][PASSED] - Delayed 2 second(s)

2019-11-21 15:22:23 - [TEST_STEP][PASSED] - if (toString().equalsIgnoreCase("no")): null

2019-11-21 15:22:23 - [TEST_STEP][PASSED] - else: null

2019-11-21 15:22:23 - [TEST_STEP][PASSED] - click(findTestObject("Page_cabi Order Items/li_order_item")): Object: 'Object Repository/Page_cabi Order Items/li_order_item' is clicked on

2019-11-21 15:22:29 - [MESSAGE][PASSED] - Object: 'Object Repository/Page_cabi Order Items/li_order_item' is clicked on

2019-11-21 15:22:29 - [TEST_STEP][PASSED] - delay(5): Delayed 5 second(s)

2019-11-21 15:22:34 - [MESSAGE][PASSED] - Delayed 5 second(s)

2019-11-21 15:22:34 - [TEST_STEP][PASSED] - imagePath = UtilityMethods.createScreenshotImagePath(storeType, styleid_data): null

2019-11-21 15:22:34 - [TEST_STEP][PASSED] - println(imagePath): null

2019-11-21 15:22:34 - [TEST_STEP][PASSED] - takeScreenshot(imagePath): Taking screenshot successfully

2019-11-21 15:22:35 - [MESSAGE][PASSED] - Taking screenshot successfully
[[ATTACHMENT|C:\\Users\\user\\Documents\\testautomation\\KatalonProjects\\productImages\\BOPersonal_5631 image.png]]

2019-11-21 15:22:35 - [TEST_STEP][PASSED] - verifyElementText(findTestObject("Page_cabi Order Items/GetAttribute_getID"), styleid_data, CONTINUE_ON_FAILURE): Actual text and expected text of test object 'Object Repository/Page_cabi Order Items/GetAttribute_getID' are matched.

2019-11-21 15:22:35 - [MESSAGE][PASSED] - Actual text and expected text of test object 'Object Repository/Page_cabi Order Items/GetAttribute_getID' are matched.

2019-11-21 15:22:35 - [TEST_STEP][PASSED] - colorOptions = findWebElements(findTestObject("Page_cabi Order Items/GetAttribute_Color"), 5): null

2019-11-21 15:22:35 - [TEST_STEP][PASSED] - println(colorOptions.size()): null

2019-11-21 15:22:35 - [TEST_STEP][PASSED] - expectedColour = findTestData("productData").getValue("Color", row): null

2019-11-21 15:22:35 - [TEST_STEP][PASSED] - println("expected colour is"): null

2019-11-21 15:22:35 - [TEST_STEP][PASSED] - println(expectedColour): null

2019-11-21 15:22:35 - [TEST_STEP][PASSED] - colourVerified = false: null

2019-11-21 15:22:35 - [TEST_STEP][PASSED] - for (org.openqa.selenium.WebElement op : colorOptions): null

2019-11-21 15:22:35 - [TEST_STEP][PASSED] - println(op.getText()): null

2019-11-21 15:22:35 - [TEST_STEP][PASSED] - if (expectedColour.equalsIgnoreCase(op.getText())): null

2019-11-21 15:22:35 - [TEST_STEP][PASSED] - colourVerified = true: null

2019-11-21 15:22:35 - [TEST_STEP][PASSED] - break: null

2019-11-21 15:22:35 - [TEST_STEP][PASSED] - sa.assertTrue(colourVerified): null

2019-11-21 15:22:35 - [TEST_STEP][PASSED] - getPrice = getText(findTestObject("Page_cabi Order Items/GetAttribute_Price")): Text of object 'Object Repository/Page_cabi Order Items/GetAttribute_Price' is: 'Price : £76.00'

2019-11-21 15:22:35 - [MESSAGE][PASSED] - Text of object 'Object Repository/Page_cabi Order Items/GetAttribute_Price' is: 'Price : £76.00'

2019-11-21 15:22:35 - [TEST_STEP][PASSED] - Split_Data = UtilityMethods.SplitData(getPrice): null

2019-11-21 15:22:35 - [TEST_STEP][PASSED] - verifyMatch(Split_Data, findTestData("productData").getValue("Retail", row), true, CONTINUE_ON_FAILURE): Actual text '76' and expected text '76' are matched  using regular expression

2019-11-21 15:22:35 - [MESSAGE][PASSED] - Actual text '76' and expected text '76' are matched  using regular expression

2019-11-21 15:22:35 - [TEST_STEP][PASSED] - sizeRange1 = ["XXS", "XS", "S", "M", "L", "XL", "XXL"]: null

2019-11-21 15:22:35 - [TEST_STEP][PASSED] - sizeRange2 = ["00", "0", "2", "4", "6", "8", "10", "12", "14", "16"]: null

2019-11-21 15:22:35 - [TEST_STEP][PASSED] - sizeRange3 = ["Long", "Regular", "Short"]: null

2019-11-21 15:22:35 - [TEST_STEP][PASSED] - sizeRange4 = ["5", "6", "6.5", "7", "7.5", "8", "8.5", "9", "9.5", "10", "11"]: null

2019-11-21 15:22:35 - [TEST_STEP][PASSED] - sizeRange5 = ["XS/S", "M/L"]: null

2019-11-21 15:22:35 - [TEST_STEP][PASSED] - sizeRange6 = ["One Size"]: null

2019-11-21 15:22:35 - [TEST_STEP][PASSED] - sizeRangeSplit = UtilityMethods.SplitSizes(findTestData("productData").getValue("SzRange", row)): null

2019-11-21 15:22:35 - [TEST_STEP][PASSED] - sizeType = getText(findTestObject("Object Repository/Page_cabi Order Items/Size")): Text of object 'Object Repository/Page_cabi Order Items/Size' is: 'Select'

2019-11-21 15:22:36 - [MESSAGE][PASSED] - Text of object 'Object Repository/Page_cabi Order Items/Size' is: 'Select'

2019-11-21 15:22:36 - [TEST_STEP][PASSED] - sizeOptions = findWebElements(findTestObject("Object Repository/Page_cabi Order Items/Size"), 5): null

2019-11-21 15:22:36 - [TEST_STEP][PASSED] - actualRange = new java.util.ArrayList(): null

2019-11-21 15:22:36 - [TEST_STEP][PASSED] - expectedRange = <not implemented yet for class: org.codehaus.groovy.ast.expr.EmptyExpression>: null

2019-11-21 15:22:36 - [TEST_STEP][PASSED] - if (sizeType.equalsIgnoreCase("Select")): null

2019-11-21 15:22:36 - [TEST_STEP][PASSED] - for ([i = 1, i < sizeOptions.size(), (i++)]): null

2019-11-21 15:22:36 - [TEST_STEP][PASSED] - actualRange.add(getAttribute("value").toString()): null

2019-11-21 15:22:36 - [TEST_STEP][PASSED] - actualRange.add(getAttribute("value").toString()): null

2019-11-21 15:22:36 - [TEST_STEP][PASSED] - actualRange.add(getAttribute("value").toString()): null

2019-11-21 15:22:36 - [TEST_STEP][PASSED] - actualRange.add(getAttribute("value").toString()): null

2019-11-21 15:22:36 - [TEST_STEP][PASSED] - actualRange.add(getAttribute("value").toString()): null

2019-11-21 15:22:36 - [TEST_STEP][PASSED] - if (toString().equalsIgnoreCase("XS") || toString().equalsIgnoreCase("XXS")): null

2019-11-21 15:22:36 - [TEST_STEP][PASSED] - expectedRange = UtilityMethods.getExpectedRange(sizeRange1, sizeRangeSplit): null

2019-11-21 15:22:36 - [TEST_STEP][PASSED] - println("XS"): null

2019-11-21 15:22:36 - [TEST_STEP][PASSED] - println(expectedRange.toString()): null

2019-11-21 15:22:36 - [TEST_STEP][PASSED] - sa.assertTrue(UtilityMethods.listEquals(expectedRange, actualRange)): null

2019-11-21 15:22:36 - [TEST_STEP][PASSED] - delay(2): Delayed 2 second(s)

2019-11-21 15:22:38 - [MESSAGE][PASSED] - Delayed 2 second(s)

2019-11-21 15:22:38 - [TEST_STEP][PASSED] - verifyElementText(findTestObject("Page_cabi Order Items/product_title"), findTestData("productData").getValue("Description", row), CONTINUE_ON_FAILURE): Actual text and expected text of test object 'Object Repository/Page_cabi Order Items/product_title' are matched.

2019-11-21 15:22:38 - [MESSAGE][PASSED] - Actual text and expected text of test object 'Object Repository/Page_cabi Order Items/product_title' are matched.

2019-11-21 15:22:38 - [TEST_STEP][PASSED] - finalContent = findTestData("productData").getValue("FinalContent", row): null

2019-11-21 15:22:38 - [TEST_STEP][PASSED] - if (finalContent.equalsIgnoreCase("")): null

2019-11-21 15:22:38 - [TEST_STEP][PASSED] - else: Actual text and expected text of test object 'Object Repository/Page_cabi Order Items/product_fabric' are matched.

2019-11-21 15:22:38 - [TEST_STEP][PASSED] - verifyElementText(findTestObject("Page_cabi Order Items/product_fabric"), finalContent, CONTINUE_ON_FAILURE): Actual text and expected text of test object 'Object Repository/Page_cabi Order Items/product_fabric' are matched.

2019-11-21 15:22:38 - [MESSAGE][PASSED] - Actual text and expected text of test object 'Object Repository/Page_cabi Order Items/product_fabric' are matched.

2019-11-21 15:22:38 - [TEST_STEP][PASSED] - expectedCasreIntrn = findTestData("productData").getValue("CareInstr", row): null

2019-11-21 15:22:38 - [TEST_STEP][PASSED] - if (expectedCasreIntrn.equalsIgnoreCase("")): null

2019-11-21 15:22:38 - [TEST_STEP][PASSED] - else: null

2019-11-21 15:22:38 - [TEST_STEP][PASSED] - actualCasreIntrn = "<div>" + getText(findTestObject("Page_cabi Order Items/care_instruction")) + "</div>": Text of object 'Object Repository/Page_cabi Order Items/care_instruction' is: 'Turn garment inside out and place in a mesh bag. Machine wash separately in cold water on the delicate cycle. Only non-chlorine bleach if needed. Do not twist or wring. Lay flat to dry. Warm iron if needed. Can be dry cleaned.'

2019-11-21 15:22:38 - [MESSAGE][PASSED] - Text of object 'Object Repository/Page_cabi Order Items/care_instruction' is: 'Turn garment inside out and place in a mesh bag. Machine wash separately in cold water on the delicate cycle. Only non-chlorine bleach if needed. Do not twist or wring. Lay flat to dry. Warm iron if needed. Can be dry cleaned.'

2019-11-21 15:22:38 - [TEST_STEP][PASSED] - sa.assertTrue(actualCasreIntrn.equals(expectedCasreIntrn)): null

2019-11-21 15:22:38 - [TEST_STEP][PASSED] - delay(5): Delayed 5 second(s)

2019-11-21 15:22:43 - [MESSAGE][PASSED] - Delayed 5 second(s)

2019-11-21 15:22:43 - [TEST_STEP][PASSED] - sa = new org.testng.asserts.SoftAssert(): null

2019-11-21 15:22:43 - [TEST_STEP][PASSED] - styleid_data = findTestData("productData").getValue("Style", row): null

2019-11-21 15:22:43 - [TEST_STEP][PASSED] - println(styleid_data): null

2019-11-21 15:22:43 - [TEST_STEP][PASSED] - by = By.xpath("//input[@name='style']"): null

2019-11-21 15:22:43 - [TEST_STEP][PASSED] - styleWe = UtilityMethods.getElementByLocator(by, driver): null

2019-11-21 15:22:43 - [TEST_STEP][PASSED] - to = UtilityMethods.fromElement(styleWe): null

2019-11-21 15:22:43 - [TEST_STEP][PASSED] - println("******************+++++++++++++++++++**********************************************"): null

2019-11-21 15:22:43 - [TEST_STEP][PASSED] - setText(to, styleid_data): Text '5632' is set on object ''

2019-11-21 15:22:44 - [MESSAGE][PASSED] - Text '5632' is set on object ''

2019-11-21 15:22:44 - [TEST_STEP][PASSED] - sendKeys(to, Keys.chord(ENTER)): Keys 'ENTER + ' sent to object: ''

2019-11-21 15:22:44 - [MESSAGE][PASSED] - Keys 'ENTER + ' sent to object: ''

2019-11-21 15:22:44 - [TEST_STEP][PASSED] - delay(2): Delayed 2 second(s)

2019-11-21 15:22:46 - [MESSAGE][PASSED] - Delayed 2 second(s)

2019-11-21 15:22:46 - [TEST_STEP][PASSED] - if (toString().equalsIgnoreCase("no")): null

2019-11-21 15:22:46 - [TEST_STEP][PASSED] - else: null

2019-11-21 15:22:46 - [TEST_STEP][PASSED] - click(findTestObject("Page_cabi Order Items/li_order_item")): Object: 'Object Repository/Page_cabi Order Items/li_order_item' is clicked on

2019-11-21 15:22:52 - [MESSAGE][PASSED] - Object: 'Object Repository/Page_cabi Order Items/li_order_item' is clicked on

2019-11-21 15:22:52 - [TEST_STEP][PASSED] - delay(5): Delayed 5 second(s)

2019-11-21 15:22:57 - [MESSAGE][PASSED] - Delayed 5 second(s)

2019-11-21 15:22:57 - [TEST_STEP][PASSED] - imagePath = UtilityMethods.createScreenshotImagePath(storeType, styleid_data): null

2019-11-21 15:22:57 - [TEST_STEP][PASSED] - println(imagePath): null

2019-11-21 15:22:57 - [TEST_STEP][PASSED] - takeScreenshot(imagePath): Taking screenshot successfully

2019-11-21 15:22:57 - [MESSAGE][PASSED] - Taking screenshot successfully
[[ATTACHMENT|C:\\Users\\user\\Documents\\testautomation\\KatalonProjects\\productImages\\BOPersonal_5632 image.png]]

2019-11-21 15:22:57 - [TEST_STEP][PASSED] - verifyElementText(findTestObject("Page_cabi Order Items/GetAttribute_getID"), styleid_data, CONTINUE_ON_FAILURE): Actual text and expected text of test object 'Object Repository/Page_cabi Order Items/GetAttribute_getID' are matched.

2019-11-21 15:22:57 - [MESSAGE][PASSED] - Actual text and expected text of test object 'Object Repository/Page_cabi Order Items/GetAttribute_getID' are matched.

2019-11-21 15:22:57 - [TEST_STEP][PASSED] - colorOptions = findWebElements(findTestObject("Page_cabi Order Items/GetAttribute_Color"), 5): null

2019-11-21 15:22:58 - [TEST_STEP][PASSED] - println(colorOptions.size()): null

2019-11-21 15:22:58 - [TEST_STEP][PASSED] - expectedColour = findTestData("productData").getValue("Color", row): null

2019-11-21 15:22:58 - [TEST_STEP][PASSED] - println("expected colour is"): null

2019-11-21 15:22:58 - [TEST_STEP][PASSED] - println(expectedColour): null

2019-11-21 15:22:58 - [TEST_STEP][PASSED] - colourVerified = false: null

2019-11-21 15:22:58 - [TEST_STEP][PASSED] - for (org.openqa.selenium.WebElement op : colorOptions): null

2019-11-21 15:22:58 - [TEST_STEP][PASSED] - println(op.getText()): null

2019-11-21 15:22:58 - [TEST_STEP][PASSED] - if (expectedColour.equalsIgnoreCase(op.getText())): null

2019-11-21 15:22:58 - [TEST_STEP][PASSED] - colourVerified = true: null

2019-11-21 15:22:58 - [TEST_STEP][PASSED] - break: null

2019-11-21 15:22:58 - [TEST_STEP][PASSED] - sa.assertTrue(colourVerified): null

2019-11-21 15:22:58 - [TEST_STEP][PASSED] - getPrice = getText(findTestObject("Page_cabi Order Items/GetAttribute_Price")): Text of object 'Object Repository/Page_cabi Order Items/GetAttribute_Price' is: 'Price : £69.00'

2019-11-21 15:22:58 - [MESSAGE][PASSED] - Text of object 'Object Repository/Page_cabi Order Items/GetAttribute_Price' is: 'Price : £69.00'

2019-11-21 15:22:58 - [TEST_STEP][PASSED] - Split_Data = UtilityMethods.SplitData(getPrice): null

2019-11-21 15:22:58 - [TEST_STEP][PASSED] - verifyMatch(Split_Data, findTestData("productData").getValue("Retail", row), true, CONTINUE_ON_FAILURE): Actual text '69' and expected text '69' are matched  using regular expression

2019-11-21 15:22:58 - [MESSAGE][PASSED] - Actual text '69' and expected text '69' are matched  using regular expression

2019-11-21 15:22:58 - [TEST_STEP][PASSED] - sizeRange1 = ["XXS", "XS", "S", "M", "L", "XL", "XXL"]: null

2019-11-21 15:22:58 - [TEST_STEP][PASSED] - sizeRange2 = ["00", "0", "2", "4", "6", "8", "10", "12", "14", "16"]: null

2019-11-21 15:22:58 - [TEST_STEP][PASSED] - sizeRange3 = ["Long", "Regular", "Short"]: null

2019-11-21 15:22:58 - [TEST_STEP][PASSED] - sizeRange4 = ["5", "6", "6.5", "7", "7.5", "8", "8.5", "9", "9.5", "10", "11"]: null

2019-11-21 15:22:58 - [TEST_STEP][PASSED] - sizeRange5 = ["XS/S", "M/L"]: null

2019-11-21 15:22:58 - [TEST_STEP][PASSED] - sizeRange6 = ["One Size"]: null

2019-11-21 15:22:58 - [TEST_STEP][PASSED] - sizeRangeSplit = UtilityMethods.SplitSizes(findTestData("productData").getValue("SzRange", row)): null

2019-11-21 15:22:58 - [TEST_STEP][PASSED] - sizeType = getText(findTestObject("Object Repository/Page_cabi Order Items/Size")): Text of object 'Object Repository/Page_cabi Order Items/Size' is: 'Select'

2019-11-21 15:22:58 - [MESSAGE][PASSED] - Text of object 'Object Repository/Page_cabi Order Items/Size' is: 'Select'

2019-11-21 15:22:58 - [TEST_STEP][PASSED] - sizeOptions = findWebElements(findTestObject("Object Repository/Page_cabi Order Items/Size"), 5): null

2019-11-21 15:22:58 - [TEST_STEP][PASSED] - actualRange = new java.util.ArrayList(): null

2019-11-21 15:22:58 - [TEST_STEP][PASSED] - expectedRange = <not implemented yet for class: org.codehaus.groovy.ast.expr.EmptyExpression>: null

2019-11-21 15:22:58 - [TEST_STEP][PASSED] - if (sizeType.equalsIgnoreCase("Select")): null

2019-11-21 15:22:58 - [TEST_STEP][PASSED] - for ([i = 1, i < sizeOptions.size(), (i++)]): null

2019-11-21 15:22:58 - [TEST_STEP][PASSED] - actualRange.add(getAttribute("value").toString()): null

2019-11-21 15:22:58 - [TEST_STEP][PASSED] - actualRange.add(getAttribute("value").toString()): null

2019-11-21 15:22:58 - [TEST_STEP][PASSED] - actualRange.add(getAttribute("value").toString()): null

2019-11-21 15:22:58 - [TEST_STEP][PASSED] - actualRange.add(getAttribute("value").toString()): null

2019-11-21 15:22:58 - [TEST_STEP][PASSED] - actualRange.add(getAttribute("value").toString()): null

2019-11-21 15:22:58 - [TEST_STEP][PASSED] - actualRange.add(getAttribute("value").toString()): null

2019-11-21 15:22:58 - [TEST_STEP][PASSED] - if (toString().equalsIgnoreCase("XS") || toString().equalsIgnoreCase("XXS")): null

2019-11-21 15:22:58 - [TEST_STEP][PASSED] - expectedRange = UtilityMethods.getExpectedRange(sizeRange1, sizeRangeSplit): null

2019-11-21 15:22:58 - [TEST_STEP][PASSED] - println("XS"): null

2019-11-21 15:22:58 - [TEST_STEP][PASSED] - println(expectedRange.toString()): null

2019-11-21 15:22:58 - [TEST_STEP][PASSED] - sa.assertTrue(UtilityMethods.listEquals(expectedRange, actualRange)): null

2019-11-21 15:22:58 - [TEST_STEP][PASSED] - delay(2): Delayed 2 second(s)

2019-11-21 15:23:00 - [MESSAGE][PASSED] - Delayed 2 second(s)

2019-11-21 15:23:00 - [TEST_STEP][PASSED] - verifyElementText(findTestObject("Page_cabi Order Items/product_title"), findTestData("productData").getValue("Description", row), CONTINUE_ON_FAILURE): Actual text and expected text of test object 'Object Repository/Page_cabi Order Items/product_title' are matched.

2019-11-21 15:23:00 - [MESSAGE][PASSED] - Actual text and expected text of test object 'Object Repository/Page_cabi Order Items/product_title' are matched.

2019-11-21 15:23:00 - [TEST_STEP][PASSED] - finalContent = findTestData("productData").getValue("FinalContent", row): null

2019-11-21 15:23:01 - [TEST_STEP][PASSED] - if (finalContent.equalsIgnoreCase("")): null

2019-11-21 15:23:01 - [TEST_STEP][PASSED] - else: Actual text and expected text of test object 'Object Repository/Page_cabi Order Items/product_fabric' are matched.

2019-11-21 15:23:01 - [TEST_STEP][PASSED] - verifyElementText(findTestObject("Page_cabi Order Items/product_fabric"), finalContent, CONTINUE_ON_FAILURE): Actual text and expected text of test object 'Object Repository/Page_cabi Order Items/product_fabric' are matched.

2019-11-21 15:23:01 - [MESSAGE][PASSED] - Actual text and expected text of test object 'Object Repository/Page_cabi Order Items/product_fabric' are matched.

2019-11-21 15:23:01 - [TEST_STEP][PASSED] - expectedCasreIntrn = findTestData("productData").getValue("CareInstr", row): null

2019-11-21 15:23:01 - [TEST_STEP][PASSED] - if (expectedCasreIntrn.equalsIgnoreCase("")): null

2019-11-21 15:23:01 - [TEST_STEP][PASSED] - else: null

2019-11-21 15:23:01 - [TEST_STEP][PASSED] - actualCasreIntrn = "<div>" + getText(findTestObject("Page_cabi Order Items/care_instruction")) + "</div>": Text of object 'Object Repository/Page_cabi Order Items/care_instruction' is: 'Turn garment inside out and place in a mesh bag. Machine wash separately in cold water on the delicate cycle. Only non-chlorine bleach if needed. Do not twist or wring. Lay flat to dry. Warm iron if needed. Can be dry cleaned.'

2019-11-21 15:23:01 - [MESSAGE][PASSED] - Text of object 'Object Repository/Page_cabi Order Items/care_instruction' is: 'Turn garment inside out and place in a mesh bag. Machine wash separately in cold water on the delicate cycle. Only non-chlorine bleach if needed. Do not twist or wring. Lay flat to dry. Warm iron if needed. Can be dry cleaned.'

2019-11-21 15:23:01 - [TEST_STEP][PASSED] - sa.assertTrue(actualCasreIntrn.equals(expectedCasreIntrn)): null

2019-11-21 15:23:01 - [TEST_STEP][PASSED] - delay(5): Delayed 5 second(s)

2019-11-21 15:23:06 - [MESSAGE][PASSED] - Delayed 5 second(s)

2019-11-21 15:23:06 - [TEST_STEP][PASSED] - sa = new org.testng.asserts.SoftAssert(): null

2019-11-21 15:23:06 - [TEST_STEP][PASSED] - styleid_data = findTestData("productData").getValue("Style", row): null

2019-11-21 15:23:06 - [TEST_STEP][PASSED] - println(styleid_data): null

2019-11-21 15:23:06 - [TEST_STEP][PASSED] - by = By.xpath("//input[@name='style']"): null

2019-11-21 15:23:06 - [TEST_STEP][PASSED] - styleWe = UtilityMethods.getElementByLocator(by, driver): null

2019-11-21 15:23:06 - [TEST_STEP][PASSED] - to = UtilityMethods.fromElement(styleWe): null

2019-11-21 15:23:06 - [TEST_STEP][PASSED] - println("******************+++++++++++++++++++**********************************************"): null

2019-11-21 15:23:06 - [TEST_STEP][PASSED] - setText(to, styleid_data): Text '5633' is set on object ''

2019-11-21 15:23:06 - [MESSAGE][PASSED] - Text '5633' is set on object ''

2019-11-21 15:23:06 - [TEST_STEP][PASSED] - sendKeys(to, Keys.chord(ENTER)): Keys 'ENTER + ' sent to object: ''

2019-11-21 15:23:06 - [MESSAGE][PASSED] - Keys 'ENTER + ' sent to object: ''

2019-11-21 15:23:06 - [TEST_STEP][PASSED] - delay(2): Delayed 2 second(s)

2019-11-21 15:23:08 - [MESSAGE][PASSED] - Delayed 2 second(s)

2019-11-21 15:23:08 - [TEST_STEP][PASSED] - if (toString().equalsIgnoreCase("no")): null

2019-11-21 15:23:08 - [TEST_STEP][PASSED] - else: null

2019-11-21 15:23:08 - [TEST_STEP][PASSED] - click(findTestObject("Page_cabi Order Items/li_order_item")): Object: 'Object Repository/Page_cabi Order Items/li_order_item' is clicked on

2019-11-21 15:23:12 - [MESSAGE][PASSED] - Object: 'Object Repository/Page_cabi Order Items/li_order_item' is clicked on

2019-11-21 15:23:12 - [TEST_STEP][PASSED] - delay(5): Delayed 5 second(s)

2019-11-21 15:23:17 - [MESSAGE][PASSED] - Delayed 5 second(s)

2019-11-21 15:23:17 - [TEST_STEP][PASSED] - imagePath = UtilityMethods.createScreenshotImagePath(storeType, styleid_data): null

2019-11-21 15:23:17 - [TEST_STEP][PASSED] - println(imagePath): null

2019-11-21 15:23:17 - [TEST_STEP][PASSED] - takeScreenshot(imagePath): Taking screenshot successfully

2019-11-21 15:23:18 - [MESSAGE][PASSED] - Taking screenshot successfully
[[ATTACHMENT|C:\\Users\\user\\Documents\\testautomation\\KatalonProjects\\productImages\\BOPersonal_5633 image.png]]

2019-11-21 15:23:18 - [TEST_STEP][PASSED] - verifyElementText(findTestObject("Page_cabi Order Items/GetAttribute_getID"), styleid_data, CONTINUE_ON_FAILURE): Actual text and expected text of test object 'Object Repository/Page_cabi Order Items/GetAttribute_getID' are matched.

2019-11-21 15:23:18 - [MESSAGE][PASSED] - Actual text and expected text of test object 'Object Repository/Page_cabi Order Items/GetAttribute_getID' are matched.

2019-11-21 15:23:18 - [TEST_STEP][PASSED] - colorOptions = findWebElements(findTestObject("Page_cabi Order Items/GetAttribute_Color"), 5): null

2019-11-21 15:23:18 - [TEST_STEP][PASSED] - println(colorOptions.size()): null

2019-11-21 15:23:18 - [TEST_STEP][PASSED] - expectedColour = findTestData("productData").getValue("Color", row): null

2019-11-21 15:23:18 - [TEST_STEP][PASSED] - println("expected colour is"): null

2019-11-21 15:23:18 - [TEST_STEP][PASSED] - println(expectedColour): null

2019-11-21 15:23:18 - [TEST_STEP][PASSED] - colourVerified = false: null

2019-11-21 15:23:18 - [TEST_STEP][PASSED] - for (org.openqa.selenium.WebElement op : colorOptions): null

2019-11-21 15:23:18 - [TEST_STEP][PASSED] - println(op.getText()): null

2019-11-21 15:23:18 - [TEST_STEP][PASSED] - if (expectedColour.equalsIgnoreCase(op.getText())): null

2019-11-21 15:23:18 - [TEST_STEP][PASSED] - colourVerified = true: null

2019-11-21 15:23:18 - [TEST_STEP][PASSED] - break: null

2019-11-21 15:23:18 - [TEST_STEP][PASSED] - sa.assertTrue(colourVerified): null

2019-11-21 15:23:18 - [TEST_STEP][PASSED] - getPrice = getText(findTestObject("Page_cabi Order Items/GetAttribute_Price")): Text of object 'Object Repository/Page_cabi Order Items/GetAttribute_Price' is: 'Price : £94.00'

2019-11-21 15:23:18 - [MESSAGE][PASSED] - Text of object 'Object Repository/Page_cabi Order Items/GetAttribute_Price' is: 'Price : £94.00'

2019-11-21 15:23:18 - [TEST_STEP][PASSED] - Split_Data = UtilityMethods.SplitData(getPrice): null

2019-11-21 15:23:18 - [TEST_STEP][PASSED] - verifyMatch(Split_Data, findTestData("productData").getValue("Retail", row), true, CONTINUE_ON_FAILURE): Actual text '94' and expected text '94' are matched  using regular expression

2019-11-21 15:23:18 - [MESSAGE][PASSED] - Actual text '94' and expected text '94' are matched  using regular expression

2019-11-21 15:23:18 - [TEST_STEP][PASSED] - sizeRange1 = ["XXS", "XS", "S", "M", "L", "XL", "XXL"]: null

2019-11-21 15:23:18 - [TEST_STEP][PASSED] - sizeRange2 = ["00", "0", "2", "4", "6", "8", "10", "12", "14", "16"]: null

2019-11-21 15:23:18 - [TEST_STEP][PASSED] - sizeRange3 = ["Long", "Regular", "Short"]: null

2019-11-21 15:23:18 - [TEST_STEP][PASSED] - sizeRange4 = ["5", "6", "6.5", "7", "7.5", "8", "8.5", "9", "9.5", "10", "11"]: null

2019-11-21 15:23:18 - [TEST_STEP][PASSED] - sizeRange5 = ["XS/S", "M/L"]: null

2019-11-21 15:23:18 - [TEST_STEP][PASSED] - sizeRange6 = ["One Size"]: null

2019-11-21 15:23:18 - [TEST_STEP][PASSED] - sizeRangeSplit = UtilityMethods.SplitSizes(findTestData("productData").getValue("SzRange", row)): null

2019-11-21 15:23:18 - [TEST_STEP][PASSED] - sizeType = getText(findTestObject("Object Repository/Page_cabi Order Items/Size")): Text of object 'Object Repository/Page_cabi Order Items/Size' is: 'Select'

2019-11-21 15:23:18 - [MESSAGE][PASSED] - Text of object 'Object Repository/Page_cabi Order Items/Size' is: 'Select'

2019-11-21 15:23:18 - [TEST_STEP][PASSED] - sizeOptions = findWebElements(findTestObject("Object Repository/Page_cabi Order Items/Size"), 5): null

2019-11-21 15:23:18 - [TEST_STEP][PASSED] - actualRange = new java.util.ArrayList(): null

2019-11-21 15:23:18 - [TEST_STEP][PASSED] - expectedRange = <not implemented yet for class: org.codehaus.groovy.ast.expr.EmptyExpression>: null

2019-11-21 15:23:18 - [TEST_STEP][PASSED] - if (sizeType.equalsIgnoreCase("Select")): null

2019-11-21 15:23:18 - [TEST_STEP][PASSED] - for ([i = 1, i < sizeOptions.size(), (i++)]): null

2019-11-21 15:23:18 - [TEST_STEP][PASSED] - actualRange.add(getAttribute("value").toString()): null

2019-11-21 15:23:19 - [TEST_STEP][PASSED] - actualRange.add(getAttribute("value").toString()): null

2019-11-21 15:23:19 - [TEST_STEP][PASSED] - actualRange.add(getAttribute("value").toString()): null

2019-11-21 15:23:19 - [TEST_STEP][PASSED] - actualRange.add(getAttribute("value").toString()): null

2019-11-21 15:23:19 - [TEST_STEP][PASSED] - actualRange.add(getAttribute("value").toString()): null

2019-11-21 15:23:19 - [TEST_STEP][PASSED] - if (toString().equalsIgnoreCase("XS") || toString().equalsIgnoreCase("XXS")): null

2019-11-21 15:23:19 - [TEST_STEP][PASSED] - expectedRange = UtilityMethods.getExpectedRange(sizeRange1, sizeRangeSplit): null

2019-11-21 15:23:19 - [TEST_STEP][PASSED] - println("XS"): null

2019-11-21 15:23:19 - [TEST_STEP][PASSED] - println(expectedRange.toString()): null

2019-11-21 15:23:19 - [TEST_STEP][PASSED] - sa.assertTrue(UtilityMethods.listEquals(expectedRange, actualRange)): null

2019-11-21 15:23:19 - [TEST_STEP][PASSED] - delay(2): Delayed 2 second(s)

2019-11-21 15:23:21 - [MESSAGE][PASSED] - Delayed 2 second(s)

2019-11-21 15:23:21 - [TEST_STEP][PASSED] - verifyElementText(findTestObject("Page_cabi Order Items/product_title"), findTestData("productData").getValue("Description", row), CONTINUE_ON_FAILURE): Actual text and expected text of test object 'Object Repository/Page_cabi Order Items/product_title' are matched.

2019-11-21 15:23:21 - [MESSAGE][PASSED] - Actual text and expected text of test object 'Object Repository/Page_cabi Order Items/product_title' are matched.

2019-11-21 15:23:21 - [TEST_STEP][PASSED] - finalContent = findTestData("productData").getValue("FinalContent", row): null

2019-11-21 15:23:21 - [TEST_STEP][PASSED] - if (finalContent.equalsIgnoreCase("")): null

2019-11-21 15:23:21 - [TEST_STEP][PASSED] - else: Actual text and expected text of test object 'Object Repository/Page_cabi Order Items/product_fabric' are matched.

2019-11-21 15:23:21 - [TEST_STEP][PASSED] - verifyElementText(findTestObject("Page_cabi Order Items/product_fabric"), finalContent, CONTINUE_ON_FAILURE): Actual text and expected text of test object 'Object Repository/Page_cabi Order Items/product_fabric' are matched.

2019-11-21 15:23:21 - [MESSAGE][PASSED] - Actual text and expected text of test object 'Object Repository/Page_cabi Order Items/product_fabric' are matched.

2019-11-21 15:23:21 - [TEST_STEP][PASSED] - expectedCasreIntrn = findTestData("productData").getValue("CareInstr", row): null

2019-11-21 15:23:21 - [TEST_STEP][PASSED] - if (expectedCasreIntrn.equalsIgnoreCase("")): null

2019-11-21 15:23:21 - [TEST_STEP][PASSED] - else: null

2019-11-21 15:23:21 - [TEST_STEP][PASSED] - actualCasreIntrn = "<div>" + getText(findTestObject("Page_cabi Order Items/care_instruction")) + "</div>": Text of object 'Object Repository/Page_cabi Order Items/care_instruction' is: 'Turn garment inside out and place in a mesh bag. Machine wash separately in cold water on the delicate cycle. Only non-chlorine bleach if needed. Do not twist or wring. Lay flat to dry. Warm iron if needed. Can be dry cleaned.'

2019-11-21 15:23:21 - [MESSAGE][PASSED] - Text of object 'Object Repository/Page_cabi Order Items/care_instruction' is: 'Turn garment inside out and place in a mesh bag. Machine wash separately in cold water on the delicate cycle. Only non-chlorine bleach if needed. Do not twist or wring. Lay flat to dry. Warm iron if needed. Can be dry cleaned.'

2019-11-21 15:23:21 - [TEST_STEP][PASSED] - sa.assertTrue(actualCasreIntrn.equals(expectedCasreIntrn)): null

2019-11-21 15:23:21 - [TEST_STEP][PASSED] - delay(5): Delayed 5 second(s)

2019-11-21 15:23:26 - [MESSAGE][PASSED] - Delayed 5 second(s)

2019-11-21 15:23:26 - [TEST_STEP][PASSED] - sa = new org.testng.asserts.SoftAssert(): null

2019-11-21 15:23:26 - [TEST_STEP][PASSED] - styleid_data = findTestData("productData").getValue("Style", row): null

2019-11-21 15:23:26 - [TEST_STEP][PASSED] - println(styleid_data): null

2019-11-21 15:23:26 - [TEST_STEP][PASSED] - by = By.xpath("//input[@name='style']"): null

2019-11-21 15:23:26 - [TEST_STEP][PASSED] - styleWe = UtilityMethods.getElementByLocator(by, driver): null

2019-11-21 15:23:26 - [TEST_STEP][PASSED] - to = UtilityMethods.fromElement(styleWe): null

2019-11-21 15:23:26 - [TEST_STEP][PASSED] - println("******************+++++++++++++++++++**********************************************"): null

2019-11-21 15:23:26 - [TEST_STEP][PASSED] - setText(to, styleid_data): Text '5634' is set on object ''

2019-11-21 15:23:27 - [MESSAGE][PASSED] - Text '5634' is set on object ''

2019-11-21 15:23:27 - [TEST_STEP][PASSED] - sendKeys(to, Keys.chord(ENTER)): Keys 'ENTER + ' sent to object: ''

2019-11-21 15:23:27 - [MESSAGE][PASSED] - Keys 'ENTER + ' sent to object: ''

2019-11-21 15:23:27 - [TEST_STEP][PASSED] - delay(2): Delayed 2 second(s)

2019-11-21 15:23:29 - [MESSAGE][PASSED] - Delayed 2 second(s)

2019-11-21 15:23:29 - [TEST_STEP][PASSED] - if (toString().equalsIgnoreCase("no")): null

2019-11-21 15:23:29 - [TEST_STEP][PASSED] - else: null

2019-11-21 15:23:29 - [TEST_STEP][PASSED] - click(findTestObject("Page_cabi Order Items/li_order_item")): Object: 'Object Repository/Page_cabi Order Items/li_order_item' is clicked on

2019-11-21 15:23:35 - [MESSAGE][PASSED] - Object: 'Object Repository/Page_cabi Order Items/li_order_item' is clicked on

2019-11-21 15:23:35 - [TEST_STEP][PASSED] - delay(5): Delayed 5 second(s)

2019-11-21 15:23:40 - [MESSAGE][PASSED] - Delayed 5 second(s)

2019-11-21 15:23:40 - [TEST_STEP][PASSED] - imagePath = UtilityMethods.createScreenshotImagePath(storeType, styleid_data): null

2019-11-21 15:23:40 - [TEST_STEP][PASSED] - println(imagePath): null

2019-11-21 15:23:40 - [TEST_STEP][PASSED] - takeScreenshot(imagePath): Taking screenshot successfully

2019-11-21 15:23:41 - [MESSAGE][PASSED] - Taking screenshot successfully
[[ATTACHMENT|C:\\Users\\user\\Documents\\testautomation\\KatalonProjects\\productImages\\BOPersonal_5634 image.png]]

2019-11-21 15:23:41 - [TEST_STEP][PASSED] - verifyElementText(findTestObject("Page_cabi Order Items/GetAttribute_getID"), styleid_data, CONTINUE_ON_FAILURE): Actual text and expected text of test object 'Object Repository/Page_cabi Order Items/GetAttribute_getID' are matched.

2019-11-21 15:23:41 - [MESSAGE][PASSED] - Actual text and expected text of test object 'Object Repository/Page_cabi Order Items/GetAttribute_getID' are matched.

2019-11-21 15:23:41 - [TEST_STEP][PASSED] - colorOptions = findWebElements(findTestObject("Page_cabi Order Items/GetAttribute_Color"), 5): null

2019-11-21 15:23:41 - [TEST_STEP][PASSED] - println(colorOptions.size()): null

2019-11-21 15:23:41 - [TEST_STEP][PASSED] - expectedColour = findTestData("productData").getValue("Color", row): null

2019-11-21 15:23:41 - [TEST_STEP][PASSED] - println("expected colour is"): null

2019-11-21 15:23:41 - [TEST_STEP][PASSED] - println(expectedColour): null

2019-11-21 15:23:41 - [TEST_STEP][PASSED] - colourVerified = false: null

2019-11-21 15:23:41 - [TEST_STEP][PASSED] - for (org.openqa.selenium.WebElement op : colorOptions): null

2019-11-21 15:23:41 - [TEST_STEP][PASSED] - println(op.getText()): null

2019-11-21 15:23:41 - [TEST_STEP][PASSED] - if (expectedColour.equalsIgnoreCase(op.getText())): null

2019-11-21 15:23:41 - [TEST_STEP][PASSED] - colourVerified = true: null

2019-11-21 15:23:41 - [TEST_STEP][PASSED] - break: null

2019-11-21 15:23:41 - [TEST_STEP][PASSED] - sa.assertTrue(colourVerified): null

2019-11-21 15:23:41 - [TEST_STEP][PASSED] - getPrice = getText(findTestObject("Page_cabi Order Items/GetAttribute_Price")): Text of object 'Object Repository/Page_cabi Order Items/GetAttribute_Price' is: 'Price : £94.00'

2019-11-21 15:23:42 - [MESSAGE][PASSED] - Text of object 'Object Repository/Page_cabi Order Items/GetAttribute_Price' is: 'Price : £94.00'

2019-11-21 15:23:42 - [TEST_STEP][PASSED] - Split_Data = UtilityMethods.SplitData(getPrice): null

2019-11-21 15:23:42 - [TEST_STEP][PASSED] - verifyMatch(Split_Data, findTestData("productData").getValue("Retail", row), true, CONTINUE_ON_FAILURE): Actual text '94' and expected text '94' are matched  using regular expression

2019-11-21 15:23:42 - [MESSAGE][PASSED] - Actual text '94' and expected text '94' are matched  using regular expression

2019-11-21 15:23:42 - [TEST_STEP][PASSED] - sizeRange1 = ["XXS", "XS", "S", "M", "L", "XL", "XXL"]: null

2019-11-21 15:23:42 - [TEST_STEP][PASSED] - sizeRange2 = ["00", "0", "2", "4", "6", "8", "10", "12", "14", "16"]: null

2019-11-21 15:23:42 - [TEST_STEP][PASSED] - sizeRange3 = ["Long", "Regular", "Short"]: null

2019-11-21 15:23:42 - [TEST_STEP][PASSED] - sizeRange4 = ["5", "6", "6.5", "7", "7.5", "8", "8.5", "9", "9.5", "10", "11"]: null

2019-11-21 15:23:42 - [TEST_STEP][PASSED] - sizeRange5 = ["XS/S", "M/L"]: null

2019-11-21 15:23:42 - [TEST_STEP][PASSED] - sizeRange6 = ["One Size"]: null

2019-11-21 15:23:42 - [TEST_STEP][PASSED] - sizeRangeSplit = UtilityMethods.SplitSizes(findTestData("productData").getValue("SzRange", row)): null

2019-11-21 15:23:42 - [TEST_STEP][PASSED] - sizeType = getText(findTestObject("Object Repository/Page_cabi Order Items/Size")): Text of object 'Object Repository/Page_cabi Order Items/Size' is: 'Select'

2019-11-21 15:23:42 - [MESSAGE][PASSED] - Text of object 'Object Repository/Page_cabi Order Items/Size' is: 'Select'

2019-11-21 15:23:42 - [TEST_STEP][PASSED] - sizeOptions = findWebElements(findTestObject("Object Repository/Page_cabi Order Items/Size"), 5): null

2019-11-21 15:23:42 - [TEST_STEP][PASSED] - actualRange = new java.util.ArrayList(): null

2019-11-21 15:23:42 - [TEST_STEP][PASSED] - expectedRange = <not implemented yet for class: org.codehaus.groovy.ast.expr.EmptyExpression>: null

2019-11-21 15:23:42 - [TEST_STEP][PASSED] - if (sizeType.equalsIgnoreCase("Select")): null

2019-11-21 15:23:42 - [TEST_STEP][PASSED] - for ([i = 1, i < sizeOptions.size(), (i++)]): null

2019-11-21 15:23:42 - [TEST_STEP][PASSED] - actualRange.add(getAttribute("value").toString()): null

2019-11-21 15:23:42 - [TEST_STEP][PASSED] - actualRange.add(getAttribute("value").toString()): null

2019-11-21 15:23:42 - [TEST_STEP][PASSED] - actualRange.add(getAttribute("value").toString()): null

2019-11-21 15:23:42 - [TEST_STEP][PASSED] - actualRange.add(getAttribute("value").toString()): null

2019-11-21 15:23:42 - [TEST_STEP][PASSED] - actualRange.add(getAttribute("value").toString()): null

2019-11-21 15:23:42 - [TEST_STEP][PASSED] - if (toString().equalsIgnoreCase("XS") || toString().equalsIgnoreCase("XXS")): null

2019-11-21 15:23:42 - [TEST_STEP][PASSED] - expectedRange = UtilityMethods.getExpectedRange(sizeRange1, sizeRangeSplit): null

2019-11-21 15:23:42 - [TEST_STEP][PASSED] - println("XS"): null

2019-11-21 15:23:42 - [TEST_STEP][PASSED] - println(expectedRange.toString()): null

2019-11-21 15:23:42 - [TEST_STEP][PASSED] - sa.assertTrue(UtilityMethods.listEquals(expectedRange, actualRange)): null

2019-11-21 15:23:42 - [TEST_STEP][PASSED] - delay(2): Delayed 2 second(s)

2019-11-21 15:23:44 - [MESSAGE][PASSED] - Delayed 2 second(s)

2019-11-21 15:23:44 - [TEST_STEP][PASSED] - verifyElementText(findTestObject("Page_cabi Order Items/product_title"), findTestData("productData").getValue("Description", row), CONTINUE_ON_FAILURE): Actual text and expected text of test object 'Object Repository/Page_cabi Order Items/product_title' are matched.

2019-11-21 15:23:44 - [MESSAGE][PASSED] - Actual text and expected text of test object 'Object Repository/Page_cabi Order Items/product_title' are matched.

2019-11-21 15:23:44 - [TEST_STEP][PASSED] - finalContent = findTestData("productData").getValue("FinalContent", row): null

2019-11-21 15:23:44 - [TEST_STEP][PASSED] - if (finalContent.equalsIgnoreCase("")): null

2019-11-21 15:23:44 - [TEST_STEP][PASSED] - else: Actual text and expected text of test object 'Object Repository/Page_cabi Order Items/product_fabric' are matched.

2019-11-21 15:23:44 - [TEST_STEP][PASSED] - verifyElementText(findTestObject("Page_cabi Order Items/product_fabric"), finalContent, CONTINUE_ON_FAILURE): Actual text and expected text of test object 'Object Repository/Page_cabi Order Items/product_fabric' are matched.

2019-11-21 15:23:44 - [MESSAGE][PASSED] - Actual text and expected text of test object 'Object Repository/Page_cabi Order Items/product_fabric' are matched.

2019-11-21 15:23:44 - [TEST_STEP][PASSED] - expectedCasreIntrn = findTestData("productData").getValue("CareInstr", row): null

2019-11-21 15:23:44 - [TEST_STEP][PASSED] - if (expectedCasreIntrn.equalsIgnoreCase("")): null

2019-11-21 15:23:44 - [TEST_STEP][PASSED] - else: null

2019-11-21 15:23:44 - [TEST_STEP][PASSED] - actualCasreIntrn = "<div>" + getText(findTestObject("Page_cabi Order Items/care_instruction")) + "</div>": Text of object 'Object Repository/Page_cabi Order Items/care_instruction' is: 'Turn garment inside out and place in a mesh bag. Machine wash separately in cold water on the delicate cycle. Only non-chlorine bleach if needed. Do not twist or wring. Lay flat to dry. Warm iron if needed. Can be dry cleaned.'

2019-11-21 15:23:44 - [MESSAGE][PASSED] - Text of object 'Object Repository/Page_cabi Order Items/care_instruction' is: 'Turn garment inside out and place in a mesh bag. Machine wash separately in cold water on the delicate cycle. Only non-chlorine bleach if needed. Do not twist or wring. Lay flat to dry. Warm iron if needed. Can be dry cleaned.'

2019-11-21 15:23:44 - [TEST_STEP][PASSED] - sa.assertTrue(actualCasreIntrn.equals(expectedCasreIntrn)): null

2019-11-21 15:23:44 - [TEST_STEP][PASSED] - delay(5): Delayed 5 second(s)

2019-11-21 15:23:49 - [MESSAGE][PASSED] - Delayed 5 second(s)

2019-11-21 15:23:49 - [TEST_STEP][PASSED] - sa = new org.testng.asserts.SoftAssert(): null

2019-11-21 15:23:49 - [TEST_STEP][PASSED] - styleid_data = findTestData("productData").getValue("Style", row): null

2019-11-21 15:23:50 - [TEST_STEP][PASSED] - println(styleid_data): null

2019-11-21 15:23:50 - [TEST_STEP][PASSED] - by = By.xpath("//input[@name='style']"): null

2019-11-21 15:23:50 - [TEST_STEP][PASSED] - styleWe = UtilityMethods.getElementByLocator(by, driver): null

2019-11-21 15:23:50 - [TEST_STEP][PASSED] - to = UtilityMethods.fromElement(styleWe): null

2019-11-21 15:23:50 - [TEST_STEP][PASSED] - println("******************+++++++++++++++++++**********************************************"): null

2019-11-21 15:23:50 - [TEST_STEP][PASSED] - setText(to, styleid_data): Text '5635' is set on object ''

2019-11-21 15:23:50 - [MESSAGE][PASSED] - Text '5635' is set on object ''

2019-11-21 15:23:50 - [TEST_STEP][PASSED] - sendKeys(to, Keys.chord(ENTER)): Keys 'ENTER + ' sent to object: ''

2019-11-21 15:23:50 - [MESSAGE][PASSED] - Keys 'ENTER + ' sent to object: ''

2019-11-21 15:23:50 - [TEST_STEP][PASSED] - delay(2): Delayed 2 second(s)

2019-11-21 15:23:52 - [MESSAGE][PASSED] - Delayed 2 second(s)

2019-11-21 15:23:52 - [TEST_STEP][PASSED] - if (toString().equalsIgnoreCase("no")): null

2019-11-21 15:23:52 - [TEST_STEP][PASSED] - else: null

2019-11-21 15:23:52 - [TEST_STEP][PASSED] - click(findTestObject("Page_cabi Order Items/li_order_item")): Object: 'Object Repository/Page_cabi Order Items/li_order_item' is clicked on

2019-11-21 15:23:58 - [MESSAGE][PASSED] - Object: 'Object Repository/Page_cabi Order Items/li_order_item' is clicked on

2019-11-21 15:23:58 - [TEST_STEP][PASSED] - delay(5): Delayed 5 second(s)

2019-11-21 15:24:03 - [MESSAGE][PASSED] - Delayed 5 second(s)

2019-11-21 15:24:03 - [TEST_STEP][PASSED] - imagePath = UtilityMethods.createScreenshotImagePath(storeType, styleid_data): null

2019-11-21 15:24:03 - [TEST_STEP][PASSED] - println(imagePath): null

2019-11-21 15:24:03 - [TEST_STEP][PASSED] - takeScreenshot(imagePath): Taking screenshot successfully

2019-11-21 15:24:04 - [MESSAGE][PASSED] - Taking screenshot successfully
[[ATTACHMENT|C:\\Users\\user\\Documents\\testautomation\\KatalonProjects\\productImages\\BOPersonal_5635 image.png]]

2019-11-21 15:24:04 - [TEST_STEP][PASSED] - verifyElementText(findTestObject("Page_cabi Order Items/GetAttribute_getID"), styleid_data, CONTINUE_ON_FAILURE): Actual text and expected text of test object 'Object Repository/Page_cabi Order Items/GetAttribute_getID' are matched.

2019-11-21 15:24:04 - [MESSAGE][PASSED] - Actual text and expected text of test object 'Object Repository/Page_cabi Order Items/GetAttribute_getID' are matched.

2019-11-21 15:24:04 - [TEST_STEP][PASSED] - colorOptions = findWebElements(findTestObject("Page_cabi Order Items/GetAttribute_Color"), 5): null

2019-11-21 15:24:04 - [TEST_STEP][PASSED] - println(colorOptions.size()): null

2019-11-21 15:24:04 - [TEST_STEP][PASSED] - expectedColour = findTestData("productData").getValue("Color", row): null

2019-11-21 15:24:04 - [TEST_STEP][PASSED] - println("expected colour is"): null

2019-11-21 15:24:04 - [TEST_STEP][PASSED] - println(expectedColour): null

2019-11-21 15:24:04 - [TEST_STEP][PASSED] - colourVerified = false: null

2019-11-21 15:24:04 - [TEST_STEP][PASSED] - for (org.openqa.selenium.WebElement op : colorOptions): null

2019-11-21 15:24:04 - [TEST_STEP][PASSED] - println(op.getText()): null

2019-11-21 15:24:04 - [TEST_STEP][PASSED] - if (expectedColour.equalsIgnoreCase(op.getText())): null

2019-11-21 15:24:04 - [TEST_STEP][PASSED] - colourVerified = true: null

2019-11-21 15:24:04 - [TEST_STEP][PASSED] - break: null

2019-11-21 15:24:04 - [TEST_STEP][PASSED] - sa.assertTrue(colourVerified): null

2019-11-21 15:24:04 - [TEST_STEP][PASSED] - getPrice = getText(findTestObject("Page_cabi Order Items/GetAttribute_Price")): Text of object 'Object Repository/Page_cabi Order Items/GetAttribute_Price' is: 'Price : £94.00'

2019-11-21 15:24:05 - [MESSAGE][PASSED] - Text of object 'Object Repository/Page_cabi Order Items/GetAttribute_Price' is: 'Price : £94.00'

2019-11-21 15:24:05 - [TEST_STEP][PASSED] - Split_Data = UtilityMethods.SplitData(getPrice): null

2019-11-21 15:24:05 - [TEST_STEP][PASSED] - verifyMatch(Split_Data, findTestData("productData").getValue("Retail", row), true, CONTINUE_ON_FAILURE): Actual text '94' and expected text '94' are matched  using regular expression

2019-11-21 15:24:05 - [MESSAGE][PASSED] - Actual text '94' and expected text '94' are matched  using regular expression

2019-11-21 15:24:05 - [TEST_STEP][PASSED] - sizeRange1 = ["XXS", "XS", "S", "M", "L", "XL", "XXL"]: null

2019-11-21 15:24:05 - [TEST_STEP][PASSED] - sizeRange2 = ["00", "0", "2", "4", "6", "8", "10", "12", "14", "16"]: null

2019-11-21 15:24:05 - [TEST_STEP][PASSED] - sizeRange3 = ["Long", "Regular", "Short"]: null

2019-11-21 15:24:05 - [TEST_STEP][PASSED] - sizeRange4 = ["5", "6", "6.5", "7", "7.5", "8", "8.5", "9", "9.5", "10", "11"]: null

2019-11-21 15:24:05 - [TEST_STEP][PASSED] - sizeRange5 = ["XS/S", "M/L"]: null

2019-11-21 15:24:05 - [TEST_STEP][PASSED] - sizeRange6 = ["One Size"]: null

2019-11-21 15:24:05 - [TEST_STEP][PASSED] - sizeRangeSplit = UtilityMethods.SplitSizes(findTestData("productData").getValue("SzRange", row)): null

2019-11-21 15:24:05 - [TEST_STEP][PASSED] - sizeType = getText(findTestObject("Object Repository/Page_cabi Order Items/Size")): Text of object 'Object Repository/Page_cabi Order Items/Size' is: 'Select'

2019-11-21 15:24:05 - [MESSAGE][PASSED] - Text of object 'Object Repository/Page_cabi Order Items/Size' is: 'Select'

2019-11-21 15:24:05 - [TEST_STEP][PASSED] - sizeOptions = findWebElements(findTestObject("Object Repository/Page_cabi Order Items/Size"), 5): null

2019-11-21 15:24:05 - [TEST_STEP][PASSED] - actualRange = new java.util.ArrayList(): null

2019-11-21 15:24:05 - [TEST_STEP][PASSED] - expectedRange = <not implemented yet for class: org.codehaus.groovy.ast.expr.EmptyExpression>: null

2019-11-21 15:24:05 - [TEST_STEP][PASSED] - if (sizeType.equalsIgnoreCase("Select")): null

2019-11-21 15:24:05 - [TEST_STEP][PASSED] - for ([i = 1, i < sizeOptions.size(), (i++)]): null

2019-11-21 15:24:05 - [TEST_STEP][PASSED] - actualRange.add(getAttribute("value").toString()): null

2019-11-21 15:24:05 - [TEST_STEP][PASSED] - actualRange.add(getAttribute("value").toString()): null

2019-11-21 15:24:05 - [TEST_STEP][PASSED] - actualRange.add(getAttribute("value").toString()): null

2019-11-21 15:24:05 - [TEST_STEP][PASSED] - actualRange.add(getAttribute("value").toString()): null

2019-11-21 15:24:05 - [TEST_STEP][PASSED] - actualRange.add(getAttribute("value").toString()): null

2019-11-21 15:24:05 - [TEST_STEP][PASSED] - if (toString().equalsIgnoreCase("XS") || toString().equalsIgnoreCase("XXS")): null

2019-11-21 15:24:05 - [TEST_STEP][PASSED] - expectedRange = UtilityMethods.getExpectedRange(sizeRange1, sizeRangeSplit): null

2019-11-21 15:24:05 - [TEST_STEP][PASSED] - println("XS"): null

2019-11-21 15:24:05 - [TEST_STEP][PASSED] - println(expectedRange.toString()): null

2019-11-21 15:24:05 - [TEST_STEP][PASSED] - sa.assertTrue(UtilityMethods.listEquals(expectedRange, actualRange)): null

2019-11-21 15:24:05 - [TEST_STEP][PASSED] - delay(2): Delayed 2 second(s)

2019-11-21 15:24:07 - [MESSAGE][PASSED] - Delayed 2 second(s)

2019-11-21 15:24:07 - [TEST_STEP][PASSED] - verifyElementText(findTestObject("Page_cabi Order Items/product_title"), findTestData("productData").getValue("Description", row), CONTINUE_ON_FAILURE): Actual text and expected text of test object 'Object Repository/Page_cabi Order Items/product_title' are matched.

2019-11-21 15:24:07 - [MESSAGE][PASSED] - Actual text and expected text of test object 'Object Repository/Page_cabi Order Items/product_title' are matched.

2019-11-21 15:24:07 - [TEST_STEP][PASSED] - finalContent = findTestData("productData").getValue("FinalContent", row): null

2019-11-21 15:24:07 - [TEST_STEP][PASSED] - if (finalContent.equalsIgnoreCase("")): null

2019-11-21 15:24:07 - [TEST_STEP][PASSED] - else: Actual text and expected text of test object 'Object Repository/Page_cabi Order Items/product_fabric' are matched.

2019-11-21 15:24:07 - [TEST_STEP][PASSED] - verifyElementText(findTestObject("Page_cabi Order Items/product_fabric"), finalContent, CONTINUE_ON_FAILURE): Actual text and expected text of test object 'Object Repository/Page_cabi Order Items/product_fabric' are matched.

2019-11-21 15:24:07 - [MESSAGE][PASSED] - Actual text and expected text of test object 'Object Repository/Page_cabi Order Items/product_fabric' are matched.

2019-11-21 15:24:07 - [TEST_STEP][PASSED] - expectedCasreIntrn = findTestData("productData").getValue("CareInstr", row): null

2019-11-21 15:24:07 - [TEST_STEP][PASSED] - if (expectedCasreIntrn.equalsIgnoreCase("")): null

2019-11-21 15:24:07 - [TEST_STEP][PASSED] - else: null

2019-11-21 15:24:07 - [TEST_STEP][PASSED] - actualCasreIntrn = "<div>" + getText(findTestObject("Page_cabi Order Items/care_instruction")) + "</div>": Text of object 'Object Repository/Page_cabi Order Items/care_instruction' is: 'Turn garment inside out and place in a mesh bag. Machine wash separately in cold water on the delicate cycle. Only non-chlorine bleach if needed. Do not twist or wring. Lay flat to dry. Warm iron if needed. Can be dry cleaned.'

2019-11-21 15:24:07 - [MESSAGE][PASSED] - Text of object 'Object Repository/Page_cabi Order Items/care_instruction' is: 'Turn garment inside out and place in a mesh bag. Machine wash separately in cold water on the delicate cycle. Only non-chlorine bleach if needed. Do not twist or wring. Lay flat to dry. Warm iron if needed. Can be dry cleaned.'

2019-11-21 15:24:07 - [TEST_STEP][PASSED] - sa.assertTrue(actualCasreIntrn.equals(expectedCasreIntrn)): null

2019-11-21 15:24:07 - [TEST_STEP][PASSED] - delay(5): Delayed 5 second(s)

2019-11-21 15:24:12 - [MESSAGE][PASSED] - Delayed 5 second(s)

2019-11-21 15:24:12 - [TEST_STEP][PASSED] - sa = new org.testng.asserts.SoftAssert(): null

2019-11-21 15:24:12 - [TEST_STEP][PASSED] - styleid_data = findTestData("productData").getValue("Style", row): null

2019-11-21 15:24:13 - [TEST_STEP][PASSED] - println(styleid_data): null

2019-11-21 15:24:13 - [TEST_STEP][PASSED] - by = By.xpath("//input[@name='style']"): null

2019-11-21 15:24:13 - [TEST_STEP][PASSED] - styleWe = UtilityMethods.getElementByLocator(by, driver): null

2019-11-21 15:24:13 - [TEST_STEP][PASSED] - to = UtilityMethods.fromElement(styleWe): null

2019-11-21 15:24:13 - [TEST_STEP][PASSED] - println("******************+++++++++++++++++++**********************************************"): null

2019-11-21 15:24:13 - [TEST_STEP][PASSED] - setText(to, styleid_data): Text '5636' is set on object ''

2019-11-21 15:24:13 - [MESSAGE][PASSED] - Text '5636' is set on object ''

2019-11-21 15:24:13 - [TEST_STEP][PASSED] - sendKeys(to, Keys.chord(ENTER)): Keys 'ENTER + ' sent to object: ''

2019-11-21 15:24:13 - [MESSAGE][PASSED] - Keys 'ENTER + ' sent to object: ''

2019-11-21 15:24:13 - [TEST_STEP][PASSED] - delay(2): Delayed 2 second(s)

2019-11-21 15:24:15 - [MESSAGE][PASSED] - Delayed 2 second(s)

2019-11-21 15:24:15 - [TEST_STEP][PASSED] - if (toString().equalsIgnoreCase("no")): null

2019-11-21 15:24:15 - [TEST_STEP][PASSED] - else: null

2019-11-21 15:24:15 - [TEST_STEP][PASSED] - click(findTestObject("Page_cabi Order Items/li_order_item")): Object: 'Object Repository/Page_cabi Order Items/li_order_item' is clicked on

2019-11-21 15:24:21 - [MESSAGE][PASSED] - Object: 'Object Repository/Page_cabi Order Items/li_order_item' is clicked on

2019-11-21 15:24:21 - [TEST_STEP][PASSED] - delay(5): Delayed 5 second(s)

2019-11-21 15:24:26 - [MESSAGE][PASSED] - Delayed 5 second(s)

2019-11-21 15:24:26 - [TEST_STEP][PASSED] - imagePath = UtilityMethods.createScreenshotImagePath(storeType, styleid_data): null

2019-11-21 15:24:26 - [TEST_STEP][PASSED] - println(imagePath): null

2019-11-21 15:24:26 - [TEST_STEP][PASSED] - takeScreenshot(imagePath): Taking screenshot successfully

2019-11-21 15:24:27 - [MESSAGE][PASSED] - Taking screenshot successfully
[[ATTACHMENT|C:\\Users\\user\\Documents\\testautomation\\KatalonProjects\\productImages\\BOPersonal_5636 image.png]]

2019-11-21 15:24:27 - [TEST_STEP][PASSED] - verifyElementText(findTestObject("Page_cabi Order Items/GetAttribute_getID"), styleid_data, CONTINUE_ON_FAILURE): Actual text and expected text of test object 'Object Repository/Page_cabi Order Items/GetAttribute_getID' are matched.

2019-11-21 15:24:27 - [MESSAGE][PASSED] - Actual text and expected text of test object 'Object Repository/Page_cabi Order Items/GetAttribute_getID' are matched.

2019-11-21 15:24:27 - [TEST_STEP][PASSED] - colorOptions = findWebElements(findTestObject("Page_cabi Order Items/GetAttribute_Color"), 5): null

2019-11-21 15:24:27 - [TEST_STEP][PASSED] - println(colorOptions.size()): null

2019-11-21 15:24:27 - [TEST_STEP][PASSED] - expectedColour = findTestData("productData").getValue("Color", row): null

2019-11-21 15:24:27 - [TEST_STEP][PASSED] - println("expected colour is"): null

2019-11-21 15:24:27 - [TEST_STEP][PASSED] - println(expectedColour): null

2019-11-21 15:24:27 - [TEST_STEP][PASSED] - colourVerified = false: null

2019-11-21 15:24:27 - [TEST_STEP][PASSED] - for (org.openqa.selenium.WebElement op : colorOptions): null

2019-11-21 15:24:27 - [TEST_STEP][PASSED] - println(op.getText()): null

2019-11-21 15:24:27 - [TEST_STEP][PASSED] - if (expectedColour.equalsIgnoreCase(op.getText())): null

2019-11-21 15:24:27 - [TEST_STEP][PASSED] - colourVerified = true: null

2019-11-21 15:24:27 - [TEST_STEP][PASSED] - break: null

2019-11-21 15:24:27 - [TEST_STEP][PASSED] - sa.assertTrue(colourVerified): null

2019-11-21 15:24:27 - [TEST_STEP][PASSED] - getPrice = getText(findTestObject("Page_cabi Order Items/GetAttribute_Price")): Text of object 'Object Repository/Page_cabi Order Items/GetAttribute_Price' is: 'Price : £76.00'

2019-11-21 15:24:27 - [MESSAGE][PASSED] - Text of object 'Object Repository/Page_cabi Order Items/GetAttribute_Price' is: 'Price : £76.00'

2019-11-21 15:24:27 - [TEST_STEP][PASSED] - Split_Data = UtilityMethods.SplitData(getPrice): null

2019-11-21 15:24:27 - [TEST_STEP][PASSED] - verifyMatch(Split_Data, findTestData("productData").getValue("Retail", row), true, CONTINUE_ON_FAILURE): Actual text '76' and expected text '76' are matched  using regular expression

2019-11-21 15:24:28 - [MESSAGE][PASSED] - Actual text '76' and expected text '76' are matched  using regular expression

2019-11-21 15:24:28 - [TEST_STEP][PASSED] - sizeRange1 = ["XXS", "XS", "S", "M", "L", "XL", "XXL"]: null

2019-11-21 15:24:28 - [TEST_STEP][PASSED] - sizeRange2 = ["00", "0", "2", "4", "6", "8", "10", "12", "14", "16"]: null

2019-11-21 15:24:28 - [TEST_STEP][PASSED] - sizeRange3 = ["Long", "Regular", "Short"]: null

2019-11-21 15:24:28 - [TEST_STEP][PASSED] - sizeRange4 = ["5", "6", "6.5", "7", "7.5", "8", "8.5", "9", "9.5", "10", "11"]: null

2019-11-21 15:24:28 - [TEST_STEP][PASSED] - sizeRange5 = ["XS/S", "M/L"]: null

2019-11-21 15:24:28 - [TEST_STEP][PASSED] - sizeRange6 = ["One Size"]: null

2019-11-21 15:24:28 - [TEST_STEP][PASSED] - sizeRangeSplit = UtilityMethods.SplitSizes(findTestData("productData").getValue("SzRange", row)): null

2019-11-21 15:24:28 - [TEST_STEP][PASSED] - sizeType = getText(findTestObject("Object Repository/Page_cabi Order Items/Size")): Text of object 'Object Repository/Page_cabi Order Items/Size' is: 'Select'

2019-11-21 15:24:28 - [MESSAGE][PASSED] - Text of object 'Object Repository/Page_cabi Order Items/Size' is: 'Select'

2019-11-21 15:24:28 - [TEST_STEP][PASSED] - sizeOptions = findWebElements(findTestObject("Object Repository/Page_cabi Order Items/Size"), 5): null

2019-11-21 15:24:28 - [TEST_STEP][PASSED] - actualRange = new java.util.ArrayList(): null

2019-11-21 15:24:28 - [TEST_STEP][PASSED] - expectedRange = <not implemented yet for class: org.codehaus.groovy.ast.expr.EmptyExpression>: null

2019-11-21 15:24:28 - [TEST_STEP][PASSED] - if (sizeType.equalsIgnoreCase("Select")): null

2019-11-21 15:24:28 - [TEST_STEP][PASSED] - for ([i = 1, i < sizeOptions.size(), (i++)]): null

2019-11-21 15:24:28 - [TEST_STEP][PASSED] - actualRange.add(getAttribute("value").toString()): null

2019-11-21 15:24:28 - [TEST_STEP][PASSED] - actualRange.add(getAttribute("value").toString()): null

2019-11-21 15:24:28 - [TEST_STEP][PASSED] - actualRange.add(getAttribute("value").toString()): null

2019-11-21 15:24:28 - [TEST_STEP][PASSED] - actualRange.add(getAttribute("value").toString()): null

2019-11-21 15:24:28 - [TEST_STEP][PASSED] - actualRange.add(getAttribute("value").toString()): null

2019-11-21 15:24:28 - [TEST_STEP][PASSED] - if (toString().equalsIgnoreCase("XS") || toString().equalsIgnoreCase("XXS")): null

2019-11-21 15:24:28 - [TEST_STEP][PASSED] - expectedRange = UtilityMethods.getExpectedRange(sizeRange1, sizeRangeSplit): null

2019-11-21 15:24:28 - [TEST_STEP][PASSED] - println("XS"): null

2019-11-21 15:24:28 - [TEST_STEP][PASSED] - println(expectedRange.toString()): null

2019-11-21 15:24:28 - [TEST_STEP][PASSED] - sa.assertTrue(UtilityMethods.listEquals(expectedRange, actualRange)): null

2019-11-21 15:24:28 - [TEST_STEP][PASSED] - delay(2): Delayed 2 second(s)

2019-11-21 15:24:30 - [MESSAGE][PASSED] - Delayed 2 second(s)

2019-11-21 15:24:30 - [TEST_STEP][PASSED] - verifyElementText(findTestObject("Page_cabi Order Items/product_title"), findTestData("productData").getValue("Description", row), CONTINUE_ON_FAILURE): Actual text and expected text of test object 'Object Repository/Page_cabi Order Items/product_title' are matched.

2019-11-21 15:24:30 - [MESSAGE][PASSED] - Actual text and expected text of test object 'Object Repository/Page_cabi Order Items/product_title' are matched.

2019-11-21 15:24:30 - [TEST_STEP][PASSED] - finalContent = findTestData("productData").getValue("FinalContent", row): null

2019-11-21 15:24:30 - [TEST_STEP][PASSED] - if (finalContent.equalsIgnoreCase("")): null

2019-11-21 15:24:30 - [TEST_STEP][PASSED] - else: Actual text and expected text of test object 'Object Repository/Page_cabi Order Items/product_fabric' are matched.

2019-11-21 15:24:30 - [TEST_STEP][PASSED] - verifyElementText(findTestObject("Page_cabi Order Items/product_fabric"), finalContent, CONTINUE_ON_FAILURE): Actual text and expected text of test object 'Object Repository/Page_cabi Order Items/product_fabric' are matched.

2019-11-21 15:24:30 - [MESSAGE][PASSED] - Actual text and expected text of test object 'Object Repository/Page_cabi Order Items/product_fabric' are matched.

2019-11-21 15:24:30 - [TEST_STEP][PASSED] - expectedCasreIntrn = findTestData("productData").getValue("CareInstr", row): null

2019-11-21 15:24:30 - [TEST_STEP][PASSED] - if (expectedCasreIntrn.equalsIgnoreCase("")): null

2019-11-21 15:24:30 - [TEST_STEP][PASSED] - else: null

2019-11-21 15:24:30 - [TEST_STEP][PASSED] - actualCasreIntrn = "<div>" + getText(findTestObject("Page_cabi Order Items/care_instruction")) + "</div>": Text of object 'Object Repository/Page_cabi Order Items/care_instruction' is: 'Turn garment inside out and place in a mesh bag. Machine wash separately in cold water on the delicate cycle. Only non-chlorine bleach if needed. Do not twist or wring. Lay flat to dry. Warm iron if needed. Can be dry cleaned.'

2019-11-21 15:24:30 - [MESSAGE][PASSED] - Text of object 'Object Repository/Page_cabi Order Items/care_instruction' is: 'Turn garment inside out and place in a mesh bag. Machine wash separately in cold water on the delicate cycle. Only non-chlorine bleach if needed. Do not twist or wring. Lay flat to dry. Warm iron if needed. Can be dry cleaned.'

2019-11-21 15:24:30 - [TEST_STEP][PASSED] - sa.assertTrue(actualCasreIntrn.equals(expectedCasreIntrn)): null

2019-11-21 15:24:30 - [TEST_STEP][PASSED] - delay(5): Delayed 5 second(s)

2019-11-21 15:24:35 - [MESSAGE][PASSED] - Delayed 5 second(s)

2019-11-21 15:24:35 - [TEST_STEP][PASSED] - sa = new org.testng.asserts.SoftAssert(): null

2019-11-21 15:24:35 - [TEST_STEP][PASSED] - styleid_data = findTestData("productData").getValue("Style", row): null

2019-11-21 15:24:35 - [TEST_STEP][PASSED] - println(styleid_data): null

2019-11-21 15:24:35 - [TEST_STEP][PASSED] - by = By.xpath("//input[@name='style']"): null

2019-11-21 15:24:35 - [TEST_STEP][PASSED] - styleWe = UtilityMethods.getElementByLocator(by, driver): null

2019-11-21 15:24:36 - [TEST_STEP][PASSED] - to = UtilityMethods.fromElement(styleWe): null

2019-11-21 15:24:36 - [TEST_STEP][PASSED] - println("******************+++++++++++++++++++**********************************************"): null

2019-11-21 15:24:36 - [TEST_STEP][PASSED] - setText(to, styleid_data): Text '5637' is set on object ''

2019-11-21 15:24:36 - [MESSAGE][PASSED] - Text '5637' is set on object ''

2019-11-21 15:24:36 - [TEST_STEP][PASSED] - sendKeys(to, Keys.chord(ENTER)): Keys 'ENTER + ' sent to object: ''

2019-11-21 15:24:36 - [MESSAGE][PASSED] - Keys 'ENTER + ' sent to object: ''

2019-11-21 15:24:36 - [TEST_STEP][PASSED] - delay(2): Delayed 2 second(s)

2019-11-21 15:24:38 - [MESSAGE][PASSED] - Delayed 2 second(s)

2019-11-21 15:24:38 - [TEST_STEP][PASSED] - if (toString().equalsIgnoreCase("no")): null

2019-11-21 15:24:38 - [TEST_STEP][PASSED] - else: null

2019-11-21 15:24:38 - [TEST_STEP][PASSED] - click(findTestObject("Page_cabi Order Items/li_order_item")): Object: 'Object Repository/Page_cabi Order Items/li_order_item' is clicked on

2019-11-21 15:24:45 - [MESSAGE][PASSED] - Object: 'Object Repository/Page_cabi Order Items/li_order_item' is clicked on

2019-11-21 15:24:45 - [TEST_STEP][PASSED] - delay(5): Delayed 5 second(s)

2019-11-21 15:24:50 - [MESSAGE][PASSED] - Delayed 5 second(s)

2019-11-21 15:24:50 - [TEST_STEP][PASSED] - imagePath = UtilityMethods.createScreenshotImagePath(storeType, styleid_data): null

2019-11-21 15:24:50 - [TEST_STEP][PASSED] - println(imagePath): null

2019-11-21 15:24:50 - [TEST_STEP][PASSED] - takeScreenshot(imagePath): Taking screenshot successfully

2019-11-21 15:24:51 - [MESSAGE][PASSED] - Taking screenshot successfully
[[ATTACHMENT|C:\\Users\\user\\Documents\\testautomation\\KatalonProjects\\productImages\\BOPersonal_5637 image.png]]

2019-11-21 15:24:51 - [TEST_STEP][PASSED] - verifyElementText(findTestObject("Page_cabi Order Items/GetAttribute_getID"), styleid_data, CONTINUE_ON_FAILURE): Actual text and expected text of test object 'Object Repository/Page_cabi Order Items/GetAttribute_getID' are matched.

2019-11-21 15:24:51 - [MESSAGE][PASSED] - Actual text and expected text of test object 'Object Repository/Page_cabi Order Items/GetAttribute_getID' are matched.

2019-11-21 15:24:51 - [TEST_STEP][PASSED] - colorOptions = findWebElements(findTestObject("Page_cabi Order Items/GetAttribute_Color"), 5): null

2019-11-21 15:24:51 - [TEST_STEP][PASSED] - println(colorOptions.size()): null

2019-11-21 15:24:51 - [TEST_STEP][PASSED] - expectedColour = findTestData("productData").getValue("Color", row): null

2019-11-21 15:24:51 - [TEST_STEP][PASSED] - println("expected colour is"): null

2019-11-21 15:24:51 - [TEST_STEP][PASSED] - println(expectedColour): null

2019-11-21 15:24:51 - [TEST_STEP][PASSED] - colourVerified = false: null

2019-11-21 15:24:51 - [TEST_STEP][PASSED] - for (org.openqa.selenium.WebElement op : colorOptions): null

2019-11-21 15:24:51 - [TEST_STEP][PASSED] - println(op.getText()): null

2019-11-21 15:24:51 - [TEST_STEP][PASSED] - if (expectedColour.equalsIgnoreCase(op.getText())): null

2019-11-21 15:24:51 - [TEST_STEP][PASSED] - colourVerified = true: null

2019-11-21 15:24:51 - [TEST_STEP][PASSED] - break: null

2019-11-21 15:24:51 - [TEST_STEP][PASSED] - sa.assertTrue(colourVerified): null

2019-11-21 15:24:51 - [TEST_STEP][PASSED] - getPrice = getText(findTestObject("Page_cabi Order Items/GetAttribute_Price")): Text of object 'Object Repository/Page_cabi Order Items/GetAttribute_Price' is: 'Price : £84.00'

2019-11-21 15:24:51 - [MESSAGE][PASSED] - Text of object 'Object Repository/Page_cabi Order Items/GetAttribute_Price' is: 'Price : £84.00'

2019-11-21 15:24:51 - [TEST_STEP][PASSED] - Split_Data = UtilityMethods.SplitData(getPrice): null

2019-11-21 15:24:51 - [TEST_STEP][PASSED] - verifyMatch(Split_Data, findTestData("productData").getValue("Retail", row), true, CONTINUE_ON_FAILURE): Actual text '84' and expected text '84' are matched  using regular expression

2019-11-21 15:24:51 - [MESSAGE][PASSED] - Actual text '84' and expected text '84' are matched  using regular expression

2019-11-21 15:24:51 - [TEST_STEP][PASSED] - sizeRange1 = ["XXS", "XS", "S", "M", "L", "XL", "XXL"]: null

2019-11-21 15:24:51 - [TEST_STEP][PASSED] - sizeRange2 = ["00", "0", "2", "4", "6", "8", "10", "12", "14", "16"]: null

2019-11-21 15:24:51 - [TEST_STEP][PASSED] - sizeRange3 = ["Long", "Regular", "Short"]: null

2019-11-21 15:24:51 - [TEST_STEP][PASSED] - sizeRange4 = ["5", "6", "6.5", "7", "7.5", "8", "8.5", "9", "9.5", "10", "11"]: null

2019-11-21 15:24:51 - [TEST_STEP][PASSED] - sizeRange5 = ["XS/S", "M/L"]: null

2019-11-21 15:24:51 - [TEST_STEP][PASSED] - sizeRange6 = ["One Size"]: null

2019-11-21 15:24:51 - [TEST_STEP][PASSED] - sizeRangeSplit = UtilityMethods.SplitSizes(findTestData("productData").getValue("SzRange", row)): null

2019-11-21 15:24:51 - [TEST_STEP][PASSED] - sizeType = getText(findTestObject("Object Repository/Page_cabi Order Items/Size")): Text of object 'Object Repository/Page_cabi Order Items/Size' is: 'Select'

2019-11-21 15:24:51 - [MESSAGE][PASSED] - Text of object 'Object Repository/Page_cabi Order Items/Size' is: 'Select'

2019-11-21 15:24:51 - [TEST_STEP][PASSED] - sizeOptions = findWebElements(findTestObject("Object Repository/Page_cabi Order Items/Size"), 5): null

2019-11-21 15:24:51 - [TEST_STEP][PASSED] - actualRange = new java.util.ArrayList(): null

2019-11-21 15:24:51 - [TEST_STEP][PASSED] - expectedRange = <not implemented yet for class: org.codehaus.groovy.ast.expr.EmptyExpression>: null

2019-11-21 15:24:51 - [TEST_STEP][PASSED] - if (sizeType.equalsIgnoreCase("Select")): null

2019-11-21 15:24:51 - [TEST_STEP][PASSED] - for ([i = 1, i < sizeOptions.size(), (i++)]): null

2019-11-21 15:24:51 - [TEST_STEP][PASSED] - actualRange.add(getAttribute("value").toString()): null

2019-11-21 15:24:51 - [TEST_STEP][PASSED] - actualRange.add(getAttribute("value").toString()): null

2019-11-21 15:24:51 - [TEST_STEP][PASSED] - actualRange.add(getAttribute("value").toString()): null

2019-11-21 15:24:51 - [TEST_STEP][PASSED] - actualRange.add(getAttribute("value").toString()): null

2019-11-21 15:24:51 - [TEST_STEP][PASSED] - actualRange.add(getAttribute("value").toString()): null

2019-11-21 15:24:51 - [TEST_STEP][PASSED] - if (toString().equalsIgnoreCase("XS") || toString().equalsIgnoreCase("XXS")): null

2019-11-21 15:24:51 - [TEST_STEP][PASSED] - expectedRange = UtilityMethods.getExpectedRange(sizeRange1, sizeRangeSplit): null

2019-11-21 15:24:51 - [TEST_STEP][PASSED] - println("XS"): null

2019-11-21 15:24:51 - [TEST_STEP][PASSED] - println(expectedRange.toString()): null

2019-11-21 15:24:51 - [TEST_STEP][PASSED] - sa.assertTrue(UtilityMethods.listEquals(expectedRange, actualRange)): null

2019-11-21 15:24:51 - [TEST_STEP][PASSED] - delay(2): Delayed 2 second(s)

2019-11-21 15:24:53 - [MESSAGE][PASSED] - Delayed 2 second(s)

2019-11-21 15:24:53 - [TEST_STEP][PASSED] - verifyElementText(findTestObject("Page_cabi Order Items/product_title"), findTestData("productData").getValue("Description", row), CONTINUE_ON_FAILURE): Actual text and expected text of test object 'Object Repository/Page_cabi Order Items/product_title' are matched.

2019-11-21 15:24:54 - [MESSAGE][PASSED] - Actual text and expected text of test object 'Object Repository/Page_cabi Order Items/product_title' are matched.

2019-11-21 15:24:54 - [TEST_STEP][PASSED] - finalContent = findTestData("productData").getValue("FinalContent", row): null

2019-11-21 15:24:54 - [TEST_STEP][PASSED] - if (finalContent.equalsIgnoreCase("")): null

2019-11-21 15:24:54 - [TEST_STEP][PASSED] - else: Actual text and expected text of test object 'Object Repository/Page_cabi Order Items/product_fabric' are matched.

2019-11-21 15:24:54 - [TEST_STEP][PASSED] - verifyElementText(findTestObject("Page_cabi Order Items/product_fabric"), finalContent, CONTINUE_ON_FAILURE): Actual text and expected text of test object 'Object Repository/Page_cabi Order Items/product_fabric' are matched.

2019-11-21 15:24:54 - [MESSAGE][PASSED] - Actual text and expected text of test object 'Object Repository/Page_cabi Order Items/product_fabric' are matched.

2019-11-21 15:24:54 - [TEST_STEP][PASSED] - expectedCasreIntrn = findTestData("productData").getValue("CareInstr", row): null

2019-11-21 15:24:54 - [TEST_STEP][PASSED] - if (expectedCasreIntrn.equalsIgnoreCase("")): null

2019-11-21 15:24:54 - [TEST_STEP][PASSED] - else: null

2019-11-21 15:24:54 - [TEST_STEP][PASSED] - actualCasreIntrn = "<div>" + getText(findTestObject("Page_cabi Order Items/care_instruction")) + "</div>": Text of object 'Object Repository/Page_cabi Order Items/care_instruction' is: 'Turn garment inside out and place in a mesh bag. Machine wash separately in cold water on the delicate cycle. Only non-chlorine bleach if needed. Do not twist or wring. Lay flat to dry. Warm iron if needed. Can be dry cleaned.'

2019-11-21 15:24:54 - [MESSAGE][PASSED] - Text of object 'Object Repository/Page_cabi Order Items/care_instruction' is: 'Turn garment inside out and place in a mesh bag. Machine wash separately in cold water on the delicate cycle. Only non-chlorine bleach if needed. Do not twist or wring. Lay flat to dry. Warm iron if needed. Can be dry cleaned.'

2019-11-21 15:24:54 - [TEST_STEP][PASSED] - sa.assertTrue(actualCasreIntrn.equals(expectedCasreIntrn)): null

2019-11-21 15:24:54 - [TEST_STEP][PASSED] - delay(5): Delayed 5 second(s)

2019-11-21 15:24:59 - [MESSAGE][PASSED] - Delayed 5 second(s)

2019-11-21 15:24:59 - [TEST_STEP][PASSED] - sa = new org.testng.asserts.SoftAssert(): null

2019-11-21 15:24:59 - [TEST_STEP][PASSED] - styleid_data = findTestData("productData").getValue("Style", row): null

2019-11-21 15:24:59 - [TEST_STEP][PASSED] - println(styleid_data): null

2019-11-21 15:24:59 - [TEST_STEP][PASSED] - by = By.xpath("//input[@name='style']"): null

2019-11-21 15:24:59 - [TEST_STEP][PASSED] - styleWe = UtilityMethods.getElementByLocator(by, driver): null

2019-11-21 15:24:59 - [TEST_STEP][PASSED] - to = UtilityMethods.fromElement(styleWe): null

2019-11-21 15:24:59 - [TEST_STEP][PASSED] - println("******************+++++++++++++++++++**********************************************"): null

2019-11-21 15:24:59 - [TEST_STEP][PASSED] - setText(to, styleid_data): Text '5638' is set on object ''

2019-11-21 15:24:59 - [MESSAGE][PASSED] - Text '5638' is set on object ''

2019-11-21 15:24:59 - [TEST_STEP][PASSED] - sendKeys(to, Keys.chord(ENTER)): Keys 'ENTER + ' sent to object: ''

2019-11-21 15:24:59 - [MESSAGE][PASSED] - Keys 'ENTER + ' sent to object: ''

2019-11-21 15:24:59 - [TEST_STEP][PASSED] - delay(2): Delayed 2 second(s)

2019-11-21 15:25:01 - [MESSAGE][PASSED] - Delayed 2 second(s)

2019-11-21 15:25:01 - [TEST_STEP][PASSED] - if (toString().equalsIgnoreCase("no")): null

2019-11-21 15:25:01 - [TEST_STEP][PASSED] - else: null

2019-11-21 15:25:01 - [TEST_STEP][PASSED] - click(findTestObject("Page_cabi Order Items/li_order_item")): Object: 'Object Repository/Page_cabi Order Items/li_order_item' is clicked on

2019-11-21 15:25:08 - [MESSAGE][PASSED] - Object: 'Object Repository/Page_cabi Order Items/li_order_item' is clicked on

2019-11-21 15:25:08 - [TEST_STEP][PASSED] - delay(5): Delayed 5 second(s)

2019-11-21 15:25:13 - [MESSAGE][PASSED] - Delayed 5 second(s)

2019-11-21 15:25:13 - [TEST_STEP][PASSED] - imagePath = UtilityMethods.createScreenshotImagePath(storeType, styleid_data): null

2019-11-21 15:25:13 - [TEST_STEP][PASSED] - println(imagePath): null

2019-11-21 15:25:13 - [TEST_STEP][PASSED] - takeScreenshot(imagePath): Taking screenshot successfully

2019-11-21 15:25:14 - [MESSAGE][PASSED] - Taking screenshot successfully
[[ATTACHMENT|C:\\Users\\user\\Documents\\testautomation\\KatalonProjects\\productImages\\BOPersonal_5638 image.png]]

2019-11-21 15:25:14 - [TEST_STEP][PASSED] - verifyElementText(findTestObject("Page_cabi Order Items/GetAttribute_getID"), styleid_data, CONTINUE_ON_FAILURE): Actual text and expected text of test object 'Object Repository/Page_cabi Order Items/GetAttribute_getID' are matched.

2019-11-21 15:25:14 - [MESSAGE][PASSED] - Actual text and expected text of test object 'Object Repository/Page_cabi Order Items/GetAttribute_getID' are matched.

2019-11-21 15:25:14 - [TEST_STEP][PASSED] - colorOptions = findWebElements(findTestObject("Page_cabi Order Items/GetAttribute_Color"), 5): null

2019-11-21 15:25:14 - [TEST_STEP][PASSED] - println(colorOptions.size()): null

2019-11-21 15:25:14 - [TEST_STEP][PASSED] - expectedColour = findTestData("productData").getValue("Color", row): null

2019-11-21 15:25:14 - [TEST_STEP][PASSED] - println("expected colour is"): null

2019-11-21 15:25:14 - [TEST_STEP][PASSED] - println(expectedColour): null

2019-11-21 15:25:14 - [TEST_STEP][PASSED] - colourVerified = false: null

2019-11-21 15:25:14 - [TEST_STEP][PASSED] - for (org.openqa.selenium.WebElement op : colorOptions): null

2019-11-21 15:25:14 - [TEST_STEP][PASSED] - println(op.getText()): null

2019-11-21 15:25:14 - [TEST_STEP][PASSED] - if (expectedColour.equalsIgnoreCase(op.getText())): null

2019-11-21 15:25:14 - [TEST_STEP][PASSED] - colourVerified = true: null

2019-11-21 15:25:14 - [TEST_STEP][PASSED] - break: null

2019-11-21 15:25:14 - [TEST_STEP][PASSED] - sa.assertTrue(colourVerified): null

2019-11-21 15:25:14 - [TEST_STEP][PASSED] - getPrice = getText(findTestObject("Page_cabi Order Items/GetAttribute_Price")): Text of object 'Object Repository/Page_cabi Order Items/GetAttribute_Price' is: 'Price : £99.00'

2019-11-21 15:25:14 - [MESSAGE][PASSED] - Text of object 'Object Repository/Page_cabi Order Items/GetAttribute_Price' is: 'Price : £99.00'

2019-11-21 15:25:14 - [TEST_STEP][PASSED] - Split_Data = UtilityMethods.SplitData(getPrice): null

2019-11-21 15:25:14 - [TEST_STEP][PASSED] - verifyMatch(Split_Data, findTestData("productData").getValue("Retail", row), true, CONTINUE_ON_FAILURE): Actual text '99' and expected text '99' are matched  using regular expression

2019-11-21 15:25:14 - [MESSAGE][PASSED] - Actual text '99' and expected text '99' are matched  using regular expression

2019-11-21 15:25:14 - [TEST_STEP][PASSED] - sizeRange1 = ["XXS", "XS", "S", "M", "L", "XL", "XXL"]: null

2019-11-21 15:25:14 - [TEST_STEP][PASSED] - sizeRange2 = ["00", "0", "2", "4", "6", "8", "10", "12", "14", "16"]: null

2019-11-21 15:25:14 - [TEST_STEP][PASSED] - sizeRange3 = ["Long", "Regular", "Short"]: null

2019-11-21 15:25:14 - [TEST_STEP][PASSED] - sizeRange4 = ["5", "6", "6.5", "7", "7.5", "8", "8.5", "9", "9.5", "10", "11"]: null

2019-11-21 15:25:14 - [TEST_STEP][PASSED] - sizeRange5 = ["XS/S", "M/L"]: null

2019-11-21 15:25:14 - [TEST_STEP][PASSED] - sizeRange6 = ["One Size"]: null

2019-11-21 15:25:14 - [TEST_STEP][PASSED] - sizeRangeSplit = UtilityMethods.SplitSizes(findTestData("productData").getValue("SzRange", row)): null

2019-11-21 15:25:14 - [TEST_STEP][PASSED] - sizeType = getText(findTestObject("Object Repository/Page_cabi Order Items/Size")): Text of object 'Object Repository/Page_cabi Order Items/Size' is: 'Select'

2019-11-21 15:25:15 - [MESSAGE][PASSED] - Text of object 'Object Repository/Page_cabi Order Items/Size' is: 'Select'

2019-11-21 15:25:15 - [TEST_STEP][PASSED] - sizeOptions = findWebElements(findTestObject("Object Repository/Page_cabi Order Items/Size"), 5): null

2019-11-21 15:25:15 - [TEST_STEP][PASSED] - actualRange = new java.util.ArrayList(): null

2019-11-21 15:25:15 - [TEST_STEP][PASSED] - expectedRange = <not implemented yet for class: org.codehaus.groovy.ast.expr.EmptyExpression>: null

2019-11-21 15:25:15 - [TEST_STEP][PASSED] - if (sizeType.equalsIgnoreCase("Select")): null

2019-11-21 15:25:15 - [TEST_STEP][PASSED] - for ([i = 1, i < sizeOptions.size(), (i++)]): null

2019-11-21 15:25:15 - [TEST_STEP][PASSED] - actualRange.add(getAttribute("value").toString()): null

2019-11-21 15:25:15 - [TEST_STEP][PASSED] - actualRange.add(getAttribute("value").toString()): null

2019-11-21 15:25:15 - [TEST_STEP][PASSED] - actualRange.add(getAttribute("value").toString()): null

2019-11-21 15:25:15 - [TEST_STEP][PASSED] - actualRange.add(getAttribute("value").toString()): null

2019-11-21 15:25:15 - [TEST_STEP][PASSED] - actualRange.add(getAttribute("value").toString()): null

2019-11-21 15:25:15 - [TEST_STEP][PASSED] - actualRange.add(getAttribute("value").toString()): null

2019-11-21 15:25:15 - [TEST_STEP][PASSED] - if (toString().equalsIgnoreCase("XS") || toString().equalsIgnoreCase("XXS")): null

2019-11-21 15:25:15 - [TEST_STEP][PASSED] - expectedRange = UtilityMethods.getExpectedRange(sizeRange1, sizeRangeSplit): null

2019-11-21 15:25:15 - [TEST_STEP][PASSED] - println("XS"): null

2019-11-21 15:25:15 - [TEST_STEP][PASSED] - println(expectedRange.toString()): null

2019-11-21 15:25:15 - [TEST_STEP][PASSED] - sa.assertTrue(UtilityMethods.listEquals(expectedRange, actualRange)): null

2019-11-21 15:25:15 - [TEST_STEP][PASSED] - delay(2): Delayed 2 second(s)

2019-11-21 15:25:17 - [MESSAGE][PASSED] - Delayed 2 second(s)

2019-11-21 15:25:17 - [TEST_STEP][PASSED] - verifyElementText(findTestObject("Page_cabi Order Items/product_title"), findTestData("productData").getValue("Description", row), CONTINUE_ON_FAILURE): Actual text and expected text of test object 'Object Repository/Page_cabi Order Items/product_title' are matched.

2019-11-21 15:25:17 - [MESSAGE][PASSED] - Actual text and expected text of test object 'Object Repository/Page_cabi Order Items/product_title' are matched.

2019-11-21 15:25:17 - [TEST_STEP][PASSED] - finalContent = findTestData("productData").getValue("FinalContent", row): null

2019-11-21 15:25:17 - [TEST_STEP][PASSED] - if (finalContent.equalsIgnoreCase("")): null

2019-11-21 15:25:17 - [TEST_STEP][PASSED] - else: Actual text and expected text of test object 'Object Repository/Page_cabi Order Items/product_fabric' are matched.

2019-11-21 15:25:17 - [TEST_STEP][PASSED] - verifyElementText(findTestObject("Page_cabi Order Items/product_fabric"), finalContent, CONTINUE_ON_FAILURE): Actual text and expected text of test object 'Object Repository/Page_cabi Order Items/product_fabric' are matched.

2019-11-21 15:25:17 - [MESSAGE][PASSED] - Actual text and expected text of test object 'Object Repository/Page_cabi Order Items/product_fabric' are matched.

2019-11-21 15:25:17 - [TEST_STEP][PASSED] - expectedCasreIntrn = findTestData("productData").getValue("CareInstr", row): null

2019-11-21 15:25:17 - [TEST_STEP][PASSED] - if (expectedCasreIntrn.equalsIgnoreCase("")): null

2019-11-21 15:25:17 - [TEST_STEP][PASSED] - else: null

2019-11-21 15:25:17 - [TEST_STEP][PASSED] - actualCasreIntrn = "<div>" + getText(findTestObject("Page_cabi Order Items/care_instruction")) + "</div>": Text of object 'Object Repository/Page_cabi Order Items/care_instruction' is: 'Turn garment inside out and place in a mesh bag. Machine wash separately in cold water on the delicate cycle. Only non-chlorine bleach if needed. Do not twist or wring. Lay flat to dry. Warm iron if needed. Can be dry cleaned.'

2019-11-21 15:25:17 - [MESSAGE][PASSED] - Text of object 'Object Repository/Page_cabi Order Items/care_instruction' is: 'Turn garment inside out and place in a mesh bag. Machine wash separately in cold water on the delicate cycle. Only non-chlorine bleach if needed. Do not twist or wring. Lay flat to dry. Warm iron if needed. Can be dry cleaned.'

2019-11-21 15:25:17 - [TEST_STEP][PASSED] - sa.assertTrue(actualCasreIntrn.equals(expectedCasreIntrn)): null

2019-11-21 15:25:17 - [MESSAGE][PASSED] - Call Test Case 'Test Cases/NewArrival/productVerify' successfully]]></system-out>
         <system-err><![CDATA[]]></system-err>
      </testcase>
      <system-out><![CDATA[2019-11-21 15:15:50 - [TEST_SUITE][PASSED] - NewArrivalsSuite1: Test Cases/NA_Timezone_Separated/BOPersonal1]]></system-out>
      <system-err><![CDATA[]]></system-err>
   </testsuite>
</testsuites>
