<?xml version="1.0" encoding="UTF-8"?>
<testsuites name="EditOrderTestSuit" time="380" tests="1" failures="0" errors="0">
   <testsuite name="EditOrderTestSuit" tests="1" failures="0" errors="0" time="380" timestamp="2019-08-01 14:32:58" hostname="user - Tester-pc" id="Test Suites/EditOrderSuites/EditOrderTestSuit">
      <properties>
         <property name="deviceName" value=""/>
         <property name="devicePlatform" value=""/>
         <property name="logFolder" value="C:\\Users\\user\\Documents\\testautomation\\KatalonProjects\\Reports\\EditOrderSuites\\EditOrderTestSuit\\20190801_143249"/>
         <property name="logFiles" value="C:\\Users\\user\\Documents\\testautomation\\KatalonProjects\\Reports\\EditOrderSuites\\EditOrderTestSuit\\20190801_143249\\execution0.log"/>
         <property name="attachments" value=""/>
         <property name="hostName" value="user - Tester-pc"/>
         <property name="os" value="Windows 8.1 64bit"/>
         <property name="katalonVersion" value="6.1.1.1"/>
         <property name="browser" value="Chrome 76.0.3809.87"/>
         <property name="hostAddress" value="10.0.60.38"/>
         <property name="sessionId" value="8a161390c20c93b666f9f5536e4fbcfd"/>
         <property name="seleniumVersion" value="3.7.1"/>
         <property name="proxyInformation" value="ProxyInformation{proxyOption=NO_PROXY, proxyServerType=HTTP, password=, proxyServerAddress=, proxyServerPort=0}"/>
         <property name="platform" value="Windows 8.1"/>
      </properties>
      <testcase name="Test Cases/editOrder/rsEditOrderSimple" classname="Test Cases/editOrder/rsEditOrderSimple" status="PASSED">
         <system-out><![CDATA[2019-08-01 14:32:59 - [TEST_CASE][PASSED] - Test Cases/editOrder/rsEditOrderSimple: Test Cases/editOrder/rsEditOrderSimple

2019-08-01 14:33:00 - [TEST_STEP][PASSED] - Start listener action : sampleBeforeTestCase: null

2019-08-01 14:33:00 - [TEST_STEP][PASSED] - println(testCaseContext.getTestCaseId()): null

2019-08-01 14:33:00 - [TEST_STEP][PASSED] - println(testCaseContext.getTestCaseVariables()): null

2019-08-01 14:33:01 - [TEST_STEP][PASSED] - callTestCase(findTestCase("editOrder/retailOrderBO"), ["editScenarioNumber":1], STOP_ON_FAILURE): Call Test Case 'Test Cases/editOrder/retailOrderBO' successfully

2019-08-01 14:33:02 - [TEST_CASE][PASSED] - Test Cases/editOrder/retailOrderBO: Test Cases/editOrder/retailOrderBO

2019-08-01 14:33:03 - [TEST_STEP][PASSED] - openBrowser(""): Browser is opened with url: ''

2019-08-01 14:33:04 - [MESSAGE][INFO] - Starting 'Chrome' driver

2019-08-01 14:33:04 - [MESSAGE][INFO] - User set preference: ['args', '[--use-fake-ui-for-media-stream, --start-maximized]']

2019-08-01 14:33:04 - [MESSAGE][INFO] - Action delay is set to 0 seconds

2019-08-01 14:33:10 - [MESSAGE][PASSED] - Browser is opened with url: ''

2019-08-01 14:33:10 - [TEST_STEP][PASSED] - driver = getWebDriver(): null

2019-08-01 14:33:10 - [TEST_STEP][PASSED] - executor = driver: null

2019-08-01 14:33:10 - [TEST_STEP][PASSED] - callTestCase(findTestCase("TestCaseUtilities/backOfficeLogin"), ["BOURL":"", "BOuser":"", "BOpass":""], STOP_ON_FAILURE): Call Test Case 'Test Cases/TestCaseUtilities/backOfficeLogin' successfully

2019-08-01 14:33:10 - [TEST_CASE][PASSED] - Test Cases/TestCaseUtilities/backOfficeLogin: Test Cases/TestCaseUtilities/backOfficeLogin

2019-08-01 14:33:11 - [TEST_STEP][PASSED] - BOURL = findTestData("envtData").getValue("BOURL", 1): null

2019-08-01 14:33:13 - [TEST_STEP][PASSED] - BOuser = findTestData("credData").getValue("BOuser", 1): null

2019-08-01 14:33:13 - [TEST_STEP][PASSED] - BOpass = findTestData("credData").getValue("BOpass", 1): null

2019-08-01 14:33:13 - [TEST_STEP][PASSED] - navigateToUrl(BOURL): Navigate to 'https://test18.cliotest.com/backoffice/control/main' successfully

2019-08-01 14:33:22 - [MESSAGE][PASSED] - Navigate to 'https://test18.cliotest.com/backoffice/control/main' successfully

2019-08-01 14:33:22 - [TEST_STEP][PASSED] - logOut = findWebElements(findTestObject("Object Repository/Page_cabi Home/log_out"), 1): Unable to find the element located by 'By.xpath: //a[contains(text(),'Log Out')]'. Please recheck the objects properties to make sure the desired element is located. 

2019-08-01 14:33:24 - [MESSAGE][INFO] - Unable to find the element located by 'By.xpath: //a[contains(text(),'Log Out')]'. Please recheck the objects properties to make sure the desired element is located. 

2019-08-01 14:33:24 - [TEST_STEP][PASSED] - if (logOut.size() == 0): Object: 'Object Repository/Page_cabi/input_Welcome to_consultantLogin' is clicked on

2019-08-01 14:33:24 - [TEST_STEP][PASSED] - setText(findTestObject("Page_cabi/input_Welcome to_USERNAME"), BOuser): Text '400000002' is set on object 'Object Repository/Page_cabi/input_Welcome to_USERNAME'

2019-08-01 14:33:24 - [MESSAGE][PASSED] - Text '400000002' is set on object 'Object Repository/Page_cabi/input_Welcome to_USERNAME'

2019-08-01 14:33:24 - [TEST_STEP][PASSED] - setText(findTestObject("Object Repository/Page_cabi/input_Welcome to_PASSWORD"), BOpass): Text 'blackdress19' is set on object 'Object Repository/Page_cabi/input_Welcome to_PASSWORD'

2019-08-01 14:33:24 - [MESSAGE][PASSED] - Text 'blackdress19' is set on object 'Object Repository/Page_cabi/input_Welcome to_PASSWORD'

2019-08-01 14:33:24 - [TEST_STEP][PASSED] - click(findTestObject("Object Repository/Page_cabi/input_Welcome to_consultantLogin")): Object: 'Object Repository/Page_cabi/input_Welcome to_consultantLogin' is clicked on

2019-08-01 14:33:40 - [MESSAGE][PASSED] - Object: 'Object Repository/Page_cabi/input_Welcome to_consultantLogin' is clicked on

2019-08-01 14:33:40 - [TEST_STEP][PASSED] - delay(3): Delayed 3 second(s)

2019-08-01 14:33:43 - [MESSAGE][PASSED] - Delayed 3 second(s)

2019-08-01 14:33:43 - [MESSAGE][PASSED] - Call Test Case 'Test Cases/TestCaseUtilities/backOfficeLogin' successfully

2019-08-01 14:33:43 - [TEST_STEP][PASSED] - click(findTestObject("Object Repository/Page_cabi Home/a_Shows  Orders")): Object: 'Object Repository/Page_cabi Home/a_Shows  Orders' is clicked on

2019-08-01 14:33:43 - [MESSAGE][PASSED] - Object: 'Object Repository/Page_cabi Home/a_Shows  Orders' is clicked on

2019-08-01 14:33:43 - [TEST_STEP][PASSED] - delay(1): Delayed 1 second(s)

2019-08-01 14:33:44 - [MESSAGE][PASSED] - Delayed 1 second(s)

2019-08-01 14:33:44 - [TEST_STEP][PASSED] - rightClick(findTestObject("Page_cabi Home/a_Shows  Orders")): Object: 'Object Repository/Page_cabi Home/a_Shows  Orders' is right clicked on

2019-08-01 14:33:44 - [MESSAGE][PASSED] - Object: 'Object Repository/Page_cabi Home/a_Shows  Orders' is right clicked on

2019-08-01 14:33:44 - [TEST_STEP][PASSED] - click(findTestObject("Page_cabi Home/a_retail_purchases")): Object: 'Object Repository/Page_cabi Home/a_retail_purchases' is clicked on

2019-08-01 14:33:50 - [MESSAGE][PASSED] - Object: 'Object Repository/Page_cabi Home/a_retail_purchases' is clicked on

2019-08-01 14:33:50 - [TEST_STEP][PASSED] - delay(3): Delayed 3 second(s)

2019-08-01 14:33:53 - [MESSAGE][PASSED] - Delayed 3 second(s)

2019-08-01 14:33:53 - [TEST_STEP][PASSED] - click(findTestObject("Object Repository/Page_cabi Home/existingCustomer")): Object: 'Object Repository/Page_cabi Home/existingCustomer' is clicked on

2019-08-01 14:33:53 - [MESSAGE][PASSED] - Object: 'Object Repository/Page_cabi Home/existingCustomer' is clicked on

2019-08-01 14:33:53 - [TEST_STEP][PASSED] - contactNumber = 14: null

2019-08-01 14:33:53 - [TEST_STEP][PASSED] - firstName = findTestData("contactData").getValue("firstName", contactNumber): null

2019-08-01 14:33:53 - [TEST_STEP][PASSED] - lastName = findTestData("contactData").getValue("lastName", contactNumber): null

2019-08-01 14:33:53 - [TEST_STEP][PASSED] - email = findTestData("contactData").getValue("email", contactNumber): null

2019-08-01 14:33:53 - [TEST_STEP][PASSED] - address1 = findTestData("contactData").getValue("address1", contactNumber): null

2019-08-01 14:33:54 - [TEST_STEP][PASSED] - city = findTestData("contactData").getValue("city", contactNumber): null

2019-08-01 14:33:54 - [TEST_STEP][PASSED] - state = findTestData("contactData").getValue("state", contactNumber): null

2019-08-01 14:33:54 - [TEST_STEP][PASSED] - zip = findTestData("contactData").getValue("zip", contactNumber): null

2019-08-01 14:33:54 - [TEST_STEP][PASSED] - existingCustFName = firstName: null

2019-08-01 14:33:54 - [TEST_STEP][PASSED] - existingCustLName = lastName: null

2019-08-01 14:33:54 - [TEST_STEP][PASSED] - space = " ": null

2019-08-01 14:33:54 - [TEST_STEP][PASSED] - existingCust = $existingCustFName$space$existingCustLName: null

2019-08-01 14:33:54 - [TEST_STEP][PASSED] - setText(findTestObject("Object Repository/Page_cabi Home/input_existing_guest"), existingCust): Text 'vishalguest1 abc' is set on object 'Object Repository/Page_cabi Home/input_existing_guest'

2019-08-01 14:33:55 - [MESSAGE][PASSED] - Text 'vishalguest1 abc' is set on object 'Object Repository/Page_cabi Home/input_existing_guest'

2019-08-01 14:33:55 - [TEST_STEP][PASSED] - delay(3): Delayed 3 second(s)

2019-08-01 14:33:58 - [MESSAGE][PASSED] - Delayed 3 second(s)

2019-08-01 14:33:58 - [TEST_STEP][PASSED] - rightClick(findTestObject("Object Repository/Page_cabi Home/input_existing_guest")): Object: 'Object Repository/Page_cabi Home/input_existing_guest' is right clicked on

2019-08-01 14:33:58 - [MESSAGE][PASSED] - Object: 'Object Repository/Page_cabi Home/input_existing_guest' is right clicked on

2019-08-01 14:33:58 - [TEST_STEP][PASSED] - rightClick(findTestObject("Object Repository/Page_cabi Home/input_existing_guest")): Object: 'Object Repository/Page_cabi Home/input_existing_guest' is right clicked on

2019-08-01 14:33:58 - [MESSAGE][PASSED] - Object: 'Object Repository/Page_cabi Home/input_existing_guest' is right clicked on

2019-08-01 14:33:58 - [TEST_STEP][PASSED] - click(findTestObject("Object Repository/Page_cabi Create Show - Set Hostess/a_select_customer")): Object: 'Object Repository/Page_cabi Create Show - Set Hostess/a_select_customer' is clicked on

2019-08-01 14:33:59 - [MESSAGE][PASSED] - Object: 'Object Repository/Page_cabi Create Show - Set Hostess/a_select_customer' is clicked on

2019-08-01 14:33:59 - [TEST_STEP][PASSED] - setText(findTestObject("Object Repository/Page_cabi Home/input_existing_guest"), existingCust): Text 'vishalguest1 abc' is set on object 'Object Repository/Page_cabi Home/input_existing_guest'

2019-08-01 14:34:00 - [MESSAGE][PASSED] - Text 'vishalguest1 abc' is set on object 'Object Repository/Page_cabi Home/input_existing_guest'

2019-08-01 14:34:00 - [TEST_STEP][PASSED] - setText(findTestObject("Object Repository/Page_cabi Retail Store/input_email"), email): Text 'vishalguest1@test.com' is set on object 'Object Repository/Page_cabi Retail Store/input_email'

2019-08-01 14:34:00 - [MESSAGE][PASSED] - Text 'vishalguest1@test.com' is set on object 'Object Repository/Page_cabi Retail Store/input_email'

2019-08-01 14:34:00 - [TEST_STEP][PASSED] - setText(findTestObject("Object Repository/Page_cabi Edit Customer Profile/input_Address1_address1"), address1): Text '972 BRAHMS CT' is set on object 'Object Repository/Page_cabi Edit Customer Profile/input_Address1_address1'

2019-08-01 14:34:01 - [MESSAGE][PASSED] - Text '972 BRAHMS CT' is set on object 'Object Repository/Page_cabi Edit Customer Profile/input_Address1_address1'

2019-08-01 14:34:01 - [TEST_STEP][PASSED] - setText(findTestObject("Object Repository/Page_cabi Edit Customer Profile/input_Address2_address2"), ""): Text '' is set on object 'Object Repository/Page_cabi Edit Customer Profile/input_Address2_address2'

2019-08-01 14:34:02 - [MESSAGE][PASSED] - Text '' is set on object 'Object Repository/Page_cabi Edit Customer Profile/input_Address2_address2'

2019-08-01 14:34:02 - [TEST_STEP][PASSED] - setText(findTestObject("Object Repository/Page_cabi Edit Customer Profile/input_City_city"), city): Text 'TROY' is set on object 'Object Repository/Page_cabi Edit Customer Profile/input_City_city'

2019-08-01 14:34:02 - [MESSAGE][PASSED] - Text 'TROY' is set on object 'Object Repository/Page_cabi Edit Customer Profile/input_City_city'

2019-08-01 14:34:02 - [TEST_STEP][PASSED] - click(findTestObject("Page_cabi Edit Customer Profile/span_select_a_state")): Object: 'Object Repository/Page_cabi Edit Customer Profile/span_select_a_state' is clicked on

2019-08-01 14:34:02 - [MESSAGE][PASSED] - Object: 'Object Repository/Page_cabi Edit Customer Profile/span_select_a_state' is clicked on

2019-08-01 14:34:02 - [TEST_STEP][PASSED] - delay(1): Delayed 1 second(s)

2019-08-01 14:34:03 - [MESSAGE][PASSED] - Delayed 1 second(s)

2019-08-01 14:34:03 - [TEST_STEP][PASSED] - setText(findTestObject("Object Repository/Page_cabi Edit Customer Profile/input_state_1"), state): Text 'Michigan' is set on object 'Object Repository/Page_cabi Edit Customer Profile/input_state_1'

2019-08-01 14:34:04 - [MESSAGE][PASSED] - Text 'Michigan' is set on object 'Object Repository/Page_cabi Edit Customer Profile/input_state_1'

2019-08-01 14:34:04 - [TEST_STEP][PASSED] - delay(2): Delayed 2 second(s)

2019-08-01 14:34:06 - [MESSAGE][PASSED] - Delayed 2 second(s)

2019-08-01 14:34:06 - [TEST_STEP][PASSED] - click(findTestObject("Page_cabi Edit Customer Profile/span_state")): Object: 'Object Repository/Page_cabi Edit Customer Profile/span_state' is clicked on

2019-08-01 14:34:06 - [MESSAGE][PASSED] - Object: 'Object Repository/Page_cabi Edit Customer Profile/span_state' is clicked on

2019-08-01 14:34:06 - [TEST_STEP][PASSED] - setText(findTestObject("Page_cabi Edit Customer Profile/input_state_postalCode"), zip): Text '48085' is set on object 'Object Repository/Page_cabi Edit Customer Profile/input_state_postalCode'

2019-08-01 14:34:06 - [MESSAGE][PASSED] - Text '48085' is set on object 'Object Repository/Page_cabi Edit Customer Profile/input_state_postalCode'

2019-08-01 14:34:06 - [TEST_STEP][PASSED] - delay(5): Delayed 5 second(s)

2019-08-01 14:34:11 - [MESSAGE][PASSED] - Delayed 5 second(s)

2019-08-01 14:34:11 - [TEST_STEP][PASSED] - check(findTestObject("Object Repository/Page_cabi Home/a_same_shipping_address")): Object 'Object Repository/Page_cabi Home/a_same_shipping_address' is checked

2019-08-01 14:34:12 - [MESSAGE][PASSED] - Object 'Object Repository/Page_cabi Home/a_same_shipping_address' is checked

2019-08-01 14:34:12 - [TEST_STEP][PASSED] - delay(5): Delayed 5 second(s)

2019-08-01 14:34:17 - [MESSAGE][PASSED] - Delayed 5 second(s)

2019-08-01 14:34:17 - [TEST_STEP][PASSED] - check(findTestObject("Object Repository/Page_cabi Home/a_same_shipping_address")): Object 'Object Repository/Page_cabi Home/a_same_shipping_address' is checked

2019-08-01 14:34:17 - [MESSAGE][PASSED] - Object 'Object Repository/Page_cabi Home/a_same_shipping_address' is checked

2019-08-01 14:34:17 - [TEST_STEP][PASSED] - delay(5): Delayed 5 second(s)

2019-08-01 14:34:22 - [MESSAGE][PASSED] - Delayed 5 second(s)

2019-08-01 14:34:22 - [TEST_STEP][PASSED] - nextButton = driver.findElement(By.xpath("//li/a/span[@id='returnToActionLabel']")): null

2019-08-01 14:34:22 - [TEST_STEP][PASSED] - executor.executeScript("arguments[0].click();", nextButton): null

2019-08-01 14:34:22 - [TEST_STEP][PASSED] - delay(3): Delayed 3 second(s)

2019-08-01 14:34:25 - [MESSAGE][PASSED] - Delayed 3 second(s)

2019-08-01 14:34:25 - [TEST_STEP][PASSED] - click(findTestObject("Object Repository/Page_cabi Retail Store/span_quick_entry")): Object: 'Object Repository/Page_cabi Retail Store/span_quick_entry' is clicked on

2019-08-01 14:34:31 - [MESSAGE][PASSED] - Object: 'Object Repository/Page_cabi Retail Store/span_quick_entry' is clicked on

2019-08-01 14:34:31 - [TEST_STEP][PASSED] - delay(3): Delayed 3 second(s)

2019-08-01 14:34:34 - [MESSAGE][PASSED] - Delayed 3 second(s)

2019-08-01 14:34:34 - [TEST_STEP][PASSED] - emptyCart = findWebElements(findTestObject("Object Repository/Page_cabi Personal Store/removeFromCart"), 5): Unable to find the element located by 'By.xpath: //*[@id="removeFromCart_0"]/span'. Please recheck the objects properties to make sure the desired element is located. 

2019-08-01 14:34:39 - [MESSAGE][INFO] - Unable to find the element located by 'By.xpath: //*[@id="removeFromCart_0"]/span'. Please recheck the objects properties to make sure the desired element is located. 

2019-08-01 14:34:39 - [TEST_STEP][PASSED] - if (emptyCart.size() > 0): null

2019-08-01 14:34:39 - [TEST_STEP][PASSED] - addOnStyle = findTestData("miscData").getValue("addOnStyle", 1): null

2019-08-01 14:34:39 - [TEST_STEP][PASSED] - addOnStyle2 = findTestData("miscData").getValue("addOnStyle", 2): null

2019-08-01 14:34:39 - [TEST_STEP][PASSED] - click(findTestObject("Object Repository/Page_cabi Create Order/input_Manual Discount_stylelookup_0")): Object: 'Object Repository/Page_cabi Create Order/input_Manual Discount_stylelookup_0' is clicked on

2019-08-01 14:34:39 - [MESSAGE][PASSED] - Object: 'Object Repository/Page_cabi Create Order/input_Manual Discount_stylelookup_0' is clicked on

2019-08-01 14:34:39 - [TEST_STEP][PASSED] - setText(findTestObject("Object Repository/Page_cabi Create Order/input_Manual Discount_stylelookup_0"), addOnStyle): Text '3701' is set on object 'Object Repository/Page_cabi Create Order/input_Manual Discount_stylelookup_0'

2019-08-01 14:34:39 - [MESSAGE][PASSED] - Text '3701' is set on object 'Object Repository/Page_cabi Create Order/input_Manual Discount_stylelookup_0'

2019-08-01 14:34:39 - [TEST_STEP][PASSED] - delay(3): Delayed 3 second(s)

2019-08-01 14:34:43 - [MESSAGE][PASSED] - Delayed 3 second(s)

2019-08-01 14:34:43 - [TEST_STEP][PASSED] - prod_message = getText(findTestObject("Page_cabi Create Order/first_option")): Text of object 'Object Repository/Page_cabi Create Order/first_option' is: '3701 Shetland Sweater'

2019-08-01 14:34:43 - [MESSAGE][PASSED] - Text of object 'Object Repository/Page_cabi Create Order/first_option' is: '3701 Shetland Sweater'

2019-08-01 14:34:43 - [TEST_STEP][PASSED] - click(findTestObject("Page_cabi Create Order/first_option")): Object: 'Object Repository/Page_cabi Create Order/first_option' is clicked on

2019-08-01 14:34:43 - [MESSAGE][PASSED] - Object: 'Object Repository/Page_cabi Create Order/first_option' is clicked on

2019-08-01 14:34:43 - [TEST_STEP][PASSED] - delay(5): Delayed 5 second(s)

2019-08-01 14:34:48 - [MESSAGE][PASSED] - Delayed 5 second(s)

2019-08-01 14:34:48 - [TEST_STEP][PASSED] - click(findTestObject("Object Repository/Page_cabi Order Items/selectSize")): Object: 'Object Repository/Page_cabi Order Items/selectSize' is clicked on

2019-08-01 14:34:48 - [MESSAGE][PASSED] - Object: 'Object Repository/Page_cabi Order Items/selectSize' is clicked on

2019-08-01 14:34:48 - [TEST_STEP][PASSED] - click(findTestObject("Object Repository/Page_cabi Order Items/span_Add to Cart")): Object: 'Object Repository/Page_cabi Order Items/span_Add to Cart' is clicked on

2019-08-01 14:34:48 - [MESSAGE][PASSED] - Object: 'Object Repository/Page_cabi Order Items/span_Add to Cart' is clicked on

2019-08-01 14:34:48 - [TEST_STEP][PASSED] - delay(5): Delayed 5 second(s)

2019-08-01 14:34:53 - [MESSAGE][PASSED] - Delayed 5 second(s)

2019-08-01 14:34:53 - [TEST_STEP][PASSED] - click(findTestObject("Object Repository/Page_cabi Create Order/inputStyleLookup1")): Object: 'Object Repository/Page_cabi Create Order/inputStyleLookup1' is clicked on

2019-08-01 14:34:54 - [MESSAGE][PASSED] - Object: 'Object Repository/Page_cabi Create Order/inputStyleLookup1' is clicked on

2019-08-01 14:34:54 - [TEST_STEP][PASSED] - setText(findTestObject("Object Repository/Page_cabi Create Order/inputStyleLookup1"), addOnStyle2): Text '3702' is set on object 'Object Repository/Page_cabi Create Order/inputStyleLookup1'

2019-08-01 14:34:54 - [MESSAGE][PASSED] - Text '3702' is set on object 'Object Repository/Page_cabi Create Order/inputStyleLookup1'

2019-08-01 14:34:54 - [TEST_STEP][PASSED] - delay(3): Delayed 3 second(s)

2019-08-01 14:34:57 - [MESSAGE][PASSED] - Delayed 3 second(s)

2019-08-01 14:34:57 - [TEST_STEP][PASSED] - prod_message2 = getText(findTestObject("Page_cabi Create Order/first_option")): Text of object 'Object Repository/Page_cabi Create Order/first_option' is: '3702 Repose Cape'

2019-08-01 14:34:57 - [MESSAGE][PASSED] - Text of object 'Object Repository/Page_cabi Create Order/first_option' is: '3702 Repose Cape'

2019-08-01 14:34:57 - [TEST_STEP][PASSED] - click(findTestObject("Page_cabi Create Order/first_option")): Object: 'Object Repository/Page_cabi Create Order/first_option' is clicked on

2019-08-01 14:34:57 - [MESSAGE][PASSED] - Object: 'Object Repository/Page_cabi Create Order/first_option' is clicked on

2019-08-01 14:34:57 - [TEST_STEP][PASSED] - delay(5): Delayed 5 second(s)

2019-08-01 14:35:02 - [MESSAGE][PASSED] - Delayed 5 second(s)

2019-08-01 14:35:02 - [TEST_STEP][PASSED] - click(findTestObject("Object Repository/Page_cabi Order Items/selectSize2")): Object: 'Object Repository/Page_cabi Order Items/selectSize2' is clicked on

2019-08-01 14:35:02 - [MESSAGE][PASSED] - Object: 'Object Repository/Page_cabi Order Items/selectSize2' is clicked on

2019-08-01 14:35:02 - [TEST_STEP][PASSED] - click(findTestObject("Object Repository/Page_cabi Order Items/addToCart2")): Object: 'Object Repository/Page_cabi Order Items/addToCart2' is clicked on

2019-08-01 14:35:03 - [MESSAGE][PASSED] - Object: 'Object Repository/Page_cabi Order Items/addToCart2' is clicked on

2019-08-01 14:35:03 - [TEST_STEP][PASSED] - delay(5): Delayed 5 second(s)

2019-08-01 14:35:08 - [MESSAGE][PASSED] - Delayed 5 second(s)

2019-08-01 14:35:08 - [TEST_STEP][PASSED] - if (editScenarioNumber == 1): null

2019-08-01 14:35:08 - [TEST_STEP][PASSED] - click(findTestObject("Object Repository/Page_cabi Order Items/a_checkout")): Object: 'Object Repository/Page_cabi Order Items/a_checkout' is clicked on

2019-08-01 14:35:11 - [MESSAGE][PASSED] - Object: 'Object Repository/Page_cabi Order Items/a_checkout' is clicked on

2019-08-01 14:35:11 - [TEST_STEP][PASSED] - delay(3): Delayed 3 second(s)

2019-08-01 14:35:14 - [MESSAGE][PASSED] - Delayed 3 second(s)

2019-08-01 14:35:14 - [TEST_STEP][PASSED] - click(findTestObject("Page_cabi Personal Store/nextButtonShipping")): Object: 'Object Repository/Page_cabi Personal Store/nextButtonShipping' is clicked on

2019-08-01 14:35:14 - [MESSAGE][PASSED] - Object: 'Object Repository/Page_cabi Personal Store/nextButtonShipping' is clicked on

2019-08-01 14:35:14 - [TEST_STEP][PASSED] - delay(3): Delayed 3 second(s)

2019-08-01 14:35:17 - [MESSAGE][PASSED] - Delayed 3 second(s)

2019-08-01 14:35:17 - [TEST_STEP][PASSED] - click(findTestObject("Page_cabi Personal Store/makeFirstPayment")): Object: 'Object Repository/Page_cabi Personal Store/makeFirstPayment' is clicked on

2019-08-01 14:35:17 - [MESSAGE][PASSED] - Object: 'Object Repository/Page_cabi Personal Store/makeFirstPayment' is clicked on

2019-08-01 14:35:17 - [TEST_STEP][PASSED] - click(findTestObject("Object Repository/Page_cabi Personal Store/select_cash")): Object: 'Object Repository/Page_cabi Personal Store/select_cash' is clicked on

2019-08-01 14:35:17 - [MESSAGE][PASSED] - Object: 'Object Repository/Page_cabi Personal Store/select_cash' is clicked on

2019-08-01 14:35:17 - [TEST_STEP][PASSED] - click(findTestObject("Page_cabi Personal Store/submitPayment")): Object: 'Object Repository/Page_cabi Personal Store/submitPayment' is clicked on

2019-08-01 14:35:18 - [MESSAGE][PASSED] - Object: 'Object Repository/Page_cabi Personal Store/submitPayment' is clicked on

2019-08-01 14:35:18 - [TEST_STEP][PASSED] - click(findTestObject("Page_cabi Personal Store/submitOrderId")): Object: 'Object Repository/Page_cabi Personal Store/submitOrderId' is clicked on

2019-08-01 14:35:21 - [MESSAGE][PASSED] - Object: 'Object Repository/Page_cabi Personal Store/submitOrderId' is clicked on

2019-08-01 14:35:21 - [TEST_STEP][PASSED] - successMsg = "": null

2019-08-01 14:35:21 - [TEST_STEP][PASSED] - orderSuccess = false: null

2019-08-01 14:35:21 - [TEST_STEP][PASSED] - successMsgs = findWebElements(findTestObject("Object Repository/Page_cabi Personal Store/p_success_msg"), 5): null

2019-08-01 14:35:21 - [TEST_STEP][PASSED] - if (successMsgs.size() > 0): Text of object 'Object Repository/Page_cabi Personal Store/p_order_id' is: 'RT708089900'

2019-08-01 14:35:21 - [TEST_STEP][PASSED] - successMsg = getText(findTestObject("Object Repository/Page_cabi Personal Store/p_success_msg")): Text of object 'Object Repository/Page_cabi Personal Store/p_success_msg' is: 'Order Created Successfully!!
Order #:  RT708089900

CONTINUE SHOPPING'

2019-08-01 14:35:21 - [MESSAGE][PASSED] - Text of object 'Object Repository/Page_cabi Personal Store/p_success_msg' is: 'Order Created Successfully!!
Order #:  RT708089900

CONTINUE SHOPPING'

2019-08-01 14:35:21 - [TEST_STEP][PASSED] - orderSuccess = true: null

2019-08-01 14:35:21 - [TEST_STEP][PASSED] - retailOrderID = getText(findTestObject("Object Repository/Page_cabi Personal Store/p_order_id")): Text of object 'Object Repository/Page_cabi Personal Store/p_order_id' is: 'RT708089900'

2019-08-01 14:35:21 - [MESSAGE][PASSED] - Text of object 'Object Repository/Page_cabi Personal Store/p_order_id' is: 'RT708089900'

2019-08-01 14:35:22 - [TEST_STEP][PASSED] - assert orderSuccess == true: null

2019-08-01 14:35:22 - [TEST_STEP][NOT_RUN] - closeBrowser(): NOT_RUN: closeBrowser()

2019-08-01 14:35:22 - [MESSAGE][NOT_RUN] - NOT_RUN: closeBrowser()

2019-08-01 14:35:22 - [MESSAGE][PASSED] - Call Test Case 'Test Cases/editOrder/retailOrderBO' successfully

2019-08-01 14:35:22 - [TEST_STEP][PASSED] - delay(10): Delayed 10 second(s)

2019-08-01 14:35:32 - [MESSAGE][PASSED] - Delayed 10 second(s)

2019-08-01 14:35:32 - [TEST_STEP][PASSED] - callTestCase(findTestCase("TestCaseUtilities/setVHost"), [:], STOP_ON_FAILURE): Call Test Case 'Test Cases/TestCaseUtilities/setVHost' successfully

2019-08-01 14:35:32 - [TEST_CASE][PASSED] - Test Cases/TestCaseUtilities/setVHost: Test Cases/TestCaseUtilities/setVHost

2019-08-01 14:35:33 - [TEST_STEP][PASSED] - ofbizURL = findTestData("envtData").getValue("ofbizURL", 1): null

2019-08-01 14:35:33 - [TEST_STEP][PASSED] - ofbizUser = findTestData("credData").getValue("ofbizuser", 1): null

2019-08-01 14:35:33 - [TEST_STEP][PASSED] - ofbizPass = findTestData("credData").getValue("ofbizpass", 1): null

2019-08-01 14:35:33 - [TEST_STEP][PASSED] - vhostTarget = findTestData("envtData").getValue("vhostTarget", 1): null

2019-08-01 14:35:33 - [TEST_STEP][PASSED] - navigateToUrl(ofbizURL): Navigate to 'https://pushofbiz.cliotest.com/login.php' successfully

2019-08-01 14:35:35 - [MESSAGE][PASSED] - Navigate to 'https://pushofbiz.cliotest.com/login.php' successfully

2019-08-01 14:35:35 - [TEST_STEP][PASSED] - setText(findTestObject("Object Repository/virualShowRSVPOR/Page_/input_Username_username"), ofbizUser): Text 'automation' is set on object 'Object Repository/virualShowRSVPOR/Page_/input_Username_username'

2019-08-01 14:35:36 - [MESSAGE][PASSED] - Text 'automation' is set on object 'Object Repository/virualShowRSVPOR/Page_/input_Username_username'

2019-08-01 14:35:36 - [TEST_STEP][PASSED] - setText(findTestObject("Object Repository/virualShowRSVPOR/Page_/input_Password_password"), ofbizPass): Text 'cabiautomation' is set on object 'Object Repository/virualShowRSVPOR/Page_/input_Password_password'

2019-08-01 14:35:36 - [MESSAGE][PASSED] - Text 'cabiautomation' is set on object 'Object Repository/virualShowRSVPOR/Page_/input_Password_password'

2019-08-01 14:35:36 - [TEST_STEP][PASSED] - click(findTestObject("Object Repository/virualShowRSVPOR/Page_/input_Password_Submit")): Object: 'Object Repository/virualShowRSVPOR/Page_/input_Password_Submit' is clicked on

2019-08-01 14:35:40 - [MESSAGE][PASSED] - Object: 'Object Repository/virualShowRSVPOR/Page_/input_Password_Submit' is clicked on

2019-08-01 14:35:40 - [TEST_STEP][PASSED] - click(findTestObject("Object Repository/virualShowRSVPOR/Page_/a_Set Vhost")): Object: 'Object Repository/virualShowRSVPOR/Page_/a_Set Vhost' is clicked on

2019-08-01 14:35:41 - [MESSAGE][PASSED] - Object: 'Object Repository/virualShowRSVPOR/Page_/a_Set Vhost' is clicked on

2019-08-01 14:35:41 - [TEST_STEP][PASSED] - click(UtilityMethods.createTestObject("select_target", "//select[@name='Target']/option[contains(text(), '", vhostTarget, "')]")): Object: 'select_target' is clicked on

2019-08-01 14:35:41 - [MESSAGE][PASSED] - Object: 'select_target' is clicked on

2019-08-01 14:35:41 - [TEST_STEP][PASSED] - click(findTestObject("Object Repository/virualShowRSVPOR/Page_/input")): Object: 'Object Repository/virualShowRSVPOR/Page_/input' is clicked on

2019-08-01 14:35:43 - [MESSAGE][PASSED] - Object: 'Object Repository/virualShowRSVPOR/Page_/input' is clicked on

2019-08-01 14:35:43 - [MESSAGE][PASSED] - Call Test Case 'Test Cases/TestCaseUtilities/setVHost' successfully

2019-08-01 14:35:43 - [TEST_STEP][PASSED] - callTestCase(findTestCase("TestCaseUtilities/rsLogin"), ["RSURL":"", "RSuser":"", "RSpass":""], STOP_ON_FAILURE): Call Test Case 'Test Cases/TestCaseUtilities/rsLogin' successfully

2019-08-01 14:35:44 - [TEST_CASE][PASSED] - Test Cases/TestCaseUtilities/rsLogin: Test Cases/TestCaseUtilities/rsLogin

2019-08-01 14:35:44 - [TEST_STEP][PASSED] - dataFile = "micrositeData": null

2019-08-01 14:35:44 - [TEST_STEP][PASSED] - guest1Mail = findTestData(dataFile).getValue("guest1Mail", 1): null

2019-08-01 14:35:44 - [TEST_STEP][PASSED] - guest1Pass = findTestData(dataFile).getValue("guest1Pass", 1): null

2019-08-01 14:35:44 - [TEST_STEP][PASSED] - RSTestEnvt = findTestData("envtData").getValue("RSTestEnvt", 1): null

2019-08-01 14:35:44 - [TEST_STEP][PASSED] - openBrowser(""): Browser is opened with url: ''

2019-08-01 14:35:44 - [MESSAGE][WARNING] - A browser is already opened. Closing browser and opening a new one

2019-08-01 14:35:46 - [MESSAGE][INFO] - Starting 'Chrome' driver

2019-08-01 14:35:46 - [MESSAGE][INFO] - User set preference: ['args', '[--use-fake-ui-for-media-stream, --start-maximized]']

2019-08-01 14:35:48 - [MESSAGE][PASSED] - Browser is opened with url: ''

2019-08-01 14:35:48 - [TEST_STEP][PASSED] - callTestCase(findTestCase("TestCaseUtilities/setVHost"), [:], STOP_ON_FAILURE): Call Test Case 'Test Cases/TestCaseUtilities/setVHost' successfully

2019-08-01 14:35:49 - [TEST_CASE][PASSED] - Test Cases/TestCaseUtilities/setVHost: Test Cases/TestCaseUtilities/setVHost

2019-08-01 14:35:49 - [TEST_STEP][PASSED] - ofbizURL = findTestData("envtData").getValue("ofbizURL", 1): null

2019-08-01 14:35:49 - [TEST_STEP][PASSED] - ofbizUser = findTestData("credData").getValue("ofbizuser", 1): null

2019-08-01 14:35:49 - [TEST_STEP][PASSED] - ofbizPass = findTestData("credData").getValue("ofbizpass", 1): null

2019-08-01 14:35:49 - [TEST_STEP][PASSED] - vhostTarget = findTestData("envtData").getValue("vhostTarget", 1): null

2019-08-01 14:35:49 - [TEST_STEP][PASSED] - navigateToUrl(ofbizURL): Navigate to 'https://pushofbiz.cliotest.com/login.php' successfully

2019-08-01 14:35:51 - [MESSAGE][PASSED] - Navigate to 'https://pushofbiz.cliotest.com/login.php' successfully

2019-08-01 14:35:51 - [TEST_STEP][PASSED] - setText(findTestObject("Object Repository/virualShowRSVPOR/Page_/input_Username_username"), ofbizUser): Text 'automation' is set on object 'Object Repository/virualShowRSVPOR/Page_/input_Username_username'

2019-08-01 14:35:52 - [MESSAGE][PASSED] - Text 'automation' is set on object 'Object Repository/virualShowRSVPOR/Page_/input_Username_username'

2019-08-01 14:35:52 - [TEST_STEP][PASSED] - setText(findTestObject("Object Repository/virualShowRSVPOR/Page_/input_Password_password"), ofbizPass): Text 'cabiautomation' is set on object 'Object Repository/virualShowRSVPOR/Page_/input_Password_password'

2019-08-01 14:35:52 - [MESSAGE][PASSED] - Text 'cabiautomation' is set on object 'Object Repository/virualShowRSVPOR/Page_/input_Password_password'

2019-08-01 14:35:52 - [TEST_STEP][PASSED] - click(findTestObject("Object Repository/virualShowRSVPOR/Page_/input_Password_Submit")): Object: 'Object Repository/virualShowRSVPOR/Page_/input_Password_Submit' is clicked on

2019-08-01 14:35:56 - [MESSAGE][PASSED] - Object: 'Object Repository/virualShowRSVPOR/Page_/input_Password_Submit' is clicked on

2019-08-01 14:35:56 - [TEST_STEP][PASSED] - click(findTestObject("Object Repository/virualShowRSVPOR/Page_/a_Set Vhost")): Object: 'Object Repository/virualShowRSVPOR/Page_/a_Set Vhost' is clicked on

2019-08-01 14:35:56 - [MESSAGE][PASSED] - Object: 'Object Repository/virualShowRSVPOR/Page_/a_Set Vhost' is clicked on

2019-08-01 14:35:56 - [TEST_STEP][PASSED] - click(UtilityMethods.createTestObject("select_target", "//select[@name='Target']/option[contains(text(), '", vhostTarget, "')]")): Object: 'select_target' is clicked on

2019-08-01 14:35:57 - [MESSAGE][PASSED] - Object: 'select_target' is clicked on

2019-08-01 14:35:57 - [TEST_STEP][PASSED] - click(findTestObject("Object Repository/virualShowRSVPOR/Page_/input")): Object: 'Object Repository/virualShowRSVPOR/Page_/input' is clicked on

2019-08-01 14:35:59 - [MESSAGE][PASSED] - Object: 'Object Repository/virualShowRSVPOR/Page_/input' is clicked on

2019-08-01 14:35:59 - [MESSAGE][PASSED] - Call Test Case 'Test Cases/TestCaseUtilities/setVHost' successfully

2019-08-01 14:35:59 - [TEST_STEP][PASSED] - loginURL = UtilityMethods.concat("https://mirandakate.", RSTestEnvt, ".com/?component=account.login-gateway"): null

2019-08-01 14:35:59 - [TEST_STEP][PASSED] - navigateToUrl(loginURL): Navigate to 'https://mirandakate.cabitest5.com/?component=account.login-gateway' successfully

2019-08-01 14:36:29 - [MESSAGE][PASSED] - Navigate to 'https://mirandakate.cabitest5.com/?component=account.login-gateway' successfully

2019-08-01 14:36:29 - [TEST_STEP][PASSED] - "Login with the invited guest": null

2019-08-01 14:36:29 - [TEST_STEP][PASSED] - delay(3): Delayed 3 second(s)

2019-08-01 14:36:32 - [MESSAGE][PASSED] - Delayed 3 second(s)

2019-08-01 14:36:32 - [TEST_STEP][PASSED] - setText(findTestObject("Object Repository/virualShowRSVPOR/Page_Show microsite/input_Sign in  Create account_email"), guest1Mail): Text 'vishalguest1@test.com' is set on object 'Object Repository/virualShowRSVPOR/Page_Show microsite/input_Sign in  Create account_email'

2019-08-01 14:36:33 - [MESSAGE][PASSED] - Text 'vishalguest1@test.com' is set on object 'Object Repository/virualShowRSVPOR/Page_Show microsite/input_Sign in  Create account_email'

2019-08-01 14:36:33 - [TEST_STEP][PASSED] - click(findTestObject("Object Repository/virualShowRSVPOR/Page_Show microsite/button_Continue")): Object: 'Object Repository/virualShowRSVPOR/Page_Show microsite/button_Continue' is clicked on

2019-08-01 14:36:33 - [MESSAGE][PASSED] - Object: 'Object Repository/virualShowRSVPOR/Page_Show microsite/button_Continue' is clicked on

2019-08-01 14:36:33 - [TEST_STEP][PASSED] - setText(findTestObject("Object Repository/virualShowRSVPOR/Page_Show microsite/input_Welcome_password"), guest1Pass): Text 'blackdress19' is set on object 'Object Repository/virualShowRSVPOR/Page_Show microsite/input_Welcome_password'

2019-08-01 14:36:36 - [MESSAGE][PASSED] - Text 'blackdress19' is set on object 'Object Repository/virualShowRSVPOR/Page_Show microsite/input_Welcome_password'

2019-08-01 14:36:36 - [TEST_STEP][PASSED] - click(findTestObject("Object Repository/virualShowRSVPOR/Page_Show microsite/button_Continue_pass")): Object: 'Object Repository/virualShowRSVPOR/Page_Show microsite/button_Continue_pass' is clicked on

2019-08-01 14:36:36 - [MESSAGE][PASSED] - Object: 'Object Repository/virualShowRSVPOR/Page_Show microsite/button_Continue_pass' is clicked on

2019-08-01 14:36:36 - [TEST_STEP][PASSED] - delay(5): Delayed 5 second(s)

2019-08-01 14:36:41 - [MESSAGE][PASSED] - Delayed 5 second(s)

2019-08-01 14:36:41 - [TEST_STEP][PASSED] - if (verifyElementPresent(findTestObject("Object Repository/virualShowRSVPOR/Page_Show microsite/complete_my_profile_later"), 0)): Object: 'Object Repository/virualShowRSVPOR/Page_Show microsite/div_Ill complete my profile later' is clicked on

2019-08-01 14:36:41 - [MESSAGE][WARNING] - Timeout '0' is invalid. Using default page load timeout: '30'

2019-08-01 14:36:41 - [MESSAGE][PASSED] - Object 'Object Repository/virualShowRSVPOR/Page_Show microsite/complete_my_profile_later' is present

2019-08-01 14:36:41 - [TEST_STEP][PASSED] - click(findTestObject("Object Repository/virualShowRSVPOR/Page_Show microsite/div_Ill complete my profile later")): Object: 'Object Repository/virualShowRSVPOR/Page_Show microsite/div_Ill complete my profile later' is clicked on

2019-08-01 14:36:58 - [MESSAGE][PASSED] - Object: 'Object Repository/virualShowRSVPOR/Page_Show microsite/div_Ill complete my profile later' is clicked on

2019-08-01 14:36:58 - [MESSAGE][PASSED] - Call Test Case 'Test Cases/TestCaseUtilities/rsLogin' successfully

2019-08-01 14:36:58 - [TEST_STEP][PASSED] - callTestCase(findTestCase("editOrder/rsOrderHistoryConfirm"), ["orderID":"", "editScenarioNumber":1], STOP_ON_FAILURE): Call Test Case 'Test Cases/editOrder/rsOrderHistoryConfirm' successfully

2019-08-01 14:36:58 - [TEST_CASE][PASSED] - Test Cases/editOrder/rsOrderHistoryConfirm: Test Cases/editOrder/rsOrderHistoryConfirm

2019-08-01 14:37:00 - [TEST_STEP][PASSED] - orderID = retailOrderID: null

2019-08-01 14:37:00 - [TEST_STEP][PASSED] - println(orderID): null

2019-08-01 14:37:00 - [TEST_STEP][PASSED] - xpath = UtilityMethods.concat("//span[contains(text(), '", orderID, "')]/parent::div/parent::div/div[@class='table-row-edit-order']//a"): null

2019-08-01 14:37:00 - [TEST_STEP][PASSED] - to = new com.kms.katalon.core.testobject.TestObject(a_link_dynamic): null

2019-08-01 14:37:00 - [TEST_STEP][PASSED] - to.addProperty("xpath", EQUALS, xpath): null

2019-08-01 14:37:00 - [TEST_STEP][PASSED] - click(findTestObject("ReplicatedSite/rs_Page_Trendy/i_Michigan_fa fa-caret-down")): Object: 'Object Repository/ReplicatedSite/rs_Page_Trendy/i_Michigan_fa fa-caret-down' is clicked on

2019-08-01 14:37:00 - [MESSAGE][PASSED] - Object: 'Object Repository/ReplicatedSite/rs_Page_Trendy/i_Michigan_fa fa-caret-down' is clicked on

2019-08-01 14:37:00 - [TEST_STEP][PASSED] - click(findTestObject("ReplicatedSite/rs_Page_Trendy/a_My Profile")): Object: 'Object Repository/ReplicatedSite/rs_Page_Trendy/a_My Profile' is clicked on

2019-08-01 14:37:14 - [MESSAGE][PASSED] - Object: 'Object Repository/ReplicatedSite/rs_Page_Trendy/a_My Profile' is clicked on

2019-08-01 14:37:14 - [TEST_STEP][PASSED] - click(findTestObject("Object Repository/ReplicatedSite/Page_Profile - Cabi Fall 2018 Collection/span_Order History")): Object: 'Object Repository/ReplicatedSite/Page_Profile - Cabi Fall 2018 Collection/span_Order History' is clicked on

2019-08-01 14:37:14 - [MESSAGE][PASSED] - Object: 'Object Repository/ReplicatedSite/Page_Profile - Cabi Fall 2018 Collection/span_Order History' is clicked on

2019-08-01 14:37:14 - [TEST_STEP][PASSED] - delay(5): Delayed 5 second(s)

2019-08-01 14:37:19 - [MESSAGE][PASSED] - Delayed 5 second(s)

2019-08-01 14:37:19 - [TEST_STEP][PASSED] - editButton = findWebElements(to, 1): null

2019-08-01 14:37:19 - [TEST_STEP][PASSED] - assert editButton.size() > 0: null

2019-08-01 14:37:19 - [TEST_STEP][PASSED] - if (editButton.size() > 0): Actual text and expected text of test object 'div_cancelled_order' are matched.

2019-08-01 14:37:19 - [TEST_STEP][PASSED] - click(to): Object: 'a_link_dynamic' is clicked on

2019-08-01 14:37:19 - [MESSAGE][PASSED] - Object: 'a_link_dynamic' is clicked on

2019-08-01 14:37:19 - [TEST_STEP][PASSED] - delay(10): Delayed 10 second(s)

2019-08-01 14:37:29 - [MESSAGE][PASSED] - Delayed 10 second(s)

2019-08-01 14:37:29 - [TEST_STEP][PASSED] - if (editScenarioNumber == 1): Actual text and expected text of test object 'div_cancelled_order' are matched.

2019-08-01 14:37:29 - [TEST_STEP][PASSED] - println("scen = 1"): null

2019-08-01 14:37:29 - [TEST_STEP][PASSED] - click(findTestObject("Object Repository/ReplicatedSite/a_update_order")): Object: 'Object Repository/ReplicatedSite/a_update_order' is clicked on

2019-08-01 14:37:35 - [MESSAGE][PASSED] - Object: 'Object Repository/ReplicatedSite/a_update_order' is clicked on

2019-08-01 14:37:35 - [TEST_STEP][PASSED] - delay(5): Delayed 5 second(s)

2019-08-01 14:37:40 - [MESSAGE][PASSED] - Delayed 5 second(s)

2019-08-01 14:37:40 - [TEST_STEP][PASSED] - callTestCase(findTestCase("editOrder/rsUpdateOrder"), [:], STOP_ON_FAILURE): Call Test Case 'Test Cases/editOrder/rsUpdateOrder' successfully

2019-08-01 14:37:40 - [TEST_CASE][PASSED] - Test Cases/editOrder/rsUpdateOrder: Test Cases/editOrder/rsUpdateOrder

2019-08-01 14:37:41 - [TEST_STEP][PASSED] - driver = getWebDriver(): null

2019-08-01 14:37:41 - [TEST_STEP][PASSED] - executor = driver: null

2019-08-01 14:37:41 - [TEST_STEP][PASSED] - element = <not implemented yet for class: org.codehaus.groovy.ast.expr.EmptyExpression>: null

2019-08-01 14:37:41 - [TEST_STEP][PASSED] - actions = <not implemented yet for class: org.codehaus.groovy.ast.expr.EmptyExpression>: null

2019-08-01 14:37:41 - [TEST_STEP][PASSED] - click(findTestObject("Object Repository/ReplicatedSite/input_other_address")): Object: 'Object Repository/ReplicatedSite/input_other_address' is clicked on

2019-08-01 14:37:52 - [MESSAGE][PASSED] - Object: 'Object Repository/ReplicatedSite/input_other_address' is clicked on

2019-08-01 14:37:52 - [TEST_STEP][PASSED] - contactNumber = 4: null

2019-08-01 14:37:52 - [TEST_STEP][PASSED] - address1 = findTestData("contactData").getValue("address1", contactNumber): null

2019-08-01 14:37:52 - [TEST_STEP][PASSED] - city = findTestData("contactData").getValue("city", contactNumber): null

2019-08-01 14:37:52 - [TEST_STEP][PASSED] - state = findTestData("contactData").getValue("state", contactNumber): null

2019-08-01 14:37:52 - [TEST_STEP][PASSED] - zip = findTestData("contactData").getValue("zip", contactNumber): null

2019-08-01 14:37:52 - [TEST_STEP][PASSED] - setText(findTestObject("Object Repository/ReplicatedSite/input_address1_update"), address1): Text '3218 S MACDILL AVE' is set on object 'Object Repository/ReplicatedSite/input_address1_update'

2019-08-01 14:37:53 - [MESSAGE][PASSED] - Text '3218 S MACDILL AVE' is set on object 'Object Repository/ReplicatedSite/input_address1_update'

2019-08-01 14:37:53 - [TEST_STEP][PASSED] - setText(findTestObject("Object Repository/ReplicatedSite/input_city_update"), city): Text 'TAMPA' is set on object 'Object Repository/ReplicatedSite/input_city_update'

2019-08-01 14:37:54 - [MESSAGE][PASSED] - Text 'TAMPA' is set on object 'Object Repository/ReplicatedSite/input_city_update'

2019-08-01 14:37:54 - [TEST_STEP][PASSED] - xpath = UtilityMethods.concat("//select[@id='stateProvince']/option[@label='", state, "']"): null

2019-08-01 14:37:54 - [TEST_STEP][PASSED] - addressState = new com.kms.katalon.core.testobject.TestObject(select_state_dynamic): null

2019-08-01 14:37:54 - [TEST_STEP][PASSED] - addressState.addProperty("xpath", EQUALS, xpath): null

2019-08-01 14:37:54 - [TEST_STEP][PASSED] - click(addressState): Object: 'select_state_dynamic' is clicked on

2019-08-01 14:37:54 - [MESSAGE][PASSED] - Object: 'select_state_dynamic' is clicked on

2019-08-01 14:37:54 - [TEST_STEP][PASSED] - setText(findTestObject("Object Repository/ReplicatedSite/input_postal_code_update"), zip): Text '33629' is set on object 'Object Repository/ReplicatedSite/input_postal_code_update'

2019-08-01 14:37:54 - [MESSAGE][PASSED] - Text '33629' is set on object 'Object Repository/ReplicatedSite/input_postal_code_update'

2019-08-01 14:37:54 - [TEST_STEP][PASSED] - delay(4): Delayed 4 second(s)

2019-08-01 14:37:58 - [MESSAGE][PASSED] - Delayed 4 second(s)

2019-08-01 14:37:58 - [TEST_STEP][PASSED] - driver = getWebDriver(): null

2019-08-01 14:37:58 - [TEST_STEP][PASSED] - element = driver.findElement(By.xpath("//button[@type='submit']/span[contains(text(), 'Save')]")): null

2019-08-01 14:37:58 - [TEST_STEP][PASSED] - actions = new org.openqa.selenium.interactions.Actions(driver): null

2019-08-01 14:37:58 - [TEST_STEP][PASSED] - build().perform(): null

2019-08-01 14:37:59 - [TEST_STEP][PASSED] - waitForElementClickable(findTestObject("Object Repository/ReplicatedSite/button_save_and_continue"), 30): Object 'Object Repository/ReplicatedSite/button_save_and_continue' is clickable

2019-08-01 14:37:59 - [MESSAGE][PASSED] - Object 'Object Repository/ReplicatedSite/button_save_and_continue' is clickable

2019-08-01 14:37:59 - [TEST_STEP][PASSED] - element = driver.findElement(By.xpath("(//button[@class='btn pull-right'])[1]")): null

2019-08-01 14:37:59 - [TEST_STEP][PASSED] - executor = driver: null

2019-08-01 14:37:59 - [TEST_STEP][PASSED] - executor.executeScript("arguments[0].click();", element): null

2019-08-01 14:37:59 - [TEST_STEP][PASSED] - delay(3): Delayed 3 second(s)

2019-08-01 14:38:02 - [MESSAGE][PASSED] - Delayed 3 second(s)

2019-08-01 14:38:02 - [TEST_STEP][PASSED] - click(findTestObject("Object Repository/ReplicatedSite/input_make_donation")): Object: 'Object Repository/ReplicatedSite/input_make_donation' is clicked on

2019-08-01 14:38:02 - [MESSAGE][PASSED] - Object: 'Object Repository/ReplicatedSite/input_make_donation' is clicked on

2019-08-01 14:38:02 - [TEST_STEP][PASSED] - delay(2): Delayed 2 second(s)

2019-08-01 14:38:04 - [MESSAGE][PASSED] - Delayed 2 second(s)

2019-08-01 14:38:04 - [TEST_STEP][PASSED] - click(findTestObject("Object Repository/ReplicatedSite/input_make_donation")): Object: 'Object Repository/ReplicatedSite/input_make_donation' is clicked on

2019-08-01 14:38:04 - [MESSAGE][PASSED] - Object: 'Object Repository/ReplicatedSite/input_make_donation' is clicked on

2019-08-01 14:38:04 - [TEST_STEP][PASSED] - click(findTestObject("Object Repository/ReplicatedSite/input_pay_with_gc")): Object: 'Object Repository/ReplicatedSite/input_pay_with_gc' is clicked on

2019-08-01 14:38:05 - [MESSAGE][PASSED] - Object: 'Object Repository/ReplicatedSite/input_pay_with_gc' is clicked on

2019-08-01 14:38:05 - [TEST_STEP][PASSED] - delay(2): Delayed 2 second(s)

2019-08-01 14:38:07 - [MESSAGE][PASSED] - Delayed 2 second(s)

2019-08-01 14:38:07 - [TEST_STEP][PASSED] - click(findTestObject("Object Repository/ReplicatedSite/input_pay_with_gc")): Object: 'Object Repository/ReplicatedSite/input_pay_with_gc' is clicked on

2019-08-01 14:38:07 - [MESSAGE][PASSED] - Object: 'Object Repository/ReplicatedSite/input_pay_with_gc' is clicked on

2019-08-01 14:38:07 - [TEST_STEP][PASSED] - click(findTestObject("Object Repository/ReplicatedSite/input_pay_with_credit")): Object: 'Object Repository/ReplicatedSite/input_pay_with_credit' is clicked on

2019-08-01 14:38:08 - [MESSAGE][PASSED] - Object: 'Object Repository/ReplicatedSite/input_pay_with_credit' is clicked on

2019-08-01 14:38:08 - [TEST_STEP][PASSED] - delay(2): Delayed 2 second(s)

2019-08-01 14:38:10 - [MESSAGE][PASSED] - Delayed 2 second(s)

2019-08-01 14:38:10 - [TEST_STEP][PASSED] - click(findTestObject("Object Repository/ReplicatedSite/input_pay_with_credit")): Object: 'Object Repository/ReplicatedSite/input_pay_with_credit' is clicked on

2019-08-01 14:38:10 - [MESSAGE][PASSED] - Object: 'Object Repository/ReplicatedSite/input_pay_with_credit' is clicked on

2019-08-01 14:38:10 - [TEST_STEP][PASSED] - delay(2): Delayed 2 second(s)

2019-08-01 14:38:12 - [MESSAGE][PASSED] - Delayed 2 second(s)

2019-08-01 14:38:12 - [TEST_STEP][PASSED] - RSURL = findTestData("envtData").getValue("RSURL", 1): null

2019-08-01 14:38:12 - [TEST_STEP][PASSED] - cartURL = UtilityMethods.concat(RSURL, "/cart/"): null

2019-08-01 14:38:12 - [TEST_STEP][PASSED] - navigateToUrl(cartURL): Navigate to 'https://mirandakate.cabitest5.com/cart/' successfully

2019-08-01 14:38:28 - [MESSAGE][PASSED] - Navigate to 'https://mirandakate.cabitest5.com/cart/' successfully

2019-08-01 14:38:28 - [MESSAGE][PASSED] - Call Test Case 'Test Cases/editOrder/rsUpdateOrder' successfully

2019-08-01 14:38:28 - [TEST_STEP][PASSED] - delay(3): Delayed 3 second(s)

2019-08-01 14:38:31 - [MESSAGE][PASSED] - Delayed 3 second(s)

2019-08-01 14:38:31 - [TEST_STEP][PASSED] - click(findTestObject("Object Repository/ReplicatedSite/a_cancel_edit")): Object: 'Object Repository/ReplicatedSite/a_cancel_edit' is clicked on

2019-08-01 14:38:31 - [MESSAGE][PASSED] - Object: 'Object Repository/ReplicatedSite/a_cancel_edit' is clicked on

2019-08-01 14:38:31 - [TEST_STEP][PASSED] - cancelEditButton = findWebElements(findTestObject("Object Repository/ReplicatedSite/h2_sure_to_cancel_edit"), 1): null

2019-08-01 14:38:31 - [TEST_STEP][PASSED] - assert cancelEditButton.size() > 0: null

2019-08-01 14:38:31 - [TEST_STEP][PASSED] - click(findTestObject("ReplicatedSite/button_yes_cancel_edit")): Object: 'Object Repository/ReplicatedSite/button_yes_cancel_edit' is clicked on

2019-08-01 14:38:32 - [MESSAGE][PASSED] - Object: 'Object Repository/ReplicatedSite/button_yes_cancel_edit' is clicked on

2019-08-01 14:38:32 - [TEST_STEP][PASSED] - delay(5): Delayed 5 second(s)

2019-08-01 14:38:37 - [MESSAGE][PASSED] - Delayed 5 second(s)

2019-08-01 14:38:37 - [TEST_STEP][PASSED] - click(to): Object: 'a_link_dynamic' is clicked on

2019-08-01 14:38:47 - [MESSAGE][PASSED] - Object: 'a_link_dynamic' is clicked on

2019-08-01 14:38:47 - [TEST_STEP][PASSED] - delay(5): Delayed 5 second(s)

2019-08-01 14:38:52 - [MESSAGE][PASSED] - Delayed 5 second(s)

2019-08-01 14:38:52 - [TEST_STEP][PASSED] - click(findTestObject("Object Repository/ReplicatedSite/a_cancel_order")): Object: 'Object Repository/ReplicatedSite/a_cancel_order' is clicked on

2019-08-01 14:39:02 - [MESSAGE][PASSED] - Object: 'Object Repository/ReplicatedSite/a_cancel_order' is clicked on

2019-08-01 14:39:02 - [TEST_STEP][PASSED] - cancelOrderButton = findWebElements(findTestObject("Object Repository/ReplicatedSite/h2_sure_to_cancel_order"), 1): null

2019-08-01 14:39:03 - [TEST_STEP][PASSED] - assert cancelOrderButton.size() > 0: null

2019-08-01 14:39:03 - [TEST_STEP][PASSED] - click(findTestObject("Object Repository/ReplicatedSite/button_yes_cancel_order")): Object: 'Object Repository/ReplicatedSite/button_yes_cancel_order' is clicked on

2019-08-01 14:39:03 - [MESSAGE][PASSED] - Object: 'Object Repository/ReplicatedSite/button_yes_cancel_order' is clicked on

2019-08-01 14:39:03 - [TEST_STEP][PASSED] - delay(5): Delayed 5 second(s)

2019-08-01 14:39:08 - [MESSAGE][PASSED] - Delayed 5 second(s)

2019-08-01 14:39:08 - [TEST_STEP][PASSED] - div_cancelled_order = UtilityMethods.createTestObject("div_cancelled_order", "//span[contains(text(), '", orderID, "')]/parent::div/parent::div/div[@class='table-row-status']/span"): null

2019-08-01 14:39:08 - [TEST_STEP][PASSED] - println(getText(div_cancelled_order)): Text of object 'div_cancelled_order' is: 'Cancelled'

2019-08-01 14:39:18 - [MESSAGE][PASSED] - Text of object 'div_cancelled_order' is: 'Cancelled'

2019-08-01 14:39:18 - [TEST_STEP][PASSED] - verifyElementText(div_cancelled_order, "Cancelled"): Actual text and expected text of test object 'div_cancelled_order' are matched.

2019-08-01 14:39:18 - [MESSAGE][PASSED] - Actual text and expected text of test object 'div_cancelled_order' are matched.

2019-08-01 14:39:18 - [MESSAGE][PASSED] - Call Test Case 'Test Cases/editOrder/rsOrderHistoryConfirm' successfully]]></system-out>
         <system-err><![CDATA[]]></system-err>
      </testcase>
      <system-out><![CDATA[2019-08-01 14:32:58 - [TEST_SUITE][PASSED] - EditOrderTestSuit: Test Cases/editOrder/rsEditOrderSimple]]></system-out>
      <system-err><![CDATA[]]></system-err>
   </testsuite>
</testsuites>
