<?xml version="1.0" encoding="UTF-8"?>
<testsuites name="OrderCreatorSuiteAddonOrderPersonal" time="350" tests="1" failures="0" errors="0">
   <testsuite name="OrderCreatorSuiteAddonOrderPersonal" tests="1" failures="0" errors="0" time="350" timestamp="2019-10-24 15:14:00" hostname="user - 10.0.102.86" id="Test Suites/OrderCreatorSuites/OrderCreatorSuiteAddonOrderPersonal">
      <properties>
         <property name="deviceName" value=""/>
         <property name="devicePlatform" value=""/>
         <property name="logFolder" value="C:\\Users\\user\\Documents\\testautomation\\KatalonProjects\\Reports\\OrderCreatorSuites\\OrderCreatorSuiteAddonOrderPersonal\\20191024_151347"/>
         <property name="logFiles" value="C:\\Users\\user\\Documents\\testautomation\\KatalonProjects\\Reports\\OrderCreatorSuites\\OrderCreatorSuiteAddonOrderPersonal\\20191024_151347\\execution0.log"/>
         <property name="attachments" value=""/>
         <property name="hostName" value="user - 10.0.102.86"/>
         <property name="os" value="Windows 8.1 64bit"/>
         <property name="katalonVersion" value="6.1.1.1"/>
         <property name="browser" value="Chrome 77.0.3865.120"/>
         <property name="hostAddress" value="10.0.102.86"/>
         <property name="sessionId" value="dbb707ef721f1d66173dd7b99f9af4bb"/>
         <property name="seleniumVersion" value="3.7.1"/>
         <property name="proxyInformation" value="ProxyInformation{proxyOption=NO_PROXY, proxyServerType=HTTP, password=, proxyServerAddress=, proxyServerPort=0}"/>
         <property name="platform" value="Windows 8.1"/>
      </properties>
      <testcase name="Test Cases/OrderCreator/massOrderCreationAddOnOrderPersonal" classname="Test Cases/OrderCreator/massOrderCreationAddOnOrderPersonal" status="PASSED">
         <system-out><![CDATA[2019-10-24 15:14:01 - [TEST_CASE][PASSED] - Test Cases/OrderCreator/massOrderCreationAddOnOrderPersonal: Test Cases/OrderCreator/massOrderCreationAddOnOrderPersonal

2019-10-24 15:14:01 - [TEST_STEP][PASSED] - Start listener action : sampleBeforeTestCase: null

2019-10-24 15:14:01 - [TEST_STEP][PASSED] - println(testCaseContext.getTestCaseId()): null

2019-10-24 15:14:01 - [TEST_STEP][PASSED] - println(testCaseContext.getTestCaseVariables()): null

2019-10-24 15:14:04 - [TEST_STEP][PASSED] - openBrowser(""): Browser is opened with url: ''

2019-10-24 15:14:08 - [MESSAGE][INFO] - Starting 'Chrome' driver

2019-10-24 15:14:08 - [MESSAGE][INFO] - User set preference: ['args', '[--use-fake-ui-for-media-stream, --start-maximized]']

2019-10-24 15:14:08 - [MESSAGE][INFO] - Action delay is set to 0 seconds

2019-10-24 15:14:16 - [MESSAGE][PASSED] - Browser is opened with url: ''

2019-10-24 15:14:16 - [TEST_STEP][PASSED] - dataFile = "orderCreationData": null

2019-10-24 15:14:16 - [TEST_STEP][PASSED] - orderType = 4: null

2019-10-24 15:14:16 - [TEST_STEP][PASSED] - noOfOrders = Integer.parseInt(findTestData(dataFile).getValue("noOfOrders", orderType)): null

2019-10-24 15:14:20 - [TEST_STEP][PASSED] - ship = findTestData(dataFile).getValue("shipping", orderType): null

2019-10-24 15:14:20 - [TEST_STEP][PASSED] - println(noOfOrders): null

2019-10-24 15:14:20 - [TEST_STEP][PASSED] - println(ship): null

2019-10-24 15:14:20 - [TEST_STEP][PASSED] - for ([i = 1, i <= noOfOrders, (i++)]): Call Test Case 'Test Cases/OrderCreator/addOnOrderPersonal' successfully

2019-10-24 15:14:20 - [TEST_STEP][PASSED] - callTestCase(findTestCase("Test Cases/OrderCreator/addOnOrderPersonal"), ["ship":ship], CONTINUE_ON_FAILURE): Call Test Case 'Test Cases/OrderCreator/addOnOrderPersonal' successfully

2019-10-24 15:14:20 - [TEST_CASE][PASSED] - Test Cases/OrderCreator/addOnOrderPersonal: Test Cases/OrderCreator/addOnOrderPersonal

2019-10-24 15:14:22 - [TEST_STEP][PASSED] - openBrowser(""): Browser is opened with url: ''

2019-10-24 15:14:22 - [MESSAGE][WARNING] - A browser is already opened. Closing browser and opening a new one

2019-10-24 15:14:28 - [MESSAGE][INFO] - Starting 'Chrome' driver

2019-10-24 15:14:28 - [MESSAGE][INFO] - User set preference: ['args', '[--use-fake-ui-for-media-stream, --start-maximized]']

2019-10-24 15:14:31 - [MESSAGE][PASSED] - Browser is opened with url: ''

2019-10-24 15:14:31 - [TEST_STEP][PASSED] - addOnStyle = findTestData("miscData").getValue("addOnStyle", 1): null

2019-10-24 15:14:31 - [TEST_STEP][PASSED] - rmaNumber = <not implemented yet for class: org.codehaus.groovy.ast.expr.EmptyExpression>: null

2019-10-24 15:14:31 - [TEST_STEP][PASSED] - for ([timeRow = 1, timeRow <= 1, (timeRow++)]): Call Test Case 'Test Cases/NewArrival/warehouseShipping' successfully

2019-10-24 15:14:31 - [TEST_STEP][PASSED] - if (timeRow == 1): Call Test Case 'Test Cases/NewArrival/warehouseShipping' successfully

2019-10-24 15:14:31 - [TEST_STEP][PASSED] - callTestCase(findTestCase("TestCaseUtilities/backOfficeLogin"), ["BOURL":"", "BOuser":"", "BOpass":""], CONTINUE_ON_FAILURE): Call Test Case 'Test Cases/TestCaseUtilities/backOfficeLogin' successfully

2019-10-24 15:14:31 - [TEST_CASE][PASSED] - Test Cases/TestCaseUtilities/backOfficeLogin: Test Cases/TestCaseUtilities/backOfficeLogin

2019-10-24 15:14:32 - [TEST_STEP][PASSED] - BOURL = findTestData("envtData").getValue("BOURL", 1): null

2019-10-24 15:14:32 - [TEST_STEP][PASSED] - BOuser = findTestData("credData").getValue("BOuser", 1): null

2019-10-24 15:14:33 - [TEST_STEP][PASSED] - BOpass = findTestData("credData").getValue("BOpass", 1): null

2019-10-24 15:14:33 - [TEST_STEP][PASSED] - openBrowser(""): Browser is opened with url: ''

2019-10-24 15:14:33 - [MESSAGE][WARNING] - A browser is already opened. Closing browser and opening a new one

2019-10-24 15:14:34 - [MESSAGE][INFO] - Starting 'Chrome' driver

2019-10-24 15:14:34 - [MESSAGE][INFO] - User set preference: ['args', '[--use-fake-ui-for-media-stream, --start-maximized]']

2019-10-24 15:14:37 - [MESSAGE][PASSED] - Browser is opened with url: ''

2019-10-24 15:14:37 - [TEST_STEP][PASSED] - navigateToUrl(BOURL): Navigate to 'https://test14.cliotest.com/backoffice/control/main' successfully

2019-10-24 15:14:53 - [MESSAGE][PASSED] - Navigate to 'https://test14.cliotest.com/backoffice/control/main' successfully

2019-10-24 15:14:53 - [TEST_STEP][PASSED] - logOut = findWebElements(findTestObject("Object Repository/Page_cabi Home/log_out"), 1): Unable to find the element located by 'By.xpath: //a[contains(text(),'Log Out')]'. Please recheck the objects properties to make sure the desired element is located. 

2019-10-24 15:14:54 - [MESSAGE][INFO] - Unable to find the element located by 'By.xpath: //a[contains(text(),'Log Out')]'. Please recheck the objects properties to make sure the desired element is located. 

2019-10-24 15:14:54 - [TEST_STEP][PASSED] - if (logOut.size() == 0): Object: 'Object Repository/Page_cabi/input_Welcome to_consultantLogin' is clicked on

2019-10-24 15:14:54 - [TEST_STEP][PASSED] - setText(findTestObject("Page_cabi/input_Welcome to_USERNAME"), BOuser): Text '400000002' is set on object 'Object Repository/Page_cabi/input_Welcome to_USERNAME'

2019-10-24 15:14:54 - [MESSAGE][PASSED] - Text '400000002' is set on object 'Object Repository/Page_cabi/input_Welcome to_USERNAME'

2019-10-24 15:14:54 - [TEST_STEP][PASSED] - setText(findTestObject("Object Repository/Page_cabi/input_Welcome to_PASSWORD"), BOpass): Text 'blackdress19' is set on object 'Object Repository/Page_cabi/input_Welcome to_PASSWORD'

2019-10-24 15:14:55 - [MESSAGE][PASSED] - Text 'blackdress19' is set on object 'Object Repository/Page_cabi/input_Welcome to_PASSWORD'

2019-10-24 15:14:55 - [TEST_STEP][PASSED] - click(findTestObject("Object Repository/Page_cabi/input_Welcome to_consultantLogin")): Object: 'Object Repository/Page_cabi/input_Welcome to_consultantLogin' is clicked on

2019-10-24 15:15:16 - [MESSAGE][PASSED] - Object: 'Object Repository/Page_cabi/input_Welcome to_consultantLogin' is clicked on

2019-10-24 15:15:16 - [TEST_STEP][PASSED] - delay(3): Delayed 3 second(s)

2019-10-24 15:15:19 - [MESSAGE][PASSED] - Delayed 3 second(s)

2019-10-24 15:15:19 - [MESSAGE][PASSED] - Call Test Case 'Test Cases/TestCaseUtilities/backOfficeLogin' successfully

2019-10-24 15:15:19 - [TEST_STEP][PASSED] - click(findTestObject("Page_cabi Home/a_Shows  Orders")): Object: 'Object Repository/Page_cabi Home/a_Shows  Orders' is clicked on

2019-10-24 15:15:19 - [MESSAGE][PASSED] - Object: 'Object Repository/Page_cabi Home/a_Shows  Orders' is clicked on

2019-10-24 15:15:19 - [TEST_STEP][PASSED] - delay(1): Delayed 1 second(s)

2019-10-24 15:15:20 - [MESSAGE][PASSED] - Delayed 1 second(s)

2019-10-24 15:15:20 - [TEST_STEP][PASSED] - click(findTestObject("Page_cabi Home/a_personal_purchases")): Object: 'Object Repository/Page_cabi Home/a_personal_purchases' is clicked on

2019-10-24 15:15:23 - [MESSAGE][PASSED] - Object: 'Object Repository/Page_cabi Home/a_personal_purchases' is clicked on

2019-10-24 15:15:23 - [TEST_STEP][PASSED] - delay(3): Delayed 3 second(s)

2019-10-24 15:15:26 - [MESSAGE][PASSED] - Delayed 3 second(s)

2019-10-24 15:15:26 - [TEST_STEP][PASSED] - click(findTestObject("Page_cabi Personal Store/span_Continue to Order")): Object: 'Object Repository/Page_cabi Personal Store/span_Continue to Order' is clicked on

2019-10-24 15:15:26 - [MESSAGE][PASSED] - Object: 'Object Repository/Page_cabi Personal Store/span_Continue to Order' is clicked on

2019-10-24 15:15:26 - [TEST_STEP][PASSED] - delay(5): Delayed 5 second(s)

2019-10-24 15:15:31 - [MESSAGE][PASSED] - Delayed 5 second(s)

2019-10-24 15:15:31 - [TEST_STEP][PASSED] - emptyCart = findWebElements(findTestObject("Object Repository/Page_cabi Personal Store/removeFromCart"), 5): Unable to find the element located by 'By.xpath: //*[@id="removeFromCart_0"]/span'. Please recheck the objects properties to make sure the desired element is located. 

2019-10-24 15:15:37 - [MESSAGE][INFO] - Unable to find the element located by 'By.xpath: //*[@id="removeFromCart_0"]/span'. Please recheck the objects properties to make sure the desired element is located. 

2019-10-24 15:15:37 - [TEST_STEP][PASSED] - while (emptyCart.size() > 0): null

2019-10-24 15:15:37 - [TEST_STEP][PASSED] - click(findTestObject("Object Repository/Page_cabi Create Order/input_Manual Discount_stylelookup_0")): Object: 'Object Repository/Page_cabi Create Order/input_Manual Discount_stylelookup_0' is clicked on

2019-10-24 15:15:37 - [MESSAGE][PASSED] - Object: 'Object Repository/Page_cabi Create Order/input_Manual Discount_stylelookup_0' is clicked on

2019-10-24 15:15:37 - [TEST_STEP][PASSED] - setText(findTestObject("Object Repository/Page_cabi Create Order/input_Manual Discount_stylelookup_0"), addOnStyle): Text '3701' is set on object 'Object Repository/Page_cabi Create Order/input_Manual Discount_stylelookup_0'

2019-10-24 15:15:37 - [MESSAGE][PASSED] - Text '3701' is set on object 'Object Repository/Page_cabi Create Order/input_Manual Discount_stylelookup_0'

2019-10-24 15:15:37 - [TEST_STEP][PASSED] - delay(3): Delayed 3 second(s)

2019-10-24 15:15:40 - [MESSAGE][PASSED] - Delayed 3 second(s)

2019-10-24 15:15:40 - [TEST_STEP][PASSED] - prod_message = getText(findTestObject("Page_cabi Create Order/first_option")): Text of object 'Object Repository/Page_cabi Create Order/first_option' is: '3701 Shetland Sweater'

2019-10-24 15:15:40 - [MESSAGE][PASSED] - Text of object 'Object Repository/Page_cabi Create Order/first_option' is: '3701 Shetland Sweater'

2019-10-24 15:15:40 - [TEST_STEP][PASSED] - click(findTestObject("Page_cabi Create Order/first_option")): Object: 'Object Repository/Page_cabi Create Order/first_option' is clicked on

2019-10-24 15:15:40 - [MESSAGE][PASSED] - Object: 'Object Repository/Page_cabi Create Order/first_option' is clicked on

2019-10-24 15:15:40 - [TEST_STEP][PASSED] - delay(5): Delayed 5 second(s)

2019-10-24 15:15:45 - [MESSAGE][PASSED] - Delayed 5 second(s)

2019-10-24 15:15:45 - [TEST_STEP][PASSED] - click(findTestObject("Object Repository/Page_cabi Order Items/selectSize")): Object: 'Object Repository/Page_cabi Order Items/selectSize' is clicked on

2019-10-24 15:15:45 - [MESSAGE][PASSED] - Object: 'Object Repository/Page_cabi Order Items/selectSize' is clicked on

2019-10-24 15:15:45 - [TEST_STEP][PASSED] - click(findTestObject("Object Repository/Page_cabi Order Items/span_Add to Cart")): Object: 'Object Repository/Page_cabi Order Items/span_Add to Cart' is clicked on

2019-10-24 15:15:45 - [MESSAGE][PASSED] - Object: 'Object Repository/Page_cabi Order Items/span_Add to Cart' is clicked on

2019-10-24 15:15:45 - [TEST_STEP][PASSED] - delay(3): Delayed 3 second(s)

2019-10-24 15:15:48 - [MESSAGE][PASSED] - Delayed 3 second(s)

2019-10-24 15:15:48 - [TEST_STEP][PASSED] - click(findTestObject("Object Repository/Page_cabi Order Items/span_Continue to Shipping")): Object: 'Object Repository/Page_cabi Order Items/span_Continue to Shipping' is clicked on

2019-10-24 15:15:51 - [MESSAGE][PASSED] - Object: 'Object Repository/Page_cabi Order Items/span_Continue to Shipping' is clicked on

2019-10-24 15:15:51 - [TEST_STEP][PASSED] - click(findTestObject("Page_cabi Personal Store/nextButtonShipping")): Object: 'Object Repository/Page_cabi Personal Store/nextButtonShipping' is clicked on

2019-10-24 15:15:51 - [MESSAGE][PASSED] - Object: 'Object Repository/Page_cabi Personal Store/nextButtonShipping' is clicked on

2019-10-24 15:15:51 - [TEST_STEP][PASSED] - delay(3): Delayed 3 second(s)

2019-10-24 15:15:54 - [MESSAGE][PASSED] - Delayed 3 second(s)

2019-10-24 15:15:55 - [TEST_STEP][PASSED] - click(findTestObject("Page_cabi Personal Store/makeFirstPayment")): Object: 'Object Repository/Page_cabi Personal Store/makeFirstPayment' is clicked on

2019-10-24 15:15:55 - [MESSAGE][PASSED] - Object: 'Object Repository/Page_cabi Personal Store/makeFirstPayment' is clicked on

2019-10-24 15:15:55 - [TEST_STEP][PASSED] - click(findTestObject("Object Repository/Page_cabi Personal Store/select_ach_payment")): Object: 'Object Repository/Page_cabi Personal Store/select_ach_payment' is clicked on

2019-10-24 15:15:55 - [MESSAGE][PASSED] - Object: 'Object Repository/Page_cabi Personal Store/select_ach_payment' is clicked on

2019-10-24 15:15:55 - [TEST_STEP][PASSED] - click(findTestObject("Page_cabi Personal Store/submitPayment")): Object: 'Object Repository/Page_cabi Personal Store/submitPayment' is clicked on

2019-10-24 15:15:55 - [MESSAGE][PASSED] - Object: 'Object Repository/Page_cabi Personal Store/submitPayment' is clicked on

2019-10-24 15:15:55 - [TEST_STEP][PASSED] - click(findTestObject("Page_cabi Personal Store/submitOrderId")): Object: 'Object Repository/Page_cabi Personal Store/submitOrderId' is clicked on

2019-10-24 15:15:58 - [MESSAGE][PASSED] - Object: 'Object Repository/Page_cabi Personal Store/submitOrderId' is clicked on

2019-10-24 15:15:58 - [TEST_STEP][PASSED] - successMsg = "": null

2019-10-24 15:15:58 - [TEST_STEP][PASSED] - orderSuccess = false: null

2019-10-24 15:15:58 - [TEST_STEP][PASSED] - successMsgs = findWebElements(findTestObject("Object Repository/Page_cabi Personal Store/p_success_msg"), 5): null

2019-10-24 15:15:58 - [TEST_STEP][PASSED] - if (successMsgs.size() > 0): null

2019-10-24 15:15:58 - [TEST_STEP][PASSED] - successMsg = getText(findTestObject("Object Repository/Page_cabi Personal Store/p_success_msg")): Text of object 'Object Repository/Page_cabi Personal Store/p_success_msg' is: 'Order Created Successfully!!
Order #:  PR708383815

CONTINUE SHOPPING'

2019-10-24 15:15:58 - [MESSAGE][PASSED] - Text of object 'Object Repository/Page_cabi Personal Store/p_success_msg' is: 'Order Created Successfully!!
Order #:  PR708383815

CONTINUE SHOPPING'

2019-10-24 15:15:58 - [TEST_STEP][PASSED] - orderSuccess = true: null

2019-10-24 15:15:58 - [TEST_STEP][PASSED] - addOnOrderId = getText(findTestObject("Object Repository/Page_cabi Personal Store/p_order_id")): Text of object 'Object Repository/Page_cabi Personal Store/p_order_id' is: 'PR708383815'

2019-10-24 15:15:58 - [MESSAGE][PASSED] - Text of object 'Object Repository/Page_cabi Personal Store/p_order_id' is: 'PR708383815'

2019-10-24 15:15:59 - [TEST_STEP][PASSED] - println(addOnOrderId): null

2019-10-24 15:15:59 - [TEST_STEP][PASSED] - assert orderSuccess == true: null

2019-10-24 15:15:59 - [TEST_STEP][PASSED] - callTestCase(findTestCase("NewArrival/warehouseShipping"), ["orderId":addOnOrderId], CONTINUE_ON_FAILURE): Call Test Case 'Test Cases/NewArrival/warehouseShipping' successfully

2019-10-24 15:15:59 - [TEST_CASE][PASSED] - Test Cases/NewArrival/warehouseShipping: Test Cases/NewArrival/warehouseShipping

2019-10-24 15:15:59 - [TEST_STEP][PASSED] - println(orderId): null

2019-10-24 15:15:59 - [TEST_STEP][PASSED] - callTestCase(findTestCase("TestCaseUtilities/cabiWarehouseLogin"), ["CWURL":"", "CWuser":"", "CWpass":""], CONTINUE_ON_FAILURE): Call Test Case 'Test Cases/TestCaseUtilities/cabiWarehouseLogin' successfully

2019-10-24 15:15:59 - [TEST_CASE][PASSED] - Test Cases/TestCaseUtilities/cabiWarehouseLogin: Test Cases/TestCaseUtilities/cabiWarehouseLogin

2019-10-24 15:16:00 - [TEST_STEP][PASSED] - CWURL = findTestData("envtData").getValue("CWURL", 1): null

2019-10-24 15:16:00 - [TEST_STEP][PASSED] - CWuser = findTestData("credData").getValue("CWuser", 1): null

2019-10-24 15:16:00 - [TEST_STEP][PASSED] - CWpass = findTestData("credData").getValue("CWpass", 1): null

2019-10-24 15:16:00 - [TEST_STEP][PASSED] - openBrowser(""): Browser is opened with url: ''

2019-10-24 15:16:00 - [MESSAGE][WARNING] - A browser is already opened. Closing browser and opening a new one

2019-10-24 15:16:01 - [MESSAGE][INFO] - Starting 'Chrome' driver

2019-10-24 15:16:01 - [MESSAGE][INFO] - User set preference: ['args', '[--use-fake-ui-for-media-stream, --start-maximized]']

2019-10-24 15:16:03 - [MESSAGE][PASSED] - Browser is opened with url: ''

2019-10-24 15:16:03 - [TEST_STEP][PASSED] - navigateToUrl(CWURL): Navigate to 'https://test14.cliotest.com/warehouse/control/main' successfully

2019-10-24 15:16:11 - [MESSAGE][PASSED] - Navigate to 'https://test14.cliotest.com/warehouse/control/main' successfully

2019-10-24 15:16:11 - [TEST_STEP][PASSED] - logOut = findWebElements(findTestObject("Object Repository/Cabi warehouse/Page_cabi_home/log_out"), 1): Unable to find the element located by 'By.xpath: //li/a[contains(text(), 'Log Out »')]'. Please recheck the objects properties to make sure the desired element is located. 

2019-10-24 15:16:12 - [MESSAGE][INFO] - Unable to find the element located by 'By.xpath: //li/a[contains(text(), 'Log Out »')]'. Please recheck the objects properties to make sure the desired element is located. 

2019-10-24 15:16:12 - [TEST_STEP][PASSED] - if (logOut.size() == 0): Object: 'Object Repository/Cabi warehouse/Page_cabi/input_Password_section-btn btn-stl-pk rFloat' is clicked on

2019-10-24 15:16:12 - [TEST_STEP][PASSED] - setText(findTestObject("Object Repository/Cabi warehouse/Page_cabi/input_Username_USERNAME"), CWuser): Text 'rsuarez' is set on object 'Object Repository/Cabi warehouse/Page_cabi/input_Username_USERNAME'

2019-10-24 15:16:12 - [MESSAGE][PASSED] - Text 'rsuarez' is set on object 'Object Repository/Cabi warehouse/Page_cabi/input_Username_USERNAME'

2019-10-24 15:16:12 - [TEST_STEP][PASSED] - setText(findTestObject("Object Repository/Cabi warehouse/Page_cabi/input_Password_PASSWORD"), CWpass): Text 'blackdress19' is set on object 'Object Repository/Cabi warehouse/Page_cabi/input_Password_PASSWORD'

2019-10-24 15:16:12 - [MESSAGE][PASSED] - Text 'blackdress19' is set on object 'Object Repository/Cabi warehouse/Page_cabi/input_Password_PASSWORD'

2019-10-24 15:16:12 - [TEST_STEP][PASSED] - click(findTestObject("Object Repository/Cabi warehouse/Page_cabi/input_Password_section-btn btn-stl-pk rFloat")): Object: 'Object Repository/Cabi warehouse/Page_cabi/input_Password_section-btn btn-stl-pk rFloat' is clicked on

2019-10-24 15:16:15 - [MESSAGE][PASSED] - Object: 'Object Repository/Cabi warehouse/Page_cabi/input_Password_section-btn btn-stl-pk rFloat' is clicked on

2019-10-24 15:16:15 - [TEST_STEP][PASSED] - delay(3): Delayed 3 second(s)

2019-10-24 15:16:18 - [MESSAGE][PASSED] - Delayed 3 second(s)

2019-10-24 15:16:18 - [MESSAGE][PASSED] - Call Test Case 'Test Cases/TestCaseUtilities/cabiWarehouseLogin' successfully

2019-10-24 15:16:18 - [TEST_STEP][PASSED] - click(findTestObject("Page_cabi Manage PickLists/a_Create PickLists")): Object: 'Object Repository/Page_cabi Manage PickLists/a_Create PickLists' is clicked on

2019-10-24 15:16:19 - [MESSAGE][PASSED] - Object: 'Object Repository/Page_cabi Manage PickLists/a_Create PickLists' is clicked on

2019-10-24 15:16:19 - [TEST_STEP][PASSED] - delay(2): Delayed 2 second(s)

2019-10-24 15:16:21 - [MESSAGE][PASSED] - Delayed 2 second(s)

2019-10-24 15:16:21 - [TEST_STEP][PASSED] - click(findTestObject("Object Repository/findOrders/Page_cabi Find Orders/Page_cabi SampleLine Shipment Screen/a_Single Order")): Object: 'Object Repository/findOrders/Page_cabi Find Orders/Page_cabi SampleLine Shipment Screen/a_Single Order' is clicked on

2019-10-24 15:16:22 - [MESSAGE][PASSED] - Object: 'Object Repository/findOrders/Page_cabi Find Orders/Page_cabi SampleLine Shipment Screen/a_Single Order' is clicked on

2019-10-24 15:16:22 - [TEST_STEP][PASSED] - setText(findTestObject("Page_cabi Create Single Order PickList/input_Order Id_orderId"), orderId): Text 'PR708383815' is set on object 'Object Repository/Page_cabi Create Single Order PickList/input_Order Id_orderId'

2019-10-24 15:16:22 - [MESSAGE][PASSED] - Text 'PR708383815' is set on object 'Object Repository/Page_cabi Create Single Order PickList/input_Order Id_orderId'

2019-10-24 15:16:22 - [TEST_STEP][PASSED] - click(findTestObject("Page_cabi Create Single Order PickList/input_Create even if fully backordered_submitButton")): Object: 'Object Repository/Page_cabi Create Single Order PickList/input_Create even if fully backordered_submitButton' is clicked on

2019-10-24 15:16:23 - [MESSAGE][PASSED] - Object: 'Object Repository/Page_cabi Create Single Order PickList/input_Create even if fully backordered_submitButton' is clicked on

2019-10-24 15:16:23 - [TEST_STEP][PASSED] - delay(2): Delayed 2 second(s)

2019-10-24 15:16:25 - [MESSAGE][PASSED] - Delayed 2 second(s)

2019-10-24 15:16:25 - [TEST_STEP][PASSED] - pickListCreated = findWebElements(findTestObject("Cabi warehouse/picklistCreatedMessage"), 5): null

2019-10-24 15:16:25 - [TEST_STEP][PASSED] - if (pickListCreated.size() == 0): null

2019-10-24 15:16:25 - [TEST_STEP][PASSED] - picklistCreatedMessage = UtilityMethods.concat("Picklist for order: [", orderId, "] has been created successfully."): null

2019-10-24 15:16:25 - [TEST_STEP][PASSED] - println(picklistCreatedMessage): null

2019-10-24 15:16:25 - [TEST_STEP][PASSED] - verifyElementText(findTestObject("Cabi warehouse/picklistCreatedMessage"), picklistCreatedMessage): Actual text and expected text of test object 'Object Repository/Cabi warehouse/picklistCreatedMessage' are matched.

2019-10-24 15:16:25 - [MESSAGE][PASSED] - Actual text and expected text of test object 'Object Repository/Cabi warehouse/picklistCreatedMessage' are matched.

2019-10-24 15:16:25 - [TEST_STEP][PASSED] - click(findTestObject("Page_cabi Create Single Order PickList/a_Manage PickLists")): Object: 'Object Repository/Page_cabi Create Single Order PickList/a_Manage PickLists' is clicked on

2019-10-24 15:16:26 - [MESSAGE][PASSED] - Object: 'Object Repository/Page_cabi Create Single Order PickList/a_Manage PickLists' is clicked on

2019-10-24 15:16:26 - [TEST_STEP][PASSED] - delay(2): Delayed 2 second(s)

2019-10-24 15:16:28 - [MESSAGE][PASSED] - Delayed 2 second(s)

2019-10-24 15:16:28 - [TEST_STEP][PASSED] - setText(findTestObject("Page_cabi Manage PickLists/input_Order _orderId"), orderId): Text 'PR708383815' is set on object 'Object Repository/Page_cabi Manage PickLists/input_Order _orderId'

2019-10-24 15:16:29 - [MESSAGE][PASSED] - Text 'PR708383815' is set on object 'Object Repository/Page_cabi Manage PickLists/input_Order _orderId'

2019-10-24 15:16:29 - [TEST_STEP][PASSED] - click(findTestObject("Page_cabi Manage PickLists/input")): Object: 'Object Repository/Page_cabi Manage PickLists/input' is clicked on

2019-10-24 15:16:30 - [MESSAGE][PASSED] - Object: 'Object Repository/Page_cabi Manage PickLists/input' is clicked on

2019-10-24 15:16:30 - [TEST_STEP][PASSED] - delay(3): Delayed 3 second(s)

2019-10-24 15:16:33 - [MESSAGE][PASSED] - Delayed 3 second(s)

2019-10-24 15:16:33 - [TEST_STEP][PASSED] - click(findTestObject("Page_cabi Manage PickLists/td_104238610")): Object: 'Object Repository/Page_cabi Manage PickLists/td_104238610' is clicked on

2019-10-24 15:16:33 - [MESSAGE][PASSED] - Object: 'Object Repository/Page_cabi Manage PickLists/td_104238610' is clicked on

2019-10-24 15:16:33 - [TEST_STEP][PASSED] - delay(2): Delayed 2 second(s)

2019-10-24 15:16:35 - [MESSAGE][PASSED] - Delayed 2 second(s)

2019-10-24 15:16:35 - [TEST_STEP][PASSED] - picklistId = getText(findTestObject("Page_cabi Manage PickLists/td_104238610")): Text of object 'Object Repository/Page_cabi Manage PickLists/td_104238610' is: '104456326'

2019-10-24 15:16:35 - [MESSAGE][PASSED] - Text of object 'Object Repository/Page_cabi Manage PickLists/td_104238610' is: '104456326'

2019-10-24 15:16:35 - [TEST_STEP][PASSED] - click(findTestObject("Page_cabi Manage PickLists/a_Packing")): Object: 'Object Repository/Page_cabi Manage PickLists/a_Packing' is clicked on

2019-10-24 15:16:36 - [MESSAGE][PASSED] - Object: 'Object Repository/Page_cabi Manage PickLists/a_Packing' is clicked on

2019-10-24 15:16:36 - [TEST_STEP][PASSED] - setText(findTestObject("Page_cabi Pack Init/input_Pack Station_packStationId"), "30"): Text '30' is set on object 'Object Repository/Page_cabi Pack Init/input_Pack Station_packStationId'

2019-10-24 15:16:36 - [MESSAGE][PASSED] - Text '30' is set on object 'Object Repository/Page_cabi Pack Init/input_Pack Station_packStationId'

2019-10-24 15:16:36 - [TEST_STEP][PASSED] - click(findTestObject("Page_cabi Pack Init/input_Pack Station_submitButton")): Object: 'Object Repository/Page_cabi Pack Init/input_Pack Station_submitButton' is clicked on

2019-10-24 15:16:36 - [MESSAGE][PASSED] - Object: 'Object Repository/Page_cabi Pack Init/input_Pack Station_submitButton' is clicked on

2019-10-24 15:16:36 - [TEST_STEP][PASSED] - delay(2): Delayed 2 second(s)

2019-10-24 15:16:38 - [MESSAGE][PASSED] - Delayed 2 second(s)

2019-10-24 15:16:38 - [TEST_STEP][PASSED] - setText(findTestObject("Page_cabi Pack Init/input_Picklist ID_pickId"), picklistId): Text '104456326' is set on object 'Object Repository/Page_cabi Pack Init/input_Picklist ID_pickId'

2019-10-24 15:16:39 - [MESSAGE][PASSED] - Text '104456326' is set on object 'Object Repository/Page_cabi Pack Init/input_Picklist ID_pickId'

2019-10-24 15:16:39 - [TEST_STEP][PASSED] - click(findTestObject("Page_cabi Pack Init/input_Picklist ID_submitButton")): Object: 'Object Repository/Page_cabi Pack Init/input_Picklist ID_submitButton' is clicked on

2019-10-24 15:16:40 - [MESSAGE][PASSED] - Object: 'Object Repository/Page_cabi Pack Init/input_Picklist ID_submitButton' is clicked on

2019-10-24 15:16:40 - [TEST_STEP][PASSED] - delay(2): Delayed 2 second(s)

2019-10-24 15:16:42 - [MESSAGE][PASSED] - Delayed 2 second(s)

2019-10-24 15:16:42 - [TEST_STEP][PASSED] - click(findTestObject("Page_cabi General Pack/input_Cream Of Wheat_button addItemForVerification")): Object: 'Object Repository/Page_cabi General Pack/input_Cream Of Wheat_button addItemForVerification' is clicked on

2019-10-24 15:16:42 - [MESSAGE][PASSED] - Object: 'Object Repository/Page_cabi General Pack/input_Cream Of Wheat_button addItemForVerification' is clicked on

2019-10-24 15:16:42 - [TEST_STEP][PASSED] - delay(2): Delayed 2 second(s)

2019-10-24 15:16:44 - [MESSAGE][PASSED] - Delayed 2 second(s)

2019-10-24 15:16:44 - [TEST_STEP][PASSED] - click(findTestObject("Page_cabi General Pack/input_Pack Station  30_shipConfirmBtn")): Object: 'Object Repository/Page_cabi General Pack/input_Pack Station  30_shipConfirmBtn' is clicked on

2019-10-24 15:16:48 - [MESSAGE][PASSED] - Object: 'Object Repository/Page_cabi General Pack/input_Pack Station  30_shipConfirmBtn' is clicked on

2019-10-24 15:16:48 - [TEST_STEP][PASSED] - delay(3): Delayed 3 second(s)

2019-10-24 15:16:51 - [MESSAGE][PASSED] - Delayed 3 second(s)

2019-10-24 15:16:51 - [TEST_STEP][PASSED] - itemsNotpacked = findWebElements(findTestObject("Cabi warehouse/itemsNotPacked"), 5): Unable to find the element located by 'By.xpath: //*[@id="content-messages"]/p[1]'. Please recheck the objects properties to make sure the desired element is located. 

2019-10-24 15:16:56 - [MESSAGE][INFO] - Unable to find the element located by 'By.xpath: //*[@id="content-messages"]/p[1]'. Please recheck the objects properties to make sure the desired element is located. 

2019-10-24 15:16:56 - [TEST_STEP][PASSED] - if (itemsNotpacked.size() > 0): null

2019-10-24 15:16:56 - [MESSAGE][PASSED] - Call Test Case 'Test Cases/NewArrival/warehouseShipping' successfully

2019-10-24 15:16:56 - [TEST_STEP][PASSED] - callTestCase(findTestCase("TestCaseUtilities/backOfficeLogin"), ["BOURL":"", "BOuser":"", "BOpass":""], CONTINUE_ON_FAILURE): Call Test Case 'Test Cases/TestCaseUtilities/backOfficeLogin' successfully

2019-10-24 15:16:56 - [TEST_CASE][PASSED] - Test Cases/TestCaseUtilities/backOfficeLogin: Test Cases/TestCaseUtilities/backOfficeLogin

2019-10-24 15:16:56 - [TEST_STEP][PASSED] - BOURL = findTestData("envtData").getValue("BOURL", 1): null

2019-10-24 15:16:56 - [TEST_STEP][PASSED] - BOuser = findTestData("credData").getValue("BOuser", 1): null

2019-10-24 15:16:56 - [TEST_STEP][PASSED] - BOpass = findTestData("credData").getValue("BOpass", 1): null

2019-10-24 15:16:56 - [TEST_STEP][PASSED] - openBrowser(""): Browser is opened with url: ''

2019-10-24 15:16:56 - [MESSAGE][WARNING] - A browser is already opened. Closing browser and opening a new one

2019-10-24 15:16:57 - [MESSAGE][INFO] - Starting 'Chrome' driver

2019-10-24 15:16:57 - [MESSAGE][INFO] - User set preference: ['args', '[--use-fake-ui-for-media-stream, --start-maximized]']

2019-10-24 15:17:00 - [MESSAGE][PASSED] - Browser is opened with url: ''

2019-10-24 15:17:00 - [TEST_STEP][PASSED] - navigateToUrl(BOURL): Navigate to 'https://test14.cliotest.com/backoffice/control/main' successfully

2019-10-24 15:17:11 - [MESSAGE][PASSED] - Navigate to 'https://test14.cliotest.com/backoffice/control/main' successfully

2019-10-24 15:17:11 - [TEST_STEP][PASSED] - logOut = findWebElements(findTestObject("Object Repository/Page_cabi Home/log_out"), 1): Unable to find the element located by 'By.xpath: //a[contains(text(),'Log Out')]'. Please recheck the objects properties to make sure the desired element is located. 

2019-10-24 15:17:12 - [MESSAGE][INFO] - Unable to find the element located by 'By.xpath: //a[contains(text(),'Log Out')]'. Please recheck the objects properties to make sure the desired element is located. 

2019-10-24 15:17:12 - [TEST_STEP][PASSED] - if (logOut.size() == 0): Object: 'Object Repository/Page_cabi/input_Welcome to_consultantLogin' is clicked on

2019-10-24 15:17:12 - [TEST_STEP][PASSED] - setText(findTestObject("Page_cabi/input_Welcome to_USERNAME"), BOuser): Text '400000002' is set on object 'Object Repository/Page_cabi/input_Welcome to_USERNAME'

2019-10-24 15:17:13 - [MESSAGE][PASSED] - Text '400000002' is set on object 'Object Repository/Page_cabi/input_Welcome to_USERNAME'

2019-10-24 15:17:13 - [TEST_STEP][PASSED] - setText(findTestObject("Object Repository/Page_cabi/input_Welcome to_PASSWORD"), BOpass): Text 'blackdress19' is set on object 'Object Repository/Page_cabi/input_Welcome to_PASSWORD'

2019-10-24 15:17:13 - [MESSAGE][PASSED] - Text 'blackdress19' is set on object 'Object Repository/Page_cabi/input_Welcome to_PASSWORD'

2019-10-24 15:17:13 - [TEST_STEP][PASSED] - click(findTestObject("Object Repository/Page_cabi/input_Welcome to_consultantLogin")): Object: 'Object Repository/Page_cabi/input_Welcome to_consultantLogin' is clicked on

2019-10-24 15:17:23 - [MESSAGE][PASSED] - Object: 'Object Repository/Page_cabi/input_Welcome to_consultantLogin' is clicked on

2019-10-24 15:17:23 - [TEST_STEP][PASSED] - delay(3): Delayed 3 second(s)

2019-10-24 15:17:26 - [MESSAGE][PASSED] - Delayed 3 second(s)

2019-10-24 15:17:26 - [MESSAGE][PASSED] - Call Test Case 'Test Cases/TestCaseUtilities/backOfficeLogin' successfully

2019-10-24 15:17:26 - [TEST_STEP][PASSED] - click(findTestObject("Object Repository/findOrders/Page_cabi Find Orders/Page_cabi Home/a_Shows  Orders")): Object: 'Object Repository/findOrders/Page_cabi Find Orders/Page_cabi Home/a_Shows  Orders' is clicked on

2019-10-24 15:17:26 - [MESSAGE][PASSED] - Object: 'Object Repository/findOrders/Page_cabi Find Orders/Page_cabi Home/a_Shows  Orders' is clicked on

2019-10-24 15:17:26 - [TEST_STEP][PASSED] - click(findTestObject("Object Repository/findOrders/Page_cabi Find Orders/Page_cabi Home/a_Orders")): Object: 'Object Repository/findOrders/Page_cabi Find Orders/Page_cabi Home/a_Orders' is clicked on

2019-10-24 15:17:30 - [MESSAGE][PASSED] - Object: 'Object Repository/findOrders/Page_cabi Find Orders/Page_cabi Home/a_Orders' is clicked on

2019-10-24 15:17:30 - [TEST_STEP][PASSED] - click(findTestObject("Object Repository/findOrders/Page_cabi Find Orders/Page_cabi Find Orders/b")): Object: 'Object Repository/findOrders/Page_cabi Find Orders/Page_cabi Find Orders/b' is clicked on

2019-10-24 15:17:31 - [MESSAGE][PASSED] - Object: 'Object Repository/findOrders/Page_cabi Find Orders/Page_cabi Find Orders/b' is clicked on

2019-10-24 15:17:31 - [TEST_STEP][PASSED] - delay(3): Delayed 3 second(s)

2019-10-24 15:17:34 - [MESSAGE][PASSED] - Delayed 3 second(s)

2019-10-24 15:17:34 - [TEST_STEP][PASSED] - click(findTestObject("findOrders/Page_cabi Find Orders/orderNo")): Object: 'Object Repository/findOrders/Page_cabi Find Orders/orderNo' is clicked on

2019-10-24 15:17:34 - [MESSAGE][PASSED] - Object: 'Object Repository/findOrders/Page_cabi Find Orders/orderNo' is clicked on

2019-10-24 15:17:34 - [TEST_STEP][PASSED] - delay(3): Delayed 3 second(s)

2019-10-24 15:17:37 - [MESSAGE][PASSED] - Delayed 3 second(s)

2019-10-24 15:17:37 - [TEST_STEP][PASSED] - click(findTestObject("Object Repository/findOrders/Page_cabi Find Orders/Page_cabi Find Orders/pendingShipment")): Object: 'Object Repository/findOrders/Page_cabi Find Orders/Page_cabi Find Orders/pendingShipment' is clicked on

2019-10-24 15:17:37 - [MESSAGE][PASSED] - Object: 'Object Repository/findOrders/Page_cabi Find Orders/Page_cabi Find Orders/pendingShipment' is clicked on

2019-10-24 15:17:37 - [TEST_STEP][PASSED] - click(findTestObject("Object Repository/findOrders/Page_cabi Find Orders/Page_cabi Find Orders/inputShipped")): Object: 'Object Repository/findOrders/Page_cabi Find Orders/Page_cabi Find Orders/inputShipped' is clicked on

2019-10-24 15:17:37 - [MESSAGE][PASSED] - Object: 'Object Repository/findOrders/Page_cabi Find Orders/Page_cabi Find Orders/inputShipped' is clicked on

2019-10-24 15:17:37 - [TEST_STEP][PASSED] - setText(findTestObject("Object Repository/findOrders/Page_cabi Find Orders/Page_cabi Find Orders/inputOrderId"), addOnOrderId): Text 'PR708383815' is set on object 'Object Repository/findOrders/Page_cabi Find Orders/Page_cabi Find Orders/inputOrderId'

2019-10-24 15:17:38 - [MESSAGE][PASSED] - Text 'PR708383815' is set on object 'Object Repository/findOrders/Page_cabi Find Orders/Page_cabi Find Orders/inputOrderId'

2019-10-24 15:17:38 - [TEST_STEP][PASSED] - click(findTestObject("Object Repository/findOrders/Page_cabi Find Orders/Page_cabi Find Orders/findOrders")): Object: 'Object Repository/findOrders/Page_cabi Find Orders/Page_cabi Find Orders/findOrders' is clicked on

2019-10-24 15:17:38 - [MESSAGE][PASSED] - Object: 'Object Repository/findOrders/Page_cabi Find Orders/Page_cabi Find Orders/findOrders' is clicked on

2019-10-24 15:17:38 - [TEST_STEP][PASSED] - click(findTestObject("findOrders/Page_cabi Find Orders/orderView")): Object: 'Object Repository/findOrders/Page_cabi Find Orders/orderView' is clicked on

2019-10-24 15:17:41 - [MESSAGE][PASSED] - Object: 'Object Repository/findOrders/Page_cabi Find Orders/orderView' is clicked on

2019-10-24 15:17:41 - [TEST_STEP][PASSED] - delay(3): Delayed 3 second(s)

2019-10-24 15:17:44 - [MESSAGE][PASSED] - Delayed 3 second(s)

2019-10-24 15:17:44 - [TEST_STEP][PASSED] - refresh(): Refresh successfully

2019-10-24 15:17:44 - [MESSAGE][PASSED] - Refresh successfully

2019-10-24 15:17:44 - [TEST_STEP][PASSED] - delay(3): Delayed 3 second(s)

2019-10-24 15:17:47 - [MESSAGE][PASSED] - Delayed 3 second(s)

2019-10-24 15:17:47 - [TEST_STEP][PASSED] - refresh(): Refresh successfully

2019-10-24 15:17:49 - [MESSAGE][PASSED] - Refresh successfully

2019-10-24 15:17:49 - [TEST_STEP][PASSED] - delay(10): Delayed 10 second(s)

2019-10-24 15:17:59 - [MESSAGE][PASSED] - Delayed 10 second(s)

2019-10-24 15:17:59 - [TEST_STEP][PASSED] - refresh(): Refresh successfully

2019-10-24 15:18:02 - [MESSAGE][PASSED] - Refresh successfully

2019-10-24 15:18:02 - [TEST_STEP][PASSED] - delay(3): Delayed 3 second(s)

2019-10-24 15:18:05 - [MESSAGE][PASSED] - Delayed 3 second(s)

2019-10-24 15:18:05 - [TEST_STEP][PASSED] - click(findTestObject("Object Repository/findOrders/Page_cabi Find Orders/Page_cabi Order View/a_(Return Order)")): Object: 'Object Repository/findOrders/Page_cabi Find Orders/Page_cabi Order View/a_(Return Order)' is clicked on

2019-10-24 15:18:08 - [MESSAGE][PASSED] - Object: 'Object Repository/findOrders/Page_cabi Find Orders/Page_cabi Order View/a_(Return Order)' is clicked on

2019-10-24 15:18:08 - [TEST_STEP][PASSED] - delay(3): Delayed 3 second(s)

2019-10-24 15:18:11 - [MESSAGE][PASSED] - Delayed 3 second(s)

2019-10-24 15:18:11 - [TEST_STEP][PASSED] - if (timeRow == 1): Text of object 'Object Repository/findOrders/Page_cabi Find Orders/Page_cabi Stylist Create RMA/a_get_rma_number' is: '101714473'

2019-10-24 15:18:11 - [TEST_STEP][PASSED] - selectOptionByValue(findTestObject("Object Repository/findOrders/Page_cabi Find Orders/Page_cabi Stylist Create RMA/selectReason1"), "CABI_c", true): All options with value 'CABI_c' are selected in object 'Object Repository/findOrders/Page_cabi Find Orders/Page_cabi Stylist Create RMA/selectReason1'  using regular expression

2019-10-24 15:18:11 - [MESSAGE][PASSED] - All options with value 'CABI_c' are selected in object 'Object Repository/findOrders/Page_cabi Find Orders/Page_cabi Stylist Create RMA/selectReason1'  using regular expression

2019-10-24 15:18:11 - [TEST_STEP][PASSED] - selectOptionByValue(findTestObject("Object Repository/findOrders/Page_cabi Find Orders/Page_cabi Stylist Create RMA/selectReason2"), "CABI_c_a", true): All options with value 'CABI_c_a' are selected in object 'Object Repository/findOrders/Page_cabi Find Orders/Page_cabi Stylist Create RMA/selectReason2'  using regular expression

2019-10-24 15:18:12 - [MESSAGE][PASSED] - All options with value 'CABI_c_a' are selected in object 'Object Repository/findOrders/Page_cabi Find Orders/Page_cabi Stylist Create RMA/selectReason2'  using regular expression

2019-10-24 15:18:12 - [TEST_STEP][PASSED] - click(findTestObject("Object Repository/findOrders/Page_cabi Find Orders/Page_cabi Stylist Create RMA/inputRefund")): Object: 'Object Repository/findOrders/Page_cabi Find Orders/Page_cabi Stylist Create RMA/inputRefund' is clicked on

2019-10-24 15:18:12 - [MESSAGE][PASSED] - Object: 'Object Repository/findOrders/Page_cabi Find Orders/Page_cabi Stylist Create RMA/inputRefund' is clicked on

2019-10-24 15:18:12 - [TEST_STEP][PASSED] - click(findTestObject("Object Repository/findOrders/Page_cabi Find Orders/Page_cabi Stylist Create RMA/a_Next")): Object: 'Object Repository/findOrders/Page_cabi Find Orders/Page_cabi Stylist Create RMA/a_Next' is clicked on

2019-10-24 15:18:12 - [MESSAGE][PASSED] - Object: 'Object Repository/findOrders/Page_cabi Find Orders/Page_cabi Stylist Create RMA/a_Next' is clicked on

2019-10-24 15:18:12 - [TEST_STEP][PASSED] - click(findTestObject("Object Repository/findOrders/Page_cabi Find Orders/Page_cabi Stylist Create RMA/inputPostalService")): Object: 'Object Repository/findOrders/Page_cabi Find Orders/Page_cabi Stylist Create RMA/inputPostalService' is clicked on

2019-10-24 15:18:14 - [MESSAGE][PASSED] - Object: 'Object Repository/findOrders/Page_cabi Find Orders/Page_cabi Stylist Create RMA/inputPostalService' is clicked on

2019-10-24 15:18:14 - [TEST_STEP][PASSED] - click(findTestObject("Object Repository/findOrders/Page_cabi Find Orders/Page_cabi Stylist Create RMA/inputConfirmAdderess")): Object: 'Object Repository/findOrders/Page_cabi Find Orders/Page_cabi Stylist Create RMA/inputConfirmAdderess' is clicked on

2019-10-24 15:18:14 - [MESSAGE][PASSED] - Object: 'Object Repository/findOrders/Page_cabi Find Orders/Page_cabi Stylist Create RMA/inputConfirmAdderess' is clicked on

2019-10-24 15:18:14 - [TEST_STEP][PASSED] - click(findTestObject("Object Repository/findOrders/Page_cabi Find Orders/Page_cabi Stylist Create RMA/a_Next_1")): Object: 'Object Repository/findOrders/Page_cabi Find Orders/Page_cabi Stylist Create RMA/a_Next_1' is clicked on

2019-10-24 15:18:14 - [MESSAGE][PASSED] - Object: 'Object Repository/findOrders/Page_cabi Find Orders/Page_cabi Stylist Create RMA/a_Next_1' is clicked on

2019-10-24 15:18:14 - [TEST_STEP][PASSED] - click(findTestObject("Object Repository/findOrders/Page_cabi Find Orders/Page_cabi Stylist Create RMA/a_Submit RMA")): Object: 'Object Repository/findOrders/Page_cabi Find Orders/Page_cabi Stylist Create RMA/a_Submit RMA' is clicked on

2019-10-24 15:18:16 - [MESSAGE][PASSED] - Object: 'Object Repository/findOrders/Page_cabi Find Orders/Page_cabi Stylist Create RMA/a_Submit RMA' is clicked on

2019-10-24 15:18:16 - [TEST_STEP][PASSED] - delay(2): Delayed 2 second(s)

2019-10-24 15:18:18 - [MESSAGE][PASSED] - Delayed 2 second(s)

2019-10-24 15:18:18 - [TEST_STEP][PASSED] - rmaNumber = getText(findTestObject("Object Repository/findOrders/Page_cabi Find Orders/Page_cabi Stylist Create RMA/a_get_rma_number")): Text of object 'Object Repository/findOrders/Page_cabi Find Orders/Page_cabi Stylist Create RMA/a_get_rma_number' is: '101714473'

2019-10-24 15:18:18 - [MESSAGE][PASSED] - Text of object 'Object Repository/findOrders/Page_cabi Find Orders/Page_cabi Stylist Create RMA/a_get_rma_number' is: '101714473'

2019-10-24 15:18:18 - [TEST_STEP][PASSED] - delay(1): Delayed 1 second(s)

2019-10-24 15:18:19 - [MESSAGE][PASSED] - Delayed 1 second(s)

2019-10-24 15:18:19 - [TEST_STEP][PASSED] - click(findTestObject("Object Repository/findOrders/Page_cabi Find Orders/Page_cabi Stylist Create RMA/addonOrder")): Object: 'Object Repository/findOrders/Page_cabi Find Orders/Page_cabi Stylist Create RMA/addonOrder' is clicked on

2019-10-24 15:18:21 - [MESSAGE][PASSED] - Object: 'Object Repository/findOrders/Page_cabi Find Orders/Page_cabi Stylist Create RMA/addonOrder' is clicked on

2019-10-24 15:18:21 - [TEST_STEP][PASSED] - delay(3): Delayed 3 second(s)

2019-10-24 15:18:24 - [MESSAGE][PASSED] - Delayed 3 second(s)

2019-10-24 15:18:24 - [TEST_STEP][PASSED] - click(findTestObject("Object Repository/Page_cabi_addOn_order/a_continue_to_order")): Object: 'Object Repository/Page_cabi_addOn_order/a_continue_to_order' is clicked on

2019-10-24 15:18:25 - [MESSAGE][PASSED] - Object: 'Object Repository/Page_cabi_addOn_order/a_continue_to_order' is clicked on

2019-10-24 15:18:25 - [TEST_STEP][PASSED] - emptyCart = findWebElements(findTestObject("Object Repository/Page_cabi Personal Store/removeFromCart"), 5): Unable to find the element located by 'By.xpath: //*[@id="removeFromCart_0"]/span'. Please recheck the objects properties to make sure the desired element is located. 

2019-10-24 15:18:30 - [MESSAGE][INFO] - Unable to find the element located by 'By.xpath: //*[@id="removeFromCart_0"]/span'. Please recheck the objects properties to make sure the desired element is located. 

2019-10-24 15:18:30 - [TEST_STEP][PASSED] - if (emptyCart.size() > 0): null

2019-10-24 15:18:30 - [TEST_STEP][PASSED] - addOnStyle = findTestData("miscData").getValue("addOnStyle", 1): null

2019-10-24 15:18:30 - [TEST_STEP][PASSED] - click(findTestObject("Object Repository/Page_cabi Create Order/input_Manual Discount_stylelookup_0")): Object: 'Object Repository/Page_cabi Create Order/input_Manual Discount_stylelookup_0' is clicked on

2019-10-24 15:18:30 - [MESSAGE][PASSED] - Object: 'Object Repository/Page_cabi Create Order/input_Manual Discount_stylelookup_0' is clicked on

2019-10-24 15:18:30 - [TEST_STEP][PASSED] - setText(findTestObject("Object Repository/Page_cabi Create Order/input_Manual Discount_stylelookup_0"), addOnStyle): Text '3701' is set on object 'Object Repository/Page_cabi Create Order/input_Manual Discount_stylelookup_0'

2019-10-24 15:18:30 - [MESSAGE][PASSED] - Text '3701' is set on object 'Object Repository/Page_cabi Create Order/input_Manual Discount_stylelookup_0'

2019-10-24 15:18:30 - [TEST_STEP][PASSED] - delay(2): Delayed 2 second(s)

2019-10-24 15:18:32 - [MESSAGE][PASSED] - Delayed 2 second(s)

2019-10-24 15:18:32 - [TEST_STEP][PASSED] - prod_message = getText(findTestObject("Page_cabi Create Order/first_option")): Text of object 'Object Repository/Page_cabi Create Order/first_option' is: '3701 Shetland Sweater (Fall '19)'

2019-10-24 15:18:33 - [MESSAGE][PASSED] - Text of object 'Object Repository/Page_cabi Create Order/first_option' is: '3701 Shetland Sweater (Fall '19)'

2019-10-24 15:18:33 - [TEST_STEP][PASSED] - click(findTestObject("Page_cabi Create Order/first_option")): Object: 'Object Repository/Page_cabi Create Order/first_option' is clicked on

2019-10-24 15:18:33 - [MESSAGE][PASSED] - Object: 'Object Repository/Page_cabi Create Order/first_option' is clicked on

2019-10-24 15:18:33 - [TEST_STEP][PASSED] - delay(5): Delayed 5 second(s)

2019-10-24 15:18:38 - [MESSAGE][PASSED] - Delayed 5 second(s)

2019-10-24 15:18:38 - [TEST_STEP][PASSED] - click(findTestObject("Object Repository/Page_cabi Order Items/selectSize")): Object: 'Object Repository/Page_cabi Order Items/selectSize' is clicked on

2019-10-24 15:18:38 - [MESSAGE][PASSED] - Object: 'Object Repository/Page_cabi Order Items/selectSize' is clicked on

2019-10-24 15:18:38 - [TEST_STEP][PASSED] - delay(3): Delayed 3 second(s)

2019-10-24 15:18:41 - [MESSAGE][PASSED] - Delayed 3 second(s)

2019-10-24 15:18:41 - [TEST_STEP][PASSED] - click(findTestObject("Object Repository/Page_cabi Order Items/span_Add to Cart")): Object: 'Object Repository/Page_cabi Order Items/span_Add to Cart' is clicked on

2019-10-24 15:18:41 - [MESSAGE][PASSED] - Object: 'Object Repository/Page_cabi Order Items/span_Add to Cart' is clicked on

2019-10-24 15:18:41 - [TEST_STEP][PASSED] - delay(5): Delayed 5 second(s)

2019-10-24 15:18:46 - [MESSAGE][PASSED] - Delayed 5 second(s)

2019-10-24 15:18:46 - [TEST_STEP][PASSED] - click(findTestObject("Object Repository/Page_cabi Order Items/a_checkout")): Object: 'Object Repository/Page_cabi Order Items/a_checkout' is clicked on

2019-10-24 15:18:46 - [MESSAGE][PASSED] - Object: 'Object Repository/Page_cabi Order Items/a_checkout' is clicked on

2019-10-24 15:18:46 - [TEST_STEP][PASSED] - delay(3): Delayed 3 second(s)

2019-10-24 15:18:49 - [MESSAGE][PASSED] - Delayed 3 second(s)

2019-10-24 15:18:49 - [TEST_STEP][PASSED] - click(findTestObject("Page_cabi Personal Store/nextButtonShipping")): Object: 'Object Repository/Page_cabi Personal Store/nextButtonShipping' is clicked on

2019-10-24 15:18:49 - [MESSAGE][PASSED] - Object: 'Object Repository/Page_cabi Personal Store/nextButtonShipping' is clicked on

2019-10-24 15:18:49 - [TEST_STEP][PASSED] - delay(3): Delayed 3 second(s)

2019-10-24 15:18:52 - [MESSAGE][PASSED] - Delayed 3 second(s)

2019-10-24 15:18:52 - [TEST_STEP][PASSED] - click(findTestObject("Page_cabi Personal Store/makeFirstPayment")): Object: 'Object Repository/Page_cabi Personal Store/makeFirstPayment' is clicked on

2019-10-24 15:18:53 - [MESSAGE][PASSED] - Object: 'Object Repository/Page_cabi Personal Store/makeFirstPayment' is clicked on

2019-10-24 15:18:53 - [TEST_STEP][PASSED] - click(findTestObject("Page_cabi Personal Store/submitPayment")): Object: 'Object Repository/Page_cabi Personal Store/submitPayment' is clicked on

2019-10-24 15:18:53 - [MESSAGE][PASSED] - Object: 'Object Repository/Page_cabi Personal Store/submitPayment' is clicked on

2019-10-24 15:18:53 - [TEST_STEP][PASSED] - click(findTestObject("Page_cabi Personal Store/submitOrderId")): Object: 'Object Repository/Page_cabi Personal Store/submitOrderId' is clicked on

2019-10-24 15:18:55 - [MESSAGE][PASSED] - Object: 'Object Repository/Page_cabi Personal Store/submitOrderId' is clicked on

2019-10-24 15:18:55 - [TEST_STEP][PASSED] - successMsg = "": null

2019-10-24 15:18:55 - [TEST_STEP][PASSED] - orderSuccess = false: null

2019-10-24 15:18:55 - [TEST_STEP][PASSED] - successMsgs = findWebElements(findTestObject("Object Repository/Page_cabi Personal Store/p_success_msg"), 5): null

2019-10-24 15:18:55 - [TEST_STEP][PASSED] - orderID = <not implemented yet for class: org.codehaus.groovy.ast.expr.EmptyExpression>: null

2019-10-24 15:18:55 - [TEST_STEP][PASSED] - if (successMsgs.size() > 0): null

2019-10-24 15:18:55 - [TEST_STEP][PASSED] - successMsg = getText(findTestObject("Object Repository/Page_cabi Personal Store/p_success_msg")): Text of object 'Object Repository/Page_cabi Personal Store/p_success_msg' is: 'Order Created Successfully!!
Order #:  PR708383820

RMA DASHBOARD'

2019-10-24 15:18:55 - [MESSAGE][PASSED] - Text of object 'Object Repository/Page_cabi Personal Store/p_success_msg' is: 'Order Created Successfully!!
Order #:  PR708383820

RMA DASHBOARD'

2019-10-24 15:18:55 - [TEST_STEP][PASSED] - orderSuccess = true: null

2019-10-24 15:18:55 - [TEST_STEP][PASSED] - orderID = getText(findTestObject("Object Repository/Page_cabi Personal Store/p_order_id")): Text of object 'Object Repository/Page_cabi Personal Store/p_order_id' is: 'PR708383820'

2019-10-24 15:18:55 - [MESSAGE][PASSED] - Text of object 'Object Repository/Page_cabi Personal Store/p_order_id' is: 'PR708383820'

2019-10-24 15:18:55 - [TEST_STEP][PASSED] - println(orderID): null

2019-10-24 15:18:55 - [TEST_STEP][PASSED] - sa = new org.testng.asserts.SoftAssert(): null

2019-10-24 15:18:55 - [TEST_STEP][PASSED] - sa.assertTrue(orderSuccess): null

2019-10-24 15:18:55 - [TEST_STEP][PASSED] - println(ship): null

2019-10-24 15:18:55 - [TEST_STEP][PASSED] - shipString = "no": null

2019-10-24 15:18:55 - [TEST_STEP][PASSED] - shipString = ship: null

2019-10-24 15:18:55 - [TEST_STEP][PASSED] - if (shipString.equalsIgnoreCase("y")): Call Test Case 'Test Cases/NewArrival/warehouseShipping' successfully

2019-10-24 15:18:55 - [TEST_STEP][PASSED] - callTestCase(findTestCase("NewArrival/warehouseShipping"), ["orderId":orderID], CONTINUE_ON_FAILURE): Call Test Case 'Test Cases/NewArrival/warehouseShipping' successfully

2019-10-24 15:18:55 - [TEST_CASE][PASSED] - Test Cases/NewArrival/warehouseShipping: Test Cases/NewArrival/warehouseShipping

2019-10-24 15:18:55 - [TEST_STEP][PASSED] - println(orderId): null

2019-10-24 15:18:55 - [TEST_STEP][PASSED] - callTestCase(findTestCase("TestCaseUtilities/cabiWarehouseLogin"), ["CWURL":"", "CWuser":"", "CWpass":""], CONTINUE_ON_FAILURE): Call Test Case 'Test Cases/TestCaseUtilities/cabiWarehouseLogin' successfully

2019-10-24 15:18:55 - [TEST_CASE][PASSED] - Test Cases/TestCaseUtilities/cabiWarehouseLogin: Test Cases/TestCaseUtilities/cabiWarehouseLogin

2019-10-24 15:18:55 - [TEST_STEP][PASSED] - CWURL = findTestData("envtData").getValue("CWURL", 1): null

2019-10-24 15:18:55 - [TEST_STEP][PASSED] - CWuser = findTestData("credData").getValue("CWuser", 1): null

2019-10-24 15:18:56 - [TEST_STEP][PASSED] - CWpass = findTestData("credData").getValue("CWpass", 1): null

2019-10-24 15:18:56 - [TEST_STEP][PASSED] - openBrowser(""): Browser is opened with url: ''

2019-10-24 15:18:56 - [MESSAGE][WARNING] - A browser is already opened. Closing browser and opening a new one

2019-10-24 15:18:56 - [MESSAGE][INFO] - Starting 'Chrome' driver

2019-10-24 15:18:56 - [MESSAGE][INFO] - User set preference: ['args', '[--use-fake-ui-for-media-stream, --start-maximized]']

2019-10-24 15:18:59 - [MESSAGE][PASSED] - Browser is opened with url: ''

2019-10-24 15:18:59 - [TEST_STEP][PASSED] - navigateToUrl(CWURL): Navigate to 'https://test14.cliotest.com/warehouse/control/main' successfully

2019-10-24 15:19:05 - [MESSAGE][PASSED] - Navigate to 'https://test14.cliotest.com/warehouse/control/main' successfully

2019-10-24 15:19:05 - [TEST_STEP][PASSED] - logOut = findWebElements(findTestObject("Object Repository/Cabi warehouse/Page_cabi_home/log_out"), 1): Unable to find the element located by 'By.xpath: //li/a[contains(text(), 'Log Out »')]'. Please recheck the objects properties to make sure the desired element is located. 

2019-10-24 15:19:06 - [MESSAGE][INFO] - Unable to find the element located by 'By.xpath: //li/a[contains(text(), 'Log Out »')]'. Please recheck the objects properties to make sure the desired element is located. 

2019-10-24 15:19:06 - [TEST_STEP][PASSED] - if (logOut.size() == 0): Object: 'Object Repository/Cabi warehouse/Page_cabi/input_Password_section-btn btn-stl-pk rFloat' is clicked on

2019-10-24 15:19:06 - [TEST_STEP][PASSED] - setText(findTestObject("Object Repository/Cabi warehouse/Page_cabi/input_Username_USERNAME"), CWuser): Text 'rsuarez' is set on object 'Object Repository/Cabi warehouse/Page_cabi/input_Username_USERNAME'

2019-10-24 15:19:07 - [MESSAGE][PASSED] - Text 'rsuarez' is set on object 'Object Repository/Cabi warehouse/Page_cabi/input_Username_USERNAME'

2019-10-24 15:19:07 - [TEST_STEP][PASSED] - setText(findTestObject("Object Repository/Cabi warehouse/Page_cabi/input_Password_PASSWORD"), CWpass): Text 'blackdress19' is set on object 'Object Repository/Cabi warehouse/Page_cabi/input_Password_PASSWORD'

2019-10-24 15:19:07 - [MESSAGE][PASSED] - Text 'blackdress19' is set on object 'Object Repository/Cabi warehouse/Page_cabi/input_Password_PASSWORD'

2019-10-24 15:19:07 - [TEST_STEP][PASSED] - click(findTestObject("Object Repository/Cabi warehouse/Page_cabi/input_Password_section-btn btn-stl-pk rFloat")): Object: 'Object Repository/Cabi warehouse/Page_cabi/input_Password_section-btn btn-stl-pk rFloat' is clicked on

2019-10-24 15:19:08 - [MESSAGE][PASSED] - Object: 'Object Repository/Cabi warehouse/Page_cabi/input_Password_section-btn btn-stl-pk rFloat' is clicked on

2019-10-24 15:19:08 - [TEST_STEP][PASSED] - delay(3): Delayed 3 second(s)

2019-10-24 15:19:11 - [MESSAGE][PASSED] - Delayed 3 second(s)

2019-10-24 15:19:11 - [MESSAGE][PASSED] - Call Test Case 'Test Cases/TestCaseUtilities/cabiWarehouseLogin' successfully

2019-10-24 15:19:11 - [TEST_STEP][PASSED] - click(findTestObject("Page_cabi Manage PickLists/a_Create PickLists")): Object: 'Object Repository/Page_cabi Manage PickLists/a_Create PickLists' is clicked on

2019-10-24 15:19:12 - [MESSAGE][PASSED] - Object: 'Object Repository/Page_cabi Manage PickLists/a_Create PickLists' is clicked on

2019-10-24 15:19:12 - [TEST_STEP][PASSED] - delay(2): Delayed 2 second(s)

2019-10-24 15:19:14 - [MESSAGE][PASSED] - Delayed 2 second(s)

2019-10-24 15:19:14 - [TEST_STEP][PASSED] - click(findTestObject("Object Repository/findOrders/Page_cabi Find Orders/Page_cabi SampleLine Shipment Screen/a_Single Order")): Object: 'Object Repository/findOrders/Page_cabi Find Orders/Page_cabi SampleLine Shipment Screen/a_Single Order' is clicked on

2019-10-24 15:19:16 - [MESSAGE][PASSED] - Object: 'Object Repository/findOrders/Page_cabi Find Orders/Page_cabi SampleLine Shipment Screen/a_Single Order' is clicked on

2019-10-24 15:19:16 - [TEST_STEP][PASSED] - setText(findTestObject("Page_cabi Create Single Order PickList/input_Order Id_orderId"), orderId): Text 'PR708383820' is set on object 'Object Repository/Page_cabi Create Single Order PickList/input_Order Id_orderId'

2019-10-24 15:19:16 - [MESSAGE][PASSED] - Text 'PR708383820' is set on object 'Object Repository/Page_cabi Create Single Order PickList/input_Order Id_orderId'

2019-10-24 15:19:16 - [TEST_STEP][PASSED] - click(findTestObject("Page_cabi Create Single Order PickList/input_Create even if fully backordered_submitButton")): Object: 'Object Repository/Page_cabi Create Single Order PickList/input_Create even if fully backordered_submitButton' is clicked on

2019-10-24 15:19:17 - [MESSAGE][PASSED] - Object: 'Object Repository/Page_cabi Create Single Order PickList/input_Create even if fully backordered_submitButton' is clicked on

2019-10-24 15:19:17 - [TEST_STEP][PASSED] - delay(2): Delayed 2 second(s)

2019-10-24 15:19:19 - [MESSAGE][PASSED] - Delayed 2 second(s)

2019-10-24 15:19:19 - [TEST_STEP][PASSED] - pickListCreated = findWebElements(findTestObject("Cabi warehouse/picklistCreatedMessage"), 5): null

2019-10-24 15:19:19 - [TEST_STEP][PASSED] - if (pickListCreated.size() == 0): null

2019-10-24 15:19:19 - [TEST_STEP][PASSED] - picklistCreatedMessage = UtilityMethods.concat("Picklist for order: [", orderId, "] has been created successfully."): null

2019-10-24 15:19:19 - [TEST_STEP][PASSED] - println(picklistCreatedMessage): null

2019-10-24 15:19:19 - [TEST_STEP][PASSED] - verifyElementText(findTestObject("Cabi warehouse/picklistCreatedMessage"), picklistCreatedMessage): Actual text and expected text of test object 'Object Repository/Cabi warehouse/picklistCreatedMessage' are matched.

2019-10-24 15:19:19 - [MESSAGE][PASSED] - Actual text and expected text of test object 'Object Repository/Cabi warehouse/picklistCreatedMessage' are matched.

2019-10-24 15:19:19 - [TEST_STEP][PASSED] - click(findTestObject("Page_cabi Create Single Order PickList/a_Manage PickLists")): Object: 'Object Repository/Page_cabi Create Single Order PickList/a_Manage PickLists' is clicked on

2019-10-24 15:19:20 - [MESSAGE][PASSED] - Object: 'Object Repository/Page_cabi Create Single Order PickList/a_Manage PickLists' is clicked on

2019-10-24 15:19:20 - [TEST_STEP][PASSED] - delay(2): Delayed 2 second(s)

2019-10-24 15:19:22 - [MESSAGE][PASSED] - Delayed 2 second(s)

2019-10-24 15:19:22 - [TEST_STEP][PASSED] - setText(findTestObject("Page_cabi Manage PickLists/input_Order _orderId"), orderId): Text 'PR708383820' is set on object 'Object Repository/Page_cabi Manage PickLists/input_Order _orderId'

2019-10-24 15:19:22 - [MESSAGE][PASSED] - Text 'PR708383820' is set on object 'Object Repository/Page_cabi Manage PickLists/input_Order _orderId'

2019-10-24 15:19:22 - [TEST_STEP][PASSED] - click(findTestObject("Page_cabi Manage PickLists/input")): Object: 'Object Repository/Page_cabi Manage PickLists/input' is clicked on

2019-10-24 15:19:23 - [MESSAGE][PASSED] - Object: 'Object Repository/Page_cabi Manage PickLists/input' is clicked on

2019-10-24 15:19:23 - [TEST_STEP][PASSED] - delay(3): Delayed 3 second(s)

2019-10-24 15:19:26 - [MESSAGE][PASSED] - Delayed 3 second(s)

2019-10-24 15:19:26 - [TEST_STEP][PASSED] - click(findTestObject("Page_cabi Manage PickLists/td_104238610")): Object: 'Object Repository/Page_cabi Manage PickLists/td_104238610' is clicked on

2019-10-24 15:19:26 - [MESSAGE][PASSED] - Object: 'Object Repository/Page_cabi Manage PickLists/td_104238610' is clicked on

2019-10-24 15:19:26 - [TEST_STEP][PASSED] - delay(2): Delayed 2 second(s)

2019-10-24 15:19:28 - [MESSAGE][PASSED] - Delayed 2 second(s)

2019-10-24 15:19:28 - [TEST_STEP][PASSED] - picklistId = getText(findTestObject("Page_cabi Manage PickLists/td_104238610")): Text of object 'Object Repository/Page_cabi Manage PickLists/td_104238610' is: '104456329'

2019-10-24 15:19:28 - [MESSAGE][PASSED] - Text of object 'Object Repository/Page_cabi Manage PickLists/td_104238610' is: '104456329'

2019-10-24 15:19:28 - [TEST_STEP][PASSED] - click(findTestObject("Page_cabi Manage PickLists/a_Packing")): Object: 'Object Repository/Page_cabi Manage PickLists/a_Packing' is clicked on

2019-10-24 15:19:29 - [MESSAGE][PASSED] - Object: 'Object Repository/Page_cabi Manage PickLists/a_Packing' is clicked on

2019-10-24 15:19:29 - [TEST_STEP][PASSED] - setText(findTestObject("Page_cabi Pack Init/input_Pack Station_packStationId"), "30"): Text '30' is set on object 'Object Repository/Page_cabi Pack Init/input_Pack Station_packStationId'

2019-10-24 15:19:29 - [MESSAGE][PASSED] - Text '30' is set on object 'Object Repository/Page_cabi Pack Init/input_Pack Station_packStationId'

2019-10-24 15:19:29 - [TEST_STEP][PASSED] - click(findTestObject("Page_cabi Pack Init/input_Pack Station_submitButton")): Object: 'Object Repository/Page_cabi Pack Init/input_Pack Station_submitButton' is clicked on

2019-10-24 15:19:30 - [MESSAGE][PASSED] - Object: 'Object Repository/Page_cabi Pack Init/input_Pack Station_submitButton' is clicked on

2019-10-24 15:19:30 - [TEST_STEP][PASSED] - delay(2): Delayed 2 second(s)

2019-10-24 15:19:32 - [MESSAGE][PASSED] - Delayed 2 second(s)

2019-10-24 15:19:32 - [TEST_STEP][PASSED] - setText(findTestObject("Page_cabi Pack Init/input_Picklist ID_pickId"), picklistId): Text '104456329' is set on object 'Object Repository/Page_cabi Pack Init/input_Picklist ID_pickId'

2019-10-24 15:19:32 - [MESSAGE][PASSED] - Text '104456329' is set on object 'Object Repository/Page_cabi Pack Init/input_Picklist ID_pickId'

2019-10-24 15:19:32 - [TEST_STEP][PASSED] - click(findTestObject("Page_cabi Pack Init/input_Picklist ID_submitButton")): Object: 'Object Repository/Page_cabi Pack Init/input_Picklist ID_submitButton' is clicked on

2019-10-24 15:19:34 - [MESSAGE][PASSED] - Object: 'Object Repository/Page_cabi Pack Init/input_Picklist ID_submitButton' is clicked on

2019-10-24 15:19:34 - [TEST_STEP][PASSED] - delay(2): Delayed 2 second(s)

2019-10-24 15:19:36 - [MESSAGE][PASSED] - Delayed 2 second(s)

2019-10-24 15:19:36 - [TEST_STEP][PASSED] - click(findTestObject("Page_cabi General Pack/input_Cream Of Wheat_button addItemForVerification")): Object: 'Object Repository/Page_cabi General Pack/input_Cream Of Wheat_button addItemForVerification' is clicked on

2019-10-24 15:19:36 - [MESSAGE][PASSED] - Object: 'Object Repository/Page_cabi General Pack/input_Cream Of Wheat_button addItemForVerification' is clicked on

2019-10-24 15:19:36 - [TEST_STEP][PASSED] - delay(2): Delayed 2 second(s)

2019-10-24 15:19:38 - [MESSAGE][PASSED] - Delayed 2 second(s)

2019-10-24 15:19:38 - [TEST_STEP][PASSED] - click(findTestObject("Page_cabi General Pack/input_Pack Station  30_shipConfirmBtn")): Object: 'Object Repository/Page_cabi General Pack/input_Pack Station  30_shipConfirmBtn' is clicked on

2019-10-24 15:19:41 - [MESSAGE][PASSED] - Object: 'Object Repository/Page_cabi General Pack/input_Pack Station  30_shipConfirmBtn' is clicked on

2019-10-24 15:19:41 - [TEST_STEP][PASSED] - delay(3): Delayed 3 second(s)

2019-10-24 15:19:44 - [MESSAGE][PASSED] - Delayed 3 second(s)

2019-10-24 15:19:44 - [TEST_STEP][PASSED] - itemsNotpacked = findWebElements(findTestObject("Cabi warehouse/itemsNotPacked"), 5): Unable to find the element located by 'By.xpath: //*[@id="content-messages"]/p[1]'. Please recheck the objects properties to make sure the desired element is located. 

2019-10-24 15:19:49 - [MESSAGE][INFO] - Unable to find the element located by 'By.xpath: //*[@id="content-messages"]/p[1]'. Please recheck the objects properties to make sure the desired element is located. 

2019-10-24 15:19:49 - [TEST_STEP][PASSED] - if (itemsNotpacked.size() > 0): null

2019-10-24 15:19:49 - [MESSAGE][PASSED] - Call Test Case 'Test Cases/NewArrival/warehouseShipping' successfully

2019-10-24 15:19:49 - [MESSAGE][PASSED] - Call Test Case 'Test Cases/OrderCreator/addOnOrderPersonal' successfully]]></system-out>
         <system-err><![CDATA[]]></system-err>
      </testcase>
      <system-out><![CDATA[2019-10-24 15:14:00 - [TEST_SUITE][PASSED] - OrderCreatorSuiteAddonOrderPersonal: Test Cases/OrderCreator/massOrderCreationAddOnOrderPersonal]]></system-out>
      <system-err><![CDATA[]]></system-err>
   </testsuite>
</testsuites>
