<?xml version="1.0" encoding="UTF-8"?>
<testsuites name="NewArrivalsSuite1" time="245" tests="1" failures="0" errors="0">
   <testsuite name="NewArrivalsSuite1" tests="1" failures="0" errors="0" time="245" timestamp="2019-10-04 16:09:26" hostname="user - 172.16.231.44" id="Test Suites/NewArrivalsSuites/NewArrivalsSuite1">
      <properties>
         <property name="deviceName" value=""/>
         <property name="devicePlatform" value=""/>
         <property name="logFolder" value="C:\\Users\\user\\Documents\\testautomation\\KatalonProjects\\Reports\\NewArrivalsSuites\\NewArrivalsSuite1\\20191004_160921"/>
         <property name="logFiles" value="C:\\Users\\user\\Documents\\testautomation\\KatalonProjects\\Reports\\NewArrivalsSuites\\NewArrivalsSuite1\\20191004_160921\\execution0.log"/>
         <property name="attachments" value=""/>
         <property name="hostName" value="user - 172.16.231.44"/>
         <property name="os" value="Windows 8.1 64bit"/>
         <property name="katalonVersion" value="6.1.1.1"/>
         <property name="browser" value="Chrome 77.0.3865.90"/>
         <property name="hostAddress" value="172.16.231.44"/>
         <property name="sessionId" value="6990eb80aca5396fac1b573ce89e0a8b"/>
         <property name="seleniumVersion" value="3.7.1"/>
         <property name="proxyInformation" value="ProxyInformation{proxyOption=NO_PROXY, proxyServerType=HTTP, password=, proxyServerAddress=, proxyServerPort=0}"/>
         <property name="platform" value="Windows 8.1"/>
      </properties>
      <testcase name="Test Cases/NA_Timezone_Separated/BORetail2" classname="Test Cases/NA_Timezone_Separated/BORetail2" status="PASSED">
         <system-out><![CDATA[2019-10-04 16:09:27 - [TEST_CASE][PASSED] - Test Cases/NA_Timezone_Separated/BORetail2: Test Cases/NA_Timezone_Separated/BORetail2

2019-10-04 16:09:27 - [TEST_STEP][PASSED] - Start listener action : sampleBeforeTestCase: null

2019-10-04 16:09:27 - [TEST_STEP][PASSED] - println(testCaseContext.getTestCaseId()): null

2019-10-04 16:09:27 - [TEST_STEP][PASSED] - println(testCaseContext.getTestCaseVariables()): null

2019-10-04 16:09:28 - [TEST_STEP][PASSED] - openBrowser(""): Browser is opened with url: ''

2019-10-04 16:09:28 - [MESSAGE][INFO] - Starting 'Chrome' driver

2019-10-04 16:09:28 - [MESSAGE][INFO] - User set preference: ['args', '[--use-fake-ui-for-media-stream, --start-maximized]']

2019-10-04 16:09:28 - [MESSAGE][INFO] - Action delay is set to 0 seconds

2019-10-04 16:09:33 - [MESSAGE][PASSED] - Browser is opened with url: ''

2019-10-04 16:09:33 - [TEST_STEP][PASSED] - driver = <not implemented yet for class: org.codehaus.groovy.ast.expr.EmptyExpression>: null

2019-10-04 16:09:33 - [TEST_STEP][PASSED] - executor = <not implemented yet for class: org.codehaus.groovy.ast.expr.EmptyExpression>: null

2019-10-04 16:09:33 - [TEST_STEP][PASSED] - for ([timeRow = 2, timeRow <= 2, (timeRow++)]): Call Test Case 'Test Cases/NewArrival/productVerify' successfully

2019-10-04 16:09:33 - [TEST_STEP][PASSED] - callTestCase(findTestCase("NewArrival/populateTimeGlobalVars"), ["row":timeRow], CONTINUE_ON_FAILURE): Call Test Case 'Test Cases/NewArrival/populateTimeGlobalVars' successfully

2019-10-04 16:09:33 - [TEST_CASE][PASSED] - Test Cases/NewArrival/populateTimeGlobalVars: Test Cases/NewArrival/populateTimeGlobalVars

2019-10-04 16:09:34 - [TEST_STEP][PASSED] - dataFile = "timezoneData": null

2019-10-04 16:09:34 - [TEST_STEP][PASSED] - clockServerTarget = UtilityMethods.getTestData("envtData", "clockServerTarget", 1): null

2019-10-04 16:09:36 - [TEST_STEP][PASSED] - println(clockServerTarget): null

2019-10-04 16:09:36 - [TEST_STEP][PASSED] - orderType = UtilityMethods.getTestData(dataFile, "orderType", row): null

2019-10-04 16:09:37 - [TEST_STEP][PASSED] - timeZone = UtilityMethods.getTestData(dataFile, "timeZone", row): null

2019-10-04 16:09:37 - [TEST_STEP][PASSED] - BOPersonal = UtilityMethods.getTestData(dataFile, "BOPersonal", row): null

2019-10-04 16:09:37 - [TEST_STEP][PASSED] - BOAddonPersonal = UtilityMethods.getTestData(dataFile, "BOAddonPersonal", row): null

2019-10-04 16:09:37 - [TEST_STEP][PASSED] - BOAddonRetail = UtilityMethods.getTestData(dataFile, "BOAddonRetail", row): null

2019-10-04 16:09:37 - [TEST_STEP][PASSED] - BORetail = UtilityMethods.getTestData(dataFile, "BORetail", row): null

2019-10-04 16:09:37 - [TEST_STEP][PASSED] - BOShow = UtilityMethods.getTestData(dataFile, "BOShow", row): null

2019-10-04 16:09:37 - [TEST_STEP][PASSED] - BOOnlineoutlet = UtilityMethods.getTestData(dataFile, "BOOnlineoutlet", row): null

2019-10-04 16:09:37 - [TEST_STEP][PASSED] - BOEmployee = UtilityMethods.getTestData(dataFile, "BOEmployee", row): null

2019-10-04 16:09:37 - [TEST_STEP][PASSED] - CCPersonal = UtilityMethods.getTestData(dataFile, "CCPersonal", row): null

2019-10-04 16:09:37 - [TEST_STEP][PASSED] - CCRetail = UtilityMethods.getTestData(dataFile, "CCRetail", row): null

2019-10-04 16:09:37 - [TEST_STEP][PASSED] - CCShow = UtilityMethods.getTestData(dataFile, "CCShow", row): null

2019-10-04 16:09:37 - [TEST_STEP][PASSED] - BOEblast = UtilityMethods.getTestData(dataFile, "BOEblast", row): null

2019-10-04 16:09:37 - [TEST_STEP][PASSED] - println(row): null

2019-10-04 16:09:37 - [TEST_STEP][PASSED] - println(BOPersonal): null

2019-10-04 16:09:37 - [MESSAGE][PASSED] - Call Test Case 'Test Cases/NewArrival/populateTimeGlobalVars' successfully

2019-10-04 16:09:37 - [TEST_STEP][PASSED] - callTestCase(findTestCase("NewArrival/setTimezone"), ["ofbizURL":"", "ofbizuser":"", "ofbizpass":"", "orderType":orderType, "timeZone":timeZone, "serverTarget":serverTarget, "clockServerTarget":clockServerTarget], CONTINUE_ON_FAILURE): Call Test Case 'Test Cases/NewArrival/setTimezone' successfully

2019-10-04 16:09:37 - [TEST_CASE][PASSED] - Test Cases/NewArrival/setTimezone: Test Cases/NewArrival/setTimezone

2019-10-04 16:09:38 - [TEST_STEP][PASSED] - openBrowser(""): Browser is opened with url: ''

2019-10-04 16:09:38 - [MESSAGE][WARNING] - A browser is already opened. Closing browser and opening a new one

2019-10-04 16:09:38 - [MESSAGE][INFO] - Starting 'Chrome' driver

2019-10-04 16:09:38 - [MESSAGE][INFO] - User set preference: ['args', '[--use-fake-ui-for-media-stream, --start-maximized]']

2019-10-04 16:09:41 - [MESSAGE][PASSED] - Browser is opened with url: ''

2019-10-04 16:09:41 - [TEST_STEP][NOT_RUN] - maximizeWindow(): NOT_RUN: maximizeWindow()

2019-10-04 16:09:41 - [MESSAGE][NOT_RUN] - NOT_RUN: maximizeWindow()

2019-10-04 16:09:41 - [TEST_STEP][PASSED] - ofbizURL = findTestData("envtData").getValue("ofbizURL", 1): null

2019-10-04 16:09:41 - [TEST_STEP][PASSED] - ofbizuser = findTestData("credData").getValue("ofbizuser", 1): null

2019-10-04 16:09:41 - [TEST_STEP][PASSED] - ofbizpass = findTestData("credData").getValue("ofbizpass", 1): null

2019-10-04 16:09:41 - [TEST_STEP][PASSED] - navigateToUrl(ofbizURL): Navigate to 'https://pushofbiz.cliotest.com/login.php' successfully

2019-10-04 16:09:43 - [MESSAGE][PASSED] - Navigate to 'https://pushofbiz.cliotest.com/login.php' successfully

2019-10-04 16:09:43 - [TEST_STEP][PASSED] - setText(findTestObject("Page_/input_Username_username"), ofbizuser): Text 'automation' is set on object 'Object Repository/Page_/input_Username_username'

2019-10-04 16:09:43 - [MESSAGE][PASSED] - Text 'automation' is set on object 'Object Repository/Page_/input_Username_username'

2019-10-04 16:09:43 - [TEST_STEP][PASSED] - setText(findTestObject("Page_/input_Password_password"), ofbizpass): Text 'cabiautomation' is set on object 'Object Repository/Page_/input_Password_password'

2019-10-04 16:09:43 - [MESSAGE][PASSED] - Text 'cabiautomation' is set on object 'Object Repository/Page_/input_Password_password'

2019-10-04 16:09:43 - [TEST_STEP][PASSED] - click(findTestObject("Page_/input_Password_Submit")): Object: 'Object Repository/Page_/input_Password_Submit' is clicked on

2019-10-04 16:09:47 - [MESSAGE][PASSED] - Object: 'Object Repository/Page_/input_Password_Submit' is clicked on

2019-10-04 16:09:47 - [TEST_STEP][PASSED] - click(findTestObject("Object Repository/Page_/a_Clock set")): Object: 'Object Repository/Page_/a_Clock set' is clicked on

2019-10-04 16:09:47 - [MESSAGE][PASSED] - Object: 'Object Repository/Page_/a_Clock set' is clicked on

2019-10-04 16:09:47 - [TEST_STEP][PASSED] - cst = UtilityMethods.createTestObject("select_target", "//select[@name='Target']/option[contains(text(), '", clockServerTarget, "')]"): null

2019-10-04 16:09:47 - [TEST_STEP][PASSED] - println(clockServerTarget): null

2019-10-04 16:09:47 - [TEST_STEP][PASSED] - click(cst): Object: 'select_target' is clicked on

2019-10-04 16:09:48 - [MESSAGE][PASSED] - Object: 'select_target' is clicked on

2019-10-04 16:09:48 - [TEST_STEP][PASSED] - click(findTestObject("Page_/thisDateAndTime")): Object: 'Object Repository/Page_/thisDateAndTime' is clicked on

2019-10-04 16:09:48 - [MESSAGE][PASSED] - Object: 'Object Repository/Page_/thisDateAndTime' is clicked on

2019-10-04 16:09:48 - [TEST_STEP][PASSED] - setText(findTestObject("Object Repository/Page_/setTargetTime"), timeZone): Text ' 10/24/2019 00:00' is set on object 'Object Repository/Page_/setTargetTime'

2019-10-04 16:09:48 - [MESSAGE][PASSED] - Text ' 10/24/2019 00:00' is set on object 'Object Repository/Page_/setTargetTime'

2019-10-04 16:09:48 - [TEST_STEP][PASSED] - click(findTestObject("Object Repository/Page_/input")): Object: 'Object Repository/Page_/input' is clicked on

2019-10-04 16:09:49 - [MESSAGE][PASSED] - Object: 'Object Repository/Page_/input' is clicked on

2019-10-04 16:09:49 - [TEST_STEP][PASSED] - delay(10): Delayed 10 second(s)

2019-10-04 16:09:59 - [MESSAGE][PASSED] - Delayed 10 second(s)

2019-10-04 16:09:59 - [TEST_STEP][NOT_RUN] - closeBrowser(): NOT_RUN: closeBrowser()

2019-10-04 16:09:59 - [MESSAGE][NOT_RUN] - NOT_RUN: closeBrowser()

2019-10-04 16:09:59 - [MESSAGE][PASSED] - Call Test Case 'Test Cases/NewArrival/setTimezone' successfully

2019-10-04 16:09:59 - [TEST_STEP][PASSED] - callTestCase(findTestCase("TestCaseUtilities/backOfficeLogin"), ["BOURL":"", "BOuser":"", "BOpass":""], CONTINUE_ON_FAILURE): Call Test Case 'Test Cases/TestCaseUtilities/backOfficeLogin' successfully

2019-10-04 16:09:59 - [TEST_CASE][PASSED] - Test Cases/TestCaseUtilities/backOfficeLogin: Test Cases/TestCaseUtilities/backOfficeLogin

2019-10-04 16:09:59 - [TEST_STEP][PASSED] - BOURL = findTestData("envtData").getValue("BOURL", 1): null

2019-10-04 16:10:00 - [TEST_STEP][PASSED] - BOuser = findTestData("credData").getValue("BOuser", 1): null

2019-10-04 16:10:00 - [TEST_STEP][PASSED] - BOpass = findTestData("credData").getValue("BOpass", 1): null

2019-10-04 16:10:00 - [TEST_STEP][PASSED] - openBrowser(""): Browser is opened with url: ''

2019-10-04 16:10:00 - [MESSAGE][WARNING] - A browser is already opened. Closing browser and opening a new one

2019-10-04 16:10:01 - [MESSAGE][INFO] - Starting 'Chrome' driver

2019-10-04 16:10:01 - [MESSAGE][INFO] - User set preference: ['args', '[--use-fake-ui-for-media-stream, --start-maximized]']

2019-10-04 16:10:03 - [MESSAGE][PASSED] - Browser is opened with url: ''

2019-10-04 16:10:03 - [TEST_STEP][PASSED] - navigateToUrl(BOURL): Navigate to 'https://test4ca.cliotest.com/backoffice/control/main' successfully

2019-10-04 16:10:11 - [MESSAGE][PASSED] - Navigate to 'https://test4ca.cliotest.com/backoffice/control/main' successfully

2019-10-04 16:10:11 - [TEST_STEP][PASSED] - logOut = findWebElements(findTestObject("Object Repository/Page_cabi Home/log_out"), 1): Unable to find the element located by 'By.xpath: //a[contains(text(),'Log Out')]'. Please recheck the objects properties to make sure the desired element is located. 

2019-10-04 16:10:12 - [MESSAGE][INFO] - Unable to find the element located by 'By.xpath: //a[contains(text(),'Log Out')]'. Please recheck the objects properties to make sure the desired element is located. 

2019-10-04 16:10:12 - [TEST_STEP][PASSED] - if (logOut.size() == 0): Object: 'Object Repository/Page_cabi/input_Welcome to_consultantLogin' is clicked on

2019-10-04 16:10:12 - [TEST_STEP][PASSED] - setText(findTestObject("Page_cabi/input_Welcome to_USERNAME"), BOuser): Text 'ca1402' is set on object 'Object Repository/Page_cabi/input_Welcome to_USERNAME'

2019-10-04 16:10:12 - [MESSAGE][PASSED] - Text 'ca1402' is set on object 'Object Repository/Page_cabi/input_Welcome to_USERNAME'

2019-10-04 16:10:12 - [TEST_STEP][PASSED] - setText(findTestObject("Object Repository/Page_cabi/input_Welcome to_PASSWORD"), BOpass): Text 'blackdress19' is set on object 'Object Repository/Page_cabi/input_Welcome to_PASSWORD'

2019-10-04 16:10:12 - [MESSAGE][PASSED] - Text 'blackdress19' is set on object 'Object Repository/Page_cabi/input_Welcome to_PASSWORD'

2019-10-04 16:10:12 - [TEST_STEP][PASSED] - click(findTestObject("Object Repository/Page_cabi/input_Welcome to_consultantLogin")): Object: 'Object Repository/Page_cabi/input_Welcome to_consultantLogin' is clicked on

2019-10-04 16:10:21 - [MESSAGE][PASSED] - Object: 'Object Repository/Page_cabi/input_Welcome to_consultantLogin' is clicked on

2019-10-04 16:10:21 - [TEST_STEP][PASSED] - delay(3): Delayed 3 second(s)

2019-10-04 16:10:24 - [MESSAGE][PASSED] - Delayed 3 second(s)

2019-10-04 16:10:24 - [MESSAGE][PASSED] - Call Test Case 'Test Cases/TestCaseUtilities/backOfficeLogin' successfully

2019-10-04 16:10:24 - [TEST_STEP][PASSED] - driver = getWebDriver(): null

2019-10-04 16:10:24 - [TEST_STEP][PASSED] - executor = driver: null

2019-10-04 16:10:25 - [TEST_STEP][PASSED] - AshowOrders = findWebElement(findTestObject("Page_cabi Home/a_retail_purchases"), 30): null

2019-10-04 16:10:25 - [TEST_STEP][PASSED] - executeJavaScript("arguments[0].click()", Arrays.asList(AshowOrders)): Execute JavaScript 'arguments[0].click()' successfully

2019-10-04 16:10:29 - [MESSAGE][PASSED] - Execute JavaScript 'arguments[0].click()' successfully

2019-10-04 16:10:29 - [TEST_STEP][PASSED] - delay(3): Delayed 3 second(s)

2019-10-04 16:10:32 - [MESSAGE][PASSED] - Delayed 3 second(s)

2019-10-04 16:10:32 - [TEST_STEP][PASSED] - click(findTestObject("Object Repository/Page_cabi Home/existingCustomer")): Object: 'Object Repository/Page_cabi Home/existingCustomer' is clicked on

2019-10-04 16:10:33 - [MESSAGE][PASSED] - Object: 'Object Repository/Page_cabi Home/existingCustomer' is clicked on

2019-10-04 16:10:33 - [TEST_STEP][PASSED] - contactNumber = 1: null

2019-10-04 16:10:33 - [TEST_STEP][PASSED] - firstName = findTestData("contactData").getValue("firstName", contactNumber): null

2019-10-04 16:10:33 - [TEST_STEP][PASSED] - lastName = findTestData("contactData").getValue("lastName", contactNumber): null

2019-10-04 16:10:33 - [TEST_STEP][PASSED] - email = findTestData("contactData").getValue("email", contactNumber): null

2019-10-04 16:10:33 - [TEST_STEP][PASSED] - address1 = findTestData("contactData").getValue("address1", contactNumber): null

2019-10-04 16:10:33 - [TEST_STEP][PASSED] - city = findTestData("contactData").getValue("city", contactNumber): null

2019-10-04 16:10:33 - [TEST_STEP][PASSED] - state = findTestData("contactData").getValue("state", contactNumber): null

2019-10-04 16:10:33 - [TEST_STEP][PASSED] - zip = findTestData("contactData").getValue("zip", contactNumber): null

2019-10-04 16:10:33 - [TEST_STEP][PASSED] - existingCustFName = firstName: null

2019-10-04 16:10:33 - [TEST_STEP][PASSED] - existingCustLName = lastName: null

2019-10-04 16:10:33 - [TEST_STEP][PASSED] - space = " ": null

2019-10-04 16:10:33 - [TEST_STEP][PASSED] - existingCust = $existingCustFName$space$existingCustLName: null

2019-10-04 16:10:33 - [TEST_STEP][PASSED] - setText(findTestObject("Object Repository/Page_cabi Home/input_existing_guest"), existingCust): Text 'ahostess-test1 abc' is set on object 'Object Repository/Page_cabi Home/input_existing_guest'

2019-10-04 16:10:34 - [MESSAGE][PASSED] - Text 'ahostess-test1 abc' is set on object 'Object Repository/Page_cabi Home/input_existing_guest'

2019-10-04 16:10:34 - [TEST_STEP][PASSED] - delay(2): Delayed 2 second(s)

2019-10-04 16:10:36 - [MESSAGE][PASSED] - Delayed 2 second(s)

2019-10-04 16:10:36 - [TEST_STEP][PASSED] - sendKeys(findTestObject("Object Repository/Page_cabi Home/input_existing_guest"), Keys.chord(ARROW_DOWN)): Keys 'DOWN + ' sent to object: 'Object Repository/Page_cabi Home/input_existing_guest'

2019-10-04 16:10:36 - [MESSAGE][PASSED] - Keys 'DOWN + ' sent to object: 'Object Repository/Page_cabi Home/input_existing_guest'

2019-10-04 16:10:36 - [TEST_STEP][PASSED] - sendKeys(findTestObject("Object Repository/Page_cabi Home/input_existing_guest"), Keys.chord(ENTER)): Keys 'ENTER + ' sent to object: 'Object Repository/Page_cabi Home/input_existing_guest'

2019-10-04 16:10:36 - [MESSAGE][PASSED] - Keys 'ENTER + ' sent to object: 'Object Repository/Page_cabi Home/input_existing_guest'

2019-10-04 16:10:36 - [TEST_STEP][PASSED] - delay(5): Delayed 5 second(s)

2019-10-04 16:10:41 - [MESSAGE][PASSED] - Delayed 5 second(s)

2019-10-04 16:10:41 - [TEST_STEP][PASSED] - executor.executeScript("arguments[0].click();", findWebElement(findTestObject("Object Repository/Page_cabi Home/a_same_shipping_address"), 5)): null

2019-10-04 16:10:42 - [TEST_STEP][PASSED] - click(findTestObject("Object Repository/Page_cabi Home/a_same_shipping_address")): Object: 'Object Repository/Page_cabi Home/a_same_shipping_address' is clicked on

2019-10-04 16:10:42 - [MESSAGE][PASSED] - Object: 'Object Repository/Page_cabi Home/a_same_shipping_address' is clicked on

2019-10-04 16:10:42 - [TEST_STEP][PASSED] - delay(5): Delayed 5 second(s)

2019-10-04 16:10:47 - [MESSAGE][PASSED] - Delayed 5 second(s)

2019-10-04 16:10:47 - [TEST_STEP][PASSED] - println(executor.executeScript("return arguments[0].value;", findWebElement(findTestObject("Page_cabi Retail Store/span_next_1"), 5))): null

2019-10-04 16:10:47 - [TEST_STEP][PASSED] - executor.executeScript("arguments[0].click();", findWebElement(findTestObject("Page_cabi Retail Store/span_next_1"), 5)): null

2019-10-04 16:10:47 - [TEST_STEP][PASSED] - click(findTestObject("Page_cabi Retail Store/span_next_1")): Object: 'Object Repository/Page_cabi Retail Store/span_next_1' is clicked on

2019-10-04 16:10:47 - [MESSAGE][PASSED] - Object: 'Object Repository/Page_cabi Retail Store/span_next_1' is clicked on

2019-10-04 16:10:47 - [TEST_STEP][PASSED] - delay(3): Delayed 3 second(s)

2019-10-04 16:10:50 - [MESSAGE][PASSED] - Delayed 3 second(s)

2019-10-04 16:10:50 - [TEST_STEP][PASSED] - callTestCase(findTestCase("NewArrival/productVerify"), ["available":BORetail, "storeType":"BORetail"], CONTINUE_ON_FAILURE): Call Test Case 'Test Cases/NewArrival/productVerify' successfully

2019-10-04 16:10:50 - [TEST_CASE][PASSED] - Test Cases/NewArrival/productVerify: Test Cases/NewArrival/productVerify

2019-10-04 16:10:51 - [TEST_STEP][PASSED] - sa = <not implemented yet for class: org.codehaus.groovy.ast.expr.EmptyExpression>: null

2019-10-04 16:10:51 - [TEST_STEP][PASSED] - styleid_data = <not implemented yet for class: org.codehaus.groovy.ast.expr.EmptyExpression>: null

2019-10-04 16:10:51 - [TEST_STEP][PASSED] - by = <not implemented yet for class: org.codehaus.groovy.ast.expr.EmptyExpression>: null

2019-10-04 16:10:51 - [TEST_STEP][PASSED] - styleWe = <not implemented yet for class: org.codehaus.groovy.ast.expr.EmptyExpression>: null

2019-10-04 16:10:51 - [TEST_STEP][PASSED] - to = <not implemented yet for class: org.codehaus.groovy.ast.expr.EmptyExpression>: null

2019-10-04 16:10:51 - [TEST_STEP][PASSED] - driver = getWebDriver(): null

2019-10-04 16:10:51 - [TEST_STEP][PASSED] - for ([row = 1, row <= findTestData("productData").getRowNumbers(), (row++)]): Actual text and expected text of test object 'Object Repository/Page_cabi Order Items/no_result_found' are matched.

2019-10-04 16:10:51 - [TEST_STEP][PASSED] - delay(5): Delayed 5 second(s)

2019-10-04 16:10:56 - [MESSAGE][PASSED] - Delayed 5 second(s)

2019-10-04 16:10:56 - [TEST_STEP][PASSED] - sa = new org.testng.asserts.SoftAssert(): null

2019-10-04 16:10:56 - [TEST_STEP][PASSED] - styleid_data = findTestData("productData").getValue("Style", row): null

2019-10-04 16:10:57 - [TEST_STEP][PASSED] - println("******************+++++++++++++++++++**********************************************"): null

2019-10-04 16:10:57 - [TEST_STEP][PASSED] - println(styleid_data): null

2019-10-04 16:10:57 - [TEST_STEP][PASSED] - by = By.xpath("//input[@name='style']"): null

2019-10-04 16:10:57 - [TEST_STEP][PASSED] - styleWe = UtilityMethods.getElementByLocator(by, driver): null

2019-10-04 16:10:57 - [TEST_STEP][PASSED] - to = UtilityMethods.fromElement(styleWe): null

2019-10-04 16:10:57 - [TEST_STEP][PASSED] - setText(to, styleid_data): Text '3843' is set on object ''

2019-10-04 16:10:57 - [MESSAGE][PASSED] - Text '3843' is set on object ''

2019-10-04 16:10:57 - [TEST_STEP][PASSED] - sendKeys(to, Keys.chord(ENTER)): Keys 'ENTER + ' sent to object: ''

2019-10-04 16:10:57 - [MESSAGE][PASSED] - Keys 'ENTER + ' sent to object: ''

2019-10-04 16:10:57 - [TEST_STEP][PASSED] - delay(5): Delayed 5 second(s)

2019-10-04 16:11:02 - [MESSAGE][PASSED] - Delayed 5 second(s)

2019-10-04 16:11:02 - [TEST_STEP][PASSED] - setText(findTestObject("Object Repository/Page_cabi Order Items/input_New Arrivals - Blooming Blush_style"), findTestData("productData").getValue("Style", row)): Text '3843' is set on object 'Object Repository/Page_cabi Order Items/input_New Arrivals - Blooming Blush_style'

2019-10-04 16:11:03 - [MESSAGE][PASSED] - Text '3843' is set on object 'Object Repository/Page_cabi Order Items/input_New Arrivals - Blooming Blush_style'

2019-10-04 16:11:03 - [TEST_STEP][PASSED] - sendKeys(findTestObject("Object Repository/Page_cabi Order Items/input_New Arrivals - Blooming Blush_style"), Keys.chord(ENTER)): Keys 'ENTER + ' sent to object: 'Object Repository/Page_cabi Order Items/input_New Arrivals - Blooming Blush_style'

2019-10-04 16:11:03 - [MESSAGE][PASSED] - Keys 'ENTER + ' sent to object: 'Object Repository/Page_cabi Order Items/input_New Arrivals - Blooming Blush_style'

2019-10-04 16:11:03 - [TEST_STEP][PASSED] - executeJavaScript("arguments[0].click()", Arrays.asList(findWebElement(findTestObject("Object Repository/Page_cabi Order Items/input_New Arrivals - Blooming Blush_style"), 30))): Execute JavaScript 'arguments[0].click()' successfully

2019-10-04 16:11:03 - [MESSAGE][PASSED] - Execute JavaScript 'arguments[0].click()' successfully

2019-10-04 16:11:03 - [TEST_STEP][PASSED] - if (toString().equalsIgnoreCase("no")): Actual text and expected text of test object 'Object Repository/Page_cabi Order Items/no_result_found' are matched.

2019-10-04 16:11:03 - [TEST_STEP][PASSED] - delay(2): Delayed 2 second(s)

2019-10-04 16:11:05 - [MESSAGE][PASSED] - Delayed 2 second(s)

2019-10-04 16:11:05 - [TEST_STEP][PASSED] - noResultMessages = findWebElements(findTestObject("Page_cabi Order Items/no_result_found"), 5): null

2019-10-04 16:11:05 - [TEST_STEP][PASSED] - println(noResultMessages.size()): null

2019-10-04 16:11:05 - [TEST_STEP][PASSED] - sa.assertTrue(noResultMessages.size() > 0): null

2019-10-04 16:11:05 - [TEST_STEP][PASSED] - verifyElementText(findTestObject("Page_cabi Order Items/no_result_found"), "No Results Found!", CONTINUE_ON_FAILURE): Actual text and expected text of test object 'Object Repository/Page_cabi Order Items/no_result_found' are matched.

2019-10-04 16:11:05 - [MESSAGE][PASSED] - Actual text and expected text of test object 'Object Repository/Page_cabi Order Items/no_result_found' are matched.

2019-10-04 16:11:05 - [TEST_STEP][PASSED] - delay(5): Delayed 5 second(s)

2019-10-04 16:11:10 - [MESSAGE][PASSED] - Delayed 5 second(s)

2019-10-04 16:11:10 - [TEST_STEP][PASSED] - sa = new org.testng.asserts.SoftAssert(): null

2019-10-04 16:11:10 - [TEST_STEP][PASSED] - styleid_data = findTestData("productData").getValue("Style", row): null

2019-10-04 16:11:10 - [TEST_STEP][PASSED] - println("******************+++++++++++++++++++**********************************************"): null

2019-10-04 16:11:10 - [TEST_STEP][PASSED] - println(styleid_data): null

2019-10-04 16:11:10 - [TEST_STEP][PASSED] - by = By.xpath("//input[@name='style']"): null

2019-10-04 16:11:10 - [TEST_STEP][PASSED] - styleWe = UtilityMethods.getElementByLocator(by, driver): null

2019-10-04 16:11:10 - [TEST_STEP][PASSED] - to = UtilityMethods.fromElement(styleWe): null

2019-10-04 16:11:10 - [TEST_STEP][PASSED] - setText(to, styleid_data): Text '3846' is set on object ''

2019-10-04 16:11:11 - [MESSAGE][PASSED] - Text '3846' is set on object ''

2019-10-04 16:11:11 - [TEST_STEP][PASSED] - sendKeys(to, Keys.chord(ENTER)): Keys 'ENTER + ' sent to object: ''

2019-10-04 16:11:11 - [MESSAGE][PASSED] - Keys 'ENTER + ' sent to object: ''

2019-10-04 16:11:11 - [TEST_STEP][PASSED] - delay(5): Delayed 5 second(s)

2019-10-04 16:11:16 - [MESSAGE][PASSED] - Delayed 5 second(s)

2019-10-04 16:11:16 - [TEST_STEP][PASSED] - setText(findTestObject("Object Repository/Page_cabi Order Items/input_New Arrivals - Blooming Blush_style"), findTestData("productData").getValue("Style", row)): Text '3846' is set on object 'Object Repository/Page_cabi Order Items/input_New Arrivals - Blooming Blush_style'

2019-10-04 16:11:16 - [MESSAGE][PASSED] - Text '3846' is set on object 'Object Repository/Page_cabi Order Items/input_New Arrivals - Blooming Blush_style'

2019-10-04 16:11:16 - [TEST_STEP][PASSED] - sendKeys(findTestObject("Object Repository/Page_cabi Order Items/input_New Arrivals - Blooming Blush_style"), Keys.chord(ENTER)): Keys 'ENTER + ' sent to object: 'Object Repository/Page_cabi Order Items/input_New Arrivals - Blooming Blush_style'

2019-10-04 16:11:16 - [MESSAGE][PASSED] - Keys 'ENTER + ' sent to object: 'Object Repository/Page_cabi Order Items/input_New Arrivals - Blooming Blush_style'

2019-10-04 16:11:16 - [TEST_STEP][PASSED] - executeJavaScript("arguments[0].click()", Arrays.asList(findWebElement(findTestObject("Object Repository/Page_cabi Order Items/input_New Arrivals - Blooming Blush_style"), 30))): Execute JavaScript 'arguments[0].click()' successfully

2019-10-04 16:11:16 - [MESSAGE][PASSED] - Execute JavaScript 'arguments[0].click()' successfully

2019-10-04 16:11:16 - [TEST_STEP][PASSED] - if (toString().equalsIgnoreCase("no")): Actual text and expected text of test object 'Object Repository/Page_cabi Order Items/no_result_found' are matched.

2019-10-04 16:11:16 - [TEST_STEP][PASSED] - delay(2): Delayed 2 second(s)

2019-10-04 16:11:18 - [MESSAGE][PASSED] - Delayed 2 second(s)

2019-10-04 16:11:18 - [TEST_STEP][PASSED] - noResultMessages = findWebElements(findTestObject("Page_cabi Order Items/no_result_found"), 5): null

2019-10-04 16:11:18 - [TEST_STEP][PASSED] - println(noResultMessages.size()): null

2019-10-04 16:11:18 - [TEST_STEP][PASSED] - sa.assertTrue(noResultMessages.size() > 0): null

2019-10-04 16:11:18 - [TEST_STEP][PASSED] - verifyElementText(findTestObject("Page_cabi Order Items/no_result_found"), "No Results Found!", CONTINUE_ON_FAILURE): Actual text and expected text of test object 'Object Repository/Page_cabi Order Items/no_result_found' are matched.

2019-10-04 16:11:18 - [MESSAGE][PASSED] - Actual text and expected text of test object 'Object Repository/Page_cabi Order Items/no_result_found' are matched.

2019-10-04 16:11:18 - [TEST_STEP][PASSED] - delay(5): Delayed 5 second(s)

2019-10-04 16:11:23 - [MESSAGE][PASSED] - Delayed 5 second(s)

2019-10-04 16:11:23 - [TEST_STEP][PASSED] - sa = new org.testng.asserts.SoftAssert(): null

2019-10-04 16:11:23 - [TEST_STEP][PASSED] - styleid_data = findTestData("productData").getValue("Style", row): null

2019-10-04 16:11:23 - [TEST_STEP][PASSED] - println("******************+++++++++++++++++++**********************************************"): null

2019-10-04 16:11:24 - [TEST_STEP][PASSED] - println(styleid_data): null

2019-10-04 16:11:24 - [TEST_STEP][PASSED] - by = By.xpath("//input[@name='style']"): null

2019-10-04 16:11:24 - [TEST_STEP][PASSED] - styleWe = UtilityMethods.getElementByLocator(by, driver): null

2019-10-04 16:11:24 - [TEST_STEP][PASSED] - to = UtilityMethods.fromElement(styleWe): null

2019-10-04 16:11:24 - [TEST_STEP][PASSED] - setText(to, styleid_data): Text '3850' is set on object ''

2019-10-04 16:11:24 - [MESSAGE][PASSED] - Text '3850' is set on object ''

2019-10-04 16:11:24 - [TEST_STEP][PASSED] - sendKeys(to, Keys.chord(ENTER)): Keys 'ENTER + ' sent to object: ''

2019-10-04 16:11:24 - [MESSAGE][PASSED] - Keys 'ENTER + ' sent to object: ''

2019-10-04 16:11:24 - [TEST_STEP][PASSED] - delay(5): Delayed 5 second(s)

2019-10-04 16:11:29 - [MESSAGE][PASSED] - Delayed 5 second(s)

2019-10-04 16:11:29 - [TEST_STEP][PASSED] - setText(findTestObject("Object Repository/Page_cabi Order Items/input_New Arrivals - Blooming Blush_style"), findTestData("productData").getValue("Style", row)): Text '3850' is set on object 'Object Repository/Page_cabi Order Items/input_New Arrivals - Blooming Blush_style'

2019-10-04 16:11:29 - [MESSAGE][PASSED] - Text '3850' is set on object 'Object Repository/Page_cabi Order Items/input_New Arrivals - Blooming Blush_style'

2019-10-04 16:11:29 - [TEST_STEP][PASSED] - sendKeys(findTestObject("Object Repository/Page_cabi Order Items/input_New Arrivals - Blooming Blush_style"), Keys.chord(ENTER)): Keys 'ENTER + ' sent to object: 'Object Repository/Page_cabi Order Items/input_New Arrivals - Blooming Blush_style'

2019-10-04 16:11:29 - [MESSAGE][PASSED] - Keys 'ENTER + ' sent to object: 'Object Repository/Page_cabi Order Items/input_New Arrivals - Blooming Blush_style'

2019-10-04 16:11:29 - [TEST_STEP][PASSED] - executeJavaScript("arguments[0].click()", Arrays.asList(findWebElement(findTestObject("Object Repository/Page_cabi Order Items/input_New Arrivals - Blooming Blush_style"), 30))): Execute JavaScript 'arguments[0].click()' successfully

2019-10-04 16:11:30 - [MESSAGE][PASSED] - Execute JavaScript 'arguments[0].click()' successfully

2019-10-04 16:11:30 - [TEST_STEP][PASSED] - if (toString().equalsIgnoreCase("no")): Actual text and expected text of test object 'Object Repository/Page_cabi Order Items/no_result_found' are matched.

2019-10-04 16:11:30 - [TEST_STEP][PASSED] - delay(2): Delayed 2 second(s)

2019-10-04 16:11:32 - [MESSAGE][PASSED] - Delayed 2 second(s)

2019-10-04 16:11:32 - [TEST_STEP][PASSED] - noResultMessages = findWebElements(findTestObject("Page_cabi Order Items/no_result_found"), 5): null

2019-10-04 16:11:32 - [TEST_STEP][PASSED] - println(noResultMessages.size()): null

2019-10-04 16:11:32 - [TEST_STEP][PASSED] - sa.assertTrue(noResultMessages.size() > 0): null

2019-10-04 16:11:32 - [TEST_STEP][PASSED] - verifyElementText(findTestObject("Page_cabi Order Items/no_result_found"), "No Results Found!", CONTINUE_ON_FAILURE): Actual text and expected text of test object 'Object Repository/Page_cabi Order Items/no_result_found' are matched.

2019-10-04 16:11:32 - [MESSAGE][PASSED] - Actual text and expected text of test object 'Object Repository/Page_cabi Order Items/no_result_found' are matched.

2019-10-04 16:11:32 - [TEST_STEP][PASSED] - delay(5): Delayed 5 second(s)

2019-10-04 16:11:37 - [MESSAGE][PASSED] - Delayed 5 second(s)

2019-10-04 16:11:37 - [TEST_STEP][PASSED] - sa = new org.testng.asserts.SoftAssert(): null

2019-10-04 16:11:37 - [TEST_STEP][PASSED] - styleid_data = findTestData("productData").getValue("Style", row): null

2019-10-04 16:11:37 - [TEST_STEP][PASSED] - println("******************+++++++++++++++++++**********************************************"): null

2019-10-04 16:11:37 - [TEST_STEP][PASSED] - println(styleid_data): null

2019-10-04 16:11:37 - [TEST_STEP][PASSED] - by = By.xpath("//input[@name='style']"): null

2019-10-04 16:11:37 - [TEST_STEP][PASSED] - styleWe = UtilityMethods.getElementByLocator(by, driver): null

2019-10-04 16:11:37 - [TEST_STEP][PASSED] - to = UtilityMethods.fromElement(styleWe): null

2019-10-04 16:11:37 - [TEST_STEP][PASSED] - setText(to, styleid_data): Text '3857' is set on object ''

2019-10-04 16:11:37 - [MESSAGE][PASSED] - Text '3857' is set on object ''

2019-10-04 16:11:37 - [TEST_STEP][PASSED] - sendKeys(to, Keys.chord(ENTER)): Keys 'ENTER + ' sent to object: ''

2019-10-04 16:11:37 - [MESSAGE][PASSED] - Keys 'ENTER + ' sent to object: ''

2019-10-04 16:11:37 - [TEST_STEP][PASSED] - delay(5): Delayed 5 second(s)

2019-10-04 16:11:42 - [MESSAGE][PASSED] - Delayed 5 second(s)

2019-10-04 16:11:42 - [TEST_STEP][PASSED] - setText(findTestObject("Object Repository/Page_cabi Order Items/input_New Arrivals - Blooming Blush_style"), findTestData("productData").getValue("Style", row)): Text '3857' is set on object 'Object Repository/Page_cabi Order Items/input_New Arrivals - Blooming Blush_style'

2019-10-04 16:11:43 - [MESSAGE][PASSED] - Text '3857' is set on object 'Object Repository/Page_cabi Order Items/input_New Arrivals - Blooming Blush_style'

2019-10-04 16:11:43 - [TEST_STEP][PASSED] - sendKeys(findTestObject("Object Repository/Page_cabi Order Items/input_New Arrivals - Blooming Blush_style"), Keys.chord(ENTER)): Keys 'ENTER + ' sent to object: 'Object Repository/Page_cabi Order Items/input_New Arrivals - Blooming Blush_style'

2019-10-04 16:11:43 - [MESSAGE][PASSED] - Keys 'ENTER + ' sent to object: 'Object Repository/Page_cabi Order Items/input_New Arrivals - Blooming Blush_style'

2019-10-04 16:11:43 - [TEST_STEP][PASSED] - executeJavaScript("arguments[0].click()", Arrays.asList(findWebElement(findTestObject("Object Repository/Page_cabi Order Items/input_New Arrivals - Blooming Blush_style"), 30))): Execute JavaScript 'arguments[0].click()' successfully

2019-10-04 16:11:43 - [MESSAGE][PASSED] - Execute JavaScript 'arguments[0].click()' successfully

2019-10-04 16:11:43 - [TEST_STEP][PASSED] - if (toString().equalsIgnoreCase("no")): Actual text and expected text of test object 'Object Repository/Page_cabi Order Items/no_result_found' are matched.

2019-10-04 16:11:43 - [TEST_STEP][PASSED] - delay(2): Delayed 2 second(s)

2019-10-04 16:11:45 - [MESSAGE][PASSED] - Delayed 2 second(s)

2019-10-04 16:11:45 - [TEST_STEP][PASSED] - noResultMessages = findWebElements(findTestObject("Page_cabi Order Items/no_result_found"), 5): null

2019-10-04 16:11:45 - [TEST_STEP][PASSED] - println(noResultMessages.size()): null

2019-10-04 16:11:45 - [TEST_STEP][PASSED] - sa.assertTrue(noResultMessages.size() > 0): null

2019-10-04 16:11:45 - [TEST_STEP][PASSED] - verifyElementText(findTestObject("Page_cabi Order Items/no_result_found"), "No Results Found!", CONTINUE_ON_FAILURE): Actual text and expected text of test object 'Object Repository/Page_cabi Order Items/no_result_found' are matched.

2019-10-04 16:11:45 - [MESSAGE][PASSED] - Actual text and expected text of test object 'Object Repository/Page_cabi Order Items/no_result_found' are matched.

2019-10-04 16:11:45 - [TEST_STEP][PASSED] - delay(5): Delayed 5 second(s)

2019-10-04 16:11:50 - [MESSAGE][PASSED] - Delayed 5 second(s)

2019-10-04 16:11:50 - [TEST_STEP][PASSED] - sa = new org.testng.asserts.SoftAssert(): null

2019-10-04 16:11:50 - [TEST_STEP][PASSED] - styleid_data = findTestData("productData").getValue("Style", row): null

2019-10-04 16:11:50 - [TEST_STEP][PASSED] - println("******************+++++++++++++++++++**********************************************"): null

2019-10-04 16:11:50 - [TEST_STEP][PASSED] - println(styleid_data): null

2019-10-04 16:11:50 - [TEST_STEP][PASSED] - by = By.xpath("//input[@name='style']"): null

2019-10-04 16:11:50 - [TEST_STEP][PASSED] - styleWe = UtilityMethods.getElementByLocator(by, driver): null

2019-10-04 16:11:50 - [TEST_STEP][PASSED] - to = UtilityMethods.fromElement(styleWe): null

2019-10-04 16:11:50 - [TEST_STEP][PASSED] - setText(to, styleid_data): Text '3861' is set on object ''

2019-10-04 16:11:50 - [MESSAGE][PASSED] - Text '3861' is set on object ''

2019-10-04 16:11:50 - [TEST_STEP][PASSED] - sendKeys(to, Keys.chord(ENTER)): Keys 'ENTER + ' sent to object: ''

2019-10-04 16:11:50 - [MESSAGE][PASSED] - Keys 'ENTER + ' sent to object: ''

2019-10-04 16:11:50 - [TEST_STEP][PASSED] - delay(5): Delayed 5 second(s)

2019-10-04 16:11:55 - [MESSAGE][PASSED] - Delayed 5 second(s)

2019-10-04 16:11:55 - [TEST_STEP][PASSED] - setText(findTestObject("Object Repository/Page_cabi Order Items/input_New Arrivals - Blooming Blush_style"), findTestData("productData").getValue("Style", row)): Text '3861' is set on object 'Object Repository/Page_cabi Order Items/input_New Arrivals - Blooming Blush_style'

2019-10-04 16:11:56 - [MESSAGE][PASSED] - Text '3861' is set on object 'Object Repository/Page_cabi Order Items/input_New Arrivals - Blooming Blush_style'

2019-10-04 16:11:56 - [TEST_STEP][PASSED] - sendKeys(findTestObject("Object Repository/Page_cabi Order Items/input_New Arrivals - Blooming Blush_style"), Keys.chord(ENTER)): Keys 'ENTER + ' sent to object: 'Object Repository/Page_cabi Order Items/input_New Arrivals - Blooming Blush_style'

2019-10-04 16:11:56 - [MESSAGE][PASSED] - Keys 'ENTER + ' sent to object: 'Object Repository/Page_cabi Order Items/input_New Arrivals - Blooming Blush_style'

2019-10-04 16:11:56 - [TEST_STEP][PASSED] - executeJavaScript("arguments[0].click()", Arrays.asList(findWebElement(findTestObject("Object Repository/Page_cabi Order Items/input_New Arrivals - Blooming Blush_style"), 30))): Execute JavaScript 'arguments[0].click()' successfully

2019-10-04 16:11:56 - [MESSAGE][PASSED] - Execute JavaScript 'arguments[0].click()' successfully

2019-10-04 16:11:56 - [TEST_STEP][PASSED] - if (toString().equalsIgnoreCase("no")): Actual text and expected text of test object 'Object Repository/Page_cabi Order Items/no_result_found' are matched.

2019-10-04 16:11:56 - [TEST_STEP][PASSED] - delay(2): Delayed 2 second(s)

2019-10-04 16:11:58 - [MESSAGE][PASSED] - Delayed 2 second(s)

2019-10-04 16:11:58 - [TEST_STEP][PASSED] - noResultMessages = findWebElements(findTestObject("Page_cabi Order Items/no_result_found"), 5): null

2019-10-04 16:11:58 - [TEST_STEP][PASSED] - println(noResultMessages.size()): null

2019-10-04 16:11:58 - [TEST_STEP][PASSED] - sa.assertTrue(noResultMessages.size() > 0): null

2019-10-04 16:11:58 - [TEST_STEP][PASSED] - verifyElementText(findTestObject("Page_cabi Order Items/no_result_found"), "No Results Found!", CONTINUE_ON_FAILURE): Actual text and expected text of test object 'Object Repository/Page_cabi Order Items/no_result_found' are matched.

2019-10-04 16:11:58 - [MESSAGE][PASSED] - Actual text and expected text of test object 'Object Repository/Page_cabi Order Items/no_result_found' are matched.

2019-10-04 16:11:58 - [TEST_STEP][PASSED] - delay(5): Delayed 5 second(s)

2019-10-04 16:12:03 - [MESSAGE][PASSED] - Delayed 5 second(s)

2019-10-04 16:12:03 - [TEST_STEP][PASSED] - sa = new org.testng.asserts.SoftAssert(): null

2019-10-04 16:12:03 - [TEST_STEP][PASSED] - styleid_data = findTestData("productData").getValue("Style", row): null

2019-10-04 16:12:03 - [TEST_STEP][PASSED] - println("******************+++++++++++++++++++**********************************************"): null

2019-10-04 16:12:03 - [TEST_STEP][PASSED] - println(styleid_data): null

2019-10-04 16:12:03 - [TEST_STEP][PASSED] - by = By.xpath("//input[@name='style']"): null

2019-10-04 16:12:03 - [TEST_STEP][PASSED] - styleWe = UtilityMethods.getElementByLocator(by, driver): null

2019-10-04 16:12:03 - [TEST_STEP][PASSED] - to = UtilityMethods.fromElement(styleWe): null

2019-10-04 16:12:03 - [TEST_STEP][PASSED] - setText(to, styleid_data): Text '3863' is set on object ''

2019-10-04 16:12:04 - [MESSAGE][PASSED] - Text '3863' is set on object ''

2019-10-04 16:12:04 - [TEST_STEP][PASSED] - sendKeys(to, Keys.chord(ENTER)): Keys 'ENTER + ' sent to object: ''

2019-10-04 16:12:04 - [MESSAGE][PASSED] - Keys 'ENTER + ' sent to object: ''

2019-10-04 16:12:04 - [TEST_STEP][PASSED] - delay(5): Delayed 5 second(s)

2019-10-04 16:12:09 - [MESSAGE][PASSED] - Delayed 5 second(s)

2019-10-04 16:12:09 - [TEST_STEP][PASSED] - setText(findTestObject("Object Repository/Page_cabi Order Items/input_New Arrivals - Blooming Blush_style"), findTestData("productData").getValue("Style", row)): Text '3863' is set on object 'Object Repository/Page_cabi Order Items/input_New Arrivals - Blooming Blush_style'

2019-10-04 16:12:09 - [MESSAGE][PASSED] - Text '3863' is set on object 'Object Repository/Page_cabi Order Items/input_New Arrivals - Blooming Blush_style'

2019-10-04 16:12:09 - [TEST_STEP][PASSED] - sendKeys(findTestObject("Object Repository/Page_cabi Order Items/input_New Arrivals - Blooming Blush_style"), Keys.chord(ENTER)): Keys 'ENTER + ' sent to object: 'Object Repository/Page_cabi Order Items/input_New Arrivals - Blooming Blush_style'

2019-10-04 16:12:09 - [MESSAGE][PASSED] - Keys 'ENTER + ' sent to object: 'Object Repository/Page_cabi Order Items/input_New Arrivals - Blooming Blush_style'

2019-10-04 16:12:09 - [TEST_STEP][PASSED] - executeJavaScript("arguments[0].click()", Arrays.asList(findWebElement(findTestObject("Object Repository/Page_cabi Order Items/input_New Arrivals - Blooming Blush_style"), 30))): Execute JavaScript 'arguments[0].click()' successfully

2019-10-04 16:12:09 - [MESSAGE][PASSED] - Execute JavaScript 'arguments[0].click()' successfully

2019-10-04 16:12:09 - [TEST_STEP][PASSED] - if (toString().equalsIgnoreCase("no")): Actual text and expected text of test object 'Object Repository/Page_cabi Order Items/no_result_found' are matched.

2019-10-04 16:12:09 - [TEST_STEP][PASSED] - delay(2): Delayed 2 second(s)

2019-10-04 16:12:11 - [MESSAGE][PASSED] - Delayed 2 second(s)

2019-10-04 16:12:11 - [TEST_STEP][PASSED] - noResultMessages = findWebElements(findTestObject("Page_cabi Order Items/no_result_found"), 5): null

2019-10-04 16:12:11 - [TEST_STEP][PASSED] - println(noResultMessages.size()): null

2019-10-04 16:12:11 - [TEST_STEP][PASSED] - sa.assertTrue(noResultMessages.size() > 0): null

2019-10-04 16:12:11 - [TEST_STEP][PASSED] - verifyElementText(findTestObject("Page_cabi Order Items/no_result_found"), "No Results Found!", CONTINUE_ON_FAILURE): Actual text and expected text of test object 'Object Repository/Page_cabi Order Items/no_result_found' are matched.

2019-10-04 16:12:11 - [MESSAGE][PASSED] - Actual text and expected text of test object 'Object Repository/Page_cabi Order Items/no_result_found' are matched.

2019-10-04 16:12:11 - [TEST_STEP][PASSED] - delay(5): Delayed 5 second(s)

2019-10-04 16:12:16 - [MESSAGE][PASSED] - Delayed 5 second(s)

2019-10-04 16:12:16 - [TEST_STEP][PASSED] - sa = new org.testng.asserts.SoftAssert(): null

2019-10-04 16:12:16 - [TEST_STEP][PASSED] - styleid_data = findTestData("productData").getValue("Style", row): null

2019-10-04 16:12:16 - [TEST_STEP][PASSED] - println("******************+++++++++++++++++++**********************************************"): null

2019-10-04 16:12:16 - [TEST_STEP][PASSED] - println(styleid_data): null

2019-10-04 16:12:16 - [TEST_STEP][PASSED] - by = By.xpath("//input[@name='style']"): null

2019-10-04 16:12:16 - [TEST_STEP][PASSED] - styleWe = UtilityMethods.getElementByLocator(by, driver): null

2019-10-04 16:12:16 - [TEST_STEP][PASSED] - to = UtilityMethods.fromElement(styleWe): null

2019-10-04 16:12:16 - [TEST_STEP][PASSED] - setText(to, styleid_data): Text '3864' is set on object ''

2019-10-04 16:12:17 - [MESSAGE][PASSED] - Text '3864' is set on object ''

2019-10-04 16:12:17 - [TEST_STEP][PASSED] - sendKeys(to, Keys.chord(ENTER)): Keys 'ENTER + ' sent to object: ''

2019-10-04 16:12:17 - [MESSAGE][PASSED] - Keys 'ENTER + ' sent to object: ''

2019-10-04 16:12:17 - [TEST_STEP][PASSED] - delay(5): Delayed 5 second(s)

2019-10-04 16:12:22 - [MESSAGE][PASSED] - Delayed 5 second(s)

2019-10-04 16:12:22 - [TEST_STEP][PASSED] - setText(findTestObject("Object Repository/Page_cabi Order Items/input_New Arrivals - Blooming Blush_style"), findTestData("productData").getValue("Style", row)): Text '3864' is set on object 'Object Repository/Page_cabi Order Items/input_New Arrivals - Blooming Blush_style'

2019-10-04 16:12:22 - [MESSAGE][PASSED] - Text '3864' is set on object 'Object Repository/Page_cabi Order Items/input_New Arrivals - Blooming Blush_style'

2019-10-04 16:12:22 - [TEST_STEP][PASSED] - sendKeys(findTestObject("Object Repository/Page_cabi Order Items/input_New Arrivals - Blooming Blush_style"), Keys.chord(ENTER)): Keys 'ENTER + ' sent to object: 'Object Repository/Page_cabi Order Items/input_New Arrivals - Blooming Blush_style'

2019-10-04 16:12:22 - [MESSAGE][PASSED] - Keys 'ENTER + ' sent to object: 'Object Repository/Page_cabi Order Items/input_New Arrivals - Blooming Blush_style'

2019-10-04 16:12:22 - [TEST_STEP][PASSED] - executeJavaScript("arguments[0].click()", Arrays.asList(findWebElement(findTestObject("Object Repository/Page_cabi Order Items/input_New Arrivals - Blooming Blush_style"), 30))): Execute JavaScript 'arguments[0].click()' successfully

2019-10-04 16:12:22 - [MESSAGE][PASSED] - Execute JavaScript 'arguments[0].click()' successfully

2019-10-04 16:12:22 - [TEST_STEP][PASSED] - if (toString().equalsIgnoreCase("no")): Actual text and expected text of test object 'Object Repository/Page_cabi Order Items/no_result_found' are matched.

2019-10-04 16:12:22 - [TEST_STEP][PASSED] - delay(2): Delayed 2 second(s)

2019-10-04 16:12:24 - [MESSAGE][PASSED] - Delayed 2 second(s)

2019-10-04 16:12:24 - [TEST_STEP][PASSED] - noResultMessages = findWebElements(findTestObject("Page_cabi Order Items/no_result_found"), 5): null

2019-10-04 16:12:24 - [TEST_STEP][PASSED] - println(noResultMessages.size()): null

2019-10-04 16:12:24 - [TEST_STEP][PASSED] - sa.assertTrue(noResultMessages.size() > 0): null

2019-10-04 16:12:24 - [TEST_STEP][PASSED] - verifyElementText(findTestObject("Page_cabi Order Items/no_result_found"), "No Results Found!", CONTINUE_ON_FAILURE): Actual text and expected text of test object 'Object Repository/Page_cabi Order Items/no_result_found' are matched.

2019-10-04 16:12:24 - [MESSAGE][PASSED] - Actual text and expected text of test object 'Object Repository/Page_cabi Order Items/no_result_found' are matched.

2019-10-04 16:12:24 - [TEST_STEP][PASSED] - delay(5): Delayed 5 second(s)

2019-10-04 16:12:29 - [MESSAGE][PASSED] - Delayed 5 second(s)

2019-10-04 16:12:29 - [TEST_STEP][PASSED] - sa = new org.testng.asserts.SoftAssert(): null

2019-10-04 16:12:29 - [TEST_STEP][PASSED] - styleid_data = findTestData("productData").getValue("Style", row): null

2019-10-04 16:12:30 - [TEST_STEP][PASSED] - println("******************+++++++++++++++++++**********************************************"): null

2019-10-04 16:12:30 - [TEST_STEP][PASSED] - println(styleid_data): null

2019-10-04 16:12:30 - [TEST_STEP][PASSED] - by = By.xpath("//input[@name='style']"): null

2019-10-04 16:12:30 - [TEST_STEP][PASSED] - styleWe = UtilityMethods.getElementByLocator(by, driver): null

2019-10-04 16:12:30 - [TEST_STEP][PASSED] - to = UtilityMethods.fromElement(styleWe): null

2019-10-04 16:12:30 - [TEST_STEP][PASSED] - setText(to, styleid_data): Text '3865' is set on object ''

2019-10-04 16:12:30 - [MESSAGE][PASSED] - Text '3865' is set on object ''

2019-10-04 16:12:30 - [TEST_STEP][PASSED] - sendKeys(to, Keys.chord(ENTER)): Keys 'ENTER + ' sent to object: ''

2019-10-04 16:12:30 - [MESSAGE][PASSED] - Keys 'ENTER + ' sent to object: ''

2019-10-04 16:12:30 - [TEST_STEP][PASSED] - delay(5): Delayed 5 second(s)

2019-10-04 16:12:35 - [MESSAGE][PASSED] - Delayed 5 second(s)

2019-10-04 16:12:35 - [TEST_STEP][PASSED] - setText(findTestObject("Object Repository/Page_cabi Order Items/input_New Arrivals - Blooming Blush_style"), findTestData("productData").getValue("Style", row)): Text '3865' is set on object 'Object Repository/Page_cabi Order Items/input_New Arrivals - Blooming Blush_style'

2019-10-04 16:12:35 - [MESSAGE][PASSED] - Text '3865' is set on object 'Object Repository/Page_cabi Order Items/input_New Arrivals - Blooming Blush_style'

2019-10-04 16:12:35 - [TEST_STEP][PASSED] - sendKeys(findTestObject("Object Repository/Page_cabi Order Items/input_New Arrivals - Blooming Blush_style"), Keys.chord(ENTER)): Keys 'ENTER + ' sent to object: 'Object Repository/Page_cabi Order Items/input_New Arrivals - Blooming Blush_style'

2019-10-04 16:12:36 - [MESSAGE][PASSED] - Keys 'ENTER + ' sent to object: 'Object Repository/Page_cabi Order Items/input_New Arrivals - Blooming Blush_style'

2019-10-04 16:12:36 - [TEST_STEP][PASSED] - executeJavaScript("arguments[0].click()", Arrays.asList(findWebElement(findTestObject("Object Repository/Page_cabi Order Items/input_New Arrivals - Blooming Blush_style"), 30))): Execute JavaScript 'arguments[0].click()' successfully

2019-10-04 16:12:36 - [MESSAGE][PASSED] - Execute JavaScript 'arguments[0].click()' successfully

2019-10-04 16:12:36 - [TEST_STEP][PASSED] - if (toString().equalsIgnoreCase("no")): Actual text and expected text of test object 'Object Repository/Page_cabi Order Items/no_result_found' are matched.

2019-10-04 16:12:36 - [TEST_STEP][PASSED] - delay(2): Delayed 2 second(s)

2019-10-04 16:12:38 - [MESSAGE][PASSED] - Delayed 2 second(s)

2019-10-04 16:12:38 - [TEST_STEP][PASSED] - noResultMessages = findWebElements(findTestObject("Page_cabi Order Items/no_result_found"), 5): null

2019-10-04 16:12:38 - [TEST_STEP][PASSED] - println(noResultMessages.size()): null

2019-10-04 16:12:38 - [TEST_STEP][PASSED] - sa.assertTrue(noResultMessages.size() > 0): null

2019-10-04 16:12:38 - [TEST_STEP][PASSED] - verifyElementText(findTestObject("Page_cabi Order Items/no_result_found"), "No Results Found!", CONTINUE_ON_FAILURE): Actual text and expected text of test object 'Object Repository/Page_cabi Order Items/no_result_found' are matched.

2019-10-04 16:12:38 - [MESSAGE][PASSED] - Actual text and expected text of test object 'Object Repository/Page_cabi Order Items/no_result_found' are matched.

2019-10-04 16:12:38 - [TEST_STEP][PASSED] - delay(5): Delayed 5 second(s)

2019-10-04 16:12:43 - [MESSAGE][PASSED] - Delayed 5 second(s)

2019-10-04 16:12:43 - [TEST_STEP][PASSED] - sa = new org.testng.asserts.SoftAssert(): null

2019-10-04 16:12:43 - [TEST_STEP][PASSED] - styleid_data = findTestData("productData").getValue("Style", row): null

2019-10-04 16:12:43 - [TEST_STEP][PASSED] - println("******************+++++++++++++++++++**********************************************"): null

2019-10-04 16:12:43 - [TEST_STEP][PASSED] - println(styleid_data): null

2019-10-04 16:12:43 - [TEST_STEP][PASSED] - by = By.xpath("//input[@name='style']"): null

2019-10-04 16:12:43 - [TEST_STEP][PASSED] - styleWe = UtilityMethods.getElementByLocator(by, driver): null

2019-10-04 16:12:43 - [TEST_STEP][PASSED] - to = UtilityMethods.fromElement(styleWe): null

2019-10-04 16:12:43 - [TEST_STEP][PASSED] - setText(to, styleid_data): Text '3869' is set on object ''

2019-10-04 16:12:43 - [MESSAGE][PASSED] - Text '3869' is set on object ''

2019-10-04 16:12:43 - [TEST_STEP][PASSED] - sendKeys(to, Keys.chord(ENTER)): Keys 'ENTER + ' sent to object: ''

2019-10-04 16:12:43 - [MESSAGE][PASSED] - Keys 'ENTER + ' sent to object: ''

2019-10-04 16:12:43 - [TEST_STEP][PASSED] - delay(5): Delayed 5 second(s)

2019-10-04 16:12:48 - [MESSAGE][PASSED] - Delayed 5 second(s)

2019-10-04 16:12:48 - [TEST_STEP][PASSED] - setText(findTestObject("Object Repository/Page_cabi Order Items/input_New Arrivals - Blooming Blush_style"), findTestData("productData").getValue("Style", row)): Text '3869' is set on object 'Object Repository/Page_cabi Order Items/input_New Arrivals - Blooming Blush_style'

2019-10-04 16:12:49 - [MESSAGE][PASSED] - Text '3869' is set on object 'Object Repository/Page_cabi Order Items/input_New Arrivals - Blooming Blush_style'

2019-10-04 16:12:49 - [TEST_STEP][PASSED] - sendKeys(findTestObject("Object Repository/Page_cabi Order Items/input_New Arrivals - Blooming Blush_style"), Keys.chord(ENTER)): Keys 'ENTER + ' sent to object: 'Object Repository/Page_cabi Order Items/input_New Arrivals - Blooming Blush_style'

2019-10-04 16:12:49 - [MESSAGE][PASSED] - Keys 'ENTER + ' sent to object: 'Object Repository/Page_cabi Order Items/input_New Arrivals - Blooming Blush_style'

2019-10-04 16:12:49 - [TEST_STEP][PASSED] - executeJavaScript("arguments[0].click()", Arrays.asList(findWebElement(findTestObject("Object Repository/Page_cabi Order Items/input_New Arrivals - Blooming Blush_style"), 30))): Execute JavaScript 'arguments[0].click()' successfully

2019-10-04 16:12:49 - [MESSAGE][PASSED] - Execute JavaScript 'arguments[0].click()' successfully

2019-10-04 16:12:49 - [TEST_STEP][PASSED] - if (toString().equalsIgnoreCase("no")): Actual text and expected text of test object 'Object Repository/Page_cabi Order Items/no_result_found' are matched.

2019-10-04 16:12:49 - [TEST_STEP][PASSED] - delay(2): Delayed 2 second(s)

2019-10-04 16:12:51 - [MESSAGE][PASSED] - Delayed 2 second(s)

2019-10-04 16:12:51 - [TEST_STEP][PASSED] - noResultMessages = findWebElements(findTestObject("Page_cabi Order Items/no_result_found"), 5): null

2019-10-04 16:12:51 - [TEST_STEP][PASSED] - println(noResultMessages.size()): null

2019-10-04 16:12:51 - [TEST_STEP][PASSED] - sa.assertTrue(noResultMessages.size() > 0): null

2019-10-04 16:12:51 - [TEST_STEP][PASSED] - verifyElementText(findTestObject("Page_cabi Order Items/no_result_found"), "No Results Found!", CONTINUE_ON_FAILURE): Actual text and expected text of test object 'Object Repository/Page_cabi Order Items/no_result_found' are matched.

2019-10-04 16:12:51 - [MESSAGE][PASSED] - Actual text and expected text of test object 'Object Repository/Page_cabi Order Items/no_result_found' are matched.

2019-10-04 16:12:51 - [TEST_STEP][PASSED] - delay(5): Delayed 5 second(s)

2019-10-04 16:12:56 - [MESSAGE][PASSED] - Delayed 5 second(s)

2019-10-04 16:12:56 - [TEST_STEP][PASSED] - sa = new org.testng.asserts.SoftAssert(): null

2019-10-04 16:12:56 - [TEST_STEP][PASSED] - styleid_data = findTestData("productData").getValue("Style", row): null

2019-10-04 16:12:56 - [TEST_STEP][PASSED] - println("******************+++++++++++++++++++**********************************************"): null

2019-10-04 16:12:56 - [TEST_STEP][PASSED] - println(styleid_data): null

2019-10-04 16:12:56 - [TEST_STEP][PASSED] - by = By.xpath("//input[@name='style']"): null

2019-10-04 16:12:56 - [TEST_STEP][PASSED] - styleWe = UtilityMethods.getElementByLocator(by, driver): null

2019-10-04 16:12:56 - [TEST_STEP][PASSED] - to = UtilityMethods.fromElement(styleWe): null

2019-10-04 16:12:56 - [TEST_STEP][PASSED] - setText(to, styleid_data): Text '3870' is set on object ''

2019-10-04 16:12:56 - [MESSAGE][PASSED] - Text '3870' is set on object ''

2019-10-04 16:12:56 - [TEST_STEP][PASSED] - sendKeys(to, Keys.chord(ENTER)): Keys 'ENTER + ' sent to object: ''

2019-10-04 16:12:56 - [MESSAGE][PASSED] - Keys 'ENTER + ' sent to object: ''

2019-10-04 16:12:57 - [TEST_STEP][PASSED] - delay(5): Delayed 5 second(s)

2019-10-04 16:13:02 - [MESSAGE][PASSED] - Delayed 5 second(s)

2019-10-04 16:13:02 - [TEST_STEP][PASSED] - setText(findTestObject("Object Repository/Page_cabi Order Items/input_New Arrivals - Blooming Blush_style"), findTestData("productData").getValue("Style", row)): Text '3870' is set on object 'Object Repository/Page_cabi Order Items/input_New Arrivals - Blooming Blush_style'

2019-10-04 16:13:02 - [MESSAGE][PASSED] - Text '3870' is set on object 'Object Repository/Page_cabi Order Items/input_New Arrivals - Blooming Blush_style'

2019-10-04 16:13:02 - [TEST_STEP][PASSED] - sendKeys(findTestObject("Object Repository/Page_cabi Order Items/input_New Arrivals - Blooming Blush_style"), Keys.chord(ENTER)): Keys 'ENTER + ' sent to object: 'Object Repository/Page_cabi Order Items/input_New Arrivals - Blooming Blush_style'

2019-10-04 16:13:02 - [MESSAGE][PASSED] - Keys 'ENTER + ' sent to object: 'Object Repository/Page_cabi Order Items/input_New Arrivals - Blooming Blush_style'

2019-10-04 16:13:02 - [TEST_STEP][PASSED] - executeJavaScript("arguments[0].click()", Arrays.asList(findWebElement(findTestObject("Object Repository/Page_cabi Order Items/input_New Arrivals - Blooming Blush_style"), 30))): Execute JavaScript 'arguments[0].click()' successfully

2019-10-04 16:13:02 - [MESSAGE][PASSED] - Execute JavaScript 'arguments[0].click()' successfully

2019-10-04 16:13:02 - [TEST_STEP][PASSED] - if (toString().equalsIgnoreCase("no")): Actual text and expected text of test object 'Object Repository/Page_cabi Order Items/no_result_found' are matched.

2019-10-04 16:13:02 - [TEST_STEP][PASSED] - delay(2): Delayed 2 second(s)

2019-10-04 16:13:04 - [MESSAGE][PASSED] - Delayed 2 second(s)

2019-10-04 16:13:04 - [TEST_STEP][PASSED] - noResultMessages = findWebElements(findTestObject("Page_cabi Order Items/no_result_found"), 5): null

2019-10-04 16:13:04 - [TEST_STEP][PASSED] - println(noResultMessages.size()): null

2019-10-04 16:13:04 - [TEST_STEP][PASSED] - sa.assertTrue(noResultMessages.size() > 0): null

2019-10-04 16:13:04 - [TEST_STEP][PASSED] - verifyElementText(findTestObject("Page_cabi Order Items/no_result_found"), "No Results Found!", CONTINUE_ON_FAILURE): Actual text and expected text of test object 'Object Repository/Page_cabi Order Items/no_result_found' are matched.

2019-10-04 16:13:04 - [MESSAGE][PASSED] - Actual text and expected text of test object 'Object Repository/Page_cabi Order Items/no_result_found' are matched.

2019-10-04 16:13:04 - [TEST_STEP][PASSED] - delay(5): Delayed 5 second(s)

2019-10-04 16:13:09 - [MESSAGE][PASSED] - Delayed 5 second(s)

2019-10-04 16:13:09 - [TEST_STEP][PASSED] - sa = new org.testng.asserts.SoftAssert(): null

2019-10-04 16:13:09 - [TEST_STEP][PASSED] - styleid_data = findTestData("productData").getValue("Style", row): null

2019-10-04 16:13:09 - [TEST_STEP][PASSED] - println("******************+++++++++++++++++++**********************************************"): null

2019-10-04 16:13:09 - [TEST_STEP][PASSED] - println(styleid_data): null

2019-10-04 16:13:09 - [TEST_STEP][PASSED] - by = By.xpath("//input[@name='style']"): null

2019-10-04 16:13:09 - [TEST_STEP][PASSED] - styleWe = UtilityMethods.getElementByLocator(by, driver): null

2019-10-04 16:13:09 - [TEST_STEP][PASSED] - to = UtilityMethods.fromElement(styleWe): null

2019-10-04 16:13:09 - [TEST_STEP][PASSED] - setText(to, styleid_data): Text '3871' is set on object ''

2019-10-04 16:13:09 - [MESSAGE][PASSED] - Text '3871' is set on object ''

2019-10-04 16:13:09 - [TEST_STEP][PASSED] - sendKeys(to, Keys.chord(ENTER)): Keys 'ENTER + ' sent to object: ''

2019-10-04 16:13:10 - [MESSAGE][PASSED] - Keys 'ENTER + ' sent to object: ''

2019-10-04 16:13:10 - [TEST_STEP][PASSED] - delay(5): Delayed 5 second(s)

2019-10-04 16:13:15 - [MESSAGE][PASSED] - Delayed 5 second(s)

2019-10-04 16:13:15 - [TEST_STEP][PASSED] - setText(findTestObject("Object Repository/Page_cabi Order Items/input_New Arrivals - Blooming Blush_style"), findTestData("productData").getValue("Style", row)): Text '3871' is set on object 'Object Repository/Page_cabi Order Items/input_New Arrivals - Blooming Blush_style'

2019-10-04 16:13:15 - [MESSAGE][PASSED] - Text '3871' is set on object 'Object Repository/Page_cabi Order Items/input_New Arrivals - Blooming Blush_style'

2019-10-04 16:13:15 - [TEST_STEP][PASSED] - sendKeys(findTestObject("Object Repository/Page_cabi Order Items/input_New Arrivals - Blooming Blush_style"), Keys.chord(ENTER)): Keys 'ENTER + ' sent to object: 'Object Repository/Page_cabi Order Items/input_New Arrivals - Blooming Blush_style'

2019-10-04 16:13:15 - [MESSAGE][PASSED] - Keys 'ENTER + ' sent to object: 'Object Repository/Page_cabi Order Items/input_New Arrivals - Blooming Blush_style'

2019-10-04 16:13:15 - [TEST_STEP][PASSED] - executeJavaScript("arguments[0].click()", Arrays.asList(findWebElement(findTestObject("Object Repository/Page_cabi Order Items/input_New Arrivals - Blooming Blush_style"), 30))): Execute JavaScript 'arguments[0].click()' successfully

2019-10-04 16:13:15 - [MESSAGE][PASSED] - Execute JavaScript 'arguments[0].click()' successfully

2019-10-04 16:13:15 - [TEST_STEP][PASSED] - if (toString().equalsIgnoreCase("no")): Actual text and expected text of test object 'Object Repository/Page_cabi Order Items/no_result_found' are matched.

2019-10-04 16:13:15 - [TEST_STEP][PASSED] - delay(2): Delayed 2 second(s)

2019-10-04 16:13:17 - [MESSAGE][PASSED] - Delayed 2 second(s)

2019-10-04 16:13:17 - [TEST_STEP][PASSED] - noResultMessages = findWebElements(findTestObject("Page_cabi Order Items/no_result_found"), 5): null

2019-10-04 16:13:17 - [TEST_STEP][PASSED] - println(noResultMessages.size()): null

2019-10-04 16:13:17 - [TEST_STEP][PASSED] - sa.assertTrue(noResultMessages.size() > 0): null

2019-10-04 16:13:17 - [TEST_STEP][PASSED] - verifyElementText(findTestObject("Page_cabi Order Items/no_result_found"), "No Results Found!", CONTINUE_ON_FAILURE): Actual text and expected text of test object 'Object Repository/Page_cabi Order Items/no_result_found' are matched.

2019-10-04 16:13:17 - [MESSAGE][PASSED] - Actual text and expected text of test object 'Object Repository/Page_cabi Order Items/no_result_found' are matched.

2019-10-04 16:13:17 - [TEST_STEP][PASSED] - delay(5): Delayed 5 second(s)

2019-10-04 16:13:22 - [MESSAGE][PASSED] - Delayed 5 second(s)

2019-10-04 16:13:22 - [TEST_STEP][PASSED] - sa = new org.testng.asserts.SoftAssert(): null

2019-10-04 16:13:22 - [TEST_STEP][PASSED] - styleid_data = findTestData("productData").getValue("Style", row): null

2019-10-04 16:13:22 - [TEST_STEP][PASSED] - println("******************+++++++++++++++++++**********************************************"): null

2019-10-04 16:13:22 - [TEST_STEP][PASSED] - println(styleid_data): null

2019-10-04 16:13:22 - [TEST_STEP][PASSED] - by = By.xpath("//input[@name='style']"): null

2019-10-04 16:13:22 - [TEST_STEP][PASSED] - styleWe = UtilityMethods.getElementByLocator(by, driver): null

2019-10-04 16:13:22 - [TEST_STEP][PASSED] - to = UtilityMethods.fromElement(styleWe): null

2019-10-04 16:13:22 - [TEST_STEP][PASSED] - setText(to, styleid_data): Text '3875' is set on object ''

2019-10-04 16:13:23 - [MESSAGE][PASSED] - Text '3875' is set on object ''

2019-10-04 16:13:23 - [TEST_STEP][PASSED] - sendKeys(to, Keys.chord(ENTER)): Keys 'ENTER + ' sent to object: ''

2019-10-04 16:13:23 - [MESSAGE][PASSED] - Keys 'ENTER + ' sent to object: ''

2019-10-04 16:13:23 - [TEST_STEP][PASSED] - delay(5): Delayed 5 second(s)

2019-10-04 16:13:28 - [MESSAGE][PASSED] - Delayed 5 second(s)

2019-10-04 16:13:28 - [TEST_STEP][PASSED] - setText(findTestObject("Object Repository/Page_cabi Order Items/input_New Arrivals - Blooming Blush_style"), findTestData("productData").getValue("Style", row)): Text '3875' is set on object 'Object Repository/Page_cabi Order Items/input_New Arrivals - Blooming Blush_style'

2019-10-04 16:13:28 - [MESSAGE][PASSED] - Text '3875' is set on object 'Object Repository/Page_cabi Order Items/input_New Arrivals - Blooming Blush_style'

2019-10-04 16:13:28 - [TEST_STEP][PASSED] - sendKeys(findTestObject("Object Repository/Page_cabi Order Items/input_New Arrivals - Blooming Blush_style"), Keys.chord(ENTER)): Keys 'ENTER + ' sent to object: 'Object Repository/Page_cabi Order Items/input_New Arrivals - Blooming Blush_style'

2019-10-04 16:13:28 - [MESSAGE][PASSED] - Keys 'ENTER + ' sent to object: 'Object Repository/Page_cabi Order Items/input_New Arrivals - Blooming Blush_style'

2019-10-04 16:13:28 - [TEST_STEP][PASSED] - executeJavaScript("arguments[0].click()", Arrays.asList(findWebElement(findTestObject("Object Repository/Page_cabi Order Items/input_New Arrivals - Blooming Blush_style"), 30))): Execute JavaScript 'arguments[0].click()' successfully

2019-10-04 16:13:28 - [MESSAGE][PASSED] - Execute JavaScript 'arguments[0].click()' successfully

2019-10-04 16:13:28 - [TEST_STEP][PASSED] - if (toString().equalsIgnoreCase("no")): Actual text and expected text of test object 'Object Repository/Page_cabi Order Items/no_result_found' are matched.

2019-10-04 16:13:28 - [TEST_STEP][PASSED] - delay(2): Delayed 2 second(s)

2019-10-04 16:13:30 - [MESSAGE][PASSED] - Delayed 2 second(s)

2019-10-04 16:13:30 - [TEST_STEP][PASSED] - noResultMessages = findWebElements(findTestObject("Page_cabi Order Items/no_result_found"), 5): null

2019-10-04 16:13:30 - [TEST_STEP][PASSED] - println(noResultMessages.size()): null

2019-10-04 16:13:30 - [TEST_STEP][PASSED] - sa.assertTrue(noResultMessages.size() > 0): null

2019-10-04 16:13:30 - [TEST_STEP][PASSED] - verifyElementText(findTestObject("Page_cabi Order Items/no_result_found"), "No Results Found!", CONTINUE_ON_FAILURE): Actual text and expected text of test object 'Object Repository/Page_cabi Order Items/no_result_found' are matched.

2019-10-04 16:13:30 - [MESSAGE][PASSED] - Actual text and expected text of test object 'Object Repository/Page_cabi Order Items/no_result_found' are matched.

2019-10-04 16:13:30 - [MESSAGE][PASSED] - Call Test Case 'Test Cases/NewArrival/productVerify' successfully]]></system-out>
         <system-err><![CDATA[]]></system-err>
      </testcase>
      <system-out><![CDATA[2019-10-04 16:09:26 - [TEST_SUITE][PASSED] - NewArrivalsSuite1: Test Cases/NA_Timezone_Separated/BORetail2]]></system-out>
      <system-err><![CDATA[]]></system-err>
   </testsuite>
</testsuites>
