<?xml version="1.0" encoding="UTF-8"?>
<testsuites name="NewArrivalsSuite1" time="226" tests="1" failures="0" errors="0">
   <testsuite name="NewArrivalsSuite1" tests="1" failures="0" errors="0" time="226" timestamp="2019-10-04 14:55:42" hostname="user - 172.16.231.44" id="Test Suites/NewArrivalsSuites/NewArrivalsSuite1">
      <properties>
         <property name="deviceName" value=""/>
         <property name="devicePlatform" value=""/>
         <property name="logFolder" value="C:\\Users\\user\\Documents\\testautomation\\KatalonProjects\\Reports\\NewArrivalsSuites\\NewArrivalsSuite1\\20191004_145537"/>
         <property name="logFiles" value="C:\\Users\\user\\Documents\\testautomation\\KatalonProjects\\Reports\\NewArrivalsSuites\\NewArrivalsSuite1\\20191004_145537\\execution0.log"/>
         <property name="attachments" value=""/>
         <property name="hostName" value="user - 172.16.231.44"/>
         <property name="os" value="Windows 8.1 64bit"/>
         <property name="katalonVersion" value="6.1.1.1"/>
         <property name="browser" value="Chrome 77.0.3865.90"/>
         <property name="hostAddress" value="172.16.231.44"/>
         <property name="sessionId" value="fdc52ee09477b999f74ca63864a17cfc"/>
         <property name="seleniumVersion" value="3.7.1"/>
         <property name="proxyInformation" value="ProxyInformation{proxyOption=NO_PROXY, proxyServerType=HTTP, password=, proxyServerAddress=, proxyServerPort=0}"/>
         <property name="platform" value="Windows 8.1"/>
      </properties>
      <testcase name="Test Cases/NA_Timezone_Separated/BOPersonal2" classname="Test Cases/NA_Timezone_Separated/BOPersonal2" status="PASSED">
         <system-out><![CDATA[2019-10-04 14:55:43 - [TEST_CASE][PASSED] - Test Cases/NA_Timezone_Separated/BOPersonal2: Test Cases/NA_Timezone_Separated/BOPersonal2

2019-10-04 14:55:43 - [TEST_STEP][PASSED] - Start listener action : sampleBeforeTestCase: null

2019-10-04 14:55:43 - [TEST_STEP][PASSED] - println(testCaseContext.getTestCaseId()): null

2019-10-04 14:55:43 - [TEST_STEP][PASSED] - println(testCaseContext.getTestCaseVariables()): null

2019-10-04 14:55:44 - [TEST_STEP][PASSED] - openBrowser(""): Browser is opened with url: ''

2019-10-04 14:55:44 - [MESSAGE][INFO] - Starting 'Chrome' driver

2019-10-04 14:55:44 - [MESSAGE][INFO] - User set preference: ['args', '[--use-fake-ui-for-media-stream, --start-maximized]']

2019-10-04 14:55:44 - [MESSAGE][INFO] - Action delay is set to 0 seconds

2019-10-04 14:55:49 - [MESSAGE][PASSED] - Browser is opened with url: ''

2019-10-04 14:55:49 - [TEST_STEP][PASSED] - for ([timeRow = 2, timeRow <= 2, (timeRow++)]): Call Test Case 'Test Cases/NewArrival/productVerify' successfully

2019-10-04 14:55:49 - [TEST_STEP][PASSED] - callTestCase(findTestCase("NewArrival/populateTimeGlobalVars"), ["row":timeRow], CONTINUE_ON_FAILURE): Call Test Case 'Test Cases/NewArrival/populateTimeGlobalVars' successfully

2019-10-04 14:55:49 - [TEST_CASE][PASSED] - Test Cases/NewArrival/populateTimeGlobalVars: Test Cases/NewArrival/populateTimeGlobalVars

2019-10-04 14:55:50 - [TEST_STEP][PASSED] - dataFile = "timezoneData": null

2019-10-04 14:55:50 - [TEST_STEP][PASSED] - clockServerTarget = UtilityMethods.getTestData("envtData", "clockServerTarget", 1): null

2019-10-04 14:55:52 - [TEST_STEP][PASSED] - println(clockServerTarget): null

2019-10-04 14:55:52 - [TEST_STEP][PASSED] - orderType = UtilityMethods.getTestData(dataFile, "orderType", row): null

2019-10-04 14:55:52 - [TEST_STEP][PASSED] - timeZone = UtilityMethods.getTestData(dataFile, "timeZone", row): null

2019-10-04 14:55:52 - [TEST_STEP][PASSED] - BOPersonal = UtilityMethods.getTestData(dataFile, "BOPersonal", row): null

2019-10-04 14:55:52 - [TEST_STEP][PASSED] - BOAddonPersonal = UtilityMethods.getTestData(dataFile, "BOAddonPersonal", row): null

2019-10-04 14:55:52 - [TEST_STEP][PASSED] - BOAddonRetail = UtilityMethods.getTestData(dataFile, "BOAddonRetail", row): null

2019-10-04 14:55:52 - [TEST_STEP][PASSED] - BORetail = UtilityMethods.getTestData(dataFile, "BORetail", row): null

2019-10-04 14:55:52 - [TEST_STEP][PASSED] - BOShow = UtilityMethods.getTestData(dataFile, "BOShow", row): null

2019-10-04 14:55:52 - [TEST_STEP][PASSED] - BOOnlineoutlet = UtilityMethods.getTestData(dataFile, "BOOnlineoutlet", row): null

2019-10-04 14:55:52 - [TEST_STEP][PASSED] - BOEmployee = UtilityMethods.getTestData(dataFile, "BOEmployee", row): null

2019-10-04 14:55:53 - [TEST_STEP][PASSED] - CCPersonal = UtilityMethods.getTestData(dataFile, "CCPersonal", row): null

2019-10-04 14:55:53 - [TEST_STEP][PASSED] - CCRetail = UtilityMethods.getTestData(dataFile, "CCRetail", row): null

2019-10-04 14:55:53 - [TEST_STEP][PASSED] - CCShow = UtilityMethods.getTestData(dataFile, "CCShow", row): null

2019-10-04 14:55:53 - [TEST_STEP][PASSED] - BOEblast = UtilityMethods.getTestData(dataFile, "BOEblast", row): null

2019-10-04 14:55:53 - [TEST_STEP][PASSED] - println(row): null

2019-10-04 14:55:53 - [TEST_STEP][PASSED] - println(BOPersonal): null

2019-10-04 14:55:53 - [MESSAGE][PASSED] - Call Test Case 'Test Cases/NewArrival/populateTimeGlobalVars' successfully

2019-10-04 14:55:53 - [TEST_STEP][PASSED] - callTestCase(findTestCase("NewArrival/setTimezone"), ["ofbizURL":"", "ofbizuser":"", "ofbizpass":"", "orderType":orderType, "timeZone":timeZone, "serverTarget":serverTarget, "clockServerTarget":clockServerTarget], CONTINUE_ON_FAILURE): Call Test Case 'Test Cases/NewArrival/setTimezone' successfully

2019-10-04 14:55:53 - [TEST_CASE][PASSED] - Test Cases/NewArrival/setTimezone: Test Cases/NewArrival/setTimezone

2019-10-04 14:55:53 - [TEST_STEP][PASSED] - openBrowser(""): Browser is opened with url: ''

2019-10-04 14:55:53 - [MESSAGE][WARNING] - A browser is already opened. Closing browser and opening a new one

2019-10-04 14:55:54 - [MESSAGE][INFO] - Starting 'Chrome' driver

2019-10-04 14:55:54 - [MESSAGE][INFO] - User set preference: ['args', '[--use-fake-ui-for-media-stream, --start-maximized]']

2019-10-04 14:55:56 - [MESSAGE][PASSED] - Browser is opened with url: ''

2019-10-04 14:55:56 - [TEST_STEP][NOT_RUN] - maximizeWindow(): NOT_RUN: maximizeWindow()

2019-10-04 14:55:56 - [MESSAGE][NOT_RUN] - NOT_RUN: maximizeWindow()

2019-10-04 14:55:56 - [TEST_STEP][PASSED] - ofbizURL = findTestData("envtData").getValue("ofbizURL", 1): null

2019-10-04 14:55:56 - [TEST_STEP][PASSED] - ofbizuser = findTestData("credData").getValue("ofbizuser", 1): null

2019-10-04 14:55:56 - [TEST_STEP][PASSED] - ofbizpass = findTestData("credData").getValue("ofbizpass", 1): null

2019-10-04 14:55:56 - [TEST_STEP][PASSED] - navigateToUrl(ofbizURL): Navigate to 'https://pushofbiz.cliotest.com/login.php' successfully

2019-10-04 14:55:58 - [MESSAGE][PASSED] - Navigate to 'https://pushofbiz.cliotest.com/login.php' successfully

2019-10-04 14:55:58 - [TEST_STEP][PASSED] - setText(findTestObject("Page_/input_Username_username"), ofbizuser): Text 'automation' is set on object 'Object Repository/Page_/input_Username_username'

2019-10-04 14:55:59 - [MESSAGE][PASSED] - Text 'automation' is set on object 'Object Repository/Page_/input_Username_username'

2019-10-04 14:55:59 - [TEST_STEP][PASSED] - setText(findTestObject("Page_/input_Password_password"), ofbizpass): Text 'cabiautomation' is set on object 'Object Repository/Page_/input_Password_password'

2019-10-04 14:55:59 - [MESSAGE][PASSED] - Text 'cabiautomation' is set on object 'Object Repository/Page_/input_Password_password'

2019-10-04 14:55:59 - [TEST_STEP][PASSED] - click(findTestObject("Page_/input_Password_Submit")): Object: 'Object Repository/Page_/input_Password_Submit' is clicked on

2019-10-04 14:56:04 - [MESSAGE][PASSED] - Object: 'Object Repository/Page_/input_Password_Submit' is clicked on

2019-10-04 14:56:04 - [TEST_STEP][PASSED] - click(findTestObject("Object Repository/Page_/a_Clock set")): Object: 'Object Repository/Page_/a_Clock set' is clicked on

2019-10-04 14:56:05 - [MESSAGE][PASSED] - Object: 'Object Repository/Page_/a_Clock set' is clicked on

2019-10-04 14:56:05 - [TEST_STEP][PASSED] - cst = UtilityMethods.createTestObject("select_target", "//select[@name='Target']/option[contains(text(), '", clockServerTarget, "')]"): null

2019-10-04 14:56:05 - [TEST_STEP][PASSED] - println(clockServerTarget): null

2019-10-04 14:56:05 - [TEST_STEP][PASSED] - click(cst): Object: 'select_target' is clicked on

2019-10-04 14:56:05 - [MESSAGE][PASSED] - Object: 'select_target' is clicked on

2019-10-04 14:56:05 - [TEST_STEP][PASSED] - click(findTestObject("Page_/thisDateAndTime")): Object: 'Object Repository/Page_/thisDateAndTime' is clicked on

2019-10-04 14:56:05 - [MESSAGE][PASSED] - Object: 'Object Repository/Page_/thisDateAndTime' is clicked on

2019-10-04 14:56:05 - [TEST_STEP][PASSED] - setText(findTestObject("Object Repository/Page_/setTargetTime"), timeZone): Text ' 10/24/2019 00:00' is set on object 'Object Repository/Page_/setTargetTime'

2019-10-04 14:56:06 - [MESSAGE][PASSED] - Text ' 10/24/2019 00:00' is set on object 'Object Repository/Page_/setTargetTime'

2019-10-04 14:56:06 - [TEST_STEP][PASSED] - click(findTestObject("Object Repository/Page_/input")): Object: 'Object Repository/Page_/input' is clicked on

2019-10-04 14:56:06 - [MESSAGE][PASSED] - Object: 'Object Repository/Page_/input' is clicked on

2019-10-04 14:56:06 - [TEST_STEP][PASSED] - delay(10): Delayed 10 second(s)

2019-10-04 14:56:16 - [MESSAGE][PASSED] - Delayed 10 second(s)

2019-10-04 14:56:16 - [TEST_STEP][NOT_RUN] - closeBrowser(): NOT_RUN: closeBrowser()

2019-10-04 14:56:16 - [MESSAGE][NOT_RUN] - NOT_RUN: closeBrowser()

2019-10-04 14:56:16 - [MESSAGE][PASSED] - Call Test Case 'Test Cases/NewArrival/setTimezone' successfully

2019-10-04 14:56:16 - [TEST_STEP][PASSED] - callTestCase(findTestCase("TestCaseUtilities/backOfficeLogin"), ["BOURL":"", "BOuser":"", "BOpass":""], CONTINUE_ON_FAILURE): Call Test Case 'Test Cases/TestCaseUtilities/backOfficeLogin' successfully

2019-10-04 14:56:17 - [TEST_CASE][PASSED] - Test Cases/TestCaseUtilities/backOfficeLogin: Test Cases/TestCaseUtilities/backOfficeLogin

2019-10-04 14:56:17 - [TEST_STEP][PASSED] - BOURL = findTestData("envtData").getValue("BOURL", 1): null

2019-10-04 14:56:17 - [TEST_STEP][PASSED] - BOuser = findTestData("credData").getValue("BOuser", 1): null

2019-10-04 14:56:17 - [TEST_STEP][PASSED] - BOpass = findTestData("credData").getValue("BOpass", 1): null

2019-10-04 14:56:17 - [TEST_STEP][PASSED] - openBrowser(""): Browser is opened with url: ''

2019-10-04 14:56:17 - [MESSAGE][WARNING] - A browser is already opened. Closing browser and opening a new one

2019-10-04 14:56:18 - [MESSAGE][INFO] - Starting 'Chrome' driver

2019-10-04 14:56:18 - [MESSAGE][INFO] - User set preference: ['args', '[--use-fake-ui-for-media-stream, --start-maximized]']

2019-10-04 14:56:21 - [MESSAGE][PASSED] - Browser is opened with url: ''

2019-10-04 14:56:21 - [TEST_STEP][PASSED] - navigateToUrl(BOURL): Navigate to 'https://test4ca.cliotest.com/backoffice/control/main' successfully

2019-10-04 14:56:28 - [MESSAGE][PASSED] - Navigate to 'https://test4ca.cliotest.com/backoffice/control/main' successfully

2019-10-04 14:56:28 - [TEST_STEP][PASSED] - logOut = findWebElements(findTestObject("Object Repository/Page_cabi Home/log_out"), 1): Unable to find the element located by 'By.xpath: //a[contains(text(),'Log Out')]'. Please recheck the objects properties to make sure the desired element is located. 

2019-10-04 14:56:29 - [MESSAGE][INFO] - Unable to find the element located by 'By.xpath: //a[contains(text(),'Log Out')]'. Please recheck the objects properties to make sure the desired element is located. 

2019-10-04 14:56:29 - [TEST_STEP][PASSED] - if (logOut.size() == 0): Object: 'Object Repository/Page_cabi/input_Welcome to_consultantLogin' is clicked on

2019-10-04 14:56:29 - [TEST_STEP][PASSED] - setText(findTestObject("Page_cabi/input_Welcome to_USERNAME"), BOuser): Text 'ca1402' is set on object 'Object Repository/Page_cabi/input_Welcome to_USERNAME'

2019-10-04 14:56:30 - [MESSAGE][PASSED] - Text 'ca1402' is set on object 'Object Repository/Page_cabi/input_Welcome to_USERNAME'

2019-10-04 14:56:30 - [TEST_STEP][PASSED] - setText(findTestObject("Object Repository/Page_cabi/input_Welcome to_PASSWORD"), BOpass): Text 'blackdress19' is set on object 'Object Repository/Page_cabi/input_Welcome to_PASSWORD'

2019-10-04 14:56:30 - [MESSAGE][PASSED] - Text 'blackdress19' is set on object 'Object Repository/Page_cabi/input_Welcome to_PASSWORD'

2019-10-04 14:56:30 - [TEST_STEP][PASSED] - click(findTestObject("Object Repository/Page_cabi/input_Welcome to_consultantLogin")): Object: 'Object Repository/Page_cabi/input_Welcome to_consultantLogin' is clicked on

2019-10-04 14:56:40 - [MESSAGE][PASSED] - Object: 'Object Repository/Page_cabi/input_Welcome to_consultantLogin' is clicked on

2019-10-04 14:56:40 - [TEST_STEP][PASSED] - delay(3): Delayed 3 second(s)

2019-10-04 14:56:43 - [MESSAGE][PASSED] - Delayed 3 second(s)

2019-10-04 14:56:43 - [MESSAGE][PASSED] - Call Test Case 'Test Cases/TestCaseUtilities/backOfficeLogin' successfully

2019-10-04 14:56:43 - [TEST_STEP][PASSED] - click(findTestObject("Object Repository/Page_cabi Home/a_Shows  Orders")): Object: 'Object Repository/Page_cabi Home/a_Shows  Orders' is clicked on

2019-10-04 14:56:44 - [MESSAGE][PASSED] - Object: 'Object Repository/Page_cabi Home/a_Shows  Orders' is clicked on

2019-10-04 14:56:44 - [TEST_STEP][PASSED] - click(findTestObject("Page_cabi Home/a_personal_purchases")): Object: 'Object Repository/Page_cabi Home/a_personal_purchases' is clicked on

2019-10-04 14:56:47 - [MESSAGE][PASSED] - Object: 'Object Repository/Page_cabi Home/a_personal_purchases' is clicked on

2019-10-04 14:56:47 - [TEST_STEP][PASSED] - click(findTestObject("Object Repository/Page_cabi Personal Store/span_Continue to Order")): Object: 'Object Repository/Page_cabi Personal Store/span_Continue to Order' is clicked on

2019-10-04 14:56:47 - [MESSAGE][PASSED] - Object: 'Object Repository/Page_cabi Personal Store/span_Continue to Order' is clicked on

2019-10-04 14:56:47 - [TEST_STEP][PASSED] - println(BOPersonal): null

2019-10-04 14:56:47 - [TEST_STEP][PASSED] - callTestCase(findTestCase("NewArrival/productVerify"), ["available":BOPersonal, "storeType":"BOPersonal"], CONTINUE_ON_FAILURE): Call Test Case 'Test Cases/NewArrival/productVerify' successfully

2019-10-04 14:56:47 - [TEST_CASE][PASSED] - Test Cases/NewArrival/productVerify: Test Cases/NewArrival/productVerify

2019-10-04 14:56:48 - [TEST_STEP][PASSED] - sa = <not implemented yet for class: org.codehaus.groovy.ast.expr.EmptyExpression>: null

2019-10-04 14:56:48 - [TEST_STEP][PASSED] - styleid_data = <not implemented yet for class: org.codehaus.groovy.ast.expr.EmptyExpression>: null

2019-10-04 14:56:48 - [TEST_STEP][PASSED] - by = <not implemented yet for class: org.codehaus.groovy.ast.expr.EmptyExpression>: null

2019-10-04 14:56:48 - [TEST_STEP][PASSED] - styleWe = <not implemented yet for class: org.codehaus.groovy.ast.expr.EmptyExpression>: null

2019-10-04 14:56:48 - [TEST_STEP][PASSED] - to = <not implemented yet for class: org.codehaus.groovy.ast.expr.EmptyExpression>: null

2019-10-04 14:56:48 - [TEST_STEP][PASSED] - driver = getWebDriver(): null

2019-10-04 14:56:48 - [TEST_STEP][PASSED] - for ([row = 1, row <= findTestData("productData").getRowNumbers(), (row++)]): Actual text and expected text of test object 'Object Repository/Page_cabi Order Items/no_result_found' are matched.

2019-10-04 14:56:48 - [TEST_STEP][PASSED] - delay(5): Delayed 5 second(s)

2019-10-04 14:56:53 - [MESSAGE][PASSED] - Delayed 5 second(s)

2019-10-04 14:56:53 - [TEST_STEP][PASSED] - sa = new org.testng.asserts.SoftAssert(): null

2019-10-04 14:56:53 - [TEST_STEP][PASSED] - styleid_data = findTestData("productData").getValue("Style", row): null

2019-10-04 14:56:54 - [TEST_STEP][PASSED] - println("******************+++++++++++++++++++**********************************************"): null

2019-10-04 14:56:54 - [TEST_STEP][PASSED] - println(styleid_data): null

2019-10-04 14:56:54 - [TEST_STEP][PASSED] - by = By.xpath("//input[@name='style']"): null

2019-10-04 14:56:54 - [TEST_STEP][PASSED] - styleWe = UtilityMethods.getElementByLocator(by, driver): null

2019-10-04 14:56:54 - [TEST_STEP][PASSED] - to = UtilityMethods.fromElement(styleWe): null

2019-10-04 14:56:54 - [TEST_STEP][PASSED] - setText(to, styleid_data): Text '3843' is set on object ''

2019-10-04 14:56:54 - [MESSAGE][PASSED] - Text '3843' is set on object ''

2019-10-04 14:56:54 - [TEST_STEP][PASSED] - sendKeys(to, Keys.chord(ENTER)): Keys 'ENTER + ' sent to object: ''

2019-10-04 14:56:54 - [MESSAGE][PASSED] - Keys 'ENTER + ' sent to object: ''

2019-10-04 14:56:54 - [TEST_STEP][PASSED] - delay(5): Delayed 5 second(s)

2019-10-04 14:56:59 - [MESSAGE][PASSED] - Delayed 5 second(s)

2019-10-04 14:56:59 - [TEST_STEP][PASSED] - setText(findTestObject("Object Repository/Page_cabi Order Items/input_New Arrivals - Blooming Blush_style"), findTestData("productData").getValue("Style", row)): Text '3843' is set on object 'Object Repository/Page_cabi Order Items/input_New Arrivals - Blooming Blush_style'

2019-10-04 14:57:00 - [MESSAGE][PASSED] - Text '3843' is set on object 'Object Repository/Page_cabi Order Items/input_New Arrivals - Blooming Blush_style'

2019-10-04 14:57:00 - [TEST_STEP][PASSED] - sendKeys(findTestObject("Object Repository/Page_cabi Order Items/input_New Arrivals - Blooming Blush_style"), Keys.chord(ENTER)): Keys 'ENTER + ' sent to object: 'Object Repository/Page_cabi Order Items/input_New Arrivals - Blooming Blush_style'

2019-10-04 14:57:00 - [MESSAGE][PASSED] - Keys 'ENTER + ' sent to object: 'Object Repository/Page_cabi Order Items/input_New Arrivals - Blooming Blush_style'

2019-10-04 14:57:00 - [TEST_STEP][PASSED] - executeJavaScript("arguments[0].click()", Arrays.asList(findWebElement(findTestObject("Object Repository/Page_cabi Order Items/input_New Arrivals - Blooming Blush_style"), 30))): Execute JavaScript 'arguments[0].click()' successfully

2019-10-04 14:57:00 - [MESSAGE][PASSED] - Execute JavaScript 'arguments[0].click()' successfully

2019-10-04 14:57:00 - [TEST_STEP][PASSED] - if (toString().equalsIgnoreCase("no")): Actual text and expected text of test object 'Object Repository/Page_cabi Order Items/no_result_found' are matched.

2019-10-04 14:57:00 - [TEST_STEP][PASSED] - delay(2): Delayed 2 second(s)

2019-10-04 14:57:02 - [MESSAGE][PASSED] - Delayed 2 second(s)

2019-10-04 14:57:02 - [TEST_STEP][PASSED] - noResultMessages = findWebElements(findTestObject("Page_cabi Order Items/no_result_found"), 5): null

2019-10-04 14:57:02 - [TEST_STEP][PASSED] - println(noResultMessages.size()): null

2019-10-04 14:57:02 - [TEST_STEP][PASSED] - sa.assertTrue(noResultMessages.size() > 0): null

2019-10-04 14:57:02 - [TEST_STEP][PASSED] - verifyElementText(findTestObject("Page_cabi Order Items/no_result_found"), "No Results Found!", CONTINUE_ON_FAILURE): Actual text and expected text of test object 'Object Repository/Page_cabi Order Items/no_result_found' are matched.

2019-10-04 14:57:02 - [MESSAGE][PASSED] - Actual text and expected text of test object 'Object Repository/Page_cabi Order Items/no_result_found' are matched.

2019-10-04 14:57:02 - [TEST_STEP][PASSED] - delay(5): Delayed 5 second(s)

2019-10-04 14:57:07 - [MESSAGE][PASSED] - Delayed 5 second(s)

2019-10-04 14:57:07 - [TEST_STEP][PASSED] - sa = new org.testng.asserts.SoftAssert(): null

2019-10-04 14:57:07 - [TEST_STEP][PASSED] - styleid_data = findTestData("productData").getValue("Style", row): null

2019-10-04 14:57:07 - [TEST_STEP][PASSED] - println("******************+++++++++++++++++++**********************************************"): null

2019-10-04 14:57:07 - [TEST_STEP][PASSED] - println(styleid_data): null

2019-10-04 14:57:07 - [TEST_STEP][PASSED] - by = By.xpath("//input[@name='style']"): null

2019-10-04 14:57:07 - [TEST_STEP][PASSED] - styleWe = UtilityMethods.getElementByLocator(by, driver): null

2019-10-04 14:57:07 - [TEST_STEP][PASSED] - to = UtilityMethods.fromElement(styleWe): null

2019-10-04 14:57:07 - [TEST_STEP][PASSED] - setText(to, styleid_data): Text '3846' is set on object ''

2019-10-04 14:57:08 - [MESSAGE][PASSED] - Text '3846' is set on object ''

2019-10-04 14:57:08 - [TEST_STEP][PASSED] - sendKeys(to, Keys.chord(ENTER)): Keys 'ENTER + ' sent to object: ''

2019-10-04 14:57:08 - [MESSAGE][PASSED] - Keys 'ENTER + ' sent to object: ''

2019-10-04 14:57:08 - [TEST_STEP][PASSED] - delay(5): Delayed 5 second(s)

2019-10-04 14:57:13 - [MESSAGE][PASSED] - Delayed 5 second(s)

2019-10-04 14:57:13 - [TEST_STEP][PASSED] - setText(findTestObject("Object Repository/Page_cabi Order Items/input_New Arrivals - Blooming Blush_style"), findTestData("productData").getValue("Style", row)): Text '3846' is set on object 'Object Repository/Page_cabi Order Items/input_New Arrivals - Blooming Blush_style'

2019-10-04 14:57:13 - [MESSAGE][PASSED] - Text '3846' is set on object 'Object Repository/Page_cabi Order Items/input_New Arrivals - Blooming Blush_style'

2019-10-04 14:57:13 - [TEST_STEP][PASSED] - sendKeys(findTestObject("Object Repository/Page_cabi Order Items/input_New Arrivals - Blooming Blush_style"), Keys.chord(ENTER)): Keys 'ENTER + ' sent to object: 'Object Repository/Page_cabi Order Items/input_New Arrivals - Blooming Blush_style'

2019-10-04 14:57:13 - [MESSAGE][PASSED] - Keys 'ENTER + ' sent to object: 'Object Repository/Page_cabi Order Items/input_New Arrivals - Blooming Blush_style'

2019-10-04 14:57:13 - [TEST_STEP][PASSED] - executeJavaScript("arguments[0].click()", Arrays.asList(findWebElement(findTestObject("Object Repository/Page_cabi Order Items/input_New Arrivals - Blooming Blush_style"), 30))): Execute JavaScript 'arguments[0].click()' successfully

2019-10-04 14:57:13 - [MESSAGE][PASSED] - Execute JavaScript 'arguments[0].click()' successfully

2019-10-04 14:57:13 - [TEST_STEP][PASSED] - if (toString().equalsIgnoreCase("no")): Actual text and expected text of test object 'Object Repository/Page_cabi Order Items/no_result_found' are matched.

2019-10-04 14:57:13 - [TEST_STEP][PASSED] - delay(2): Delayed 2 second(s)

2019-10-04 14:57:15 - [MESSAGE][PASSED] - Delayed 2 second(s)

2019-10-04 14:57:15 - [TEST_STEP][PASSED] - noResultMessages = findWebElements(findTestObject("Page_cabi Order Items/no_result_found"), 5): null

2019-10-04 14:57:15 - [TEST_STEP][PASSED] - println(noResultMessages.size()): null

2019-10-04 14:57:15 - [TEST_STEP][PASSED] - sa.assertTrue(noResultMessages.size() > 0): null

2019-10-04 14:57:15 - [TEST_STEP][PASSED] - verifyElementText(findTestObject("Page_cabi Order Items/no_result_found"), "No Results Found!", CONTINUE_ON_FAILURE): Actual text and expected text of test object 'Object Repository/Page_cabi Order Items/no_result_found' are matched.

2019-10-04 14:57:16 - [MESSAGE][PASSED] - Actual text and expected text of test object 'Object Repository/Page_cabi Order Items/no_result_found' are matched.

2019-10-04 14:57:16 - [TEST_STEP][PASSED] - delay(5): Delayed 5 second(s)

2019-10-04 14:57:21 - [MESSAGE][PASSED] - Delayed 5 second(s)

2019-10-04 14:57:21 - [TEST_STEP][PASSED] - sa = new org.testng.asserts.SoftAssert(): null

2019-10-04 14:57:21 - [TEST_STEP][PASSED] - styleid_data = findTestData("productData").getValue("Style", row): null

2019-10-04 14:57:21 - [TEST_STEP][PASSED] - println("******************+++++++++++++++++++**********************************************"): null

2019-10-04 14:57:21 - [TEST_STEP][PASSED] - println(styleid_data): null

2019-10-04 14:57:21 - [TEST_STEP][PASSED] - by = By.xpath("//input[@name='style']"): null

2019-10-04 14:57:21 - [TEST_STEP][PASSED] - styleWe = UtilityMethods.getElementByLocator(by, driver): null

2019-10-04 14:57:21 - [TEST_STEP][PASSED] - to = UtilityMethods.fromElement(styleWe): null

2019-10-04 14:57:21 - [TEST_STEP][PASSED] - setText(to, styleid_data): Text '3850' is set on object ''

2019-10-04 14:57:21 - [MESSAGE][PASSED] - Text '3850' is set on object ''

2019-10-04 14:57:21 - [TEST_STEP][PASSED] - sendKeys(to, Keys.chord(ENTER)): Keys 'ENTER + ' sent to object: ''

2019-10-04 14:57:21 - [MESSAGE][PASSED] - Keys 'ENTER + ' sent to object: ''

2019-10-04 14:57:21 - [TEST_STEP][PASSED] - delay(5): Delayed 5 second(s)

2019-10-04 14:57:26 - [MESSAGE][PASSED] - Delayed 5 second(s)

2019-10-04 14:57:26 - [TEST_STEP][PASSED] - setText(findTestObject("Object Repository/Page_cabi Order Items/input_New Arrivals - Blooming Blush_style"), findTestData("productData").getValue("Style", row)): Text '3850' is set on object 'Object Repository/Page_cabi Order Items/input_New Arrivals - Blooming Blush_style'

2019-10-04 14:57:26 - [MESSAGE][PASSED] - Text '3850' is set on object 'Object Repository/Page_cabi Order Items/input_New Arrivals - Blooming Blush_style'

2019-10-04 14:57:26 - [TEST_STEP][PASSED] - sendKeys(findTestObject("Object Repository/Page_cabi Order Items/input_New Arrivals - Blooming Blush_style"), Keys.chord(ENTER)): Keys 'ENTER + ' sent to object: 'Object Repository/Page_cabi Order Items/input_New Arrivals - Blooming Blush_style'

2019-10-04 14:57:27 - [MESSAGE][PASSED] - Keys 'ENTER + ' sent to object: 'Object Repository/Page_cabi Order Items/input_New Arrivals - Blooming Blush_style'

2019-10-04 14:57:27 - [TEST_STEP][PASSED] - executeJavaScript("arguments[0].click()", Arrays.asList(findWebElement(findTestObject("Object Repository/Page_cabi Order Items/input_New Arrivals - Blooming Blush_style"), 30))): Execute JavaScript 'arguments[0].click()' successfully

2019-10-04 14:57:27 - [MESSAGE][PASSED] - Execute JavaScript 'arguments[0].click()' successfully

2019-10-04 14:57:27 - [TEST_STEP][PASSED] - if (toString().equalsIgnoreCase("no")): Actual text and expected text of test object 'Object Repository/Page_cabi Order Items/no_result_found' are matched.

2019-10-04 14:57:27 - [TEST_STEP][PASSED] - delay(2): Delayed 2 second(s)

2019-10-04 14:57:29 - [MESSAGE][PASSED] - Delayed 2 second(s)

2019-10-04 14:57:29 - [TEST_STEP][PASSED] - noResultMessages = findWebElements(findTestObject("Page_cabi Order Items/no_result_found"), 5): null

2019-10-04 14:57:29 - [TEST_STEP][PASSED] - println(noResultMessages.size()): null

2019-10-04 14:57:29 - [TEST_STEP][PASSED] - sa.assertTrue(noResultMessages.size() > 0): null

2019-10-04 14:57:29 - [TEST_STEP][PASSED] - verifyElementText(findTestObject("Page_cabi Order Items/no_result_found"), "No Results Found!", CONTINUE_ON_FAILURE): Actual text and expected text of test object 'Object Repository/Page_cabi Order Items/no_result_found' are matched.

2019-10-04 14:57:29 - [MESSAGE][PASSED] - Actual text and expected text of test object 'Object Repository/Page_cabi Order Items/no_result_found' are matched.

2019-10-04 14:57:29 - [TEST_STEP][PASSED] - delay(5): Delayed 5 second(s)

2019-10-04 14:57:34 - [MESSAGE][PASSED] - Delayed 5 second(s)

2019-10-04 14:57:34 - [TEST_STEP][PASSED] - sa = new org.testng.asserts.SoftAssert(): null

2019-10-04 14:57:34 - [TEST_STEP][PASSED] - styleid_data = findTestData("productData").getValue("Style", row): null

2019-10-04 14:57:34 - [TEST_STEP][PASSED] - println("******************+++++++++++++++++++**********************************************"): null

2019-10-04 14:57:34 - [TEST_STEP][PASSED] - println(styleid_data): null

2019-10-04 14:57:34 - [TEST_STEP][PASSED] - by = By.xpath("//input[@name='style']"): null

2019-10-04 14:57:34 - [TEST_STEP][PASSED] - styleWe = UtilityMethods.getElementByLocator(by, driver): null

2019-10-04 14:57:34 - [TEST_STEP][PASSED] - to = UtilityMethods.fromElement(styleWe): null

2019-10-04 14:57:34 - [TEST_STEP][PASSED] - setText(to, styleid_data): Text '3857' is set on object ''

2019-10-04 14:57:34 - [MESSAGE][PASSED] - Text '3857' is set on object ''

2019-10-04 14:57:34 - [TEST_STEP][PASSED] - sendKeys(to, Keys.chord(ENTER)): Keys 'ENTER + ' sent to object: ''

2019-10-04 14:57:34 - [MESSAGE][PASSED] - Keys 'ENTER + ' sent to object: ''

2019-10-04 14:57:34 - [TEST_STEP][PASSED] - delay(5): Delayed 5 second(s)

2019-10-04 14:57:39 - [MESSAGE][PASSED] - Delayed 5 second(s)

2019-10-04 14:57:39 - [TEST_STEP][PASSED] - setText(findTestObject("Object Repository/Page_cabi Order Items/input_New Arrivals - Blooming Blush_style"), findTestData("productData").getValue("Style", row)): Text '3857' is set on object 'Object Repository/Page_cabi Order Items/input_New Arrivals - Blooming Blush_style'

2019-10-04 14:57:40 - [MESSAGE][PASSED] - Text '3857' is set on object 'Object Repository/Page_cabi Order Items/input_New Arrivals - Blooming Blush_style'

2019-10-04 14:57:40 - [TEST_STEP][PASSED] - sendKeys(findTestObject("Object Repository/Page_cabi Order Items/input_New Arrivals - Blooming Blush_style"), Keys.chord(ENTER)): Keys 'ENTER + ' sent to object: 'Object Repository/Page_cabi Order Items/input_New Arrivals - Blooming Blush_style'

2019-10-04 14:57:40 - [MESSAGE][PASSED] - Keys 'ENTER + ' sent to object: 'Object Repository/Page_cabi Order Items/input_New Arrivals - Blooming Blush_style'

2019-10-04 14:57:40 - [TEST_STEP][PASSED] - executeJavaScript("arguments[0].click()", Arrays.asList(findWebElement(findTestObject("Object Repository/Page_cabi Order Items/input_New Arrivals - Blooming Blush_style"), 30))): Execute JavaScript 'arguments[0].click()' successfully

2019-10-04 14:57:40 - [MESSAGE][PASSED] - Execute JavaScript 'arguments[0].click()' successfully

2019-10-04 14:57:40 - [TEST_STEP][PASSED] - if (toString().equalsIgnoreCase("no")): Actual text and expected text of test object 'Object Repository/Page_cabi Order Items/no_result_found' are matched.

2019-10-04 14:57:40 - [TEST_STEP][PASSED] - delay(2): Delayed 2 second(s)

2019-10-04 14:57:42 - [MESSAGE][PASSED] - Delayed 2 second(s)

2019-10-04 14:57:42 - [TEST_STEP][PASSED] - noResultMessages = findWebElements(findTestObject("Page_cabi Order Items/no_result_found"), 5): null

2019-10-04 14:57:42 - [TEST_STEP][PASSED] - println(noResultMessages.size()): null

2019-10-04 14:57:42 - [TEST_STEP][PASSED] - sa.assertTrue(noResultMessages.size() > 0): null

2019-10-04 14:57:42 - [TEST_STEP][PASSED] - verifyElementText(findTestObject("Page_cabi Order Items/no_result_found"), "No Results Found!", CONTINUE_ON_FAILURE): Actual text and expected text of test object 'Object Repository/Page_cabi Order Items/no_result_found' are matched.

2019-10-04 14:57:42 - [MESSAGE][PASSED] - Actual text and expected text of test object 'Object Repository/Page_cabi Order Items/no_result_found' are matched.

2019-10-04 14:57:42 - [TEST_STEP][PASSED] - delay(5): Delayed 5 second(s)

2019-10-04 14:57:47 - [MESSAGE][PASSED] - Delayed 5 second(s)

2019-10-04 14:57:47 - [TEST_STEP][PASSED] - sa = new org.testng.asserts.SoftAssert(): null

2019-10-04 14:57:47 - [TEST_STEP][PASSED] - styleid_data = findTestData("productData").getValue("Style", row): null

2019-10-04 14:57:47 - [TEST_STEP][PASSED] - println("******************+++++++++++++++++++**********************************************"): null

2019-10-04 14:57:47 - [TEST_STEP][PASSED] - println(styleid_data): null

2019-10-04 14:57:47 - [TEST_STEP][PASSED] - by = By.xpath("//input[@name='style']"): null

2019-10-04 14:57:47 - [TEST_STEP][PASSED] - styleWe = UtilityMethods.getElementByLocator(by, driver): null

2019-10-04 14:57:47 - [TEST_STEP][PASSED] - to = UtilityMethods.fromElement(styleWe): null

2019-10-04 14:57:47 - [TEST_STEP][PASSED] - setText(to, styleid_data): Text '3861' is set on object ''

2019-10-04 14:57:48 - [MESSAGE][PASSED] - Text '3861' is set on object ''

2019-10-04 14:57:48 - [TEST_STEP][PASSED] - sendKeys(to, Keys.chord(ENTER)): Keys 'ENTER + ' sent to object: ''

2019-10-04 14:57:48 - [MESSAGE][PASSED] - Keys 'ENTER + ' sent to object: ''

2019-10-04 14:57:48 - [TEST_STEP][PASSED] - delay(5): Delayed 5 second(s)

2019-10-04 14:57:53 - [MESSAGE][PASSED] - Delayed 5 second(s)

2019-10-04 14:57:53 - [TEST_STEP][PASSED] - setText(findTestObject("Object Repository/Page_cabi Order Items/input_New Arrivals - Blooming Blush_style"), findTestData("productData").getValue("Style", row)): Text '3861' is set on object 'Object Repository/Page_cabi Order Items/input_New Arrivals - Blooming Blush_style'

2019-10-04 14:57:53 - [MESSAGE][PASSED] - Text '3861' is set on object 'Object Repository/Page_cabi Order Items/input_New Arrivals - Blooming Blush_style'

2019-10-04 14:57:53 - [TEST_STEP][PASSED] - sendKeys(findTestObject("Object Repository/Page_cabi Order Items/input_New Arrivals - Blooming Blush_style"), Keys.chord(ENTER)): Keys 'ENTER + ' sent to object: 'Object Repository/Page_cabi Order Items/input_New Arrivals - Blooming Blush_style'

2019-10-04 14:57:53 - [MESSAGE][PASSED] - Keys 'ENTER + ' sent to object: 'Object Repository/Page_cabi Order Items/input_New Arrivals - Blooming Blush_style'

2019-10-04 14:57:53 - [TEST_STEP][PASSED] - executeJavaScript("arguments[0].click()", Arrays.asList(findWebElement(findTestObject("Object Repository/Page_cabi Order Items/input_New Arrivals - Blooming Blush_style"), 30))): Execute JavaScript 'arguments[0].click()' successfully

2019-10-04 14:57:53 - [MESSAGE][PASSED] - Execute JavaScript 'arguments[0].click()' successfully

2019-10-04 14:57:53 - [TEST_STEP][PASSED] - if (toString().equalsIgnoreCase("no")): Actual text and expected text of test object 'Object Repository/Page_cabi Order Items/no_result_found' are matched.

2019-10-04 14:57:53 - [TEST_STEP][PASSED] - delay(2): Delayed 2 second(s)

2019-10-04 14:57:55 - [MESSAGE][PASSED] - Delayed 2 second(s)

2019-10-04 14:57:55 - [TEST_STEP][PASSED] - noResultMessages = findWebElements(findTestObject("Page_cabi Order Items/no_result_found"), 5): null

2019-10-04 14:57:55 - [TEST_STEP][PASSED] - println(noResultMessages.size()): null

2019-10-04 14:57:55 - [TEST_STEP][PASSED] - sa.assertTrue(noResultMessages.size() > 0): null

2019-10-04 14:57:55 - [TEST_STEP][PASSED] - verifyElementText(findTestObject("Page_cabi Order Items/no_result_found"), "No Results Found!", CONTINUE_ON_FAILURE): Actual text and expected text of test object 'Object Repository/Page_cabi Order Items/no_result_found' are matched.

2019-10-04 14:57:55 - [MESSAGE][PASSED] - Actual text and expected text of test object 'Object Repository/Page_cabi Order Items/no_result_found' are matched.

2019-10-04 14:57:56 - [TEST_STEP][PASSED] - delay(5): Delayed 5 second(s)

2019-10-04 14:58:01 - [MESSAGE][PASSED] - Delayed 5 second(s)

2019-10-04 14:58:01 - [TEST_STEP][PASSED] - sa = new org.testng.asserts.SoftAssert(): null

2019-10-04 14:58:01 - [TEST_STEP][PASSED] - styleid_data = findTestData("productData").getValue("Style", row): null

2019-10-04 14:58:01 - [TEST_STEP][PASSED] - println("******************+++++++++++++++++++**********************************************"): null

2019-10-04 14:58:01 - [TEST_STEP][PASSED] - println(styleid_data): null

2019-10-04 14:58:01 - [TEST_STEP][PASSED] - by = By.xpath("//input[@name='style']"): null

2019-10-04 14:58:01 - [TEST_STEP][PASSED] - styleWe = UtilityMethods.getElementByLocator(by, driver): null

2019-10-04 14:58:01 - [TEST_STEP][PASSED] - to = UtilityMethods.fromElement(styleWe): null

2019-10-04 14:58:01 - [TEST_STEP][PASSED] - setText(to, styleid_data): Text '3863' is set on object ''

2019-10-04 14:58:01 - [MESSAGE][PASSED] - Text '3863' is set on object ''

2019-10-04 14:58:01 - [TEST_STEP][PASSED] - sendKeys(to, Keys.chord(ENTER)): Keys 'ENTER + ' sent to object: ''

2019-10-04 14:58:01 - [MESSAGE][PASSED] - Keys 'ENTER + ' sent to object: ''

2019-10-04 14:58:01 - [TEST_STEP][PASSED] - delay(5): Delayed 5 second(s)

2019-10-04 14:58:06 - [MESSAGE][PASSED] - Delayed 5 second(s)

2019-10-04 14:58:06 - [TEST_STEP][PASSED] - setText(findTestObject("Object Repository/Page_cabi Order Items/input_New Arrivals - Blooming Blush_style"), findTestData("productData").getValue("Style", row)): Text '3863' is set on object 'Object Repository/Page_cabi Order Items/input_New Arrivals - Blooming Blush_style'

2019-10-04 14:58:06 - [MESSAGE][PASSED] - Text '3863' is set on object 'Object Repository/Page_cabi Order Items/input_New Arrivals - Blooming Blush_style'

2019-10-04 14:58:06 - [TEST_STEP][PASSED] - sendKeys(findTestObject("Object Repository/Page_cabi Order Items/input_New Arrivals - Blooming Blush_style"), Keys.chord(ENTER)): Keys 'ENTER + ' sent to object: 'Object Repository/Page_cabi Order Items/input_New Arrivals - Blooming Blush_style'

2019-10-04 14:58:07 - [MESSAGE][PASSED] - Keys 'ENTER + ' sent to object: 'Object Repository/Page_cabi Order Items/input_New Arrivals - Blooming Blush_style'

2019-10-04 14:58:07 - [TEST_STEP][PASSED] - executeJavaScript("arguments[0].click()", Arrays.asList(findWebElement(findTestObject("Object Repository/Page_cabi Order Items/input_New Arrivals - Blooming Blush_style"), 30))): Execute JavaScript 'arguments[0].click()' successfully

2019-10-04 14:58:07 - [MESSAGE][PASSED] - Execute JavaScript 'arguments[0].click()' successfully

2019-10-04 14:58:07 - [TEST_STEP][PASSED] - if (toString().equalsIgnoreCase("no")): Actual text and expected text of test object 'Object Repository/Page_cabi Order Items/no_result_found' are matched.

2019-10-04 14:58:07 - [TEST_STEP][PASSED] - delay(2): Delayed 2 second(s)

2019-10-04 14:58:09 - [MESSAGE][PASSED] - Delayed 2 second(s)

2019-10-04 14:58:09 - [TEST_STEP][PASSED] - noResultMessages = findWebElements(findTestObject("Page_cabi Order Items/no_result_found"), 5): null

2019-10-04 14:58:09 - [TEST_STEP][PASSED] - println(noResultMessages.size()): null

2019-10-04 14:58:09 - [TEST_STEP][PASSED] - sa.assertTrue(noResultMessages.size() > 0): null

2019-10-04 14:58:09 - [TEST_STEP][PASSED] - verifyElementText(findTestObject("Page_cabi Order Items/no_result_found"), "No Results Found!", CONTINUE_ON_FAILURE): Actual text and expected text of test object 'Object Repository/Page_cabi Order Items/no_result_found' are matched.

2019-10-04 14:58:09 - [MESSAGE][PASSED] - Actual text and expected text of test object 'Object Repository/Page_cabi Order Items/no_result_found' are matched.

2019-10-04 14:58:09 - [TEST_STEP][PASSED] - delay(5): Delayed 5 second(s)

2019-10-04 14:58:14 - [MESSAGE][PASSED] - Delayed 5 second(s)

2019-10-04 14:58:14 - [TEST_STEP][PASSED] - sa = new org.testng.asserts.SoftAssert(): null

2019-10-04 14:58:14 - [TEST_STEP][PASSED] - styleid_data = findTestData("productData").getValue("Style", row): null

2019-10-04 14:58:14 - [TEST_STEP][PASSED] - println("******************+++++++++++++++++++**********************************************"): null

2019-10-04 14:58:14 - [TEST_STEP][PASSED] - println(styleid_data): null

2019-10-04 14:58:14 - [TEST_STEP][PASSED] - by = By.xpath("//input[@name='style']"): null

2019-10-04 14:58:14 - [TEST_STEP][PASSED] - styleWe = UtilityMethods.getElementByLocator(by, driver): null

2019-10-04 14:58:14 - [TEST_STEP][PASSED] - to = UtilityMethods.fromElement(styleWe): null

2019-10-04 14:58:14 - [TEST_STEP][PASSED] - setText(to, styleid_data): Text '3864' is set on object ''

2019-10-04 14:58:14 - [MESSAGE][PASSED] - Text '3864' is set on object ''

2019-10-04 14:58:14 - [TEST_STEP][PASSED] - sendKeys(to, Keys.chord(ENTER)): Keys 'ENTER + ' sent to object: ''

2019-10-04 14:58:14 - [MESSAGE][PASSED] - Keys 'ENTER + ' sent to object: ''

2019-10-04 14:58:14 - [TEST_STEP][PASSED] - delay(5): Delayed 5 second(s)

2019-10-04 14:58:19 - [MESSAGE][PASSED] - Delayed 5 second(s)

2019-10-04 14:58:19 - [TEST_STEP][PASSED] - setText(findTestObject("Object Repository/Page_cabi Order Items/input_New Arrivals - Blooming Blush_style"), findTestData("productData").getValue("Style", row)): Text '3864' is set on object 'Object Repository/Page_cabi Order Items/input_New Arrivals - Blooming Blush_style'

2019-10-04 14:58:20 - [MESSAGE][PASSED] - Text '3864' is set on object 'Object Repository/Page_cabi Order Items/input_New Arrivals - Blooming Blush_style'

2019-10-04 14:58:20 - [TEST_STEP][PASSED] - sendKeys(findTestObject("Object Repository/Page_cabi Order Items/input_New Arrivals - Blooming Blush_style"), Keys.chord(ENTER)): Keys 'ENTER + ' sent to object: 'Object Repository/Page_cabi Order Items/input_New Arrivals - Blooming Blush_style'

2019-10-04 14:58:20 - [MESSAGE][PASSED] - Keys 'ENTER + ' sent to object: 'Object Repository/Page_cabi Order Items/input_New Arrivals - Blooming Blush_style'

2019-10-04 14:58:20 - [TEST_STEP][PASSED] - executeJavaScript("arguments[0].click()", Arrays.asList(findWebElement(findTestObject("Object Repository/Page_cabi Order Items/input_New Arrivals - Blooming Blush_style"), 30))): Execute JavaScript 'arguments[0].click()' successfully

2019-10-04 14:58:20 - [MESSAGE][PASSED] - Execute JavaScript 'arguments[0].click()' successfully

2019-10-04 14:58:20 - [TEST_STEP][PASSED] - if (toString().equalsIgnoreCase("no")): Actual text and expected text of test object 'Object Repository/Page_cabi Order Items/no_result_found' are matched.

2019-10-04 14:58:20 - [TEST_STEP][PASSED] - delay(2): Delayed 2 second(s)

2019-10-04 14:58:22 - [MESSAGE][PASSED] - Delayed 2 second(s)

2019-10-04 14:58:22 - [TEST_STEP][PASSED] - noResultMessages = findWebElements(findTestObject("Page_cabi Order Items/no_result_found"), 5): null

2019-10-04 14:58:22 - [TEST_STEP][PASSED] - println(noResultMessages.size()): null

2019-10-04 14:58:22 - [TEST_STEP][PASSED] - sa.assertTrue(noResultMessages.size() > 0): null

2019-10-04 14:58:22 - [TEST_STEP][PASSED] - verifyElementText(findTestObject("Page_cabi Order Items/no_result_found"), "No Results Found!", CONTINUE_ON_FAILURE): Actual text and expected text of test object 'Object Repository/Page_cabi Order Items/no_result_found' are matched.

2019-10-04 14:58:22 - [MESSAGE][PASSED] - Actual text and expected text of test object 'Object Repository/Page_cabi Order Items/no_result_found' are matched.

2019-10-04 14:58:22 - [TEST_STEP][PASSED] - delay(5): Delayed 5 second(s)

2019-10-04 14:58:27 - [MESSAGE][PASSED] - Delayed 5 second(s)

2019-10-04 14:58:27 - [TEST_STEP][PASSED] - sa = new org.testng.asserts.SoftAssert(): null

2019-10-04 14:58:27 - [TEST_STEP][PASSED] - styleid_data = findTestData("productData").getValue("Style", row): null

2019-10-04 14:58:27 - [TEST_STEP][PASSED] - println("******************+++++++++++++++++++**********************************************"): null

2019-10-04 14:58:27 - [TEST_STEP][PASSED] - println(styleid_data): null

2019-10-04 14:58:27 - [TEST_STEP][PASSED] - by = By.xpath("//input[@name='style']"): null

2019-10-04 14:58:27 - [TEST_STEP][PASSED] - styleWe = UtilityMethods.getElementByLocator(by, driver): null

2019-10-04 14:58:27 - [TEST_STEP][PASSED] - to = UtilityMethods.fromElement(styleWe): null

2019-10-04 14:58:27 - [TEST_STEP][PASSED] - setText(to, styleid_data): Text '3865' is set on object ''

2019-10-04 14:58:27 - [MESSAGE][PASSED] - Text '3865' is set on object ''

2019-10-04 14:58:27 - [TEST_STEP][PASSED] - sendKeys(to, Keys.chord(ENTER)): Keys 'ENTER + ' sent to object: ''

2019-10-04 14:58:27 - [MESSAGE][PASSED] - Keys 'ENTER + ' sent to object: ''

2019-10-04 14:58:27 - [TEST_STEP][PASSED] - delay(5): Delayed 5 second(s)

2019-10-04 14:58:32 - [MESSAGE][PASSED] - Delayed 5 second(s)

2019-10-04 14:58:32 - [TEST_STEP][PASSED] - setText(findTestObject("Object Repository/Page_cabi Order Items/input_New Arrivals - Blooming Blush_style"), findTestData("productData").getValue("Style", row)): Text '3865' is set on object 'Object Repository/Page_cabi Order Items/input_New Arrivals - Blooming Blush_style'

2019-10-04 14:58:33 - [MESSAGE][PASSED] - Text '3865' is set on object 'Object Repository/Page_cabi Order Items/input_New Arrivals - Blooming Blush_style'

2019-10-04 14:58:33 - [TEST_STEP][PASSED] - sendKeys(findTestObject("Object Repository/Page_cabi Order Items/input_New Arrivals - Blooming Blush_style"), Keys.chord(ENTER)): Keys 'ENTER + ' sent to object: 'Object Repository/Page_cabi Order Items/input_New Arrivals - Blooming Blush_style'

2019-10-04 14:58:33 - [MESSAGE][PASSED] - Keys 'ENTER + ' sent to object: 'Object Repository/Page_cabi Order Items/input_New Arrivals - Blooming Blush_style'

2019-10-04 14:58:33 - [TEST_STEP][PASSED] - executeJavaScript("arguments[0].click()", Arrays.asList(findWebElement(findTestObject("Object Repository/Page_cabi Order Items/input_New Arrivals - Blooming Blush_style"), 30))): Execute JavaScript 'arguments[0].click()' successfully

2019-10-04 14:58:33 - [MESSAGE][PASSED] - Execute JavaScript 'arguments[0].click()' successfully

2019-10-04 14:58:33 - [TEST_STEP][PASSED] - if (toString().equalsIgnoreCase("no")): Actual text and expected text of test object 'Object Repository/Page_cabi Order Items/no_result_found' are matched.

2019-10-04 14:58:33 - [TEST_STEP][PASSED] - delay(2): Delayed 2 second(s)

2019-10-04 14:58:35 - [MESSAGE][PASSED] - Delayed 2 second(s)

2019-10-04 14:58:35 - [TEST_STEP][PASSED] - noResultMessages = findWebElements(findTestObject("Page_cabi Order Items/no_result_found"), 5): null

2019-10-04 14:58:35 - [TEST_STEP][PASSED] - println(noResultMessages.size()): null

2019-10-04 14:58:35 - [TEST_STEP][PASSED] - sa.assertTrue(noResultMessages.size() > 0): null

2019-10-04 14:58:35 - [TEST_STEP][PASSED] - verifyElementText(findTestObject("Page_cabi Order Items/no_result_found"), "No Results Found!", CONTINUE_ON_FAILURE): Actual text and expected text of test object 'Object Repository/Page_cabi Order Items/no_result_found' are matched.

2019-10-04 14:58:35 - [MESSAGE][PASSED] - Actual text and expected text of test object 'Object Repository/Page_cabi Order Items/no_result_found' are matched.

2019-10-04 14:58:35 - [TEST_STEP][PASSED] - delay(5): Delayed 5 second(s)

2019-10-04 14:58:40 - [MESSAGE][PASSED] - Delayed 5 second(s)

2019-10-04 14:58:40 - [TEST_STEP][PASSED] - sa = new org.testng.asserts.SoftAssert(): null

2019-10-04 14:58:40 - [TEST_STEP][PASSED] - styleid_data = findTestData("productData").getValue("Style", row): null

2019-10-04 14:58:40 - [TEST_STEP][PASSED] - println("******************+++++++++++++++++++**********************************************"): null

2019-10-04 14:58:40 - [TEST_STEP][PASSED] - println(styleid_data): null

2019-10-04 14:58:40 - [TEST_STEP][PASSED] - by = By.xpath("//input[@name='style']"): null

2019-10-04 14:58:40 - [TEST_STEP][PASSED] - styleWe = UtilityMethods.getElementByLocator(by, driver): null

2019-10-04 14:58:40 - [TEST_STEP][PASSED] - to = UtilityMethods.fromElement(styleWe): null

2019-10-04 14:58:40 - [TEST_STEP][PASSED] - setText(to, styleid_data): Text '3869' is set on object ''

2019-10-04 14:58:40 - [MESSAGE][PASSED] - Text '3869' is set on object ''

2019-10-04 14:58:40 - [TEST_STEP][PASSED] - sendKeys(to, Keys.chord(ENTER)): Keys 'ENTER + ' sent to object: ''

2019-10-04 14:58:41 - [MESSAGE][PASSED] - Keys 'ENTER + ' sent to object: ''

2019-10-04 14:58:41 - [TEST_STEP][PASSED] - delay(5): Delayed 5 second(s)

2019-10-04 14:58:46 - [MESSAGE][PASSED] - Delayed 5 second(s)

2019-10-04 14:58:46 - [TEST_STEP][PASSED] - setText(findTestObject("Object Repository/Page_cabi Order Items/input_New Arrivals - Blooming Blush_style"), findTestData("productData").getValue("Style", row)): Text '3869' is set on object 'Object Repository/Page_cabi Order Items/input_New Arrivals - Blooming Blush_style'

2019-10-04 14:58:46 - [MESSAGE][PASSED] - Text '3869' is set on object 'Object Repository/Page_cabi Order Items/input_New Arrivals - Blooming Blush_style'

2019-10-04 14:58:46 - [TEST_STEP][PASSED] - sendKeys(findTestObject("Object Repository/Page_cabi Order Items/input_New Arrivals - Blooming Blush_style"), Keys.chord(ENTER)): Keys 'ENTER + ' sent to object: 'Object Repository/Page_cabi Order Items/input_New Arrivals - Blooming Blush_style'

2019-10-04 14:58:46 - [MESSAGE][PASSED] - Keys 'ENTER + ' sent to object: 'Object Repository/Page_cabi Order Items/input_New Arrivals - Blooming Blush_style'

2019-10-04 14:58:46 - [TEST_STEP][PASSED] - executeJavaScript("arguments[0].click()", Arrays.asList(findWebElement(findTestObject("Object Repository/Page_cabi Order Items/input_New Arrivals - Blooming Blush_style"), 30))): Execute JavaScript 'arguments[0].click()' successfully

2019-10-04 14:58:46 - [MESSAGE][PASSED] - Execute JavaScript 'arguments[0].click()' successfully

2019-10-04 14:58:46 - [TEST_STEP][PASSED] - if (toString().equalsIgnoreCase("no")): Actual text and expected text of test object 'Object Repository/Page_cabi Order Items/no_result_found' are matched.

2019-10-04 14:58:46 - [TEST_STEP][PASSED] - delay(2): Delayed 2 second(s)

2019-10-04 14:58:48 - [MESSAGE][PASSED] - Delayed 2 second(s)

2019-10-04 14:58:48 - [TEST_STEP][PASSED] - noResultMessages = findWebElements(findTestObject("Page_cabi Order Items/no_result_found"), 5): null

2019-10-04 14:58:48 - [TEST_STEP][PASSED] - println(noResultMessages.size()): null

2019-10-04 14:58:48 - [TEST_STEP][PASSED] - sa.assertTrue(noResultMessages.size() > 0): null

2019-10-04 14:58:48 - [TEST_STEP][PASSED] - verifyElementText(findTestObject("Page_cabi Order Items/no_result_found"), "No Results Found!", CONTINUE_ON_FAILURE): Actual text and expected text of test object 'Object Repository/Page_cabi Order Items/no_result_found' are matched.

2019-10-04 14:58:48 - [MESSAGE][PASSED] - Actual text and expected text of test object 'Object Repository/Page_cabi Order Items/no_result_found' are matched.

2019-10-04 14:58:48 - [TEST_STEP][PASSED] - delay(5): Delayed 5 second(s)

2019-10-04 14:58:53 - [MESSAGE][PASSED] - Delayed 5 second(s)

2019-10-04 14:58:53 - [TEST_STEP][PASSED] - sa = new org.testng.asserts.SoftAssert(): null

2019-10-04 14:58:53 - [TEST_STEP][PASSED] - styleid_data = findTestData("productData").getValue("Style", row): null

2019-10-04 14:58:53 - [TEST_STEP][PASSED] - println("******************+++++++++++++++++++**********************************************"): null

2019-10-04 14:58:53 - [TEST_STEP][PASSED] - println(styleid_data): null

2019-10-04 14:58:53 - [TEST_STEP][PASSED] - by = By.xpath("//input[@name='style']"): null

2019-10-04 14:58:53 - [TEST_STEP][PASSED] - styleWe = UtilityMethods.getElementByLocator(by, driver): null

2019-10-04 14:58:53 - [TEST_STEP][PASSED] - to = UtilityMethods.fromElement(styleWe): null

2019-10-04 14:58:53 - [TEST_STEP][PASSED] - setText(to, styleid_data): Text '3870' is set on object ''

2019-10-04 14:58:54 - [MESSAGE][PASSED] - Text '3870' is set on object ''

2019-10-04 14:58:54 - [TEST_STEP][PASSED] - sendKeys(to, Keys.chord(ENTER)): Keys 'ENTER + ' sent to object: ''

2019-10-04 14:58:54 - [MESSAGE][PASSED] - Keys 'ENTER + ' sent to object: ''

2019-10-04 14:58:54 - [TEST_STEP][PASSED] - delay(5): Delayed 5 second(s)

2019-10-04 14:58:59 - [MESSAGE][PASSED] - Delayed 5 second(s)

2019-10-04 14:58:59 - [TEST_STEP][PASSED] - setText(findTestObject("Object Repository/Page_cabi Order Items/input_New Arrivals - Blooming Blush_style"), findTestData("productData").getValue("Style", row)): Text '3870' is set on object 'Object Repository/Page_cabi Order Items/input_New Arrivals - Blooming Blush_style'

2019-10-04 14:58:59 - [MESSAGE][PASSED] - Text '3870' is set on object 'Object Repository/Page_cabi Order Items/input_New Arrivals - Blooming Blush_style'

2019-10-04 14:58:59 - [TEST_STEP][PASSED] - sendKeys(findTestObject("Object Repository/Page_cabi Order Items/input_New Arrivals - Blooming Blush_style"), Keys.chord(ENTER)): Keys 'ENTER + ' sent to object: 'Object Repository/Page_cabi Order Items/input_New Arrivals - Blooming Blush_style'

2019-10-04 14:58:59 - [MESSAGE][PASSED] - Keys 'ENTER + ' sent to object: 'Object Repository/Page_cabi Order Items/input_New Arrivals - Blooming Blush_style'

2019-10-04 14:58:59 - [TEST_STEP][PASSED] - executeJavaScript("arguments[0].click()", Arrays.asList(findWebElement(findTestObject("Object Repository/Page_cabi Order Items/input_New Arrivals - Blooming Blush_style"), 30))): Execute JavaScript 'arguments[0].click()' successfully

2019-10-04 14:58:59 - [MESSAGE][PASSED] - Execute JavaScript 'arguments[0].click()' successfully

2019-10-04 14:58:59 - [TEST_STEP][PASSED] - if (toString().equalsIgnoreCase("no")): Actual text and expected text of test object 'Object Repository/Page_cabi Order Items/no_result_found' are matched.

2019-10-04 14:58:59 - [TEST_STEP][PASSED] - delay(2): Delayed 2 second(s)

2019-10-04 14:59:01 - [MESSAGE][PASSED] - Delayed 2 second(s)

2019-10-04 14:59:01 - [TEST_STEP][PASSED] - noResultMessages = findWebElements(findTestObject("Page_cabi Order Items/no_result_found"), 5): null

2019-10-04 14:59:01 - [TEST_STEP][PASSED] - println(noResultMessages.size()): null

2019-10-04 14:59:01 - [TEST_STEP][PASSED] - sa.assertTrue(noResultMessages.size() > 0): null

2019-10-04 14:59:01 - [TEST_STEP][PASSED] - verifyElementText(findTestObject("Page_cabi Order Items/no_result_found"), "No Results Found!", CONTINUE_ON_FAILURE): Actual text and expected text of test object 'Object Repository/Page_cabi Order Items/no_result_found' are matched.

2019-10-04 14:59:01 - [MESSAGE][PASSED] - Actual text and expected text of test object 'Object Repository/Page_cabi Order Items/no_result_found' are matched.

2019-10-04 14:59:02 - [TEST_STEP][PASSED] - delay(5): Delayed 5 second(s)

2019-10-04 14:59:07 - [MESSAGE][PASSED] - Delayed 5 second(s)

2019-10-04 14:59:07 - [TEST_STEP][PASSED] - sa = new org.testng.asserts.SoftAssert(): null

2019-10-04 14:59:07 - [TEST_STEP][PASSED] - styleid_data = findTestData("productData").getValue("Style", row): null

2019-10-04 14:59:07 - [TEST_STEP][PASSED] - println("******************+++++++++++++++++++**********************************************"): null

2019-10-04 14:59:07 - [TEST_STEP][PASSED] - println(styleid_data): null

2019-10-04 14:59:07 - [TEST_STEP][PASSED] - by = By.xpath("//input[@name='style']"): null

2019-10-04 14:59:07 - [TEST_STEP][PASSED] - styleWe = UtilityMethods.getElementByLocator(by, driver): null

2019-10-04 14:59:07 - [TEST_STEP][PASSED] - to = UtilityMethods.fromElement(styleWe): null

2019-10-04 14:59:07 - [TEST_STEP][PASSED] - setText(to, styleid_data): Text '3871' is set on object ''

2019-10-04 14:59:07 - [MESSAGE][PASSED] - Text '3871' is set on object ''

2019-10-04 14:59:07 - [TEST_STEP][PASSED] - sendKeys(to, Keys.chord(ENTER)): Keys 'ENTER + ' sent to object: ''

2019-10-04 14:59:07 - [MESSAGE][PASSED] - Keys 'ENTER + ' sent to object: ''

2019-10-04 14:59:07 - [TEST_STEP][PASSED] - delay(5): Delayed 5 second(s)

2019-10-04 14:59:12 - [MESSAGE][PASSED] - Delayed 5 second(s)

2019-10-04 14:59:12 - [TEST_STEP][PASSED] - setText(findTestObject("Object Repository/Page_cabi Order Items/input_New Arrivals - Blooming Blush_style"), findTestData("productData").getValue("Style", row)): Text '3871' is set on object 'Object Repository/Page_cabi Order Items/input_New Arrivals - Blooming Blush_style'

2019-10-04 14:59:12 - [MESSAGE][PASSED] - Text '3871' is set on object 'Object Repository/Page_cabi Order Items/input_New Arrivals - Blooming Blush_style'

2019-10-04 14:59:12 - [TEST_STEP][PASSED] - sendKeys(findTestObject("Object Repository/Page_cabi Order Items/input_New Arrivals - Blooming Blush_style"), Keys.chord(ENTER)): Keys 'ENTER + ' sent to object: 'Object Repository/Page_cabi Order Items/input_New Arrivals - Blooming Blush_style'

2019-10-04 14:59:13 - [MESSAGE][PASSED] - Keys 'ENTER + ' sent to object: 'Object Repository/Page_cabi Order Items/input_New Arrivals - Blooming Blush_style'

2019-10-04 14:59:13 - [TEST_STEP][PASSED] - executeJavaScript("arguments[0].click()", Arrays.asList(findWebElement(findTestObject("Object Repository/Page_cabi Order Items/input_New Arrivals - Blooming Blush_style"), 30))): Execute JavaScript 'arguments[0].click()' successfully

2019-10-04 14:59:13 - [MESSAGE][PASSED] - Execute JavaScript 'arguments[0].click()' successfully

2019-10-04 14:59:13 - [TEST_STEP][PASSED] - if (toString().equalsIgnoreCase("no")): Actual text and expected text of test object 'Object Repository/Page_cabi Order Items/no_result_found' are matched.

2019-10-04 14:59:13 - [TEST_STEP][PASSED] - delay(2): Delayed 2 second(s)

2019-10-04 14:59:15 - [MESSAGE][PASSED] - Delayed 2 second(s)

2019-10-04 14:59:15 - [TEST_STEP][PASSED] - noResultMessages = findWebElements(findTestObject("Page_cabi Order Items/no_result_found"), 5): null

2019-10-04 14:59:15 - [TEST_STEP][PASSED] - println(noResultMessages.size()): null

2019-10-04 14:59:15 - [TEST_STEP][PASSED] - sa.assertTrue(noResultMessages.size() > 0): null

2019-10-04 14:59:15 - [TEST_STEP][PASSED] - verifyElementText(findTestObject("Page_cabi Order Items/no_result_found"), "No Results Found!", CONTINUE_ON_FAILURE): Actual text and expected text of test object 'Object Repository/Page_cabi Order Items/no_result_found' are matched.

2019-10-04 14:59:15 - [MESSAGE][PASSED] - Actual text and expected text of test object 'Object Repository/Page_cabi Order Items/no_result_found' are matched.

2019-10-04 14:59:15 - [TEST_STEP][PASSED] - delay(5): Delayed 5 second(s)

2019-10-04 14:59:20 - [MESSAGE][PASSED] - Delayed 5 second(s)

2019-10-04 14:59:20 - [TEST_STEP][PASSED] - sa = new org.testng.asserts.SoftAssert(): null

2019-10-04 14:59:20 - [TEST_STEP][PASSED] - styleid_data = findTestData("productData").getValue("Style", row): null

2019-10-04 14:59:20 - [TEST_STEP][PASSED] - println("******************+++++++++++++++++++**********************************************"): null

2019-10-04 14:59:20 - [TEST_STEP][PASSED] - println(styleid_data): null

2019-10-04 14:59:20 - [TEST_STEP][PASSED] - by = By.xpath("//input[@name='style']"): null

2019-10-04 14:59:20 - [TEST_STEP][PASSED] - styleWe = UtilityMethods.getElementByLocator(by, driver): null

2019-10-04 14:59:20 - [TEST_STEP][PASSED] - to = UtilityMethods.fromElement(styleWe): null

2019-10-04 14:59:20 - [TEST_STEP][PASSED] - setText(to, styleid_data): Text '3875' is set on object ''

2019-10-04 14:59:20 - [MESSAGE][PASSED] - Text '3875' is set on object ''

2019-10-04 14:59:20 - [TEST_STEP][PASSED] - sendKeys(to, Keys.chord(ENTER)): Keys 'ENTER + ' sent to object: ''

2019-10-04 14:59:20 - [MESSAGE][PASSED] - Keys 'ENTER + ' sent to object: ''

2019-10-04 14:59:20 - [TEST_STEP][PASSED] - delay(5): Delayed 5 second(s)

2019-10-04 14:59:25 - [MESSAGE][PASSED] - Delayed 5 second(s)

2019-10-04 14:59:25 - [TEST_STEP][PASSED] - setText(findTestObject("Object Repository/Page_cabi Order Items/input_New Arrivals - Blooming Blush_style"), findTestData("productData").getValue("Style", row)): Text '3875' is set on object 'Object Repository/Page_cabi Order Items/input_New Arrivals - Blooming Blush_style'

2019-10-04 14:59:26 - [MESSAGE][PASSED] - Text '3875' is set on object 'Object Repository/Page_cabi Order Items/input_New Arrivals - Blooming Blush_style'

2019-10-04 14:59:26 - [TEST_STEP][PASSED] - sendKeys(findTestObject("Object Repository/Page_cabi Order Items/input_New Arrivals - Blooming Blush_style"), Keys.chord(ENTER)): Keys 'ENTER + ' sent to object: 'Object Repository/Page_cabi Order Items/input_New Arrivals - Blooming Blush_style'

2019-10-04 14:59:26 - [MESSAGE][PASSED] - Keys 'ENTER + ' sent to object: 'Object Repository/Page_cabi Order Items/input_New Arrivals - Blooming Blush_style'

2019-10-04 14:59:26 - [TEST_STEP][PASSED] - executeJavaScript("arguments[0].click()", Arrays.asList(findWebElement(findTestObject("Object Repository/Page_cabi Order Items/input_New Arrivals - Blooming Blush_style"), 30))): Execute JavaScript 'arguments[0].click()' successfully

2019-10-04 14:59:26 - [MESSAGE][PASSED] - Execute JavaScript 'arguments[0].click()' successfully

2019-10-04 14:59:26 - [TEST_STEP][PASSED] - if (toString().equalsIgnoreCase("no")): Actual text and expected text of test object 'Object Repository/Page_cabi Order Items/no_result_found' are matched.

2019-10-04 14:59:26 - [TEST_STEP][PASSED] - delay(2): Delayed 2 second(s)

2019-10-04 14:59:28 - [MESSAGE][PASSED] - Delayed 2 second(s)

2019-10-04 14:59:28 - [TEST_STEP][PASSED] - noResultMessages = findWebElements(findTestObject("Page_cabi Order Items/no_result_found"), 5): null

2019-10-04 14:59:28 - [TEST_STEP][PASSED] - println(noResultMessages.size()): null

2019-10-04 14:59:28 - [TEST_STEP][PASSED] - sa.assertTrue(noResultMessages.size() > 0): null

2019-10-04 14:59:28 - [TEST_STEP][PASSED] - verifyElementText(findTestObject("Page_cabi Order Items/no_result_found"), "No Results Found!", CONTINUE_ON_FAILURE): Actual text and expected text of test object 'Object Repository/Page_cabi Order Items/no_result_found' are matched.

2019-10-04 14:59:28 - [MESSAGE][PASSED] - Actual text and expected text of test object 'Object Repository/Page_cabi Order Items/no_result_found' are matched.

2019-10-04 14:59:28 - [MESSAGE][PASSED] - Call Test Case 'Test Cases/NewArrival/productVerify' successfully]]></system-out>
         <system-err><![CDATA[]]></system-err>
      </testcase>
      <system-out><![CDATA[2019-10-04 14:55:42 - [TEST_SUITE][PASSED] - NewArrivalsSuite1: Test Cases/NA_Timezone_Separated/BOPersonal2]]></system-out>
      <system-err><![CDATA[]]></system-err>
   </testsuite>
</testsuites>
