<?xml version="1.0" encoding="UTF-8"?>
<testsuites name="DashboardSuite" time="200" tests="0" failures="1" errors="0">
   <testsuite name="DashboardSuite" tests="0" failures="1" errors="0" time="200" timestamp="2019-11-17 02:49:10" hostname="user - Nivedita" id="Test Suites/VirtualShowSuites/DashboardSuite">
      <properties>
         <property name="deviceName" value=""/>
         <property name="devicePlatform" value=""/>
         <property name="logFolder" value="C:\\Users\\user\\Documents\\testautomation\\KatalonProjects\\Reports\\VirtualShowSuites\\DashboardSuite\\20191117_024907"/>
         <property name="logFiles" value="C:\\Users\\user\\Documents\\testautomation\\KatalonProjects\\Reports\\VirtualShowSuites\\DashboardSuite\\20191117_024907\\execution0.log"/>
         <property name="attachments" value="C:\\Users\\user\\Documents\\testautomation\\KatalonProjects\\Reports\\VirtualShowSuites\\DashboardSuite\\20191117_024907\\1573939350472.png"/>
         <property name="hostName" value="user - Nivedita"/>
         <property name="os" value="Windows 8.1 64bit"/>
         <property name="katalonVersion" value="6.1.1.1"/>
         <property name="browser" value="Chrome 78.0.3904.97"/>
         <property name="hostAddress" value="192.168.43.31"/>
         <property name="sessionId" value="64d3df25a42a8088979cb0937c084c39"/>
         <property name="seleniumVersion" value="3.7.1"/>
         <property name="proxyInformation" value="ProxyInformation{proxyOption=NO_PROXY, proxyServerType=HTTP, password=, proxyServerAddress=, proxyServerPort=0}"/>
         <property name="platform" value="Windows 8.1"/>
      </properties>
      <testcase name="Test Cases/VirtualShow/newUserRegistrationRS" classname="Test Cases/VirtualShow/newUserRegistrationRS" status="FAILED">
         <failure type="FAILED" message="Test Cases/VirtualShow/newUserRegistrationRS FAILED.
Reason:
com.kms.katalon.core.exception.StepFailedException: Unable to click on object 'editStyleForm'
	at com.kms.katalon.core.webui.keyword.internal.WebUIKeywordMain.stepFailed(WebUIKeywordMain.groovy:64)
	at com.kms.katalon.core.webui.keyword.internal.WebUIKeywordMain.runKeyword(WebUIKeywordMain.groovy:26)
	at com.kms.katalon.core.webui.keyword.builtin.ClickKeyword.click(ClickKeyword.groovy:86)
	at com.kms.katalon.core.webui.keyword.builtin.ClickKeyword.execute(ClickKeyword.groovy:67)
	at com.kms.katalon.core.keyword.internal.KeywordExecutor.executeKeywordForPlatform(KeywordExecutor.groovy:56)
	at com.kms.katalon.core.webui.keyword.WebUiBuiltInKeywords.click(WebUiBuiltInKeywords.groovy:616)
	at com.kms.katalon.core.webui.keyword.WebUiBuiltInKeywords$click$3.call(Unknown Source)
	at newUserRegistrationRS.run(newUserRegistrationRS:327)
	at com.kms.katalon.core.main.ScriptEngine.run(ScriptEngine.java:194)
	at com.kms.katalon.core.main.ScriptEngine.runScriptAsRawText(ScriptEngine.java:119)
	at com.kms.katalon.core.main.TestCaseExecutor.runScript(TestCaseExecutor.java:342)
	at com.kms.katalon.core.main.TestCaseExecutor.doExecute(TestCaseExecutor.java:333)
	at com.kms.katalon.core.main.TestCaseExecutor.processExecutionPhase(TestCaseExecutor.java:312)
	at com.kms.katalon.core.main.TestCaseExecutor.accessMainPhase(TestCaseExecutor.java:304)
	at com.kms.katalon.core.main.TestCaseExecutor.execute(TestCaseExecutor.java:238)
	at com.kms.katalon.core.main.TestSuiteExecutor.accessTestCaseMainPhase(TestSuiteExecutor.java:129)
	at com.kms.katalon.core.main.TestSuiteExecutor.accessTestSuiteMainPhase(TestSuiteExecutor.java:112)
	at com.kms.katalon.core.main.TestSuiteExecutor.execute(TestSuiteExecutor.java:81)
	at com.kms.katalon.core.main.TestCaseMain.startTestSuite(TestCaseMain.java:157)
	at com.kms.katalon.core.main.TestCaseMain$startTestSuite$0.call(Unknown Source)
	at TempTestSuite1573939147633.run(TempTestSuite1573939147633.groovy:35)
Caused by: org.openqa.selenium.ElementClickInterceptedException: element click intercepted: Element &lt;div _ngcontent-jmy-c39=&quot;&quot; class=&quot;drop-text&quot;>...&lt;/div> is not clickable at point (721, 11). Other element would receive the click: &lt;div _ngcontent-jmy-c5=&quot;&quot; class=&quot;loader-fullscreen&quot;>...&lt;/div>
  (Session info: chrome=78.0.3904.97)
Build info: version: '3.7.1', revision: '8a0099a', time: '2017-11-06T21:07:36.161Z'
System info: host: 'NIVEDITA', ip: '192.168.43.31', os.name: 'Windows 8.1', os.arch: 'amd64', os.version: '6.3', java.version: '1.8.0_181'
Driver info: com.kms.katalon.selenium.driver.CChromeDriver
Capabilities {acceptInsecureCerts: false, browserName: chrome, browserVersion: 78.0.3904.97, chrome: {chromedriverVersion: 78.0.3904.70 (edb9c9f3de024..., userDataDir: C:\Users\user\AppData\Local...}, goog:chromeOptions: {debuggerAddress: localhost:51263}, javascriptEnabled: true, networkConnectionEnabled: false, pageLoadStrategy: normal, platform: XP, platformName: XP, proxy: Proxy(direct), setWindowRect: true, strictFileInteractability: false, timeouts: {implicit: 0, pageLoad: 300000, script: 30000}, unhandledPromptBehavior: dismiss and notify}
Session ID: 64d3df25a42a8088979cb0937c084c39
	at org.openqa.selenium.remote.http.W3CHttpResponseCodec.createException(W3CHttpResponseCodec.java:187)
	at org.openqa.selenium.remote.http.W3CHttpResponseCodec.decode(W3CHttpResponseCodec.java:122)
	at org.openqa.selenium.remote.http.W3CHttpResponseCodec.decode(W3CHttpResponseCodec.java:49)
	at org.openqa.selenium.remote.HttpCommandExecutor.execute(HttpCommandExecutor.java:164)
	at org.openqa.selenium.remote.service.DriverCommandExecutor.execute(DriverCommandExecutor.java:83)
	at org.openqa.selenium.remote.RemoteWebDriver.execute(RemoteWebDriver.java:600)
	at com.kms.katalon.selenium.driver.CChromeDriver.execute(CChromeDriver.java:20)
	at org.openqa.selenium.remote.RemoteWebElement.execute(RemoteWebElement.java:279)
	at org.openqa.selenium.remote.RemoteWebElement.click(RemoteWebElement.java:83)
	at com.kms.katalon.core.webui.keyword.builtin.ClickKeyword$_click_closure1.doCall(ClickKeyword.groovy:79)
	at com.kms.katalon.core.webui.keyword.builtin.ClickKeyword$_click_closure1.call(ClickKeyword.groovy)
	at com.kms.katalon.core.webui.keyword.internal.WebUIKeywordMain.runKeyword(WebUIKeywordMain.groovy:20)
	at com.kms.katalon.core.webui.keyword.builtin.ClickKeyword.click(ClickKeyword.groovy:86)
	at com.kms.katalon.core.webui.keyword.builtin.ClickKeyword.execute(ClickKeyword.groovy:67)
	at com.kms.katalon.core.keyword.internal.KeywordExecutor.executeKeywordForPlatform(KeywordExecutor.groovy:56)
	at com.kms.katalon.core.webui.keyword.WebUiBuiltInKeywords.click(WebUiBuiltInKeywords.groovy:616)
	at com.kms.katalon.core.webui.keyword.WebUiBuiltInKeywords$click$3.call(Unknown Source)
	at Script1564758359451.run(Script1564758359451.groovy:327)
	... 13 more
"/>
         <system-out><![CDATA[2019-11-17 02:49:11 - [TEST_CASE][FAILED] - Test Cases/VirtualShow/newUserRegistrationRS: Test Cases/VirtualShow/newUserRegistrationRS FAILED.
Reason:
com.kms.katalon.core.exception.StepFailedException: Unable to click on object 'editStyleForm'
	at com.kms.katalon.core.webui.keyword.internal.WebUIKeywordMain.stepFailed(WebUIKeywordMain.groovy:64)
	at com.kms.katalon.core.webui.keyword.internal.WebUIKeywordMain.runKeyword(WebUIKeywordMain.groovy:26)
	at com.kms.katalon.core.webui.keyword.builtin.ClickKeyword.click(ClickKeyword.groovy:86)
	at com.kms.katalon.core.webui.keyword.builtin.ClickKeyword.execute(ClickKeyword.groovy:67)
	at com.kms.katalon.core.keyword.internal.KeywordExecutor.executeKeywordForPlatform(KeywordExecutor.groovy:56)
	at com.kms.katalon.core.webui.keyword.WebUiBuiltInKeywords.click(WebUiBuiltInKeywords.groovy:616)
	at com.kms.katalon.core.webui.keyword.WebUiBuiltInKeywords$click$3.call(Unknown Source)
	at newUserRegistrationRS.run(newUserRegistrationRS:327)
	at com.kms.katalon.core.main.ScriptEngine.run(ScriptEngine.java:194)
	at com.kms.katalon.core.main.ScriptEngine.runScriptAsRawText(ScriptEngine.java:119)
	at com.kms.katalon.core.main.TestCaseExecutor.runScript(TestCaseExecutor.java:342)
	at com.kms.katalon.core.main.TestCaseExecutor.doExecute(TestCaseExecutor.java:333)
	at com.kms.katalon.core.main.TestCaseExecutor.processExecutionPhase(TestCaseExecutor.java:312)
	at com.kms.katalon.core.main.TestCaseExecutor.accessMainPhase(TestCaseExecutor.java:304)
	at com.kms.katalon.core.main.TestCaseExecutor.execute(TestCaseExecutor.java:238)
	at com.kms.katalon.core.main.TestSuiteExecutor.accessTestCaseMainPhase(TestSuiteExecutor.java:129)
	at com.kms.katalon.core.main.TestSuiteExecutor.accessTestSuiteMainPhase(TestSuiteExecutor.java:112)
	at com.kms.katalon.core.main.TestSuiteExecutor.execute(TestSuiteExecutor.java:81)
	at com.kms.katalon.core.main.TestCaseMain.startTestSuite(TestCaseMain.java:157)
	at com.kms.katalon.core.main.TestCaseMain$startTestSuite$0.call(Unknown Source)
	at TempTestSuite1573939147633.run(TempTestSuite1573939147633.groovy:35)
Caused by: org.openqa.selenium.ElementClickInterceptedException: element click intercepted: Element <div _ngcontent-jmy-c39="" class="drop-text">...</div> is not clickable at point (721, 11). Other element would receive the click: <div _ngcontent-jmy-c5="" class="loader-fullscreen">...</div>
  (Session info: chrome=78.0.3904.97)
Build info: version: '3.7.1', revision: '8a0099a', time: '2017-11-06T21:07:36.161Z'
System info: host: 'NIVEDITA', ip: '192.168.43.31', os.name: 'Windows 8.1', os.arch: 'amd64', os.version: '6.3', java.version: '1.8.0_181'
Driver info: com.kms.katalon.selenium.driver.CChromeDriver
Capabilities {acceptInsecureCerts: false, browserName: chrome, browserVersion: 78.0.3904.97, chrome: {chromedriverVersion: 78.0.3904.70 (edb9c9f3de024..., userDataDir: C:\Users\user\AppData\Local...}, goog:chromeOptions: {debuggerAddress: localhost:51263}, javascriptEnabled: true, networkConnectionEnabled: false, pageLoadStrategy: normal, platform: XP, platformName: XP, proxy: Proxy(direct), setWindowRect: true, strictFileInteractability: false, timeouts: {implicit: 0, pageLoad: 300000, script: 30000}, unhandledPromptBehavior: dismiss and notify}
Session ID: 64d3df25a42a8088979cb0937c084c39
	at org.openqa.selenium.remote.http.W3CHttpResponseCodec.createException(W3CHttpResponseCodec.java:187)
	at org.openqa.selenium.remote.http.W3CHttpResponseCodec.decode(W3CHttpResponseCodec.java:122)
	at org.openqa.selenium.remote.http.W3CHttpResponseCodec.decode(W3CHttpResponseCodec.java:49)
	at org.openqa.selenium.remote.HttpCommandExecutor.execute(HttpCommandExecutor.java:164)
	at org.openqa.selenium.remote.service.DriverCommandExecutor.execute(DriverCommandExecutor.java:83)
	at org.openqa.selenium.remote.RemoteWebDriver.execute(RemoteWebDriver.java:600)
	at com.kms.katalon.selenium.driver.CChromeDriver.execute(CChromeDriver.java:20)
	at org.openqa.selenium.remote.RemoteWebElement.execute(RemoteWebElement.java:279)
	at org.openqa.selenium.remote.RemoteWebElement.click(RemoteWebElement.java:83)
	at com.kms.katalon.core.webui.keyword.builtin.ClickKeyword$_click_closure1.doCall(ClickKeyword.groovy:79)
	at com.kms.katalon.core.webui.keyword.builtin.ClickKeyword$_click_closure1.call(ClickKeyword.groovy)
	at com.kms.katalon.core.webui.keyword.internal.WebUIKeywordMain.runKeyword(WebUIKeywordMain.groovy:20)
	at com.kms.katalon.core.webui.keyword.builtin.ClickKeyword.click(ClickKeyword.groovy:86)
	at com.kms.katalon.core.webui.keyword.builtin.ClickKeyword.execute(ClickKeyword.groovy:67)
	at com.kms.katalon.core.keyword.internal.KeywordExecutor.executeKeywordForPlatform(KeywordExecutor.groovy:56)
	at com.kms.katalon.core.webui.keyword.WebUiBuiltInKeywords.click(WebUiBuiltInKeywords.groovy:616)
	at com.kms.katalon.core.webui.keyword.WebUiBuiltInKeywords$click$3.call(Unknown Source)
	at Script1564758359451.run(Script1564758359451.groovy:327)
	... 13 more


2019-11-17 02:49:12 - [TEST_STEP][PASSED] - Start listener action : sampleBeforeTestCase: null

2019-11-17 02:49:12 - [TEST_STEP][PASSED] - println(testCaseContext.getTestCaseId()): null

2019-11-17 02:49:12 - [TEST_STEP][PASSED] - println(testCaseContext.getTestCaseVariables()): null

2019-11-17 02:49:13 - [TEST_STEP][PASSED] - RSURL = findTestData("envtData").getValue("RSURL", 1): null

2019-11-17 02:49:13 - [TEST_STEP][PASSED] - RSuser = findTestData("credData").getValue("RSuser", 1): null

2019-11-17 02:49:13 - [TEST_STEP][PASSED] - RSTestEnvt = findTestData("envtData").getValue("RSTestEnvt", 1): null

2019-11-17 02:49:13 - [TEST_STEP][PASSED] - faker = new com.github.javafaker.Faker(): null

2019-11-17 02:49:14 - [TEST_STEP][PASSED] - name = name().fullName(): null

2019-11-17 02:49:14 - [TEST_STEP][PASSED] - firstName = name.firstName(): null

2019-11-17 02:49:14 - [TEST_STEP][PASSED] - lastName = name().lastName(): null

2019-11-17 02:49:14 - [TEST_STEP][PASSED] - email = internet.emailAddress(): null

2019-11-17 02:49:14 - [TEST_STEP][PASSED] - openBrowser(""): Browser is opened with url: ''

2019-11-17 02:49:14 - [MESSAGE][INFO] - Starting 'Chrome' driver

2019-11-17 02:49:14 - [MESSAGE][INFO] - User set preference: ['args', '[--use-fake-ui-for-media-stream, --start-maximized]']

2019-11-17 02:49:14 - [MESSAGE][INFO] - Action delay is set to 0 seconds

2019-11-17 02:49:17 - [MESSAGE][PASSED] - Browser is opened with url: ''

2019-11-17 02:49:17 - [TEST_STEP][PASSED] - maximizeWindow(): Current window maximized

2019-11-17 02:49:18 - [MESSAGE][PASSED] - Current window maximized

2019-11-17 02:49:18 - [TEST_STEP][PASSED] - callTestCase(findTestCase("TestCaseUtilities/setVHost"), [:], CONTINUE_ON_FAILURE): Call Test Case 'Test Cases/TestCaseUtilities/setVHost' successfully

2019-11-17 02:49:19 - [TEST_CASE][PASSED] - Test Cases/TestCaseUtilities/setVHost: Test Cases/TestCaseUtilities/setVHost

2019-11-17 02:49:19 - [TEST_STEP][PASSED] - ofbizURL = findTestData("envtData").getValue("ofbizURL", 1): null

2019-11-17 02:49:19 - [TEST_STEP][PASSED] - ofbizUser = findTestData("credData").getValue("ofbizuser", 1): null

2019-11-17 02:49:19 - [TEST_STEP][PASSED] - ofbizPass = findTestData("credData").getValue("ofbizpass", 1): null

2019-11-17 02:49:19 - [TEST_STEP][PASSED] - vhostTarget = findTestData("envtData").getValue("vhostTarget", 1): null

2019-11-17 02:49:20 - [TEST_STEP][PASSED] - navigateToUrl(ofbizURL): Navigate to 'https://pushofbiz.cliotest.com/login.php' successfully

2019-11-17 02:49:21 - [MESSAGE][PASSED] - Navigate to 'https://pushofbiz.cliotest.com/login.php' successfully

2019-11-17 02:49:21 - [TEST_STEP][PASSED] - setText(findTestObject("Object Repository/virualShowRSVPOR/Page_/input_Username_username"), ofbizUser): Text 'automation' is set on object 'Object Repository/virualShowRSVPOR/Page_/input_Username_username'

2019-11-17 02:49:21 - [MESSAGE][PASSED] - Text 'automation' is set on object 'Object Repository/virualShowRSVPOR/Page_/input_Username_username'

2019-11-17 02:49:21 - [TEST_STEP][PASSED] - setText(findTestObject("Object Repository/virualShowRSVPOR/Page_/input_Password_password"), ofbizPass): Text 'cabiautomation' is set on object 'Object Repository/virualShowRSVPOR/Page_/input_Password_password'

2019-11-17 02:49:22 - [MESSAGE][PASSED] - Text 'cabiautomation' is set on object 'Object Repository/virualShowRSVPOR/Page_/input_Password_password'

2019-11-17 02:49:22 - [TEST_STEP][PASSED] - click(findTestObject("Object Repository/virualShowRSVPOR/Page_/input_Password_Submit")): Object: 'Object Repository/virualShowRSVPOR/Page_/input_Password_Submit' is clicked on

2019-11-17 02:49:26 - [MESSAGE][PASSED] - Object: 'Object Repository/virualShowRSVPOR/Page_/input_Password_Submit' is clicked on

2019-11-17 02:49:26 - [TEST_STEP][PASSED] - click(findTestObject("Object Repository/virualShowRSVPOR/Page_/a_Set Vhost")): Object: 'Object Repository/virualShowRSVPOR/Page_/a_Set Vhost' is clicked on

2019-11-17 02:49:27 - [MESSAGE][PASSED] - Object: 'Object Repository/virualShowRSVPOR/Page_/a_Set Vhost' is clicked on

2019-11-17 02:49:27 - [TEST_STEP][PASSED] - click(UtilityMethods.createTestObject("select_target", "//select[@name='Target']/option[contains(text(), '", vhostTarget, "')]")): Object: 'select_target' is clicked on

2019-11-17 02:49:27 - [MESSAGE][PASSED] - Object: 'select_target' is clicked on

2019-11-17 02:49:27 - [TEST_STEP][PASSED] - click(findTestObject("Object Repository/virualShowRSVPOR/Page_/input")): Object: 'Object Repository/virualShowRSVPOR/Page_/input' is clicked on

2019-11-17 02:49:29 - [MESSAGE][PASSED] - Object: 'Object Repository/virualShowRSVPOR/Page_/input' is clicked on

2019-11-17 02:49:29 - [MESSAGE][PASSED] - Call Test Case 'Test Cases/TestCaseUtilities/setVHost' successfully

2019-11-17 02:49:29 - [TEST_STEP][PASSED] - navigateToUrl(RSURL): Navigate to 'https://mirandakate.cabitest5.com' successfully

2019-11-17 02:49:43 - [MESSAGE][PASSED] - Navigate to 'https://mirandakate.cabitest5.com' successfully

2019-11-17 02:49:43 - [TEST_STEP][PASSED] - loginURL = UtilityMethods.concat("https://mirandakate.", RSTestEnvt, ".com/?component=account.login-gateway"): null

2019-11-17 02:49:43 - [TEST_STEP][PASSED] - navigateToUrl(loginURL): Navigate to 'https://mirandakate.cabitest5.com/?component=account.login-gateway' successfully

2019-11-17 02:49:46 - [MESSAGE][PASSED] - Navigate to 'https://mirandakate.cabitest5.com/?component=account.login-gateway' successfully

2019-11-17 02:49:46 - [TEST_STEP][PASSED] - setText(findTestObject("ReplicatedSite/rs_Page_Trendy/input_Sign in  Create account_email"), email): Text 'dasia.quitzon@hotmail.com' is set on object 'Object Repository/ReplicatedSite/rs_Page_Trendy/input_Sign in  Create account_email'

2019-11-17 02:49:48 - [MESSAGE][PASSED] - Text 'dasia.quitzon@hotmail.com' is set on object 'Object Repository/ReplicatedSite/rs_Page_Trendy/input_Sign in  Create account_email'

2019-11-17 02:49:48 - [TEST_STEP][PASSED] - click(findTestObject("ReplicatedSite/rs_Page_Trendy/button_Continue")): Object: 'Object Repository/ReplicatedSite/rs_Page_Trendy/button_Continue' is clicked on

2019-11-17 02:49:48 - [MESSAGE][PASSED] - Object: 'Object Repository/ReplicatedSite/rs_Page_Trendy/button_Continue' is clicked on

2019-11-17 02:49:48 - [TEST_STEP][PASSED] - delay(5): Delayed 5 second(s)

2019-11-17 02:49:53 - [MESSAGE][PASSED] - Delayed 5 second(s)

2019-11-17 02:49:53 - [TEST_STEP][PASSED] - click(findTestObject("ReplicatedSite/rsNewUser/rsFirstName")): Object: 'Object Repository/ReplicatedSite/rsNewUser/rsFirstName' is clicked on

2019-11-17 02:49:53 - [MESSAGE][PASSED] - Object: 'Object Repository/ReplicatedSite/rsNewUser/rsFirstName' is clicked on

2019-11-17 02:49:53 - [TEST_STEP][PASSED] - setText(findTestObject("ReplicatedSite/rsNewUser/rsFirstName"), firstName): Text 'Frank' is set on object 'Object Repository/ReplicatedSite/rsNewUser/rsFirstName'

2019-11-17 02:49:53 - [MESSAGE][PASSED] - Text 'Frank' is set on object 'Object Repository/ReplicatedSite/rsNewUser/rsFirstName'

2019-11-17 02:49:53 - [TEST_STEP][PASSED] - setText(findTestObject("ReplicatedSite/rsNewUser/rsLastName"), lastName): Text 'Deckow' is set on object 'Object Repository/ReplicatedSite/rsNewUser/rsLastName'

2019-11-17 02:49:54 - [MESSAGE][PASSED] - Text 'Deckow' is set on object 'Object Repository/ReplicatedSite/rsNewUser/rsLastName'

2019-11-17 02:49:54 - [TEST_STEP][PASSED] - setText(findTestObject("ReplicatedSite/rsNewUser/rsPassword"), "blackdress19"): Text 'blackdress19' is set on object 'Object Repository/ReplicatedSite/rsNewUser/rsPassword'

2019-11-17 02:49:54 - [MESSAGE][PASSED] - Text 'blackdress19' is set on object 'Object Repository/ReplicatedSite/rsNewUser/rsPassword'

2019-11-17 02:49:54 - [TEST_STEP][PASSED] - setText(findTestObject("ReplicatedSite/rsNewUser/rsConfirmPassword"), "blackdress19"): Text 'blackdress19' is set on object 'Object Repository/ReplicatedSite/rsNewUser/rsConfirmPassword'

2019-11-17 02:49:54 - [MESSAGE][PASSED] - Text 'blackdress19' is set on object 'Object Repository/ReplicatedSite/rsNewUser/rsConfirmPassword'

2019-11-17 02:49:54 - [TEST_STEP][PASSED] - click(findTestObject("ReplicatedSite/rsNewUser/noThanksLabel")): Object: 'Object Repository/ReplicatedSite/rsNewUser/noThanksLabel' is clicked on

2019-11-17 02:49:55 - [MESSAGE][PASSED] - Object: 'Object Repository/ReplicatedSite/rsNewUser/noThanksLabel' is clicked on

2019-11-17 02:49:55 - [TEST_STEP][PASSED] - click(findTestObject("ReplicatedSite/rsNewUser/continueButton")): Object: 'Object Repository/ReplicatedSite/rsNewUser/continueButton' is clicked on

2019-11-17 02:49:55 - [MESSAGE][PASSED] - Object: 'Object Repository/ReplicatedSite/rsNewUser/continueButton' is clicked on

2019-11-17 02:49:55 - [TEST_STEP][PASSED] - delay(5): Delayed 5 second(s)

2019-11-17 02:50:00 - [MESSAGE][PASSED] - Delayed 5 second(s)

2019-11-17 02:50:00 - [TEST_STEP][PASSED] - driver = getWebDriver(): null

2019-11-17 02:50:00 - [TEST_STEP][PASSED] - executor = driver: null

2019-11-17 02:50:00 - [TEST_STEP][PASSED] - click(findTestObject("ReplicatedSite/rsNewUser/gotItThanks")): Object: 'Object Repository/ReplicatedSite/rsNewUser/gotItThanks' is clicked on

2019-11-17 02:50:00 - [MESSAGE][PASSED] - Object: 'Object Repository/ReplicatedSite/rsNewUser/gotItThanks' is clicked on

2019-11-17 02:50:00 - [TEST_STEP][PASSED] - click(findTestObject("Object Repository/ReplicatedSite/rsNewUser/setUpMyProfile")): Object: 'Object Repository/ReplicatedSite/rsNewUser/setUpMyProfile' is clicked on

2019-11-17 02:50:24 - [MESSAGE][PASSED] - Object: 'Object Repository/ReplicatedSite/rsNewUser/setUpMyProfile' is clicked on

2019-11-17 02:50:24 - [TEST_STEP][PASSED] - waitForElementClickable(findTestObject("ReplicatedSite/rsNewUser/dressOftenOption"), 5): Object 'Object Repository/ReplicatedSite/rsNewUser/dressOftenOption' is clickable

2019-11-17 02:50:24 - [MESSAGE][PASSED] - Object 'Object Repository/ReplicatedSite/rsNewUser/dressOftenOption' is clickable

2019-11-17 02:50:24 - [TEST_STEP][PASSED] - delay(3): Delayed 3 second(s)

2019-11-17 02:50:27 - [MESSAGE][PASSED] - Delayed 3 second(s)

2019-11-17 02:50:27 - [TEST_STEP][PASSED] - click(findTestObject("ReplicatedSite/rsNewUser/dressOftenOption")): Object: 'Object Repository/ReplicatedSite/rsNewUser/dressOftenOption' is clicked on

2019-11-17 02:50:28 - [MESSAGE][PASSED] - Object: 'Object Repository/ReplicatedSite/rsNewUser/dressOftenOption' is clicked on

2019-11-17 02:50:28 - [TEST_STEP][PASSED] - click(findTestObject("Object Repository/ReplicatedSite/rsNewUser/dressStyle")): Object: 'Object Repository/ReplicatedSite/rsNewUser/dressStyle' is clicked on

2019-11-17 02:50:28 - [MESSAGE][PASSED] - Object: 'Object Repository/ReplicatedSite/rsNewUser/dressStyle' is clicked on

2019-11-17 02:50:28 - [TEST_STEP][PASSED] - click(findTestObject("Object Repository/ReplicatedSite/rsNewUser/dressShape")): Object: 'Object Repository/ReplicatedSite/rsNewUser/dressShape' is clicked on

2019-11-17 02:50:28 - [MESSAGE][PASSED] - Object: 'Object Repository/ReplicatedSite/rsNewUser/dressShape' is clicked on

2019-11-17 02:50:28 - [TEST_STEP][PASSED] - click(findTestObject("Object Repository/ReplicatedSite/rsNewUser/dressAccentuate")): Object: 'Object Repository/ReplicatedSite/rsNewUser/dressAccentuate' is clicked on

2019-11-17 02:50:28 - [MESSAGE][PASSED] - Object: 'Object Repository/ReplicatedSite/rsNewUser/dressAccentuate' is clicked on

2019-11-17 02:50:28 - [TEST_STEP][PASSED] - click(findTestObject("Object Repository/ReplicatedSite/rsNewUser/dislikeColors")): Object: 'Object Repository/ReplicatedSite/rsNewUser/dislikeColors' is clicked on

2019-11-17 02:50:28 - [MESSAGE][PASSED] - Object: 'Object Repository/ReplicatedSite/rsNewUser/dislikeColors' is clicked on

2019-11-17 02:50:28 - [TEST_STEP][PASSED] - click(findTestObject("Object Repository/ReplicatedSite/rsNewUser/dislikePatterns")): Object: 'Object Repository/ReplicatedSite/rsNewUser/dislikePatterns' is clicked on

2019-11-17 02:50:28 - [MESSAGE][PASSED] - Object: 'Object Repository/ReplicatedSite/rsNewUser/dislikePatterns' is clicked on

2019-11-17 02:50:28 - [TEST_STEP][PASSED] - click(findTestObject("Object Repository/ReplicatedSite/rsNewUser/continueButtonStyleForm")): Object: 'Object Repository/ReplicatedSite/rsNewUser/continueButtonStyleForm' is clicked on

2019-11-17 02:50:28 - [MESSAGE][PASSED] - Object: 'Object Repository/ReplicatedSite/rsNewUser/continueButtonStyleForm' is clicked on

2019-11-17 02:50:28 - [TEST_STEP][PASSED] - waitForElementClickable(findTestObject("Object Repository/ReplicatedSite/rsNewUser/topsRadiobutton"), 5): Object 'Object Repository/ReplicatedSite/rsNewUser/topsRadiobutton' is clickable

2019-11-17 02:50:30 - [MESSAGE][PASSED] - Object 'Object Repository/ReplicatedSite/rsNewUser/topsRadiobutton' is clickable

2019-11-17 02:50:30 - [TEST_STEP][PASSED] - delay(3): Delayed 3 second(s)

2019-11-17 02:50:33 - [MESSAGE][PASSED] - Delayed 3 second(s)

2019-11-17 02:50:33 - [TEST_STEP][PASSED] - click(findTestObject("Object Repository/ReplicatedSite/rsNewUser/sweatersRadioButton")): Object: 'Object Repository/ReplicatedSite/rsNewUser/sweatersRadioButton' is clicked on

2019-11-17 02:50:34 - [MESSAGE][PASSED] - Object: 'Object Repository/ReplicatedSite/rsNewUser/sweatersRadioButton' is clicked on

2019-11-17 02:50:34 - [TEST_STEP][PASSED] - click(findTestObject("Object Repository/ReplicatedSite/rsNewUser/bottomsRadioButton")): Object: 'Object Repository/ReplicatedSite/rsNewUser/bottomsRadioButton' is clicked on

2019-11-17 02:50:34 - [MESSAGE][PASSED] - Object: 'Object Repository/ReplicatedSite/rsNewUser/bottomsRadioButton' is clicked on

2019-11-17 02:50:34 - [TEST_STEP][PASSED] - click(findTestObject("Object Repository/ReplicatedSite/rsNewUser/bottomsRadioButton")): Object: 'Object Repository/ReplicatedSite/rsNewUser/bottomsRadioButton' is clicked on

2019-11-17 02:50:34 - [MESSAGE][PASSED] - Object: 'Object Repository/ReplicatedSite/rsNewUser/bottomsRadioButton' is clicked on

2019-11-17 02:50:34 - [TEST_STEP][PASSED] - click(findTestObject("Object Repository/ReplicatedSite/rsNewUser/skirtsRadioButton")): Object: 'Object Repository/ReplicatedSite/rsNewUser/skirtsRadioButton' is clicked on

2019-11-17 02:50:34 - [MESSAGE][PASSED] - Object: 'Object Repository/ReplicatedSite/rsNewUser/skirtsRadioButton' is clicked on

2019-11-17 02:50:34 - [TEST_STEP][PASSED] - click(findTestObject("Object Repository/ReplicatedSite/rsNewUser/dressessRadioButton")): Object: 'Object Repository/ReplicatedSite/rsNewUser/dressessRadioButton' is clicked on

2019-11-17 02:50:34 - [MESSAGE][PASSED] - Object: 'Object Repository/ReplicatedSite/rsNewUser/dressessRadioButton' is clicked on

2019-11-17 02:50:34 - [TEST_STEP][PASSED] - click(findTestObject("Object Repository/ReplicatedSite/rsNewUser/jacketsRadioButton")): Object: 'Object Repository/ReplicatedSite/rsNewUser/jacketsRadioButton' is clicked on

2019-11-17 02:50:34 - [MESSAGE][PASSED] - Object: 'Object Repository/ReplicatedSite/rsNewUser/jacketsRadioButton' is clicked on

2019-11-17 02:50:34 - [TEST_STEP][PASSED] - click(findTestObject("Object Repository/ReplicatedSite/rsNewUser/continueButtonStyleForm")): Object: 'Object Repository/ReplicatedSite/rsNewUser/continueButtonStyleForm' is clicked on

2019-11-17 02:50:34 - [MESSAGE][PASSED] - Object: 'Object Repository/ReplicatedSite/rsNewUser/continueButtonStyleForm' is clicked on

2019-11-17 02:50:34 - [TEST_STEP][PASSED] - delay(5): Delayed 5 second(s)

2019-11-17 02:50:39 - [MESSAGE][PASSED] - Delayed 5 second(s)

2019-11-17 02:50:39 - [TEST_STEP][PASSED] - titleList = new java.util.ArrayList(): null

2019-11-17 02:50:39 - [TEST_STEP][PASSED] - titleList.add("Bust"): null

2019-11-17 02:50:39 - [TEST_STEP][PASSED] - titleList.add("Band Size"): null

2019-11-17 02:50:39 - [TEST_STEP][PASSED] - titleList.add("Cup Size"): null

2019-11-17 02:50:39 - [TEST_STEP][PASSED] - titleList.add("Waist"): null

2019-11-17 02:50:39 - [TEST_STEP][PASSED] - titleList.add("Hips"): null

2019-11-17 02:50:39 - [TEST_STEP][PASSED] - titleList.add("Inseam"): null

2019-11-17 02:50:39 - [TEST_STEP][PASSED] - titleList.add("Tops"): null

2019-11-17 02:50:39 - [TEST_STEP][PASSED] - titleList.add("Tops"): null

2019-11-17 02:50:39 - [TEST_STEP][PASSED] - titleList.add("Trouser"): null

2019-11-17 02:50:39 - [TEST_STEP][PASSED] - titleList.add("Trouser"): null

2019-11-17 02:50:39 - [TEST_STEP][PASSED] - titleList.add("Trouser Length"): null

2019-11-17 02:50:39 - [TEST_STEP][PASSED] - titleList.add("Jacket"): null

2019-11-17 02:50:39 - [TEST_STEP][PASSED] - titleList.add("Jacket"): null

2019-11-17 02:50:39 - [TEST_STEP][PASSED] - titleList.add("Skirts"): null

2019-11-17 02:50:39 - [TEST_STEP][PASSED] - titleList.add("Skirts"): null

2019-11-17 02:50:39 - [TEST_STEP][PASSED] - titleList.add("Dresses"): null

2019-11-17 02:50:39 - [TEST_STEP][PASSED] - titleList.add("Dresses"): null

2019-11-17 02:50:39 - [TEST_STEP][PASSED] - titleList.add("Shoes"): null

2019-11-17 02:50:39 - [TEST_STEP][PASSED] - sizeList = new java.util.ArrayList(): null

2019-11-17 02:50:39 - [TEST_STEP][PASSED] - sizeList.add("35"): null

2019-11-17 02:50:39 - [TEST_STEP][PASSED] - sizeList.add("30"): null

2019-11-17 02:50:39 - [TEST_STEP][PASSED] - sizeList.add("B"): null

2019-11-17 02:50:39 - [TEST_STEP][PASSED] - sizeList.add("28"): null

2019-11-17 02:50:39 - [TEST_STEP][PASSED] - sizeList.add("34"): null

2019-11-17 02:50:39 - [TEST_STEP][PASSED] - sizeList.add("30"): null

2019-11-17 02:50:39 - [TEST_STEP][PASSED] - sizeList.add("6"): null

2019-11-17 02:50:39 - [TEST_STEP][PASSED] - sizeList.add("L"): null

2019-11-17 02:50:39 - [TEST_STEP][PASSED] - sizeList.add("10"): null

2019-11-17 02:50:39 - [TEST_STEP][PASSED] - sizeList.add("L"): null

2019-11-17 02:50:39 - [TEST_STEP][PASSED] - sizeList.add("L"): null

2019-11-17 02:50:39 - [TEST_STEP][PASSED] - sizeList.add("12"): null

2019-11-17 02:50:39 - [TEST_STEP][PASSED] - sizeList.add("L"): null

2019-11-17 02:50:39 - [TEST_STEP][PASSED] - sizeList.add("12"): null

2019-11-17 02:50:39 - [TEST_STEP][PASSED] - sizeList.add("L"): null

2019-11-17 02:50:39 - [TEST_STEP][PASSED] - sizeList.add("14"): null

2019-11-17 02:50:39 - [TEST_STEP][PASSED] - sizeList.add("L"): null

2019-11-17 02:50:39 - [TEST_STEP][PASSED] - sizeList.add("9"): null

2019-11-17 02:50:39 - [TEST_STEP][PASSED] - for ([i = 0, i < titleList.size(), (i++)]): Delayed 3 second(s)

2019-11-17 02:50:39 - [TEST_STEP][PASSED] - fitForm = UtilityMethods.createTestObject("fitForm", "//h3[text()='", titleList.get(i), "']/parent::div//span[@class='dressText dressTextNonSelected' and text()='", sizeList.get(i), "']"): null

2019-11-17 02:50:39 - [TEST_STEP][PASSED] - click(fitForm): Object: 'fitForm' is clicked on

2019-11-17 02:50:39 - [MESSAGE][PASSED] - Object: 'fitForm' is clicked on

2019-11-17 02:50:39 - [TEST_STEP][PASSED] - delay(3): Delayed 3 second(s)

2019-11-17 02:50:42 - [MESSAGE][PASSED] - Delayed 3 second(s)

2019-11-17 02:50:42 - [TEST_STEP][PASSED] - fitForm = UtilityMethods.createTestObject("fitForm", "//h3[text()='", titleList.get(i), "']/parent::div//span[@class='dressText dressTextNonSelected' and text()='", sizeList.get(i), "']"): null

2019-11-17 02:50:42 - [TEST_STEP][PASSED] - click(fitForm): Object: 'fitForm' is clicked on

2019-11-17 02:50:43 - [MESSAGE][PASSED] - Object: 'fitForm' is clicked on

2019-11-17 02:50:43 - [TEST_STEP][PASSED] - delay(3): Delayed 3 second(s)

2019-11-17 02:50:46 - [MESSAGE][PASSED] - Delayed 3 second(s)

2019-11-17 02:50:46 - [TEST_STEP][PASSED] - fitForm = UtilityMethods.createTestObject("fitForm", "//h3[text()='", titleList.get(i), "']/parent::div//span[@class='dressText dressTextNonSelected' and text()='", sizeList.get(i), "']"): null

2019-11-17 02:50:46 - [TEST_STEP][PASSED] - click(fitForm): Object: 'fitForm' is clicked on

2019-11-17 02:50:46 - [MESSAGE][PASSED] - Object: 'fitForm' is clicked on

2019-11-17 02:50:46 - [TEST_STEP][PASSED] - delay(3): Delayed 3 second(s)

2019-11-17 02:50:49 - [MESSAGE][PASSED] - Delayed 3 second(s)

2019-11-17 02:50:49 - [TEST_STEP][PASSED] - fitForm = UtilityMethods.createTestObject("fitForm", "//h3[text()='", titleList.get(i), "']/parent::div//span[@class='dressText dressTextNonSelected' and text()='", sizeList.get(i), "']"): null

2019-11-17 02:50:49 - [TEST_STEP][PASSED] - click(fitForm): Object: 'fitForm' is clicked on

2019-11-17 02:50:49 - [MESSAGE][PASSED] - Object: 'fitForm' is clicked on

2019-11-17 02:50:49 - [TEST_STEP][PASSED] - delay(3): Delayed 3 second(s)

2019-11-17 02:50:52 - [MESSAGE][PASSED] - Delayed 3 second(s)

2019-11-17 02:50:52 - [TEST_STEP][PASSED] - fitForm = UtilityMethods.createTestObject("fitForm", "//h3[text()='", titleList.get(i), "']/parent::div//span[@class='dressText dressTextNonSelected' and text()='", sizeList.get(i), "']"): null

2019-11-17 02:50:52 - [TEST_STEP][PASSED] - click(fitForm): Object: 'fitForm' is clicked on

2019-11-17 02:50:52 - [MESSAGE][PASSED] - Object: 'fitForm' is clicked on

2019-11-17 02:50:52 - [TEST_STEP][PASSED] - delay(3): Delayed 3 second(s)

2019-11-17 02:50:55 - [MESSAGE][PASSED] - Delayed 3 second(s)

2019-11-17 02:50:55 - [TEST_STEP][PASSED] - fitForm = UtilityMethods.createTestObject("fitForm", "//h3[text()='", titleList.get(i), "']/parent::div//span[@class='dressText dressTextNonSelected' and text()='", sizeList.get(i), "']"): null

2019-11-17 02:50:55 - [TEST_STEP][PASSED] - click(fitForm): Object: 'fitForm' is clicked on

2019-11-17 02:50:55 - [MESSAGE][PASSED] - Object: 'fitForm' is clicked on

2019-11-17 02:50:55 - [TEST_STEP][PASSED] - delay(3): Delayed 3 second(s)

2019-11-17 02:50:58 - [MESSAGE][PASSED] - Delayed 3 second(s)

2019-11-17 02:50:58 - [TEST_STEP][PASSED] - fitForm = UtilityMethods.createTestObject("fitForm", "//h3[text()='", titleList.get(i), "']/parent::div//span[@class='dressText dressTextNonSelected' and text()='", sizeList.get(i), "']"): null

2019-11-17 02:50:58 - [TEST_STEP][PASSED] - click(fitForm): Object: 'fitForm' is clicked on

2019-11-17 02:50:58 - [MESSAGE][PASSED] - Object: 'fitForm' is clicked on

2019-11-17 02:50:58 - [TEST_STEP][PASSED] - delay(3): Delayed 3 second(s)

2019-11-17 02:51:01 - [MESSAGE][PASSED] - Delayed 3 second(s)

2019-11-17 02:51:01 - [TEST_STEP][PASSED] - fitForm = UtilityMethods.createTestObject("fitForm", "//h3[text()='", titleList.get(i), "']/parent::div//span[@class='dressText dressTextNonSelected' and text()='", sizeList.get(i), "']"): null

2019-11-17 02:51:01 - [TEST_STEP][PASSED] - click(fitForm): Object: 'fitForm' is clicked on

2019-11-17 02:51:01 - [MESSAGE][PASSED] - Object: 'fitForm' is clicked on

2019-11-17 02:51:01 - [TEST_STEP][PASSED] - delay(3): Delayed 3 second(s)

2019-11-17 02:51:04 - [MESSAGE][PASSED] - Delayed 3 second(s)

2019-11-17 02:51:04 - [TEST_STEP][PASSED] - fitForm = UtilityMethods.createTestObject("fitForm", "//h3[text()='", titleList.get(i), "']/parent::div//span[@class='dressText dressTextNonSelected' and text()='", sizeList.get(i), "']"): null

2019-11-17 02:51:04 - [TEST_STEP][PASSED] - click(fitForm): Object: 'fitForm' is clicked on

2019-11-17 02:51:04 - [MESSAGE][PASSED] - Object: 'fitForm' is clicked on

2019-11-17 02:51:04 - [TEST_STEP][PASSED] - delay(3): Delayed 3 second(s)

2019-11-17 02:51:07 - [MESSAGE][PASSED] - Delayed 3 second(s)

2019-11-17 02:51:07 - [TEST_STEP][PASSED] - fitForm = UtilityMethods.createTestObject("fitForm", "//h3[text()='", titleList.get(i), "']/parent::div//span[@class='dressText dressTextNonSelected' and text()='", sizeList.get(i), "']"): null

2019-11-17 02:51:07 - [TEST_STEP][PASSED] - click(fitForm): Object: 'fitForm' is clicked on

2019-11-17 02:51:07 - [MESSAGE][PASSED] - Object: 'fitForm' is clicked on

2019-11-17 02:51:07 - [TEST_STEP][PASSED] - delay(3): Delayed 3 second(s)

2019-11-17 02:51:10 - [MESSAGE][PASSED] - Delayed 3 second(s)

2019-11-17 02:51:10 - [TEST_STEP][PASSED] - fitForm = UtilityMethods.createTestObject("fitForm", "//h3[text()='", titleList.get(i), "']/parent::div//span[@class='dressText dressTextNonSelected' and text()='", sizeList.get(i), "']"): null

2019-11-17 02:51:10 - [TEST_STEP][PASSED] - click(fitForm): Object: 'fitForm' is clicked on

2019-11-17 02:51:11 - [MESSAGE][PASSED] - Object: 'fitForm' is clicked on

2019-11-17 02:51:11 - [TEST_STEP][PASSED] - delay(3): Delayed 3 second(s)

2019-11-17 02:51:14 - [MESSAGE][PASSED] - Delayed 3 second(s)

2019-11-17 02:51:14 - [TEST_STEP][PASSED] - fitForm = UtilityMethods.createTestObject("fitForm", "//h3[text()='", titleList.get(i), "']/parent::div//span[@class='dressText dressTextNonSelected' and text()='", sizeList.get(i), "']"): null

2019-11-17 02:51:14 - [TEST_STEP][PASSED] - click(fitForm): Object: 'fitForm' is clicked on

2019-11-17 02:51:14 - [MESSAGE][PASSED] - Object: 'fitForm' is clicked on

2019-11-17 02:51:14 - [TEST_STEP][PASSED] - delay(3): Delayed 3 second(s)

2019-11-17 02:51:17 - [MESSAGE][PASSED] - Delayed 3 second(s)

2019-11-17 02:51:17 - [TEST_STEP][PASSED] - fitForm = UtilityMethods.createTestObject("fitForm", "//h3[text()='", titleList.get(i), "']/parent::div//span[@class='dressText dressTextNonSelected' and text()='", sizeList.get(i), "']"): null

2019-11-17 02:51:17 - [TEST_STEP][PASSED] - click(fitForm): Object: 'fitForm' is clicked on

2019-11-17 02:51:17 - [MESSAGE][PASSED] - Object: 'fitForm' is clicked on

2019-11-17 02:51:17 - [TEST_STEP][PASSED] - delay(3): Delayed 3 second(s)

2019-11-17 02:51:20 - [MESSAGE][PASSED] - Delayed 3 second(s)

2019-11-17 02:51:20 - [TEST_STEP][PASSED] - fitForm = UtilityMethods.createTestObject("fitForm", "//h3[text()='", titleList.get(i), "']/parent::div//span[@class='dressText dressTextNonSelected' and text()='", sizeList.get(i), "']"): null

2019-11-17 02:51:20 - [TEST_STEP][PASSED] - click(fitForm): Object: 'fitForm' is clicked on

2019-11-17 02:51:20 - [MESSAGE][PASSED] - Object: 'fitForm' is clicked on

2019-11-17 02:51:20 - [TEST_STEP][PASSED] - delay(3): Delayed 3 second(s)

2019-11-17 02:51:23 - [MESSAGE][PASSED] - Delayed 3 second(s)

2019-11-17 02:51:23 - [TEST_STEP][PASSED] - fitForm = UtilityMethods.createTestObject("fitForm", "//h3[text()='", titleList.get(i), "']/parent::div//span[@class='dressText dressTextNonSelected' and text()='", sizeList.get(i), "']"): null

2019-11-17 02:51:23 - [TEST_STEP][PASSED] - click(fitForm): Object: 'fitForm' is clicked on

2019-11-17 02:51:23 - [MESSAGE][PASSED] - Object: 'fitForm' is clicked on

2019-11-17 02:51:23 - [TEST_STEP][PASSED] - delay(3): Delayed 3 second(s)

2019-11-17 02:51:26 - [MESSAGE][PASSED] - Delayed 3 second(s)

2019-11-17 02:51:26 - [TEST_STEP][PASSED] - fitForm = UtilityMethods.createTestObject("fitForm", "//h3[text()='", titleList.get(i), "']/parent::div//span[@class='dressText dressTextNonSelected' and text()='", sizeList.get(i), "']"): null

2019-11-17 02:51:26 - [TEST_STEP][PASSED] - click(fitForm): Object: 'fitForm' is clicked on

2019-11-17 02:51:26 - [MESSAGE][PASSED] - Object: 'fitForm' is clicked on

2019-11-17 02:51:26 - [TEST_STEP][PASSED] - delay(3): Delayed 3 second(s)

2019-11-17 02:51:29 - [MESSAGE][PASSED] - Delayed 3 second(s)

2019-11-17 02:51:29 - [TEST_STEP][PASSED] - fitForm = UtilityMethods.createTestObject("fitForm", "//h3[text()='", titleList.get(i), "']/parent::div//span[@class='dressText dressTextNonSelected' and text()='", sizeList.get(i), "']"): null

2019-11-17 02:51:29 - [TEST_STEP][PASSED] - click(fitForm): Object: 'fitForm' is clicked on

2019-11-17 02:51:29 - [MESSAGE][PASSED] - Object: 'fitForm' is clicked on

2019-11-17 02:51:29 - [TEST_STEP][PASSED] - delay(3): Delayed 3 second(s)

2019-11-17 02:51:32 - [MESSAGE][PASSED] - Delayed 3 second(s)

2019-11-17 02:51:32 - [TEST_STEP][PASSED] - fitForm = UtilityMethods.createTestObject("fitForm", "//h3[text()='", titleList.get(i), "']/parent::div//span[@class='dressText dressTextNonSelected' and text()='", sizeList.get(i), "']"): null

2019-11-17 02:51:32 - [TEST_STEP][PASSED] - click(fitForm): Object: 'fitForm' is clicked on

2019-11-17 02:51:32 - [MESSAGE][PASSED] - Object: 'fitForm' is clicked on

2019-11-17 02:51:32 - [TEST_STEP][PASSED] - delay(3): Delayed 3 second(s)

2019-11-17 02:51:35 - [MESSAGE][PASSED] - Delayed 3 second(s)

2019-11-17 02:51:35 - [TEST_STEP][PASSED] - delay(5): Delayed 5 second(s)

2019-11-17 02:51:40 - [MESSAGE][PASSED] - Delayed 5 second(s)

2019-11-17 02:51:40 - [TEST_STEP][PASSED] - click(findTestObject("Object Repository/ReplicatedSite/rsNewUser/continueButtonStyleForm")): Object: 'Object Repository/ReplicatedSite/rsNewUser/continueButtonStyleForm' is clicked on

2019-11-17 02:51:40 - [MESSAGE][PASSED] - Object: 'Object Repository/ReplicatedSite/rsNewUser/continueButtonStyleForm' is clicked on

2019-11-17 02:51:40 - [TEST_STEP][PASSED] - delay(5): Delayed 5 second(s)

2019-11-17 02:51:45 - [MESSAGE][PASSED] - Delayed 5 second(s)

2019-11-17 02:51:45 - [TEST_STEP][PASSED] - contactNumber = 3: null

2019-11-17 02:51:45 - [TEST_STEP][PASSED] - address1 = findTestData("contactData").getValue("address1", contactNumber): null

2019-11-17 02:51:46 - [TEST_STEP][PASSED] - city = findTestData("contactData").getValue("city", contactNumber): null

2019-11-17 02:51:46 - [TEST_STEP][PASSED] - state = findTestData("contactData").getValue("state", contactNumber): null

2019-11-17 02:51:46 - [TEST_STEP][PASSED] - zip = findTestData("contactData").getValue("zip", contactNumber): null

2019-11-17 02:51:46 - [TEST_STEP][PASSED] - sendKeys(findTestObject("ReplicatedSite/rsNewUser/streetAddress1"), address1): Keys '974 BRAHMS CT' sent to object: 'Object Repository/ReplicatedSite/rsNewUser/streetAddress1'

2019-11-17 02:51:46 - [MESSAGE][PASSED] - Keys '974 BRAHMS CT' sent to object: 'Object Repository/ReplicatedSite/rsNewUser/streetAddress1'

2019-11-17 02:51:46 - [TEST_STEP][PASSED] - sendKeys(findTestObject("ReplicatedSite/rsNewUser/cityInfo"), city): Keys 'TROY' sent to object: 'Object Repository/ReplicatedSite/rsNewUser/cityInfo'

2019-11-17 02:51:46 - [MESSAGE][PASSED] - Keys 'TROY' sent to object: 'Object Repository/ReplicatedSite/rsNewUser/cityInfo'

2019-11-17 02:51:46 - [TEST_STEP][PASSED] - sendKeys(findTestObject("Object Repository/ReplicatedSite/rsNewUser/zipCode"), zip): Keys '48085' sent to object: 'Object Repository/ReplicatedSite/rsNewUser/zipCode'

2019-11-17 02:51:46 - [MESSAGE][PASSED] - Keys '48085' sent to object: 'Object Repository/ReplicatedSite/rsNewUser/zipCode'

2019-11-17 02:51:46 - [TEST_STEP][PASSED] - delay(3): Delayed 3 second(s)

2019-11-17 02:51:49 - [MESSAGE][PASSED] - Delayed 3 second(s)

2019-11-17 02:51:49 - [TEST_STEP][PASSED] - click(findTestObject("ReplicatedSite/rsNewUser/stateDropdownCaret")): Object: 'Object Repository/ReplicatedSite/rsNewUser/stateDropdownCaret' is clicked on

2019-11-17 02:51:49 - [MESSAGE][PASSED] - Object: 'Object Repository/ReplicatedSite/rsNewUser/stateDropdownCaret' is clicked on

2019-11-17 02:51:49 - [TEST_STEP][PASSED] - addressState = UtilityMethods.createTestObject("addressState", "//div[text()='", state, "']"): null

2019-11-17 02:51:49 - [TEST_STEP][PASSED] - click(addressState): Object: 'addressState' is clicked on

2019-11-17 02:51:49 - [MESSAGE][PASSED] - Object: 'addressState' is clicked on

2019-11-17 02:51:49 - [TEST_STEP][PASSED] - click(findTestObject("Object Repository/ReplicatedSite/rsNewUser/continueButtonStyleForm")): Object: 'Object Repository/ReplicatedSite/rsNewUser/continueButtonStyleForm' is clicked on

2019-11-17 02:51:50 - [MESSAGE][PASSED] - Object: 'Object Repository/ReplicatedSite/rsNewUser/continueButtonStyleForm' is clicked on

2019-11-17 02:51:50 - [TEST_STEP][PASSED] - delay(5): Delayed 5 second(s)

2019-11-17 02:51:55 - [MESSAGE][PASSED] - Delayed 5 second(s)

2019-11-17 02:51:55 - [TEST_STEP][PASSED] - click(findTestObject("Object Repository/ReplicatedSite/rsNewUser/profileDropdownButton")): Object: 'Object Repository/ReplicatedSite/rsNewUser/profileDropdownButton' is clicked on

2019-11-17 02:51:58 - [MESSAGE][PASSED] - Object: 'Object Repository/ReplicatedSite/rsNewUser/profileDropdownButton' is clicked on

2019-11-17 02:51:58 - [TEST_STEP][PASSED] - delay(5): Delayed 5 second(s)

2019-11-17 02:52:03 - [MESSAGE][PASSED] - Delayed 5 second(s)

2019-11-17 02:52:03 - [TEST_STEP][PASSED] - click(findTestObject("Object Repository/ReplicatedSite/rsNewUser/myProfileLink")): Object: 'Object Repository/ReplicatedSite/rsNewUser/myProfileLink' is clicked on

2019-11-17 02:52:18 - [MESSAGE][PASSED] - Object: 'Object Repository/ReplicatedSite/rsNewUser/myProfileLink' is clicked on

2019-11-17 02:52:18 - [TEST_STEP][PASSED] - delay(3): Delayed 3 second(s)

2019-11-17 02:52:21 - [MESSAGE][PASSED] - Delayed 3 second(s)

2019-11-17 02:52:21 - [TEST_STEP][PASSED] - click(findTestObject("ReplicatedSite/rsNewUser/styleSiderbarMenu")): Object: 'Object Repository/ReplicatedSite/rsNewUser/styleSiderbarMenu' is clicked on

2019-11-17 02:52:21 - [MESSAGE][PASSED] - Object: 'Object Repository/ReplicatedSite/rsNewUser/styleSiderbarMenu' is clicked on

2019-11-17 02:52:21 - [TEST_STEP][PASSED] - click(findTestObject("ReplicatedSite/rsNewUser/dressOftenOption2")): Object: 'Object Repository/ReplicatedSite/rsNewUser/dressOftenOption2' is clicked on

2019-11-17 02:52:23 - [MESSAGE][PASSED] - Object: 'Object Repository/ReplicatedSite/rsNewUser/dressOftenOption2' is clicked on

2019-11-17 02:52:23 - [TEST_STEP][PASSED] - click(findTestObject("ReplicatedSite/rsNewUser/dressStyle2")): Object: 'Object Repository/ReplicatedSite/rsNewUser/dressStyle2' is clicked on

2019-11-17 02:52:23 - [MESSAGE][PASSED] - Object: 'Object Repository/ReplicatedSite/rsNewUser/dressStyle2' is clicked on

2019-11-17 02:52:23 - [TEST_STEP][PASSED] - click(findTestObject("ReplicatedSite/rsNewUser/saveButton")): Object: 'Object Repository/ReplicatedSite/rsNewUser/saveButton' is clicked on

2019-11-17 02:52:23 - [MESSAGE][PASSED] - Object: 'Object Repository/ReplicatedSite/rsNewUser/saveButton' is clicked on

2019-11-17 02:52:23 - [TEST_STEP][PASSED] - verifyElementText(findTestObject("ReplicatedSite/rsNewUser/changesSaved"), "Your changes have been saved."): Actual text and expected text of test object 'Object Repository/ReplicatedSite/rsNewUser/changesSaved' are matched.

2019-11-17 02:52:23 - [MESSAGE][PASSED] - Actual text and expected text of test object 'Object Repository/ReplicatedSite/rsNewUser/changesSaved' are matched.

2019-11-17 02:52:23 - [TEST_STEP][PASSED] - delay(5): Delayed 5 second(s)

2019-11-17 02:52:28 - [MESSAGE][PASSED] - Delayed 5 second(s)

2019-11-17 02:52:28 - [TEST_STEP][PASSED] - executor.executeScript("arguments[0].click();", findWebElement(findTestObject("ReplicatedSite/rsNewUser/sizeAndMeasurementsTab"), 5)): null

2019-11-17 02:52:28 - [TEST_STEP][PASSED] - executor.executeScript("arguments[0].click();", findWebElement(findTestObject("ReplicatedSite/rsNewUser/editBustSize"), 5)): null

2019-11-17 02:52:30 - [TEST_STEP][PASSED] - editSizeList = new java.util.ArrayList(): null

2019-11-17 02:52:30 - [TEST_STEP][PASSED] - editSizeList.add("35"): null

2019-11-17 02:52:30 - [TEST_STEP][PASSED] - editSizeList.add("30"): null

2019-11-17 02:52:30 - [TEST_STEP][PASSED] - editSizeList.add("36"): null

2019-11-17 02:52:30 - [TEST_STEP][PASSED] - editSizeList.add("32"): null

2019-11-17 02:52:30 - [TEST_STEP][PASSED] - editSizeList.add("Extra Large"): null

2019-11-17 02:52:30 - [TEST_STEP][PASSED] - editSizeList.add("Medium"): null

2019-11-17 02:52:30 - [TEST_STEP][PASSED] - editSizeList.add("Regular"): null

2019-11-17 02:52:30 - [TEST_STEP][PASSED] - editSizeList.add("Extra Large"): null

2019-11-17 02:52:30 - [TEST_STEP][PASSED] - editSizeList.add("10"): null

2019-11-17 02:52:30 - [TEST_STEP][PASSED] - editStyleList = new java.util.ArrayList(): null

2019-11-17 02:52:30 - [TEST_STEP][PASSED] - editStyleList.add("Bust Sizes:"): null

2019-11-17 02:52:30 - [TEST_STEP][PASSED] - editStyleList.add("Waist Sizes:"): null

2019-11-17 02:52:30 - [TEST_STEP][PASSED] - editStyleList.add("Hip Sizes:"): null

2019-11-17 02:52:30 - [TEST_STEP][PASSED] - editStyleList.add("Inseam Sizes:"): null

2019-11-17 02:52:30 - [TEST_STEP][PASSED] - editStyleList.add("Top Sizes:"): null

2019-11-17 02:52:30 - [TEST_STEP][PASSED] - editStyleList.add("Trouser Sizes:"): null

2019-11-17 02:52:30 - [TEST_STEP][PASSED] - editStyleList.add("Trouser Length:"): null

2019-11-17 02:52:30 - [TEST_STEP][PASSED] - editStyleList.add("Skirt Sizes:"): null

2019-11-17 02:52:30 - [TEST_STEP][PASSED] - editStyleList.add("Dress Sizes:"): null

2019-11-17 02:52:30 - [TEST_STEP][PASSED] - editStyleList.add("Shoe Sizes:"): null

2019-11-17 02:52:30 - [TEST_STEP][FAILED] - for ([i = 0, i < editStyleList.size(), (i++)]): for ([i = 0, i < editStyleList.size(), (i++)]) FAILED.
Reason:
com.kms.katalon.core.exception.StepFailedException: Unable to click on object 'editStyleForm'
	at com.kms.katalon.core.webui.keyword.internal.WebUIKeywordMain.stepFailed(WebUIKeywordMain.groovy:64)
	at com.kms.katalon.core.webui.keyword.internal.WebUIKeywordMain.runKeyword(WebUIKeywordMain.groovy:26)
	at com.kms.katalon.core.webui.keyword.builtin.ClickKeyword.click(ClickKeyword.groovy:86)
	at com.kms.katalon.core.webui.keyword.builtin.ClickKeyword.execute(ClickKeyword.groovy:67)
	at com.kms.katalon.core.keyword.internal.KeywordExecutor.executeKeywordForPlatform(KeywordExecutor.groovy:56)
	at com.kms.katalon.core.webui.keyword.WebUiBuiltInKeywords.click(WebUiBuiltInKeywords.groovy:616)
	at com.kms.katalon.core.webui.keyword.WebUiBuiltInKeywords$click$3.call(Unknown Source)
	at newUserRegistrationRS.run(newUserRegistrationRS:327)
	at com.kms.katalon.core.main.ScriptEngine.run(ScriptEngine.java:194)
	at com.kms.katalon.core.main.ScriptEngine.runScriptAsRawText(ScriptEngine.java:119)
	at com.kms.katalon.core.main.TestCaseExecutor.runScript(TestCaseExecutor.java:342)
	at com.kms.katalon.core.main.TestCaseExecutor.doExecute(TestCaseExecutor.java:333)
	at com.kms.katalon.core.main.TestCaseExecutor.processExecutionPhase(TestCaseExecutor.java:312)
	at com.kms.katalon.core.main.TestCaseExecutor.accessMainPhase(TestCaseExecutor.java:304)
	at com.kms.katalon.core.main.TestCaseExecutor.execute(TestCaseExecutor.java:238)
	at com.kms.katalon.core.main.TestSuiteExecutor.accessTestCaseMainPhase(TestSuiteExecutor.java:129)
	at com.kms.katalon.core.main.TestSuiteExecutor.accessTestSuiteMainPhase(TestSuiteExecutor.java:112)
	at com.kms.katalon.core.main.TestSuiteExecutor.execute(TestSuiteExecutor.java:81)
	at com.kms.katalon.core.main.TestCaseMain.startTestSuite(TestCaseMain.java:157)
	at com.kms.katalon.core.main.TestCaseMain$startTestSuite$0.call(Unknown Source)
	at TempTestSuite1573939147633.run(TempTestSuite1573939147633.groovy:35)
Caused by: org.openqa.selenium.ElementClickInterceptedException: element click intercepted: Element <div _ngcontent-jmy-c39="" class="drop-text">...</div> is not clickable at point (721, 11). Other element would receive the click: <div _ngcontent-jmy-c5="" class="loader-fullscreen">...</div>
  (Session info: chrome=78.0.3904.97)
Build info: version: '3.7.1', revision: '8a0099a', time: '2017-11-06T21:07:36.161Z'
System info: host: 'NIVEDITA', ip: '192.168.43.31', os.name: 'Windows 8.1', os.arch: 'amd64', os.version: '6.3', java.version: '1.8.0_181'
Driver info: com.kms.katalon.selenium.driver.CChromeDriver
Capabilities {acceptInsecureCerts: false, browserName: chrome, browserVersion: 78.0.3904.97, chrome: {chromedriverVersion: 78.0.3904.70 (edb9c9f3de024..., userDataDir: C:\Users\user\AppData\Local...}, goog:chromeOptions: {debuggerAddress: localhost:51263}, javascriptEnabled: true, networkConnectionEnabled: false, pageLoadStrategy: normal, platform: XP, platformName: XP, proxy: Proxy(direct), setWindowRect: true, strictFileInteractability: false, timeouts: {implicit: 0, pageLoad: 300000, script: 30000}, unhandledPromptBehavior: dismiss and notify}
Session ID: 64d3df25a42a8088979cb0937c084c39
	at org.openqa.selenium.remote.http.W3CHttpResponseCodec.createException(W3CHttpResponseCodec.java:187)
	at org.openqa.selenium.remote.http.W3CHttpResponseCodec.decode(W3CHttpResponseCodec.java:122)
	at org.openqa.selenium.remote.http.W3CHttpResponseCodec.decode(W3CHttpResponseCodec.java:49)
	at org.openqa.selenium.remote.HttpCommandExecutor.execute(HttpCommandExecutor.java:164)
	at org.openqa.selenium.remote.service.DriverCommandExecutor.execute(DriverCommandExecutor.java:83)
	at org.openqa.selenium.remote.RemoteWebDriver.execute(RemoteWebDriver.java:600)
	at com.kms.katalon.selenium.driver.CChromeDriver.execute(CChromeDriver.java:20)
	at org.openqa.selenium.remote.RemoteWebElement.execute(RemoteWebElement.java:279)
	at org.openqa.selenium.remote.RemoteWebElement.click(RemoteWebElement.java:83)
	at com.kms.katalon.core.webui.keyword.builtin.ClickKeyword$_click_closure1.doCall(ClickKeyword.groovy:79)
	at com.kms.katalon.core.webui.keyword.builtin.ClickKeyword$_click_closure1.call(ClickKeyword.groovy)
	at com.kms.katalon.core.webui.keyword.internal.WebUIKeywordMain.runKeyword(WebUIKeywordMain.groovy:20)
	at com.kms.katalon.core.webui.keyword.builtin.ClickKeyword.click(ClickKeyword.groovy:86)
	at com.kms.katalon.core.webui.keyword.builtin.ClickKeyword.execute(ClickKeyword.groovy:67)
	at com.kms.katalon.core.keyword.internal.KeywordExecutor.executeKeywordForPlatform(KeywordExecutor.groovy:56)
	at com.kms.katalon.core.webui.keyword.WebUiBuiltInKeywords.click(WebUiBuiltInKeywords.groovy:616)
	at com.kms.katalon.core.webui.keyword.WebUiBuiltInKeywords$click$3.call(Unknown Source)
	at Script1564758359451.run(Script1564758359451.groovy:327)
	... 13 more


2019-11-17 02:52:30 - [TEST_STEP][PASSED] - editStyleForm = UtilityMethods.createTestObject("editStyleForm", "//span[text()='", editStyleList.get(i), "']/parent::div/following-sibling::div//div[@class='drop-text' and text()='", editSizeList.get(i), "']"): null

2019-11-17 02:52:30 - [TEST_STEP][FAILED] - click(editStyleForm): for ([i = 0, i < editStyleList.size(), (i++)]) FAILED.
Reason:
com.kms.katalon.core.exception.StepFailedException: Unable to click on object 'editStyleForm'
	at com.kms.katalon.core.webui.keyword.internal.WebUIKeywordMain.stepFailed(WebUIKeywordMain.groovy:64)
	at com.kms.katalon.core.webui.keyword.internal.WebUIKeywordMain.runKeyword(WebUIKeywordMain.groovy:26)
	at com.kms.katalon.core.webui.keyword.builtin.ClickKeyword.click(ClickKeyword.groovy:86)
	at com.kms.katalon.core.webui.keyword.builtin.ClickKeyword.execute(ClickKeyword.groovy:67)
	at com.kms.katalon.core.keyword.internal.KeywordExecutor.executeKeywordForPlatform(KeywordExecutor.groovy:56)
	at com.kms.katalon.core.webui.keyword.WebUiBuiltInKeywords.click(WebUiBuiltInKeywords.groovy:616)
	at com.kms.katalon.core.webui.keyword.WebUiBuiltInKeywords$click$3.call(Unknown Source)
	at newUserRegistrationRS.run(newUserRegistrationRS:327)
	at com.kms.katalon.core.main.ScriptEngine.run(ScriptEngine.java:194)
	at com.kms.katalon.core.main.ScriptEngine.runScriptAsRawText(ScriptEngine.java:119)
	at com.kms.katalon.core.main.TestCaseExecutor.runScript(TestCaseExecutor.java:342)
	at com.kms.katalon.core.main.TestCaseExecutor.doExecute(TestCaseExecutor.java:333)
	at com.kms.katalon.core.main.TestCaseExecutor.processExecutionPhase(TestCaseExecutor.java:312)
	at com.kms.katalon.core.main.TestCaseExecutor.accessMainPhase(TestCaseExecutor.java:304)
	at com.kms.katalon.core.main.TestCaseExecutor.execute(TestCaseExecutor.java:238)
	at com.kms.katalon.core.main.TestSuiteExecutor.accessTestCaseMainPhase(TestSuiteExecutor.java:129)
	at com.kms.katalon.core.main.TestSuiteExecutor.accessTestSuiteMainPhase(TestSuiteExecutor.java:112)
	at com.kms.katalon.core.main.TestSuiteExecutor.execute(TestSuiteExecutor.java:81)
	at com.kms.katalon.core.main.TestCaseMain.startTestSuite(TestCaseMain.java:157)
	at com.kms.katalon.core.main.TestCaseMain$startTestSuite$0.call(Unknown Source)
	at TempTestSuite1573939147633.run(TempTestSuite1573939147633.groovy:35)
Caused by: org.openqa.selenium.ElementClickInterceptedException: element click intercepted: Element <div _ngcontent-jmy-c39="" class="drop-text">...</div> is not clickable at point (721, 11). Other element would receive the click: <div _ngcontent-jmy-c5="" class="loader-fullscreen">...</div>
  (Session info: chrome=78.0.3904.97)
Build info: version: '3.7.1', revision: '8a0099a', time: '2017-11-06T21:07:36.161Z'
System info: host: 'NIVEDITA', ip: '192.168.43.31', os.name: 'Windows 8.1', os.arch: 'amd64', os.version: '6.3', java.version: '1.8.0_181'
Driver info: com.kms.katalon.selenium.driver.CChromeDriver
Capabilities {acceptInsecureCerts: false, browserName: chrome, browserVersion: 78.0.3904.97, chrome: {chromedriverVersion: 78.0.3904.70 (edb9c9f3de024..., userDataDir: C:\Users\user\AppData\Local...}, goog:chromeOptions: {debuggerAddress: localhost:51263}, javascriptEnabled: true, networkConnectionEnabled: false, pageLoadStrategy: normal, platform: XP, platformName: XP, proxy: Proxy(direct), setWindowRect: true, strictFileInteractability: false, timeouts: {implicit: 0, pageLoad: 300000, script: 30000}, unhandledPromptBehavior: dismiss and notify}
Session ID: 64d3df25a42a8088979cb0937c084c39
	at org.openqa.selenium.remote.http.W3CHttpResponseCodec.createException(W3CHttpResponseCodec.java:187)
	at org.openqa.selenium.remote.http.W3CHttpResponseCodec.decode(W3CHttpResponseCodec.java:122)
	at org.openqa.selenium.remote.http.W3CHttpResponseCodec.decode(W3CHttpResponseCodec.java:49)
	at org.openqa.selenium.remote.HttpCommandExecutor.execute(HttpCommandExecutor.java:164)
	at org.openqa.selenium.remote.service.DriverCommandExecutor.execute(DriverCommandExecutor.java:83)
	at org.openqa.selenium.remote.RemoteWebDriver.execute(RemoteWebDriver.java:600)
	at com.kms.katalon.selenium.driver.CChromeDriver.execute(CChromeDriver.java:20)
	at org.openqa.selenium.remote.RemoteWebElement.execute(RemoteWebElement.java:279)
	at org.openqa.selenium.remote.RemoteWebElement.click(RemoteWebElement.java:83)
	at com.kms.katalon.core.webui.keyword.builtin.ClickKeyword$_click_closure1.doCall(ClickKeyword.groovy:79)
	at com.kms.katalon.core.webui.keyword.builtin.ClickKeyword$_click_closure1.call(ClickKeyword.groovy)
	at com.kms.katalon.core.webui.keyword.internal.WebUIKeywordMain.runKeyword(WebUIKeywordMain.groovy:20)
	at com.kms.katalon.core.webui.keyword.builtin.ClickKeyword.click(ClickKeyword.groovy:86)
	at com.kms.katalon.core.webui.keyword.builtin.ClickKeyword.execute(ClickKeyword.groovy:67)
	at com.kms.katalon.core.keyword.internal.KeywordExecutor.executeKeywordForPlatform(KeywordExecutor.groovy:56)
	at com.kms.katalon.core.webui.keyword.WebUiBuiltInKeywords.click(WebUiBuiltInKeywords.groovy:616)
	at com.kms.katalon.core.webui.keyword.WebUiBuiltInKeywords$click$3.call(Unknown Source)
	at Script1564758359451.run(Script1564758359451.groovy:327)
	... 13 more


2019-11-17 02:52:31 - [MESSAGE][FAILED] - Unable to click on object 'editStyleForm' (Root cause: com.kms.katalon.core.exception.StepFailedException: Unable to click on object 'editStyleForm'
	at com.kms.katalon.core.webui.keyword.internal.WebUIKeywordMain.stepFailed(WebUIKeywordMain.groovy:64)
	at com.kms.katalon.core.webui.keyword.internal.WebUIKeywordMain.runKeyword(WebUIKeywordMain.groovy:26)
	at com.kms.katalon.core.webui.keyword.builtin.ClickKeyword.click(ClickKeyword.groovy:86)
	at com.kms.katalon.core.webui.keyword.builtin.ClickKeyword.execute(ClickKeyword.groovy:67)
	at com.kms.katalon.core.keyword.internal.KeywordExecutor.executeKeywordForPlatform(KeywordExecutor.groovy:56)
	at com.kms.katalon.core.webui.keyword.WebUiBuiltInKeywords.click(WebUiBuiltInKeywords.groovy:616)
	at com.kms.katalon.core.webui.keyword.WebUiBuiltInKeywords$click$3.call(Unknown Source)
	at newUserRegistrationRS.run(newUserRegistrationRS:327)
	at com.kms.katalon.core.main.ScriptEngine.run(ScriptEngine.java:194)
	at com.kms.katalon.core.main.ScriptEngine.runScriptAsRawText(ScriptEngine.java:119)
	at com.kms.katalon.core.main.TestCaseExecutor.runScript(TestCaseExecutor.java:342)
	at com.kms.katalon.core.main.TestCaseExecutor.doExecute(TestCaseExecutor.java:333)
	at com.kms.katalon.core.main.TestCaseExecutor.processExecutionPhase(TestCaseExecutor.java:312)
	at com.kms.katalon.core.main.TestCaseExecutor.accessMainPhase(TestCaseExecutor.java:304)
	at com.kms.katalon.core.main.TestCaseExecutor.execute(TestCaseExecutor.java:238)
	at com.kms.katalon.core.main.TestSuiteExecutor.accessTestCaseMainPhase(TestSuiteExecutor.java:129)
	at com.kms.katalon.core.main.TestSuiteExecutor.accessTestSuiteMainPhase(TestSuiteExecutor.java:112)
	at com.kms.katalon.core.main.TestSuiteExecutor.execute(TestSuiteExecutor.java:81)
	at com.kms.katalon.core.main.TestCaseMain.startTestSuite(TestCaseMain.java:157)
	at com.kms.katalon.core.main.TestCaseMain$startTestSuite$0.call(Unknown Source)
	at TempTestSuite1573939147633.run(TempTestSuite1573939147633.groovy:35)
Caused by: org.openqa.selenium.ElementClickInterceptedException: element click intercepted: Element <div _ngcontent-jmy-c39="" class="drop-text">...</div> is not clickable at point (721, 11). Other element would receive the click: <div _ngcontent-jmy-c5="" class="loader-fullscreen">...</div>
  (Session info: chrome=78.0.3904.97)
Build info: version: '3.7.1', revision: '8a0099a', time: '2017-11-06T21:07:36.161Z'
System info: host: 'NIVEDITA', ip: '192.168.43.31', os.name: 'Windows 8.1', os.arch: 'amd64', os.version: '6.3', java.version: '1.8.0_181'
Driver info: com.kms.katalon.selenium.driver.CChromeDriver
Capabilities {acceptInsecureCerts: false, browserName: chrome, browserVersion: 78.0.3904.97, chrome: {chromedriverVersion: 78.0.3904.70 (edb9c9f3de024..., userDataDir: C:\Users\user\AppData\Local...}, goog:chromeOptions: {debuggerAddress: localhost:51263}, javascriptEnabled: true, networkConnectionEnabled: false, pageLoadStrategy: normal, platform: XP, platformName: XP, proxy: Proxy(direct), setWindowRect: true, strictFileInteractability: false, timeouts: {implicit: 0, pageLoad: 300000, script: 30000}, unhandledPromptBehavior: dismiss and notify}
Session ID: 64d3df25a42a8088979cb0937c084c39
	at org.openqa.selenium.remote.http.W3CHttpResponseCodec.createException(W3CHttpResponseCodec.java:187)
	at org.openqa.selenium.remote.http.W3CHttpResponseCodec.decode(W3CHttpResponseCodec.java:122)
	at org.openqa.selenium.remote.http.W3CHttpResponseCodec.decode(W3CHttpResponseCodec.java:49)
	at org.openqa.selenium.remote.HttpCommandExecutor.execute(HttpCommandExecutor.java:164)
	at org.openqa.selenium.remote.service.DriverCommandExecutor.execute(DriverCommandExecutor.java:83)
	at org.openqa.selenium.remote.RemoteWebDriver.execute(RemoteWebDriver.java:600)
	at com.kms.katalon.selenium.driver.CChromeDriver.execute(CChromeDriver.java:20)
	at org.openqa.selenium.remote.RemoteWebElement.execute(RemoteWebElement.java:279)
	at org.openqa.selenium.remote.RemoteWebElement.click(RemoteWebElement.java:83)
	at com.kms.katalon.core.webui.keyword.builtin.ClickKeyword$_click_closure1.doCall(ClickKeyword.groovy:79)
	at com.kms.katalon.core.webui.keyword.builtin.ClickKeyword$_click_closure1.call(ClickKeyword.groovy)
	at com.kms.katalon.core.webui.keyword.internal.WebUIKeywordMain.runKeyword(WebUIKeywordMain.groovy:20)
	at com.kms.katalon.core.webui.keyword.builtin.ClickKeyword.click(ClickKeyword.groovy:86)
	at com.kms.katalon.core.webui.keyword.builtin.ClickKeyword.execute(ClickKeyword.groovy:67)
	at com.kms.katalon.core.keyword.internal.KeywordExecutor.executeKeywordForPlatform(KeywordExecutor.groovy:56)
	at com.kms.katalon.core.webui.keyword.WebUiBuiltInKeywords.click(WebUiBuiltInKeywords.groovy:616)
	at com.kms.katalon.core.webui.keyword.WebUiBuiltInKeywords$click$3.call(Unknown Source)
	at Script1564758359451.run(Script1564758359451.groovy:327)
	... 13 more
)
[[ATTACHMENT|C:\\Users\\user\\Documents\\testautomation\\KatalonProjects\\Reports\\VirtualShowSuites\\DashboardSuite\\20191117_024907\\1573939350472.png]]

2019-11-17 02:52:31 - [MESSAGE][FAILED] - for ([i = 0, i < editStyleList.size(), (i++)]) FAILED.
Reason:
com.kms.katalon.core.exception.StepFailedException: Unable to click on object 'editStyleForm'
	at com.kms.katalon.core.webui.keyword.internal.WebUIKeywordMain.stepFailed(WebUIKeywordMain.groovy:64)
	at com.kms.katalon.core.webui.keyword.internal.WebUIKeywordMain.runKeyword(WebUIKeywordMain.groovy:26)
	at com.kms.katalon.core.webui.keyword.builtin.ClickKeyword.click(ClickKeyword.groovy:86)
	at com.kms.katalon.core.webui.keyword.builtin.ClickKeyword.execute(ClickKeyword.groovy:67)
	at com.kms.katalon.core.keyword.internal.KeywordExecutor.executeKeywordForPlatform(KeywordExecutor.groovy:56)
	at com.kms.katalon.core.webui.keyword.WebUiBuiltInKeywords.click(WebUiBuiltInKeywords.groovy:616)
	at com.kms.katalon.core.webui.keyword.WebUiBuiltInKeywords$click$3.call(Unknown Source)
	at newUserRegistrationRS.run(newUserRegistrationRS:327)
	at com.kms.katalon.core.main.ScriptEngine.run(ScriptEngine.java:194)
	at com.kms.katalon.core.main.ScriptEngine.runScriptAsRawText(ScriptEngine.java:119)
	at com.kms.katalon.core.main.TestCaseExecutor.runScript(TestCaseExecutor.java:342)
	at com.kms.katalon.core.main.TestCaseExecutor.doExecute(TestCaseExecutor.java:333)
	at com.kms.katalon.core.main.TestCaseExecutor.processExecutionPhase(TestCaseExecutor.java:312)
	at com.kms.katalon.core.main.TestCaseExecutor.accessMainPhase(TestCaseExecutor.java:304)
	at com.kms.katalon.core.main.TestCaseExecutor.execute(TestCaseExecutor.java:238)
	at com.kms.katalon.core.main.TestSuiteExecutor.accessTestCaseMainPhase(TestSuiteExecutor.java:129)
	at com.kms.katalon.core.main.TestSuiteExecutor.accessTestSuiteMainPhase(TestSuiteExecutor.java:112)
	at com.kms.katalon.core.main.TestSuiteExecutor.execute(TestSuiteExecutor.java:81)
	at com.kms.katalon.core.main.TestCaseMain.startTestSuite(TestCaseMain.java:157)
	at com.kms.katalon.core.main.TestCaseMain$startTestSuite$0.call(Unknown Source)
	at TempTestSuite1573939147633.run(TempTestSuite1573939147633.groovy:35)
Caused by: org.openqa.selenium.ElementClickInterceptedException: element click intercepted: Element <div _ngcontent-jmy-c39="" class="drop-text">...</div> is not clickable at point (721, 11). Other element would receive the click: <div _ngcontent-jmy-c5="" class="loader-fullscreen">...</div>
  (Session info: chrome=78.0.3904.97)
Build info: version: '3.7.1', revision: '8a0099a', time: '2017-11-06T21:07:36.161Z'
System info: host: 'NIVEDITA', ip: '192.168.43.31', os.name: 'Windows 8.1', os.arch: 'amd64', os.version: '6.3', java.version: '1.8.0_181'
Driver info: com.kms.katalon.selenium.driver.CChromeDriver
Capabilities {acceptInsecureCerts: false, browserName: chrome, browserVersion: 78.0.3904.97, chrome: {chromedriverVersion: 78.0.3904.70 (edb9c9f3de024..., userDataDir: C:\Users\user\AppData\Local...}, goog:chromeOptions: {debuggerAddress: localhost:51263}, javascriptEnabled: true, networkConnectionEnabled: false, pageLoadStrategy: normal, platform: XP, platformName: XP, proxy: Proxy(direct), setWindowRect: true, strictFileInteractability: false, timeouts: {implicit: 0, pageLoad: 300000, script: 30000}, unhandledPromptBehavior: dismiss and notify}
Session ID: 64d3df25a42a8088979cb0937c084c39
	at org.openqa.selenium.remote.http.W3CHttpResponseCodec.createException(W3CHttpResponseCodec.java:187)
	at org.openqa.selenium.remote.http.W3CHttpResponseCodec.decode(W3CHttpResponseCodec.java:122)
	at org.openqa.selenium.remote.http.W3CHttpResponseCodec.decode(W3CHttpResponseCodec.java:49)
	at org.openqa.selenium.remote.HttpCommandExecutor.execute(HttpCommandExecutor.java:164)
	at org.openqa.selenium.remote.service.DriverCommandExecutor.execute(DriverCommandExecutor.java:83)
	at org.openqa.selenium.remote.RemoteWebDriver.execute(RemoteWebDriver.java:600)
	at com.kms.katalon.selenium.driver.CChromeDriver.execute(CChromeDriver.java:20)
	at org.openqa.selenium.remote.RemoteWebElement.execute(RemoteWebElement.java:279)
	at org.openqa.selenium.remote.RemoteWebElement.click(RemoteWebElement.java:83)
	at com.kms.katalon.core.webui.keyword.builtin.ClickKeyword$_click_closure1.doCall(ClickKeyword.groovy:79)
	at com.kms.katalon.core.webui.keyword.builtin.ClickKeyword$_click_closure1.call(ClickKeyword.groovy)
	at com.kms.katalon.core.webui.keyword.internal.WebUIKeywordMain.runKeyword(WebUIKeywordMain.groovy:20)
	at com.kms.katalon.core.webui.keyword.builtin.ClickKeyword.click(ClickKeyword.groovy:86)
	at com.kms.katalon.core.webui.keyword.builtin.ClickKeyword.execute(ClickKeyword.groovy:67)
	at com.kms.katalon.core.keyword.internal.KeywordExecutor.executeKeywordForPlatform(KeywordExecutor.groovy:56)
	at com.kms.katalon.core.webui.keyword.WebUiBuiltInKeywords.click(WebUiBuiltInKeywords.groovy:616)
	at com.kms.katalon.core.webui.keyword.WebUiBuiltInKeywords$click$3.call(Unknown Source)
	at Script1564758359451.run(Script1564758359451.groovy:327)
	... 13 more]]></system-out>
         <system-err><![CDATA[2019-11-17 02:49:11 - [TEST_CASE][FAILED] - Test Cases/VirtualShow/newUserRegistrationRS: Test Cases/VirtualShow/newUserRegistrationRS FAILED.
Reason:
com.kms.katalon.core.exception.StepFailedException: Unable to click on object 'editStyleForm'
	at com.kms.katalon.core.webui.keyword.internal.WebUIKeywordMain.stepFailed(WebUIKeywordMain.groovy:64)
	at com.kms.katalon.core.webui.keyword.internal.WebUIKeywordMain.runKeyword(WebUIKeywordMain.groovy:26)
	at com.kms.katalon.core.webui.keyword.builtin.ClickKeyword.click(ClickKeyword.groovy:86)
	at com.kms.katalon.core.webui.keyword.builtin.ClickKeyword.execute(ClickKeyword.groovy:67)
	at com.kms.katalon.core.keyword.internal.KeywordExecutor.executeKeywordForPlatform(KeywordExecutor.groovy:56)
	at com.kms.katalon.core.webui.keyword.WebUiBuiltInKeywords.click(WebUiBuiltInKeywords.groovy:616)
	at com.kms.katalon.core.webui.keyword.WebUiBuiltInKeywords$click$3.call(Unknown Source)
	at newUserRegistrationRS.run(newUserRegistrationRS:327)
	at com.kms.katalon.core.main.ScriptEngine.run(ScriptEngine.java:194)
	at com.kms.katalon.core.main.ScriptEngine.runScriptAsRawText(ScriptEngine.java:119)
	at com.kms.katalon.core.main.TestCaseExecutor.runScript(TestCaseExecutor.java:342)
	at com.kms.katalon.core.main.TestCaseExecutor.doExecute(TestCaseExecutor.java:333)
	at com.kms.katalon.core.main.TestCaseExecutor.processExecutionPhase(TestCaseExecutor.java:312)
	at com.kms.katalon.core.main.TestCaseExecutor.accessMainPhase(TestCaseExecutor.java:304)
	at com.kms.katalon.core.main.TestCaseExecutor.execute(TestCaseExecutor.java:238)
	at com.kms.katalon.core.main.TestSuiteExecutor.accessTestCaseMainPhase(TestSuiteExecutor.java:129)
	at com.kms.katalon.core.main.TestSuiteExecutor.accessTestSuiteMainPhase(TestSuiteExecutor.java:112)
	at com.kms.katalon.core.main.TestSuiteExecutor.execute(TestSuiteExecutor.java:81)
	at com.kms.katalon.core.main.TestCaseMain.startTestSuite(TestCaseMain.java:157)
	at com.kms.katalon.core.main.TestCaseMain$startTestSuite$0.call(Unknown Source)
	at TempTestSuite1573939147633.run(TempTestSuite1573939147633.groovy:35)
Caused by: org.openqa.selenium.ElementClickInterceptedException: element click intercepted: Element <div _ngcontent-jmy-c39="" class="drop-text">...</div> is not clickable at point (721, 11). Other element would receive the click: <div _ngcontent-jmy-c5="" class="loader-fullscreen">...</div>
  (Session info: chrome=78.0.3904.97)
Build info: version: '3.7.1', revision: '8a0099a', time: '2017-11-06T21:07:36.161Z'
System info: host: 'NIVEDITA', ip: '192.168.43.31', os.name: 'Windows 8.1', os.arch: 'amd64', os.version: '6.3', java.version: '1.8.0_181'
Driver info: com.kms.katalon.selenium.driver.CChromeDriver
Capabilities {acceptInsecureCerts: false, browserName: chrome, browserVersion: 78.0.3904.97, chrome: {chromedriverVersion: 78.0.3904.70 (edb9c9f3de024..., userDataDir: C:\Users\user\AppData\Local...}, goog:chromeOptions: {debuggerAddress: localhost:51263}, javascriptEnabled: true, networkConnectionEnabled: false, pageLoadStrategy: normal, platform: XP, platformName: XP, proxy: Proxy(direct), setWindowRect: true, strictFileInteractability: false, timeouts: {implicit: 0, pageLoad: 300000, script: 30000}, unhandledPromptBehavior: dismiss and notify}
Session ID: 64d3df25a42a8088979cb0937c084c39
	at org.openqa.selenium.remote.http.W3CHttpResponseCodec.createException(W3CHttpResponseCodec.java:187)
	at org.openqa.selenium.remote.http.W3CHttpResponseCodec.decode(W3CHttpResponseCodec.java:122)
	at org.openqa.selenium.remote.http.W3CHttpResponseCodec.decode(W3CHttpResponseCodec.java:49)
	at org.openqa.selenium.remote.HttpCommandExecutor.execute(HttpCommandExecutor.java:164)
	at org.openqa.selenium.remote.service.DriverCommandExecutor.execute(DriverCommandExecutor.java:83)
	at org.openqa.selenium.remote.RemoteWebDriver.execute(RemoteWebDriver.java:600)
	at com.kms.katalon.selenium.driver.CChromeDriver.execute(CChromeDriver.java:20)
	at org.openqa.selenium.remote.RemoteWebElement.execute(RemoteWebElement.java:279)
	at org.openqa.selenium.remote.RemoteWebElement.click(RemoteWebElement.java:83)
	at com.kms.katalon.core.webui.keyword.builtin.ClickKeyword$_click_closure1.doCall(ClickKeyword.groovy:79)
	at com.kms.katalon.core.webui.keyword.builtin.ClickKeyword$_click_closure1.call(ClickKeyword.groovy)
	at com.kms.katalon.core.webui.keyword.internal.WebUIKeywordMain.runKeyword(WebUIKeywordMain.groovy:20)
	at com.kms.katalon.core.webui.keyword.builtin.ClickKeyword.click(ClickKeyword.groovy:86)
	at com.kms.katalon.core.webui.keyword.builtin.ClickKeyword.execute(ClickKeyword.groovy:67)
	at com.kms.katalon.core.keyword.internal.KeywordExecutor.executeKeywordForPlatform(KeywordExecutor.groovy:56)
	at com.kms.katalon.core.webui.keyword.WebUiBuiltInKeywords.click(WebUiBuiltInKeywords.groovy:616)
	at com.kms.katalon.core.webui.keyword.WebUiBuiltInKeywords$click$3.call(Unknown Source)
	at Script1564758359451.run(Script1564758359451.groovy:327)
	... 13 more]]></system-err>
      </testcase>
      <system-out><![CDATA[2019-11-17 02:49:10 - [TEST_SUITE][FAILED] - DashboardSuite: Test Cases/VirtualShow/newUserRegistrationRS FAILED.
Reason:
com.kms.katalon.core.exception.StepFailedException: Unable to click on object 'editStyleForm'
	at com.kms.katalon.core.webui.keyword.internal.WebUIKeywordMain.stepFailed(WebUIKeywordMain.groovy:64)
	at com.kms.katalon.core.webui.keyword.internal.WebUIKeywordMain.runKeyword(WebUIKeywordMain.groovy:26)
	at com.kms.katalon.core.webui.keyword.builtin.ClickKeyword.click(ClickKeyword.groovy:86)
	at com.kms.katalon.core.webui.keyword.builtin.ClickKeyword.execute(ClickKeyword.groovy:67)
	at com.kms.katalon.core.keyword.internal.KeywordExecutor.executeKeywordForPlatform(KeywordExecutor.groovy:56)
	at com.kms.katalon.core.webui.keyword.WebUiBuiltInKeywords.click(WebUiBuiltInKeywords.groovy:616)
	at com.kms.katalon.core.webui.keyword.WebUiBuiltInKeywords$click$3.call(Unknown Source)
	at newUserRegistrationRS.run(newUserRegistrationRS:327)
	at com.kms.katalon.core.main.ScriptEngine.run(ScriptEngine.java:194)
	at com.kms.katalon.core.main.ScriptEngine.runScriptAsRawText(ScriptEngine.java:119)
	at com.kms.katalon.core.main.TestCaseExecutor.runScript(TestCaseExecutor.java:342)
	at com.kms.katalon.core.main.TestCaseExecutor.doExecute(TestCaseExecutor.java:333)
	at com.kms.katalon.core.main.TestCaseExecutor.processExecutionPhase(TestCaseExecutor.java:312)
	at com.kms.katalon.core.main.TestCaseExecutor.accessMainPhase(TestCaseExecutor.java:304)
	at com.kms.katalon.core.main.TestCaseExecutor.execute(TestCaseExecutor.java:238)
	at com.kms.katalon.core.main.TestSuiteExecutor.accessTestCaseMainPhase(TestSuiteExecutor.java:129)
	at com.kms.katalon.core.main.TestSuiteExecutor.accessTestSuiteMainPhase(TestSuiteExecutor.java:112)
	at com.kms.katalon.core.main.TestSuiteExecutor.execute(TestSuiteExecutor.java:81)
	at com.kms.katalon.core.main.TestCaseMain.startTestSuite(TestCaseMain.java:157)
	at com.kms.katalon.core.main.TestCaseMain$startTestSuite$0.call(Unknown Source)
	at TempTestSuite1573939147633.run(TempTestSuite1573939147633.groovy:35)
Caused by: org.openqa.selenium.ElementClickInterceptedException: element click intercepted: Element <div _ngcontent-jmy-c39="" class="drop-text">...</div> is not clickable at point (721, 11). Other element would receive the click: <div _ngcontent-jmy-c5="" class="loader-fullscreen">...</div>
  (Session info: chrome=78.0.3904.97)
Build info: version: '3.7.1', revision: '8a0099a', time: '2017-11-06T21:07:36.161Z'
System info: host: 'NIVEDITA', ip: '192.168.43.31', os.name: 'Windows 8.1', os.arch: 'amd64', os.version: '6.3', java.version: '1.8.0_181'
Driver info: com.kms.katalon.selenium.driver.CChromeDriver
Capabilities {acceptInsecureCerts: false, browserName: chrome, browserVersion: 78.0.3904.97, chrome: {chromedriverVersion: 78.0.3904.70 (edb9c9f3de024..., userDataDir: C:\Users\user\AppData\Local...}, goog:chromeOptions: {debuggerAddress: localhost:51263}, javascriptEnabled: true, networkConnectionEnabled: false, pageLoadStrategy: normal, platform: XP, platformName: XP, proxy: Proxy(direct), setWindowRect: true, strictFileInteractability: false, timeouts: {implicit: 0, pageLoad: 300000, script: 30000}, unhandledPromptBehavior: dismiss and notify}
Session ID: 64d3df25a42a8088979cb0937c084c39
	at org.openqa.selenium.remote.http.W3CHttpResponseCodec.createException(W3CHttpResponseCodec.java:187)
	at org.openqa.selenium.remote.http.W3CHttpResponseCodec.decode(W3CHttpResponseCodec.java:122)
	at org.openqa.selenium.remote.http.W3CHttpResponseCodec.decode(W3CHttpResponseCodec.java:49)
	at org.openqa.selenium.remote.HttpCommandExecutor.execute(HttpCommandExecutor.java:164)
	at org.openqa.selenium.remote.service.DriverCommandExecutor.execute(DriverCommandExecutor.java:83)
	at org.openqa.selenium.remote.RemoteWebDriver.execute(RemoteWebDriver.java:600)
	at com.kms.katalon.selenium.driver.CChromeDriver.execute(CChromeDriver.java:20)
	at org.openqa.selenium.remote.RemoteWebElement.execute(RemoteWebElement.java:279)
	at org.openqa.selenium.remote.RemoteWebElement.click(RemoteWebElement.java:83)
	at com.kms.katalon.core.webui.keyword.builtin.ClickKeyword$_click_closure1.doCall(ClickKeyword.groovy:79)
	at com.kms.katalon.core.webui.keyword.builtin.ClickKeyword$_click_closure1.call(ClickKeyword.groovy)
	at com.kms.katalon.core.webui.keyword.internal.WebUIKeywordMain.runKeyword(WebUIKeywordMain.groovy:20)
	at com.kms.katalon.core.webui.keyword.builtin.ClickKeyword.click(ClickKeyword.groovy:86)
	at com.kms.katalon.core.webui.keyword.builtin.ClickKeyword.execute(ClickKeyword.groovy:67)
	at com.kms.katalon.core.keyword.internal.KeywordExecutor.executeKeywordForPlatform(KeywordExecutor.groovy:56)
	at com.kms.katalon.core.webui.keyword.WebUiBuiltInKeywords.click(WebUiBuiltInKeywords.groovy:616)
	at com.kms.katalon.core.webui.keyword.WebUiBuiltInKeywords$click$3.call(Unknown Source)
	at Script1564758359451.run(Script1564758359451.groovy:327)
	... 13 more]]></system-out>
      <system-err><![CDATA[2019-11-17 02:49:10 - [TEST_SUITE][FAILED] - DashboardSuite: Test Cases/VirtualShow/newUserRegistrationRS FAILED.
Reason:
com.kms.katalon.core.exception.StepFailedException: Unable to click on object 'editStyleForm'
	at com.kms.katalon.core.webui.keyword.internal.WebUIKeywordMain.stepFailed(WebUIKeywordMain.groovy:64)
	at com.kms.katalon.core.webui.keyword.internal.WebUIKeywordMain.runKeyword(WebUIKeywordMain.groovy:26)
	at com.kms.katalon.core.webui.keyword.builtin.ClickKeyword.click(ClickKeyword.groovy:86)
	at com.kms.katalon.core.webui.keyword.builtin.ClickKeyword.execute(ClickKeyword.groovy:67)
	at com.kms.katalon.core.keyword.internal.KeywordExecutor.executeKeywordForPlatform(KeywordExecutor.groovy:56)
	at com.kms.katalon.core.webui.keyword.WebUiBuiltInKeywords.click(WebUiBuiltInKeywords.groovy:616)
	at com.kms.katalon.core.webui.keyword.WebUiBuiltInKeywords$click$3.call(Unknown Source)
	at newUserRegistrationRS.run(newUserRegistrationRS:327)
	at com.kms.katalon.core.main.ScriptEngine.run(ScriptEngine.java:194)
	at com.kms.katalon.core.main.ScriptEngine.runScriptAsRawText(ScriptEngine.java:119)
	at com.kms.katalon.core.main.TestCaseExecutor.runScript(TestCaseExecutor.java:342)
	at com.kms.katalon.core.main.TestCaseExecutor.doExecute(TestCaseExecutor.java:333)
	at com.kms.katalon.core.main.TestCaseExecutor.processExecutionPhase(TestCaseExecutor.java:312)
	at com.kms.katalon.core.main.TestCaseExecutor.accessMainPhase(TestCaseExecutor.java:304)
	at com.kms.katalon.core.main.TestCaseExecutor.execute(TestCaseExecutor.java:238)
	at com.kms.katalon.core.main.TestSuiteExecutor.accessTestCaseMainPhase(TestSuiteExecutor.java:129)
	at com.kms.katalon.core.main.TestSuiteExecutor.accessTestSuiteMainPhase(TestSuiteExecutor.java:112)
	at com.kms.katalon.core.main.TestSuiteExecutor.execute(TestSuiteExecutor.java:81)
	at com.kms.katalon.core.main.TestCaseMain.startTestSuite(TestCaseMain.java:157)
	at com.kms.katalon.core.main.TestCaseMain$startTestSuite$0.call(Unknown Source)
	at TempTestSuite1573939147633.run(TempTestSuite1573939147633.groovy:35)
Caused by: org.openqa.selenium.ElementClickInterceptedException: element click intercepted: Element <div _ngcontent-jmy-c39="" class="drop-text">...</div> is not clickable at point (721, 11). Other element would receive the click: <div _ngcontent-jmy-c5="" class="loader-fullscreen">...</div>
  (Session info: chrome=78.0.3904.97)
Build info: version: '3.7.1', revision: '8a0099a', time: '2017-11-06T21:07:36.161Z'
System info: host: 'NIVEDITA', ip: '192.168.43.31', os.name: 'Windows 8.1', os.arch: 'amd64', os.version: '6.3', java.version: '1.8.0_181'
Driver info: com.kms.katalon.selenium.driver.CChromeDriver
Capabilities {acceptInsecureCerts: false, browserName: chrome, browserVersion: 78.0.3904.97, chrome: {chromedriverVersion: 78.0.3904.70 (edb9c9f3de024..., userDataDir: C:\Users\user\AppData\Local...}, goog:chromeOptions: {debuggerAddress: localhost:51263}, javascriptEnabled: true, networkConnectionEnabled: false, pageLoadStrategy: normal, platform: XP, platformName: XP, proxy: Proxy(direct), setWindowRect: true, strictFileInteractability: false, timeouts: {implicit: 0, pageLoad: 300000, script: 30000}, unhandledPromptBehavior: dismiss and notify}
Session ID: 64d3df25a42a8088979cb0937c084c39
	at org.openqa.selenium.remote.http.W3CHttpResponseCodec.createException(W3CHttpResponseCodec.java:187)
	at org.openqa.selenium.remote.http.W3CHttpResponseCodec.decode(W3CHttpResponseCodec.java:122)
	at org.openqa.selenium.remote.http.W3CHttpResponseCodec.decode(W3CHttpResponseCodec.java:49)
	at org.openqa.selenium.remote.HttpCommandExecutor.execute(HttpCommandExecutor.java:164)
	at org.openqa.selenium.remote.service.DriverCommandExecutor.execute(DriverCommandExecutor.java:83)
	at org.openqa.selenium.remote.RemoteWebDriver.execute(RemoteWebDriver.java:600)
	at com.kms.katalon.selenium.driver.CChromeDriver.execute(CChromeDriver.java:20)
	at org.openqa.selenium.remote.RemoteWebElement.execute(RemoteWebElement.java:279)
	at org.openqa.selenium.remote.RemoteWebElement.click(RemoteWebElement.java:83)
	at com.kms.katalon.core.webui.keyword.builtin.ClickKeyword$_click_closure1.doCall(ClickKeyword.groovy:79)
	at com.kms.katalon.core.webui.keyword.builtin.ClickKeyword$_click_closure1.call(ClickKeyword.groovy)
	at com.kms.katalon.core.webui.keyword.internal.WebUIKeywordMain.runKeyword(WebUIKeywordMain.groovy:20)
	at com.kms.katalon.core.webui.keyword.builtin.ClickKeyword.click(ClickKeyword.groovy:86)
	at com.kms.katalon.core.webui.keyword.builtin.ClickKeyword.execute(ClickKeyword.groovy:67)
	at com.kms.katalon.core.keyword.internal.KeywordExecutor.executeKeywordForPlatform(KeywordExecutor.groovy:56)
	at com.kms.katalon.core.webui.keyword.WebUiBuiltInKeywords.click(WebUiBuiltInKeywords.groovy:616)
	at com.kms.katalon.core.webui.keyword.WebUiBuiltInKeywords$click$3.call(Unknown Source)
	at Script1564758359451.run(Script1564758359451.groovy:327)
	... 13 more]]></system-err>
   </testsuite>
</testsuites>
