<?xml version="1.0" encoding="UTF-8"?>
<testsuites name="DashboardSuite" time="643" tests="1" failures="0" errors="0">
   <testsuite name="DashboardSuite" tests="1" failures="0" errors="0" time="643" timestamp="2019-08-08 21:12:50" hostname="user - 10.0.102.200" id="Test Suites/VirtualShowSuites/DashboardSuite">
      <properties>
         <property name="deviceName" value=""/>
         <property name="devicePlatform" value=""/>
         <property name="logFolder" value="C:\\Users\\user\\Documents\\testautomation\\KatalonProjects\\Reports\\VirtualShowSuites\\DashboardSuite\\20190808_211247"/>
         <property name="logFiles" value="C:\\Users\\user\\Documents\\testautomation\\KatalonProjects\\Reports\\VirtualShowSuites\\DashboardSuite\\20190808_211247\\execution0.log"/>
         <property name="attachments" value=""/>
         <property name="hostName" value="user - 10.0.102.200"/>
         <property name="os" value="Windows 8.1 64bit"/>
         <property name="katalonVersion" value="6.1.1.1"/>
         <property name="browser" value="Chrome 76.0.3809.100"/>
         <property name="hostAddress" value="10.0.102.200"/>
         <property name="sessionId" value="3b42201126fbe4c900cfb3b51ee39159"/>
         <property name="seleniumVersion" value="3.7.1"/>
         <property name="proxyInformation" value="ProxyInformation{proxyOption=NO_PROXY, proxyServerType=HTTP, password=, proxyServerAddress=, proxyServerPort=0}"/>
         <property name="platform" value="Windows 8.1"/>
      </properties>
      <testcase name="Test Cases/VirtualShow/VS_Automation" classname="Test Cases/VirtualShow/VS_Automation" status="PASSED">
         <system-out><![CDATA[2019-08-08 21:12:50 - [TEST_CASE][PASSED] - Test Cases/VirtualShow/VS_Automation: Test Cases/VirtualShow/VS_Automation

2019-08-08 21:12:50 - [TEST_STEP][PASSED] - Start listener action : sampleBeforeTestCase: null

2019-08-08 21:12:50 - [TEST_STEP][PASSED] - println(testCaseContext.getTestCaseId()): null

2019-08-08 21:12:50 - [TEST_STEP][PASSED] - println(testCaseContext.getTestCaseVariables()): null

2019-08-08 21:12:51 - [TEST_STEP][PASSED] - dataFile = "micrositeData": null

2019-08-08 21:12:51 - [TEST_STEP][PASSED] - guest1Mail = findTestData(dataFile).getValue("guest1Mail", 1): null

2019-08-08 21:12:53 - [TEST_STEP][PASSED] - guest1Pass = findTestData(dataFile).getValue("guest1Pass", 1): null

2019-08-08 21:12:53 - [TEST_STEP][PASSED] - dataFile = "virtualShowData": null

2019-08-08 21:12:53 - [TEST_STEP][PASSED] - hostess = findTestData(dataFile).getValue("hostess", 1): null

2019-08-08 21:12:53 - [TEST_STEP][PASSED] - cohostess = findTestData(dataFile).getValue("cohostess", 1): null

2019-08-08 21:12:53 - [TEST_STEP][PASSED] - guest1 = findTestData(dataFile).getValue("guest1", 1): null

2019-08-08 21:12:53 - [TEST_STEP][PASSED] - guest2 = findTestData(dataFile).getValue("guest2", 1): null

2019-08-08 21:12:53 - [TEST_STEP][PASSED] - RSTestEnvt = findTestData("envtData").getValue("RSTestEnvt", 1): null

2019-08-08 21:12:53 - [TEST_STEP][PASSED] - BOURL = findTestData("envtData").getValue("BOURL", 1): null

2019-08-08 21:12:53 - [TEST_STEP][PASSED] - actualGuestList = new java.util.ArrayList(): null

2019-08-08 21:12:53 - [TEST_STEP][PASSED] - yesList = new java.util.ArrayList(): null

2019-08-08 21:12:53 - [TEST_STEP][PASSED] - noList = new java.util.ArrayList(): null

2019-08-08 21:12:53 - [TEST_STEP][PASSED] - maybeList = new java.util.ArrayList(): null

2019-08-08 21:12:53 - [TEST_STEP][PASSED] - noreplyList = new java.util.ArrayList(): null

2019-08-08 21:12:53 - [TEST_STEP][PASSED] - presentList = new java.util.ArrayList(): null

2019-08-08 21:12:53 - [TEST_STEP][PASSED] - allList = new java.util.ArrayList(): null

2019-08-08 21:12:53 - [TEST_STEP][PASSED] - callTestCase(findTestCase("VirtualShow/createShow"), ["testEnvt":"", "username":"", "password":"", "stylist":"", "hostess":"", "cohostess":"", "guest1":"", "guest2":"", "verifyHostess":"", ... ], STOP_ON_FAILURE): Call Test Case 'Test Cases/VirtualShow/createShow' successfully

2019-08-08 21:12:53 - [TEST_CASE][PASSED] - Test Cases/VirtualShow/createShow: Test Cases/VirtualShow/createShow

2019-08-08 21:12:54 - [TEST_STEP][PASSED] - dataFile = "virtualShowData": null

2019-08-08 21:12:54 - [TEST_STEP][PASSED] - stylist = findTestData(dataFile).getValue("stylist", 1): null

2019-08-08 21:12:54 - [TEST_STEP][PASSED] - hostess = findTestData(dataFile).getValue("hostess", 1): null

2019-08-08 21:12:54 - [TEST_STEP][PASSED] - cohostess = findTestData(dataFile).getValue("cohostess", 1): null

2019-08-08 21:12:54 - [TEST_STEP][PASSED] - guest1 = findTestData(dataFile).getValue("guest1", 1): null

2019-08-08 21:12:54 - [TEST_STEP][PASSED] - guest2 = findTestData(dataFile).getValue("guest2", 1): null

2019-08-08 21:12:54 - [TEST_STEP][PASSED] - verifyGuestCount = findTestData(dataFile).getValue("verifyGuestCount", 1): null

2019-08-08 21:12:55 - [TEST_STEP][PASSED] - RSTestEnvt = findTestData("envtData").getValue("RSTestEnvt", 1): null

2019-08-08 21:12:55 - [TEST_STEP][PASSED] - openBrowser(""): Browser is opened with url: ''

2019-08-08 21:12:55 - [MESSAGE][INFO] - Starting 'Chrome' driver

2019-08-08 21:12:55 - [MESSAGE][INFO] - User set preference: ['args', '[--use-fake-ui-for-media-stream, --start-maximized]']

2019-08-08 21:12:55 - [MESSAGE][INFO] - Action delay is set to 0 seconds

2019-08-08 21:12:58 - [MESSAGE][PASSED] - Browser is opened with url: ''

2019-08-08 21:12:58 - [TEST_STEP][PASSED] - maximizeWindow(): Current window maximized

2019-08-08 21:12:59 - [MESSAGE][PASSED] - Current window maximized

2019-08-08 21:12:59 - [TEST_STEP][PASSED] - callTestCase(findTestCase("TestCaseUtilities/backOfficeLogin"), ["BOURL":"", "BOuser":"", "BOpass":""], STOP_ON_FAILURE): Call Test Case 'Test Cases/TestCaseUtilities/backOfficeLogin' successfully

2019-08-08 21:12:59 - [TEST_CASE][PASSED] - Test Cases/TestCaseUtilities/backOfficeLogin: Test Cases/TestCaseUtilities/backOfficeLogin

2019-08-08 21:12:59 - [TEST_STEP][PASSED] - BOURL = findTestData("envtData").getValue("BOURL", 1): null

2019-08-08 21:12:59 - [TEST_STEP][PASSED] - BOuser = findTestData("credData").getValue("BOuser", 1): null

2019-08-08 21:13:00 - [TEST_STEP][PASSED] - BOpass = findTestData("credData").getValue("BOpass", 1): null

2019-08-08 21:13:00 - [TEST_STEP][PASSED] - navigateToUrl(BOURL): Navigate to 'https://test19.cliotest.com/backoffice/control/main' successfully

2019-08-08 21:13:09 - [MESSAGE][PASSED] - Navigate to 'https://test19.cliotest.com/backoffice/control/main' successfully

2019-08-08 21:13:09 - [TEST_STEP][PASSED] - logOut = findWebElements(findTestObject("Object Repository/Page_cabi Home/log_out"), 1): Unable to find the element located by 'By.xpath: //a[contains(text(),'Log Out')]'. Please recheck the objects properties to make sure the desired element is located. 

2019-08-08 21:13:10 - [MESSAGE][INFO] - Unable to find the element located by 'By.xpath: //a[contains(text(),'Log Out')]'. Please recheck the objects properties to make sure the desired element is located. 

2019-08-08 21:13:10 - [TEST_STEP][PASSED] - if (logOut.size() == 0): Object: 'Object Repository/Page_cabi/input_Welcome to_consultantLogin' is clicked on

2019-08-08 21:13:10 - [TEST_STEP][PASSED] - setText(findTestObject("Page_cabi/input_Welcome to_USERNAME"), BOuser): Text '400000002' is set on object 'Object Repository/Page_cabi/input_Welcome to_USERNAME'

2019-08-08 21:13:10 - [MESSAGE][PASSED] - Text '400000002' is set on object 'Object Repository/Page_cabi/input_Welcome to_USERNAME'

2019-08-08 21:13:10 - [TEST_STEP][PASSED] - setText(findTestObject("Object Repository/Page_cabi/input_Welcome to_PASSWORD"), BOpass): Text 'blackdress19' is set on object 'Object Repository/Page_cabi/input_Welcome to_PASSWORD'

2019-08-08 21:13:10 - [MESSAGE][PASSED] - Text 'blackdress19' is set on object 'Object Repository/Page_cabi/input_Welcome to_PASSWORD'

2019-08-08 21:13:10 - [TEST_STEP][PASSED] - click(findTestObject("Object Repository/Page_cabi/input_Welcome to_consultantLogin")): Object: 'Object Repository/Page_cabi/input_Welcome to_consultantLogin' is clicked on

2019-08-08 21:13:21 - [MESSAGE][PASSED] - Object: 'Object Repository/Page_cabi/input_Welcome to_consultantLogin' is clicked on

2019-08-08 21:13:21 - [TEST_STEP][PASSED] - delay(3): Delayed 3 second(s)

2019-08-08 21:13:24 - [MESSAGE][PASSED] - Delayed 3 second(s)

2019-08-08 21:13:24 - [MESSAGE][PASSED] - Call Test Case 'Test Cases/TestCaseUtilities/backOfficeLogin' successfully

2019-08-08 21:13:24 - [TEST_STEP][PASSED] - verifyElementText(findTestObject("Object Repository/virualShowRSVPOR/Page_cabi/span_username"), stylist): Actual text and expected text of test object 'Object Repository/virualShowRSVPOR/Page_cabi/span_username' are matched.

2019-08-08 21:13:24 - [MESSAGE][PASSED] - Actual text and expected text of test object 'Object Repository/virualShowRSVPOR/Page_cabi/span_username' are matched.

2019-08-08 21:13:24 - [TEST_STEP][PASSED] - click(findTestObject("Object Repository/virualShowRSVPOR/Page_cabi Home/a_shows _orders")): Object: 'Object Repository/virualShowRSVPOR/Page_cabi Home/a_shows _orders' is clicked on

2019-08-08 21:13:24 - [MESSAGE][PASSED] - Object: 'Object Repository/virualShowRSVPOR/Page_cabi Home/a_shows _orders' is clicked on

2019-08-08 21:13:24 - [TEST_STEP][PASSED] - click(findTestObject("Object Repository/virualShowRSVPOR/Page_cabi Home/a_Create_A_Show")): Object: 'Object Repository/virualShowRSVPOR/Page_cabi Home/a_Create_A_Show' is clicked on

2019-08-08 21:13:27 - [MESSAGE][PASSED] - Object: 'Object Repository/virualShowRSVPOR/Page_cabi Home/a_Create_A_Show' is clicked on

2019-08-08 21:13:27 - [TEST_STEP][PASSED] - setText(findTestObject("Object Repository/virualShowRSVPOR/Page_cabi Create Show - Set Hostess/input_Hostess"), hostess): Text 'ahostess-test abc' is set on object 'Object Repository/virualShowRSVPOR/Page_cabi Create Show - Set Hostess/input_Hostess'

2019-08-08 21:13:27 - [MESSAGE][PASSED] - Text 'ahostess-test abc' is set on object 'Object Repository/virualShowRSVPOR/Page_cabi Create Show - Set Hostess/input_Hostess'

2019-08-08 21:13:27 - [TEST_STEP][PASSED] - delay(2): Delayed 2 second(s)

2019-08-08 21:13:29 - [MESSAGE][PASSED] - Delayed 2 second(s)

2019-08-08 21:13:29 - [TEST_STEP][PASSED] - sendKeys(findTestObject("Object Repository/virualShowRSVPOR/Page_cabi Create Show - Set Hostess/input_Hostess"), Keys.chord(ARROW_DOWN)): Keys 'DOWN + ' sent to object: 'Object Repository/virualShowRSVPOR/Page_cabi Create Show - Set Hostess/input_Hostess'

2019-08-08 21:13:29 - [MESSAGE][PASSED] - Keys 'DOWN + ' sent to object: 'Object Repository/virualShowRSVPOR/Page_cabi Create Show - Set Hostess/input_Hostess'

2019-08-08 21:13:29 - [TEST_STEP][PASSED] - sendKeys(findTestObject("Object Repository/virualShowRSVPOR/Page_cabi Create Show - Set Hostess/input_Hostess"), Keys.chord(ENTER)): Keys 'ENTER + ' sent to object: 'Object Repository/virualShowRSVPOR/Page_cabi Create Show - Set Hostess/input_Hostess'

2019-08-08 21:13:29 - [MESSAGE][PASSED] - Keys 'ENTER + ' sent to object: 'Object Repository/virualShowRSVPOR/Page_cabi Create Show - Set Hostess/input_Hostess'

2019-08-08 21:13:29 - [TEST_STEP][PASSED] - delay(2): Delayed 2 second(s)

2019-08-08 21:13:31 - [MESSAGE][PASSED] - Delayed 2 second(s)

2019-08-08 21:13:31 - [TEST_STEP][PASSED] - validateHostessAddressMsg = findWebElements(findTestObject("Object Repository/virualShowRSVPOR/Page_cabi Create Show - Set Hostess/validate_address_msg"), 5): null

2019-08-08 21:13:31 - [TEST_STEP][PASSED] - println(validateHostessAddressMsg.size()): null

2019-08-08 21:13:31 - [TEST_STEP][PASSED] - if (validateHostessAddressMsg.isEmpty()): null

2019-08-08 21:13:31 - [TEST_STEP][PASSED] - selectOptionByValue(findTestObject("Object Repository/virualShowRSVPOR/Page_cabi Create Show - Set Hostess/select_Choose_From_Contacts_Co-Hostess"), "3", true): All options with value '3' are selected in object 'Object Repository/virualShowRSVPOR/Page_cabi Create Show - Set Hostess/select_Choose_From_Contacts_Co-Hostess'  using regular expression

2019-08-08 21:13:32 - [MESSAGE][PASSED] - All options with value '3' are selected in object 'Object Repository/virualShowRSVPOR/Page_cabi Create Show - Set Hostess/select_Choose_From_Contacts_Co-Hostess'  using regular expression

2019-08-08 21:13:32 - [TEST_STEP][PASSED] - setText(findTestObject("Object Repository/virualShowRSVPOR/Page_cabi Create Show - Set Hostess/input_Cohostess"), cohostess): Text 'bcohost-test abc' is set on object 'Object Repository/virualShowRSVPOR/Page_cabi Create Show - Set Hostess/input_Cohostess'

2019-08-08 21:13:32 - [MESSAGE][PASSED] - Text 'bcohost-test abc' is set on object 'Object Repository/virualShowRSVPOR/Page_cabi Create Show - Set Hostess/input_Cohostess'

2019-08-08 21:13:32 - [TEST_STEP][PASSED] - delay(2): Delayed 2 second(s)

2019-08-08 21:13:34 - [MESSAGE][PASSED] - Delayed 2 second(s)

2019-08-08 21:13:34 - [TEST_STEP][PASSED] - sendKeys(findTestObject("Object Repository/virualShowRSVPOR/Page_cabi Create Show - Set Hostess/input_Cohostess"), Keys.chord(ARROW_DOWN)): Keys 'DOWN + ' sent to object: 'Object Repository/virualShowRSVPOR/Page_cabi Create Show - Set Hostess/input_Cohostess'

2019-08-08 21:13:34 - [MESSAGE][PASSED] - Keys 'DOWN + ' sent to object: 'Object Repository/virualShowRSVPOR/Page_cabi Create Show - Set Hostess/input_Cohostess'

2019-08-08 21:13:34 - [TEST_STEP][PASSED] - sendKeys(findTestObject("Object Repository/virualShowRSVPOR/Page_cabi Create Show - Set Hostess/input_Cohostess"), Keys.chord(ENTER)): Keys 'ENTER + ' sent to object: 'Object Repository/virualShowRSVPOR/Page_cabi Create Show - Set Hostess/input_Cohostess'

2019-08-08 21:13:34 - [MESSAGE][PASSED] - Keys 'ENTER + ' sent to object: 'Object Repository/virualShowRSVPOR/Page_cabi Create Show - Set Hostess/input_Cohostess'

2019-08-08 21:13:34 - [TEST_STEP][PASSED] - delay(3): Delayed 3 second(s)

2019-08-08 21:13:37 - [MESSAGE][PASSED] - Delayed 3 second(s)

2019-08-08 21:13:37 - [TEST_STEP][PASSED] - validateHostessAddressMsg = findWebElements(findTestObject("Object Repository/virualShowRSVPOR/Page_cabi Create Show - Set Hostess/validate_address_msg"), 5): null

2019-08-08 21:13:37 - [TEST_STEP][PASSED] - if (validateHostessAddressMsg.size() != 4): null

2019-08-08 21:13:37 - [TEST_STEP][PASSED] - click(findTestObject("Object Repository/virualShowRSVPOR/Page_cabi Create Show - Set Hostess/input_next")): Object: 'Object Repository/virualShowRSVPOR/Page_cabi Create Show - Set Hostess/input_next' is clicked on

2019-08-08 21:13:39 - [MESSAGE][PASSED] - Object: 'Object Repository/virualShowRSVPOR/Page_cabi Create Show - Set Hostess/input_next' is clicked on

2019-08-08 21:13:39 - [TEST_STEP][PASSED] - click(findTestObject("Object Repository/virualShowRSVPOR/Page_cabi Create Show - Time and Place/check_Virtual_Show")): Object: 'Object Repository/virualShowRSVPOR/Page_cabi Create Show - Time and Place/check_Virtual_Show' is clicked on

2019-08-08 21:13:39 - [MESSAGE][PASSED] - Object: 'Object Repository/virualShowRSVPOR/Page_cabi Create Show - Time and Place/check_Virtual_Show' is clicked on

2019-08-08 21:13:39 - [TEST_STEP][PASSED] - click(findTestObject("Object Repository/virualShowRSVPOR/Page_cabi Create Show - Time and Place/input_Show_Date_Time")): Object: 'Object Repository/virualShowRSVPOR/Page_cabi Create Show - Time and Place/input_Show_Date_Time' is clicked on

2019-08-08 21:13:39 - [MESSAGE][PASSED] - Object: 'Object Repository/virualShowRSVPOR/Page_cabi Create Show - Time and Place/input_Show_Date_Time' is clicked on

2019-08-08 21:13:39 - [TEST_STEP][PASSED] - year = findTestData("virtualShowData").getValue("vsyear", 1): null

2019-08-08 21:13:39 - [TEST_STEP][PASSED] - month = findTestData("virtualShowData").getValue("vsmonth", 1): null

2019-08-08 21:13:39 - [TEST_STEP][PASSED] - day = findTestData("virtualShowData").getValue("vsday", 1): null

2019-08-08 21:13:39 - [TEST_STEP][PASSED] - pastdate = findTestData("virtualShowData").getValue("pastdate", 1): null

2019-08-08 21:13:39 - [TEST_STEP][PASSED] - xpath = UtilityMethods.concat("//td[@data-month='" + month - 1 + "' and @data-year='" + year + "']/a[contains(text(), '" + day + "')]"): null

2019-08-08 21:13:39 - [TEST_STEP][PASSED] - dateObj = new com.kms.katalon.core.testobject.TestObject(td_month_year_day): null

2019-08-08 21:13:39 - [TEST_STEP][PASSED] - dateObj.addProperty("xpath", EQUALS, xpath): null

2019-08-08 21:13:39 - [TEST_STEP][PASSED] - monthBound = 12: null

2019-08-08 21:13:39 - [TEST_STEP][PASSED] - dateObjList = findWebElements(dateObj, 5): null

2019-08-08 21:13:39 - [TEST_STEP][PASSED] - while (dateObjList.size() == 0 && monthBound > 0): null

2019-08-08 21:13:39 - [TEST_STEP][PASSED] - click(dateObj): Object: 'td_month_year_day' is clicked on

2019-08-08 21:13:39 - [MESSAGE][PASSED] - Object: 'td_month_year_day' is clicked on

2019-08-08 21:13:39 - [TEST_STEP][PASSED] - click(findTestObject("Object Repository/virualShowRSVPOR/Page_cabi Create Show - Time and Place/a_select_End_Time")): Object: 'Object Repository/virualShowRSVPOR/Page_cabi Create Show - Time and Place/a_select_End_Time' is clicked on

2019-08-08 21:13:40 - [MESSAGE][PASSED] - Object: 'Object Repository/virualShowRSVPOR/Page_cabi Create Show - Time and Place/a_select_End_Time' is clicked on

2019-08-08 21:13:40 - [TEST_STEP][PASSED] - click(findTestObject("Object Repository/virualShowRSVPOR/Page_cabi Create Show - Time and Place/input_next")): Object: 'Object Repository/virualShowRSVPOR/Page_cabi Create Show - Time and Place/input_next' is clicked on

2019-08-08 21:13:40 - [MESSAGE][PASSED] - Object: 'Object Repository/virualShowRSVPOR/Page_cabi Create Show - Time and Place/input_next' is clicked on

2019-08-08 21:13:40 - [TEST_STEP][PASSED] - delay(5): Delayed 5 second(s)

2019-08-08 21:13:45 - [MESSAGE][PASSED] - Delayed 5 second(s)

2019-08-08 21:13:45 - [TEST_STEP][PASSED] - click(findTestObject("Object Repository/virualShowRSVPOR/Page_cabi Create Show - Invite Hostess/input_Skip_Invite")): Object: 'Object Repository/virualShowRSVPOR/Page_cabi Create Show - Invite Hostess/input_Skip_Invite' is clicked on

2019-08-08 21:13:47 - [MESSAGE][PASSED] - Object: 'Object Repository/virualShowRSVPOR/Page_cabi Create Show - Invite Hostess/input_Skip_Invite' is clicked on

2019-08-08 21:13:47 - [TEST_STEP][PASSED] - setText(findTestObject("Object Repository/virualShowRSVPOR/Page_cabi Edit Show - Add Guests/contact_search_box"), guest1): Text 'guest1-test abc' is set on object 'Object Repository/virualShowRSVPOR/Page_cabi Edit Show - Add Guests/contact_search_box'

2019-08-08 21:13:48 - [MESSAGE][PASSED] - Text 'guest1-test abc' is set on object 'Object Repository/virualShowRSVPOR/Page_cabi Edit Show - Add Guests/contact_search_box'

2019-08-08 21:13:48 - [TEST_STEP][PASSED] - delay(2): Delayed 2 second(s)

2019-08-08 21:13:50 - [MESSAGE][PASSED] - Delayed 2 second(s)

2019-08-08 21:13:50 - [TEST_STEP][PASSED] - sendKeys(findTestObject("Object Repository/virualShowRSVPOR/Page_cabi Edit Show - Add Guests/contact_search_box"), Keys.chord(ARROW_DOWN)): Keys 'DOWN + ' sent to object: 'Object Repository/virualShowRSVPOR/Page_cabi Edit Show - Add Guests/contact_search_box'

2019-08-08 21:13:50 - [MESSAGE][PASSED] - Keys 'DOWN + ' sent to object: 'Object Repository/virualShowRSVPOR/Page_cabi Edit Show - Add Guests/contact_search_box'

2019-08-08 21:13:50 - [TEST_STEP][PASSED] - sendKeys(findTestObject("Object Repository/virualShowRSVPOR/Page_cabi Edit Show - Add Guests/contact_search_box"), Keys.chord(ENTER)): Keys 'ENTER + ' sent to object: 'Object Repository/virualShowRSVPOR/Page_cabi Edit Show - Add Guests/contact_search_box'

2019-08-08 21:13:50 - [MESSAGE][PASSED] - Keys 'ENTER + ' sent to object: 'Object Repository/virualShowRSVPOR/Page_cabi Edit Show - Add Guests/contact_search_box'

2019-08-08 21:13:50 - [TEST_STEP][PASSED] - delay(2): Delayed 2 second(s)

2019-08-08 21:13:52 - [MESSAGE][PASSED] - Delayed 2 second(s)

2019-08-08 21:13:52 - [TEST_STEP][PASSED] - click(findTestObject("Object Repository/virualShowRSVPOR/Page_cabi Edit Show - Add Guests/a_add_guest")): Object: 'Object Repository/virualShowRSVPOR/Page_cabi Edit Show - Add Guests/a_add_guest' is clicked on

2019-08-08 21:13:52 - [MESSAGE][PASSED] - Object: 'Object Repository/virualShowRSVPOR/Page_cabi Edit Show - Add Guests/a_add_guest' is clicked on

2019-08-08 21:13:52 - [TEST_STEP][PASSED] - delay(5): Delayed 5 second(s)

2019-08-08 21:13:57 - [MESSAGE][PASSED] - Delayed 5 second(s)

2019-08-08 21:13:57 - [TEST_STEP][PASSED] - setText(findTestObject("Object Repository/virualShowRSVPOR/Page_cabi Edit Show - Add Guests/contact_search_box"), guest2): Text 'guest2-test abc' is set on object 'Object Repository/virualShowRSVPOR/Page_cabi Edit Show - Add Guests/contact_search_box'

2019-08-08 21:13:57 - [MESSAGE][PASSED] - Text 'guest2-test abc' is set on object 'Object Repository/virualShowRSVPOR/Page_cabi Edit Show - Add Guests/contact_search_box'

2019-08-08 21:13:57 - [TEST_STEP][PASSED] - delay(2): Delayed 2 second(s)

2019-08-08 21:13:59 - [MESSAGE][PASSED] - Delayed 2 second(s)

2019-08-08 21:13:59 - [TEST_STEP][PASSED] - sendKeys(findTestObject("Object Repository/virualShowRSVPOR/Page_cabi Edit Show - Add Guests/contact_search_box"), Keys.chord(ARROW_DOWN)): Keys 'DOWN + ' sent to object: 'Object Repository/virualShowRSVPOR/Page_cabi Edit Show - Add Guests/contact_search_box'

2019-08-08 21:13:59 - [MESSAGE][PASSED] - Keys 'DOWN + ' sent to object: 'Object Repository/virualShowRSVPOR/Page_cabi Edit Show - Add Guests/contact_search_box'

2019-08-08 21:13:59 - [TEST_STEP][PASSED] - sendKeys(findTestObject("Object Repository/virualShowRSVPOR/Page_cabi Edit Show - Add Guests/contact_search_box"), Keys.chord(ENTER)): Keys 'ENTER + ' sent to object: 'Object Repository/virualShowRSVPOR/Page_cabi Edit Show - Add Guests/contact_search_box'

2019-08-08 21:13:59 - [MESSAGE][PASSED] - Keys 'ENTER + ' sent to object: 'Object Repository/virualShowRSVPOR/Page_cabi Edit Show - Add Guests/contact_search_box'

2019-08-08 21:13:59 - [TEST_STEP][PASSED] - delay(2): Delayed 2 second(s)

2019-08-08 21:14:01 - [MESSAGE][PASSED] - Delayed 2 second(s)

2019-08-08 21:14:01 - [TEST_STEP][PASSED] - click(findTestObject("Object Repository/virualShowRSVPOR/Page_cabi Edit Show - Add Guests/a_add_guest")): Object: 'Object Repository/virualShowRSVPOR/Page_cabi Edit Show - Add Guests/a_add_guest' is clicked on

2019-08-08 21:14:02 - [MESSAGE][PASSED] - Object: 'Object Repository/virualShowRSVPOR/Page_cabi Edit Show - Add Guests/a_add_guest' is clicked on

2019-08-08 21:14:02 - [TEST_STEP][PASSED] - delay(2): Delayed 2 second(s)

2019-08-08 21:14:04 - [MESSAGE][PASSED] - Delayed 2 second(s)

2019-08-08 21:14:04 - [TEST_STEP][PASSED] - verifyHostess = UtilityMethods.splitPersonName(hostess): null

2019-08-08 21:14:04 - [TEST_STEP][PASSED] - verifyCohostess = UtilityMethods.splitPersonName(cohostess): null

2019-08-08 21:14:04 - [TEST_STEP][PASSED] - verifyGuest1 = UtilityMethods.splitPersonName(guest1): null

2019-08-08 21:14:04 - [TEST_STEP][PASSED] - verifyGuest2 = UtilityMethods.splitPersonName(guest2): null

2019-08-08 21:14:04 - [TEST_STEP][PASSED] - verifyElementText(findTestObject("Object Repository/virualShowRSVPOR/Page_cabi Edit Show - Add Guests/span_hostess_name"), UtilityMethods.concat(verifyHostess[1], ", ", verifyHostess[0])): Actual text and expected text of test object 'Object Repository/virualShowRSVPOR/Page_cabi Edit Show - Add Guests/span_hostess_name' are matched.

2019-08-08 21:14:04 - [MESSAGE][PASSED] - Actual text and expected text of test object 'Object Repository/virualShowRSVPOR/Page_cabi Edit Show - Add Guests/span_hostess_name' are matched.

2019-08-08 21:14:04 - [TEST_STEP][PASSED] - verifyElementText(findTestObject("Object Repository/virualShowRSVPOR/Page_cabi Edit Show - Add Guests/span_cohostess_name"), UtilityMethods.concat(verifyCohostess[1], ", ", verifyCohostess[0])): Actual text and expected text of test object 'Object Repository/virualShowRSVPOR/Page_cabi Edit Show - Add Guests/span_cohostess_name' are matched.

2019-08-08 21:14:04 - [MESSAGE][PASSED] - Actual text and expected text of test object 'Object Repository/virualShowRSVPOR/Page_cabi Edit Show - Add Guests/span_cohostess_name' are matched.

2019-08-08 21:14:04 - [TEST_STEP][PASSED] - listElement = findWebElements(findTestObject("Object Repository/virualShowRSVPOR/Page_cabi Edit Show - Add Guests/span_guest_name_list"), 5): null

2019-08-08 21:14:04 - [TEST_STEP][PASSED] - guestCount = Integer.parseInt(verifyGuestCount): null

2019-08-08 21:14:04 - [TEST_STEP][PASSED] - assert listElement.size() == guestCount: null

2019-08-08 21:14:04 - [TEST_STEP][PASSED] - flag = false: null

2019-08-08 21:14:04 - [TEST_STEP][PASSED] - for ([i = 0, i < guestCount, (i++)]): null

2019-08-08 21:14:04 - [TEST_STEP][PASSED] - flag = false: null

2019-08-08 21:14:04 - [TEST_STEP][PASSED] - if (getText().equals(UtilityMethods.concat(verifyGuest1[1], ", ", verifyGuest1[0]))): null

2019-08-08 21:14:04 - [TEST_STEP][PASSED] - flag = true: null

2019-08-08 21:14:04 - [TEST_STEP][PASSED] - if (getText().equals(UtilityMethods.concat(verifyGuest2[1], ", ", verifyGuest2[0]))): null

2019-08-08 21:14:04 - [TEST_STEP][PASSED] - flag = false: null

2019-08-08 21:14:04 - [TEST_STEP][PASSED] - if (getText().equals(UtilityMethods.concat(verifyGuest1[1], ", ", verifyGuest1[0]))): null

2019-08-08 21:14:04 - [TEST_STEP][PASSED] - if (getText().equals(UtilityMethods.concat(verifyGuest2[1], ", ", verifyGuest2[0]))): null

2019-08-08 21:14:04 - [TEST_STEP][PASSED] - flag = true: null

2019-08-08 21:14:04 - [TEST_STEP][PASSED] - assert flag == true: null

2019-08-08 21:14:04 - [TEST_STEP][PASSED] - click(findTestObject("Object Repository/virualShowRSVPOR/Page_cabi Edit Show - Add Guests/input_Next")): Object: 'Object Repository/virualShowRSVPOR/Page_cabi Edit Show - Add Guests/input_Next' is clicked on

2019-08-08 21:14:09 - [MESSAGE][PASSED] - Object: 'Object Repository/virualShowRSVPOR/Page_cabi Edit Show - Add Guests/input_Next' is clicked on

2019-08-08 21:14:09 - [TEST_STEP][PASSED] - delay(5): Delayed 5 second(s)

2019-08-08 21:14:14 - [MESSAGE][PASSED] - Delayed 5 second(s)

2019-08-08 21:14:14 - [TEST_STEP][PASSED] - click(findTestObject("Object Repository/virualShowRSVPOR/Page_cabi Edit Show - Send Invitations/input_Overview")): Object: 'Object Repository/virualShowRSVPOR/Page_cabi Edit Show - Send Invitations/input_Overview' is clicked on

2019-08-08 21:14:17 - [MESSAGE][PASSED] - Object: 'Object Repository/virualShowRSVPOR/Page_cabi Edit Show - Send Invitations/input_Overview' is clicked on

2019-08-08 21:14:17 - [TEST_STEP][PASSED] - showID = getText(findTestObject("Object Repository/virualShowRSVPOR/Page_cabi Orders/li_Show_ID_Text")): Text of object 'Object Repository/virualShowRSVPOR/Page_cabi Orders/li_Show_ID_Text' is: 'Show #: 104671516'

2019-08-08 21:14:17 - [MESSAGE][PASSED] - Text of object 'Object Repository/virualShowRSVPOR/Page_cabi Orders/li_Show_ID_Text' is: 'Show #: 104671516'

2019-08-08 21:14:17 - [TEST_STEP][PASSED] - rightClick(findTestObject("Object Repository/virualShowRSVPOR/Page_cabi Orders/a_Account")): Object: 'Object Repository/virualShowRSVPOR/Page_cabi Orders/a_Account' is right clicked on

2019-08-08 21:14:17 - [MESSAGE][PASSED] - Object: 'Object Repository/virualShowRSVPOR/Page_cabi Orders/a_Account' is right clicked on

2019-08-08 21:14:17 - [TEST_STEP][PASSED] - click(findTestObject("Object Repository/virualShowRSVPOR/Page_cabi Orders/a_My Profile")): Object: 'Object Repository/virualShowRSVPOR/Page_cabi Orders/a_My Profile' is clicked on

2019-08-08 21:14:18 - [MESSAGE][PASSED] - Object: 'Object Repository/virualShowRSVPOR/Page_cabi Orders/a_My Profile' is clicked on

2019-08-08 21:14:18 - [TEST_STEP][PASSED] - rsName = getText(findTestObject("Object Repository/virualShowRSVPOR/Page_cabi My Profile/span_rsName")): Text of object 'Object Repository/virualShowRSVPOR/Page_cabi My Profile/span_rsName' is: 'MirandaKate'

2019-08-08 21:14:18 - [MESSAGE][PASSED] - Text of object 'Object Repository/virualShowRSVPOR/Page_cabi My Profile/span_rsName' is: 'MirandaKate'

2019-08-08 21:14:18 - [TEST_STEP][PASSED] - micrositeURL = UtilityMethods.createURL(rsName, RSTestEnvt, showID): null

2019-08-08 21:14:19 - [TEST_STEP][PASSED] - println(micrositeURL): null

2019-08-08 21:14:19 - [TEST_STEP][PASSED] - back(): Navigate back successfully

2019-08-08 21:14:20 - [MESSAGE][PASSED] - Navigate back successfully

2019-08-08 21:14:20 - [MESSAGE][PASSED] - Call Test Case 'Test Cases/VirtualShow/createShow' successfully

2019-08-08 21:14:20 - [TEST_STEP][PASSED] - hostessObj = new commonUtility.VSGuest(hostess): null

2019-08-08 21:14:20 - [TEST_STEP][PASSED] - cohostessObj = new commonUtility.VSGuest(cohostess): null

2019-08-08 21:14:20 - [TEST_STEP][PASSED] - guest1Obj = new commonUtility.VSGuest(guest1): null

2019-08-08 21:14:20 - [TEST_STEP][PASSED] - guest2Obj = new commonUtility.VSGuest(guest2): null

2019-08-08 21:14:20 - [TEST_STEP][PASSED] - driver = getWebDriver(): null

2019-08-08 21:14:20 - [TEST_STEP][PASSED] - executor = driver: null

2019-08-08 21:14:20 - [TEST_STEP][PASSED] - currentPage = getUrl(): Current window's url is: 'https://test19.cliotest.com/backoffice/control/ShowOrders?showId=104671516&consultantPartyId=100000042&fromCAM='

2019-08-08 21:14:20 - [MESSAGE][PASSED] - Current window's url is: 'https://test19.cliotest.com/backoffice/control/ShowOrders?showId=104671516&consultantPartyId=100000042&fromCAM='

2019-08-08 21:14:20 - [TEST_STEP][PASSED] - currentTab = getWindowIndex(): Current window's index is: 0

2019-08-08 21:14:20 - [MESSAGE][PASSED] - Current window's index is: 0

2019-08-08 21:14:20 - [TEST_STEP][PASSED] - driver = getWebDriver(): null

2019-08-08 21:14:20 - [TEST_STEP][PASSED] - favorites = 0: null

2019-08-08 21:14:20 - [TEST_STEP][PASSED] - favorites = 0: null

2019-08-08 21:14:20 - [TEST_STEP][PASSED] - favorites = 0: null

2019-08-08 21:14:20 - [TEST_STEP][PASSED] - favorites = 0: null

2019-08-08 21:14:20 - [TEST_STEP][PASSED] - allList.add(hostessObj): null

2019-08-08 21:14:20 - [TEST_STEP][PASSED] - allList.add(cohostessObj): null

2019-08-08 21:14:20 - [TEST_STEP][PASSED] - allList.add(guest1Obj): null

2019-08-08 21:14:20 - [TEST_STEP][PASSED] - allList.add(guest2Obj): null

2019-08-08 21:14:20 - [TEST_STEP][PASSED] - yesList.add(hostessObj): null

2019-08-08 21:14:20 - [TEST_STEP][PASSED] - yesList.add(cohostessObj): null

2019-08-08 21:14:20 - [TEST_STEP][PASSED] - noreplyList.add(guest1Obj): null

2019-08-08 21:14:20 - [TEST_STEP][PASSED] - noreplyList.add(guest2Obj): null

2019-08-08 21:14:20 - [TEST_STEP][PASSED] - click(findTestObject("Object Repository/virualShowRSVPOR/Page_cabi Edit Show - Send Invitations/a_dashboard")): Object: 'Object Repository/virualShowRSVPOR/Page_cabi Edit Show - Send Invitations/a_dashboard' is clicked on

2019-08-08 21:14:28 - [MESSAGE][PASSED] - Object: 'Object Repository/virualShowRSVPOR/Page_cabi Edit Show - Send Invitations/a_dashboard' is clicked on

2019-08-08 21:14:28 - [TEST_STEP][PASSED] - delay(5): Delayed 5 second(s)

2019-08-08 21:14:33 - [MESSAGE][PASSED] - Delayed 5 second(s)

2019-08-08 21:14:33 - [TEST_STEP][PASSED] - switchToFrame(findTestObject("virualShowRSVPOR/dashboard/frame_start_pre_show"), 60): null

2019-08-08 21:14:33 - [TEST_STEP][PASSED] - isShowNotStarted = findWebElements(findTestObject("virualShowRSVPOR/dashboard/button_start_pre_show"), 5): null

2019-08-08 21:14:33 - [TEST_STEP][PASSED] - if (isShowNotStarted.size() > 0): null

2019-08-08 21:14:33 - [TEST_STEP][PASSED] - button_start_pre_show = driver.findElement(By.xpath("//button[contains(text(), 'Start pre-show')]")): null

2019-08-08 21:14:33 - [TEST_STEP][PASSED] - executor.executeScript("arguments[0].click();", button_start_pre_show): null

2019-08-08 21:14:33 - [TEST_STEP][PASSED] - delay(3): Delayed 3 second(s)

2019-08-08 21:14:36 - [MESSAGE][PASSED] - Delayed 3 second(s)

2019-08-08 21:14:36 - [TEST_STEP][PASSED] - button_pre_show_sure = driver.findElement(By.xpath("//button[contains(text(), ' sure')]")): null

2019-08-08 21:14:36 - [TEST_STEP][PASSED] - executor.executeScript("arguments[0].click();", button_pre_show_sure): null

2019-08-08 21:14:36 - [TEST_STEP][PASSED] - delay(5): Delayed 5 second(s)

2019-08-08 21:14:41 - [MESSAGE][PASSED] - Delayed 5 second(s)

2019-08-08 21:14:41 - [TEST_STEP][PASSED] - switchToWindowIndex(currentTab + 1): Switched to window with index: '1'

2019-08-08 21:14:41 - [MESSAGE][PASSED] - Switched to window with index: '1'

2019-08-08 21:14:41 - [TEST_STEP][PASSED] - try: Unable to find the element located by 'By.xpath: //div[@class='table-body']/div[@class='table-row']/div/div[@class='table-row-ordered']'. Please recheck the objects properties to make sure the desired element is located. 

2019-08-08 21:14:41 - [TEST_STEP][PASSED] - assert VSGuest.validateGuests(findTestObject("Object Repository/virualShowRSVPOR/dashboard/select_present"), presentList): Unable to find the element located by 'By.xpath: //div[@class='table-body']/div[@class='table-row']/div/div[@class='table-row-ordered']'. Please recheck the objects properties to make sure the desired element is located. 

2019-08-08 21:14:43 - [MESSAGE][INFO] - Unable to find the element located by 'By.xpath: //div[@class='table-body']/div[@class='table-row']/div/div[@class='table-row-status']/i[position()=1]'. Please recheck the objects properties to make sure the desired element is located. 

2019-08-08 21:14:44 - [MESSAGE][INFO] - Unable to find the element located by 'By.xpath: //div[@class='table-body']/div[@class='table-row']/div/div[@class='table-row-status']/i[position()='2']'. Please recheck the objects properties to make sure the desired element is located. 

2019-08-08 21:14:45 - [MESSAGE][INFO] - Unable to find the element located by 'By.xpath: //div[@class='table-body']/div[@class='table-row']/div/div[@class='table-row-name']/a/i'. Please recheck the objects properties to make sure the desired element is located. 

2019-08-08 21:14:47 - [MESSAGE][INFO] - Unable to find the element located by 'By.xpath: //div[@class='table-body']/div[@class='table-row']/div/div[@class='table-row-name']/a/span[last()]'. Please recheck the objects properties to make sure the desired element is located. 

2019-08-08 21:14:48 - [MESSAGE][INFO] - Unable to find the element located by 'By.xpath: //div[@class='table-body']/div[@class='table-row']/div/div[@class='table-row-favorites']'. Please recheck the objects properties to make sure the desired element is located. 

2019-08-08 21:14:49 - [MESSAGE][INFO] - Unable to find the element located by 'By.xpath: //div[@class='table-body']/div[@class='table-row']/div/div[@class='table-row-ordered']'. Please recheck the objects properties to make sure the desired element is located. 

2019-08-08 21:14:49 - [TEST_STEP][PASSED] - delay(2): Delayed 2 second(s)

2019-08-08 21:14:51 - [MESSAGE][PASSED] - Delayed 2 second(s)

2019-08-08 21:14:51 - [TEST_STEP][PASSED] - executor.executeScript("arguments[0].click();", findWebElement(findTestObject("Object Repository/virualShowRSVPOR/dashboard/select_rsvp_blankreply_1"), 5)): null

2019-08-08 21:14:51 - [TEST_STEP][PASSED] - delay(2): Delayed 2 second(s)

2019-08-08 21:14:53 - [MESSAGE][PASSED] - Delayed 2 second(s)

2019-08-08 21:14:53 - [TEST_STEP][PASSED] - try: null

2019-08-08 21:14:53 - [TEST_STEP][PASSED] - assert VSGuest.validateGuests(findTestObject("Object Repository/virualShowRSVPOR/dashboard/select_rsvp_blankreply"), allList): null

2019-08-08 21:14:53 - [TEST_STEP][PASSED] - delay(2): Delayed 2 second(s)

2019-08-08 21:14:55 - [MESSAGE][PASSED] - Delayed 2 second(s)

2019-08-08 21:14:55 - [TEST_STEP][PASSED] - try: null

2019-08-08 21:14:55 - [TEST_STEP][PASSED] - assert VSGuest.validateGuests(findTestObject("Object Repository/virualShowRSVPOR/dashboard/select_rsvp_yes"), yesList): null

2019-08-08 21:14:56 - [TEST_STEP][PASSED] - delay(2): Delayed 2 second(s)

2019-08-08 21:14:58 - [MESSAGE][PASSED] - Delayed 2 second(s)

2019-08-08 21:14:58 - [TEST_STEP][PASSED] - try: Unable to find the element located by 'By.xpath: //div[@class='table-body']/div[@class='table-row']/div/div[@class='table-row-ordered']'. Please recheck the objects properties to make sure the desired element is located. 

2019-08-08 21:14:58 - [TEST_STEP][PASSED] - assert VSGuest.validateGuests(findTestObject("Object Repository/virualShowRSVPOR/dashboard/select_rsvp_no"), noList): Unable to find the element located by 'By.xpath: //div[@class='table-body']/div[@class='table-row']/div/div[@class='table-row-ordered']'. Please recheck the objects properties to make sure the desired element is located. 

2019-08-08 21:14:59 - [MESSAGE][INFO] - Unable to find the element located by 'By.xpath: //div[@class='table-body']/div[@class='table-row']/div/div[@class='table-row-status']/i[position()=1]'. Please recheck the objects properties to make sure the desired element is located. 

2019-08-08 21:15:00 - [MESSAGE][INFO] - Unable to find the element located by 'By.xpath: //div[@class='table-body']/div[@class='table-row']/div/div[@class='table-row-status']/i[position()='2']'. Please recheck the objects properties to make sure the desired element is located. 

2019-08-08 21:15:01 - [MESSAGE][INFO] - Unable to find the element located by 'By.xpath: //div[@class='table-body']/div[@class='table-row']/div/div[@class='table-row-name']/a/i'. Please recheck the objects properties to make sure the desired element is located. 

2019-08-08 21:15:02 - [MESSAGE][INFO] - Unable to find the element located by 'By.xpath: //div[@class='table-body']/div[@class='table-row']/div/div[@class='table-row-name']/a/span[last()]'. Please recheck the objects properties to make sure the desired element is located. 

2019-08-08 21:15:03 - [MESSAGE][INFO] - Unable to find the element located by 'By.xpath: //div[@class='table-body']/div[@class='table-row']/div/div[@class='table-row-favorites']'. Please recheck the objects properties to make sure the desired element is located. 

2019-08-08 21:15:04 - [MESSAGE][INFO] - Unable to find the element located by 'By.xpath: //div[@class='table-body']/div[@class='table-row']/div/div[@class='table-row-ordered']'. Please recheck the objects properties to make sure the desired element is located. 

2019-08-08 21:15:04 - [TEST_STEP][PASSED] - delay(2): Delayed 2 second(s)

2019-08-08 21:15:06 - [MESSAGE][PASSED] - Delayed 2 second(s)

2019-08-08 21:15:06 - [TEST_STEP][PASSED] - try: Unable to find the element located by 'By.xpath: //div[@class='table-body']/div[@class='table-row']/div/div[@class='table-row-ordered']'. Please recheck the objects properties to make sure the desired element is located. 

2019-08-08 21:15:06 - [TEST_STEP][PASSED] - assert VSGuest.validateGuests(findTestObject("Object Repository/virualShowRSVPOR/dashboard/select_rsvp_maybe"), maybeList): Unable to find the element located by 'By.xpath: //div[@class='table-body']/div[@class='table-row']/div/div[@class='table-row-ordered']'. Please recheck the objects properties to make sure the desired element is located. 

2019-08-08 21:15:07 - [MESSAGE][INFO] - Unable to find the element located by 'By.xpath: //div[@class='table-body']/div[@class='table-row']/div/div[@class='table-row-status']/i[position()=1]'. Please recheck the objects properties to make sure the desired element is located. 

2019-08-08 21:15:08 - [MESSAGE][INFO] - Unable to find the element located by 'By.xpath: //div[@class='table-body']/div[@class='table-row']/div/div[@class='table-row-status']/i[position()='2']'. Please recheck the objects properties to make sure the desired element is located. 

2019-08-08 21:15:09 - [MESSAGE][INFO] - Unable to find the element located by 'By.xpath: //div[@class='table-body']/div[@class='table-row']/div/div[@class='table-row-name']/a/i'. Please recheck the objects properties to make sure the desired element is located. 

2019-08-08 21:15:10 - [MESSAGE][INFO] - Unable to find the element located by 'By.xpath: //div[@class='table-body']/div[@class='table-row']/div/div[@class='table-row-name']/a/span[last()]'. Please recheck the objects properties to make sure the desired element is located. 

2019-08-08 21:15:11 - [MESSAGE][INFO] - Unable to find the element located by 'By.xpath: //div[@class='table-body']/div[@class='table-row']/div/div[@class='table-row-favorites']'. Please recheck the objects properties to make sure the desired element is located. 

2019-08-08 21:15:12 - [MESSAGE][INFO] - Unable to find the element located by 'By.xpath: //div[@class='table-body']/div[@class='table-row']/div/div[@class='table-row-ordered']'. Please recheck the objects properties to make sure the desired element is located. 

2019-08-08 21:15:12 - [TEST_STEP][PASSED] - delay(2): Delayed 2 second(s)

2019-08-08 21:15:14 - [MESSAGE][PASSED] - Delayed 2 second(s)

2019-08-08 21:15:14 - [TEST_STEP][PASSED] - try: null

2019-08-08 21:15:14 - [TEST_STEP][PASSED] - assert VSGuest.validateGuests(findTestObject("Object Repository/virualShowRSVPOR/dashboard/select_rsvp_notreply"), noreplyList): null

2019-08-08 21:15:15 - [TEST_STEP][PASSED] - println(getWindowIndex()): Current window's index is: 1

2019-08-08 21:15:15 - [MESSAGE][PASSED] - Current window's index is: 1

2019-08-08 21:15:15 - [TEST_STEP][PASSED] - executor.executeScript("window.open();"): null

2019-08-08 21:15:15 - [TEST_STEP][PASSED] - switchToWindowIndex(currentTab + 2): Switched to window with index: '2'

2019-08-08 21:15:15 - [MESSAGE][PASSED] - Switched to window with index: '2'

2019-08-08 21:15:15 - [TEST_STEP][PASSED] - println(getWindowIndex()): Current window's index is: 2

2019-08-08 21:15:16 - [MESSAGE][PASSED] - Current window's index is: 2

2019-08-08 21:15:16 - [TEST_STEP][PASSED] - callTestCase(findTestCase("TestCaseUtilities/setVHost"), [:], STOP_ON_FAILURE): Call Test Case 'Test Cases/TestCaseUtilities/setVHost' successfully

2019-08-08 21:15:16 - [TEST_CASE][PASSED] - Test Cases/TestCaseUtilities/setVHost: Test Cases/TestCaseUtilities/setVHost

2019-08-08 21:15:16 - [TEST_STEP][PASSED] - ofbizURL = findTestData("envtData").getValue("ofbizURL", 1): null

2019-08-08 21:15:16 - [TEST_STEP][PASSED] - ofbizUser = findTestData("credData").getValue("ofbizuser", 1): null

2019-08-08 21:15:16 - [TEST_STEP][PASSED] - ofbizPass = findTestData("credData").getValue("ofbizpass", 1): null

2019-08-08 21:15:16 - [TEST_STEP][PASSED] - vhostTarget = findTestData("envtData").getValue("vhostTarget", 1): null

2019-08-08 21:15:16 - [TEST_STEP][PASSED] - navigateToUrl(ofbizURL): Navigate to 'https://pushofbiz.cliotest.com/login.php' successfully

2019-08-08 21:15:18 - [MESSAGE][PASSED] - Navigate to 'https://pushofbiz.cliotest.com/login.php' successfully

2019-08-08 21:15:18 - [TEST_STEP][PASSED] - setText(findTestObject("Object Repository/virualShowRSVPOR/Page_/input_Username_username"), ofbizUser): Text 'automation' is set on object 'Object Repository/virualShowRSVPOR/Page_/input_Username_username'

2019-08-08 21:15:18 - [MESSAGE][PASSED] - Text 'automation' is set on object 'Object Repository/virualShowRSVPOR/Page_/input_Username_username'

2019-08-08 21:15:18 - [TEST_STEP][PASSED] - setText(findTestObject("Object Repository/virualShowRSVPOR/Page_/input_Password_password"), ofbizPass): Text 'cabiautomation' is set on object 'Object Repository/virualShowRSVPOR/Page_/input_Password_password'

2019-08-08 21:15:18 - [MESSAGE][PASSED] - Text 'cabiautomation' is set on object 'Object Repository/virualShowRSVPOR/Page_/input_Password_password'

2019-08-08 21:15:18 - [TEST_STEP][PASSED] - click(findTestObject("Object Repository/virualShowRSVPOR/Page_/input_Password_Submit")): Object: 'Object Repository/virualShowRSVPOR/Page_/input_Password_Submit' is clicked on

2019-08-08 21:15:22 - [MESSAGE][PASSED] - Object: 'Object Repository/virualShowRSVPOR/Page_/input_Password_Submit' is clicked on

2019-08-08 21:15:22 - [TEST_STEP][PASSED] - click(findTestObject("Object Repository/virualShowRSVPOR/Page_/a_Set Vhost")): Object: 'Object Repository/virualShowRSVPOR/Page_/a_Set Vhost' is clicked on

2019-08-08 21:15:22 - [MESSAGE][PASSED] - Object: 'Object Repository/virualShowRSVPOR/Page_/a_Set Vhost' is clicked on

2019-08-08 21:15:22 - [TEST_STEP][PASSED] - click(UtilityMethods.createTestObject("select_target", "//select[@name='Target']/option[contains(text(), '", vhostTarget, "')]")): Object: 'select_target' is clicked on

2019-08-08 21:15:22 - [MESSAGE][PASSED] - Object: 'select_target' is clicked on

2019-08-08 21:15:22 - [TEST_STEP][PASSED] - click(findTestObject("Object Repository/virualShowRSVPOR/Page_/input")): Object: 'Object Repository/virualShowRSVPOR/Page_/input' is clicked on

2019-08-08 21:15:25 - [MESSAGE][PASSED] - Object: 'Object Repository/virualShowRSVPOR/Page_/input' is clicked on

2019-08-08 21:15:25 - [MESSAGE][PASSED] - Call Test Case 'Test Cases/TestCaseUtilities/setVHost' successfully

2019-08-08 21:15:25 - [TEST_STEP][PASSED] - loginURL = UtilityMethods.concat("https://mirandakate.", RSTestEnvt, ".com/?component=account.login-gateway"): null

2019-08-08 21:15:25 - [TEST_STEP][PASSED] - navigateToUrl(loginURL): Navigate to 'https://mirandakate.cabitest5.com/?component=account.login-gateway' successfully

2019-08-08 21:16:06 - [MESSAGE][PASSED] - Navigate to 'https://mirandakate.cabitest5.com/?component=account.login-gateway' successfully

2019-08-08 21:16:06 - [TEST_STEP][PASSED] - "Login with the invited guest": null

2019-08-08 21:16:06 - [TEST_STEP][PASSED] - delay(3): Delayed 3 second(s)

2019-08-08 21:16:09 - [MESSAGE][PASSED] - Delayed 3 second(s)

2019-08-08 21:16:09 - [TEST_STEP][PASSED] - setText(findTestObject("Object Repository/virualShowRSVPOR/Page_Show microsite/input_Sign in  Create account_email"), guest1Mail): Text 'guest1-test@test.com' is set on object 'Object Repository/virualShowRSVPOR/Page_Show microsite/input_Sign in  Create account_email'

2019-08-08 21:16:10 - [MESSAGE][PASSED] - Text 'guest1-test@test.com' is set on object 'Object Repository/virualShowRSVPOR/Page_Show microsite/input_Sign in  Create account_email'

2019-08-08 21:16:10 - [TEST_STEP][PASSED] - click(findTestObject("Object Repository/virualShowRSVPOR/Page_Show microsite/button_Continue")): Object: 'Object Repository/virualShowRSVPOR/Page_Show microsite/button_Continue' is clicked on

2019-08-08 21:16:10 - [MESSAGE][PASSED] - Object: 'Object Repository/virualShowRSVPOR/Page_Show microsite/button_Continue' is clicked on

2019-08-08 21:16:10 - [TEST_STEP][PASSED] - setText(findTestObject("Object Repository/virualShowRSVPOR/Page_Show microsite/input_Welcome_password"), guest1Pass): Text 'blackdress19' is set on object 'Object Repository/virualShowRSVPOR/Page_Show microsite/input_Welcome_password'

2019-08-08 21:16:11 - [MESSAGE][PASSED] - Text 'blackdress19' is set on object 'Object Repository/virualShowRSVPOR/Page_Show microsite/input_Welcome_password'

2019-08-08 21:16:11 - [TEST_STEP][PASSED] - click(findTestObject("Object Repository/virualShowRSVPOR/Page_Show microsite/button_Continue_pass")): Object: 'Object Repository/virualShowRSVPOR/Page_Show microsite/button_Continue_pass' is clicked on

2019-08-08 21:16:11 - [MESSAGE][PASSED] - Object: 'Object Repository/virualShowRSVPOR/Page_Show microsite/button_Continue_pass' is clicked on

2019-08-08 21:16:11 - [TEST_STEP][PASSED] - delay(5): Delayed 5 second(s)

2019-08-08 21:16:16 - [MESSAGE][PASSED] - Delayed 5 second(s)

2019-08-08 21:16:16 - [TEST_STEP][PASSED] - if (verifyElementPresent(findTestObject("Object Repository/virualShowRSVPOR/Page_Show microsite/complete_my_profile_later"), 0)): Object: 'Object Repository/virualShowRSVPOR/Page_Show microsite/div_Ill complete my profile later' is clicked on

2019-08-08 21:16:16 - [MESSAGE][WARNING] - Timeout '0' is invalid. Using default page load timeout: '30'

2019-08-08 21:16:16 - [MESSAGE][PASSED] - Object 'Object Repository/virualShowRSVPOR/Page_Show microsite/complete_my_profile_later' is present

2019-08-08 21:16:16 - [TEST_STEP][PASSED] - click(findTestObject("Object Repository/virualShowRSVPOR/Page_Show microsite/div_Ill complete my profile later")): Object: 'Object Repository/virualShowRSVPOR/Page_Show microsite/div_Ill complete my profile later' is clicked on

2019-08-08 21:16:25 - [MESSAGE][PASSED] - Object: 'Object Repository/virualShowRSVPOR/Page_Show microsite/div_Ill complete my profile later' is clicked on

2019-08-08 21:16:25 - [TEST_STEP][PASSED] - navigateToUrl(micrositeURL): Navigate to 'https://mirandakate.cabitest5.com/show-microsite/104671516/' successfully

2019-08-08 21:16:32 - [MESSAGE][PASSED] - Navigate to 'https://mirandakate.cabitest5.com/show-microsite/104671516/' successfully

2019-08-08 21:16:32 - [TEST_STEP][PASSED] - userLogin = findWebElements(findTestObject("Object Repository/virualShowRSVPOR/Page_Show microsite/i_user_login"), 5): null

2019-08-08 21:16:32 - [TEST_STEP][PASSED] - if (userLogin.size() == 0): null

2019-08-08 21:16:32 - [TEST_STEP][PASSED] - listElement1 = findWebElements(findTestObject("Object Repository/virualShowRSVPOR/Page_Show microsite/div_Update your RSVP"), 5): Unable to find the element located by 'By.xpath: //*[contains(text(), 'Update your RSVP')]'. Please recheck the objects properties to make sure the desired element is located. 

2019-08-08 21:16:37 - [MESSAGE][INFO] - Unable to find the element located by 'By.xpath: //*[contains(text(), 'Update your RSVP')]'. Please recheck the objects properties to make sure the desired element is located. 

2019-08-08 21:16:37 - [TEST_STEP][PASSED] - if (empty): Actual text and expected text of test object 'Object Repository/virualShowRSVPOR/Page_Show microsite/h2_We hope youll be able to attend.' are matched.

2019-08-08 21:16:37 - [TEST_STEP][PASSED] - println("RSVP is not updated"): null

2019-08-08 21:16:37 - [TEST_STEP][PASSED] - click(findTestObject("Object Repository/virualShowRSVPOR/Page_Show microsite/button_RSVP")): Object: 'Object Repository/virualShowRSVPOR/Page_Show microsite/button_RSVP' is clicked on

2019-08-08 21:16:37 - [MESSAGE][PASSED] - Object: 'Object Repository/virualShowRSVPOR/Page_Show microsite/button_RSVP' is clicked on

2019-08-08 21:16:37 - [TEST_STEP][PASSED] - click(findTestObject("Object Repository/virualShowRSVPOR/Page_Show microsite/select_rsvp_maybe")): Object: 'Object Repository/virualShowRSVPOR/Page_Show microsite/select_rsvp_maybe' is clicked on

2019-08-08 21:16:37 - [MESSAGE][PASSED] - Object: 'Object Repository/virualShowRSVPOR/Page_Show microsite/select_rsvp_maybe' is clicked on

2019-08-08 21:16:37 - [TEST_STEP][PASSED] - click(findTestObject("Object Repository/virualShowRSVPOR/Page_Show microsite/button_SEND")): Object: 'Object Repository/virualShowRSVPOR/Page_Show microsite/button_SEND' is clicked on

2019-08-08 21:16:38 - [MESSAGE][PASSED] - Object: 'Object Repository/virualShowRSVPOR/Page_Show microsite/button_SEND' is clicked on

2019-08-08 21:16:38 - [TEST_STEP][PASSED] - delay(4): Delayed 4 second(s)

2019-08-08 21:16:42 - [MESSAGE][PASSED] - Delayed 4 second(s)

2019-08-08 21:16:42 - [TEST_STEP][PASSED] - verifyElementText(findTestObject("Object Repository/virualShowRSVPOR/Page_Show microsite/h2_We hope youll be able to attend."), "We hope you'll be able to attend."): Actual text and expected text of test object 'Object Repository/virualShowRSVPOR/Page_Show microsite/h2_We hope youll be able to attend.' are matched.

2019-08-08 21:16:42 - [MESSAGE][PASSED] - Actual text and expected text of test object 'Object Repository/virualShowRSVPOR/Page_Show microsite/h2_We hope youll be able to attend.' are matched.

2019-08-08 21:16:42 - [TEST_STEP][PASSED] - maybeList.add(guest1Obj): null

2019-08-08 21:16:42 - [TEST_STEP][PASSED] - noreplyList.remove(guest1Obj): null

2019-08-08 21:16:42 - [TEST_STEP][PASSED] - switchToWindowIndex(currentTab + 1): Switched to window with index: '1'

2019-08-08 21:16:42 - [MESSAGE][PASSED] - Switched to window with index: '1'

2019-08-08 21:16:42 - [TEST_STEP][PASSED] - delay(2): Delayed 2 second(s)

2019-08-08 21:16:44 - [MESSAGE][PASSED] - Delayed 2 second(s)

2019-08-08 21:16:44 - [TEST_STEP][PASSED] - executor.executeScript("arguments[0].click();", findWebElement(findTestObject("Object Repository/virualShowRSVPOR/dashboard/a_close_mic_alert"), 5)): null

2019-08-08 21:16:44 - [TEST_STEP][PASSED] - try: Unable to find the element located by 'By.xpath: //div[@class='table-body']/div[@class='table-row']/div/div[@class='table-row-ordered']'. Please recheck the objects properties to make sure the desired element is located. 

2019-08-08 21:16:44 - [TEST_STEP][PASSED] - assert VSGuest.validateGuests(findTestObject("Object Repository/virualShowRSVPOR/dashboard/select_present"), presentList): Unable to find the element located by 'By.xpath: //div[@class='table-body']/div[@class='table-row']/div/div[@class='table-row-ordered']'. Please recheck the objects properties to make sure the desired element is located. 

2019-08-08 21:16:45 - [MESSAGE][INFO] - Unable to find the element located by 'By.xpath: //div[@class='table-body']/div[@class='table-row']/div/div[@class='table-row-status']/i[position()=1]'. Please recheck the objects properties to make sure the desired element is located. 

2019-08-08 21:16:46 - [MESSAGE][INFO] - Unable to find the element located by 'By.xpath: //div[@class='table-body']/div[@class='table-row']/div/div[@class='table-row-status']/i[position()='2']'. Please recheck the objects properties to make sure the desired element is located. 

2019-08-08 21:16:47 - [MESSAGE][INFO] - Unable to find the element located by 'By.xpath: //div[@class='table-body']/div[@class='table-row']/div/div[@class='table-row-name']/a/i'. Please recheck the objects properties to make sure the desired element is located. 

2019-08-08 21:16:48 - [MESSAGE][INFO] - Unable to find the element located by 'By.xpath: //div[@class='table-body']/div[@class='table-row']/div/div[@class='table-row-name']/a/span[last()]'. Please recheck the objects properties to make sure the desired element is located. 

2019-08-08 21:16:49 - [MESSAGE][INFO] - Unable to find the element located by 'By.xpath: //div[@class='table-body']/div[@class='table-row']/div/div[@class='table-row-favorites']'. Please recheck the objects properties to make sure the desired element is located. 

2019-08-08 21:16:50 - [MESSAGE][INFO] - Unable to find the element located by 'By.xpath: //div[@class='table-body']/div[@class='table-row']/div/div[@class='table-row-ordered']'. Please recheck the objects properties to make sure the desired element is located. 

2019-08-08 21:16:50 - [TEST_STEP][PASSED] - delay(2): Delayed 2 second(s)

2019-08-08 21:16:52 - [MESSAGE][PASSED] - Delayed 2 second(s)

2019-08-08 21:16:52 - [TEST_STEP][PASSED] - executor.executeScript("arguments[0].click();", findWebElement(findTestObject("Object Repository/virualShowRSVPOR/dashboard/select_rsvp_blankreply_1"), 5)): null

2019-08-08 21:16:52 - [TEST_STEP][PASSED] - delay(2): Delayed 2 second(s)

2019-08-08 21:16:54 - [MESSAGE][PASSED] - Delayed 2 second(s)

2019-08-08 21:16:54 - [TEST_STEP][PASSED] - try: null

2019-08-08 21:16:54 - [TEST_STEP][PASSED] - assert VSGuest.validateGuests(findTestObject("Object Repository/virualShowRSVPOR/dashboard/select_rsvp_blankreply"), allList): null

2019-08-08 21:16:55 - [TEST_STEP][PASSED] - delay(2): Delayed 2 second(s)

2019-08-08 21:16:57 - [MESSAGE][PASSED] - Delayed 2 second(s)

2019-08-08 21:16:57 - [TEST_STEP][PASSED] - try: null

2019-08-08 21:16:57 - [TEST_STEP][PASSED] - assert VSGuest.validateGuests(findTestObject("Object Repository/virualShowRSVPOR/dashboard/select_rsvp_yes"), yesList): null

2019-08-08 21:16:57 - [TEST_STEP][PASSED] - delay(2): Delayed 2 second(s)

2019-08-08 21:16:59 - [MESSAGE][PASSED] - Delayed 2 second(s)

2019-08-08 21:16:59 - [TEST_STEP][PASSED] - try: Unable to find the element located by 'By.xpath: //div[@class='table-body']/div[@class='table-row']/div/div[@class='table-row-ordered']'. Please recheck the objects properties to make sure the desired element is located. 

2019-08-08 21:16:59 - [TEST_STEP][PASSED] - assert VSGuest.validateGuests(findTestObject("Object Repository/virualShowRSVPOR/dashboard/select_rsvp_no"), noList): Unable to find the element located by 'By.xpath: //div[@class='table-body']/div[@class='table-row']/div/div[@class='table-row-ordered']'. Please recheck the objects properties to make sure the desired element is located. 

2019-08-08 21:17:00 - [MESSAGE][INFO] - Unable to find the element located by 'By.xpath: //div[@class='table-body']/div[@class='table-row']/div/div[@class='table-row-status']/i[position()=1]'. Please recheck the objects properties to make sure the desired element is located. 

2019-08-08 21:17:01 - [MESSAGE][INFO] - Unable to find the element located by 'By.xpath: //div[@class='table-body']/div[@class='table-row']/div/div[@class='table-row-status']/i[position()='2']'. Please recheck the objects properties to make sure the desired element is located. 

2019-08-08 21:17:02 - [MESSAGE][INFO] - Unable to find the element located by 'By.xpath: //div[@class='table-body']/div[@class='table-row']/div/div[@class='table-row-name']/a/i'. Please recheck the objects properties to make sure the desired element is located. 

2019-08-08 21:17:03 - [MESSAGE][INFO] - Unable to find the element located by 'By.xpath: //div[@class='table-body']/div[@class='table-row']/div/div[@class='table-row-name']/a/span[last()]'. Please recheck the objects properties to make sure the desired element is located. 

2019-08-08 21:17:04 - [MESSAGE][INFO] - Unable to find the element located by 'By.xpath: //div[@class='table-body']/div[@class='table-row']/div/div[@class='table-row-favorites']'. Please recheck the objects properties to make sure the desired element is located. 

2019-08-08 21:17:05 - [MESSAGE][INFO] - Unable to find the element located by 'By.xpath: //div[@class='table-body']/div[@class='table-row']/div/div[@class='table-row-ordered']'. Please recheck the objects properties to make sure the desired element is located. 

2019-08-08 21:17:05 - [TEST_STEP][PASSED] - delay(2): Delayed 2 second(s)

2019-08-08 21:17:07 - [MESSAGE][PASSED] - Delayed 2 second(s)

2019-08-08 21:17:07 - [TEST_STEP][PASSED] - try: null

2019-08-08 21:17:07 - [TEST_STEP][PASSED] - assert VSGuest.validateGuests(findTestObject("Object Repository/virualShowRSVPOR/dashboard/select_rsvp_maybe"), maybeList): null

2019-08-08 21:17:08 - [TEST_STEP][PASSED] - delay(2): Delayed 2 second(s)

2019-08-08 21:17:10 - [MESSAGE][PASSED] - Delayed 2 second(s)

2019-08-08 21:17:10 - [TEST_STEP][PASSED] - try: null

2019-08-08 21:17:10 - [TEST_STEP][PASSED] - assert VSGuest.validateGuests(findTestObject("Object Repository/virualShowRSVPOR/dashboard/select_rsvp_notreply"), noreplyList): null

2019-08-08 21:17:10 - [TEST_STEP][PASSED] - switchToWindowIndex(currentTab + 2): Switched to window with index: '2'

2019-08-08 21:17:10 - [MESSAGE][PASSED] - Switched to window with index: '2'

2019-08-08 21:17:10 - [TEST_STEP][PASSED] - delay(2): Delayed 2 second(s)

2019-08-08 21:17:12 - [MESSAGE][PASSED] - Delayed 2 second(s)

2019-08-08 21:17:12 - [TEST_STEP][PASSED] - click(findTestObject("Object Repository/virualShowRSVPOR/Page_Show microsite/div_Update your RSVP")): Object: 'Object Repository/virualShowRSVPOR/Page_Show microsite/div_Update your RSVP' is clicked on

2019-08-08 21:17:12 - [MESSAGE][PASSED] - Object: 'Object Repository/virualShowRSVPOR/Page_Show microsite/div_Update your RSVP' is clicked on

2019-08-08 21:17:12 - [TEST_STEP][PASSED] - click(findTestObject("Object Repository/virualShowRSVPOR/Page_Show microsite/select_rsvp_no")): Object: 'Object Repository/virualShowRSVPOR/Page_Show microsite/select_rsvp_no' is clicked on

2019-08-08 21:17:12 - [MESSAGE][PASSED] - Object: 'Object Repository/virualShowRSVPOR/Page_Show microsite/select_rsvp_no' is clicked on

2019-08-08 21:17:12 - [TEST_STEP][PASSED] - click(findTestObject("Object Repository/virualShowRSVPOR/Page_Show microsite/button_SEND")): Object: 'Object Repository/virualShowRSVPOR/Page_Show microsite/button_SEND' is clicked on

2019-08-08 21:17:12 - [MESSAGE][PASSED] - Object: 'Object Repository/virualShowRSVPOR/Page_Show microsite/button_SEND' is clicked on

2019-08-08 21:17:12 - [TEST_STEP][PASSED] - delay(4): Delayed 4 second(s)

2019-08-08 21:17:16 - [MESSAGE][PASSED] - Delayed 4 second(s)

2019-08-08 21:17:16 - [TEST_STEP][PASSED] - verifyElementText(findTestObject("Object Repository/virualShowRSVPOR/Page_Show microsite/h2_Sorry you cant make it."), "Sorry you can't make it."): Actual text and expected text of test object 'Object Repository/virualShowRSVPOR/Page_Show microsite/h2_Sorry you cant make it.' are matched.

2019-08-08 21:17:16 - [MESSAGE][PASSED] - Actual text and expected text of test object 'Object Repository/virualShowRSVPOR/Page_Show microsite/h2_Sorry you cant make it.' are matched.

2019-08-08 21:17:16 - [TEST_STEP][PASSED] - noList.add(guest1Obj): null

2019-08-08 21:17:16 - [TEST_STEP][PASSED] - maybeList.remove(guest1Obj): null

2019-08-08 21:17:16 - [TEST_STEP][PASSED] - switchToWindowIndex(currentTab + 1): Switched to window with index: '1'

2019-08-08 21:17:16 - [MESSAGE][PASSED] - Switched to window with index: '1'

2019-08-08 21:17:16 - [TEST_STEP][PASSED] - try: Unable to find the element located by 'By.xpath: //div[@class='table-body']/div[@class='table-row']/div/div[@class='table-row-ordered']'. Please recheck the objects properties to make sure the desired element is located. 

2019-08-08 21:17:16 - [TEST_STEP][PASSED] - assert VSGuest.validateGuests(findTestObject("Object Repository/virualShowRSVPOR/dashboard/select_present"), presentList): Unable to find the element located by 'By.xpath: //div[@class='table-body']/div[@class='table-row']/div/div[@class='table-row-ordered']'. Please recheck the objects properties to make sure the desired element is located. 

2019-08-08 21:17:17 - [MESSAGE][INFO] - Unable to find the element located by 'By.xpath: //div[@class='table-body']/div[@class='table-row']/div/div[@class='table-row-status']/i[position()=1]'. Please recheck the objects properties to make sure the desired element is located. 

2019-08-08 21:17:18 - [MESSAGE][INFO] - Unable to find the element located by 'By.xpath: //div[@class='table-body']/div[@class='table-row']/div/div[@class='table-row-status']/i[position()='2']'. Please recheck the objects properties to make sure the desired element is located. 

2019-08-08 21:17:19 - [MESSAGE][INFO] - Unable to find the element located by 'By.xpath: //div[@class='table-body']/div[@class='table-row']/div/div[@class='table-row-name']/a/i'. Please recheck the objects properties to make sure the desired element is located. 

2019-08-08 21:17:20 - [MESSAGE][INFO] - Unable to find the element located by 'By.xpath: //div[@class='table-body']/div[@class='table-row']/div/div[@class='table-row-name']/a/span[last()]'. Please recheck the objects properties to make sure the desired element is located. 

2019-08-08 21:17:22 - [MESSAGE][INFO] - Unable to find the element located by 'By.xpath: //div[@class='table-body']/div[@class='table-row']/div/div[@class='table-row-favorites']'. Please recheck the objects properties to make sure the desired element is located. 

2019-08-08 21:17:23 - [MESSAGE][INFO] - Unable to find the element located by 'By.xpath: //div[@class='table-body']/div[@class='table-row']/div/div[@class='table-row-ordered']'. Please recheck the objects properties to make sure the desired element is located. 

2019-08-08 21:17:23 - [TEST_STEP][PASSED] - delay(2): Delayed 2 second(s)

2019-08-08 21:17:25 - [MESSAGE][PASSED] - Delayed 2 second(s)

2019-08-08 21:17:25 - [TEST_STEP][PASSED] - executor.executeScript("arguments[0].click();", findWebElement(findTestObject("Object Repository/virualShowRSVPOR/dashboard/select_rsvp_blankreply_1"), 5)): null

2019-08-08 21:17:25 - [TEST_STEP][PASSED] - delay(2): Delayed 2 second(s)

2019-08-08 21:17:27 - [MESSAGE][PASSED] - Delayed 2 second(s)

2019-08-08 21:17:27 - [TEST_STEP][PASSED] - try: null

2019-08-08 21:17:27 - [TEST_STEP][PASSED] - assert VSGuest.validateGuests(findTestObject("Object Repository/virualShowRSVPOR/dashboard/select_rsvp_blankreply"), allList): null

2019-08-08 21:17:27 - [TEST_STEP][PASSED] - delay(2): Delayed 2 second(s)

2019-08-08 21:17:29 - [MESSAGE][PASSED] - Delayed 2 second(s)

2019-08-08 21:17:29 - [TEST_STEP][PASSED] - try: null

2019-08-08 21:17:29 - [TEST_STEP][PASSED] - assert VSGuest.validateGuests(findTestObject("Object Repository/virualShowRSVPOR/dashboard/select_rsvp_yes"), yesList): null

2019-08-08 21:17:29 - [TEST_STEP][PASSED] - delay(2): Delayed 2 second(s)

2019-08-08 21:17:31 - [MESSAGE][PASSED] - Delayed 2 second(s)

2019-08-08 21:17:31 - [TEST_STEP][PASSED] - try: null

2019-08-08 21:17:31 - [TEST_STEP][PASSED] - assert VSGuest.validateGuests(findTestObject("Object Repository/virualShowRSVPOR/dashboard/select_rsvp_no"), noList): null

2019-08-08 21:17:32 - [TEST_STEP][PASSED] - delay(2): Delayed 2 second(s)

2019-08-08 21:17:34 - [MESSAGE][PASSED] - Delayed 2 second(s)

2019-08-08 21:17:34 - [TEST_STEP][PASSED] - try: Unable to find the element located by 'By.xpath: //div[@class='table-body']/div[@class='table-row']/div/div[@class='table-row-ordered']'. Please recheck the objects properties to make sure the desired element is located. 

2019-08-08 21:17:34 - [TEST_STEP][PASSED] - assert VSGuest.validateGuests(findTestObject("Object Repository/virualShowRSVPOR/dashboard/select_rsvp_maybe"), maybeList): Unable to find the element located by 'By.xpath: //div[@class='table-body']/div[@class='table-row']/div/div[@class='table-row-ordered']'. Please recheck the objects properties to make sure the desired element is located. 

2019-08-08 21:17:35 - [MESSAGE][INFO] - Unable to find the element located by 'By.xpath: //div[@class='table-body']/div[@class='table-row']/div/div[@class='table-row-status']/i[position()=1]'. Please recheck the objects properties to make sure the desired element is located. 

2019-08-08 21:17:36 - [MESSAGE][INFO] - Unable to find the element located by 'By.xpath: //div[@class='table-body']/div[@class='table-row']/div/div[@class='table-row-status']/i[position()='2']'. Please recheck the objects properties to make sure the desired element is located. 

2019-08-08 21:17:37 - [MESSAGE][INFO] - Unable to find the element located by 'By.xpath: //div[@class='table-body']/div[@class='table-row']/div/div[@class='table-row-name']/a/i'. Please recheck the objects properties to make sure the desired element is located. 

2019-08-08 21:17:38 - [MESSAGE][INFO] - Unable to find the element located by 'By.xpath: //div[@class='table-body']/div[@class='table-row']/div/div[@class='table-row-name']/a/span[last()]'. Please recheck the objects properties to make sure the desired element is located. 

2019-08-08 21:17:39 - [MESSAGE][INFO] - Unable to find the element located by 'By.xpath: //div[@class='table-body']/div[@class='table-row']/div/div[@class='table-row-favorites']'. Please recheck the objects properties to make sure the desired element is located. 

2019-08-08 21:17:40 - [MESSAGE][INFO] - Unable to find the element located by 'By.xpath: //div[@class='table-body']/div[@class='table-row']/div/div[@class='table-row-ordered']'. Please recheck the objects properties to make sure the desired element is located. 

2019-08-08 21:17:40 - [TEST_STEP][PASSED] - delay(2): Delayed 2 second(s)

2019-08-08 21:17:42 - [MESSAGE][PASSED] - Delayed 2 second(s)

2019-08-08 21:17:42 - [TEST_STEP][PASSED] - try: null

2019-08-08 21:17:42 - [TEST_STEP][PASSED] - assert VSGuest.validateGuests(findTestObject("Object Repository/virualShowRSVPOR/dashboard/select_rsvp_notreply"), noreplyList): null

2019-08-08 21:17:42 - [TEST_STEP][PASSED] - switchToWindowIndex(currentTab + 2): Switched to window with index: '2'

2019-08-08 21:17:42 - [MESSAGE][PASSED] - Switched to window with index: '2'

2019-08-08 21:17:42 - [TEST_STEP][PASSED] - delay(2): Delayed 2 second(s)

2019-08-08 21:17:44 - [MESSAGE][PASSED] - Delayed 2 second(s)

2019-08-08 21:17:44 - [TEST_STEP][PASSED] - click(findTestObject("Object Repository/virualShowRSVPOR/Page_Show microsite/div_Update your RSVP")): Object: 'Object Repository/virualShowRSVPOR/Page_Show microsite/div_Update your RSVP' is clicked on

2019-08-08 21:17:44 - [MESSAGE][PASSED] - Object: 'Object Repository/virualShowRSVPOR/Page_Show microsite/div_Update your RSVP' is clicked on

2019-08-08 21:17:44 - [TEST_STEP][PASSED] - click(findTestObject("Object Repository/virualShowRSVPOR/Page_Show microsite/select_rsvp_yes")): Object: 'Object Repository/virualShowRSVPOR/Page_Show microsite/select_rsvp_yes' is clicked on

2019-08-08 21:17:44 - [MESSAGE][PASSED] - Object: 'Object Repository/virualShowRSVPOR/Page_Show microsite/select_rsvp_yes' is clicked on

2019-08-08 21:17:44 - [TEST_STEP][PASSED] - click(findTestObject("Object Repository/virualShowRSVPOR/Page_Show microsite/button_SEND")): Object: 'Object Repository/virualShowRSVPOR/Page_Show microsite/button_SEND' is clicked on

2019-08-08 21:17:45 - [MESSAGE][PASSED] - Object: 'Object Repository/virualShowRSVPOR/Page_Show microsite/button_SEND' is clicked on

2019-08-08 21:17:45 - [TEST_STEP][PASSED] - delay(4): Delayed 4 second(s)

2019-08-08 21:17:49 - [MESSAGE][PASSED] - Delayed 4 second(s)

2019-08-08 21:17:49 - [TEST_STEP][PASSED] - verifyElementText(findTestObject("Object Repository/virualShowRSVPOR/Page_Show microsite/h2_Were so glad you can make it."), "We're so glad you can make it."): Actual text and expected text of test object 'Object Repository/virualShowRSVPOR/Page_Show microsite/h2_Were so glad you can make it.' are matched.

2019-08-08 21:17:49 - [MESSAGE][PASSED] - Actual text and expected text of test object 'Object Repository/virualShowRSVPOR/Page_Show microsite/h2_Were so glad you can make it.' are matched.

2019-08-08 21:17:49 - [TEST_STEP][PASSED] - delay(4): Delayed 4 second(s)

2019-08-08 21:17:53 - [MESSAGE][PASSED] - Delayed 4 second(s)

2019-08-08 21:17:53 - [TEST_STEP][PASSED] - click(findTestObject("Object Repository/showMicrosite/button_join_the_show")): Object: 'Object Repository/showMicrosite/button_join_the_show' is clicked on

2019-08-08 21:17:53 - [MESSAGE][PASSED] - Object: 'Object Repository/showMicrosite/button_join_the_show' is clicked on

2019-08-08 21:17:53 - [TEST_STEP][PASSED] - delay(3): Delayed 3 second(s)

2019-08-08 21:17:56 - [MESSAGE][PASSED] - Delayed 3 second(s)

2019-08-08 21:17:56 - [TEST_STEP][PASSED] - executor.executeScript("arguments[0].click();", findWebElement(findTestObject("Object Repository/virualShowRSVPOR/dashboard/a_close_mic_alert"), 5)): null

2019-08-08 21:17:56 - [TEST_STEP][PASSED] - active = true: null

2019-08-08 21:17:56 - [TEST_STEP][PASSED] - micStatus = 2: null

2019-08-08 21:17:56 - [TEST_STEP][PASSED] - webcamStatus = 2: null

2019-08-08 21:17:56 - [TEST_STEP][PASSED] - presentList.add(guest1Obj): null

2019-08-08 21:17:56 - [TEST_STEP][PASSED] - yesList.add(guest1Obj): null

2019-08-08 21:17:56 - [TEST_STEP][PASSED] - noList.remove(guest1Obj): null

2019-08-08 21:17:56 - [TEST_STEP][PASSED] - switchToWindowIndex(currentTab + 1): Switched to window with index: '1'

2019-08-08 21:17:56 - [MESSAGE][PASSED] - Switched to window with index: '1'

2019-08-08 21:17:56 - [TEST_STEP][PASSED] - try: null

2019-08-08 21:17:56 - [TEST_STEP][PASSED] - assert VSGuest.validateGuests(findTestObject("Object Repository/virualShowRSVPOR/dashboard/select_present"), presentList): null

2019-08-08 21:17:57 - [TEST_STEP][PASSED] - delay(2): Delayed 2 second(s)

2019-08-08 21:17:59 - [MESSAGE][PASSED] - Delayed 2 second(s)

2019-08-08 21:17:59 - [TEST_STEP][PASSED] - executor.executeScript("arguments[0].click();", findWebElement(findTestObject("Object Repository/virualShowRSVPOR/dashboard/select_rsvp_blankreply_1"), 5)): null

2019-08-08 21:17:59 - [TEST_STEP][PASSED] - delay(2): Delayed 2 second(s)

2019-08-08 21:18:01 - [MESSAGE][PASSED] - Delayed 2 second(s)

2019-08-08 21:18:01 - [TEST_STEP][PASSED] - try: null

2019-08-08 21:18:01 - [TEST_STEP][PASSED] - assert VSGuest.validateGuests(findTestObject("Object Repository/virualShowRSVPOR/dashboard/select_rsvp_blankreply"), allList): null

2019-08-08 21:18:01 - [TEST_STEP][PASSED] - delay(2): Delayed 2 second(s)

2019-08-08 21:18:03 - [MESSAGE][PASSED] - Delayed 2 second(s)

2019-08-08 21:18:03 - [TEST_STEP][PASSED] - try: null

2019-08-08 21:18:03 - [TEST_STEP][PASSED] - assert VSGuest.validateGuests(findTestObject("Object Repository/virualShowRSVPOR/dashboard/select_rsvp_yes"), yesList): null

2019-08-08 21:18:04 - [TEST_STEP][PASSED] - delay(2): Delayed 2 second(s)

2019-08-08 21:18:06 - [MESSAGE][PASSED] - Delayed 2 second(s)

2019-08-08 21:18:06 - [TEST_STEP][PASSED] - try: Unable to find the element located by 'By.xpath: //div[@class='table-body']/div[@class='table-row']/div/div[@class='table-row-ordered']'. Please recheck the objects properties to make sure the desired element is located. 

2019-08-08 21:18:06 - [TEST_STEP][PASSED] - assert VSGuest.validateGuests(findTestObject("Object Repository/virualShowRSVPOR/dashboard/select_rsvp_no"), noList): Unable to find the element located by 'By.xpath: //div[@class='table-body']/div[@class='table-row']/div/div[@class='table-row-ordered']'. Please recheck the objects properties to make sure the desired element is located. 

2019-08-08 21:18:07 - [MESSAGE][INFO] - Unable to find the element located by 'By.xpath: //div[@class='table-body']/div[@class='table-row']/div/div[@class='table-row-status']/i[position()=1]'. Please recheck the objects properties to make sure the desired element is located. 

2019-08-08 21:18:08 - [MESSAGE][INFO] - Unable to find the element located by 'By.xpath: //div[@class='table-body']/div[@class='table-row']/div/div[@class='table-row-status']/i[position()='2']'. Please recheck the objects properties to make sure the desired element is located. 

2019-08-08 21:18:09 - [MESSAGE][INFO] - Unable to find the element located by 'By.xpath: //div[@class='table-body']/div[@class='table-row']/div/div[@class='table-row-name']/a/i'. Please recheck the objects properties to make sure the desired element is located. 

2019-08-08 21:18:10 - [MESSAGE][INFO] - Unable to find the element located by 'By.xpath: //div[@class='table-body']/div[@class='table-row']/div/div[@class='table-row-name']/a/span[last()]'. Please recheck the objects properties to make sure the desired element is located. 

2019-08-08 21:18:11 - [MESSAGE][INFO] - Unable to find the element located by 'By.xpath: //div[@class='table-body']/div[@class='table-row']/div/div[@class='table-row-favorites']'. Please recheck the objects properties to make sure the desired element is located. 

2019-08-08 21:18:12 - [MESSAGE][INFO] - Unable to find the element located by 'By.xpath: //div[@class='table-body']/div[@class='table-row']/div/div[@class='table-row-ordered']'. Please recheck the objects properties to make sure the desired element is located. 

2019-08-08 21:18:12 - [TEST_STEP][PASSED] - delay(2): Delayed 2 second(s)

2019-08-08 21:18:14 - [MESSAGE][PASSED] - Delayed 2 second(s)

2019-08-08 21:18:14 - [TEST_STEP][PASSED] - try: Unable to find the element located by 'By.xpath: //div[@class='table-body']/div[@class='table-row']/div/div[@class='table-row-ordered']'. Please recheck the objects properties to make sure the desired element is located. 

2019-08-08 21:18:14 - [TEST_STEP][PASSED] - assert VSGuest.validateGuests(findTestObject("Object Repository/virualShowRSVPOR/dashboard/select_rsvp_maybe"), maybeList): Unable to find the element located by 'By.xpath: //div[@class='table-body']/div[@class='table-row']/div/div[@class='table-row-ordered']'. Please recheck the objects properties to make sure the desired element is located. 

2019-08-08 21:18:15 - [MESSAGE][INFO] - Unable to find the element located by 'By.xpath: //div[@class='table-body']/div[@class='table-row']/div/div[@class='table-row-status']/i[position()=1]'. Please recheck the objects properties to make sure the desired element is located. 

2019-08-08 21:18:16 - [MESSAGE][INFO] - Unable to find the element located by 'By.xpath: //div[@class='table-body']/div[@class='table-row']/div/div[@class='table-row-status']/i[position()='2']'. Please recheck the objects properties to make sure the desired element is located. 

2019-08-08 21:18:17 - [MESSAGE][INFO] - Unable to find the element located by 'By.xpath: //div[@class='table-body']/div[@class='table-row']/div/div[@class='table-row-name']/a/i'. Please recheck the objects properties to make sure the desired element is located. 

2019-08-08 21:18:18 - [MESSAGE][INFO] - Unable to find the element located by 'By.xpath: //div[@class='table-body']/div[@class='table-row']/div/div[@class='table-row-name']/a/span[last()]'. Please recheck the objects properties to make sure the desired element is located. 

2019-08-08 21:18:19 - [MESSAGE][INFO] - Unable to find the element located by 'By.xpath: //div[@class='table-body']/div[@class='table-row']/div/div[@class='table-row-favorites']'. Please recheck the objects properties to make sure the desired element is located. 

2019-08-08 21:18:20 - [MESSAGE][INFO] - Unable to find the element located by 'By.xpath: //div[@class='table-body']/div[@class='table-row']/div/div[@class='table-row-ordered']'. Please recheck the objects properties to make sure the desired element is located. 

2019-08-08 21:18:20 - [TEST_STEP][PASSED] - delay(2): Delayed 2 second(s)

2019-08-08 21:18:22 - [MESSAGE][PASSED] - Delayed 2 second(s)

2019-08-08 21:18:22 - [TEST_STEP][PASSED] - try: null

2019-08-08 21:18:22 - [TEST_STEP][PASSED] - assert VSGuest.validateGuests(findTestObject("Object Repository/virualShowRSVPOR/dashboard/select_rsvp_notreply"), noreplyList): null

2019-08-08 21:18:22 - [TEST_STEP][PASSED] - delay(2): Delayed 2 second(s)

2019-08-08 21:18:24 - [MESSAGE][PASSED] - Delayed 2 second(s)

2019-08-08 21:18:24 - [TEST_STEP][PASSED] - try: null

2019-08-08 21:18:24 - [TEST_STEP][PASSED] - assert VSGuest.validateGuests(findTestObject("Object Repository/virualShowRSVPOR/dashboard/select_present"), presentList): null

2019-08-08 21:18:25 - [TEST_STEP][PASSED] - delay(2): Delayed 2 second(s)

2019-08-08 21:18:27 - [MESSAGE][PASSED] - Delayed 2 second(s)

2019-08-08 21:18:27 - [TEST_STEP][PASSED] - executor.executeScript("arguments[0].click();", findWebElement(findTestObject("Object Repository/virualShowRSVPOR/dashboard/guest_micStatuss"), 5)): null

2019-08-08 21:18:27 - [TEST_STEP][PASSED] - micStatus = 1: null

2019-08-08 21:18:27 - [TEST_STEP][PASSED] - switchToWindowIndex(currentTab + 2): Switched to window with index: '2'

2019-08-08 21:18:27 - [MESSAGE][PASSED] - Switched to window with index: '2'

2019-08-08 21:18:27 - [TEST_STEP][PASSED] - delay(2): Delayed 2 second(s)

2019-08-08 21:18:29 - [MESSAGE][PASSED] - Delayed 2 second(s)

2019-08-08 21:18:29 - [TEST_STEP][PASSED] - guestMicBB = findWebElements(findTestObject("Object Repository/virualShowRSVPOR/Page_Show microsite/guest_mic_brady_bunch"), 5): Unable to find the element located by 'By.xpath: //div[@class='video-icon-holder']/i[@class='icon-microphone-slash video-icon']'. Please recheck the objects properties to make sure the desired element is located. 

2019-08-08 21:18:34 - [MESSAGE][INFO] - Unable to find the element located by 'By.xpath: //div[@class='video-icon-holder']/i[@class='icon-microphone-slash video-icon']'. Please recheck the objects properties to make sure the desired element is located. 

2019-08-08 21:18:34 - [TEST_STEP][PASSED] - assert guestMicBB.size() == 0: null

2019-08-08 21:18:34 - [TEST_STEP][PASSED] - switchToWindowIndex(currentTab + 1): Switched to window with index: '1'

2019-08-08 21:18:34 - [MESSAGE][PASSED] - Switched to window with index: '1'

2019-08-08 21:18:34 - [TEST_STEP][PASSED] - delay(2): Delayed 2 second(s)

2019-08-08 21:18:36 - [MESSAGE][PASSED] - Delayed 2 second(s)

2019-08-08 21:18:36 - [TEST_STEP][PASSED] - executor.executeScript("arguments[0].click();", findWebElement(findTestObject("Object Repository/virualShowRSVPOR/dashboard/guest_webcamStatuss_disable"), 5)): null

2019-08-08 21:18:36 - [TEST_STEP][PASSED] - webcamStatus = 1: null

2019-08-08 21:18:36 - [TEST_STEP][PASSED] - switchToWindowIndex(currentTab + 2): Switched to window with index: '2'

2019-08-08 21:18:36 - [MESSAGE][PASSED] - Switched to window with index: '2'

2019-08-08 21:18:36 - [TEST_STEP][PASSED] - delay(2): Delayed 2 second(s)

2019-08-08 21:18:38 - [MESSAGE][PASSED] - Delayed 2 second(s)

2019-08-08 21:18:38 - [TEST_STEP][PASSED] - guestWebcamBB = findWebElements(findTestObject("Object Repository/virualShowRSVPOR/Page_Show microsite/guest_webcam_brady_bunch"), 5): Unable to find the element located by 'By.xpath: //div[@class='video-icon-holder']/i[@class='icon-video-slash video-icon']'. Please recheck the objects properties to make sure the desired element is located. 

2019-08-08 21:18:43 - [MESSAGE][INFO] - Unable to find the element located by 'By.xpath: //div[@class='video-icon-holder']/i[@class='icon-video-slash video-icon']'. Please recheck the objects properties to make sure the desired element is located. 

2019-08-08 21:18:43 - [TEST_STEP][PASSED] - assert guestWebcamBB.size() == 0: null

2019-08-08 21:18:43 - [TEST_STEP][PASSED] - switchToWindowIndex(currentTab + 1): Switched to window with index: '1'

2019-08-08 21:18:43 - [MESSAGE][PASSED] - Switched to window with index: '1'

2019-08-08 21:18:43 - [TEST_STEP][PASSED] - delay(4): Delayed 4 second(s)

2019-08-08 21:18:47 - [MESSAGE][PASSED] - Delayed 4 second(s)

2019-08-08 21:18:47 - [TEST_STEP][PASSED] - iMStylist = "Hi I am stylistA": null

2019-08-08 21:18:47 - [TEST_STEP][PASSED] - iMGuest1 = "Hi I am guest 1A": null

2019-08-08 21:18:47 - [TEST_STEP][PASSED] - iMGuest2 = "Hi I am guest 2": null

2019-08-08 21:18:47 - [TEST_STEP][PASSED] - expectedMessage = <not implemented yet for class: org.codehaus.groovy.ast.expr.EmptyExpression>: null

2019-08-08 21:18:47 - [TEST_STEP][PASSED] - actualMessage = <not implemented yet for class: org.codehaus.groovy.ast.expr.EmptyExpression>: null

2019-08-08 21:18:47 - [TEST_STEP][PASSED] - stylstName = getText(findTestObject("Object Repository/virualShowRSVPOR/chatboard/my_sender_name")): Text of object 'Object Repository/virualShowRSVPOR/chatboard/my_sender_name' is: 'Test'

2019-08-08 21:18:47 - [MESSAGE][PASSED] - Text of object 'Object Repository/virualShowRSVPOR/chatboard/my_sender_name' is: 'Test'

2019-08-08 21:18:47 - [TEST_STEP][PASSED] - g1 = UtilityMethods.splitPersonName(guest1)[0]: null

2019-08-08 21:18:47 - [TEST_STEP][PASSED] - setText(findTestObject("Object Repository/virualShowRSVPOR/chatboard/input_text"), iMStylist): Text 'Hi I am stylistA' is set on object 'Object Repository/virualShowRSVPOR/chatboard/input_text'

2019-08-08 21:18:47 - [MESSAGE][PASSED] - Text 'Hi I am stylistA' is set on object 'Object Repository/virualShowRSVPOR/chatboard/input_text'

2019-08-08 21:18:47 - [TEST_STEP][PASSED] - click(findTestObject("Object Repository/virualShowRSVPOR/chatboard/send_text")): Object: 'Object Repository/virualShowRSVPOR/chatboard/send_text' is clicked on

2019-08-08 21:18:48 - [MESSAGE][PASSED] - Object: 'Object Repository/virualShowRSVPOR/chatboard/send_text' is clicked on

2019-08-08 21:18:48 - [TEST_STEP][PASSED] - expectedMessage = new commonUtility.ChatMessage(stylstName, iMStylist): null

2019-08-08 21:18:48 - [TEST_STEP][PASSED] - switchToWindowIndex(currentTab + 2): Switched to window with index: '2'

2019-08-08 21:18:48 - [MESSAGE][PASSED] - Switched to window with index: '2'

2019-08-08 21:18:48 - [TEST_STEP][PASSED] - delay(3): Delayed 3 second(s)

2019-08-08 21:18:51 - [MESSAGE][PASSED] - Delayed 3 second(s)

2019-08-08 21:18:51 - [TEST_STEP][PASSED] - actualMessage = new commonUtility.ChatMessage(com.kms.katalon.core.webui.keyword.WebUiBuiltInKeywords.getText(com.kms.katalon.core.testobject.ObjectRepository.findTestObject(Object Repository/virualShowRSVPOR/chatboard/last_sender)), com.kms.katalon.core.webui.keyword.WebUiBuiltInKeywords.getText(com.kms.katalon.core.testobject.ObjectRepository.findTestObject(Object Repository/virualShowRSVPOR/chatboard/last_message))): Text of object 'Object Repository/virualShowRSVPOR/chatboard/last_message' is: 'Hi I am stylistA'

2019-08-08 21:18:51 - [MESSAGE][PASSED] - Text of object 'Object Repository/virualShowRSVPOR/chatboard/last_sender' is: 'Test'

2019-08-08 21:18:51 - [MESSAGE][PASSED] - Text of object 'Object Repository/virualShowRSVPOR/chatboard/last_message' is: 'Hi I am stylistA'

2019-08-08 21:18:51 - [TEST_STEP][PASSED] - assert actualMessage.equals(expectedMessage): null

2019-08-08 21:18:51 - [TEST_STEP][PASSED] - delay(2): Delayed 2 second(s)

2019-08-08 21:18:53 - [MESSAGE][PASSED] - Delayed 2 second(s)

2019-08-08 21:18:53 - [TEST_STEP][PASSED] - setText(findTestObject("Object Repository/virualShowRSVPOR/chatboard/input_text"), iMGuest1): Text 'Hi I am guest 1A' is set on object 'Object Repository/virualShowRSVPOR/chatboard/input_text'

2019-08-08 21:18:53 - [MESSAGE][PASSED] - Text 'Hi I am guest 1A' is set on object 'Object Repository/virualShowRSVPOR/chatboard/input_text'

2019-08-08 21:18:53 - [TEST_STEP][PASSED] - click(findTestObject("Object Repository/virualShowRSVPOR/chatboard/send_text")): Object: 'Object Repository/virualShowRSVPOR/chatboard/send_text' is clicked on

2019-08-08 21:18:53 - [MESSAGE][PASSED] - Object: 'Object Repository/virualShowRSVPOR/chatboard/send_text' is clicked on

2019-08-08 21:18:53 - [TEST_STEP][PASSED] - expectedMessage = new commonUtility.ChatMessage(g1, iMGuest1): null

2019-08-08 21:18:53 - [TEST_STEP][PASSED] - switchToWindowIndex(currentTab + 1): Switched to window with index: '1'

2019-08-08 21:18:53 - [MESSAGE][PASSED] - Switched to window with index: '1'

2019-08-08 21:18:53 - [TEST_STEP][PASSED] - delay(3): Delayed 3 second(s)

2019-08-08 21:18:56 - [MESSAGE][PASSED] - Delayed 3 second(s)

2019-08-08 21:18:56 - [TEST_STEP][PASSED] - actualMessage = new commonUtility.ChatMessage(com.kms.katalon.core.webui.keyword.WebUiBuiltInKeywords.getText(com.kms.katalon.core.testobject.ObjectRepository.findTestObject(Object Repository/virualShowRSVPOR/chatboard/last_sender_stylist)), com.kms.katalon.core.webui.keyword.WebUiBuiltInKeywords.getText(com.kms.katalon.core.testobject.ObjectRepository.findTestObject(Object Repository/virualShowRSVPOR/chatboard/last_message_stylist))): Text of object 'Object Repository/virualShowRSVPOR/chatboard/last_message_stylist' is: 'Hi I am guest 1A'

2019-08-08 21:18:56 - [MESSAGE][PASSED] - Text of object 'Object Repository/virualShowRSVPOR/chatboard/last_sender_stylist' is: 'guest1-test'

2019-08-08 21:18:56 - [MESSAGE][PASSED] - Text of object 'Object Repository/virualShowRSVPOR/chatboard/last_message_stylist' is: 'Hi I am guest 1A'

2019-08-08 21:18:56 - [TEST_STEP][PASSED] - assert actualMessage.equals(expectedMessage): null

2019-08-08 21:18:56 - [TEST_STEP][PASSED] - click(findTestObject("virualShowRSVPOR/dashboard/playVideosButton")): Object: 'Object Repository/virualShowRSVPOR/dashboard/playVideosButton' is clicked on

2019-08-08 21:18:57 - [MESSAGE][PASSED] - Object: 'Object Repository/virualShowRSVPOR/dashboard/playVideosButton' is clicked on

2019-08-08 21:18:57 - [TEST_STEP][PASSED] - delay(3): Delayed 3 second(s)

2019-08-08 21:19:00 - [MESSAGE][PASSED] - Delayed 3 second(s)

2019-08-08 21:19:00 - [TEST_STEP][PASSED] - click(findTestObject("virualShowRSVPOR/dashboard/playButton")): Object: 'Object Repository/virualShowRSVPOR/dashboard/playButton' is clicked on

2019-08-08 21:19:00 - [MESSAGE][PASSED] - Object: 'Object Repository/virualShowRSVPOR/dashboard/playButton' is clicked on

2019-08-08 21:19:00 - [TEST_STEP][PASSED] - delay(3): Delayed 3 second(s)

2019-08-08 21:19:03 - [MESSAGE][PASSED] - Delayed 3 second(s)

2019-08-08 21:19:03 - [TEST_STEP][PASSED] - switchToWindowIndex(currentTab + 2): Switched to window with index: '2'

2019-08-08 21:19:03 - [MESSAGE][PASSED] - Switched to window with index: '2'

2019-08-08 21:19:03 - [TEST_STEP][PASSED] - delay(10): Delayed 10 second(s)

2019-08-08 21:19:13 - [MESSAGE][PASSED] - Delayed 10 second(s)

2019-08-08 21:19:13 - [TEST_STEP][PASSED] - click(findTestObject("Object Repository/virualShowRSVPOR/carouselTestObjects/carouselSaveOutfit")): Object: 'Object Repository/virualShowRSVPOR/carouselTestObjects/carouselSaveOutfit' is clicked on

2019-08-08 21:19:14 - [MESSAGE][PASSED] - Object: 'Object Repository/virualShowRSVPOR/carouselTestObjects/carouselSaveOutfit' is clicked on

2019-08-08 21:19:14 - [TEST_STEP][PASSED] - favorites = favorites + 3: null

2019-08-08 21:19:14 - [TEST_STEP][PASSED] - switchToWindowIndex(currentTab + 1): Switched to window with index: '1'

2019-08-08 21:19:15 - [MESSAGE][PASSED] - Switched to window with index: '1'

2019-08-08 21:19:15 - [TEST_STEP][PASSED] - delay(15): Delayed 15 second(s)

2019-08-08 21:19:30 - [MESSAGE][PASSED] - Delayed 15 second(s)

2019-08-08 21:19:30 - [TEST_STEP][PASSED] - try: null

2019-08-08 21:19:30 - [TEST_STEP][PASSED] - assert VSGuest.validateGuests(findTestObject("Object Repository/virualShowRSVPOR/dashboard/select_present"), presentList): null

2019-08-08 21:19:30 - [TEST_STEP][PASSED] - delay(2): Delayed 2 second(s)

2019-08-08 21:19:32 - [MESSAGE][PASSED] - Delayed 2 second(s)

2019-08-08 21:19:32 - [TEST_STEP][PASSED] - click(findTestObject("Object Repository/virualShowRSVPOR/dashboard/button_shopping")): Object: 'Object Repository/virualShowRSVPOR/dashboard/button_shopping' is clicked on

2019-08-08 21:19:32 - [MESSAGE][PASSED] - Object: 'Object Repository/virualShowRSVPOR/dashboard/button_shopping' is clicked on

2019-08-08 21:19:32 - [TEST_STEP][PASSED] - webcamStatus = 2: null

2019-08-08 21:19:32 - [TEST_STEP][PASSED] - micStatus = 2: null

2019-08-08 21:19:32 - [TEST_STEP][PASSED] - switchToWindowIndex(currentTab + 2): Switched to window with index: '2'

2019-08-08 21:19:32 - [MESSAGE][PASSED] - Switched to window with index: '2'

2019-08-08 21:19:32 - [TEST_STEP][PASSED] - delay(2): Delayed 2 second(s)

2019-08-08 21:19:34 - [MESSAGE][PASSED] - Delayed 2 second(s)

2019-08-08 21:19:34 - [TEST_STEP][PASSED] - click(findTestObject("Object Repository/virualShowRSVPOR/Page_Show microsite/button_lookbook")): Object: 'Object Repository/virualShowRSVPOR/Page_Show microsite/button_lookbook' is clicked on

2019-08-08 21:19:34 - [MESSAGE][PASSED] - Object: 'Object Repository/virualShowRSVPOR/Page_Show microsite/button_lookbook' is clicked on

2019-08-08 21:19:34 - [TEST_STEP][PASSED] - delay(5): Delayed 5 second(s)

2019-08-08 21:19:39 - [MESSAGE][PASSED] - Delayed 5 second(s)

2019-08-08 21:19:39 - [TEST_STEP][PASSED] - click(findTestObject("Object Repository/virualShowRSVPOR/Page_Show microsite/div_first_look")): Object: 'Object Repository/virualShowRSVPOR/Page_Show microsite/div_first_look' is clicked on

2019-08-08 21:19:40 - [MESSAGE][PASSED] - Object: 'Object Repository/virualShowRSVPOR/Page_Show microsite/div_first_look' is clicked on

2019-08-08 21:19:40 - [TEST_STEP][PASSED] - delay(5): Delayed 5 second(s)

2019-08-08 21:19:45 - [MESSAGE][PASSED] - Delayed 5 second(s)

2019-08-08 21:19:45 - [TEST_STEP][PASSED] - click(findTestObject("Object Repository/virualShowRSVPOR/Page_Show microsite/div_first_look_img")): Object: 'Object Repository/virualShowRSVPOR/Page_Show microsite/div_first_look_img' is clicked on

2019-08-08 21:19:45 - [MESSAGE][PASSED] - Object: 'Object Repository/virualShowRSVPOR/Page_Show microsite/div_first_look_img' is clicked on

2019-08-08 21:19:45 - [TEST_STEP][PASSED] - delay(5): Delayed 5 second(s)

2019-08-08 21:19:50 - [MESSAGE][PASSED] - Delayed 5 second(s)

2019-08-08 21:19:50 - [TEST_STEP][PASSED] - click(findTestObject("Object Repository/virualShowRSVPOR/Page_Show microsite/div_first_look_item")): Object: 'Object Repository/virualShowRSVPOR/Page_Show microsite/div_first_look_item' is clicked on

2019-08-08 21:19:50 - [MESSAGE][PASSED] - Object: 'Object Repository/virualShowRSVPOR/Page_Show microsite/div_first_look_item' is clicked on

2019-08-08 21:19:50 - [TEST_STEP][PASSED] - delay(5): Delayed 5 second(s)

2019-08-08 21:19:55 - [MESSAGE][PASSED] - Delayed 5 second(s)

2019-08-08 21:19:55 - [TEST_STEP][PASSED] - click(findTestObject("Object Repository/virualShowRSVPOR/Page_Show microsite/button_look_save_to_fav")): Object: 'Object Repository/virualShowRSVPOR/Page_Show microsite/button_look_save_to_fav' is clicked on

2019-08-08 21:19:55 - [MESSAGE][PASSED] - Object: 'Object Repository/virualShowRSVPOR/Page_Show microsite/button_look_save_to_fav' is clicked on

2019-08-08 21:19:55 - [TEST_STEP][PASSED] - favorites = favorites + 1: null

2019-08-08 21:19:55 - [TEST_STEP][PASSED] - switchToWindowIndex(currentTab + 1): Switched to window with index: '1'

2019-08-08 21:19:55 - [MESSAGE][PASSED] - Switched to window with index: '1'

2019-08-08 21:19:55 - [TEST_STEP][PASSED] - delay(15): Delayed 15 second(s)

2019-08-08 21:20:10 - [MESSAGE][PASSED] - Delayed 15 second(s)

2019-08-08 21:20:10 - [TEST_STEP][PASSED] - try: null

2019-08-08 21:20:10 - [TEST_STEP][PASSED] - assert VSGuest.validateGuests(findTestObject("Object Repository/virualShowRSVPOR/dashboard/select_present"), presentList): null

2019-08-08 21:20:11 - [TEST_STEP][PASSED] - delay(2): Delayed 2 second(s)

2019-08-08 21:20:13 - [MESSAGE][PASSED] - Delayed 2 second(s)

2019-08-08 21:20:13 - [TEST_STEP][PASSED] - switchToWindowIndex(currentTab + 2): Switched to window with index: '2'

2019-08-08 21:20:13 - [MESSAGE][PASSED] - Switched to window with index: '2'

2019-08-08 21:20:13 - [TEST_STEP][PASSED] - delay(2): Delayed 2 second(s)

2019-08-08 21:20:15 - [MESSAGE][PASSED] - Delayed 2 second(s)

2019-08-08 21:20:15 - [TEST_STEP][PASSED] - click(findTestObject("Object Repository/virualShowRSVPOR/Page_Show microsite/div_collection")): Object: 'Object Repository/virualShowRSVPOR/Page_Show microsite/div_collection' is clicked on

2019-08-08 21:20:59 - [MESSAGE][PASSED] - Object: 'Object Repository/virualShowRSVPOR/Page_Show microsite/div_collection' is clicked on

2019-08-08 21:20:59 - [TEST_STEP][PASSED] - delay(3): Delayed 3 second(s)

2019-08-08 21:21:02 - [MESSAGE][PASSED] - Delayed 3 second(s)

2019-08-08 21:21:02 - [TEST_STEP][PASSED] - switchToFrame(findTestObject("Object Repository/virualShowRSVPOR/Page_Show microsite/frame_collection_rs"), 60): null

2019-08-08 21:21:02 - [TEST_STEP][PASSED] - wait2 = new org.openqa.selenium.support.ui.WebDriverWait(driver, 10): null

2019-08-08 21:21:02 - [TEST_STEP][PASSED] - wait2.until(ExpectedConditions.elementToBeClickable(By.xpath("//div/h2/a/span[contains(text(), 'Beast Belt')]"))): null

2019-08-08 21:21:02 - [TEST_STEP][PASSED] - click(findTestObject("Object Repository/virualShowRSVPOR/Page_Show microsite/button_collection_save_to_fav")): Object: 'Object Repository/virualShowRSVPOR/Page_Show microsite/button_collection_save_to_fav' is clicked on

2019-08-08 21:21:03 - [MESSAGE][PASSED] - Object: 'Object Repository/virualShowRSVPOR/Page_Show microsite/button_collection_save_to_fav' is clicked on

2019-08-08 21:21:03 - [TEST_STEP][PASSED] - delay(3): Delayed 3 second(s)

2019-08-08 21:21:06 - [MESSAGE][PASSED] - Delayed 3 second(s)

2019-08-08 21:21:06 - [TEST_STEP][PASSED] - favorites = favorites + 1: null

2019-08-08 21:21:06 - [TEST_STEP][PASSED] - switchToWindowIndex(currentTab + 1): Switched to window with index: '1'

2019-08-08 21:21:06 - [MESSAGE][PASSED] - Switched to window with index: '1'

2019-08-08 21:21:06 - [TEST_STEP][PASSED] - delay(15): Delayed 15 second(s)

2019-08-08 21:21:21 - [MESSAGE][PASSED] - Delayed 15 second(s)

2019-08-08 21:21:21 - [TEST_STEP][PASSED] - try: null

2019-08-08 21:21:21 - [TEST_STEP][PASSED] - assert VSGuest.validateGuests(findTestObject("Object Repository/virualShowRSVPOR/dashboard/select_present"), presentList): null

2019-08-08 21:21:21 - [TEST_STEP][PASSED] - delay(2): Delayed 2 second(s)

2019-08-08 21:21:23 - [MESSAGE][PASSED] - Delayed 2 second(s)

2019-08-08 21:21:23 - [TEST_STEP][PASSED] - switchToWindowIndex(currentTab + 2): Switched to window with index: '2'

2019-08-08 21:21:23 - [MESSAGE][PASSED] - Switched to window with index: '2'

2019-08-08 21:21:23 - [TEST_STEP][PASSED] - delay(3): Delayed 3 second(s)

2019-08-08 21:21:26 - [MESSAGE][PASSED] - Delayed 3 second(s)

2019-08-08 21:21:26 - [TEST_STEP][PASSED] - switchToFrame(findTestObject("Object Repository/virualShowRSVPOR/Page_Show microsite/frame_collection_rs"), 60): null

2019-08-08 21:21:26 - [TEST_STEP][PASSED] - delay(3): Delayed 3 second(s)

2019-08-08 21:21:29 - [MESSAGE][PASSED] - Delayed 3 second(s)

2019-08-08 21:21:29 - [TEST_STEP][PASSED] - click(findTestObject("Object Repository/ReplicatedSite/div_first_item_to_buy_from_vs")): Object: 'Object Repository/ReplicatedSite/div_first_item_to_buy_from_vs' is clicked on

2019-08-08 21:21:54 - [MESSAGE][PASSED] - Object: 'Object Repository/ReplicatedSite/div_first_item_to_buy_from_vs' is clicked on

2019-08-08 21:21:54 - [TEST_STEP][PASSED] - delay(3): Delayed 3 second(s)

2019-08-08 21:21:57 - [MESSAGE][PASSED] - Delayed 3 second(s)

2019-08-08 21:21:57 - [TEST_STEP][PASSED] - click(findTestObject("Object Repository/ReplicatedSite/select_item_size")): Object: 'Object Repository/ReplicatedSite/select_item_size' is clicked on

2019-08-08 21:21:57 - [MESSAGE][PASSED] - Object: 'Object Repository/ReplicatedSite/select_item_size' is clicked on

2019-08-08 21:21:57 - [TEST_STEP][PASSED] - delay(5): Delayed 5 second(s)

2019-08-08 21:22:03 - [MESSAGE][PASSED] - Delayed 5 second(s)

2019-08-08 21:22:03 - [TEST_STEP][PASSED] - executor.executeScript("arguments[0].click();", findWebElement(findTestObject("Object Repository/ReplicatedSite/button_add_item_to_bag"), 5)): null

2019-08-08 21:22:03 - [TEST_STEP][PASSED] - delay(3): Delayed 3 second(s)

2019-08-08 21:22:06 - [MESSAGE][PASSED] - Delayed 3 second(s)

2019-08-08 21:22:06 - [TEST_STEP][PASSED] - switchToDefaultContent(): null

2019-08-08 21:22:06 - [TEST_STEP][PASSED] - click(findTestObject("Object Repository/ReplicatedSite/div_checkout")): Object: 'Object Repository/ReplicatedSite/div_checkout' is clicked on

2019-08-08 21:22:06 - [MESSAGE][PASSED] - Object: 'Object Repository/ReplicatedSite/div_checkout' is clicked on

2019-08-08 21:22:06 - [TEST_STEP][PASSED] - delay(3): Delayed 3 second(s)

2019-08-08 21:22:09 - [MESSAGE][PASSED] - Delayed 3 second(s)

2019-08-08 21:22:09 - [TEST_STEP][PASSED] - switchToFrame(findTestObject("Object Repository/virualShowRSVPOR/Page_Show microsite/frame_collection_rs"), 60): null

2019-08-08 21:22:15 - [TEST_STEP][PASSED] - delay(3): Delayed 3 second(s)

2019-08-08 21:22:18 - [MESSAGE][PASSED] - Delayed 3 second(s)

2019-08-08 21:22:18 - [TEST_STEP][PASSED] - executor.executeScript("arguments[0].click();", findWebElement(findTestObject("Object Repository/ReplicatedSite/a_checkout_and_add_to_show"), 5)): null

2019-08-08 21:22:19 - [TEST_STEP][PASSED] - delay(10): Delayed 10 second(s)

2019-08-08 21:22:29 - [MESSAGE][PASSED] - Delayed 10 second(s)

2019-08-08 21:22:29 - [TEST_STEP][PASSED] - click(findTestObject("Object Repository/ReplicatedSite/input_other_address")): Object: 'Object Repository/ReplicatedSite/input_other_address' is clicked on

2019-08-08 21:22:30 - [MESSAGE][PASSED] - Object: 'Object Repository/ReplicatedSite/input_other_address' is clicked on

2019-08-08 21:22:30 - [TEST_STEP][PASSED] - click(findTestObject("Object Repository/ReplicatedSite/input_my_address")): Object: 'Object Repository/ReplicatedSite/input_my_address' is clicked on

2019-08-08 21:22:31 - [MESSAGE][PASSED] - Object: 'Object Repository/ReplicatedSite/input_my_address' is clicked on

2019-08-08 21:22:31 - [TEST_STEP][PASSED] - waitForElementClickable(findTestObject("ReplicatedSite/button_save_and_continue"), 60): Object 'Object Repository/ReplicatedSite/button_save_and_continue' is clickable

2019-08-08 21:22:31 - [MESSAGE][PASSED] - Object 'Object Repository/ReplicatedSite/button_save_and_continue' is clickable

2019-08-08 21:22:31 - [TEST_STEP][PASSED] - driver = getWebDriver(): null

2019-08-08 21:22:31 - [TEST_STEP][PASSED] - element = driver.findElement(By.xpath("(//button/span[contains(text(), 'Save and Continue')])[1]")): null

2019-08-08 21:22:31 - [TEST_STEP][PASSED] - executor.executeScript("arguments[0].click();", element): null

2019-08-08 21:22:31 - [TEST_STEP][PASSED] - delay(3): Delayed 3 second(s)

2019-08-08 21:22:34 - [MESSAGE][PASSED] - Delayed 3 second(s)

2019-08-08 21:22:34 - [TEST_STEP][PASSED] - executor.executeScript("arguments[0].click();", findWebElement(findTestObject("Object Repository/ReplicatedSite/input_pay_with_credit"), 5)): null

2019-08-08 21:22:34 - [TEST_STEP][PASSED] - executor.executeScript("arguments[0].click();", findWebElement(findTestObject("Object Repository/ReplicatedSite/button_add_another_card"), 5)): null

2019-08-08 21:22:34 - [TEST_STEP][PASSED] - executor.executeScript("arguments[0].click();", findWebElement(findTestObject("Object Repository/ReplicatedSite/select_credit_card_type"), 5)): null

2019-08-08 21:22:34 - [TEST_STEP][PASSED] - click(findTestObject("Object Repository/ReplicatedSite/select_credit_card_type")): Object: 'Object Repository/ReplicatedSite/select_credit_card_type' is clicked on

2019-08-08 21:22:35 - [MESSAGE][PASSED] - Object: 'Object Repository/ReplicatedSite/select_credit_card_type' is clicked on

2019-08-08 21:22:35 - [TEST_STEP][PASSED] - executor.executeScript("arguments[0].click();", findWebElement(findTestObject("Object Repository/ReplicatedSite/input_creditcard_first_name"), 5)): null

2019-08-08 21:22:35 - [TEST_STEP][PASSED] - setText(findTestObject("Object Repository/ReplicatedSite/input_creditcard_first_name"), "abcd"): Text 'abcd' is set on object 'Object Repository/ReplicatedSite/input_creditcard_first_name'

2019-08-08 21:22:35 - [MESSAGE][PASSED] - Text 'abcd' is set on object 'Object Repository/ReplicatedSite/input_creditcard_first_name'

2019-08-08 21:22:35 - [TEST_STEP][PASSED] - executor.executeScript("arguments[0].click();", findWebElement(findTestObject("Object Repository/ReplicatedSite/input_creditcard_last_name"), 5)): null

2019-08-08 21:22:35 - [TEST_STEP][PASSED] - setText(findTestObject("Object Repository/ReplicatedSite/input_creditcard_last_name"), "efgh"): Text 'efgh' is set on object 'Object Repository/ReplicatedSite/input_creditcard_last_name'

2019-08-08 21:22:36 - [MESSAGE][PASSED] - Text 'efgh' is set on object 'Object Repository/ReplicatedSite/input_creditcard_last_name'

2019-08-08 21:22:36 - [TEST_STEP][PASSED] - executor.executeScript("arguments[0].click();", findWebElement(findTestObject("Object Repository/ReplicatedSite/input_creditcard_card_number"), 5)): null

2019-08-08 21:22:36 - [TEST_STEP][PASSED] - setText(findTestObject("Object Repository/ReplicatedSite/input_creditcard_card_number"), "4111111111111111"): Text '4111111111111111' is set on object 'Object Repository/ReplicatedSite/input_creditcard_card_number'

2019-08-08 21:22:36 - [MESSAGE][PASSED] - Text '4111111111111111' is set on object 'Object Repository/ReplicatedSite/input_creditcard_card_number'

2019-08-08 21:22:36 - [TEST_STEP][PASSED] - executor.executeScript("arguments[0].click();", findWebElement(findTestObject("Object Repository/ReplicatedSite/input_creditcard_expiration_month"), 5)): null

2019-08-08 21:22:37 - [TEST_STEP][PASSED] - click(findTestObject("Object Repository/ReplicatedSite/input_creditcard_expiration_month")): Object: 'Object Repository/ReplicatedSite/input_creditcard_expiration_month' is clicked on

2019-08-08 21:22:37 - [MESSAGE][PASSED] - Object: 'Object Repository/ReplicatedSite/input_creditcard_expiration_month' is clicked on

2019-08-08 21:22:37 - [TEST_STEP][PASSED] - executor.executeScript("arguments[0].click();", findWebElement(findTestObject("Object Repository/ReplicatedSite/input_creditcard_expiration_year"), 5)): null

2019-08-08 21:22:37 - [TEST_STEP][PASSED] - click(findTestObject("Object Repository/ReplicatedSite/input_creditcard_expiration_year")): Object: 'Object Repository/ReplicatedSite/input_creditcard_expiration_year' is clicked on

2019-08-08 21:22:37 - [MESSAGE][PASSED] - Object: 'Object Repository/ReplicatedSite/input_creditcard_expiration_year' is clicked on

2019-08-08 21:22:37 - [TEST_STEP][PASSED] - executor.executeScript("arguments[0].click();", findWebElement(findTestObject("Object Repository/ReplicatedSite/input_billing_address"), 5)): null

2019-08-08 21:22:37 - [TEST_STEP][PASSED] - executor.executeScript("arguments[0].click();", findWebElement(findTestObject("Object Repository/ReplicatedSite/input_billing_location_mailing"), 5)): null

2019-08-08 21:22:38 - [TEST_STEP][PASSED] - executor.executeScript("arguments[0].click();", findWebElement(findTestObject("Object Repository/ReplicatedSite/input_billing_location_add_new"), 5)): null

2019-08-08 21:22:38 - [TEST_STEP][PASSED] - executor.executeScript("arguments[0].click();", findWebElement(findTestObject("Object Repository/ReplicatedSite/input_billing_location_mailing"), 5)): null

2019-08-08 21:22:38 - [TEST_STEP][PASSED] - driver = getWebDriver(): null

2019-08-08 21:22:38 - [TEST_STEP][PASSED] - element = driver.findElement(By.xpath("(//button[@type='submit']/span[contains(text(), 'Save')])[2]")): null

2019-08-08 21:22:38 - [TEST_STEP][PASSED] - actions = new org.openqa.selenium.interactions.Actions(driver): null

2019-08-08 21:22:38 - [TEST_STEP][PASSED] - build().perform(): null

2019-08-08 21:22:38 - [TEST_STEP][PASSED] - delay(10): Delayed 10 second(s)

2019-08-08 21:22:48 - [MESSAGE][PASSED] - Delayed 10 second(s)

2019-08-08 21:22:48 - [TEST_STEP][PASSED] - waitForElementClickable(findTestObject("ReplicatedSite/button_save_and_continue_2"), 60): Object 'Object Repository/ReplicatedSite/button_save_and_continue_2' is clickable

2019-08-08 21:22:48 - [MESSAGE][PASSED] - Object 'Object Repository/ReplicatedSite/button_save_and_continue_2' is clickable

2019-08-08 21:22:48 - [TEST_STEP][PASSED] - driver = getWebDriver(): null

2019-08-08 21:22:48 - [TEST_STEP][PASSED] - element = driver.findElement(By.xpath("(//button/span[contains(text(), 'Save and Continue')])[2]")): null

2019-08-08 21:22:48 - [TEST_STEP][PASSED] - executor.executeScript("arguments[0].click();", element): null

2019-08-08 21:22:49 - [TEST_STEP][PASSED] - delay(5): Delayed 5 second(s)

2019-08-08 21:22:54 - [MESSAGE][PASSED] - Delayed 5 second(s)

2019-08-08 21:22:54 - [TEST_STEP][PASSED] - waitForElementClickable(findTestObject("Object Repository/ReplicatedSite/span_complete_order"), 30): Object 'Object Repository/ReplicatedSite/span_complete_order' is clickable

2019-08-08 21:22:54 - [MESSAGE][PASSED] - Object 'Object Repository/ReplicatedSite/span_complete_order' is clickable

2019-08-08 21:22:54 - [TEST_STEP][PASSED] - element = driver.findElement(By.xpath("//span[contains(text(), 'COMPLETE ORDER')]")): null

2019-08-08 21:22:54 - [TEST_STEP][PASSED] - executor.executeScript("arguments[0].click();", element): null

2019-08-08 21:22:54 - [TEST_STEP][PASSED] - delay(5): Delayed 5 second(s)

2019-08-08 21:22:59 - [MESSAGE][PASSED] - Delayed 5 second(s)

2019-08-08 21:22:59 - [TEST_STEP][PASSED] - executor.executeScript("arguments[0].click();", findWebElement(findTestObject("Object Repository/ReplicatedSite/h1_thanks_msg"), 5)): null

2019-08-08 21:22:59 - [TEST_STEP][PASSED] - verifyElementText(findTestObject("Object Repository/ReplicatedSite/h1_thanks_msg"), "Thanks for placing your order!"): Actual text and expected text of test object 'Object Repository/ReplicatedSite/h1_thanks_msg' are matched.

2019-08-08 21:22:59 - [MESSAGE][PASSED] - Actual text and expected text of test object 'Object Repository/ReplicatedSite/h1_thanks_msg' are matched.

2019-08-08 21:22:59 - [TEST_STEP][PASSED] - delay(2): Delayed 2 second(s)

2019-08-08 21:23:01 - [MESSAGE][PASSED] - Delayed 2 second(s)

2019-08-08 21:23:01 - [TEST_STEP][PASSED] - ordered = ordered + 1: null

2019-08-08 21:23:01 - [TEST_STEP][PASSED] - favorites = favorites - 1: null

2019-08-08 21:23:01 - [TEST_STEP][PASSED] - switchToWindowIndex(currentTab + 1): Switched to window with index: '1'

2019-08-08 21:23:01 - [MESSAGE][PASSED] - Switched to window with index: '1'

2019-08-08 21:23:01 - [TEST_STEP][PASSED] - delay(15): Delayed 15 second(s)

2019-08-08 21:23:16 - [MESSAGE][PASSED] - Delayed 15 second(s)

2019-08-08 21:23:16 - [TEST_STEP][PASSED] - try: null

2019-08-08 21:23:16 - [TEST_STEP][PASSED] - assert VSGuest.validateGuests(findTestObject("Object Repository/virualShowRSVPOR/dashboard/select_present"), presentList): null

2019-08-08 21:23:16 - [TEST_STEP][PASSED] - delay(10): Delayed 10 second(s)

2019-08-08 21:23:26 - [MESSAGE][PASSED] - Delayed 10 second(s)

2019-08-08 21:23:26 - [TEST_STEP][PASSED] - click(findTestObject("Object Repository/virualShowRSVPOR/dashboard/button_end_session")): Object: 'Object Repository/virualShowRSVPOR/dashboard/button_end_session' is clicked on

2019-08-08 21:23:26 - [MESSAGE][PASSED] - Object: 'Object Repository/virualShowRSVPOR/dashboard/button_end_session' is clicked on

2019-08-08 21:23:26 - [TEST_STEP][PASSED] - delay(3): Delayed 3 second(s)

2019-08-08 21:23:29 - [MESSAGE][PASSED] - Delayed 3 second(s)

2019-08-08 21:23:29 - [TEST_STEP][PASSED] - click(findTestObject("Object Repository/virualShowRSVPOR/dashboard/button_end_session_sure")): Object: 'Object Repository/virualShowRSVPOR/dashboard/button_end_session_sure' is clicked on

2019-08-08 21:23:30 - [MESSAGE][PASSED] - Object: 'Object Repository/virualShowRSVPOR/dashboard/button_end_session_sure' is clicked on

2019-08-08 21:23:30 - [TEST_STEP][PASSED] - delay(3): Delayed 3 second(s)

2019-08-08 21:23:33 - [MESSAGE][PASSED] - Delayed 3 second(s)

2019-08-08 21:23:33 - [TEST_STEP][PASSED] - verifyElementText(findTestObject("Object Repository/virualShowRSVPOR/dashboard/p_show_is_over"), "This show is not active."): Actual text and expected text of test object 'Object Repository/virualShowRSVPOR/dashboard/p_show_is_over' are matched.

2019-08-08 21:23:33 - [MESSAGE][PASSED] - Actual text and expected text of test object 'Object Repository/virualShowRSVPOR/dashboard/p_show_is_over' are matched.]]></system-out>
         <system-err><![CDATA[]]></system-err>
      </testcase>
      <system-out><![CDATA[2019-08-08 21:12:50 - [TEST_SUITE][PASSED] - DashboardSuite: Test Cases/VirtualShow/VS_Automation]]></system-out>
      <system-err><![CDATA[]]></system-err>
   </testsuite>
</testsuites>
