<?xml version="1.0" encoding="UTF-8"?>
<testsuites name="TestSuiteFor_NewArrival" time="45" tests="0" failures="1" errors="0">
   <testsuite name="TestSuiteFor_NewArrival" tests="0" failures="1" errors="0" time="45" timestamp="2019-04-22 18:18:37" hostname="user - 10.0.102.159" id="Test Suites/TestSuiteFor_NewArrival">
      <properties>
         <property name="deviceName" value=""/>
         <property name="devicePlatform" value=""/>
         <property name="logFolder" value="F:\\my katalon bkp\\CabiClio\\Reports\\TestSuiteFor_NewArrival\\20190422_181835"/>
         <property name="logFiles" value="F:\\my katalon bkp\\CabiClio\\Reports\\TestSuiteFor_NewArrival\\20190422_181835\\execution0.log"/>
         <property name="attachments" value=""/>
         <property name="hostName" value="user - 10.0.102.159"/>
         <property name="os" value="Windows 8.1 64bit"/>
         <property name="katalonVersion" value="6.1.1.1"/>
         <property name="browser" value="Chrome 73.0.3683.103"/>
         <property name="hostAddress" value="10.0.102.159"/>
         <property name="sessionId" value="1d7704692163325e6bc42bf4f8a76e9e"/>
         <property name="seleniumVersion" value="3.7.1"/>
         <property name="proxyInformation" value="ProxyInformation{proxyOption=NO_PROXY, proxyServerType=HTTP, password=, proxyServerAddress=, proxyServerPort=0}"/>
         <property name="platform" value="Windows 8.1"/>
      </properties>
      <testcase name="Test Cases/NewArrivals" classname="Test Cases/NewArrivals" status="FAILED">
         <failure type="FAILED" message="Test Cases/NewArrivals FAILED.
Reason:
Assertion failed: 

assert UtilityMethods.listEquals(expectedRange, actualRange)== true
                      |          |              |           |
                      false      [XS, S, L, XL] |           false
                                                [XS, S, M, L, XL]

	at NewArrivals.run(NewArrivals:129)
	at com.kms.katalon.core.main.ScriptEngine.run(ScriptEngine.java:194)
	at com.kms.katalon.core.main.ScriptEngine.runScriptAsRawText(ScriptEngine.java:119)
	at com.kms.katalon.core.main.TestCaseExecutor.runScript(TestCaseExecutor.java:342)
	at com.kms.katalon.core.main.TestCaseExecutor.doExecute(TestCaseExecutor.java:333)
	at com.kms.katalon.core.main.TestCaseExecutor.processExecutionPhase(TestCaseExecutor.java:312)
	at com.kms.katalon.core.main.TestCaseExecutor.accessMainPhase(TestCaseExecutor.java:304)
	at com.kms.katalon.core.main.TestCaseExecutor.execute(TestCaseExecutor.java:238)
	at com.kms.katalon.core.main.TestSuiteExecutor.accessTestCaseMainPhase(TestSuiteExecutor.java:129)
	at com.kms.katalon.core.main.TestSuiteExecutor.accessTestSuiteMainPhase(TestSuiteExecutor.java:112)
	at com.kms.katalon.core.main.TestSuiteExecutor.execute(TestSuiteExecutor.java:81)
	at com.kms.katalon.core.main.TestCaseMain.startTestSuite(TestCaseMain.java:157)
	at com.kms.katalon.core.main.TestCaseMain$startTestSuite$0.call(Unknown Source)
	at TempTestSuite1555937315048.run(TempTestSuite1555937315048.groovy:35)
"/>
         <system-out><![CDATA[2019-04-22 18:18:37 - [TEST_CASE][FAILED] - Test Cases/NewArrivals: Test Cases/NewArrivals FAILED.
Reason:
Assertion failed: 

assert UtilityMethods.listEquals(expectedRange, actualRange)== true
                      |          |              |           |
                      false      [XS, S, L, XL] |           false
                                                [XS, S, M, L, XL]

	at NewArrivals.run(NewArrivals:129)
	at com.kms.katalon.core.main.ScriptEngine.run(ScriptEngine.java:194)
	at com.kms.katalon.core.main.ScriptEngine.runScriptAsRawText(ScriptEngine.java:119)
	at com.kms.katalon.core.main.TestCaseExecutor.runScript(TestCaseExecutor.java:342)
	at com.kms.katalon.core.main.TestCaseExecutor.doExecute(TestCaseExecutor.java:333)
	at com.kms.katalon.core.main.TestCaseExecutor.processExecutionPhase(TestCaseExecutor.java:312)
	at com.kms.katalon.core.main.TestCaseExecutor.accessMainPhase(TestCaseExecutor.java:304)
	at com.kms.katalon.core.main.TestCaseExecutor.execute(TestCaseExecutor.java:238)
	at com.kms.katalon.core.main.TestSuiteExecutor.accessTestCaseMainPhase(TestSuiteExecutor.java:129)
	at com.kms.katalon.core.main.TestSuiteExecutor.accessTestSuiteMainPhase(TestSuiteExecutor.java:112)
	at com.kms.katalon.core.main.TestSuiteExecutor.execute(TestSuiteExecutor.java:81)
	at com.kms.katalon.core.main.TestCaseMain.startTestSuite(TestCaseMain.java:157)
	at com.kms.katalon.core.main.TestCaseMain$startTestSuite$0.call(Unknown Source)
	at TempTestSuite1555937315048.run(TempTestSuite1555937315048.groovy:35)


2019-04-22 18:18:37 - [TEST_STEP][PASSED] - Start listener action : sampleBeforeTestCase: null

2019-04-22 18:18:37 - [TEST_STEP][PASSED] - println(testCaseContext.getTestCaseId()): null

2019-04-22 18:18:37 - [TEST_STEP][PASSED] - println(testCaseContext.getTestCaseVariables()): null

2019-04-22 18:18:38 - [TEST_STEP][PASSED] - openBrowser(""): Browser is opened with url: ''

2019-04-22 18:18:38 - [MESSAGE][INFO] - Starting 'Chrome' driver

2019-04-22 18:18:38 - [MESSAGE][INFO] - Action delay is set to 0 seconds

2019-04-22 18:18:41 - [MESSAGE][PASSED] - Browser is opened with url: ''

2019-04-22 18:18:41 - [TEST_STEP][PASSED] - navigateToUrl(CabiUrl): Navigate to 'https://test14.cliotest.com/backoffice/control/main' successfully

2019-04-22 18:18:49 - [MESSAGE][PASSED] - Navigate to 'https://test14.cliotest.com/backoffice/control/main' successfully

2019-04-22 18:18:49 - [TEST_STEP][PASSED] - maximizeWindow(): Current window maximized

2019-04-22 18:18:50 - [MESSAGE][PASSED] - Current window maximized

2019-04-22 18:18:50 - [TEST_STEP][PASSED] - setText(findTestObject("Page_cabi/input_Welcome to_USERNAME"), Username): Text '400000002' is set on object 'Object Repository/Page_cabi/input_Welcome to_USERNAME'

2019-04-22 18:18:50 - [MESSAGE][PASSED] - Text '400000002' is set on object 'Object Repository/Page_cabi/input_Welcome to_USERNAME'

2019-04-22 18:18:50 - [TEST_STEP][PASSED] - setText(findTestObject("Object Repository/Page_cabi/input_Welcome to_PASSWORD"), Password): Text 'blackdress19' is set on object 'Object Repository/Page_cabi/input_Welcome to_PASSWORD'

2019-04-22 18:18:50 - [MESSAGE][PASSED] - Text 'blackdress19' is set on object 'Object Repository/Page_cabi/input_Welcome to_PASSWORD'

2019-04-22 18:18:50 - [TEST_STEP][PASSED] - click(findTestObject("Object Repository/Page_cabi/input_Welcome to_consultantLogin")): Object: 'Object Repository/Page_cabi/input_Welcome to_consultantLogin' is clicked on

2019-04-22 18:18:57 - [MESSAGE][PASSED] - Object: 'Object Repository/Page_cabi/input_Welcome to_consultantLogin' is clicked on

2019-04-22 18:18:57 - [TEST_STEP][PASSED] - click(findTestObject("Object Repository/Page_cabi Home/a_Shows  Orders")): Object: 'Object Repository/Page_cabi Home/a_Shows  Orders' is clicked on

2019-04-22 18:18:57 - [MESSAGE][PASSED] - Object: 'Object Repository/Page_cabi Home/a_Shows  Orders' is clicked on

2019-04-22 18:18:57 - [TEST_STEP][PASSED] - delay(3): Delayed 3 second(s)

2019-04-22 18:19:00 - [MESSAGE][PASSED] - Delayed 3 second(s)

2019-04-22 18:19:00 - [TEST_STEP][PASSED] - click(findTestObject("Object Repository/Page_cabi Home/a_Personal Purchases")): Object: 'Object Repository/Page_cabi Home/a_Personal Purchases' is clicked on

2019-04-22 18:19:04 - [MESSAGE][PASSED] - Object: 'Object Repository/Page_cabi Home/a_Personal Purchases' is clicked on

2019-04-22 18:19:04 - [TEST_STEP][PASSED] - click(findTestObject("Object Repository/Page_cabi Personal Store/span_Continue to Order")): Object: 'Object Repository/Page_cabi Personal Store/span_Continue to Order' is clicked on

2019-04-22 18:19:05 - [MESSAGE][PASSED] - Object: 'Object Repository/Page_cabi Personal Store/span_Continue to Order' is clicked on

2019-04-22 18:19:05 - [TEST_STEP][FAILED] - for ([row = 1, row <= findTestData("New Test Data").getRowNumbers(), (row++)]): for ([row = 1, row <= findTestData("New Test Data").getRowNumbers(), (row++)]) FAILED.
Reason:
Assertion failed: 

assert UtilityMethods.listEquals(expectedRange, actualRange)== true
                      |          |              |           |
                      false      [XS, S, L, XL] |           false
                                                [XS, S, M, L, XL]

	at NewArrivals.run(NewArrivals:129)
	at com.kms.katalon.core.main.ScriptEngine.run(ScriptEngine.java:194)
	at com.kms.katalon.core.main.ScriptEngine.runScriptAsRawText(ScriptEngine.java:119)
	at com.kms.katalon.core.main.TestCaseExecutor.runScript(TestCaseExecutor.java:342)
	at com.kms.katalon.core.main.TestCaseExecutor.doExecute(TestCaseExecutor.java:333)
	at com.kms.katalon.core.main.TestCaseExecutor.processExecutionPhase(TestCaseExecutor.java:312)
	at com.kms.katalon.core.main.TestCaseExecutor.accessMainPhase(TestCaseExecutor.java:304)
	at com.kms.katalon.core.main.TestCaseExecutor.execute(TestCaseExecutor.java:238)
	at com.kms.katalon.core.main.TestSuiteExecutor.accessTestCaseMainPhase(TestSuiteExecutor.java:129)
	at com.kms.katalon.core.main.TestSuiteExecutor.accessTestSuiteMainPhase(TestSuiteExecutor.java:112)
	at com.kms.katalon.core.main.TestSuiteExecutor.execute(TestSuiteExecutor.java:81)
	at com.kms.katalon.core.main.TestCaseMain.startTestSuite(TestCaseMain.java:157)
	at com.kms.katalon.core.main.TestCaseMain$startTestSuite$0.call(Unknown Source)
	at TempTestSuite1555937315048.run(TempTestSuite1555937315048.groovy:35)


2019-04-22 18:19:05 - [TEST_STEP][PASSED] - setText(findTestObject("Object Repository/Page_cabi Order Items/input_New Arrivals - Blooming Blush_style"), findTestData("New Test Data").getValue("Style", row)): Text '5618' is set on object 'Object Repository/Page_cabi Order Items/input_New Arrivals - Blooming Blush_style'

2019-04-22 18:19:05 - [MESSAGE][PASSED] - Text '5618' is set on object 'Object Repository/Page_cabi Order Items/input_New Arrivals - Blooming Blush_style'

2019-04-22 18:19:05 - [TEST_STEP][PASSED] - delay(5): Delayed 5 second(s)

2019-04-22 18:19:10 - [MESSAGE][PASSED] - Delayed 5 second(s)

2019-04-22 18:19:10 - [TEST_STEP][PASSED] - sendKeys(findTestObject("Object Repository/Page_cabi Order Items/input_New Arrivals - Blooming Blush_style"), Keys.chord(ENTER)): Keys 'ENTER + ' sent to object: 'Object Repository/Page_cabi Order Items/input_New Arrivals - Blooming Blush_style'

2019-04-22 18:19:10 - [MESSAGE][PASSED] - Keys 'ENTER + ' sent to object: 'Object Repository/Page_cabi Order Items/input_New Arrivals - Blooming Blush_style'

2019-04-22 18:19:10 - [TEST_STEP][PASSED] - click(findTestObject("Page_cabi Order Items/li_5618 Breeze Dress")): Object: 'Object Repository/Page_cabi Order Items/li_5618 Breeze Dress' is clicked on

2019-04-22 18:19:15 - [MESSAGE][PASSED] - Object: 'Object Repository/Page_cabi Order Items/li_5618 Breeze Dress' is clicked on

2019-04-22 18:19:15 - [TEST_STEP][PASSED] - delay(3): Delayed 3 second(s)

2019-04-22 18:19:18 - [MESSAGE][PASSED] - Delayed 3 second(s)

2019-04-22 18:19:18 - [TEST_STEP][PASSED] - verifyElementText(findTestObject("Page_cabi Order Items/GetAttribute_getID"), findTestData("New Test Data").getValue("Style", row)): Actual text and expected text of test object 'Object Repository/Page_cabi Order Items/GetAttribute_getID' are matched.

2019-04-22 18:19:19 - [MESSAGE][PASSED] - Actual text and expected text of test object 'Object Repository/Page_cabi Order Items/GetAttribute_getID' are matched.

2019-04-22 18:19:19 - [TEST_STEP][PASSED] - delay(3): Delayed 3 second(s)

2019-04-22 18:19:22 - [MESSAGE][PASSED] - Delayed 3 second(s)

2019-04-22 18:19:22 - [TEST_STEP][PASSED] - colorOptions = findWebElements(findTestObject("Page_cabi Order Items/GetAttribute_Color"), 5): null

2019-04-22 18:19:22 - [TEST_STEP][PASSED] - println(colorOptions.size()): null

2019-04-22 18:19:22 - [TEST_STEP][PASSED] - expectedColour = findTestData("New Test Data").getValue("Color", row): null

2019-04-22 18:19:22 - [TEST_STEP][PASSED] - println("expected colour is"): null

2019-04-22 18:19:22 - [TEST_STEP][PASSED] - println(expectedColour): null

2019-04-22 18:19:22 - [TEST_STEP][PASSED] - colourVerified = false: null

2019-04-22 18:19:22 - [TEST_STEP][PASSED] - for (org.openqa.selenium.WebElement op : colorOptions): null

2019-04-22 18:19:22 - [TEST_STEP][PASSED] - println(op.getText()): null

2019-04-22 18:19:22 - [TEST_STEP][PASSED] - if (expectedColour.equalsIgnoreCase(op.getText())): null

2019-04-22 18:19:22 - [TEST_STEP][PASSED] - colourVerified = true: null

2019-04-22 18:19:22 - [TEST_STEP][PASSED] - break: null

2019-04-22 18:19:22 - [TEST_STEP][PASSED] - assert colourVerified == true: null

2019-04-22 18:19:22 - [TEST_STEP][PASSED] - getPrice = getText(findTestObject("Page_cabi Order Items/GetAttribute_Price")): Text of object 'Object Repository/Page_cabi Order Items/GetAttribute_Price' is: 'Price : $119.00'

2019-04-22 18:19:22 - [MESSAGE][PASSED] - Text of object 'Object Repository/Page_cabi Order Items/GetAttribute_Price' is: 'Price : $119.00'

2019-04-22 18:19:22 - [TEST_STEP][PASSED] - Split_Data = UtilityMethods.SplitData(getPrice): null

2019-04-22 18:19:22 - [TEST_STEP][PASSED] - verifyMatch(Split_Data, findTestData("New Test Data").getValue("Retail", row), true): Actual text '119' and expected text '119' are matched  using regular expression

2019-04-22 18:19:22 - [MESSAGE][PASSED] - Actual text '119' and expected text '119' are matched  using regular expression

2019-04-22 18:19:22 - [TEST_STEP][PASSED] - sizeRange1 = ["XXS", "XS", "S", "L", "XL"]: null

2019-04-22 18:19:22 - [TEST_STEP][PASSED] - sizeRange2 = ["00", "0", "2", "4", "6", "8", "10", "12", "14", "16"]: null

2019-04-22 18:19:22 - [TEST_STEP][PASSED] - sizeRange3 = ["Long", "Regular", "Short"]: null

2019-04-22 18:19:22 - [TEST_STEP][PASSED] - sizeRange4 = ["5", "6", "6.5", "7", "7.5", "8", "8.5", "9", "9.5", "10", "11"]: null

2019-04-22 18:19:22 - [TEST_STEP][PASSED] - sizeRangeSplit = UtilityMethods.SplitSizes(findTestData("New Test Data").getValue("SzRange", row)): null

2019-04-22 18:19:22 - [TEST_STEP][PASSED] - sizeType = getText(findTestObject("Object Repository/Page_cabi Order Items/Size")): Text of object 'Object Repository/Page_cabi Order Items/Size' is: 'Select'

2019-04-22 18:19:22 - [MESSAGE][PASSED] - Text of object 'Object Repository/Page_cabi Order Items/Size' is: 'Select'

2019-04-22 18:19:22 - [TEST_STEP][PASSED] - sizeOptions = findWebElements(findTestObject("Object Repository/Page_cabi Order Items/Size"), 5): null

2019-04-22 18:19:22 - [TEST_STEP][PASSED] - actualRange = new java.util.ArrayList(): null

2019-04-22 18:19:22 - [TEST_STEP][PASSED] - expectedRange = <not implemented yet for class: org.codehaus.groovy.ast.expr.EmptyExpression>: null

2019-04-22 18:19:22 - [TEST_STEP][FAILED] - if (sizeType.equalsIgnoreCase("Select")): for ([row = 1, row <= findTestData("New Test Data").getRowNumbers(), (row++)]) FAILED.
Reason:
Assertion failed: 

assert UtilityMethods.listEquals(expectedRange, actualRange)== true
                      |          |              |           |
                      false      [XS, S, L, XL] |           false
                                                [XS, S, M, L, XL]

	at NewArrivals.run(NewArrivals:129)
	at com.kms.katalon.core.main.ScriptEngine.run(ScriptEngine.java:194)
	at com.kms.katalon.core.main.ScriptEngine.runScriptAsRawText(ScriptEngine.java:119)
	at com.kms.katalon.core.main.TestCaseExecutor.runScript(TestCaseExecutor.java:342)
	at com.kms.katalon.core.main.TestCaseExecutor.doExecute(TestCaseExecutor.java:333)
	at com.kms.katalon.core.main.TestCaseExecutor.processExecutionPhase(TestCaseExecutor.java:312)
	at com.kms.katalon.core.main.TestCaseExecutor.accessMainPhase(TestCaseExecutor.java:304)
	at com.kms.katalon.core.main.TestCaseExecutor.execute(TestCaseExecutor.java:238)
	at com.kms.katalon.core.main.TestSuiteExecutor.accessTestCaseMainPhase(TestSuiteExecutor.java:129)
	at com.kms.katalon.core.main.TestSuiteExecutor.accessTestSuiteMainPhase(TestSuiteExecutor.java:112)
	at com.kms.katalon.core.main.TestSuiteExecutor.execute(TestSuiteExecutor.java:81)
	at com.kms.katalon.core.main.TestCaseMain.startTestSuite(TestCaseMain.java:157)
	at com.kms.katalon.core.main.TestCaseMain$startTestSuite$0.call(Unknown Source)
	at TempTestSuite1555937315048.run(TempTestSuite1555937315048.groovy:35)


2019-04-22 18:19:22 - [TEST_STEP][PASSED] - for ([i = 1, i < sizeOptions.size(), (i++)]): null

2019-04-22 18:19:22 - [TEST_STEP][PASSED] - actualRange.add(get(i).getText()): null

2019-04-22 18:19:22 - [TEST_STEP][PASSED] - actualRange.add(get(i).getText()): null

2019-04-22 18:19:22 - [TEST_STEP][PASSED] - actualRange.add(get(i).getText()): null

2019-04-22 18:19:22 - [TEST_STEP][PASSED] - actualRange.add(get(i).getText()): null

2019-04-22 18:19:22 - [TEST_STEP][PASSED] - actualRange.add(get(i).getText()): null

2019-04-22 18:19:22 - [TEST_STEP][PASSED] - if (toString().equalsIgnoreCase("XS") || toString().equalsIgnoreCase("XXS")): null

2019-04-22 18:19:22 - [TEST_STEP][PASSED] - expectedRange = UtilityMethods.getExpectedRange(sizeRange1, sizeRangeSplit): null

2019-04-22 18:19:22 - [TEST_STEP][PASSED] - println("XS"): null

2019-04-22 18:19:22 - [TEST_STEP][PASSED] - println(expectedRange.toString()): null

2019-04-22 18:19:22 - [TEST_STEP][FAILED] - assert UtilityMethods.listEquals(expectedRange, actualRange) == true: for ([row = 1, row <= findTestData("New Test Data").getRowNumbers(), (row++)]) FAILED.
Reason:
Assertion failed: 

assert UtilityMethods.listEquals(expectedRange, actualRange)== true
                      |          |              |           |
                      false      [XS, S, L, XL] |           false
                                                [XS, S, M, L, XL]

	at NewArrivals.run(NewArrivals:129)
	at com.kms.katalon.core.main.ScriptEngine.run(ScriptEngine.java:194)
	at com.kms.katalon.core.main.ScriptEngine.runScriptAsRawText(ScriptEngine.java:119)
	at com.kms.katalon.core.main.TestCaseExecutor.runScript(TestCaseExecutor.java:342)
	at com.kms.katalon.core.main.TestCaseExecutor.doExecute(TestCaseExecutor.java:333)
	at com.kms.katalon.core.main.TestCaseExecutor.processExecutionPhase(TestCaseExecutor.java:312)
	at com.kms.katalon.core.main.TestCaseExecutor.accessMainPhase(TestCaseExecutor.java:304)
	at com.kms.katalon.core.main.TestCaseExecutor.execute(TestCaseExecutor.java:238)
	at com.kms.katalon.core.main.TestSuiteExecutor.accessTestCaseMainPhase(TestSuiteExecutor.java:129)
	at com.kms.katalon.core.main.TestSuiteExecutor.accessTestSuiteMainPhase(TestSuiteExecutor.java:112)
	at com.kms.katalon.core.main.TestSuiteExecutor.execute(TestSuiteExecutor.java:81)
	at com.kms.katalon.core.main.TestCaseMain.startTestSuite(TestCaseMain.java:157)
	at com.kms.katalon.core.main.TestCaseMain$startTestSuite$0.call(Unknown Source)
	at TempTestSuite1555937315048.run(TempTestSuite1555937315048.groovy:35)


2019-04-22 18:19:22 - [MESSAGE][FAILED] - for ([row = 1, row <= findTestData("New Test Data").getRowNumbers(), (row++)]) FAILED.
Reason:
Assertion failed: 

assert UtilityMethods.listEquals(expectedRange, actualRange)== true
                      |          |              |           |
                      false      [XS, S, L, XL] |           false
                                                [XS, S, M, L, XL]

	at NewArrivals.run(NewArrivals:129)
	at com.kms.katalon.core.main.ScriptEngine.run(ScriptEngine.java:194)
	at com.kms.katalon.core.main.ScriptEngine.runScriptAsRawText(ScriptEngine.java:119)
	at com.kms.katalon.core.main.TestCaseExecutor.runScript(TestCaseExecutor.java:342)
	at com.kms.katalon.core.main.TestCaseExecutor.doExecute(TestCaseExecutor.java:333)
	at com.kms.katalon.core.main.TestCaseExecutor.processExecutionPhase(TestCaseExecutor.java:312)
	at com.kms.katalon.core.main.TestCaseExecutor.accessMainPhase(TestCaseExecutor.java:304)
	at com.kms.katalon.core.main.TestCaseExecutor.execute(TestCaseExecutor.java:238)
	at com.kms.katalon.core.main.TestSuiteExecutor.accessTestCaseMainPhase(TestSuiteExecutor.java:129)
	at com.kms.katalon.core.main.TestSuiteExecutor.accessTestSuiteMainPhase(TestSuiteExecutor.java:112)
	at com.kms.katalon.core.main.TestSuiteExecutor.execute(TestSuiteExecutor.java:81)
	at com.kms.katalon.core.main.TestCaseMain.startTestSuite(TestCaseMain.java:157)
	at com.kms.katalon.core.main.TestCaseMain$startTestSuite$0.call(Unknown Source)
	at TempTestSuite1555937315048.run(TempTestSuite1555937315048.groovy:35)]]></system-out>
         <system-err><![CDATA[2019-04-22 18:18:37 - [TEST_CASE][FAILED] - Test Cases/NewArrivals: Test Cases/NewArrivals FAILED.
Reason:
Assertion failed: 

assert UtilityMethods.listEquals(expectedRange, actualRange)== true
                      |          |              |           |
                      false      [XS, S, L, XL] |           false
                                                [XS, S, M, L, XL]

	at NewArrivals.run(NewArrivals:129)
	at com.kms.katalon.core.main.ScriptEngine.run(ScriptEngine.java:194)
	at com.kms.katalon.core.main.ScriptEngine.runScriptAsRawText(ScriptEngine.java:119)
	at com.kms.katalon.core.main.TestCaseExecutor.runScript(TestCaseExecutor.java:342)
	at com.kms.katalon.core.main.TestCaseExecutor.doExecute(TestCaseExecutor.java:333)
	at com.kms.katalon.core.main.TestCaseExecutor.processExecutionPhase(TestCaseExecutor.java:312)
	at com.kms.katalon.core.main.TestCaseExecutor.accessMainPhase(TestCaseExecutor.java:304)
	at com.kms.katalon.core.main.TestCaseExecutor.execute(TestCaseExecutor.java:238)
	at com.kms.katalon.core.main.TestSuiteExecutor.accessTestCaseMainPhase(TestSuiteExecutor.java:129)
	at com.kms.katalon.core.main.TestSuiteExecutor.accessTestSuiteMainPhase(TestSuiteExecutor.java:112)
	at com.kms.katalon.core.main.TestSuiteExecutor.execute(TestSuiteExecutor.java:81)
	at com.kms.katalon.core.main.TestCaseMain.startTestSuite(TestCaseMain.java:157)
	at com.kms.katalon.core.main.TestCaseMain$startTestSuite$0.call(Unknown Source)
	at TempTestSuite1555937315048.run(TempTestSuite1555937315048.groovy:35)]]></system-err>
      </testcase>
      <system-out><![CDATA[2019-04-22 18:18:37 - [TEST_SUITE][FAILED] - TestSuiteFor_NewArrival: Test Cases/NewArrivals FAILED.
Reason:
Assertion failed: 

assert UtilityMethods.listEquals(expectedRange, actualRange)== true
                      |          |              |           |
                      false      [XS, S, L, XL] |           false
                                                [XS, S, M, L, XL]

	at NewArrivals.run(NewArrivals:129)
	at com.kms.katalon.core.main.ScriptEngine.run(ScriptEngine.java:194)
	at com.kms.katalon.core.main.ScriptEngine.runScriptAsRawText(ScriptEngine.java:119)
	at com.kms.katalon.core.main.TestCaseExecutor.runScript(TestCaseExecutor.java:342)
	at com.kms.katalon.core.main.TestCaseExecutor.doExecute(TestCaseExecutor.java:333)
	at com.kms.katalon.core.main.TestCaseExecutor.processExecutionPhase(TestCaseExecutor.java:312)
	at com.kms.katalon.core.main.TestCaseExecutor.accessMainPhase(TestCaseExecutor.java:304)
	at com.kms.katalon.core.main.TestCaseExecutor.execute(TestCaseExecutor.java:238)
	at com.kms.katalon.core.main.TestSuiteExecutor.accessTestCaseMainPhase(TestSuiteExecutor.java:129)
	at com.kms.katalon.core.main.TestSuiteExecutor.accessTestSuiteMainPhase(TestSuiteExecutor.java:112)
	at com.kms.katalon.core.main.TestSuiteExecutor.execute(TestSuiteExecutor.java:81)
	at com.kms.katalon.core.main.TestCaseMain.startTestSuite(TestCaseMain.java:157)
	at com.kms.katalon.core.main.TestCaseMain$startTestSuite$0.call(Unknown Source)
	at TempTestSuite1555937315048.run(TempTestSuite1555937315048.groovy:35)]]></system-out>
      <system-err><![CDATA[2019-04-22 18:18:37 - [TEST_SUITE][FAILED] - TestSuiteFor_NewArrival: Test Cases/NewArrivals FAILED.
Reason:
Assertion failed: 

assert UtilityMethods.listEquals(expectedRange, actualRange)== true
                      |          |              |           |
                      false      [XS, S, L, XL] |           false
                                                [XS, S, M, L, XL]

	at NewArrivals.run(NewArrivals:129)
	at com.kms.katalon.core.main.ScriptEngine.run(ScriptEngine.java:194)
	at com.kms.katalon.core.main.ScriptEngine.runScriptAsRawText(ScriptEngine.java:119)
	at com.kms.katalon.core.main.TestCaseExecutor.runScript(TestCaseExecutor.java:342)
	at com.kms.katalon.core.main.TestCaseExecutor.doExecute(TestCaseExecutor.java:333)
	at com.kms.katalon.core.main.TestCaseExecutor.processExecutionPhase(TestCaseExecutor.java:312)
	at com.kms.katalon.core.main.TestCaseExecutor.accessMainPhase(TestCaseExecutor.java:304)
	at com.kms.katalon.core.main.TestCaseExecutor.execute(TestCaseExecutor.java:238)
	at com.kms.katalon.core.main.TestSuiteExecutor.accessTestCaseMainPhase(TestSuiteExecutor.java:129)
	at com.kms.katalon.core.main.TestSuiteExecutor.accessTestSuiteMainPhase(TestSuiteExecutor.java:112)
	at com.kms.katalon.core.main.TestSuiteExecutor.execute(TestSuiteExecutor.java:81)
	at com.kms.katalon.core.main.TestCaseMain.startTestSuite(TestCaseMain.java:157)
	at com.kms.katalon.core.main.TestCaseMain$startTestSuite$0.call(Unknown Source)
	at TempTestSuite1555937315048.run(TempTestSuite1555937315048.groovy:35)]]></system-err>
   </testsuite>
</testsuites>
