<?xml version="1.0" encoding="UTF-8"?>
<testsuites name="NASuit2_addOnOrderRetail" time="264" tests="0" failures="1" errors="0">
   <testsuite name="NASuit2_addOnOrderRetail" tests="0" failures="1" errors="0" time="264" timestamp="2019-05-24 18:54:57" hostname="user - 10.0.102.159" id="Test Suites/NASuit2_addOnOrderRetail">
      <properties>
         <property name="deviceName" value=""/>
         <property name="devicePlatform" value=""/>
         <property name="logFolder" value="C:\\Users\\user\\Documents\\testautomation\\NewArrivals\\Reports\\NASuit2_addOnOrderRetail\\20190524_185452"/>
         <property name="logFiles" value="C:\\Users\\user\\Documents\\testautomation\\NewArrivals\\Reports\\NASuit2_addOnOrderRetail\\20190524_185452\\execution0.log"/>
         <property name="attachments" value="C:\\Users\\user\\Documents\\testautomation\\NewArrivals\\Reports\\NASuit2_addOnOrderRetail\\20190524_185452\\1558704560245.png"/>
         <property name="hostName" value="user - 10.0.102.159"/>
         <property name="os" value="Windows 8.1 64bit"/>
         <property name="katalonVersion" value="6.1.1.1"/>
         <property name="browser" value="Chrome 74.0.3729.169"/>
         <property name="hostAddress" value="10.0.102.159"/>
         <property name="sessionId" value="f80e89107dc29e7d1ada5a44223c28b8"/>
         <property name="seleniumVersion" value="3.7.1"/>
         <property name="proxyInformation" value="ProxyInformation{proxyOption=NO_PROXY, proxyServerType=HTTP, password=, proxyServerAddress=, proxyServerPort=0}"/>
         <property name="platform" value="Windows 8.1"/>
      </properties>
      <testcase name="Test Cases/addOnOrderRetail" classname="Test Cases/addOnOrderRetail" status="FAILED">
         <failure type="FAILED" message="Test Cases/addOnOrderRetail FAILED.
Reason:
com.kms.katalon.core.exception.StepFailedException: Unable to select option by value 'CABI_c' of object 'Object Repository/findOrders/Page_cabi Find Orders/Page_cabi Stylist Create RMA/selectReason1'  using regular expression
	at com.kms.katalon.core.webui.keyword.internal.WebUIKeywordMain.stepFailed(WebUIKeywordMain.groovy:64)
	at com.kms.katalon.core.webui.keyword.internal.WebUIKeywordMain.runKeyword(WebUIKeywordMain.groovy:26)
	at com.kms.katalon.core.webui.keyword.builtin.SelectOptionByValueKeyword.selectOptionByValue(SelectOptionByValueKeyword.groovy:99)
	at com.kms.katalon.core.webui.keyword.builtin.SelectOptionByValueKeyword.execute(SelectOptionByValueKeyword.groovy:71)
	at com.kms.katalon.core.keyword.internal.KeywordExecutor.executeKeywordForPlatform(KeywordExecutor.groovy:56)
	at com.kms.katalon.core.webui.keyword.WebUiBuiltInKeywords.selectOptionByValue(WebUiBuiltInKeywords.groovy:1138)
	at com.kms.katalon.core.webui.keyword.WebUiBuiltInKeywords$selectOptionByValue$9.call(Unknown Source)
	at addOnOrderRetail.run(addOnOrderRetail:241)
	at com.kms.katalon.core.main.ScriptEngine.run(ScriptEngine.java:194)
	at com.kms.katalon.core.main.ScriptEngine.runScriptAsRawText(ScriptEngine.java:119)
	at com.kms.katalon.core.main.TestCaseExecutor.runScript(TestCaseExecutor.java:342)
	at com.kms.katalon.core.main.TestCaseExecutor.doExecute(TestCaseExecutor.java:333)
	at com.kms.katalon.core.main.TestCaseExecutor.processExecutionPhase(TestCaseExecutor.java:312)
	at com.kms.katalon.core.main.TestCaseExecutor.accessMainPhase(TestCaseExecutor.java:304)
	at com.kms.katalon.core.main.TestCaseExecutor.execute(TestCaseExecutor.java:238)
	at com.kms.katalon.core.main.TestSuiteExecutor.accessTestCaseMainPhase(TestSuiteExecutor.java:129)
	at com.kms.katalon.core.main.TestSuiteExecutor.accessTestSuiteMainPhase(TestSuiteExecutor.java:112)
	at com.kms.katalon.core.main.TestSuiteExecutor.execute(TestSuiteExecutor.java:81)
	at com.kms.katalon.core.main.TestCaseMain.startTestSuite(TestCaseMain.java:157)
	at com.kms.katalon.core.main.TestCaseMain$startTestSuite$0.call(Unknown Source)
	at TempTestSuite1558704292496.run(TempTestSuite1558704292496.groovy:35)
Caused by: com.kms.katalon.core.webui.exception.WebElementNotFoundException: Web element with id: 'Object Repository/findOrders/Page_cabi Find Orders/Page_cabi Stylist Create RMA/selectReason1' located by 'By.xpath: //select[@class = 'reason01' and (text() = '
                                Reason
                                        Shipping
                                        Size
                                        Quality
                                        Other
                                ' or . = '
                                Reason
                                        Shipping
                                        Size
                                        Quality
                                        Other
                                ')]' not found
	at com.kms.katalon.core.webui.common.WebUiCommonHelper.findWebElement(WebUiCommonHelper.java:1097)
	at com.kms.katalon.core.webui.keyword.internal.WebUIAbstractKeyword.findWebElement(WebUIAbstractKeyword.groovy:27)
	at com.kms.katalon.core.webui.keyword.internal.WebUIAbstractKeyword.findWebElement(WebUIAbstractKeyword.groovy:26)
	at com.kms.katalon.core.webui.keyword.builtin.SelectOptionByValueKeyword$_selectOptionByValue_closure1.doCall(SelectOptionByValueKeyword.groovy:86)
	at com.kms.katalon.core.webui.keyword.builtin.SelectOptionByValueKeyword$_selectOptionByValue_closure1.call(SelectOptionByValueKeyword.groovy)
	at com.kms.katalon.core.webui.keyword.internal.WebUIKeywordMain.runKeyword(WebUIKeywordMain.groovy:20)
	at com.kms.katalon.core.webui.keyword.builtin.SelectOptionByValueKeyword.selectOptionByValue(SelectOptionByValueKeyword.groovy:99)
	at com.kms.katalon.core.webui.keyword.builtin.SelectOptionByValueKeyword.execute(SelectOptionByValueKeyword.groovy:71)
	at com.kms.katalon.core.keyword.internal.KeywordExecutor.executeKeywordForPlatform(KeywordExecutor.groovy:56)
	at com.kms.katalon.core.webui.keyword.WebUiBuiltInKeywords.selectOptionByValue(WebUiBuiltInKeywords.groovy:1138)
	at com.kms.katalon.core.webui.keyword.WebUiBuiltInKeywords$selectOptionByValue$9.call(Unknown Source)
	at Script1557930374333.run(Script1557930374333.groovy:241)
	... 13 more
"/>
         <system-out><![CDATA[2019-05-24 18:54:58 - [TEST_CASE][FAILED] - Test Cases/addOnOrderRetail: Test Cases/addOnOrderRetail FAILED.
Reason:
com.kms.katalon.core.exception.StepFailedException: Unable to select option by value 'CABI_c' of object 'Object Repository/findOrders/Page_cabi Find Orders/Page_cabi Stylist Create RMA/selectReason1'  using regular expression
	at com.kms.katalon.core.webui.keyword.internal.WebUIKeywordMain.stepFailed(WebUIKeywordMain.groovy:64)
	at com.kms.katalon.core.webui.keyword.internal.WebUIKeywordMain.runKeyword(WebUIKeywordMain.groovy:26)
	at com.kms.katalon.core.webui.keyword.builtin.SelectOptionByValueKeyword.selectOptionByValue(SelectOptionByValueKeyword.groovy:99)
	at com.kms.katalon.core.webui.keyword.builtin.SelectOptionByValueKeyword.execute(SelectOptionByValueKeyword.groovy:71)
	at com.kms.katalon.core.keyword.internal.KeywordExecutor.executeKeywordForPlatform(KeywordExecutor.groovy:56)
	at com.kms.katalon.core.webui.keyword.WebUiBuiltInKeywords.selectOptionByValue(WebUiBuiltInKeywords.groovy:1138)
	at com.kms.katalon.core.webui.keyword.WebUiBuiltInKeywords$selectOptionByValue$9.call(Unknown Source)
	at addOnOrderRetail.run(addOnOrderRetail:241)
	at com.kms.katalon.core.main.ScriptEngine.run(ScriptEngine.java:194)
	at com.kms.katalon.core.main.ScriptEngine.runScriptAsRawText(ScriptEngine.java:119)
	at com.kms.katalon.core.main.TestCaseExecutor.runScript(TestCaseExecutor.java:342)
	at com.kms.katalon.core.main.TestCaseExecutor.doExecute(TestCaseExecutor.java:333)
	at com.kms.katalon.core.main.TestCaseExecutor.processExecutionPhase(TestCaseExecutor.java:312)
	at com.kms.katalon.core.main.TestCaseExecutor.accessMainPhase(TestCaseExecutor.java:304)
	at com.kms.katalon.core.main.TestCaseExecutor.execute(TestCaseExecutor.java:238)
	at com.kms.katalon.core.main.TestSuiteExecutor.accessTestCaseMainPhase(TestSuiteExecutor.java:129)
	at com.kms.katalon.core.main.TestSuiteExecutor.accessTestSuiteMainPhase(TestSuiteExecutor.java:112)
	at com.kms.katalon.core.main.TestSuiteExecutor.execute(TestSuiteExecutor.java:81)
	at com.kms.katalon.core.main.TestCaseMain.startTestSuite(TestCaseMain.java:157)
	at com.kms.katalon.core.main.TestCaseMain$startTestSuite$0.call(Unknown Source)
	at TempTestSuite1558704292496.run(TempTestSuite1558704292496.groovy:35)
Caused by: com.kms.katalon.core.webui.exception.WebElementNotFoundException: Web element with id: 'Object Repository/findOrders/Page_cabi Find Orders/Page_cabi Stylist Create RMA/selectReason1' located by 'By.xpath: //select[@class = 'reason01' and (text() = '
                                Reason
                                        Shipping
                                        Size
                                        Quality
                                        Other
                                ' or . = '
                                Reason
                                        Shipping
                                        Size
                                        Quality
                                        Other
                                ')]' not found
	at com.kms.katalon.core.webui.common.WebUiCommonHelper.findWebElement(WebUiCommonHelper.java:1097)
	at com.kms.katalon.core.webui.keyword.internal.WebUIAbstractKeyword.findWebElement(WebUIAbstractKeyword.groovy:27)
	at com.kms.katalon.core.webui.keyword.internal.WebUIAbstractKeyword.findWebElement(WebUIAbstractKeyword.groovy:26)
	at com.kms.katalon.core.webui.keyword.builtin.SelectOptionByValueKeyword$_selectOptionByValue_closure1.doCall(SelectOptionByValueKeyword.groovy:86)
	at com.kms.katalon.core.webui.keyword.builtin.SelectOptionByValueKeyword$_selectOptionByValue_closure1.call(SelectOptionByValueKeyword.groovy)
	at com.kms.katalon.core.webui.keyword.internal.WebUIKeywordMain.runKeyword(WebUIKeywordMain.groovy:20)
	at com.kms.katalon.core.webui.keyword.builtin.SelectOptionByValueKeyword.selectOptionByValue(SelectOptionByValueKeyword.groovy:99)
	at com.kms.katalon.core.webui.keyword.builtin.SelectOptionByValueKeyword.execute(SelectOptionByValueKeyword.groovy:71)
	at com.kms.katalon.core.keyword.internal.KeywordExecutor.executeKeywordForPlatform(KeywordExecutor.groovy:56)
	at com.kms.katalon.core.webui.keyword.WebUiBuiltInKeywords.selectOptionByValue(WebUiBuiltInKeywords.groovy:1138)
	at com.kms.katalon.core.webui.keyword.WebUiBuiltInKeywords$selectOptionByValue$9.call(Unknown Source)
	at Script1557930374333.run(Script1557930374333.groovy:241)
	... 13 more


2019-05-24 18:54:58 - [TEST_STEP][PASSED] - Start listener action : sampleBeforeTestCase: null

2019-05-24 18:54:58 - [TEST_STEP][PASSED] - println(testCaseContext.getTestCaseId()): null

2019-05-24 18:54:58 - [TEST_STEP][PASSED] - println(testCaseContext.getTestCaseVariables()): null

2019-05-24 18:54:59 - [TEST_STEP][PASSED] - openBrowser(""): Browser is opened with url: ''

2019-05-24 18:55:00 - [MESSAGE][INFO] - Starting 'Chrome' driver

2019-05-24 18:55:00 - [MESSAGE][INFO] - Action delay is set to 0 seconds

2019-05-24 18:55:04 - [MESSAGE][PASSED] - Browser is opened with url: ''

2019-05-24 18:55:04 - [TEST_STEP][PASSED] - i = 1: null

2019-05-24 18:55:04 - [TEST_STEP][FAILED] - for ([timeRow = 1, timeRow <= findTestData("timezoneData").getRowNumbers(), (timeRow++)]): for ([timeRow = 1, timeRow <= findTestData("timezoneData").getRowNumbers(), (timeRow++)]) FAILED.
Reason:
com.kms.katalon.core.exception.StepFailedException: Unable to select option by value 'CABI_c' of object 'Object Repository/findOrders/Page_cabi Find Orders/Page_cabi Stylist Create RMA/selectReason1'  using regular expression
	at com.kms.katalon.core.webui.keyword.internal.WebUIKeywordMain.stepFailed(WebUIKeywordMain.groovy:64)
	at com.kms.katalon.core.webui.keyword.internal.WebUIKeywordMain.runKeyword(WebUIKeywordMain.groovy:26)
	at com.kms.katalon.core.webui.keyword.builtin.SelectOptionByValueKeyword.selectOptionByValue(SelectOptionByValueKeyword.groovy:99)
	at com.kms.katalon.core.webui.keyword.builtin.SelectOptionByValueKeyword.execute(SelectOptionByValueKeyword.groovy:71)
	at com.kms.katalon.core.keyword.internal.KeywordExecutor.executeKeywordForPlatform(KeywordExecutor.groovy:56)
	at com.kms.katalon.core.webui.keyword.WebUiBuiltInKeywords.selectOptionByValue(WebUiBuiltInKeywords.groovy:1138)
	at com.kms.katalon.core.webui.keyword.WebUiBuiltInKeywords$selectOptionByValue$9.call(Unknown Source)
	at addOnOrderRetail.run(addOnOrderRetail:241)
	at com.kms.katalon.core.main.ScriptEngine.run(ScriptEngine.java:194)
	at com.kms.katalon.core.main.ScriptEngine.runScriptAsRawText(ScriptEngine.java:119)
	at com.kms.katalon.core.main.TestCaseExecutor.runScript(TestCaseExecutor.java:342)
	at com.kms.katalon.core.main.TestCaseExecutor.doExecute(TestCaseExecutor.java:333)
	at com.kms.katalon.core.main.TestCaseExecutor.processExecutionPhase(TestCaseExecutor.java:312)
	at com.kms.katalon.core.main.TestCaseExecutor.accessMainPhase(TestCaseExecutor.java:304)
	at com.kms.katalon.core.main.TestCaseExecutor.execute(TestCaseExecutor.java:238)
	at com.kms.katalon.core.main.TestSuiteExecutor.accessTestCaseMainPhase(TestSuiteExecutor.java:129)
	at com.kms.katalon.core.main.TestSuiteExecutor.accessTestSuiteMainPhase(TestSuiteExecutor.java:112)
	at com.kms.katalon.core.main.TestSuiteExecutor.execute(TestSuiteExecutor.java:81)
	at com.kms.katalon.core.main.TestCaseMain.startTestSuite(TestCaseMain.java:157)
	at com.kms.katalon.core.main.TestCaseMain$startTestSuite$0.call(Unknown Source)
	at TempTestSuite1558704292496.run(TempTestSuite1558704292496.groovy:35)
Caused by: com.kms.katalon.core.webui.exception.WebElementNotFoundException: Web element with id: 'Object Repository/findOrders/Page_cabi Find Orders/Page_cabi Stylist Create RMA/selectReason1' located by 'By.xpath: //select[@class = 'reason01' and (text() = '
                                Reason
                                        Shipping
                                        Size
                                        Quality
                                        Other
                                ' or . = '
                                Reason
                                        Shipping
                                        Size
                                        Quality
                                        Other
                                ')]' not found
	at com.kms.katalon.core.webui.common.WebUiCommonHelper.findWebElement(WebUiCommonHelper.java:1097)
	at com.kms.katalon.core.webui.keyword.internal.WebUIAbstractKeyword.findWebElement(WebUIAbstractKeyword.groovy:27)
	at com.kms.katalon.core.webui.keyword.internal.WebUIAbstractKeyword.findWebElement(WebUIAbstractKeyword.groovy:26)
	at com.kms.katalon.core.webui.keyword.builtin.SelectOptionByValueKeyword$_selectOptionByValue_closure1.doCall(SelectOptionByValueKeyword.groovy:86)
	at com.kms.katalon.core.webui.keyword.builtin.SelectOptionByValueKeyword$_selectOptionByValue_closure1.call(SelectOptionByValueKeyword.groovy)
	at com.kms.katalon.core.webui.keyword.internal.WebUIKeywordMain.runKeyword(WebUIKeywordMain.groovy:20)
	at com.kms.katalon.core.webui.keyword.builtin.SelectOptionByValueKeyword.selectOptionByValue(SelectOptionByValueKeyword.groovy:99)
	at com.kms.katalon.core.webui.keyword.builtin.SelectOptionByValueKeyword.execute(SelectOptionByValueKeyword.groovy:71)
	at com.kms.katalon.core.keyword.internal.KeywordExecutor.executeKeywordForPlatform(KeywordExecutor.groovy:56)
	at com.kms.katalon.core.webui.keyword.WebUiBuiltInKeywords.selectOptionByValue(WebUiBuiltInKeywords.groovy:1138)
	at com.kms.katalon.core.webui.keyword.WebUiBuiltInKeywords$selectOptionByValue$9.call(Unknown Source)
	at Script1557930374333.run(Script1557930374333.groovy:241)
	... 13 more


2019-05-24 18:55:05 - [TEST_STEP][PASSED] - if (timeRow > i): null

2019-05-24 18:55:05 - [TEST_STEP][PASSED] - callTestCase(findTestCase("populateTimeGlobalVars"), ["row":timeRow], STOP_ON_FAILURE): Call Test Case 'Test Cases/populateTimeGlobalVars' successfully

2019-05-24 18:55:06 - [TEST_CASE][PASSED] - Test Cases/populateTimeGlobalVars: Test Cases/populateTimeGlobalVars

2019-05-24 18:55:06 - [TEST_STEP][PASSED] - dataFile = "timezoneData": null

2019-05-24 18:55:06 - [TEST_STEP][PASSED] - serverTarget = UtilityMethods.getTestData(dataFile, "serverTarget", row): null

2019-05-24 18:55:07 - [TEST_STEP][PASSED] - orderType = UtilityMethods.getTestData(dataFile, "orderType", row): null

2019-05-24 18:55:07 - [TEST_STEP][PASSED] - timeZone = UtilityMethods.getTestData(dataFile, "timeZone", row): null

2019-05-24 18:55:07 - [TEST_STEP][PASSED] - BOPersonal = UtilityMethods.getTestData(dataFile, "BOPersonal", row): null

2019-05-24 18:55:08 - [TEST_STEP][PASSED] - BOAddonPersonal = UtilityMethods.getTestData(dataFile, "BOAddonPersonal", row): null

2019-05-24 18:55:08 - [TEST_STEP][PASSED] - BOAddonRetail = UtilityMethods.getTestData(dataFile, "BOAddonRetail", row): null

2019-05-24 18:55:08 - [TEST_STEP][PASSED] - BORetail = UtilityMethods.getTestData(dataFile, "BORetail", row): null

2019-05-24 18:55:08 - [TEST_STEP][PASSED] - BOShow = UtilityMethods.getTestData(dataFile, "BOShow", row): null

2019-05-24 18:55:08 - [TEST_STEP][PASSED] - BOOnlineoutlet = UtilityMethods.getTestData(dataFile, "BOOnlineoutlet", row): null

2019-05-24 18:55:08 - [TEST_STEP][PASSED] - BOEmployee = UtilityMethods.getTestData(dataFile, "BOEmployee", row): null

2019-05-24 18:55:08 - [TEST_STEP][PASSED] - CCPersonal = UtilityMethods.getTestData(dataFile, "CCPersonal", row): null

2019-05-24 18:55:08 - [TEST_STEP][PASSED] - CCRetail = UtilityMethods.getTestData(dataFile, "CCRetail", row): null

2019-05-24 18:55:08 - [TEST_STEP][PASSED] - CCShow = UtilityMethods.getTestData(dataFile, "CCShow", row): null

2019-05-24 18:55:08 - [TEST_STEP][PASSED] - BOEblast = UtilityMethods.getTestData(dataFile, "BOEblast", row): null

2019-05-24 18:55:08 - [MESSAGE][PASSED] - Call Test Case 'Test Cases/populateTimeGlobalVars' successfully

2019-05-24 18:55:08 - [TEST_STEP][PASSED] - callTestCase(findTestCase("newArrivalsSetTimezone"), ["ofbizURL":"", "ofbizuser":"", "ofbizpass":"", "orderType":orderType, "timeZone":timeZone, "serverTarget":serverTarget], STOP_ON_FAILURE): Call Test Case 'Test Cases/newArrivalsSetTimezone' successfully

2019-05-24 18:55:09 - [TEST_CASE][PASSED] - Test Cases/newArrivalsSetTimezone: Test Cases/newArrivalsSetTimezone

2019-05-24 18:55:09 - [TEST_STEP][NOT_RUN] - openBrowser(""): NOT_RUN: openBrowser("")

2019-05-24 18:55:09 - [MESSAGE][NOT_RUN] - NOT_RUN: openBrowser("")

2019-05-24 18:55:09 - [TEST_STEP][NOT_RUN] - maximizeWindow(): NOT_RUN: maximizeWindow()

2019-05-24 18:55:09 - [MESSAGE][NOT_RUN] - NOT_RUN: maximizeWindow()

2019-05-24 18:55:09 - [TEST_STEP][PASSED] - ofbizURL = findTestData("credData").getValue("ofbizURL", 1): null

2019-05-24 18:55:09 - [TEST_STEP][PASSED] - ofbizuser = findTestData("credData").getValue("ofbizuser", 1): null

2019-05-24 18:55:09 - [TEST_STEP][PASSED] - ofbizpass = findTestData("credData").getValue("ofbizpass", 1): null

2019-05-24 18:55:09 - [TEST_STEP][PASSED] - navigateToUrl(ofbizURL): Navigate to 'https://pushofbiz.cliotest.com/login.php' successfully

2019-05-24 18:55:11 - [MESSAGE][PASSED] - Navigate to 'https://pushofbiz.cliotest.com/login.php' successfully

2019-05-24 18:55:11 - [TEST_STEP][PASSED] - setText(findTestObject("Page_/input_Username_username"), ofbizuser): Text 'sshinde' is set on object 'Object Repository/Page_/input_Username_username'

2019-05-24 18:55:12 - [MESSAGE][PASSED] - Text 'sshinde' is set on object 'Object Repository/Page_/input_Username_username'

2019-05-24 18:55:12 - [TEST_STEP][PASSED] - setText(findTestObject("Page_/input_Password_password"), ofbizpass): Text 'C@bi$ush5' is set on object 'Object Repository/Page_/input_Password_password'

2019-05-24 18:55:12 - [MESSAGE][PASSED] - Text 'C@bi$ush5' is set on object 'Object Repository/Page_/input_Password_password'

2019-05-24 18:55:12 - [TEST_STEP][PASSED] - click(findTestObject("Page_/input_Password_Submit")): Object: 'Object Repository/Page_/input_Password_Submit' is clicked on

2019-05-24 18:55:15 - [MESSAGE][PASSED] - Object: 'Object Repository/Page_/input_Password_Submit' is clicked on

2019-05-24 18:55:15 - [TEST_STEP][PASSED] - click(findTestObject("Object Repository/Page_/a_Clock set")): Object: 'Object Repository/Page_/a_Clock set' is clicked on

2019-05-24 18:55:15 - [MESSAGE][PASSED] - Object: 'Object Repository/Page_/a_Clock set' is clicked on

2019-05-24 18:55:15 - [TEST_STEP][PASSED] - selectOptionByLabel(findTestObject("Object Repository/Page_/serverTarget"), serverTarget, true): All options with label 'test14' are selected in object 'Object Repository/Page_/serverTarget'  using regular expression

2019-05-24 18:55:18 - [MESSAGE][PASSED] - All options with label 'test14' are selected in object 'Object Repository/Page_/serverTarget'  using regular expression

2019-05-24 18:55:18 - [TEST_STEP][PASSED] - click(findTestObject("Page_/thisDateAndTime")): Object: 'Object Repository/Page_/thisDateAndTime' is clicked on

2019-05-24 18:55:18 - [MESSAGE][PASSED] - Object: 'Object Repository/Page_/thisDateAndTime' is clicked on

2019-05-24 18:55:18 - [TEST_STEP][PASSED] - setText(findTestObject("Object Repository/Page_/setTargetTime"), timeZone): Text ' 04/17/2019 7:00' is set on object 'Object Repository/Page_/setTargetTime'

2019-05-24 18:55:18 - [MESSAGE][PASSED] - Text ' 04/17/2019 7:00' is set on object 'Object Repository/Page_/setTargetTime'

2019-05-24 18:55:18 - [TEST_STEP][PASSED] - click(findTestObject("Object Repository/Page_/input")): Object: 'Object Repository/Page_/input' is clicked on

2019-05-24 18:55:18 - [MESSAGE][PASSED] - Object: 'Object Repository/Page_/input' is clicked on

2019-05-24 18:55:18 - [TEST_STEP][PASSED] - delay(10): Delayed 10 second(s)

2019-05-24 18:55:28 - [MESSAGE][PASSED] - Delayed 10 second(s)

2019-05-24 18:55:28 - [TEST_STEP][NOT_RUN] - closeBrowser(): NOT_RUN: closeBrowser()

2019-05-24 18:55:28 - [MESSAGE][NOT_RUN] - NOT_RUN: closeBrowser()

2019-05-24 18:55:28 - [MESSAGE][PASSED] - Call Test Case 'Test Cases/newArrivalsSetTimezone' successfully

2019-05-24 18:55:28 - [TEST_STEP][PASSED] - callTestCase(findTestCase("backOfficeLogin"), ["BOURL":"", "BOuser":"", "BOpass":""], STOP_ON_FAILURE): Call Test Case 'Test Cases/backOfficeLogin' successfully

2019-05-24 18:55:29 - [TEST_CASE][PASSED] - Test Cases/backOfficeLogin: Test Cases/backOfficeLogin

2019-05-24 18:55:29 - [TEST_STEP][PASSED] - BOURL = findTestData("credData").getValue("BOURL", 1): null

2019-05-24 18:55:29 - [TEST_STEP][PASSED] - BOuser = findTestData("credData").getValue("BOuser", 1): null

2019-05-24 18:55:29 - [TEST_STEP][PASSED] - BOpass = findTestData("credData").getValue("BOpass", 1): null

2019-05-24 18:55:29 - [TEST_STEP][PASSED] - openBrowser(""): Browser is opened with url: ''

2019-05-24 18:55:29 - [MESSAGE][WARNING] - A browser is already opened. Closing browser and opening a new one

2019-05-24 18:55:30 - [MESSAGE][INFO] - Starting 'Chrome' driver

2019-05-24 18:55:32 - [MESSAGE][PASSED] - Browser is opened with url: ''

2019-05-24 18:55:32 - [TEST_STEP][PASSED] - navigateToUrl(BOURL): Navigate to 'https://test14.cliotest.com/backoffice/control/main' successfully

2019-05-24 18:55:41 - [MESSAGE][PASSED] - Navigate to 'https://test14.cliotest.com/backoffice/control/main' successfully

2019-05-24 18:55:41 - [TEST_STEP][PASSED] - logOut = findWebElements(findTestObject("Object Repository/Page_cabi Home/log_out"), 1): Unable to find the element located by 'By.xpath: //a[contains(text(),'Log Out')]'. Please recheck the objects properties to make sure the desired element is located. 

2019-05-24 18:55:42 - [MESSAGE][INFO] - Unable to find the element located by 'By.xpath: //a[contains(text(),'Log Out')]'. Please recheck the objects properties to make sure the desired element is located. 

2019-05-24 18:55:42 - [TEST_STEP][PASSED] - if (logOut.size() == 0): Object: 'Object Repository/Page_cabi/input_Welcome to_consultantLogin' is clicked on

2019-05-24 18:55:42 - [TEST_STEP][PASSED] - setText(findTestObject("Page_cabi/input_Welcome to_USERNAME"), BOuser): Text '400000002' is set on object 'Object Repository/Page_cabi/input_Welcome to_USERNAME'

2019-05-24 18:55:42 - [MESSAGE][PASSED] - Text '400000002' is set on object 'Object Repository/Page_cabi/input_Welcome to_USERNAME'

2019-05-24 18:55:42 - [TEST_STEP][PASSED] - setText(findTestObject("Object Repository/Page_cabi/input_Welcome to_PASSWORD"), BOpass): Text 'blackdress19' is set on object 'Object Repository/Page_cabi/input_Welcome to_PASSWORD'

2019-05-24 18:55:42 - [MESSAGE][PASSED] - Text 'blackdress19' is set on object 'Object Repository/Page_cabi/input_Welcome to_PASSWORD'

2019-05-24 18:55:42 - [TEST_STEP][PASSED] - click(findTestObject("Object Repository/Page_cabi/input_Welcome to_consultantLogin")): Object: 'Object Repository/Page_cabi/input_Welcome to_consultantLogin' is clicked on

2019-05-24 18:55:52 - [MESSAGE][PASSED] - Object: 'Object Repository/Page_cabi/input_Welcome to_consultantLogin' is clicked on

2019-05-24 18:55:52 - [TEST_STEP][PASSED] - delay(3): Delayed 3 second(s)

2019-05-24 18:55:55 - [MESSAGE][PASSED] - Delayed 3 second(s)

2019-05-24 18:55:55 - [MESSAGE][PASSED] - Call Test Case 'Test Cases/backOfficeLogin' successfully

2019-05-24 18:55:55 - [TEST_STEP][PASSED] - click(findTestObject("Object Repository/Page_cabi Home/a_Shows  Orders")): Object: 'Object Repository/Page_cabi Home/a_Shows  Orders' is clicked on

2019-05-24 18:55:55 - [MESSAGE][PASSED] - Object: 'Object Repository/Page_cabi Home/a_Shows  Orders' is clicked on

2019-05-24 18:55:55 - [TEST_STEP][PASSED] - delay(1): Delayed 1 second(s)

2019-05-24 18:55:56 - [MESSAGE][PASSED] - Delayed 1 second(s)

2019-05-24 18:55:56 - [TEST_STEP][PASSED] - rightClick(findTestObject("Page_cabi Home/a_Shows  Orders")): Object: 'Object Repository/Page_cabi Home/a_Shows  Orders' is right clicked on

2019-05-24 18:55:56 - [MESSAGE][PASSED] - Object: 'Object Repository/Page_cabi Home/a_Shows  Orders' is right clicked on

2019-05-24 18:55:56 - [TEST_STEP][PASSED] - click(findTestObject("Page_cabi Home/a_retail_purchases")): Object: 'Object Repository/Page_cabi Home/a_retail_purchases' is clicked on

2019-05-24 18:56:00 - [MESSAGE][PASSED] - Object: 'Object Repository/Page_cabi Home/a_retail_purchases' is clicked on

2019-05-24 18:56:00 - [TEST_STEP][PASSED] - delay(3): Delayed 3 second(s)

2019-05-24 18:56:03 - [MESSAGE][PASSED] - Delayed 3 second(s)

2019-05-24 18:56:03 - [TEST_STEP][PASSED] - click(findTestObject("Object Repository/Page_cabi Home/existingCustomer")): Object: 'Object Repository/Page_cabi Home/existingCustomer' is clicked on

2019-05-24 18:56:03 - [MESSAGE][PASSED] - Object: 'Object Repository/Page_cabi Home/existingCustomer' is clicked on

2019-05-24 18:56:03 - [TEST_STEP][PASSED] - contactNumber = 4: null

2019-05-24 18:56:03 - [TEST_STEP][PASSED] - firstName = findTestData("contactData").getValue("firstName", contactNumber): null

2019-05-24 18:56:03 - [TEST_STEP][PASSED] - lastName = findTestData("contactData").getValue("lastName", contactNumber): null

2019-05-24 18:56:03 - [TEST_STEP][PASSED] - email = findTestData("contactData").getValue("email", contactNumber): null

2019-05-24 18:56:03 - [TEST_STEP][PASSED] - address1 = findTestData("contactData").getValue("address1", contactNumber): null

2019-05-24 18:56:03 - [TEST_STEP][PASSED] - city = findTestData("contactData").getValue("city", contactNumber): null

2019-05-24 18:56:03 - [TEST_STEP][PASSED] - state = findTestData("contactData").getValue("state", contactNumber): null

2019-05-24 18:56:03 - [TEST_STEP][PASSED] - zip = findTestData("contactData").getValue("zip", contactNumber): null

2019-05-24 18:56:03 - [TEST_STEP][PASSED] - existingCustFName = firstName: null

2019-05-24 18:56:03 - [TEST_STEP][PASSED] - existingCustLName = lastName: null

2019-05-24 18:56:03 - [TEST_STEP][PASSED] - space = " ": null

2019-05-24 18:56:03 - [TEST_STEP][PASSED] - existingCust = $existingCustFName$space$existingCustLName: null

2019-05-24 18:56:03 - [TEST_STEP][PASSED] - setText(findTestObject("Object Repository/Page_cabi Home/input_existing_guest"), existingCust): Text 'neoguest2 abc' is set on object 'Object Repository/Page_cabi Home/input_existing_guest'

2019-05-24 18:56:03 - [MESSAGE][PASSED] - Text 'neoguest2 abc' is set on object 'Object Repository/Page_cabi Home/input_existing_guest'

2019-05-24 18:56:03 - [TEST_STEP][PASSED] - delay(3): Delayed 3 second(s)

2019-05-24 18:56:06 - [MESSAGE][PASSED] - Delayed 3 second(s)

2019-05-24 18:56:06 - [TEST_STEP][PASSED] - rightClick(findTestObject("Object Repository/Page_cabi Home/input_existing_guest")): Object: 'Object Repository/Page_cabi Home/input_existing_guest' is right clicked on

2019-05-24 18:56:06 - [MESSAGE][PASSED] - Object: 'Object Repository/Page_cabi Home/input_existing_guest' is right clicked on

2019-05-24 18:56:06 - [TEST_STEP][PASSED] - rightClick(findTestObject("Object Repository/Page_cabi Home/input_existing_guest")): Object: 'Object Repository/Page_cabi Home/input_existing_guest' is right clicked on

2019-05-24 18:56:06 - [MESSAGE][PASSED] - Object: 'Object Repository/Page_cabi Home/input_existing_guest' is right clicked on

2019-05-24 18:56:06 - [TEST_STEP][PASSED] - click(findTestObject("Object Repository/Page_cabi Create Show - Set Hostess/a_select_customer")): Object: 'Object Repository/Page_cabi Create Show - Set Hostess/a_select_customer' is clicked on

2019-05-24 18:56:07 - [MESSAGE][PASSED] - Object: 'Object Repository/Page_cabi Create Show - Set Hostess/a_select_customer' is clicked on

2019-05-24 18:56:07 - [TEST_STEP][PASSED] - setText(findTestObject("Object Repository/Page_cabi Home/input_existing_guest"), existingCust): Text 'neoguest2 abc' is set on object 'Object Repository/Page_cabi Home/input_existing_guest'

2019-05-24 18:56:07 - [MESSAGE][PASSED] - Text 'neoguest2 abc' is set on object 'Object Repository/Page_cabi Home/input_existing_guest'

2019-05-24 18:56:07 - [TEST_STEP][PASSED] - setText(findTestObject("Object Repository/Page_cabi Retail Store/input_email"), email): Text 'neoguest2ab@test.com' is set on object 'Object Repository/Page_cabi Retail Store/input_email'

2019-05-24 18:56:07 - [MESSAGE][PASSED] - Text 'neoguest2ab@test.com' is set on object 'Object Repository/Page_cabi Retail Store/input_email'

2019-05-24 18:56:07 - [TEST_STEP][PASSED] - setText(findTestObject("Object Repository/Page_cabi Edit Customer Profile/input_Address1_address1"), address1): Text '1908 INDUSTRIAL PARK DR' is set on object 'Object Repository/Page_cabi Edit Customer Profile/input_Address1_address1'

2019-05-24 18:56:08 - [MESSAGE][PASSED] - Text '1908 INDUSTRIAL PARK DR' is set on object 'Object Repository/Page_cabi Edit Customer Profile/input_Address1_address1'

2019-05-24 18:56:08 - [TEST_STEP][PASSED] - setText(findTestObject("Object Repository/Page_cabi Edit Customer Profile/input_Address2_address2"), ""): Text '' is set on object 'Object Repository/Page_cabi Edit Customer Profile/input_Address2_address2'

2019-05-24 18:56:08 - [MESSAGE][PASSED] - Text '' is set on object 'Object Repository/Page_cabi Edit Customer Profile/input_Address2_address2'

2019-05-24 18:56:08 - [TEST_STEP][PASSED] - setText(findTestObject("Object Repository/Page_cabi Edit Customer Profile/input_City_city"), city): Text 'PLANT CITY' is set on object 'Object Repository/Page_cabi Edit Customer Profile/input_City_city'

2019-05-24 18:56:08 - [MESSAGE][PASSED] - Text 'PLANT CITY' is set on object 'Object Repository/Page_cabi Edit Customer Profile/input_City_city'

2019-05-24 18:56:08 - [TEST_STEP][PASSED] - click(findTestObject("Page_cabi Edit Customer Profile/span_select_a_state")): Object: 'Object Repository/Page_cabi Edit Customer Profile/span_select_a_state' is clicked on

2019-05-24 18:56:08 - [MESSAGE][PASSED] - Object: 'Object Repository/Page_cabi Edit Customer Profile/span_select_a_state' is clicked on

2019-05-24 18:56:08 - [TEST_STEP][PASSED] - delay(1): Delayed 1 second(s)

2019-05-24 18:56:09 - [MESSAGE][PASSED] - Delayed 1 second(s)

2019-05-24 18:56:09 - [TEST_STEP][PASSED] - setText(findTestObject("Object Repository/Page_cabi Edit Customer Profile/input_state_1"), state): Text 'FLORIDA' is set on object 'Object Repository/Page_cabi Edit Customer Profile/input_state_1'

2019-05-24 18:56:09 - [MESSAGE][PASSED] - Text 'FLORIDA' is set on object 'Object Repository/Page_cabi Edit Customer Profile/input_state_1'

2019-05-24 18:56:09 - [TEST_STEP][PASSED] - delay(2): Delayed 2 second(s)

2019-05-24 18:56:11 - [MESSAGE][PASSED] - Delayed 2 second(s)

2019-05-24 18:56:11 - [TEST_STEP][PASSED] - click(findTestObject("Page_cabi Edit Customer Profile/span_state")): Object: 'Object Repository/Page_cabi Edit Customer Profile/span_state' is clicked on

2019-05-24 18:56:11 - [MESSAGE][PASSED] - Object: 'Object Repository/Page_cabi Edit Customer Profile/span_state' is clicked on

2019-05-24 18:56:11 - [TEST_STEP][PASSED] - setText(findTestObject("Page_cabi Edit Customer Profile/input_state_postalCode"), zip): Text '33566' is set on object 'Object Repository/Page_cabi Edit Customer Profile/input_state_postalCode'

2019-05-24 18:56:11 - [MESSAGE][PASSED] - Text '33566' is set on object 'Object Repository/Page_cabi Edit Customer Profile/input_state_postalCode'

2019-05-24 18:56:11 - [TEST_STEP][PASSED] - delay(5): Delayed 5 second(s)

2019-05-24 18:56:16 - [MESSAGE][PASSED] - Delayed 5 second(s)

2019-05-24 18:56:16 - [TEST_STEP][PASSED] - check(findTestObject("Object Repository/Page_cabi Home/a_same_shipping_address")): Object 'Object Repository/Page_cabi Home/a_same_shipping_address' is checked

2019-05-24 18:56:17 - [MESSAGE][PASSED] - Object 'Object Repository/Page_cabi Home/a_same_shipping_address' is checked

2019-05-24 18:56:17 - [TEST_STEP][PASSED] - delay(5): Delayed 5 second(s)

2019-05-24 18:56:22 - [MESSAGE][PASSED] - Delayed 5 second(s)

2019-05-24 18:56:22 - [TEST_STEP][PASSED] - check(findTestObject("Object Repository/Page_cabi Home/a_same_shipping_address")): Object 'Object Repository/Page_cabi Home/a_same_shipping_address' is checked

2019-05-24 18:56:22 - [MESSAGE][PASSED] - Object 'Object Repository/Page_cabi Home/a_same_shipping_address' is checked

2019-05-24 18:56:22 - [TEST_STEP][PASSED] - delay(10): Delayed 10 second(s)

2019-05-24 18:56:32 - [MESSAGE][PASSED] - Delayed 10 second(s)

2019-05-24 18:56:32 - [TEST_STEP][PASSED] - click(findTestObject("Page_cabi Retail Store/span_next_1")): Object: 'Object Repository/Page_cabi Retail Store/span_next_1' is clicked on

2019-05-24 18:56:32 - [MESSAGE][PASSED] - Object: 'Object Repository/Page_cabi Retail Store/span_next_1' is clicked on

2019-05-24 18:56:32 - [TEST_STEP][PASSED] - delay(3): Delayed 3 second(s)

2019-05-24 18:56:35 - [MESSAGE][PASSED] - Delayed 3 second(s)

2019-05-24 18:56:35 - [TEST_STEP][PASSED] - click(findTestObject("Object Repository/Page_cabi Retail Store/span_quick_entry")): Object: 'Object Repository/Page_cabi Retail Store/span_quick_entry' is clicked on

2019-05-24 18:56:39 - [MESSAGE][PASSED] - Object: 'Object Repository/Page_cabi Retail Store/span_quick_entry' is clicked on

2019-05-24 18:56:39 - [TEST_STEP][PASSED] - delay(3): Delayed 3 second(s)

2019-05-24 18:56:42 - [MESSAGE][PASSED] - Delayed 3 second(s)

2019-05-24 18:56:42 - [TEST_STEP][PASSED] - emptyCart = findWebElements(findTestObject("Object Repository/Page_cabi Personal Store/removeFromCart"), 5): Unable to find the element located by 'By.xpath: //*[@id="removeFromCart_0"]/span'. Please recheck the objects properties to make sure the desired element is located. 

2019-05-24 18:56:47 - [MESSAGE][INFO] - Unable to find the element located by 'By.xpath: //*[@id="removeFromCart_0"]/span'. Please recheck the objects properties to make sure the desired element is located. 

2019-05-24 18:56:47 - [TEST_STEP][PASSED] - if (emptyCart.size() > 0): null

2019-05-24 18:56:47 - [TEST_STEP][PASSED] - addOnStyle = findTestData("miscData").getValue("addOnStyle", 1): null

2019-05-24 18:56:47 - [TEST_STEP][PASSED] - click(findTestObject("Object Repository/Page_cabi Create Order/input_Manual Discount_stylelookup_0")): Object: 'Object Repository/Page_cabi Create Order/input_Manual Discount_stylelookup_0' is clicked on

2019-05-24 18:56:47 - [MESSAGE][PASSED] - Object: 'Object Repository/Page_cabi Create Order/input_Manual Discount_stylelookup_0' is clicked on

2019-05-24 18:56:47 - [TEST_STEP][PASSED] - setText(findTestObject("Object Repository/Page_cabi Create Order/input_Manual Discount_stylelookup_0"), addOnStyle): Text '5447' is set on object 'Object Repository/Page_cabi Create Order/input_Manual Discount_stylelookup_0'

2019-05-24 18:56:47 - [MESSAGE][PASSED] - Text '5447' is set on object 'Object Repository/Page_cabi Create Order/input_Manual Discount_stylelookup_0'

2019-05-24 18:56:47 - [TEST_STEP][PASSED] - delay(3): Delayed 3 second(s)

2019-05-24 18:56:50 - [MESSAGE][PASSED] - Delayed 3 second(s)

2019-05-24 18:56:50 - [TEST_STEP][PASSED] - prod_message = getText(findTestObject("Page_cabi Create Order/first_option")): Text of object 'Object Repository/Page_cabi Create Order/first_option' is: '5447 Bishop Cardigan'

2019-05-24 18:56:50 - [MESSAGE][PASSED] - Text of object 'Object Repository/Page_cabi Create Order/first_option' is: '5447 Bishop Cardigan'

2019-05-24 18:56:50 - [TEST_STEP][PASSED] - click(findTestObject("Page_cabi Create Order/first_option")): Object: 'Object Repository/Page_cabi Create Order/first_option' is clicked on

2019-05-24 18:56:50 - [MESSAGE][PASSED] - Object: 'Object Repository/Page_cabi Create Order/first_option' is clicked on

2019-05-24 18:56:50 - [TEST_STEP][PASSED] - delay(5): Delayed 5 second(s)

2019-05-24 18:56:55 - [MESSAGE][PASSED] - Delayed 5 second(s)

2019-05-24 18:56:55 - [TEST_STEP][PASSED] - click(findTestObject("Object Repository/Page_cabi Order Items/selectSize")): Object: 'Object Repository/Page_cabi Order Items/selectSize' is clicked on

2019-05-24 18:56:56 - [MESSAGE][PASSED] - Object: 'Object Repository/Page_cabi Order Items/selectSize' is clicked on

2019-05-24 18:56:56 - [TEST_STEP][PASSED] - click(findTestObject("Object Repository/Page_cabi Order Items/span_Add to Cart")): Object: 'Object Repository/Page_cabi Order Items/span_Add to Cart' is clicked on

2019-05-24 18:56:56 - [MESSAGE][PASSED] - Object: 'Object Repository/Page_cabi Order Items/span_Add to Cart' is clicked on

2019-05-24 18:56:56 - [TEST_STEP][PASSED] - delay(5): Delayed 5 second(s)

2019-05-24 18:57:01 - [MESSAGE][PASSED] - Delayed 5 second(s)

2019-05-24 18:57:01 - [TEST_STEP][PASSED] - click(findTestObject("Object Repository/Page_cabi Order Items/span_Continue to Shipping")): Object: 'Object Repository/Page_cabi Order Items/span_Continue to Shipping' is clicked on

2019-05-24 18:57:01 - [MESSAGE][PASSED] - Object: 'Object Repository/Page_cabi Order Items/span_Continue to Shipping' is clicked on

2019-05-24 18:57:01 - [TEST_STEP][PASSED] - delay(3): Delayed 3 second(s)

2019-05-24 18:57:04 - [MESSAGE][PASSED] - Delayed 3 second(s)

2019-05-24 18:57:04 - [TEST_STEP][PASSED] - click(findTestObject("Page_cabi Personal Store/nextButtonShipping")): Object: 'Object Repository/Page_cabi Personal Store/nextButtonShipping' is clicked on

2019-05-24 18:57:04 - [MESSAGE][PASSED] - Object: 'Object Repository/Page_cabi Personal Store/nextButtonShipping' is clicked on

2019-05-24 18:57:04 - [TEST_STEP][PASSED] - delay(3): Delayed 3 second(s)

2019-05-24 18:57:07 - [MESSAGE][PASSED] - Delayed 3 second(s)

2019-05-24 18:57:07 - [TEST_STEP][PASSED] - click(findTestObject("Page_cabi Personal Store/makeFirstPayment")): Object: 'Object Repository/Page_cabi Personal Store/makeFirstPayment' is clicked on

2019-05-24 18:57:07 - [MESSAGE][PASSED] - Object: 'Object Repository/Page_cabi Personal Store/makeFirstPayment' is clicked on

2019-05-24 18:57:07 - [TEST_STEP][PASSED] - click(findTestObject("Object Repository/Page_cabi Personal Store/select_cash")): Object: 'Object Repository/Page_cabi Personal Store/select_cash' is clicked on

2019-05-24 18:57:07 - [MESSAGE][PASSED] - Object: 'Object Repository/Page_cabi Personal Store/select_cash' is clicked on

2019-05-24 18:57:07 - [TEST_STEP][PASSED] - click(findTestObject("Page_cabi Personal Store/submitPayment")): Object: 'Object Repository/Page_cabi Personal Store/submitPayment' is clicked on

2019-05-24 18:57:07 - [MESSAGE][PASSED] - Object: 'Object Repository/Page_cabi Personal Store/submitPayment' is clicked on

2019-05-24 18:57:07 - [TEST_STEP][PASSED] - click(findTestObject("Page_cabi Personal Store/submitOrderId")): Object: 'Object Repository/Page_cabi Personal Store/submitOrderId' is clicked on

2019-05-24 18:57:10 - [MESSAGE][PASSED] - Object: 'Object Repository/Page_cabi Personal Store/submitOrderId' is clicked on

2019-05-24 18:57:10 - [TEST_STEP][PASSED] - successMsg = "": null

2019-05-24 18:57:10 - [TEST_STEP][PASSED] - orderSuccess = false: null

2019-05-24 18:57:10 - [TEST_STEP][PASSED] - successMsgs = findWebElements(findTestObject("Object Repository/Page_cabi Personal Store/p_success_msg"), 5): null

2019-05-24 18:57:10 - [TEST_STEP][PASSED] - if (successMsgs.size() > 0): Text of object 'Object Repository/Page_cabi Personal Store/p_order_id' is: 'RT707969530'

2019-05-24 18:57:10 - [TEST_STEP][PASSED] - successMsg = getText(findTestObject("Object Repository/Page_cabi Personal Store/p_success_msg")): Text of object 'Object Repository/Page_cabi Personal Store/p_success_msg' is: 'Order Created Successfully!!
Order #:  RT707969530

CONTINUE SHOPPING'

2019-05-24 18:57:10 - [MESSAGE][PASSED] - Text of object 'Object Repository/Page_cabi Personal Store/p_success_msg' is: 'Order Created Successfully!!
Order #:  RT707969530

CONTINUE SHOPPING'

2019-05-24 18:57:10 - [TEST_STEP][PASSED] - orderSuccess = true: null

2019-05-24 18:57:10 - [TEST_STEP][PASSED] - addOnOrderId = getText(findTestObject("Object Repository/Page_cabi Personal Store/p_order_id")): Text of object 'Object Repository/Page_cabi Personal Store/p_order_id' is: 'RT707969530'

2019-05-24 18:57:10 - [MESSAGE][PASSED] - Text of object 'Object Repository/Page_cabi Personal Store/p_order_id' is: 'RT707969530'

2019-05-24 18:57:10 - [TEST_STEP][PASSED] - assert orderSuccess == true: null

2019-05-24 18:57:10 - [TEST_STEP][PASSED] - callTestCase(findTestCase("warehouseShipping"), ["orderId":addOnOrderId], STOP_ON_FAILURE): Call Test Case 'Test Cases/warehouseShipping' successfully

2019-05-24 18:57:10 - [TEST_CASE][PASSED] - Test Cases/warehouseShipping: Test Cases/warehouseShipping

2019-05-24 18:57:10 - [TEST_STEP][PASSED] - callTestCase(findTestCase("cabiWarehouseLogin"), ["CWURL":"", "CWuser":"", "CWpass":""], STOP_ON_FAILURE): Call Test Case 'Test Cases/cabiWarehouseLogin' successfully

2019-05-24 18:57:10 - [TEST_CASE][PASSED] - Test Cases/cabiWarehouseLogin: Test Cases/cabiWarehouseLogin

2019-05-24 18:57:10 - [TEST_STEP][PASSED] - CWURL = findTestData("credData").getValue("CWURL", 1): null

2019-05-24 18:57:10 - [TEST_STEP][PASSED] - CWuser = findTestData("credData").getValue("CWuser", 1): null

2019-05-24 18:57:11 - [TEST_STEP][PASSED] - CWpass = findTestData("credData").getValue("CWpass", 1): null

2019-05-24 18:57:11 - [TEST_STEP][PASSED] - openBrowser(""): Browser is opened with url: ''

2019-05-24 18:57:11 - [MESSAGE][WARNING] - A browser is already opened. Closing browser and opening a new one

2019-05-24 18:57:11 - [MESSAGE][INFO] - Starting 'Chrome' driver

2019-05-24 18:57:13 - [MESSAGE][PASSED] - Browser is opened with url: ''

2019-05-24 18:57:13 - [TEST_STEP][PASSED] - navigateToUrl(CWURL): Navigate to 'https://test14.cliotest.com/warehouse/control/main' successfully

2019-05-24 18:57:19 - [MESSAGE][PASSED] - Navigate to 'https://test14.cliotest.com/warehouse/control/main' successfully

2019-05-24 18:57:19 - [TEST_STEP][PASSED] - logOut = findWebElements(findTestObject("Object Repository/Cabi warehouse/Page_cabi_home/log_out"), 1): Unable to find the element located by 'By.xpath: //li/a[contains(text(), 'Log Out »')]'. Please recheck the objects properties to make sure the desired element is located. 

2019-05-24 18:57:20 - [MESSAGE][INFO] - Unable to find the element located by 'By.xpath: //li/a[contains(text(), 'Log Out »')]'. Please recheck the objects properties to make sure the desired element is located. 

2019-05-24 18:57:20 - [TEST_STEP][PASSED] - if (logOut.size() == 0): Object: 'Object Repository/Cabi warehouse/Page_cabi/input_Password_section-btn btn-stl-pk rFloat' is clicked on

2019-05-24 18:57:20 - [TEST_STEP][PASSED] - setText(findTestObject("Object Repository/Cabi warehouse/Page_cabi/input_Username_USERNAME"), CWuser): Text 'rsuarez' is set on object 'Object Repository/Cabi warehouse/Page_cabi/input_Username_USERNAME'

2019-05-24 18:57:20 - [MESSAGE][PASSED] - Text 'rsuarez' is set on object 'Object Repository/Cabi warehouse/Page_cabi/input_Username_USERNAME'

2019-05-24 18:57:20 - [TEST_STEP][PASSED] - setText(findTestObject("Object Repository/Cabi warehouse/Page_cabi/input_Password_PASSWORD"), CWpass): Text 'blackdress19' is set on object 'Object Repository/Cabi warehouse/Page_cabi/input_Password_PASSWORD'

2019-05-24 18:57:20 - [MESSAGE][PASSED] - Text 'blackdress19' is set on object 'Object Repository/Cabi warehouse/Page_cabi/input_Password_PASSWORD'

2019-05-24 18:57:20 - [TEST_STEP][PASSED] - click(findTestObject("Object Repository/Cabi warehouse/Page_cabi/input_Password_section-btn btn-stl-pk rFloat")): Object: 'Object Repository/Cabi warehouse/Page_cabi/input_Password_section-btn btn-stl-pk rFloat' is clicked on

2019-05-24 18:57:21 - [MESSAGE][PASSED] - Object: 'Object Repository/Cabi warehouse/Page_cabi/input_Password_section-btn btn-stl-pk rFloat' is clicked on

2019-05-24 18:57:21 - [TEST_STEP][PASSED] - delay(3): Delayed 3 second(s)

2019-05-24 18:57:24 - [MESSAGE][PASSED] - Delayed 3 second(s)

2019-05-24 18:57:24 - [MESSAGE][PASSED] - Call Test Case 'Test Cases/cabiWarehouseLogin' successfully

2019-05-24 18:57:24 - [TEST_STEP][PASSED] - click(findTestObject("Page_cabi Manage PickLists/a_Create PickLists")): Object: 'Object Repository/Page_cabi Manage PickLists/a_Create PickLists' is clicked on

2019-05-24 18:57:34 - [MESSAGE][PASSED] - Object: 'Object Repository/Page_cabi Manage PickLists/a_Create PickLists' is clicked on

2019-05-24 18:57:34 - [TEST_STEP][PASSED] - click(findTestObject("Object Repository/findOrders/Page_cabi Find Orders/Page_cabi SampleLine Shipment Screen/a_Single Order")): Object: 'Object Repository/findOrders/Page_cabi Find Orders/Page_cabi SampleLine Shipment Screen/a_Single Order' is clicked on

2019-05-24 18:57:35 - [MESSAGE][PASSED] - Object: 'Object Repository/findOrders/Page_cabi Find Orders/Page_cabi SampleLine Shipment Screen/a_Single Order' is clicked on

2019-05-24 18:57:35 - [TEST_STEP][PASSED] - setText(findTestObject("Page_cabi Create Single Order PickList/input_Order Id_orderId"), orderId): Text 'RT707969530' is set on object 'Object Repository/Page_cabi Create Single Order PickList/input_Order Id_orderId'

2019-05-24 18:57:35 - [MESSAGE][PASSED] - Text 'RT707969530' is set on object 'Object Repository/Page_cabi Create Single Order PickList/input_Order Id_orderId'

2019-05-24 18:57:35 - [TEST_STEP][PASSED] - click(findTestObject("Page_cabi Create Single Order PickList/input_Create even if fully backordered_submitButton")): Object: 'Object Repository/Page_cabi Create Single Order PickList/input_Create even if fully backordered_submitButton' is clicked on

2019-05-24 18:57:36 - [MESSAGE][PASSED] - Object: 'Object Repository/Page_cabi Create Single Order PickList/input_Create even if fully backordered_submitButton' is clicked on

2019-05-24 18:57:36 - [TEST_STEP][PASSED] - pickListCreated = findWebElements(findTestObject("Cabi warehouse/picklistCreatedMessage"), 5): null

2019-05-24 18:57:36 - [TEST_STEP][PASSED] - if (pickListCreated.size() == 0): null

2019-05-24 18:57:36 - [TEST_STEP][PASSED] - pickListCreated = findWebElements(findTestObject("Cabi warehouse/picklistCreatedMessage"), 5): null

2019-05-24 18:57:36 - [TEST_STEP][PASSED] - if (pickListCreated.size() == 0): null

2019-05-24 18:57:36 - [TEST_STEP][PASSED] - picklistCreatedMessage = UtilityMethods.concat("Picklist for order: [", orderId, "] has been created successfully."): null

2019-05-24 18:57:36 - [TEST_STEP][PASSED] - verifyElementText(findTestObject("Cabi warehouse/picklistCreatedMessage"), picklistCreatedMessage): Actual text and expected text of test object 'Object Repository/Cabi warehouse/picklistCreatedMessage' are matched.

2019-05-24 18:57:36 - [MESSAGE][PASSED] - Actual text and expected text of test object 'Object Repository/Cabi warehouse/picklistCreatedMessage' are matched.

2019-05-24 18:57:36 - [TEST_STEP][PASSED] - click(findTestObject("Page_cabi Create Single Order PickList/a_Manage PickLists")): Object: 'Object Repository/Page_cabi Create Single Order PickList/a_Manage PickLists' is clicked on

2019-05-24 18:57:37 - [MESSAGE][PASSED] - Object: 'Object Repository/Page_cabi Create Single Order PickList/a_Manage PickLists' is clicked on

2019-05-24 18:57:37 - [TEST_STEP][PASSED] - setText(findTestObject("Page_cabi Manage PickLists/input_Order _orderId"), orderId): Text 'RT707969530' is set on object 'Object Repository/Page_cabi Manage PickLists/input_Order _orderId'

2019-05-24 18:57:37 - [MESSAGE][PASSED] - Text 'RT707969530' is set on object 'Object Repository/Page_cabi Manage PickLists/input_Order _orderId'

2019-05-24 18:57:37 - [TEST_STEP][PASSED] - click(findTestObject("Page_cabi Manage PickLists/input")): Object: 'Object Repository/Page_cabi Manage PickLists/input' is clicked on

2019-05-24 18:57:38 - [MESSAGE][PASSED] - Object: 'Object Repository/Page_cabi Manage PickLists/input' is clicked on

2019-05-24 18:57:38 - [TEST_STEP][PASSED] - delay(3): Delayed 3 second(s)

2019-05-24 18:57:41 - [MESSAGE][PASSED] - Delayed 3 second(s)

2019-05-24 18:57:41 - [TEST_STEP][PASSED] - click(findTestObject("Page_cabi Manage PickLists/td_104238610")): Object: 'Object Repository/Page_cabi Manage PickLists/td_104238610' is clicked on

2019-05-24 18:57:41 - [MESSAGE][PASSED] - Object: 'Object Repository/Page_cabi Manage PickLists/td_104238610' is clicked on

2019-05-24 18:57:41 - [TEST_STEP][PASSED] - picklistId = getText(findTestObject("Page_cabi Manage PickLists/td_104238610")): Text of object 'Object Repository/Page_cabi Manage PickLists/td_104238610' is: '104259830'

2019-05-24 18:57:41 - [MESSAGE][PASSED] - Text of object 'Object Repository/Page_cabi Manage PickLists/td_104238610' is: '104259830'

2019-05-24 18:57:41 - [TEST_STEP][PASSED] - click(findTestObject("Page_cabi Manage PickLists/a_Packing")): Object: 'Object Repository/Page_cabi Manage PickLists/a_Packing' is clicked on

2019-05-24 18:57:42 - [MESSAGE][PASSED] - Object: 'Object Repository/Page_cabi Manage PickLists/a_Packing' is clicked on

2019-05-24 18:57:42 - [TEST_STEP][PASSED] - setText(findTestObject("Page_cabi Pack Init/input_Pack Station_packStationId"), "30"): Text '30' is set on object 'Object Repository/Page_cabi Pack Init/input_Pack Station_packStationId'

2019-05-24 18:57:42 - [MESSAGE][PASSED] - Text '30' is set on object 'Object Repository/Page_cabi Pack Init/input_Pack Station_packStationId'

2019-05-24 18:57:42 - [TEST_STEP][PASSED] - click(findTestObject("Page_cabi Pack Init/input_Pack Station_submitButton")): Object: 'Object Repository/Page_cabi Pack Init/input_Pack Station_submitButton' is clicked on

2019-05-24 18:57:43 - [MESSAGE][PASSED] - Object: 'Object Repository/Page_cabi Pack Init/input_Pack Station_submitButton' is clicked on

2019-05-24 18:57:43 - [TEST_STEP][PASSED] - setText(findTestObject("Page_cabi Pack Init/input_Picklist ID_pickId"), picklistId): Text '104259830' is set on object 'Object Repository/Page_cabi Pack Init/input_Picklist ID_pickId'

2019-05-24 18:57:43 - [MESSAGE][PASSED] - Text '104259830' is set on object 'Object Repository/Page_cabi Pack Init/input_Picklist ID_pickId'

2019-05-24 18:57:43 - [TEST_STEP][PASSED] - click(findTestObject("Page_cabi Pack Init/input_Picklist ID_submitButton")): Object: 'Object Repository/Page_cabi Pack Init/input_Picklist ID_submitButton' is clicked on

2019-05-24 18:57:44 - [MESSAGE][PASSED] - Object: 'Object Repository/Page_cabi Pack Init/input_Picklist ID_submitButton' is clicked on

2019-05-24 18:57:44 - [TEST_STEP][PASSED] - click(findTestObject("Page_cabi General Pack/input_Cream Of Wheat_button addItemForVerification")): Object: 'Object Repository/Page_cabi General Pack/input_Cream Of Wheat_button addItemForVerification' is clicked on

2019-05-24 18:57:44 - [MESSAGE][PASSED] - Object: 'Object Repository/Page_cabi General Pack/input_Cream Of Wheat_button addItemForVerification' is clicked on

2019-05-24 18:57:44 - [TEST_STEP][PASSED] - click(findTestObject("Page_cabi General Pack/input_Pack Station  30_shipConfirmBtn")): Object: 'Object Repository/Page_cabi General Pack/input_Pack Station  30_shipConfirmBtn' is clicked on

2019-05-24 18:57:47 - [MESSAGE][PASSED] - Object: 'Object Repository/Page_cabi General Pack/input_Pack Station  30_shipConfirmBtn' is clicked on

2019-05-24 18:57:47 - [TEST_STEP][PASSED] - click(findTestObject("Cabi warehouse/warehouseLogout")): Object: 'Object Repository/Cabi warehouse/warehouseLogout' is clicked on

2019-05-24 18:57:48 - [MESSAGE][PASSED] - Object: 'Object Repository/Cabi warehouse/warehouseLogout' is clicked on

2019-05-24 18:57:48 - [MESSAGE][PASSED] - Call Test Case 'Test Cases/warehouseShipping' successfully

2019-05-24 18:57:48 - [TEST_STEP][PASSED] - callTestCase(findTestCase("backOfficeLogin"), ["BOURL":"", "BOuser":"", "BOpass":""], STOP_ON_FAILURE): Call Test Case 'Test Cases/backOfficeLogin' successfully

2019-05-24 18:57:48 - [TEST_CASE][PASSED] - Test Cases/backOfficeLogin: Test Cases/backOfficeLogin

2019-05-24 18:57:48 - [TEST_STEP][PASSED] - BOURL = findTestData("credData").getValue("BOURL", 1): null

2019-05-24 18:57:48 - [TEST_STEP][PASSED] - BOuser = findTestData("credData").getValue("BOuser", 1): null

2019-05-24 18:57:48 - [TEST_STEP][PASSED] - BOpass = findTestData("credData").getValue("BOpass", 1): null

2019-05-24 18:57:49 - [TEST_STEP][PASSED] - openBrowser(""): Browser is opened with url: ''

2019-05-24 18:57:49 - [MESSAGE][WARNING] - A browser is already opened. Closing browser and opening a new one

2019-05-24 18:57:49 - [MESSAGE][INFO] - Starting 'Chrome' driver

2019-05-24 18:57:51 - [MESSAGE][PASSED] - Browser is opened with url: ''

2019-05-24 18:57:51 - [TEST_STEP][PASSED] - navigateToUrl(BOURL): Navigate to 'https://test14.cliotest.com/backoffice/control/main' successfully

2019-05-24 18:57:59 - [MESSAGE][PASSED] - Navigate to 'https://test14.cliotest.com/backoffice/control/main' successfully

2019-05-24 18:57:59 - [TEST_STEP][PASSED] - logOut = findWebElements(findTestObject("Object Repository/Page_cabi Home/log_out"), 1): Unable to find the element located by 'By.xpath: //a[contains(text(),'Log Out')]'. Please recheck the objects properties to make sure the desired element is located. 

2019-05-24 18:58:00 - [MESSAGE][INFO] - Unable to find the element located by 'By.xpath: //a[contains(text(),'Log Out')]'. Please recheck the objects properties to make sure the desired element is located. 

2019-05-24 18:58:00 - [TEST_STEP][PASSED] - if (logOut.size() == 0): Object: 'Object Repository/Page_cabi/input_Welcome to_consultantLogin' is clicked on

2019-05-24 18:58:00 - [TEST_STEP][PASSED] - setText(findTestObject("Page_cabi/input_Welcome to_USERNAME"), BOuser): Text '400000002' is set on object 'Object Repository/Page_cabi/input_Welcome to_USERNAME'

2019-05-24 18:58:00 - [MESSAGE][PASSED] - Text '400000002' is set on object 'Object Repository/Page_cabi/input_Welcome to_USERNAME'

2019-05-24 18:58:00 - [TEST_STEP][PASSED] - setText(findTestObject("Object Repository/Page_cabi/input_Welcome to_PASSWORD"), BOpass): Text 'blackdress19' is set on object 'Object Repository/Page_cabi/input_Welcome to_PASSWORD'

2019-05-24 18:58:00 - [MESSAGE][PASSED] - Text 'blackdress19' is set on object 'Object Repository/Page_cabi/input_Welcome to_PASSWORD'

2019-05-24 18:58:00 - [TEST_STEP][PASSED] - click(findTestObject("Object Repository/Page_cabi/input_Welcome to_consultantLogin")): Object: 'Object Repository/Page_cabi/input_Welcome to_consultantLogin' is clicked on

2019-05-24 18:58:08 - [MESSAGE][PASSED] - Object: 'Object Repository/Page_cabi/input_Welcome to_consultantLogin' is clicked on

2019-05-24 18:58:08 - [TEST_STEP][PASSED] - delay(3): Delayed 3 second(s)

2019-05-24 18:58:11 - [MESSAGE][PASSED] - Delayed 3 second(s)

2019-05-24 18:58:11 - [MESSAGE][PASSED] - Call Test Case 'Test Cases/backOfficeLogin' successfully

2019-05-24 18:58:11 - [TEST_STEP][PASSED] - click(findTestObject("Object Repository/findOrders/Page_cabi Find Orders/Page_cabi Home/a_Shows  Orders")): Object: 'Object Repository/findOrders/Page_cabi Find Orders/Page_cabi Home/a_Shows  Orders' is clicked on

2019-05-24 18:58:11 - [MESSAGE][PASSED] - Object: 'Object Repository/findOrders/Page_cabi Find Orders/Page_cabi Home/a_Shows  Orders' is clicked on

2019-05-24 18:58:11 - [TEST_STEP][PASSED] - click(findTestObject("Object Repository/findOrders/Page_cabi Find Orders/Page_cabi Home/a_Orders")): Object: 'Object Repository/findOrders/Page_cabi Find Orders/Page_cabi Home/a_Orders' is clicked on

2019-05-24 18:58:13 - [MESSAGE][PASSED] - Object: 'Object Repository/findOrders/Page_cabi Find Orders/Page_cabi Home/a_Orders' is clicked on

2019-05-24 18:58:13 - [TEST_STEP][PASSED] - click(findTestObject("Object Repository/findOrders/Page_cabi Find Orders/Page_cabi Find Orders/b")): Object: 'Object Repository/findOrders/Page_cabi Find Orders/Page_cabi Find Orders/b' is clicked on

2019-05-24 18:58:13 - [MESSAGE][PASSED] - Object: 'Object Repository/findOrders/Page_cabi Find Orders/Page_cabi Find Orders/b' is clicked on

2019-05-24 18:58:13 - [TEST_STEP][PASSED] - delay(3): Delayed 3 second(s)

2019-05-24 18:58:16 - [MESSAGE][PASSED] - Delayed 3 second(s)

2019-05-24 18:58:16 - [TEST_STEP][PASSED] - click(findTestObject("findOrders/Page_cabi Find Orders/orderNo")): Object: 'Object Repository/findOrders/Page_cabi Find Orders/orderNo' is clicked on

2019-05-24 18:58:16 - [MESSAGE][PASSED] - Object: 'Object Repository/findOrders/Page_cabi Find Orders/orderNo' is clicked on

2019-05-24 18:58:16 - [TEST_STEP][PASSED] - delay(3): Delayed 3 second(s)

2019-05-24 18:58:19 - [MESSAGE][PASSED] - Delayed 3 second(s)

2019-05-24 18:58:19 - [TEST_STEP][PASSED] - click(findTestObject("Object Repository/findOrders/Page_cabi Find Orders/Page_cabi Find Orders/pendingShipment")): Object: 'Object Repository/findOrders/Page_cabi Find Orders/Page_cabi Find Orders/pendingShipment' is clicked on

2019-05-24 18:58:19 - [MESSAGE][PASSED] - Object: 'Object Repository/findOrders/Page_cabi Find Orders/Page_cabi Find Orders/pendingShipment' is clicked on

2019-05-24 18:58:19 - [TEST_STEP][PASSED] - click(findTestObject("Object Repository/findOrders/Page_cabi Find Orders/Page_cabi Find Orders/inputShipped")): Object: 'Object Repository/findOrders/Page_cabi Find Orders/Page_cabi Find Orders/inputShipped' is clicked on

2019-05-24 18:58:19 - [MESSAGE][PASSED] - Object: 'Object Repository/findOrders/Page_cabi Find Orders/Page_cabi Find Orders/inputShipped' is clicked on

2019-05-24 18:58:19 - [TEST_STEP][PASSED] - setText(findTestObject("Object Repository/findOrders/Page_cabi Find Orders/Page_cabi Find Orders/inputOrderId"), addOnOrderId): Text 'RT707969530' is set on object 'Object Repository/findOrders/Page_cabi Find Orders/Page_cabi Find Orders/inputOrderId'

2019-05-24 18:58:20 - [MESSAGE][PASSED] - Text 'RT707969530' is set on object 'Object Repository/findOrders/Page_cabi Find Orders/Page_cabi Find Orders/inputOrderId'

2019-05-24 18:58:20 - [TEST_STEP][PASSED] - click(findTestObject("Object Repository/findOrders/Page_cabi Find Orders/Page_cabi Find Orders/findOrders")): Object: 'Object Repository/findOrders/Page_cabi Find Orders/Page_cabi Find Orders/findOrders' is clicked on

2019-05-24 18:58:20 - [MESSAGE][PASSED] - Object: 'Object Repository/findOrders/Page_cabi Find Orders/Page_cabi Find Orders/findOrders' is clicked on

2019-05-24 18:58:20 - [TEST_STEP][PASSED] - click(findTestObject("findOrders/Page_cabi Find Orders/orderView")): Object: 'Object Repository/findOrders/Page_cabi Find Orders/orderView' is clicked on

2019-05-24 18:58:23 - [MESSAGE][PASSED] - Object: 'Object Repository/findOrders/Page_cabi Find Orders/orderView' is clicked on

2019-05-24 18:58:23 - [TEST_STEP][PASSED] - delay(3): Delayed 3 second(s)

2019-05-24 18:58:26 - [MESSAGE][PASSED] - Delayed 3 second(s)

2019-05-24 18:58:26 - [TEST_STEP][PASSED] - refresh(): Refresh successfully

2019-05-24 18:58:26 - [MESSAGE][PASSED] - Refresh successfully

2019-05-24 18:58:26 - [TEST_STEP][PASSED] - delay(3): Delayed 3 second(s)

2019-05-24 18:58:29 - [MESSAGE][PASSED] - Delayed 3 second(s)

2019-05-24 18:58:29 - [TEST_STEP][PASSED] - refresh(): Refresh successfully

2019-05-24 18:58:29 - [MESSAGE][PASSED] - Refresh successfully

2019-05-24 18:58:29 - [TEST_STEP][PASSED] - delay(10): Delayed 10 second(s)

2019-05-24 18:58:39 - [MESSAGE][PASSED] - Delayed 10 second(s)

2019-05-24 18:58:39 - [TEST_STEP][PASSED] - refresh(): Refresh successfully

2019-05-24 18:58:39 - [MESSAGE][PASSED] - Refresh successfully

2019-05-24 18:58:39 - [TEST_STEP][PASSED] - delay(3): Delayed 3 second(s)

2019-05-24 18:58:42 - [MESSAGE][PASSED] - Delayed 3 second(s)

2019-05-24 18:58:42 - [TEST_STEP][PASSED] - click(findTestObject("Object Repository/findOrders/Page_cabi Find Orders/Page_cabi Order View/a_(Return Order)")): Object: 'Object Repository/findOrders/Page_cabi Find Orders/Page_cabi Order View/a_(Return Order)' is clicked on

2019-05-24 18:58:46 - [MESSAGE][PASSED] - Object: 'Object Repository/findOrders/Page_cabi Find Orders/Page_cabi Order View/a_(Return Order)' is clicked on

2019-05-24 18:58:46 - [TEST_STEP][PASSED] - delay(3): Delayed 3 second(s)

2019-05-24 18:58:49 - [MESSAGE][PASSED] - Delayed 3 second(s)

2019-05-24 18:58:49 - [TEST_STEP][FAILED] - selectOptionByValue(findTestObject("Object Repository/findOrders/Page_cabi Find Orders/Page_cabi Stylist Create RMA/selectReason1"), "CABI_c", true): for ([timeRow = 1, timeRow <= findTestData("timezoneData").getRowNumbers(), (timeRow++)]) FAILED.
Reason:
com.kms.katalon.core.exception.StepFailedException: Unable to select option by value 'CABI_c' of object 'Object Repository/findOrders/Page_cabi Find Orders/Page_cabi Stylist Create RMA/selectReason1'  using regular expression
	at com.kms.katalon.core.webui.keyword.internal.WebUIKeywordMain.stepFailed(WebUIKeywordMain.groovy:64)
	at com.kms.katalon.core.webui.keyword.internal.WebUIKeywordMain.runKeyword(WebUIKeywordMain.groovy:26)
	at com.kms.katalon.core.webui.keyword.builtin.SelectOptionByValueKeyword.selectOptionByValue(SelectOptionByValueKeyword.groovy:99)
	at com.kms.katalon.core.webui.keyword.builtin.SelectOptionByValueKeyword.execute(SelectOptionByValueKeyword.groovy:71)
	at com.kms.katalon.core.keyword.internal.KeywordExecutor.executeKeywordForPlatform(KeywordExecutor.groovy:56)
	at com.kms.katalon.core.webui.keyword.WebUiBuiltInKeywords.selectOptionByValue(WebUiBuiltInKeywords.groovy:1138)
	at com.kms.katalon.core.webui.keyword.WebUiBuiltInKeywords$selectOptionByValue$9.call(Unknown Source)
	at addOnOrderRetail.run(addOnOrderRetail:241)
	at com.kms.katalon.core.main.ScriptEngine.run(ScriptEngine.java:194)
	at com.kms.katalon.core.main.ScriptEngine.runScriptAsRawText(ScriptEngine.java:119)
	at com.kms.katalon.core.main.TestCaseExecutor.runScript(TestCaseExecutor.java:342)
	at com.kms.katalon.core.main.TestCaseExecutor.doExecute(TestCaseExecutor.java:333)
	at com.kms.katalon.core.main.TestCaseExecutor.processExecutionPhase(TestCaseExecutor.java:312)
	at com.kms.katalon.core.main.TestCaseExecutor.accessMainPhase(TestCaseExecutor.java:304)
	at com.kms.katalon.core.main.TestCaseExecutor.execute(TestCaseExecutor.java:238)
	at com.kms.katalon.core.main.TestSuiteExecutor.accessTestCaseMainPhase(TestSuiteExecutor.java:129)
	at com.kms.katalon.core.main.TestSuiteExecutor.accessTestSuiteMainPhase(TestSuiteExecutor.java:112)
	at com.kms.katalon.core.main.TestSuiteExecutor.execute(TestSuiteExecutor.java:81)
	at com.kms.katalon.core.main.TestCaseMain.startTestSuite(TestCaseMain.java:157)
	at com.kms.katalon.core.main.TestCaseMain$startTestSuite$0.call(Unknown Source)
	at TempTestSuite1558704292496.run(TempTestSuite1558704292496.groovy:35)
Caused by: com.kms.katalon.core.webui.exception.WebElementNotFoundException: Web element with id: 'Object Repository/findOrders/Page_cabi Find Orders/Page_cabi Stylist Create RMA/selectReason1' located by 'By.xpath: //select[@class = 'reason01' and (text() = '
                                Reason
                                        Shipping
                                        Size
                                        Quality
                                        Other
                                ' or . = '
                                Reason
                                        Shipping
                                        Size
                                        Quality
                                        Other
                                ')]' not found
	at com.kms.katalon.core.webui.common.WebUiCommonHelper.findWebElement(WebUiCommonHelper.java:1097)
	at com.kms.katalon.core.webui.keyword.internal.WebUIAbstractKeyword.findWebElement(WebUIAbstractKeyword.groovy:27)
	at com.kms.katalon.core.webui.keyword.internal.WebUIAbstractKeyword.findWebElement(WebUIAbstractKeyword.groovy:26)
	at com.kms.katalon.core.webui.keyword.builtin.SelectOptionByValueKeyword$_selectOptionByValue_closure1.doCall(SelectOptionByValueKeyword.groovy:86)
	at com.kms.katalon.core.webui.keyword.builtin.SelectOptionByValueKeyword$_selectOptionByValue_closure1.call(SelectOptionByValueKeyword.groovy)
	at com.kms.katalon.core.webui.keyword.internal.WebUIKeywordMain.runKeyword(WebUIKeywordMain.groovy:20)
	at com.kms.katalon.core.webui.keyword.builtin.SelectOptionByValueKeyword.selectOptionByValue(SelectOptionByValueKeyword.groovy:99)
	at com.kms.katalon.core.webui.keyword.builtin.SelectOptionByValueKeyword.execute(SelectOptionByValueKeyword.groovy:71)
	at com.kms.katalon.core.keyword.internal.KeywordExecutor.executeKeywordForPlatform(KeywordExecutor.groovy:56)
	at com.kms.katalon.core.webui.keyword.WebUiBuiltInKeywords.selectOptionByValue(WebUiBuiltInKeywords.groovy:1138)
	at com.kms.katalon.core.webui.keyword.WebUiBuiltInKeywords$selectOptionByValue$9.call(Unknown Source)
	at Script1557930374333.run(Script1557930374333.groovy:241)
	... 13 more


2019-05-24 18:59:20 - [MESSAGE][INFO] - Unable to find the element located by 'By.xpath: //select[@class = 'reason01' and (text() = '
                                Reason
                                        Shipping
                                        Size
                                        Quality
                                        Other
                                ' or . = '
                                Reason
                                        Shipping
                                        Size
                                        Quality
                                        Other
                                ')]'. Please recheck the objects properties to make sure the desired element is located. 

2019-05-24 18:59:20 - [MESSAGE][FAILED] - Unable to select option by value 'CABI_c' of object 'Object Repository/findOrders/Page_cabi Find Orders/Page_cabi Stylist Create RMA/selectReason1'  using regular expression (Root cause: com.kms.katalon.core.exception.StepFailedException: Unable to select option by value 'CABI_c' of object 'Object Repository/findOrders/Page_cabi Find Orders/Page_cabi Stylist Create RMA/selectReason1'  using regular expression
	at com.kms.katalon.core.webui.keyword.internal.WebUIKeywordMain.stepFailed(WebUIKeywordMain.groovy:64)
	at com.kms.katalon.core.webui.keyword.internal.WebUIKeywordMain.runKeyword(WebUIKeywordMain.groovy:26)
	at com.kms.katalon.core.webui.keyword.builtin.SelectOptionByValueKeyword.selectOptionByValue(SelectOptionByValueKeyword.groovy:99)
	at com.kms.katalon.core.webui.keyword.builtin.SelectOptionByValueKeyword.execute(SelectOptionByValueKeyword.groovy:71)
	at com.kms.katalon.core.keyword.internal.KeywordExecutor.executeKeywordForPlatform(KeywordExecutor.groovy:56)
	at com.kms.katalon.core.webui.keyword.WebUiBuiltInKeywords.selectOptionByValue(WebUiBuiltInKeywords.groovy:1138)
	at com.kms.katalon.core.webui.keyword.WebUiBuiltInKeywords$selectOptionByValue$9.call(Unknown Source)
	at addOnOrderRetail.run(addOnOrderRetail:241)
	at com.kms.katalon.core.main.ScriptEngine.run(ScriptEngine.java:194)
	at com.kms.katalon.core.main.ScriptEngine.runScriptAsRawText(ScriptEngine.java:119)
	at com.kms.katalon.core.main.TestCaseExecutor.runScript(TestCaseExecutor.java:342)
	at com.kms.katalon.core.main.TestCaseExecutor.doExecute(TestCaseExecutor.java:333)
	at com.kms.katalon.core.main.TestCaseExecutor.processExecutionPhase(TestCaseExecutor.java:312)
	at com.kms.katalon.core.main.TestCaseExecutor.accessMainPhase(TestCaseExecutor.java:304)
	at com.kms.katalon.core.main.TestCaseExecutor.execute(TestCaseExecutor.java:238)
	at com.kms.katalon.core.main.TestSuiteExecutor.accessTestCaseMainPhase(TestSuiteExecutor.java:129)
	at com.kms.katalon.core.main.TestSuiteExecutor.accessTestSuiteMainPhase(TestSuiteExecutor.java:112)
	at com.kms.katalon.core.main.TestSuiteExecutor.execute(TestSuiteExecutor.java:81)
	at com.kms.katalon.core.main.TestCaseMain.startTestSuite(TestCaseMain.java:157)
	at com.kms.katalon.core.main.TestCaseMain$startTestSuite$0.call(Unknown Source)
	at TempTestSuite1558704292496.run(TempTestSuite1558704292496.groovy:35)
Caused by: com.kms.katalon.core.webui.exception.WebElementNotFoundException: Web element with id: 'Object Repository/findOrders/Page_cabi Find Orders/Page_cabi Stylist Create RMA/selectReason1' located by 'By.xpath: //select[@class = 'reason01' and (text() = '
                                Reason
                                        Shipping
                                        Size
                                        Quality
                                        Other
                                ' or . = '
                                Reason
                                        Shipping
                                        Size
                                        Quality
                                        Other
                                ')]' not found
	at com.kms.katalon.core.webui.common.WebUiCommonHelper.findWebElement(WebUiCommonHelper.java:1097)
	at com.kms.katalon.core.webui.keyword.internal.WebUIAbstractKeyword.findWebElement(WebUIAbstractKeyword.groovy:27)
	at com.kms.katalon.core.webui.keyword.internal.WebUIAbstractKeyword.findWebElement(WebUIAbstractKeyword.groovy:26)
	at com.kms.katalon.core.webui.keyword.builtin.SelectOptionByValueKeyword$_selectOptionByValue_closure1.doCall(SelectOptionByValueKeyword.groovy:86)
	at com.kms.katalon.core.webui.keyword.builtin.SelectOptionByValueKeyword$_selectOptionByValue_closure1.call(SelectOptionByValueKeyword.groovy)
	at com.kms.katalon.core.webui.keyword.internal.WebUIKeywordMain.runKeyword(WebUIKeywordMain.groovy:20)
	at com.kms.katalon.core.webui.keyword.builtin.SelectOptionByValueKeyword.selectOptionByValue(SelectOptionByValueKeyword.groovy:99)
	at com.kms.katalon.core.webui.keyword.builtin.SelectOptionByValueKeyword.execute(SelectOptionByValueKeyword.groovy:71)
	at com.kms.katalon.core.keyword.internal.KeywordExecutor.executeKeywordForPlatform(KeywordExecutor.groovy:56)
	at com.kms.katalon.core.webui.keyword.WebUiBuiltInKeywords.selectOptionByValue(WebUiBuiltInKeywords.groovy:1138)
	at com.kms.katalon.core.webui.keyword.WebUiBuiltInKeywords$selectOptionByValue$9.call(Unknown Source)
	at Script1557930374333.run(Script1557930374333.groovy:241)
	... 13 more
)
[[ATTACHMENT|C:\\Users\\user\\Documents\\testautomation\\NewArrivals\\Reports\\NASuit2_addOnOrderRetail\\20190524_185452\\1558704560245.png]]

2019-05-24 18:59:20 - [MESSAGE][FAILED] - for ([timeRow = 1, timeRow <= findTestData("timezoneData").getRowNumbers(), (timeRow++)]) FAILED.
Reason:
com.kms.katalon.core.exception.StepFailedException: Unable to select option by value 'CABI_c' of object 'Object Repository/findOrders/Page_cabi Find Orders/Page_cabi Stylist Create RMA/selectReason1'  using regular expression
	at com.kms.katalon.core.webui.keyword.internal.WebUIKeywordMain.stepFailed(WebUIKeywordMain.groovy:64)
	at com.kms.katalon.core.webui.keyword.internal.WebUIKeywordMain.runKeyword(WebUIKeywordMain.groovy:26)
	at com.kms.katalon.core.webui.keyword.builtin.SelectOptionByValueKeyword.selectOptionByValue(SelectOptionByValueKeyword.groovy:99)
	at com.kms.katalon.core.webui.keyword.builtin.SelectOptionByValueKeyword.execute(SelectOptionByValueKeyword.groovy:71)
	at com.kms.katalon.core.keyword.internal.KeywordExecutor.executeKeywordForPlatform(KeywordExecutor.groovy:56)
	at com.kms.katalon.core.webui.keyword.WebUiBuiltInKeywords.selectOptionByValue(WebUiBuiltInKeywords.groovy:1138)
	at com.kms.katalon.core.webui.keyword.WebUiBuiltInKeywords$selectOptionByValue$9.call(Unknown Source)
	at addOnOrderRetail.run(addOnOrderRetail:241)
	at com.kms.katalon.core.main.ScriptEngine.run(ScriptEngine.java:194)
	at com.kms.katalon.core.main.ScriptEngine.runScriptAsRawText(ScriptEngine.java:119)
	at com.kms.katalon.core.main.TestCaseExecutor.runScript(TestCaseExecutor.java:342)
	at com.kms.katalon.core.main.TestCaseExecutor.doExecute(TestCaseExecutor.java:333)
	at com.kms.katalon.core.main.TestCaseExecutor.processExecutionPhase(TestCaseExecutor.java:312)
	at com.kms.katalon.core.main.TestCaseExecutor.accessMainPhase(TestCaseExecutor.java:304)
	at com.kms.katalon.core.main.TestCaseExecutor.execute(TestCaseExecutor.java:238)
	at com.kms.katalon.core.main.TestSuiteExecutor.accessTestCaseMainPhase(TestSuiteExecutor.java:129)
	at com.kms.katalon.core.main.TestSuiteExecutor.accessTestSuiteMainPhase(TestSuiteExecutor.java:112)
	at com.kms.katalon.core.main.TestSuiteExecutor.execute(TestSuiteExecutor.java:81)
	at com.kms.katalon.core.main.TestCaseMain.startTestSuite(TestCaseMain.java:157)
	at com.kms.katalon.core.main.TestCaseMain$startTestSuite$0.call(Unknown Source)
	at TempTestSuite1558704292496.run(TempTestSuite1558704292496.groovy:35)
Caused by: com.kms.katalon.core.webui.exception.WebElementNotFoundException: Web element with id: 'Object Repository/findOrders/Page_cabi Find Orders/Page_cabi Stylist Create RMA/selectReason1' located by 'By.xpath: //select[@class = 'reason01' and (text() = '
                                Reason
                                        Shipping
                                        Size
                                        Quality
                                        Other
                                ' or . = '
                                Reason
                                        Shipping
                                        Size
                                        Quality
                                        Other
                                ')]' not found
	at com.kms.katalon.core.webui.common.WebUiCommonHelper.findWebElement(WebUiCommonHelper.java:1097)
	at com.kms.katalon.core.webui.keyword.internal.WebUIAbstractKeyword.findWebElement(WebUIAbstractKeyword.groovy:27)
	at com.kms.katalon.core.webui.keyword.internal.WebUIAbstractKeyword.findWebElement(WebUIAbstractKeyword.groovy:26)
	at com.kms.katalon.core.webui.keyword.builtin.SelectOptionByValueKeyword$_selectOptionByValue_closure1.doCall(SelectOptionByValueKeyword.groovy:86)
	at com.kms.katalon.core.webui.keyword.builtin.SelectOptionByValueKeyword$_selectOptionByValue_closure1.call(SelectOptionByValueKeyword.groovy)
	at com.kms.katalon.core.webui.keyword.internal.WebUIKeywordMain.runKeyword(WebUIKeywordMain.groovy:20)
	at com.kms.katalon.core.webui.keyword.builtin.SelectOptionByValueKeyword.selectOptionByValue(SelectOptionByValueKeyword.groovy:99)
	at com.kms.katalon.core.webui.keyword.builtin.SelectOptionByValueKeyword.execute(SelectOptionByValueKeyword.groovy:71)
	at com.kms.katalon.core.keyword.internal.KeywordExecutor.executeKeywordForPlatform(KeywordExecutor.groovy:56)
	at com.kms.katalon.core.webui.keyword.WebUiBuiltInKeywords.selectOptionByValue(WebUiBuiltInKeywords.groovy:1138)
	at com.kms.katalon.core.webui.keyword.WebUiBuiltInKeywords$selectOptionByValue$9.call(Unknown Source)
	at Script1557930374333.run(Script1557930374333.groovy:241)
	... 13 more]]></system-out>
         <system-err><![CDATA[2019-05-24 18:54:58 - [TEST_CASE][FAILED] - Test Cases/addOnOrderRetail: Test Cases/addOnOrderRetail FAILED.
Reason:
com.kms.katalon.core.exception.StepFailedException: Unable to select option by value 'CABI_c' of object 'Object Repository/findOrders/Page_cabi Find Orders/Page_cabi Stylist Create RMA/selectReason1'  using regular expression
	at com.kms.katalon.core.webui.keyword.internal.WebUIKeywordMain.stepFailed(WebUIKeywordMain.groovy:64)
	at com.kms.katalon.core.webui.keyword.internal.WebUIKeywordMain.runKeyword(WebUIKeywordMain.groovy:26)
	at com.kms.katalon.core.webui.keyword.builtin.SelectOptionByValueKeyword.selectOptionByValue(SelectOptionByValueKeyword.groovy:99)
	at com.kms.katalon.core.webui.keyword.builtin.SelectOptionByValueKeyword.execute(SelectOptionByValueKeyword.groovy:71)
	at com.kms.katalon.core.keyword.internal.KeywordExecutor.executeKeywordForPlatform(KeywordExecutor.groovy:56)
	at com.kms.katalon.core.webui.keyword.WebUiBuiltInKeywords.selectOptionByValue(WebUiBuiltInKeywords.groovy:1138)
	at com.kms.katalon.core.webui.keyword.WebUiBuiltInKeywords$selectOptionByValue$9.call(Unknown Source)
	at addOnOrderRetail.run(addOnOrderRetail:241)
	at com.kms.katalon.core.main.ScriptEngine.run(ScriptEngine.java:194)
	at com.kms.katalon.core.main.ScriptEngine.runScriptAsRawText(ScriptEngine.java:119)
	at com.kms.katalon.core.main.TestCaseExecutor.runScript(TestCaseExecutor.java:342)
	at com.kms.katalon.core.main.TestCaseExecutor.doExecute(TestCaseExecutor.java:333)
	at com.kms.katalon.core.main.TestCaseExecutor.processExecutionPhase(TestCaseExecutor.java:312)
	at com.kms.katalon.core.main.TestCaseExecutor.accessMainPhase(TestCaseExecutor.java:304)
	at com.kms.katalon.core.main.TestCaseExecutor.execute(TestCaseExecutor.java:238)
	at com.kms.katalon.core.main.TestSuiteExecutor.accessTestCaseMainPhase(TestSuiteExecutor.java:129)
	at com.kms.katalon.core.main.TestSuiteExecutor.accessTestSuiteMainPhase(TestSuiteExecutor.java:112)
	at com.kms.katalon.core.main.TestSuiteExecutor.execute(TestSuiteExecutor.java:81)
	at com.kms.katalon.core.main.TestCaseMain.startTestSuite(TestCaseMain.java:157)
	at com.kms.katalon.core.main.TestCaseMain$startTestSuite$0.call(Unknown Source)
	at TempTestSuite1558704292496.run(TempTestSuite1558704292496.groovy:35)
Caused by: com.kms.katalon.core.webui.exception.WebElementNotFoundException: Web element with id: 'Object Repository/findOrders/Page_cabi Find Orders/Page_cabi Stylist Create RMA/selectReason1' located by 'By.xpath: //select[@class = 'reason01' and (text() = '
                                Reason
                                        Shipping
                                        Size
                                        Quality
                                        Other
                                ' or . = '
                                Reason
                                        Shipping
                                        Size
                                        Quality
                                        Other
                                ')]' not found
	at com.kms.katalon.core.webui.common.WebUiCommonHelper.findWebElement(WebUiCommonHelper.java:1097)
	at com.kms.katalon.core.webui.keyword.internal.WebUIAbstractKeyword.findWebElement(WebUIAbstractKeyword.groovy:27)
	at com.kms.katalon.core.webui.keyword.internal.WebUIAbstractKeyword.findWebElement(WebUIAbstractKeyword.groovy:26)
	at com.kms.katalon.core.webui.keyword.builtin.SelectOptionByValueKeyword$_selectOptionByValue_closure1.doCall(SelectOptionByValueKeyword.groovy:86)
	at com.kms.katalon.core.webui.keyword.builtin.SelectOptionByValueKeyword$_selectOptionByValue_closure1.call(SelectOptionByValueKeyword.groovy)
	at com.kms.katalon.core.webui.keyword.internal.WebUIKeywordMain.runKeyword(WebUIKeywordMain.groovy:20)
	at com.kms.katalon.core.webui.keyword.builtin.SelectOptionByValueKeyword.selectOptionByValue(SelectOptionByValueKeyword.groovy:99)
	at com.kms.katalon.core.webui.keyword.builtin.SelectOptionByValueKeyword.execute(SelectOptionByValueKeyword.groovy:71)
	at com.kms.katalon.core.keyword.internal.KeywordExecutor.executeKeywordForPlatform(KeywordExecutor.groovy:56)
	at com.kms.katalon.core.webui.keyword.WebUiBuiltInKeywords.selectOptionByValue(WebUiBuiltInKeywords.groovy:1138)
	at com.kms.katalon.core.webui.keyword.WebUiBuiltInKeywords$selectOptionByValue$9.call(Unknown Source)
	at Script1557930374333.run(Script1557930374333.groovy:241)
	... 13 more]]></system-err>
      </testcase>
      <system-out><![CDATA[2019-05-24 18:54:57 - [TEST_SUITE][FAILED] - NASuit2_addOnOrderRetail: Test Cases/addOnOrderRetail FAILED.
Reason:
com.kms.katalon.core.exception.StepFailedException: Unable to select option by value 'CABI_c' of object 'Object Repository/findOrders/Page_cabi Find Orders/Page_cabi Stylist Create RMA/selectReason1'  using regular expression
	at com.kms.katalon.core.webui.keyword.internal.WebUIKeywordMain.stepFailed(WebUIKeywordMain.groovy:64)
	at com.kms.katalon.core.webui.keyword.internal.WebUIKeywordMain.runKeyword(WebUIKeywordMain.groovy:26)
	at com.kms.katalon.core.webui.keyword.builtin.SelectOptionByValueKeyword.selectOptionByValue(SelectOptionByValueKeyword.groovy:99)
	at com.kms.katalon.core.webui.keyword.builtin.SelectOptionByValueKeyword.execute(SelectOptionByValueKeyword.groovy:71)
	at com.kms.katalon.core.keyword.internal.KeywordExecutor.executeKeywordForPlatform(KeywordExecutor.groovy:56)
	at com.kms.katalon.core.webui.keyword.WebUiBuiltInKeywords.selectOptionByValue(WebUiBuiltInKeywords.groovy:1138)
	at com.kms.katalon.core.webui.keyword.WebUiBuiltInKeywords$selectOptionByValue$9.call(Unknown Source)
	at addOnOrderRetail.run(addOnOrderRetail:241)
	at com.kms.katalon.core.main.ScriptEngine.run(ScriptEngine.java:194)
	at com.kms.katalon.core.main.ScriptEngine.runScriptAsRawText(ScriptEngine.java:119)
	at com.kms.katalon.core.main.TestCaseExecutor.runScript(TestCaseExecutor.java:342)
	at com.kms.katalon.core.main.TestCaseExecutor.doExecute(TestCaseExecutor.java:333)
	at com.kms.katalon.core.main.TestCaseExecutor.processExecutionPhase(TestCaseExecutor.java:312)
	at com.kms.katalon.core.main.TestCaseExecutor.accessMainPhase(TestCaseExecutor.java:304)
	at com.kms.katalon.core.main.TestCaseExecutor.execute(TestCaseExecutor.java:238)
	at com.kms.katalon.core.main.TestSuiteExecutor.accessTestCaseMainPhase(TestSuiteExecutor.java:129)
	at com.kms.katalon.core.main.TestSuiteExecutor.accessTestSuiteMainPhase(TestSuiteExecutor.java:112)
	at com.kms.katalon.core.main.TestSuiteExecutor.execute(TestSuiteExecutor.java:81)
	at com.kms.katalon.core.main.TestCaseMain.startTestSuite(TestCaseMain.java:157)
	at com.kms.katalon.core.main.TestCaseMain$startTestSuite$0.call(Unknown Source)
	at TempTestSuite1558704292496.run(TempTestSuite1558704292496.groovy:35)
Caused by: com.kms.katalon.core.webui.exception.WebElementNotFoundException: Web element with id: 'Object Repository/findOrders/Page_cabi Find Orders/Page_cabi Stylist Create RMA/selectReason1' located by 'By.xpath: //select[@class = 'reason01' and (text() = '
                                Reason
                                        Shipping
                                        Size
                                        Quality
                                        Other
                                ' or . = '
                                Reason
                                        Shipping
                                        Size
                                        Quality
                                        Other
                                ')]' not found
	at com.kms.katalon.core.webui.common.WebUiCommonHelper.findWebElement(WebUiCommonHelper.java:1097)
	at com.kms.katalon.core.webui.keyword.internal.WebUIAbstractKeyword.findWebElement(WebUIAbstractKeyword.groovy:27)
	at com.kms.katalon.core.webui.keyword.internal.WebUIAbstractKeyword.findWebElement(WebUIAbstractKeyword.groovy:26)
	at com.kms.katalon.core.webui.keyword.builtin.SelectOptionByValueKeyword$_selectOptionByValue_closure1.doCall(SelectOptionByValueKeyword.groovy:86)
	at com.kms.katalon.core.webui.keyword.builtin.SelectOptionByValueKeyword$_selectOptionByValue_closure1.call(SelectOptionByValueKeyword.groovy)
	at com.kms.katalon.core.webui.keyword.internal.WebUIKeywordMain.runKeyword(WebUIKeywordMain.groovy:20)
	at com.kms.katalon.core.webui.keyword.builtin.SelectOptionByValueKeyword.selectOptionByValue(SelectOptionByValueKeyword.groovy:99)
	at com.kms.katalon.core.webui.keyword.builtin.SelectOptionByValueKeyword.execute(SelectOptionByValueKeyword.groovy:71)
	at com.kms.katalon.core.keyword.internal.KeywordExecutor.executeKeywordForPlatform(KeywordExecutor.groovy:56)
	at com.kms.katalon.core.webui.keyword.WebUiBuiltInKeywords.selectOptionByValue(WebUiBuiltInKeywords.groovy:1138)
	at com.kms.katalon.core.webui.keyword.WebUiBuiltInKeywords$selectOptionByValue$9.call(Unknown Source)
	at Script1557930374333.run(Script1557930374333.groovy:241)
	... 13 more]]></system-out>
      <system-err><![CDATA[2019-05-24 18:54:57 - [TEST_SUITE][FAILED] - NASuit2_addOnOrderRetail: Test Cases/addOnOrderRetail FAILED.
Reason:
com.kms.katalon.core.exception.StepFailedException: Unable to select option by value 'CABI_c' of object 'Object Repository/findOrders/Page_cabi Find Orders/Page_cabi Stylist Create RMA/selectReason1'  using regular expression
	at com.kms.katalon.core.webui.keyword.internal.WebUIKeywordMain.stepFailed(WebUIKeywordMain.groovy:64)
	at com.kms.katalon.core.webui.keyword.internal.WebUIKeywordMain.runKeyword(WebUIKeywordMain.groovy:26)
	at com.kms.katalon.core.webui.keyword.builtin.SelectOptionByValueKeyword.selectOptionByValue(SelectOptionByValueKeyword.groovy:99)
	at com.kms.katalon.core.webui.keyword.builtin.SelectOptionByValueKeyword.execute(SelectOptionByValueKeyword.groovy:71)
	at com.kms.katalon.core.keyword.internal.KeywordExecutor.executeKeywordForPlatform(KeywordExecutor.groovy:56)
	at com.kms.katalon.core.webui.keyword.WebUiBuiltInKeywords.selectOptionByValue(WebUiBuiltInKeywords.groovy:1138)
	at com.kms.katalon.core.webui.keyword.WebUiBuiltInKeywords$selectOptionByValue$9.call(Unknown Source)
	at addOnOrderRetail.run(addOnOrderRetail:241)
	at com.kms.katalon.core.main.ScriptEngine.run(ScriptEngine.java:194)
	at com.kms.katalon.core.main.ScriptEngine.runScriptAsRawText(ScriptEngine.java:119)
	at com.kms.katalon.core.main.TestCaseExecutor.runScript(TestCaseExecutor.java:342)
	at com.kms.katalon.core.main.TestCaseExecutor.doExecute(TestCaseExecutor.java:333)
	at com.kms.katalon.core.main.TestCaseExecutor.processExecutionPhase(TestCaseExecutor.java:312)
	at com.kms.katalon.core.main.TestCaseExecutor.accessMainPhase(TestCaseExecutor.java:304)
	at com.kms.katalon.core.main.TestCaseExecutor.execute(TestCaseExecutor.java:238)
	at com.kms.katalon.core.main.TestSuiteExecutor.accessTestCaseMainPhase(TestSuiteExecutor.java:129)
	at com.kms.katalon.core.main.TestSuiteExecutor.accessTestSuiteMainPhase(TestSuiteExecutor.java:112)
	at com.kms.katalon.core.main.TestSuiteExecutor.execute(TestSuiteExecutor.java:81)
	at com.kms.katalon.core.main.TestCaseMain.startTestSuite(TestCaseMain.java:157)
	at com.kms.katalon.core.main.TestCaseMain$startTestSuite$0.call(Unknown Source)
	at TempTestSuite1558704292496.run(TempTestSuite1558704292496.groovy:35)
Caused by: com.kms.katalon.core.webui.exception.WebElementNotFoundException: Web element with id: 'Object Repository/findOrders/Page_cabi Find Orders/Page_cabi Stylist Create RMA/selectReason1' located by 'By.xpath: //select[@class = 'reason01' and (text() = '
                                Reason
                                        Shipping
                                        Size
                                        Quality
                                        Other
                                ' or . = '
                                Reason
                                        Shipping
                                        Size
                                        Quality
                                        Other
                                ')]' not found
	at com.kms.katalon.core.webui.common.WebUiCommonHelper.findWebElement(WebUiCommonHelper.java:1097)
	at com.kms.katalon.core.webui.keyword.internal.WebUIAbstractKeyword.findWebElement(WebUIAbstractKeyword.groovy:27)
	at com.kms.katalon.core.webui.keyword.internal.WebUIAbstractKeyword.findWebElement(WebUIAbstractKeyword.groovy:26)
	at com.kms.katalon.core.webui.keyword.builtin.SelectOptionByValueKeyword$_selectOptionByValue_closure1.doCall(SelectOptionByValueKeyword.groovy:86)
	at com.kms.katalon.core.webui.keyword.builtin.SelectOptionByValueKeyword$_selectOptionByValue_closure1.call(SelectOptionByValueKeyword.groovy)
	at com.kms.katalon.core.webui.keyword.internal.WebUIKeywordMain.runKeyword(WebUIKeywordMain.groovy:20)
	at com.kms.katalon.core.webui.keyword.builtin.SelectOptionByValueKeyword.selectOptionByValue(SelectOptionByValueKeyword.groovy:99)
	at com.kms.katalon.core.webui.keyword.builtin.SelectOptionByValueKeyword.execute(SelectOptionByValueKeyword.groovy:71)
	at com.kms.katalon.core.keyword.internal.KeywordExecutor.executeKeywordForPlatform(KeywordExecutor.groovy:56)
	at com.kms.katalon.core.webui.keyword.WebUiBuiltInKeywords.selectOptionByValue(WebUiBuiltInKeywords.groovy:1138)
	at com.kms.katalon.core.webui.keyword.WebUiBuiltInKeywords$selectOptionByValue$9.call(Unknown Source)
	at Script1557930374333.run(Script1557930374333.groovy:241)
	... 13 more]]></system-err>
   </testsuite>
</testsuites>
