<?xml version="1.0" encoding="UTF-8"?>
<testsuites name="DashboardSuite" time="684" tests="1" failures="0" errors="0">
   <testsuite name="DashboardSuite" tests="1" failures="0" errors="0" time="684" timestamp="2019-08-09 17:21:11" hostname="user - 10.0.102.200" id="Test Suites/VirtualShowSuites/DashboardSuite">
      <properties>
         <property name="deviceName" value=""/>
         <property name="devicePlatform" value=""/>
         <property name="logFolder" value="C:\\Users\\user\\Documents\\testautomation\\KatalonProjects\\Reports\\VirtualShowSuites\\DashboardSuite\\20190809_172108"/>
         <property name="logFiles" value="C:\\Users\\user\\Documents\\testautomation\\KatalonProjects\\Reports\\VirtualShowSuites\\DashboardSuite\\20190809_172108\\execution0.log"/>
         <property name="attachments" value=""/>
         <property name="hostName" value="user - 10.0.102.200"/>
         <property name="os" value="Windows 8.1 64bit"/>
         <property name="katalonVersion" value="6.1.1.1"/>
         <property name="browser" value="Chrome 76.0.3809.100"/>
         <property name="hostAddress" value="10.0.102.200"/>
         <property name="sessionId" value="8c83b6cbb4fdda819b4a0e4f0bd0b596"/>
         <property name="seleniumVersion" value="3.7.1"/>
         <property name="proxyInformation" value="ProxyInformation{proxyOption=NO_PROXY, proxyServerType=HTTP, password=, proxyServerAddress=, proxyServerPort=0}"/>
         <property name="platform" value="Windows 8.1"/>
      </properties>
      <testcase name="Test Cases/VirtualShow/VS_Automation" classname="Test Cases/VirtualShow/VS_Automation" status="PASSED">
         <system-out><![CDATA[2019-08-09 17:21:11 - [TEST_CASE][PASSED] - Test Cases/VirtualShow/VS_Automation: Test Cases/VirtualShow/VS_Automation

2019-08-09 17:21:11 - [TEST_STEP][PASSED] - Start listener action : sampleBeforeTestCase: null

2019-08-09 17:21:11 - [TEST_STEP][PASSED] - println(testCaseContext.getTestCaseId()): null

2019-08-09 17:21:11 - [TEST_STEP][PASSED] - println(testCaseContext.getTestCaseVariables()): null

2019-08-09 17:21:12 - [TEST_STEP][PASSED] - dataFile = "micrositeData": null

2019-08-09 17:21:12 - [TEST_STEP][PASSED] - guest1Mail = findTestData(dataFile).getValue("guest1Mail", 1): null

2019-08-09 17:21:14 - [TEST_STEP][PASSED] - guest1Pass = findTestData(dataFile).getValue("guest1Pass", 1): null

2019-08-09 17:21:14 - [TEST_STEP][PASSED] - dataFile = "virtualShowData": null

2019-08-09 17:21:14 - [TEST_STEP][PASSED] - hostess = findTestData(dataFile).getValue("hostess", 1): null

2019-08-09 17:21:14 - [TEST_STEP][PASSED] - cohostess = findTestData(dataFile).getValue("cohostess", 1): null

2019-08-09 17:21:14 - [TEST_STEP][PASSED] - guest1 = findTestData(dataFile).getValue("guest1", 1): null

2019-08-09 17:21:14 - [TEST_STEP][PASSED] - guest2 = findTestData(dataFile).getValue("guest2", 1): null

2019-08-09 17:21:14 - [TEST_STEP][PASSED] - RSTestEnvt = findTestData("envtData").getValue("RSTestEnvt", 1): null

2019-08-09 17:21:14 - [TEST_STEP][PASSED] - BOURL = findTestData("envtData").getValue("BOURL", 1): null

2019-08-09 17:21:14 - [TEST_STEP][PASSED] - actualGuestList = new java.util.ArrayList(): null

2019-08-09 17:21:14 - [TEST_STEP][PASSED] - yesList = new java.util.ArrayList(): null

2019-08-09 17:21:14 - [TEST_STEP][PASSED] - noList = new java.util.ArrayList(): null

2019-08-09 17:21:14 - [TEST_STEP][PASSED] - maybeList = new java.util.ArrayList(): null

2019-08-09 17:21:14 - [TEST_STEP][PASSED] - noreplyList = new java.util.ArrayList(): null

2019-08-09 17:21:14 - [TEST_STEP][PASSED] - presentList = new java.util.ArrayList(): null

2019-08-09 17:21:14 - [TEST_STEP][PASSED] - allList = new java.util.ArrayList(): null

2019-08-09 17:21:14 - [TEST_STEP][PASSED] - callTestCase(findTestCase("VirtualShow/createShow"), ["testEnvt":"", "username":"", "password":"", "stylist":"", "hostess":"", "cohostess":"", "guest1":"", "guest2":"", "verifyHostess":"", ... ], STOP_ON_FAILURE): Call Test Case 'Test Cases/VirtualShow/createShow' successfully

2019-08-09 17:21:14 - [TEST_CASE][PASSED] - Test Cases/VirtualShow/createShow: Test Cases/VirtualShow/createShow

2019-08-09 17:21:15 - [TEST_STEP][PASSED] - dataFile = "virtualShowData": null

2019-08-09 17:21:15 - [TEST_STEP][PASSED] - stylist = findTestData(dataFile).getValue("stylist", 1): null

2019-08-09 17:21:15 - [TEST_STEP][PASSED] - hostess = findTestData(dataFile).getValue("hostess", 1): null

2019-08-09 17:21:15 - [TEST_STEP][PASSED] - cohostess = findTestData(dataFile).getValue("cohostess", 1): null

2019-08-09 17:21:15 - [TEST_STEP][PASSED] - guest1 = findTestData(dataFile).getValue("guest1", 1): null

2019-08-09 17:21:15 - [TEST_STEP][PASSED] - guest2 = findTestData(dataFile).getValue("guest2", 1): null

2019-08-09 17:21:15 - [TEST_STEP][PASSED] - verifyGuestCount = findTestData(dataFile).getValue("verifyGuestCount", 1): null

2019-08-09 17:21:15 - [TEST_STEP][PASSED] - RSTestEnvt = findTestData("envtData").getValue("RSTestEnvt", 1): null

2019-08-09 17:21:15 - [TEST_STEP][PASSED] - openBrowser(""): Browser is opened with url: ''

2019-08-09 17:21:15 - [MESSAGE][INFO] - Starting 'Chrome' driver

2019-08-09 17:21:15 - [MESSAGE][INFO] - User set preference: ['args', '[--use-fake-ui-for-media-stream, --start-maximized]']

2019-08-09 17:21:16 - [MESSAGE][INFO] - Action delay is set to 0 seconds

2019-08-09 17:21:19 - [MESSAGE][PASSED] - Browser is opened with url: ''

2019-08-09 17:21:19 - [TEST_STEP][PASSED] - maximizeWindow(): Current window maximized

2019-08-09 17:21:20 - [MESSAGE][PASSED] - Current window maximized

2019-08-09 17:21:20 - [TEST_STEP][PASSED] - callTestCase(findTestCase("TestCaseUtilities/backOfficeLogin"), ["BOURL":"", "BOuser":"", "BOpass":""], STOP_ON_FAILURE): Call Test Case 'Test Cases/TestCaseUtilities/backOfficeLogin' successfully

2019-08-09 17:21:20 - [TEST_CASE][PASSED] - Test Cases/TestCaseUtilities/backOfficeLogin: Test Cases/TestCaseUtilities/backOfficeLogin

2019-08-09 17:21:20 - [TEST_STEP][PASSED] - BOURL = findTestData("envtData").getValue("BOURL", 1): null

2019-08-09 17:21:20 - [TEST_STEP][PASSED] - BOuser = findTestData("credData").getValue("BOuser", 1): null

2019-08-09 17:21:20 - [TEST_STEP][PASSED] - BOpass = findTestData("credData").getValue("BOpass", 1): null

2019-08-09 17:21:20 - [TEST_STEP][PASSED] - navigateToUrl(BOURL): Navigate to 'https://test19.cliotest.com/backoffice/control/main' successfully

2019-08-09 17:21:28 - [MESSAGE][PASSED] - Navigate to 'https://test19.cliotest.com/backoffice/control/main' successfully

2019-08-09 17:21:28 - [TEST_STEP][PASSED] - logOut = findWebElements(findTestObject("Object Repository/Page_cabi Home/log_out"), 1): Unable to find the element located by 'By.xpath: //a[contains(text(),'Log Out')]'. Please recheck the objects properties to make sure the desired element is located. 

2019-08-09 17:21:29 - [MESSAGE][INFO] - Unable to find the element located by 'By.xpath: //a[contains(text(),'Log Out')]'. Please recheck the objects properties to make sure the desired element is located. 

2019-08-09 17:21:29 - [TEST_STEP][PASSED] - if (logOut.size() == 0): Object: 'Object Repository/Page_cabi/input_Welcome to_consultantLogin' is clicked on

2019-08-09 17:21:29 - [TEST_STEP][PASSED] - setText(findTestObject("Page_cabi/input_Welcome to_USERNAME"), BOuser): Text '400000002' is set on object 'Object Repository/Page_cabi/input_Welcome to_USERNAME'

2019-08-09 17:21:29 - [MESSAGE][PASSED] - Text '400000002' is set on object 'Object Repository/Page_cabi/input_Welcome to_USERNAME'

2019-08-09 17:21:29 - [TEST_STEP][PASSED] - setText(findTestObject("Object Repository/Page_cabi/input_Welcome to_PASSWORD"), BOpass): Text 'blackdress19' is set on object 'Object Repository/Page_cabi/input_Welcome to_PASSWORD'

2019-08-09 17:21:29 - [MESSAGE][PASSED] - Text 'blackdress19' is set on object 'Object Repository/Page_cabi/input_Welcome to_PASSWORD'

2019-08-09 17:21:29 - [TEST_STEP][PASSED] - click(findTestObject("Object Repository/Page_cabi/input_Welcome to_consultantLogin")): Object: 'Object Repository/Page_cabi/input_Welcome to_consultantLogin' is clicked on

2019-08-09 17:21:38 - [MESSAGE][PASSED] - Object: 'Object Repository/Page_cabi/input_Welcome to_consultantLogin' is clicked on

2019-08-09 17:21:38 - [TEST_STEP][PASSED] - delay(3): Delayed 3 second(s)

2019-08-09 17:21:41 - [MESSAGE][PASSED] - Delayed 3 second(s)

2019-08-09 17:21:41 - [MESSAGE][PASSED] - Call Test Case 'Test Cases/TestCaseUtilities/backOfficeLogin' successfully

2019-08-09 17:21:41 - [TEST_STEP][PASSED] - verifyElementText(findTestObject("Object Repository/virualShowRSVPOR/Page_cabi/span_username"), stylist): Actual text and expected text of test object 'Object Repository/virualShowRSVPOR/Page_cabi/span_username' are matched.

2019-08-09 17:21:41 - [MESSAGE][PASSED] - Actual text and expected text of test object 'Object Repository/virualShowRSVPOR/Page_cabi/span_username' are matched.

2019-08-09 17:21:41 - [TEST_STEP][PASSED] - click(findTestObject("Object Repository/virualShowRSVPOR/Page_cabi Home/a_shows _orders")): Object: 'Object Repository/virualShowRSVPOR/Page_cabi Home/a_shows _orders' is clicked on

2019-08-09 17:21:41 - [MESSAGE][PASSED] - Object: 'Object Repository/virualShowRSVPOR/Page_cabi Home/a_shows _orders' is clicked on

2019-08-09 17:21:41 - [TEST_STEP][PASSED] - click(findTestObject("Object Repository/virualShowRSVPOR/Page_cabi Home/a_Create_A_Show")): Object: 'Object Repository/virualShowRSVPOR/Page_cabi Home/a_Create_A_Show' is clicked on

2019-08-09 17:21:43 - [MESSAGE][PASSED] - Object: 'Object Repository/virualShowRSVPOR/Page_cabi Home/a_Create_A_Show' is clicked on

2019-08-09 17:21:43 - [TEST_STEP][PASSED] - setText(findTestObject("Object Repository/virualShowRSVPOR/Page_cabi Create Show - Set Hostess/input_Hostess"), hostess): Text 'ahostess-test abc' is set on object 'Object Repository/virualShowRSVPOR/Page_cabi Create Show - Set Hostess/input_Hostess'

2019-08-09 17:21:43 - [MESSAGE][PASSED] - Text 'ahostess-test abc' is set on object 'Object Repository/virualShowRSVPOR/Page_cabi Create Show - Set Hostess/input_Hostess'

2019-08-09 17:21:43 - [TEST_STEP][PASSED] - delay(2): Delayed 2 second(s)

2019-08-09 17:21:45 - [MESSAGE][PASSED] - Delayed 2 second(s)

2019-08-09 17:21:45 - [TEST_STEP][PASSED] - sendKeys(findTestObject("Object Repository/virualShowRSVPOR/Page_cabi Create Show - Set Hostess/input_Hostess"), Keys.chord(ARROW_DOWN)): Keys 'DOWN + ' sent to object: 'Object Repository/virualShowRSVPOR/Page_cabi Create Show - Set Hostess/input_Hostess'

2019-08-09 17:21:45 - [MESSAGE][PASSED] - Keys 'DOWN + ' sent to object: 'Object Repository/virualShowRSVPOR/Page_cabi Create Show - Set Hostess/input_Hostess'

2019-08-09 17:21:45 - [TEST_STEP][PASSED] - sendKeys(findTestObject("Object Repository/virualShowRSVPOR/Page_cabi Create Show - Set Hostess/input_Hostess"), Keys.chord(ENTER)): Keys 'ENTER + ' sent to object: 'Object Repository/virualShowRSVPOR/Page_cabi Create Show - Set Hostess/input_Hostess'

2019-08-09 17:21:45 - [MESSAGE][PASSED] - Keys 'ENTER + ' sent to object: 'Object Repository/virualShowRSVPOR/Page_cabi Create Show - Set Hostess/input_Hostess'

2019-08-09 17:21:45 - [TEST_STEP][PASSED] - delay(2): Delayed 2 second(s)

2019-08-09 17:21:47 - [MESSAGE][PASSED] - Delayed 2 second(s)

2019-08-09 17:21:47 - [TEST_STEP][PASSED] - validateHostessAddressMsg = findWebElements(findTestObject("Object Repository/virualShowRSVPOR/Page_cabi Create Show - Set Hostess/validate_address_msg"), 5): null

2019-08-09 17:21:47 - [TEST_STEP][PASSED] - println(validateHostessAddressMsg.size()): null

2019-08-09 17:21:47 - [TEST_STEP][PASSED] - if (validateHostessAddressMsg.isEmpty()): null

2019-08-09 17:21:47 - [TEST_STEP][PASSED] - selectOptionByValue(findTestObject("Object Repository/virualShowRSVPOR/Page_cabi Create Show - Set Hostess/select_Choose_From_Contacts_Co-Hostess"), "3", true): All options with value '3' are selected in object 'Object Repository/virualShowRSVPOR/Page_cabi Create Show - Set Hostess/select_Choose_From_Contacts_Co-Hostess'  using regular expression

2019-08-09 17:21:48 - [MESSAGE][PASSED] - All options with value '3' are selected in object 'Object Repository/virualShowRSVPOR/Page_cabi Create Show - Set Hostess/select_Choose_From_Contacts_Co-Hostess'  using regular expression

2019-08-09 17:21:48 - [TEST_STEP][PASSED] - setText(findTestObject("Object Repository/virualShowRSVPOR/Page_cabi Create Show - Set Hostess/input_Cohostess"), cohostess): Text 'bcohost-test abc' is set on object 'Object Repository/virualShowRSVPOR/Page_cabi Create Show - Set Hostess/input_Cohostess'

2019-08-09 17:21:48 - [MESSAGE][PASSED] - Text 'bcohost-test abc' is set on object 'Object Repository/virualShowRSVPOR/Page_cabi Create Show - Set Hostess/input_Cohostess'

2019-08-09 17:21:48 - [TEST_STEP][PASSED] - delay(2): Delayed 2 second(s)

2019-08-09 17:21:50 - [MESSAGE][PASSED] - Delayed 2 second(s)

2019-08-09 17:21:50 - [TEST_STEP][PASSED] - sendKeys(findTestObject("Object Repository/virualShowRSVPOR/Page_cabi Create Show - Set Hostess/input_Cohostess"), Keys.chord(ARROW_DOWN)): Keys 'DOWN + ' sent to object: 'Object Repository/virualShowRSVPOR/Page_cabi Create Show - Set Hostess/input_Cohostess'

2019-08-09 17:21:50 - [MESSAGE][PASSED] - Keys 'DOWN + ' sent to object: 'Object Repository/virualShowRSVPOR/Page_cabi Create Show - Set Hostess/input_Cohostess'

2019-08-09 17:21:50 - [TEST_STEP][PASSED] - sendKeys(findTestObject("Object Repository/virualShowRSVPOR/Page_cabi Create Show - Set Hostess/input_Cohostess"), Keys.chord(ENTER)): Keys 'ENTER + ' sent to object: 'Object Repository/virualShowRSVPOR/Page_cabi Create Show - Set Hostess/input_Cohostess'

2019-08-09 17:21:50 - [MESSAGE][PASSED] - Keys 'ENTER + ' sent to object: 'Object Repository/virualShowRSVPOR/Page_cabi Create Show - Set Hostess/input_Cohostess'

2019-08-09 17:21:50 - [TEST_STEP][PASSED] - delay(3): Delayed 3 second(s)

2019-08-09 17:21:53 - [MESSAGE][PASSED] - Delayed 3 second(s)

2019-08-09 17:21:53 - [TEST_STEP][PASSED] - validateHostessAddressMsg = findWebElements(findTestObject("Object Repository/virualShowRSVPOR/Page_cabi Create Show - Set Hostess/validate_address_msg"), 5): null

2019-08-09 17:21:53 - [TEST_STEP][PASSED] - if (validateHostessAddressMsg.size() != 4): null

2019-08-09 17:21:53 - [TEST_STEP][PASSED] - click(findTestObject("Object Repository/virualShowRSVPOR/Page_cabi Create Show - Set Hostess/input_next")): Object: 'Object Repository/virualShowRSVPOR/Page_cabi Create Show - Set Hostess/input_next' is clicked on

2019-08-09 17:21:55 - [MESSAGE][PASSED] - Object: 'Object Repository/virualShowRSVPOR/Page_cabi Create Show - Set Hostess/input_next' is clicked on

2019-08-09 17:21:55 - [TEST_STEP][PASSED] - click(findTestObject("Object Repository/virualShowRSVPOR/Page_cabi Create Show - Time and Place/check_Virtual_Show")): Object: 'Object Repository/virualShowRSVPOR/Page_cabi Create Show - Time and Place/check_Virtual_Show' is clicked on

2019-08-09 17:21:55 - [MESSAGE][PASSED] - Object: 'Object Repository/virualShowRSVPOR/Page_cabi Create Show - Time and Place/check_Virtual_Show' is clicked on

2019-08-09 17:21:55 - [TEST_STEP][PASSED] - click(findTestObject("Object Repository/virualShowRSVPOR/Page_cabi Create Show - Time and Place/input_Show_Date_Time")): Object: 'Object Repository/virualShowRSVPOR/Page_cabi Create Show - Time and Place/input_Show_Date_Time' is clicked on

2019-08-09 17:21:55 - [MESSAGE][PASSED] - Object: 'Object Repository/virualShowRSVPOR/Page_cabi Create Show - Time and Place/input_Show_Date_Time' is clicked on

2019-08-09 17:21:55 - [TEST_STEP][PASSED] - year = findTestData("virtualShowData").getValue("vsyear", 1): null

2019-08-09 17:21:55 - [TEST_STEP][PASSED] - month = findTestData("virtualShowData").getValue("vsmonth", 1): null

2019-08-09 17:21:55 - [TEST_STEP][PASSED] - day = findTestData("virtualShowData").getValue("vsday", 1): null

2019-08-09 17:21:55 - [TEST_STEP][PASSED] - pastdate = findTestData("virtualShowData").getValue("pastdate", 1): null

2019-08-09 17:21:56 - [TEST_STEP][PASSED] - xpath = UtilityMethods.concat("//td[@data-month='" + month - 1 + "' and @data-year='" + year + "']/a[contains(text(), '" + day + "')]"): null

2019-08-09 17:21:56 - [TEST_STEP][PASSED] - dateObj = new com.kms.katalon.core.testobject.TestObject(td_month_year_day): null

2019-08-09 17:21:56 - [TEST_STEP][PASSED] - dateObj.addProperty("xpath", EQUALS, xpath): null

2019-08-09 17:21:56 - [TEST_STEP][PASSED] - monthBound = 12: null

2019-08-09 17:21:56 - [TEST_STEP][PASSED] - dateObjList = findWebElements(dateObj, 5): null

2019-08-09 17:21:56 - [TEST_STEP][PASSED] - while (dateObjList.size() == 0 && monthBound > 0): null

2019-08-09 17:21:56 - [TEST_STEP][PASSED] - click(dateObj): Object: 'td_month_year_day' is clicked on

2019-08-09 17:21:56 - [MESSAGE][PASSED] - Object: 'td_month_year_day' is clicked on

2019-08-09 17:21:56 - [TEST_STEP][PASSED] - click(findTestObject("Object Repository/virualShowRSVPOR/Page_cabi Create Show - Time and Place/a_select_End_Time")): Object: 'Object Repository/virualShowRSVPOR/Page_cabi Create Show - Time and Place/a_select_End_Time' is clicked on

2019-08-09 17:21:56 - [MESSAGE][PASSED] - Object: 'Object Repository/virualShowRSVPOR/Page_cabi Create Show - Time and Place/a_select_End_Time' is clicked on

2019-08-09 17:21:56 - [TEST_STEP][PASSED] - click(findTestObject("Object Repository/virualShowRSVPOR/Page_cabi Create Show - Time and Place/input_next")): Object: 'Object Repository/virualShowRSVPOR/Page_cabi Create Show - Time and Place/input_next' is clicked on

2019-08-09 17:21:57 - [MESSAGE][PASSED] - Object: 'Object Repository/virualShowRSVPOR/Page_cabi Create Show - Time and Place/input_next' is clicked on

2019-08-09 17:21:57 - [TEST_STEP][PASSED] - delay(5): Delayed 5 second(s)

2019-08-09 17:22:02 - [MESSAGE][PASSED] - Delayed 5 second(s)

2019-08-09 17:22:02 - [TEST_STEP][PASSED] - click(findTestObject("Object Repository/virualShowRSVPOR/Page_cabi Create Show - Invite Hostess/input_Skip_Invite")): Object: 'Object Repository/virualShowRSVPOR/Page_cabi Create Show - Invite Hostess/input_Skip_Invite' is clicked on

2019-08-09 17:22:05 - [MESSAGE][PASSED] - Object: 'Object Repository/virualShowRSVPOR/Page_cabi Create Show - Invite Hostess/input_Skip_Invite' is clicked on

2019-08-09 17:22:05 - [TEST_STEP][PASSED] - setText(findTestObject("Object Repository/virualShowRSVPOR/Page_cabi Edit Show - Add Guests/contact_search_box"), guest1): Text 'guest1-test abc' is set on object 'Object Repository/virualShowRSVPOR/Page_cabi Edit Show - Add Guests/contact_search_box'

2019-08-09 17:22:05 - [MESSAGE][PASSED] - Text 'guest1-test abc' is set on object 'Object Repository/virualShowRSVPOR/Page_cabi Edit Show - Add Guests/contact_search_box'

2019-08-09 17:22:05 - [TEST_STEP][PASSED] - delay(2): Delayed 2 second(s)

2019-08-09 17:22:07 - [MESSAGE][PASSED] - Delayed 2 second(s)

2019-08-09 17:22:07 - [TEST_STEP][PASSED] - sendKeys(findTestObject("Object Repository/virualShowRSVPOR/Page_cabi Edit Show - Add Guests/contact_search_box"), Keys.chord(ARROW_DOWN)): Keys 'DOWN + ' sent to object: 'Object Repository/virualShowRSVPOR/Page_cabi Edit Show - Add Guests/contact_search_box'

2019-08-09 17:22:08 - [MESSAGE][PASSED] - Keys 'DOWN + ' sent to object: 'Object Repository/virualShowRSVPOR/Page_cabi Edit Show - Add Guests/contact_search_box'

2019-08-09 17:22:08 - [TEST_STEP][PASSED] - sendKeys(findTestObject("Object Repository/virualShowRSVPOR/Page_cabi Edit Show - Add Guests/contact_search_box"), Keys.chord(ENTER)): Keys 'ENTER + ' sent to object: 'Object Repository/virualShowRSVPOR/Page_cabi Edit Show - Add Guests/contact_search_box'

2019-08-09 17:22:08 - [MESSAGE][PASSED] - Keys 'ENTER + ' sent to object: 'Object Repository/virualShowRSVPOR/Page_cabi Edit Show - Add Guests/contact_search_box'

2019-08-09 17:22:08 - [TEST_STEP][PASSED] - delay(2): Delayed 2 second(s)

2019-08-09 17:22:10 - [MESSAGE][PASSED] - Delayed 2 second(s)

2019-08-09 17:22:10 - [TEST_STEP][PASSED] - click(findTestObject("Object Repository/virualShowRSVPOR/Page_cabi Edit Show - Add Guests/a_add_guest")): Object: 'Object Repository/virualShowRSVPOR/Page_cabi Edit Show - Add Guests/a_add_guest' is clicked on

2019-08-09 17:22:10 - [MESSAGE][PASSED] - Object: 'Object Repository/virualShowRSVPOR/Page_cabi Edit Show - Add Guests/a_add_guest' is clicked on

2019-08-09 17:22:10 - [TEST_STEP][PASSED] - delay(5): Delayed 5 second(s)

2019-08-09 17:22:15 - [MESSAGE][PASSED] - Delayed 5 second(s)

2019-08-09 17:22:15 - [TEST_STEP][PASSED] - setText(findTestObject("Object Repository/virualShowRSVPOR/Page_cabi Edit Show - Add Guests/contact_search_box"), guest2): Text 'guest2-test abc' is set on object 'Object Repository/virualShowRSVPOR/Page_cabi Edit Show - Add Guests/contact_search_box'

2019-08-09 17:22:15 - [MESSAGE][PASSED] - Text 'guest2-test abc' is set on object 'Object Repository/virualShowRSVPOR/Page_cabi Edit Show - Add Guests/contact_search_box'

2019-08-09 17:22:15 - [TEST_STEP][PASSED] - delay(2): Delayed 2 second(s)

2019-08-09 17:22:17 - [MESSAGE][PASSED] - Delayed 2 second(s)

2019-08-09 17:22:17 - [TEST_STEP][PASSED] - sendKeys(findTestObject("Object Repository/virualShowRSVPOR/Page_cabi Edit Show - Add Guests/contact_search_box"), Keys.chord(ARROW_DOWN)): Keys 'DOWN + ' sent to object: 'Object Repository/virualShowRSVPOR/Page_cabi Edit Show - Add Guests/contact_search_box'

2019-08-09 17:22:17 - [MESSAGE][PASSED] - Keys 'DOWN + ' sent to object: 'Object Repository/virualShowRSVPOR/Page_cabi Edit Show - Add Guests/contact_search_box'

2019-08-09 17:22:17 - [TEST_STEP][PASSED] - sendKeys(findTestObject("Object Repository/virualShowRSVPOR/Page_cabi Edit Show - Add Guests/contact_search_box"), Keys.chord(ENTER)): Keys 'ENTER + ' sent to object: 'Object Repository/virualShowRSVPOR/Page_cabi Edit Show - Add Guests/contact_search_box'

2019-08-09 17:22:17 - [MESSAGE][PASSED] - Keys 'ENTER + ' sent to object: 'Object Repository/virualShowRSVPOR/Page_cabi Edit Show - Add Guests/contact_search_box'

2019-08-09 17:22:17 - [TEST_STEP][PASSED] - delay(2): Delayed 2 second(s)

2019-08-09 17:22:19 - [MESSAGE][PASSED] - Delayed 2 second(s)

2019-08-09 17:22:19 - [TEST_STEP][PASSED] - click(findTestObject("Object Repository/virualShowRSVPOR/Page_cabi Edit Show - Add Guests/a_add_guest")): Object: 'Object Repository/virualShowRSVPOR/Page_cabi Edit Show - Add Guests/a_add_guest' is clicked on

2019-08-09 17:22:20 - [MESSAGE][PASSED] - Object: 'Object Repository/virualShowRSVPOR/Page_cabi Edit Show - Add Guests/a_add_guest' is clicked on

2019-08-09 17:22:20 - [TEST_STEP][PASSED] - delay(2): Delayed 2 second(s)

2019-08-09 17:22:22 - [MESSAGE][PASSED] - Delayed 2 second(s)

2019-08-09 17:22:22 - [TEST_STEP][PASSED] - verifyHostess = UtilityMethods.splitPersonName(hostess): null

2019-08-09 17:22:22 - [TEST_STEP][PASSED] - verifyCohostess = UtilityMethods.splitPersonName(cohostess): null

2019-08-09 17:22:22 - [TEST_STEP][PASSED] - verifyGuest1 = UtilityMethods.splitPersonName(guest1): null

2019-08-09 17:22:22 - [TEST_STEP][PASSED] - verifyGuest2 = UtilityMethods.splitPersonName(guest2): null

2019-08-09 17:22:22 - [TEST_STEP][PASSED] - verifyElementText(findTestObject("Object Repository/virualShowRSVPOR/Page_cabi Edit Show - Add Guests/span_hostess_name"), UtilityMethods.concat(verifyHostess[1], ", ", verifyHostess[0])): Actual text and expected text of test object 'Object Repository/virualShowRSVPOR/Page_cabi Edit Show - Add Guests/span_hostess_name' are matched.

2019-08-09 17:22:22 - [MESSAGE][PASSED] - Actual text and expected text of test object 'Object Repository/virualShowRSVPOR/Page_cabi Edit Show - Add Guests/span_hostess_name' are matched.

2019-08-09 17:22:22 - [TEST_STEP][PASSED] - verifyElementText(findTestObject("Object Repository/virualShowRSVPOR/Page_cabi Edit Show - Add Guests/span_cohostess_name"), UtilityMethods.concat(verifyCohostess[1], ", ", verifyCohostess[0])): Actual text and expected text of test object 'Object Repository/virualShowRSVPOR/Page_cabi Edit Show - Add Guests/span_cohostess_name' are matched.

2019-08-09 17:22:22 - [MESSAGE][PASSED] - Actual text and expected text of test object 'Object Repository/virualShowRSVPOR/Page_cabi Edit Show - Add Guests/span_cohostess_name' are matched.

2019-08-09 17:22:22 - [TEST_STEP][PASSED] - listElement = findWebElements(findTestObject("Object Repository/virualShowRSVPOR/Page_cabi Edit Show - Add Guests/span_guest_name_list"), 5): null

2019-08-09 17:22:22 - [TEST_STEP][PASSED] - guestCount = Integer.parseInt(verifyGuestCount): null

2019-08-09 17:22:22 - [TEST_STEP][PASSED] - assert listElement.size() == guestCount: null

2019-08-09 17:22:22 - [TEST_STEP][PASSED] - flag = false: null

2019-08-09 17:22:22 - [TEST_STEP][PASSED] - for ([i = 0, i < guestCount, (i++)]): null

2019-08-09 17:22:22 - [TEST_STEP][PASSED] - flag = false: null

2019-08-09 17:22:22 - [TEST_STEP][PASSED] - if (getText().equals(UtilityMethods.concat(verifyGuest1[1], ", ", verifyGuest1[0]))): null

2019-08-09 17:22:22 - [TEST_STEP][PASSED] - flag = true: null

2019-08-09 17:22:22 - [TEST_STEP][PASSED] - if (getText().equals(UtilityMethods.concat(verifyGuest2[1], ", ", verifyGuest2[0]))): null

2019-08-09 17:22:22 - [TEST_STEP][PASSED] - flag = false: null

2019-08-09 17:22:22 - [TEST_STEP][PASSED] - if (getText().equals(UtilityMethods.concat(verifyGuest1[1], ", ", verifyGuest1[0]))): null

2019-08-09 17:22:22 - [TEST_STEP][PASSED] - if (getText().equals(UtilityMethods.concat(verifyGuest2[1], ", ", verifyGuest2[0]))): null

2019-08-09 17:22:22 - [TEST_STEP][PASSED] - flag = true: null

2019-08-09 17:22:22 - [TEST_STEP][PASSED] - assert flag == true: null

2019-08-09 17:22:22 - [TEST_STEP][PASSED] - click(findTestObject("Object Repository/virualShowRSVPOR/Page_cabi Edit Show - Add Guests/input_Next")): Object: 'Object Repository/virualShowRSVPOR/Page_cabi Edit Show - Add Guests/input_Next' is clicked on

2019-08-09 17:22:24 - [MESSAGE][PASSED] - Object: 'Object Repository/virualShowRSVPOR/Page_cabi Edit Show - Add Guests/input_Next' is clicked on

2019-08-09 17:22:24 - [TEST_STEP][PASSED] - delay(5): Delayed 5 second(s)

2019-08-09 17:22:29 - [MESSAGE][PASSED] - Delayed 5 second(s)

2019-08-09 17:22:29 - [TEST_STEP][PASSED] - click(findTestObject("Object Repository/virualShowRSVPOR/Page_cabi Edit Show - Send Invitations/input_Overview")): Object: 'Object Repository/virualShowRSVPOR/Page_cabi Edit Show - Send Invitations/input_Overview' is clicked on

2019-08-09 17:22:31 - [MESSAGE][PASSED] - Object: 'Object Repository/virualShowRSVPOR/Page_cabi Edit Show - Send Invitations/input_Overview' is clicked on

2019-08-09 17:22:31 - [TEST_STEP][PASSED] - showID = getText(findTestObject("Object Repository/virualShowRSVPOR/Page_cabi Orders/li_Show_ID_Text")): Text of object 'Object Repository/virualShowRSVPOR/Page_cabi Orders/li_Show_ID_Text' is: 'Show #: 104671730'

2019-08-09 17:22:31 - [MESSAGE][PASSED] - Text of object 'Object Repository/virualShowRSVPOR/Page_cabi Orders/li_Show_ID_Text' is: 'Show #: 104671730'

2019-08-09 17:22:31 - [TEST_STEP][PASSED] - rightClick(findTestObject("Object Repository/virualShowRSVPOR/Page_cabi Orders/a_Account")): Object: 'Object Repository/virualShowRSVPOR/Page_cabi Orders/a_Account' is right clicked on

2019-08-09 17:22:31 - [MESSAGE][PASSED] - Object: 'Object Repository/virualShowRSVPOR/Page_cabi Orders/a_Account' is right clicked on

2019-08-09 17:22:31 - [TEST_STEP][PASSED] - click(findTestObject("Object Repository/virualShowRSVPOR/Page_cabi Orders/a_My Profile")): Object: 'Object Repository/virualShowRSVPOR/Page_cabi Orders/a_My Profile' is clicked on

2019-08-09 17:22:32 - [MESSAGE][PASSED] - Object: 'Object Repository/virualShowRSVPOR/Page_cabi Orders/a_My Profile' is clicked on

2019-08-09 17:22:32 - [TEST_STEP][PASSED] - rsName = getText(findTestObject("Object Repository/virualShowRSVPOR/Page_cabi My Profile/span_rsName")): Text of object 'Object Repository/virualShowRSVPOR/Page_cabi My Profile/span_rsName' is: 'MirandaKate'

2019-08-09 17:22:32 - [MESSAGE][PASSED] - Text of object 'Object Repository/virualShowRSVPOR/Page_cabi My Profile/span_rsName' is: 'MirandaKate'

2019-08-09 17:22:32 - [TEST_STEP][PASSED] - micrositeURL = UtilityMethods.createURL(rsName, RSTestEnvt, showID): null

2019-08-09 17:22:33 - [TEST_STEP][PASSED] - println(micrositeURL): null

2019-08-09 17:22:33 - [TEST_STEP][PASSED] - back(): Navigate back successfully

2019-08-09 17:22:34 - [MESSAGE][PASSED] - Navigate back successfully

2019-08-09 17:22:34 - [MESSAGE][PASSED] - Call Test Case 'Test Cases/VirtualShow/createShow' successfully

2019-08-09 17:22:34 - [TEST_STEP][PASSED] - hostessObj = new commonUtility.VSGuest(hostess): null

2019-08-09 17:22:34 - [TEST_STEP][PASSED] - cohostessObj = new commonUtility.VSGuest(cohostess): null

2019-08-09 17:22:34 - [TEST_STEP][PASSED] - guest1Obj = new commonUtility.VSGuest(guest1): null

2019-08-09 17:22:34 - [TEST_STEP][PASSED] - guest2Obj = new commonUtility.VSGuest(guest2): null

2019-08-09 17:22:34 - [TEST_STEP][PASSED] - driver = getWebDriver(): null

2019-08-09 17:22:34 - [TEST_STEP][PASSED] - executor = driver: null

2019-08-09 17:22:34 - [TEST_STEP][PASSED] - currentPage = getUrl(): Current window's url is: 'https://test19.cliotest.com/backoffice/control/ShowOrders?showId=104671730&consultantPartyId=100000042&fromCAM='

2019-08-09 17:22:34 - [MESSAGE][PASSED] - Current window's url is: 'https://test19.cliotest.com/backoffice/control/ShowOrders?showId=104671730&consultantPartyId=100000042&fromCAM='

2019-08-09 17:22:34 - [TEST_STEP][PASSED] - currentTab = getWindowIndex(): Current window's index is: 0

2019-08-09 17:22:34 - [MESSAGE][PASSED] - Current window's index is: 0

2019-08-09 17:22:34 - [TEST_STEP][PASSED] - driver = getWebDriver(): null

2019-08-09 17:22:34 - [TEST_STEP][PASSED] - favorites = 0: null

2019-08-09 17:22:34 - [TEST_STEP][PASSED] - favorites = 0: null

2019-08-09 17:22:34 - [TEST_STEP][PASSED] - favorites = 0: null

2019-08-09 17:22:34 - [TEST_STEP][PASSED] - favorites = 0: null

2019-08-09 17:22:34 - [TEST_STEP][PASSED] - allList.add(hostessObj): null

2019-08-09 17:22:34 - [TEST_STEP][PASSED] - allList.add(cohostessObj): null

2019-08-09 17:22:34 - [TEST_STEP][PASSED] - allList.add(guest1Obj): null

2019-08-09 17:22:34 - [TEST_STEP][PASSED] - allList.add(guest2Obj): null

2019-08-09 17:22:34 - [TEST_STEP][PASSED] - yesList.add(hostessObj): null

2019-08-09 17:22:34 - [TEST_STEP][PASSED] - yesList.add(cohostessObj): null

2019-08-09 17:22:34 - [TEST_STEP][PASSED] - noreplyList.add(guest1Obj): null

2019-08-09 17:22:34 - [TEST_STEP][PASSED] - noreplyList.add(guest2Obj): null

2019-08-09 17:22:34 - [TEST_STEP][PASSED] - click(findTestObject("Object Repository/virualShowRSVPOR/Page_cabi Edit Show - Send Invitations/a_dashboard")): Object: 'Object Repository/virualShowRSVPOR/Page_cabi Edit Show - Send Invitations/a_dashboard' is clicked on

2019-08-09 17:22:38 - [MESSAGE][PASSED] - Object: 'Object Repository/virualShowRSVPOR/Page_cabi Edit Show - Send Invitations/a_dashboard' is clicked on

2019-08-09 17:22:38 - [TEST_STEP][PASSED] - delay(5): Delayed 5 second(s)

2019-08-09 17:22:43 - [MESSAGE][PASSED] - Delayed 5 second(s)

2019-08-09 17:22:43 - [TEST_STEP][PASSED] - switchToFrame(findTestObject("virualShowRSVPOR/dashboard/frame_start_pre_show"), 60): null

2019-08-09 17:22:43 - [TEST_STEP][PASSED] - isShowNotStarted = findWebElements(findTestObject("virualShowRSVPOR/dashboard/button_start_pre_show"), 5): null

2019-08-09 17:22:43 - [TEST_STEP][PASSED] - if (isShowNotStarted.size() > 0): null

2019-08-09 17:22:43 - [TEST_STEP][PASSED] - button_start_pre_show = driver.findElement(By.xpath("//button[contains(text(), 'Start pre-show')]")): null

2019-08-09 17:22:43 - [TEST_STEP][PASSED] - executor.executeScript("arguments[0].click();", button_start_pre_show): null

2019-08-09 17:22:43 - [TEST_STEP][PASSED] - delay(3): Delayed 3 second(s)

2019-08-09 17:22:46 - [MESSAGE][PASSED] - Delayed 3 second(s)

2019-08-09 17:22:46 - [TEST_STEP][PASSED] - button_pre_show_sure = driver.findElement(By.xpath("//button[contains(text(), ' sure')]")): null

2019-08-09 17:22:46 - [TEST_STEP][PASSED] - executor.executeScript("arguments[0].click();", button_pre_show_sure): null

2019-08-09 17:22:46 - [TEST_STEP][PASSED] - delay(5): Delayed 5 second(s)

2019-08-09 17:22:51 - [MESSAGE][PASSED] - Delayed 5 second(s)

2019-08-09 17:22:51 - [TEST_STEP][PASSED] - switchToWindowIndex(currentTab + 1): Switched to window with index: '1'

2019-08-09 17:22:51 - [MESSAGE][PASSED] - Switched to window with index: '1'

2019-08-09 17:22:51 - [TEST_STEP][PASSED] - try: Unable to find the element located by 'By.xpath: //div[@class='table-body']/div[@class='table-row']/div/div[@class='table-row-ordered']'. Please recheck the objects properties to make sure the desired element is located. 

2019-08-09 17:22:51 - [TEST_STEP][PASSED] - assert VSGuest.validateGuests(findTestObject("Object Repository/virualShowRSVPOR/dashboard/select_present"), presentList): Unable to find the element located by 'By.xpath: //div[@class='table-body']/div[@class='table-row']/div/div[@class='table-row-ordered']'. Please recheck the objects properties to make sure the desired element is located. 

2019-08-09 17:22:53 - [MESSAGE][INFO] - Unable to find the element located by 'By.xpath: //div[@class='table-body']/div[@class='table-row']/div/div[@class='table-row-status']/i[position()=1]'. Please recheck the objects properties to make sure the desired element is located. 

2019-08-09 17:22:54 - [MESSAGE][INFO] - Unable to find the element located by 'By.xpath: //div[@class='table-body']/div[@class='table-row']/div/div[@class='table-row-status']/i[position()='2']'. Please recheck the objects properties to make sure the desired element is located. 

2019-08-09 17:22:55 - [MESSAGE][INFO] - Unable to find the element located by 'By.xpath: //div[@class='table-body']/div[@class='table-row']/div/div[@class='table-row-name']/a/i'. Please recheck the objects properties to make sure the desired element is located. 

2019-08-09 17:22:56 - [MESSAGE][INFO] - Unable to find the element located by 'By.xpath: //div[@class='table-body']/div[@class='table-row']/div/div[@class='table-row-name']/a/span[last()]'. Please recheck the objects properties to make sure the desired element is located. 

2019-08-09 17:22:57 - [MESSAGE][INFO] - Unable to find the element located by 'By.xpath: //div[@class='table-body']/div[@class='table-row']/div/div[@class='table-row-favorites']'. Please recheck the objects properties to make sure the desired element is located. 

2019-08-09 17:22:58 - [MESSAGE][INFO] - Unable to find the element located by 'By.xpath: //div[@class='table-body']/div[@class='table-row']/div/div[@class='table-row-ordered']'. Please recheck the objects properties to make sure the desired element is located. 

2019-08-09 17:22:58 - [TEST_STEP][PASSED] - delay(2): Delayed 2 second(s)

2019-08-09 17:23:00 - [MESSAGE][PASSED] - Delayed 2 second(s)

2019-08-09 17:23:00 - [TEST_STEP][PASSED] - executor.executeScript("arguments[0].click();", findWebElement(findTestObject("Object Repository/virualShowRSVPOR/dashboard/select_rsvp_blankreply_1"), 5)): null

2019-08-09 17:23:01 - [TEST_STEP][PASSED] - delay(2): Delayed 2 second(s)

2019-08-09 17:23:03 - [MESSAGE][PASSED] - Delayed 2 second(s)

2019-08-09 17:23:03 - [TEST_STEP][PASSED] - try: null

2019-08-09 17:23:03 - [TEST_STEP][PASSED] - assert VSGuest.validateGuests(findTestObject("Object Repository/virualShowRSVPOR/dashboard/select_rsvp_blankreply"), allList): null

2019-08-09 17:23:03 - [TEST_STEP][PASSED] - delay(2): Delayed 2 second(s)

2019-08-09 17:23:05 - [MESSAGE][PASSED] - Delayed 2 second(s)

2019-08-09 17:23:05 - [TEST_STEP][PASSED] - try: null

2019-08-09 17:23:05 - [TEST_STEP][PASSED] - assert VSGuest.validateGuests(findTestObject("Object Repository/virualShowRSVPOR/dashboard/select_rsvp_yes"), yesList): null

2019-08-09 17:23:05 - [TEST_STEP][PASSED] - delay(2): Delayed 2 second(s)

2019-08-09 17:23:07 - [MESSAGE][PASSED] - Delayed 2 second(s)

2019-08-09 17:23:07 - [TEST_STEP][PASSED] - try: Unable to find the element located by 'By.xpath: //div[@class='table-body']/div[@class='table-row']/div/div[@class='table-row-ordered']'. Please recheck the objects properties to make sure the desired element is located. 

2019-08-09 17:23:07 - [TEST_STEP][PASSED] - assert VSGuest.validateGuests(findTestObject("Object Repository/virualShowRSVPOR/dashboard/select_rsvp_no"), noList): Unable to find the element located by 'By.xpath: //div[@class='table-body']/div[@class='table-row']/div/div[@class='table-row-ordered']'. Please recheck the objects properties to make sure the desired element is located. 

2019-08-09 17:23:09 - [MESSAGE][INFO] - Unable to find the element located by 'By.xpath: //div[@class='table-body']/div[@class='table-row']/div/div[@class='table-row-status']/i[position()=1]'. Please recheck the objects properties to make sure the desired element is located. 

2019-08-09 17:23:10 - [MESSAGE][INFO] - Unable to find the element located by 'By.xpath: //div[@class='table-body']/div[@class='table-row']/div/div[@class='table-row-status']/i[position()='2']'. Please recheck the objects properties to make sure the desired element is located. 

2019-08-09 17:23:11 - [MESSAGE][INFO] - Unable to find the element located by 'By.xpath: //div[@class='table-body']/div[@class='table-row']/div/div[@class='table-row-name']/a/i'. Please recheck the objects properties to make sure the desired element is located. 

2019-08-09 17:23:12 - [MESSAGE][INFO] - Unable to find the element located by 'By.xpath: //div[@class='table-body']/div[@class='table-row']/div/div[@class='table-row-name']/a/span[last()]'. Please recheck the objects properties to make sure the desired element is located. 

2019-08-09 17:23:13 - [MESSAGE][INFO] - Unable to find the element located by 'By.xpath: //div[@class='table-body']/div[@class='table-row']/div/div[@class='table-row-favorites']'. Please recheck the objects properties to make sure the desired element is located. 

2019-08-09 17:23:14 - [MESSAGE][INFO] - Unable to find the element located by 'By.xpath: //div[@class='table-body']/div[@class='table-row']/div/div[@class='table-row-ordered']'. Please recheck the objects properties to make sure the desired element is located. 

2019-08-09 17:23:14 - [TEST_STEP][PASSED] - delay(2): Delayed 2 second(s)

2019-08-09 17:23:16 - [MESSAGE][PASSED] - Delayed 2 second(s)

2019-08-09 17:23:16 - [TEST_STEP][PASSED] - try: Unable to find the element located by 'By.xpath: //div[@class='table-body']/div[@class='table-row']/div/div[@class='table-row-ordered']'. Please recheck the objects properties to make sure the desired element is located. 

2019-08-09 17:23:16 - [TEST_STEP][PASSED] - assert VSGuest.validateGuests(findTestObject("Object Repository/virualShowRSVPOR/dashboard/select_rsvp_maybe"), maybeList): Unable to find the element located by 'By.xpath: //div[@class='table-body']/div[@class='table-row']/div/div[@class='table-row-ordered']'. Please recheck the objects properties to make sure the desired element is located. 

2019-08-09 17:23:17 - [MESSAGE][INFO] - Unable to find the element located by 'By.xpath: //div[@class='table-body']/div[@class='table-row']/div/div[@class='table-row-status']/i[position()=1]'. Please recheck the objects properties to make sure the desired element is located. 

2019-08-09 17:23:18 - [MESSAGE][INFO] - Unable to find the element located by 'By.xpath: //div[@class='table-body']/div[@class='table-row']/div/div[@class='table-row-status']/i[position()='2']'. Please recheck the objects properties to make sure the desired element is located. 

2019-08-09 17:23:19 - [MESSAGE][INFO] - Unable to find the element located by 'By.xpath: //div[@class='table-body']/div[@class='table-row']/div/div[@class='table-row-name']/a/i'. Please recheck the objects properties to make sure the desired element is located. 

2019-08-09 17:23:20 - [MESSAGE][INFO] - Unable to find the element located by 'By.xpath: //div[@class='table-body']/div[@class='table-row']/div/div[@class='table-row-name']/a/span[last()]'. Please recheck the objects properties to make sure the desired element is located. 

2019-08-09 17:23:21 - [MESSAGE][INFO] - Unable to find the element located by 'By.xpath: //div[@class='table-body']/div[@class='table-row']/div/div[@class='table-row-favorites']'. Please recheck the objects properties to make sure the desired element is located. 

2019-08-09 17:23:22 - [MESSAGE][INFO] - Unable to find the element located by 'By.xpath: //div[@class='table-body']/div[@class='table-row']/div/div[@class='table-row-ordered']'. Please recheck the objects properties to make sure the desired element is located. 

2019-08-09 17:23:22 - [TEST_STEP][PASSED] - delay(2): Delayed 2 second(s)

2019-08-09 17:23:24 - [MESSAGE][PASSED] - Delayed 2 second(s)

2019-08-09 17:23:24 - [TEST_STEP][PASSED] - try: null

2019-08-09 17:23:24 - [TEST_STEP][PASSED] - assert VSGuest.validateGuests(findTestObject("Object Repository/virualShowRSVPOR/dashboard/select_rsvp_notreply"), noreplyList): null

2019-08-09 17:23:25 - [TEST_STEP][PASSED] - println(getWindowIndex()): Current window's index is: 1

2019-08-09 17:23:25 - [MESSAGE][PASSED] - Current window's index is: 1

2019-08-09 17:23:25 - [TEST_STEP][PASSED] - executor.executeScript("window.open();"): null

2019-08-09 17:23:25 - [TEST_STEP][PASSED] - switchToWindowIndex(currentTab + 2): Switched to window with index: '2'

2019-08-09 17:23:25 - [MESSAGE][PASSED] - Switched to window with index: '2'

2019-08-09 17:23:25 - [TEST_STEP][PASSED] - println(getWindowIndex()): Current window's index is: 2

2019-08-09 17:23:26 - [MESSAGE][PASSED] - Current window's index is: 2

2019-08-09 17:23:26 - [TEST_STEP][PASSED] - callTestCase(findTestCase("TestCaseUtilities/setVHost"), [:], STOP_ON_FAILURE): Call Test Case 'Test Cases/TestCaseUtilities/setVHost' successfully

2019-08-09 17:23:26 - [TEST_CASE][PASSED] - Test Cases/TestCaseUtilities/setVHost: Test Cases/TestCaseUtilities/setVHost

2019-08-09 17:23:26 - [TEST_STEP][PASSED] - ofbizURL = findTestData("envtData").getValue("ofbizURL", 1): null

2019-08-09 17:23:26 - [TEST_STEP][PASSED] - ofbizUser = findTestData("credData").getValue("ofbizuser", 1): null

2019-08-09 17:23:26 - [TEST_STEP][PASSED] - ofbizPass = findTestData("credData").getValue("ofbizpass", 1): null

2019-08-09 17:23:26 - [TEST_STEP][PASSED] - vhostTarget = findTestData("envtData").getValue("vhostTarget", 1): null

2019-08-09 17:23:26 - [TEST_STEP][PASSED] - navigateToUrl(ofbizURL): Navigate to 'https://pushofbiz.cliotest.com/login.php' successfully

2019-08-09 17:23:28 - [MESSAGE][PASSED] - Navigate to 'https://pushofbiz.cliotest.com/login.php' successfully

2019-08-09 17:23:28 - [TEST_STEP][PASSED] - setText(findTestObject("Object Repository/virualShowRSVPOR/Page_/input_Username_username"), ofbizUser): Text 'automation' is set on object 'Object Repository/virualShowRSVPOR/Page_/input_Username_username'

2019-08-09 17:23:28 - [MESSAGE][PASSED] - Text 'automation' is set on object 'Object Repository/virualShowRSVPOR/Page_/input_Username_username'

2019-08-09 17:23:28 - [TEST_STEP][PASSED] - setText(findTestObject("Object Repository/virualShowRSVPOR/Page_/input_Password_password"), ofbizPass): Text 'cabiautomation' is set on object 'Object Repository/virualShowRSVPOR/Page_/input_Password_password'

2019-08-09 17:23:28 - [MESSAGE][PASSED] - Text 'cabiautomation' is set on object 'Object Repository/virualShowRSVPOR/Page_/input_Password_password'

2019-08-09 17:23:28 - [TEST_STEP][PASSED] - click(findTestObject("Object Repository/virualShowRSVPOR/Page_/input_Password_Submit")): Object: 'Object Repository/virualShowRSVPOR/Page_/input_Password_Submit' is clicked on

2019-08-09 17:23:32 - [MESSAGE][PASSED] - Object: 'Object Repository/virualShowRSVPOR/Page_/input_Password_Submit' is clicked on

2019-08-09 17:23:32 - [TEST_STEP][PASSED] - click(findTestObject("Object Repository/virualShowRSVPOR/Page_/a_Set Vhost")): Object: 'Object Repository/virualShowRSVPOR/Page_/a_Set Vhost' is clicked on

2019-08-09 17:23:33 - [MESSAGE][PASSED] - Object: 'Object Repository/virualShowRSVPOR/Page_/a_Set Vhost' is clicked on

2019-08-09 17:23:33 - [TEST_STEP][PASSED] - click(UtilityMethods.createTestObject("select_target", "//select[@name='Target']/option[contains(text(), '", vhostTarget, "')]")): Object: 'select_target' is clicked on

2019-08-09 17:23:33 - [MESSAGE][PASSED] - Object: 'select_target' is clicked on

2019-08-09 17:23:33 - [TEST_STEP][PASSED] - click(findTestObject("Object Repository/virualShowRSVPOR/Page_/input")): Object: 'Object Repository/virualShowRSVPOR/Page_/input' is clicked on

2019-08-09 17:23:35 - [MESSAGE][PASSED] - Object: 'Object Repository/virualShowRSVPOR/Page_/input' is clicked on

2019-08-09 17:23:35 - [MESSAGE][PASSED] - Call Test Case 'Test Cases/TestCaseUtilities/setVHost' successfully

2019-08-09 17:23:35 - [TEST_STEP][PASSED] - loginURL = UtilityMethods.concat("https://mirandakate.", RSTestEnvt, ".com/?component=account.login-gateway"): null

2019-08-09 17:23:35 - [TEST_STEP][PASSED] - navigateToUrl(loginURL): Navigate to 'https://mirandakate.cabitest5.com/?component=account.login-gateway' successfully

2019-08-09 17:24:15 - [MESSAGE][PASSED] - Navigate to 'https://mirandakate.cabitest5.com/?component=account.login-gateway' successfully

2019-08-09 17:24:15 - [TEST_STEP][PASSED] - "Login with the invited guest": null

2019-08-09 17:24:15 - [TEST_STEP][PASSED] - delay(3): Delayed 3 second(s)

2019-08-09 17:24:18 - [MESSAGE][PASSED] - Delayed 3 second(s)

2019-08-09 17:24:18 - [TEST_STEP][PASSED] - setText(findTestObject("Object Repository/virualShowRSVPOR/Page_Show microsite/input_Sign in  Create account_email"), guest1Mail): Text 'guest1-test@test.com' is set on object 'Object Repository/virualShowRSVPOR/Page_Show microsite/input_Sign in  Create account_email'

2019-08-09 17:24:18 - [MESSAGE][PASSED] - Text 'guest1-test@test.com' is set on object 'Object Repository/virualShowRSVPOR/Page_Show microsite/input_Sign in  Create account_email'

2019-08-09 17:24:18 - [TEST_STEP][PASSED] - click(findTestObject("Object Repository/virualShowRSVPOR/Page_Show microsite/button_Continue")): Object: 'Object Repository/virualShowRSVPOR/Page_Show microsite/button_Continue' is clicked on

2019-08-09 17:24:18 - [MESSAGE][PASSED] - Object: 'Object Repository/virualShowRSVPOR/Page_Show microsite/button_Continue' is clicked on

2019-08-09 17:24:18 - [TEST_STEP][PASSED] - setText(findTestObject("Object Repository/virualShowRSVPOR/Page_Show microsite/input_Welcome_password"), guest1Pass): Text 'blackdress19' is set on object 'Object Repository/virualShowRSVPOR/Page_Show microsite/input_Welcome_password'

2019-08-09 17:24:19 - [MESSAGE][PASSED] - Text 'blackdress19' is set on object 'Object Repository/virualShowRSVPOR/Page_Show microsite/input_Welcome_password'

2019-08-09 17:24:19 - [TEST_STEP][PASSED] - click(findTestObject("Object Repository/virualShowRSVPOR/Page_Show microsite/button_Continue_pass")): Object: 'Object Repository/virualShowRSVPOR/Page_Show microsite/button_Continue_pass' is clicked on

2019-08-09 17:24:19 - [MESSAGE][PASSED] - Object: 'Object Repository/virualShowRSVPOR/Page_Show microsite/button_Continue_pass' is clicked on

2019-08-09 17:24:19 - [TEST_STEP][PASSED] - delay(5): Delayed 5 second(s)

2019-08-09 17:24:24 - [MESSAGE][PASSED] - Delayed 5 second(s)

2019-08-09 17:24:24 - [TEST_STEP][PASSED] - if (verifyElementPresent(findTestObject("Object Repository/virualShowRSVPOR/Page_Show microsite/complete_my_profile_later"), 0)): Object: 'Object Repository/virualShowRSVPOR/Page_Show microsite/div_Ill complete my profile later' is clicked on

2019-08-09 17:24:24 - [MESSAGE][WARNING] - Timeout '0' is invalid. Using default page load timeout: '30'

2019-08-09 17:24:24 - [MESSAGE][PASSED] - Object 'Object Repository/virualShowRSVPOR/Page_Show microsite/complete_my_profile_later' is present

2019-08-09 17:24:24 - [TEST_STEP][PASSED] - click(findTestObject("Object Repository/virualShowRSVPOR/Page_Show microsite/div_Ill complete my profile later")): Object: 'Object Repository/virualShowRSVPOR/Page_Show microsite/div_Ill complete my profile later' is clicked on

2019-08-09 17:24:32 - [MESSAGE][PASSED] - Object: 'Object Repository/virualShowRSVPOR/Page_Show microsite/div_Ill complete my profile later' is clicked on

2019-08-09 17:24:32 - [TEST_STEP][PASSED] - navigateToUrl(micrositeURL): Navigate to 'https://mirandakate.cabitest5.com/show-microsite/104671730/' successfully

2019-08-09 17:24:37 - [MESSAGE][PASSED] - Navigate to 'https://mirandakate.cabitest5.com/show-microsite/104671730/' successfully

2019-08-09 17:24:37 - [TEST_STEP][PASSED] - userLogin = findWebElements(findTestObject("Object Repository/virualShowRSVPOR/Page_Show microsite/i_user_login"), 5): null

2019-08-09 17:24:38 - [TEST_STEP][PASSED] - if (userLogin.size() == 0): null

2019-08-09 17:24:38 - [TEST_STEP][PASSED] - listElement1 = findWebElements(findTestObject("Object Repository/virualShowRSVPOR/Page_Show microsite/div_Update your RSVP"), 5): Unable to find the element located by 'By.xpath: //*[contains(text(), 'Update your RSVP')]'. Please recheck the objects properties to make sure the desired element is located. 

2019-08-09 17:24:43 - [MESSAGE][INFO] - Unable to find the element located by 'By.xpath: //*[contains(text(), 'Update your RSVP')]'. Please recheck the objects properties to make sure the desired element is located. 

2019-08-09 17:24:43 - [TEST_STEP][PASSED] - if (empty): Actual text and expected text of test object 'Object Repository/virualShowRSVPOR/Page_Show microsite/h2_We hope youll be able to attend.' are matched.

2019-08-09 17:24:43 - [TEST_STEP][PASSED] - println("RSVP is not updated"): null

2019-08-09 17:24:43 - [TEST_STEP][PASSED] - click(findTestObject("Object Repository/virualShowRSVPOR/Page_Show microsite/button_RSVP")): Object: 'Object Repository/virualShowRSVPOR/Page_Show microsite/button_RSVP' is clicked on

2019-08-09 17:24:43 - [MESSAGE][PASSED] - Object: 'Object Repository/virualShowRSVPOR/Page_Show microsite/button_RSVP' is clicked on

2019-08-09 17:24:43 - [TEST_STEP][PASSED] - click(findTestObject("Object Repository/virualShowRSVPOR/Page_Show microsite/select_rsvp_maybe")): Object: 'Object Repository/virualShowRSVPOR/Page_Show microsite/select_rsvp_maybe' is clicked on

2019-08-09 17:24:43 - [MESSAGE][PASSED] - Object: 'Object Repository/virualShowRSVPOR/Page_Show microsite/select_rsvp_maybe' is clicked on

2019-08-09 17:24:43 - [TEST_STEP][PASSED] - click(findTestObject("Object Repository/virualShowRSVPOR/Page_Show microsite/button_SEND")): Object: 'Object Repository/virualShowRSVPOR/Page_Show microsite/button_SEND' is clicked on

2019-08-09 17:24:44 - [MESSAGE][PASSED] - Object: 'Object Repository/virualShowRSVPOR/Page_Show microsite/button_SEND' is clicked on

2019-08-09 17:24:44 - [TEST_STEP][PASSED] - delay(4): Delayed 4 second(s)

2019-08-09 17:24:48 - [MESSAGE][PASSED] - Delayed 4 second(s)

2019-08-09 17:24:48 - [TEST_STEP][PASSED] - verifyElementText(findTestObject("Object Repository/virualShowRSVPOR/Page_Show microsite/h2_We hope youll be able to attend."), "We hope you'll be able to attend."): Actual text and expected text of test object 'Object Repository/virualShowRSVPOR/Page_Show microsite/h2_We hope youll be able to attend.' are matched.

2019-08-09 17:24:48 - [MESSAGE][PASSED] - Actual text and expected text of test object 'Object Repository/virualShowRSVPOR/Page_Show microsite/h2_We hope youll be able to attend.' are matched.

2019-08-09 17:24:48 - [TEST_STEP][PASSED] - maybeList.add(guest1Obj): null

2019-08-09 17:24:48 - [TEST_STEP][PASSED] - noreplyList.remove(guest1Obj): null

2019-08-09 17:24:48 - [TEST_STEP][PASSED] - switchToWindowIndex(currentTab + 1): Switched to window with index: '1'

2019-08-09 17:24:48 - [MESSAGE][PASSED] - Switched to window with index: '1'

2019-08-09 17:24:48 - [TEST_STEP][PASSED] - delay(2): Delayed 2 second(s)

2019-08-09 17:24:50 - [MESSAGE][PASSED] - Delayed 2 second(s)

2019-08-09 17:24:50 - [TEST_STEP][PASSED] - executor.executeScript("arguments[0].click();", findWebElement(findTestObject("Object Repository/virualShowRSVPOR/dashboard/a_close_mic_alert"), 5)): null

2019-08-09 17:24:50 - [TEST_STEP][PASSED] - try: Unable to find the element located by 'By.xpath: //div[@class='table-body']/div[@class='table-row']/div/div[@class='table-row-ordered']'. Please recheck the objects properties to make sure the desired element is located. 

2019-08-09 17:24:50 - [TEST_STEP][PASSED] - assert VSGuest.validateGuests(findTestObject("Object Repository/virualShowRSVPOR/dashboard/select_present"), presentList): Unable to find the element located by 'By.xpath: //div[@class='table-body']/div[@class='table-row']/div/div[@class='table-row-ordered']'. Please recheck the objects properties to make sure the desired element is located. 

2019-08-09 17:24:51 - [MESSAGE][INFO] - Unable to find the element located by 'By.xpath: //div[@class='table-body']/div[@class='table-row']/div/div[@class='table-row-status']/i[position()=1]'. Please recheck the objects properties to make sure the desired element is located. 

2019-08-09 17:24:52 - [MESSAGE][INFO] - Unable to find the element located by 'By.xpath: //div[@class='table-body']/div[@class='table-row']/div/div[@class='table-row-status']/i[position()='2']'. Please recheck the objects properties to make sure the desired element is located. 

2019-08-09 17:24:53 - [MESSAGE][INFO] - Unable to find the element located by 'By.xpath: //div[@class='table-body']/div[@class='table-row']/div/div[@class='table-row-name']/a/i'. Please recheck the objects properties to make sure the desired element is located. 

2019-08-09 17:24:54 - [MESSAGE][INFO] - Unable to find the element located by 'By.xpath: //div[@class='table-body']/div[@class='table-row']/div/div[@class='table-row-name']/a/span[last()]'. Please recheck the objects properties to make sure the desired element is located. 

2019-08-09 17:24:55 - [MESSAGE][INFO] - Unable to find the element located by 'By.xpath: //div[@class='table-body']/div[@class='table-row']/div/div[@class='table-row-favorites']'. Please recheck the objects properties to make sure the desired element is located. 

2019-08-09 17:24:56 - [MESSAGE][INFO] - Unable to find the element located by 'By.xpath: //div[@class='table-body']/div[@class='table-row']/div/div[@class='table-row-ordered']'. Please recheck the objects properties to make sure the desired element is located. 

2019-08-09 17:24:56 - [TEST_STEP][PASSED] - delay(2): Delayed 2 second(s)

2019-08-09 17:24:58 - [MESSAGE][PASSED] - Delayed 2 second(s)

2019-08-09 17:24:58 - [TEST_STEP][PASSED] - executor.executeScript("arguments[0].click();", findWebElement(findTestObject("Object Repository/virualShowRSVPOR/dashboard/select_rsvp_blankreply_1"), 5)): null

2019-08-09 17:24:58 - [TEST_STEP][PASSED] - delay(2): Delayed 2 second(s)

2019-08-09 17:25:00 - [MESSAGE][PASSED] - Delayed 2 second(s)

2019-08-09 17:25:00 - [TEST_STEP][PASSED] - try: null

2019-08-09 17:25:00 - [TEST_STEP][PASSED] - assert VSGuest.validateGuests(findTestObject("Object Repository/virualShowRSVPOR/dashboard/select_rsvp_blankreply"), allList): null

2019-08-09 17:25:01 - [TEST_STEP][PASSED] - delay(2): Delayed 2 second(s)

2019-08-09 17:25:03 - [MESSAGE][PASSED] - Delayed 2 second(s)

2019-08-09 17:25:03 - [TEST_STEP][PASSED] - try: null

2019-08-09 17:25:03 - [TEST_STEP][PASSED] - assert VSGuest.validateGuests(findTestObject("Object Repository/virualShowRSVPOR/dashboard/select_rsvp_yes"), yesList): null

2019-08-09 17:25:03 - [TEST_STEP][PASSED] - delay(2): Delayed 2 second(s)

2019-08-09 17:25:05 - [MESSAGE][PASSED] - Delayed 2 second(s)

2019-08-09 17:25:05 - [TEST_STEP][PASSED] - try: Unable to find the element located by 'By.xpath: //div[@class='table-body']/div[@class='table-row']/div/div[@class='table-row-ordered']'. Please recheck the objects properties to make sure the desired element is located. 

2019-08-09 17:25:05 - [TEST_STEP][PASSED] - assert VSGuest.validateGuests(findTestObject("Object Repository/virualShowRSVPOR/dashboard/select_rsvp_no"), noList): Unable to find the element located by 'By.xpath: //div[@class='table-body']/div[@class='table-row']/div/div[@class='table-row-ordered']'. Please recheck the objects properties to make sure the desired element is located. 

2019-08-09 17:25:06 - [MESSAGE][INFO] - Unable to find the element located by 'By.xpath: //div[@class='table-body']/div[@class='table-row']/div/div[@class='table-row-status']/i[position()=1]'. Please recheck the objects properties to make sure the desired element is located. 

2019-08-09 17:25:07 - [MESSAGE][INFO] - Unable to find the element located by 'By.xpath: //div[@class='table-body']/div[@class='table-row']/div/div[@class='table-row-status']/i[position()='2']'. Please recheck the objects properties to make sure the desired element is located. 

2019-08-09 17:25:08 - [MESSAGE][INFO] - Unable to find the element located by 'By.xpath: //div[@class='table-body']/div[@class='table-row']/div/div[@class='table-row-name']/a/i'. Please recheck the objects properties to make sure the desired element is located. 

2019-08-09 17:25:09 - [MESSAGE][INFO] - Unable to find the element located by 'By.xpath: //div[@class='table-body']/div[@class='table-row']/div/div[@class='table-row-name']/a/span[last()]'. Please recheck the objects properties to make sure the desired element is located. 

2019-08-09 17:25:11 - [MESSAGE][INFO] - Unable to find the element located by 'By.xpath: //div[@class='table-body']/div[@class='table-row']/div/div[@class='table-row-favorites']'. Please recheck the objects properties to make sure the desired element is located. 

2019-08-09 17:25:12 - [MESSAGE][INFO] - Unable to find the element located by 'By.xpath: //div[@class='table-body']/div[@class='table-row']/div/div[@class='table-row-ordered']'. Please recheck the objects properties to make sure the desired element is located. 

2019-08-09 17:25:12 - [TEST_STEP][PASSED] - delay(2): Delayed 2 second(s)

2019-08-09 17:25:14 - [MESSAGE][PASSED] - Delayed 2 second(s)

2019-08-09 17:25:14 - [TEST_STEP][PASSED] - try: null

2019-08-09 17:25:14 - [TEST_STEP][PASSED] - assert VSGuest.validateGuests(findTestObject("Object Repository/virualShowRSVPOR/dashboard/select_rsvp_maybe"), maybeList): null

2019-08-09 17:25:14 - [TEST_STEP][PASSED] - delay(2): Delayed 2 second(s)

2019-08-09 17:25:16 - [MESSAGE][PASSED] - Delayed 2 second(s)

2019-08-09 17:25:16 - [TEST_STEP][PASSED] - try: null

2019-08-09 17:25:16 - [TEST_STEP][PASSED] - assert VSGuest.validateGuests(findTestObject("Object Repository/virualShowRSVPOR/dashboard/select_rsvp_notreply"), noreplyList): null

2019-08-09 17:25:16 - [TEST_STEP][PASSED] - switchToWindowIndex(currentTab + 2): Switched to window with index: '2'

2019-08-09 17:25:16 - [MESSAGE][PASSED] - Switched to window with index: '2'

2019-08-09 17:25:16 - [TEST_STEP][PASSED] - delay(2): Delayed 2 second(s)

2019-08-09 17:25:18 - [MESSAGE][PASSED] - Delayed 2 second(s)

2019-08-09 17:25:18 - [TEST_STEP][PASSED] - click(findTestObject("Object Repository/virualShowRSVPOR/Page_Show microsite/div_Update your RSVP")): Object: 'Object Repository/virualShowRSVPOR/Page_Show microsite/div_Update your RSVP' is clicked on

2019-08-09 17:25:18 - [MESSAGE][PASSED] - Object: 'Object Repository/virualShowRSVPOR/Page_Show microsite/div_Update your RSVP' is clicked on

2019-08-09 17:25:18 - [TEST_STEP][PASSED] - click(findTestObject("Object Repository/virualShowRSVPOR/Page_Show microsite/select_rsvp_no")): Object: 'Object Repository/virualShowRSVPOR/Page_Show microsite/select_rsvp_no' is clicked on

2019-08-09 17:25:18 - [MESSAGE][PASSED] - Object: 'Object Repository/virualShowRSVPOR/Page_Show microsite/select_rsvp_no' is clicked on

2019-08-09 17:25:18 - [TEST_STEP][PASSED] - click(findTestObject("Object Repository/virualShowRSVPOR/Page_Show microsite/button_SEND")): Object: 'Object Repository/virualShowRSVPOR/Page_Show microsite/button_SEND' is clicked on

2019-08-09 17:25:19 - [MESSAGE][PASSED] - Object: 'Object Repository/virualShowRSVPOR/Page_Show microsite/button_SEND' is clicked on

2019-08-09 17:25:19 - [TEST_STEP][PASSED] - delay(4): Delayed 4 second(s)

2019-08-09 17:25:23 - [MESSAGE][PASSED] - Delayed 4 second(s)

2019-08-09 17:25:23 - [TEST_STEP][PASSED] - verifyElementText(findTestObject("Object Repository/virualShowRSVPOR/Page_Show microsite/h2_Sorry you cant make it."), "Sorry you can't make it."): Actual text and expected text of test object 'Object Repository/virualShowRSVPOR/Page_Show microsite/h2_Sorry you cant make it.' are matched.

2019-08-09 17:25:23 - [MESSAGE][PASSED] - Actual text and expected text of test object 'Object Repository/virualShowRSVPOR/Page_Show microsite/h2_Sorry you cant make it.' are matched.

2019-08-09 17:25:23 - [TEST_STEP][PASSED] - noList.add(guest1Obj): null

2019-08-09 17:25:23 - [TEST_STEP][PASSED] - maybeList.remove(guest1Obj): null

2019-08-09 17:25:23 - [TEST_STEP][PASSED] - switchToWindowIndex(currentTab + 1): Switched to window with index: '1'

2019-08-09 17:25:23 - [MESSAGE][PASSED] - Switched to window with index: '1'

2019-08-09 17:25:23 - [TEST_STEP][PASSED] - try: Unable to find the element located by 'By.xpath: //div[@class='table-body']/div[@class='table-row']/div/div[@class='table-row-ordered']'. Please recheck the objects properties to make sure the desired element is located. 

2019-08-09 17:25:23 - [TEST_STEP][PASSED] - assert VSGuest.validateGuests(findTestObject("Object Repository/virualShowRSVPOR/dashboard/select_present"), presentList): Unable to find the element located by 'By.xpath: //div[@class='table-body']/div[@class='table-row']/div/div[@class='table-row-ordered']'. Please recheck the objects properties to make sure the desired element is located. 

2019-08-09 17:25:24 - [MESSAGE][INFO] - Unable to find the element located by 'By.xpath: //div[@class='table-body']/div[@class='table-row']/div/div[@class='table-row-status']/i[position()=1]'. Please recheck the objects properties to make sure the desired element is located. 

2019-08-09 17:25:25 - [MESSAGE][INFO] - Unable to find the element located by 'By.xpath: //div[@class='table-body']/div[@class='table-row']/div/div[@class='table-row-status']/i[position()='2']'. Please recheck the objects properties to make sure the desired element is located. 

2019-08-09 17:25:26 - [MESSAGE][INFO] - Unable to find the element located by 'By.xpath: //div[@class='table-body']/div[@class='table-row']/div/div[@class='table-row-name']/a/i'. Please recheck the objects properties to make sure the desired element is located. 

2019-08-09 17:25:27 - [MESSAGE][INFO] - Unable to find the element located by 'By.xpath: //div[@class='table-body']/div[@class='table-row']/div/div[@class='table-row-name']/a/span[last()]'. Please recheck the objects properties to make sure the desired element is located. 

2019-08-09 17:25:28 - [MESSAGE][INFO] - Unable to find the element located by 'By.xpath: //div[@class='table-body']/div[@class='table-row']/div/div[@class='table-row-favorites']'. Please recheck the objects properties to make sure the desired element is located. 

2019-08-09 17:25:29 - [MESSAGE][INFO] - Unable to find the element located by 'By.xpath: //div[@class='table-body']/div[@class='table-row']/div/div[@class='table-row-ordered']'. Please recheck the objects properties to make sure the desired element is located. 

2019-08-09 17:25:29 - [TEST_STEP][PASSED] - delay(2): Delayed 2 second(s)

2019-08-09 17:25:31 - [MESSAGE][PASSED] - Delayed 2 second(s)

2019-08-09 17:25:31 - [TEST_STEP][PASSED] - executor.executeScript("arguments[0].click();", findWebElement(findTestObject("Object Repository/virualShowRSVPOR/dashboard/select_rsvp_blankreply_1"), 5)): null

2019-08-09 17:25:31 - [TEST_STEP][PASSED] - delay(2): Delayed 2 second(s)

2019-08-09 17:25:33 - [MESSAGE][PASSED] - Delayed 2 second(s)

2019-08-09 17:25:33 - [TEST_STEP][PASSED] - try: null

2019-08-09 17:25:33 - [TEST_STEP][PASSED] - assert VSGuest.validateGuests(findTestObject("Object Repository/virualShowRSVPOR/dashboard/select_rsvp_blankreply"), allList): null

2019-08-09 17:25:34 - [TEST_STEP][PASSED] - delay(2): Delayed 2 second(s)

2019-08-09 17:25:36 - [MESSAGE][PASSED] - Delayed 2 second(s)

2019-08-09 17:25:36 - [TEST_STEP][PASSED] - try: null

2019-08-09 17:25:36 - [TEST_STEP][PASSED] - assert VSGuest.validateGuests(findTestObject("Object Repository/virualShowRSVPOR/dashboard/select_rsvp_yes"), yesList): null

2019-08-09 17:25:36 - [TEST_STEP][PASSED] - delay(2): Delayed 2 second(s)

2019-08-09 17:25:38 - [MESSAGE][PASSED] - Delayed 2 second(s)

2019-08-09 17:25:38 - [TEST_STEP][PASSED] - try: null

2019-08-09 17:25:38 - [TEST_STEP][PASSED] - assert VSGuest.validateGuests(findTestObject("Object Repository/virualShowRSVPOR/dashboard/select_rsvp_no"), noList): null

2019-08-09 17:25:38 - [TEST_STEP][PASSED] - delay(2): Delayed 2 second(s)

2019-08-09 17:25:40 - [MESSAGE][PASSED] - Delayed 2 second(s)

2019-08-09 17:25:40 - [TEST_STEP][PASSED] - try: Unable to find the element located by 'By.xpath: //div[@class='table-body']/div[@class='table-row']/div/div[@class='table-row-ordered']'. Please recheck the objects properties to make sure the desired element is located. 

2019-08-09 17:25:40 - [TEST_STEP][PASSED] - assert VSGuest.validateGuests(findTestObject("Object Repository/virualShowRSVPOR/dashboard/select_rsvp_maybe"), maybeList): Unable to find the element located by 'By.xpath: //div[@class='table-body']/div[@class='table-row']/div/div[@class='table-row-ordered']'. Please recheck the objects properties to make sure the desired element is located. 

2019-08-09 17:25:41 - [MESSAGE][INFO] - Unable to find the element located by 'By.xpath: //div[@class='table-body']/div[@class='table-row']/div/div[@class='table-row-status']/i[position()=1]'. Please recheck the objects properties to make sure the desired element is located. 

2019-08-09 17:25:42 - [MESSAGE][INFO] - Unable to find the element located by 'By.xpath: //div[@class='table-body']/div[@class='table-row']/div/div[@class='table-row-status']/i[position()='2']'. Please recheck the objects properties to make sure the desired element is located. 

2019-08-09 17:25:43 - [MESSAGE][INFO] - Unable to find the element located by 'By.xpath: //div[@class='table-body']/div[@class='table-row']/div/div[@class='table-row-name']/a/i'. Please recheck the objects properties to make sure the desired element is located. 

2019-08-09 17:25:44 - [MESSAGE][INFO] - Unable to find the element located by 'By.xpath: //div[@class='table-body']/div[@class='table-row']/div/div[@class='table-row-name']/a/span[last()]'. Please recheck the objects properties to make sure the desired element is located. 

2019-08-09 17:25:46 - [MESSAGE][INFO] - Unable to find the element located by 'By.xpath: //div[@class='table-body']/div[@class='table-row']/div/div[@class='table-row-favorites']'. Please recheck the objects properties to make sure the desired element is located. 

2019-08-09 17:25:47 - [MESSAGE][INFO] - Unable to find the element located by 'By.xpath: //div[@class='table-body']/div[@class='table-row']/div/div[@class='table-row-ordered']'. Please recheck the objects properties to make sure the desired element is located. 

2019-08-09 17:25:47 - [TEST_STEP][PASSED] - delay(2): Delayed 2 second(s)

2019-08-09 17:25:49 - [MESSAGE][PASSED] - Delayed 2 second(s)

2019-08-09 17:25:49 - [TEST_STEP][PASSED] - try: null

2019-08-09 17:25:49 - [TEST_STEP][PASSED] - assert VSGuest.validateGuests(findTestObject("Object Repository/virualShowRSVPOR/dashboard/select_rsvp_notreply"), noreplyList): null

2019-08-09 17:25:49 - [TEST_STEP][PASSED] - switchToWindowIndex(currentTab + 2): Switched to window with index: '2'

2019-08-09 17:25:49 - [MESSAGE][PASSED] - Switched to window with index: '2'

2019-08-09 17:25:49 - [TEST_STEP][PASSED] - delay(2): Delayed 2 second(s)

2019-08-09 17:25:51 - [MESSAGE][PASSED] - Delayed 2 second(s)

2019-08-09 17:25:51 - [TEST_STEP][PASSED] - click(findTestObject("Object Repository/virualShowRSVPOR/Page_Show microsite/div_Update your RSVP")): Object: 'Object Repository/virualShowRSVPOR/Page_Show microsite/div_Update your RSVP' is clicked on

2019-08-09 17:25:51 - [MESSAGE][PASSED] - Object: 'Object Repository/virualShowRSVPOR/Page_Show microsite/div_Update your RSVP' is clicked on

2019-08-09 17:25:51 - [TEST_STEP][PASSED] - click(findTestObject("Object Repository/virualShowRSVPOR/Page_Show microsite/select_rsvp_yes")): Object: 'Object Repository/virualShowRSVPOR/Page_Show microsite/select_rsvp_yes' is clicked on

2019-08-09 17:25:51 - [MESSAGE][PASSED] - Object: 'Object Repository/virualShowRSVPOR/Page_Show microsite/select_rsvp_yes' is clicked on

2019-08-09 17:25:51 - [TEST_STEP][PASSED] - click(findTestObject("Object Repository/virualShowRSVPOR/Page_Show microsite/button_SEND")): Object: 'Object Repository/virualShowRSVPOR/Page_Show microsite/button_SEND' is clicked on

2019-08-09 17:25:51 - [MESSAGE][PASSED] - Object: 'Object Repository/virualShowRSVPOR/Page_Show microsite/button_SEND' is clicked on

2019-08-09 17:25:51 - [TEST_STEP][PASSED] - delay(4): Delayed 4 second(s)

2019-08-09 17:25:55 - [MESSAGE][PASSED] - Delayed 4 second(s)

2019-08-09 17:25:55 - [TEST_STEP][PASSED] - verifyElementText(findTestObject("Object Repository/virualShowRSVPOR/Page_Show microsite/h2_Were so glad you can make it."), "We're so glad you can make it."): Actual text and expected text of test object 'Object Repository/virualShowRSVPOR/Page_Show microsite/h2_Were so glad you can make it.' are matched.

2019-08-09 17:25:55 - [MESSAGE][PASSED] - Actual text and expected text of test object 'Object Repository/virualShowRSVPOR/Page_Show microsite/h2_Were so glad you can make it.' are matched.

2019-08-09 17:25:55 - [TEST_STEP][PASSED] - delay(4): Delayed 4 second(s)

2019-08-09 17:25:59 - [MESSAGE][PASSED] - Delayed 4 second(s)

2019-08-09 17:25:59 - [TEST_STEP][PASSED] - click(findTestObject("Object Repository/showMicrosite/button_join_the_show")): Object: 'Object Repository/showMicrosite/button_join_the_show' is clicked on

2019-08-09 17:26:00 - [MESSAGE][PASSED] - Object: 'Object Repository/showMicrosite/button_join_the_show' is clicked on

2019-08-09 17:26:00 - [TEST_STEP][PASSED] - delay(3): Delayed 3 second(s)

2019-08-09 17:26:03 - [MESSAGE][PASSED] - Delayed 3 second(s)

2019-08-09 17:26:03 - [TEST_STEP][PASSED] - executor.executeScript("arguments[0].click();", findWebElement(findTestObject("Object Repository/virualShowRSVPOR/dashboard/a_close_mic_alert"), 5)): null

2019-08-09 17:26:03 - [TEST_STEP][PASSED] - active = true: null

2019-08-09 17:26:03 - [TEST_STEP][PASSED] - micStatus = 2: null

2019-08-09 17:26:03 - [TEST_STEP][PASSED] - webcamStatus = 2: null

2019-08-09 17:26:03 - [TEST_STEP][PASSED] - presentList.add(guest1Obj): null

2019-08-09 17:26:03 - [TEST_STEP][PASSED] - yesList.add(guest1Obj): null

2019-08-09 17:26:03 - [TEST_STEP][PASSED] - noList.remove(guest1Obj): null

2019-08-09 17:26:03 - [TEST_STEP][PASSED] - switchToWindowIndex(currentTab + 1): Switched to window with index: '1'

2019-08-09 17:26:03 - [MESSAGE][PASSED] - Switched to window with index: '1'

2019-08-09 17:26:03 - [TEST_STEP][PASSED] - try: null

2019-08-09 17:26:03 - [TEST_STEP][PASSED] - assert VSGuest.validateGuests(findTestObject("Object Repository/virualShowRSVPOR/dashboard/select_present"), presentList): null

2019-08-09 17:26:03 - [TEST_STEP][PASSED] - delay(2): Delayed 2 second(s)

2019-08-09 17:26:05 - [MESSAGE][PASSED] - Delayed 2 second(s)

2019-08-09 17:26:05 - [TEST_STEP][PASSED] - executor.executeScript("arguments[0].click();", findWebElement(findTestObject("Object Repository/virualShowRSVPOR/dashboard/select_rsvp_blankreply_1"), 5)): null

2019-08-09 17:26:05 - [TEST_STEP][PASSED] - delay(2): Delayed 2 second(s)

2019-08-09 17:26:07 - [MESSAGE][PASSED] - Delayed 2 second(s)

2019-08-09 17:26:07 - [TEST_STEP][PASSED] - try: null

2019-08-09 17:26:07 - [TEST_STEP][PASSED] - assert VSGuest.validateGuests(findTestObject("Object Repository/virualShowRSVPOR/dashboard/select_rsvp_blankreply"), allList): null

2019-08-09 17:26:08 - [TEST_STEP][PASSED] - delay(2): Delayed 2 second(s)

2019-08-09 17:26:10 - [MESSAGE][PASSED] - Delayed 2 second(s)

2019-08-09 17:26:10 - [TEST_STEP][PASSED] - try: null

2019-08-09 17:26:10 - [TEST_STEP][PASSED] - assert VSGuest.validateGuests(findTestObject("Object Repository/virualShowRSVPOR/dashboard/select_rsvp_yes"), yesList): null

2019-08-09 17:26:10 - [TEST_STEP][PASSED] - delay(2): Delayed 2 second(s)

2019-08-09 17:26:12 - [MESSAGE][PASSED] - Delayed 2 second(s)

2019-08-09 17:26:12 - [TEST_STEP][PASSED] - try: Unable to find the element located by 'By.xpath: //div[@class='table-body']/div[@class='table-row']/div/div[@class='table-row-ordered']'. Please recheck the objects properties to make sure the desired element is located. 

2019-08-09 17:26:12 - [TEST_STEP][PASSED] - assert VSGuest.validateGuests(findTestObject("Object Repository/virualShowRSVPOR/dashboard/select_rsvp_no"), noList): Unable to find the element located by 'By.xpath: //div[@class='table-body']/div[@class='table-row']/div/div[@class='table-row-ordered']'. Please recheck the objects properties to make sure the desired element is located. 

2019-08-09 17:26:13 - [MESSAGE][INFO] - Unable to find the element located by 'By.xpath: //div[@class='table-body']/div[@class='table-row']/div/div[@class='table-row-status']/i[position()=1]'. Please recheck the objects properties to make sure the desired element is located. 

2019-08-09 17:26:14 - [MESSAGE][INFO] - Unable to find the element located by 'By.xpath: //div[@class='table-body']/div[@class='table-row']/div/div[@class='table-row-status']/i[position()='2']'. Please recheck the objects properties to make sure the desired element is located. 

2019-08-09 17:26:15 - [MESSAGE][INFO] - Unable to find the element located by 'By.xpath: //div[@class='table-body']/div[@class='table-row']/div/div[@class='table-row-name']/a/i'. Please recheck the objects properties to make sure the desired element is located. 

2019-08-09 17:26:16 - [MESSAGE][INFO] - Unable to find the element located by 'By.xpath: //div[@class='table-body']/div[@class='table-row']/div/div[@class='table-row-name']/a/span[last()]'. Please recheck the objects properties to make sure the desired element is located. 

2019-08-09 17:26:18 - [MESSAGE][INFO] - Unable to find the element located by 'By.xpath: //div[@class='table-body']/div[@class='table-row']/div/div[@class='table-row-favorites']'. Please recheck the objects properties to make sure the desired element is located. 

2019-08-09 17:26:19 - [MESSAGE][INFO] - Unable to find the element located by 'By.xpath: //div[@class='table-body']/div[@class='table-row']/div/div[@class='table-row-ordered']'. Please recheck the objects properties to make sure the desired element is located. 

2019-08-09 17:26:19 - [TEST_STEP][PASSED] - delay(2): Delayed 2 second(s)

2019-08-09 17:26:21 - [MESSAGE][PASSED] - Delayed 2 second(s)

2019-08-09 17:26:21 - [TEST_STEP][PASSED] - try: Unable to find the element located by 'By.xpath: //div[@class='table-body']/div[@class='table-row']/div/div[@class='table-row-ordered']'. Please recheck the objects properties to make sure the desired element is located. 

2019-08-09 17:26:21 - [TEST_STEP][PASSED] - assert VSGuest.validateGuests(findTestObject("Object Repository/virualShowRSVPOR/dashboard/select_rsvp_maybe"), maybeList): Unable to find the element located by 'By.xpath: //div[@class='table-body']/div[@class='table-row']/div/div[@class='table-row-ordered']'. Please recheck the objects properties to make sure the desired element is located. 

2019-08-09 17:26:22 - [MESSAGE][INFO] - Unable to find the element located by 'By.xpath: //div[@class='table-body']/div[@class='table-row']/div/div[@class='table-row-status']/i[position()=1]'. Please recheck the objects properties to make sure the desired element is located. 

2019-08-09 17:26:23 - [MESSAGE][INFO] - Unable to find the element located by 'By.xpath: //div[@class='table-body']/div[@class='table-row']/div/div[@class='table-row-status']/i[position()='2']'. Please recheck the objects properties to make sure the desired element is located. 

2019-08-09 17:26:24 - [MESSAGE][INFO] - Unable to find the element located by 'By.xpath: //div[@class='table-body']/div[@class='table-row']/div/div[@class='table-row-name']/a/i'. Please recheck the objects properties to make sure the desired element is located. 

2019-08-09 17:26:25 - [MESSAGE][INFO] - Unable to find the element located by 'By.xpath: //div[@class='table-body']/div[@class='table-row']/div/div[@class='table-row-name']/a/span[last()]'. Please recheck the objects properties to make sure the desired element is located. 

2019-08-09 17:26:26 - [MESSAGE][INFO] - Unable to find the element located by 'By.xpath: //div[@class='table-body']/div[@class='table-row']/div/div[@class='table-row-favorites']'. Please recheck the objects properties to make sure the desired element is located. 

2019-08-09 17:26:27 - [MESSAGE][INFO] - Unable to find the element located by 'By.xpath: //div[@class='table-body']/div[@class='table-row']/div/div[@class='table-row-ordered']'. Please recheck the objects properties to make sure the desired element is located. 

2019-08-09 17:26:27 - [TEST_STEP][PASSED] - delay(2): Delayed 2 second(s)

2019-08-09 17:26:29 - [MESSAGE][PASSED] - Delayed 2 second(s)

2019-08-09 17:26:29 - [TEST_STEP][PASSED] - try: null

2019-08-09 17:26:29 - [TEST_STEP][PASSED] - assert VSGuest.validateGuests(findTestObject("Object Repository/virualShowRSVPOR/dashboard/select_rsvp_notreply"), noreplyList): null

2019-08-09 17:26:29 - [TEST_STEP][PASSED] - delay(2): Delayed 2 second(s)

2019-08-09 17:26:31 - [MESSAGE][PASSED] - Delayed 2 second(s)

2019-08-09 17:26:31 - [TEST_STEP][PASSED] - try: null

2019-08-09 17:26:31 - [TEST_STEP][PASSED] - assert VSGuest.validateGuests(findTestObject("Object Repository/virualShowRSVPOR/dashboard/select_present"), presentList): null

2019-08-09 17:26:31 - [TEST_STEP][PASSED] - delay(2): Delayed 2 second(s)

2019-08-09 17:26:33 - [MESSAGE][PASSED] - Delayed 2 second(s)

2019-08-09 17:26:33 - [TEST_STEP][PASSED] - executor.executeScript("arguments[0].click();", findWebElement(findTestObject("Object Repository/virualShowRSVPOR/dashboard/guest_micStatuss"), 5)): null

2019-08-09 17:26:33 - [TEST_STEP][PASSED] - micStatus = 1: null

2019-08-09 17:26:33 - [TEST_STEP][PASSED] - switchToWindowIndex(currentTab + 2): Switched to window with index: '2'

2019-08-09 17:26:33 - [MESSAGE][PASSED] - Switched to window with index: '2'

2019-08-09 17:26:33 - [TEST_STEP][PASSED] - delay(2): Delayed 2 second(s)

2019-08-09 17:26:35 - [MESSAGE][PASSED] - Delayed 2 second(s)

2019-08-09 17:26:35 - [TEST_STEP][PASSED] - guestMicBB = findWebElements(findTestObject("Object Repository/virualShowRSVPOR/Page_Show microsite/guest_mic_brady_bunch"), 5): Unable to find the element located by 'By.xpath: //div[@class='video-icon-holder']/i[@class='icon-microphone-slash video-icon']'. Please recheck the objects properties to make sure the desired element is located. 

2019-08-09 17:26:41 - [MESSAGE][INFO] - Unable to find the element located by 'By.xpath: //div[@class='video-icon-holder']/i[@class='icon-microphone-slash video-icon']'. Please recheck the objects properties to make sure the desired element is located. 

2019-08-09 17:26:41 - [TEST_STEP][PASSED] - assert guestMicBB.size() == 0: null

2019-08-09 17:26:41 - [TEST_STEP][PASSED] - switchToWindowIndex(currentTab + 1): Switched to window with index: '1'

2019-08-09 17:26:41 - [MESSAGE][PASSED] - Switched to window with index: '1'

2019-08-09 17:26:41 - [TEST_STEP][PASSED] - delay(2): Delayed 2 second(s)

2019-08-09 17:26:43 - [MESSAGE][PASSED] - Delayed 2 second(s)

2019-08-09 17:26:43 - [TEST_STEP][PASSED] - executor.executeScript("arguments[0].click();", findWebElement(findTestObject("Object Repository/virualShowRSVPOR/dashboard/guest_webcamStatuss_disable"), 5)): null

2019-08-09 17:26:43 - [TEST_STEP][PASSED] - webcamStatus = 1: null

2019-08-09 17:26:43 - [TEST_STEP][PASSED] - switchToWindowIndex(currentTab + 2): Switched to window with index: '2'

2019-08-09 17:26:43 - [MESSAGE][PASSED] - Switched to window with index: '2'

2019-08-09 17:26:43 - [TEST_STEP][PASSED] - delay(2): Delayed 2 second(s)

2019-08-09 17:26:45 - [MESSAGE][PASSED] - Delayed 2 second(s)

2019-08-09 17:26:45 - [TEST_STEP][PASSED] - guestWebcamBB = findWebElements(findTestObject("Object Repository/virualShowRSVPOR/Page_Show microsite/guest_webcam_brady_bunch"), 5): Unable to find the element located by 'By.xpath: //div[@class='video-icon-holder']/i[@class='icon-video-slash video-icon']'. Please recheck the objects properties to make sure the desired element is located. 

2019-08-09 17:26:50 - [MESSAGE][INFO] - Unable to find the element located by 'By.xpath: //div[@class='video-icon-holder']/i[@class='icon-video-slash video-icon']'. Please recheck the objects properties to make sure the desired element is located. 

2019-08-09 17:26:50 - [TEST_STEP][PASSED] - assert guestWebcamBB.size() == 0: null

2019-08-09 17:26:50 - [TEST_STEP][PASSED] - switchToWindowIndex(currentTab + 1): Switched to window with index: '1'

2019-08-09 17:26:50 - [MESSAGE][PASSED] - Switched to window with index: '1'

2019-08-09 17:26:50 - [TEST_STEP][PASSED] - delay(4): Delayed 4 second(s)

2019-08-09 17:26:54 - [MESSAGE][PASSED] - Delayed 4 second(s)

2019-08-09 17:26:54 - [TEST_STEP][PASSED] - iMStylist = "Hi I am stylistA": null

2019-08-09 17:26:54 - [TEST_STEP][PASSED] - iMGuest1 = "Hi I am guest 1A": null

2019-08-09 17:26:54 - [TEST_STEP][PASSED] - iMGuest2 = "Hi I am guest 2": null

2019-08-09 17:26:54 - [TEST_STEP][PASSED] - expectedMessage = <not implemented yet for class: org.codehaus.groovy.ast.expr.EmptyExpression>: null

2019-08-09 17:26:54 - [TEST_STEP][PASSED] - actualMessage = <not implemented yet for class: org.codehaus.groovy.ast.expr.EmptyExpression>: null

2019-08-09 17:26:54 - [TEST_STEP][PASSED] - stylstName = getText(findTestObject("Object Repository/virualShowRSVPOR/chatboard/my_sender_name")): Text of object 'Object Repository/virualShowRSVPOR/chatboard/my_sender_name' is: 'Test'

2019-08-09 17:26:54 - [MESSAGE][PASSED] - Text of object 'Object Repository/virualShowRSVPOR/chatboard/my_sender_name' is: 'Test'

2019-08-09 17:26:54 - [TEST_STEP][PASSED] - g1 = UtilityMethods.splitPersonName(guest1)[0]: null

2019-08-09 17:26:54 - [TEST_STEP][PASSED] - setText(findTestObject("Object Repository/virualShowRSVPOR/chatboard/input_text"), iMStylist): Text 'Hi I am stylistA' is set on object 'Object Repository/virualShowRSVPOR/chatboard/input_text'

2019-08-09 17:26:54 - [MESSAGE][PASSED] - Text 'Hi I am stylistA' is set on object 'Object Repository/virualShowRSVPOR/chatboard/input_text'

2019-08-09 17:26:54 - [TEST_STEP][PASSED] - click(findTestObject("Object Repository/virualShowRSVPOR/chatboard/send_text")): Object: 'Object Repository/virualShowRSVPOR/chatboard/send_text' is clicked on

2019-08-09 17:26:54 - [MESSAGE][PASSED] - Object: 'Object Repository/virualShowRSVPOR/chatboard/send_text' is clicked on

2019-08-09 17:26:54 - [TEST_STEP][PASSED] - expectedMessage = new commonUtility.ChatMessage(stylstName, iMStylist): null

2019-08-09 17:26:54 - [TEST_STEP][PASSED] - switchToWindowIndex(currentTab + 2): Switched to window with index: '2'

2019-08-09 17:26:54 - [MESSAGE][PASSED] - Switched to window with index: '2'

2019-08-09 17:26:54 - [TEST_STEP][PASSED] - delay(3): Delayed 3 second(s)

2019-08-09 17:26:57 - [MESSAGE][PASSED] - Delayed 3 second(s)

2019-08-09 17:26:57 - [TEST_STEP][PASSED] - actualMessage = new commonUtility.ChatMessage(com.kms.katalon.core.webui.keyword.WebUiBuiltInKeywords.getText(com.kms.katalon.core.testobject.ObjectRepository.findTestObject(Object Repository/virualShowRSVPOR/chatboard/last_sender)), com.kms.katalon.core.webui.keyword.WebUiBuiltInKeywords.getText(com.kms.katalon.core.testobject.ObjectRepository.findTestObject(Object Repository/virualShowRSVPOR/chatboard/last_message))): Text of object 'Object Repository/virualShowRSVPOR/chatboard/last_message' is: 'Hi I am stylistA'

2019-08-09 17:26:57 - [MESSAGE][PASSED] - Text of object 'Object Repository/virualShowRSVPOR/chatboard/last_sender' is: 'Test'

2019-08-09 17:26:57 - [MESSAGE][PASSED] - Text of object 'Object Repository/virualShowRSVPOR/chatboard/last_message' is: 'Hi I am stylistA'

2019-08-09 17:26:57 - [TEST_STEP][PASSED] - assert actualMessage.equals(expectedMessage): null

2019-08-09 17:26:57 - [TEST_STEP][PASSED] - delay(2): Delayed 2 second(s)

2019-08-09 17:26:59 - [MESSAGE][PASSED] - Delayed 2 second(s)

2019-08-09 17:26:59 - [TEST_STEP][PASSED] - setText(findTestObject("Object Repository/virualShowRSVPOR/chatboard/input_text"), iMGuest1): Text 'Hi I am guest 1A' is set on object 'Object Repository/virualShowRSVPOR/chatboard/input_text'

2019-08-09 17:27:00 - [MESSAGE][PASSED] - Text 'Hi I am guest 1A' is set on object 'Object Repository/virualShowRSVPOR/chatboard/input_text'

2019-08-09 17:27:00 - [TEST_STEP][PASSED] - click(findTestObject("Object Repository/virualShowRSVPOR/chatboard/send_text")): Object: 'Object Repository/virualShowRSVPOR/chatboard/send_text' is clicked on

2019-08-09 17:27:00 - [MESSAGE][PASSED] - Object: 'Object Repository/virualShowRSVPOR/chatboard/send_text' is clicked on

2019-08-09 17:27:00 - [TEST_STEP][PASSED] - expectedMessage = new commonUtility.ChatMessage(g1, iMGuest1): null

2019-08-09 17:27:00 - [TEST_STEP][PASSED] - switchToWindowIndex(currentTab + 1): Switched to window with index: '1'

2019-08-09 17:27:00 - [MESSAGE][PASSED] - Switched to window with index: '1'

2019-08-09 17:27:00 - [TEST_STEP][PASSED] - delay(3): Delayed 3 second(s)

2019-08-09 17:27:03 - [MESSAGE][PASSED] - Delayed 3 second(s)

2019-08-09 17:27:03 - [TEST_STEP][PASSED] - actualMessage = new commonUtility.ChatMessage(com.kms.katalon.core.webui.keyword.WebUiBuiltInKeywords.getText(com.kms.katalon.core.testobject.ObjectRepository.findTestObject(Object Repository/virualShowRSVPOR/chatboard/last_sender_stylist)), com.kms.katalon.core.webui.keyword.WebUiBuiltInKeywords.getText(com.kms.katalon.core.testobject.ObjectRepository.findTestObject(Object Repository/virualShowRSVPOR/chatboard/last_message_stylist))): Text of object 'Object Repository/virualShowRSVPOR/chatboard/last_message_stylist' is: 'Hi I am guest 1A'

2019-08-09 17:27:03 - [MESSAGE][PASSED] - Text of object 'Object Repository/virualShowRSVPOR/chatboard/last_sender_stylist' is: 'guest1-test'

2019-08-09 17:27:03 - [MESSAGE][PASSED] - Text of object 'Object Repository/virualShowRSVPOR/chatboard/last_message_stylist' is: 'Hi I am guest 1A'

2019-08-09 17:27:03 - [TEST_STEP][PASSED] - assert actualMessage.equals(expectedMessage): null

2019-08-09 17:27:03 - [TEST_STEP][PASSED] - click(findTestObject("virualShowRSVPOR/dashboard/playVideosButton")): Object: 'Object Repository/virualShowRSVPOR/dashboard/playVideosButton' is clicked on

2019-08-09 17:27:03 - [MESSAGE][PASSED] - Object: 'Object Repository/virualShowRSVPOR/dashboard/playVideosButton' is clicked on

2019-08-09 17:27:03 - [TEST_STEP][PASSED] - delay(3): Delayed 3 second(s)

2019-08-09 17:27:06 - [MESSAGE][PASSED] - Delayed 3 second(s)

2019-08-09 17:27:06 - [TEST_STEP][PASSED] - click(findTestObject("virualShowRSVPOR/dashboard/playButton")): Object: 'Object Repository/virualShowRSVPOR/dashboard/playButton' is clicked on

2019-08-09 17:27:06 - [MESSAGE][PASSED] - Object: 'Object Repository/virualShowRSVPOR/dashboard/playButton' is clicked on

2019-08-09 17:27:06 - [TEST_STEP][PASSED] - delay(3): Delayed 3 second(s)

2019-08-09 17:27:09 - [MESSAGE][PASSED] - Delayed 3 second(s)

2019-08-09 17:27:09 - [TEST_STEP][PASSED] - switchToWindowIndex(currentTab + 2): Switched to window with index: '2'

2019-08-09 17:27:09 - [MESSAGE][PASSED] - Switched to window with index: '2'

2019-08-09 17:27:09 - [TEST_STEP][PASSED] - delay(10): Delayed 10 second(s)

2019-08-09 17:27:19 - [MESSAGE][PASSED] - Delayed 10 second(s)

2019-08-09 17:27:19 - [TEST_STEP][PASSED] - click(findTestObject("Object Repository/virualShowRSVPOR/carouselTestObjects/carouselSaveOutfit")): Object: 'Object Repository/virualShowRSVPOR/carouselTestObjects/carouselSaveOutfit' is clicked on

2019-08-09 17:27:19 - [MESSAGE][PASSED] - Object: 'Object Repository/virualShowRSVPOR/carouselTestObjects/carouselSaveOutfit' is clicked on

2019-08-09 17:27:20 - [TEST_STEP][PASSED] - favorites = favorites + 3: null

2019-08-09 17:27:20 - [TEST_STEP][PASSED] - switchToWindowIndex(currentTab + 1): Switched to window with index: '1'

2019-08-09 17:27:20 - [MESSAGE][PASSED] - Switched to window with index: '1'

2019-08-09 17:27:20 - [TEST_STEP][PASSED] - delay(15): Delayed 15 second(s)

2019-08-09 17:27:35 - [MESSAGE][PASSED] - Delayed 15 second(s)

2019-08-09 17:27:35 - [TEST_STEP][PASSED] - try: null

2019-08-09 17:27:35 - [TEST_STEP][PASSED] - assert VSGuest.validateGuests(findTestObject("Object Repository/virualShowRSVPOR/dashboard/select_present"), presentList): null

2019-08-09 17:27:35 - [TEST_STEP][PASSED] - delay(2): Delayed 2 second(s)

2019-08-09 17:27:37 - [MESSAGE][PASSED] - Delayed 2 second(s)

2019-08-09 17:27:37 - [TEST_STEP][PASSED] - click(findTestObject("Object Repository/virualShowRSVPOR/dashboard/button_shopping")): Object: 'Object Repository/virualShowRSVPOR/dashboard/button_shopping' is clicked on

2019-08-09 17:27:37 - [MESSAGE][PASSED] - Object: 'Object Repository/virualShowRSVPOR/dashboard/button_shopping' is clicked on

2019-08-09 17:27:37 - [TEST_STEP][PASSED] - webcamStatus = 2: null

2019-08-09 17:27:37 - [TEST_STEP][PASSED] - micStatus = 2: null

2019-08-09 17:27:37 - [TEST_STEP][PASSED] - switchToWindowIndex(currentTab + 2): Switched to window with index: '2'

2019-08-09 17:27:37 - [MESSAGE][PASSED] - Switched to window with index: '2'

2019-08-09 17:27:37 - [TEST_STEP][PASSED] - delay(3): Delayed 3 second(s)

2019-08-09 17:27:40 - [MESSAGE][PASSED] - Delayed 3 second(s)

2019-08-09 17:27:40 - [TEST_STEP][PASSED] - click(findTestObject("Object Repository/virualShowRSVPOR/Page_Show microsite/button_view_my_fav")): Object: 'Object Repository/virualShowRSVPOR/Page_Show microsite/button_view_my_fav' is clicked on

2019-08-09 17:27:52 - [MESSAGE][PASSED] - Object: 'Object Repository/virualShowRSVPOR/Page_Show microsite/button_view_my_fav' is clicked on

2019-08-09 17:27:52 - [TEST_STEP][PASSED] - delay(3): Delayed 3 second(s)

2019-08-09 17:27:55 - [MESSAGE][PASSED] - Delayed 3 second(s)

2019-08-09 17:27:55 - [TEST_STEP][PASSED] - switchToFrame(findTestObject("Object Repository/virualShowRSVPOR/Page_Show microsite/frame_collection_rs"), 60): null

2019-08-09 17:27:55 - [TEST_STEP][PASSED] - click(findTestObject("Object Repository/virualShowRSVPOR/Page_Show microsite/button_add_to_bag_from_fav")): Object: 'Object Repository/virualShowRSVPOR/Page_Show microsite/button_add_to_bag_from_fav' is clicked on

2019-08-09 17:27:55 - [MESSAGE][PASSED] - Object: 'Object Repository/virualShowRSVPOR/Page_Show microsite/button_add_to_bag_from_fav' is clicked on

2019-08-09 17:27:55 - [TEST_STEP][PASSED] - delay(3): Delayed 3 second(s)

2019-08-09 17:27:58 - [MESSAGE][PASSED] - Delayed 3 second(s)

2019-08-09 17:27:58 - [TEST_STEP][PASSED] - noOfOptions = findWebElements(findTestObject("Object Repository/virualShowRSVPOR/Page_Show microsite/div_no_of_options_for_add_to_bag_item"), 5): null

2019-08-09 17:27:58 - [TEST_STEP][PASSED] - for ([i = 1, i <= noOfOptions.size(), (i++)]): Delayed 3 second(s)

2019-08-09 17:27:58 - [TEST_STEP][PASSED] - dropDown = UtilityMethods.createTestObject("div_drop_down", "(//div[@class='dropdown-toggle']/div[@class='dropdown-button']/div[@class='drop-caret'])[", Integer.toString(i), "]"): null

2019-08-09 17:27:58 - [TEST_STEP][PASSED] - click(dropDown): Object: 'div_drop_down' is clicked on

2019-08-09 17:27:59 - [MESSAGE][PASSED] - Object: 'div_drop_down' is clicked on

2019-08-09 17:27:59 - [TEST_STEP][PASSED] - delay(3): Delayed 3 second(s)

2019-08-09 17:28:02 - [MESSAGE][PASSED] - Delayed 3 second(s)

2019-08-09 17:28:02 - [TEST_STEP][PASSED] - selectSecondOption = UtilityMethods.createTestObject("div_select_second_option", "(//div/div[@class='item-options']/app-dropdown)[", Integer.toString(i), "]/div/div/div/div/div/div/div[@class='dropdown-item' and position()='2']"): null

2019-08-09 17:28:02 - [TEST_STEP][PASSED] - click(selectSecondOption): Object: 'div_select_second_option' is clicked on

2019-08-09 17:28:02 - [MESSAGE][PASSED] - Object: 'div_select_second_option' is clicked on

2019-08-09 17:28:02 - [TEST_STEP][PASSED] - delay(3): Delayed 3 second(s)

2019-08-09 17:28:05 - [MESSAGE][PASSED] - Delayed 3 second(s)

2019-08-09 17:28:05 - [TEST_STEP][PASSED] - dropDown = UtilityMethods.createTestObject("div_drop_down", "(//div[@class='dropdown-toggle']/div[@class='dropdown-button']/div[@class='drop-caret'])[", Integer.toString(i), "]"): null

2019-08-09 17:28:05 - [TEST_STEP][PASSED] - click(dropDown): Object: 'div_drop_down' is clicked on

2019-08-09 17:28:05 - [MESSAGE][PASSED] - Object: 'div_drop_down' is clicked on

2019-08-09 17:28:05 - [TEST_STEP][PASSED] - delay(3): Delayed 3 second(s)

2019-08-09 17:28:08 - [MESSAGE][PASSED] - Delayed 3 second(s)

2019-08-09 17:28:08 - [TEST_STEP][PASSED] - selectSecondOption = UtilityMethods.createTestObject("div_select_second_option", "(//div/div[@class='item-options']/app-dropdown)[", Integer.toString(i), "]/div/div/div/div/div/div/div[@class='dropdown-item' and position()='2']"): null

2019-08-09 17:28:08 - [TEST_STEP][PASSED] - click(selectSecondOption): Object: 'div_select_second_option' is clicked on

2019-08-09 17:28:08 - [MESSAGE][PASSED] - Object: 'div_select_second_option' is clicked on

2019-08-09 17:28:08 - [TEST_STEP][PASSED] - delay(3): Delayed 3 second(s)

2019-08-09 17:28:11 - [MESSAGE][PASSED] - Delayed 3 second(s)

2019-08-09 17:28:11 - [TEST_STEP][PASSED] - dropDown = UtilityMethods.createTestObject("div_drop_down", "(//div[@class='dropdown-toggle']/div[@class='dropdown-button']/div[@class='drop-caret'])[", Integer.toString(i), "]"): null

2019-08-09 17:28:11 - [TEST_STEP][PASSED] - click(dropDown): Object: 'div_drop_down' is clicked on

2019-08-09 17:28:11 - [MESSAGE][PASSED] - Object: 'div_drop_down' is clicked on

2019-08-09 17:28:11 - [TEST_STEP][PASSED] - delay(3): Delayed 3 second(s)

2019-08-09 17:28:14 - [MESSAGE][PASSED] - Delayed 3 second(s)

2019-08-09 17:28:14 - [TEST_STEP][PASSED] - selectSecondOption = UtilityMethods.createTestObject("div_select_second_option", "(//div/div[@class='item-options']/app-dropdown)[", Integer.toString(i), "]/div/div/div/div/div/div/div[@class='dropdown-item' and position()='2']"): null

2019-08-09 17:28:14 - [TEST_STEP][PASSED] - click(selectSecondOption): Object: 'div_select_second_option' is clicked on

2019-08-09 17:28:15 - [MESSAGE][PASSED] - Object: 'div_select_second_option' is clicked on

2019-08-09 17:28:15 - [TEST_STEP][PASSED] - delay(3): Delayed 3 second(s)

2019-08-09 17:28:18 - [MESSAGE][PASSED] - Delayed 3 second(s)

2019-08-09 17:28:18 - [TEST_STEP][PASSED] - click(findTestObject("Object Repository/virualShowRSVPOR/Page_Show microsite/button_add_to_bag_from_fav_option_selected")): Object: 'Object Repository/virualShowRSVPOR/Page_Show microsite/button_add_to_bag_from_fav_option_selected' is clicked on

2019-08-09 17:28:18 - [MESSAGE][PASSED] - Object: 'Object Repository/virualShowRSVPOR/Page_Show microsite/button_add_to_bag_from_fav_option_selected' is clicked on

2019-08-09 17:28:18 - [TEST_STEP][PASSED] - favorites = favorites - 1: null

2019-08-09 17:28:18 - [TEST_STEP][PASSED] - delay(5): Delayed 5 second(s)

2019-08-09 17:28:23 - [MESSAGE][PASSED] - Delayed 5 second(s)

2019-08-09 17:28:23 - [TEST_STEP][PASSED] - switchToDefaultContent(): null

2019-08-09 17:28:23 - [TEST_STEP][PASSED] - switchToWindowIndex(currentTab + 1): Switched to window with index: '1'

2019-08-09 17:28:23 - [MESSAGE][PASSED] - Switched to window with index: '1'

2019-08-09 17:28:23 - [TEST_STEP][PASSED] - delay(15): Delayed 15 second(s)

2019-08-09 17:28:38 - [MESSAGE][PASSED] - Delayed 15 second(s)

2019-08-09 17:28:38 - [TEST_STEP][PASSED] - try: null

2019-08-09 17:28:38 - [TEST_STEP][PASSED] - assert VSGuest.validateGuests(findTestObject("Object Repository/virualShowRSVPOR/dashboard/select_present"), presentList): null

2019-08-09 17:28:38 - [TEST_STEP][PASSED] - delay(2): Delayed 2 second(s)

2019-08-09 17:28:40 - [MESSAGE][PASSED] - Delayed 2 second(s)

2019-08-09 17:28:40 - [TEST_STEP][PASSED] - switchToWindowIndex(currentTab + 2): Switched to window with index: '2'

2019-08-09 17:28:40 - [MESSAGE][PASSED] - Switched to window with index: '2'

2019-08-09 17:28:40 - [TEST_STEP][PASSED] - click(findTestObject("virualShowRSVPOR/Page_Show microsite/button_looks")): Object: 'Object Repository/virualShowRSVPOR/Page_Show microsite/button_looks' is clicked on

2019-08-09 17:28:41 - [MESSAGE][PASSED] - Object: 'Object Repository/virualShowRSVPOR/Page_Show microsite/button_looks' is clicked on

2019-08-09 17:28:41 - [TEST_STEP][PASSED] - delay(5): Delayed 5 second(s)

2019-08-09 17:28:46 - [MESSAGE][PASSED] - Delayed 5 second(s)

2019-08-09 17:28:46 - [TEST_STEP][PASSED] - click(findTestObject("Object Repository/virualShowRSVPOR/Page_Show microsite/div_first_look")): Object: 'Object Repository/virualShowRSVPOR/Page_Show microsite/div_first_look' is clicked on

2019-08-09 17:28:46 - [MESSAGE][PASSED] - Object: 'Object Repository/virualShowRSVPOR/Page_Show microsite/div_first_look' is clicked on

2019-08-09 17:28:46 - [TEST_STEP][PASSED] - delay(5): Delayed 5 second(s)

2019-08-09 17:28:51 - [MESSAGE][PASSED] - Delayed 5 second(s)

2019-08-09 17:28:51 - [TEST_STEP][PASSED] - click(findTestObject("Object Repository/virualShowRSVPOR/Page_Show microsite/div_first_look_img")): Object: 'Object Repository/virualShowRSVPOR/Page_Show microsite/div_first_look_img' is clicked on

2019-08-09 17:28:51 - [MESSAGE][PASSED] - Object: 'Object Repository/virualShowRSVPOR/Page_Show microsite/div_first_look_img' is clicked on

2019-08-09 17:28:51 - [TEST_STEP][PASSED] - delay(5): Delayed 5 second(s)

2019-08-09 17:28:56 - [MESSAGE][PASSED] - Delayed 5 second(s)

2019-08-09 17:28:56 - [TEST_STEP][PASSED] - click(findTestObject("Object Repository/virualShowRSVPOR/Page_Show microsite/div_first_look_item")): Object: 'Object Repository/virualShowRSVPOR/Page_Show microsite/div_first_look_item' is clicked on

2019-08-09 17:28:57 - [MESSAGE][PASSED] - Object: 'Object Repository/virualShowRSVPOR/Page_Show microsite/div_first_look_item' is clicked on

2019-08-09 17:28:57 - [TEST_STEP][PASSED] - delay(5): Delayed 5 second(s)

2019-08-09 17:29:02 - [MESSAGE][PASSED] - Delayed 5 second(s)

2019-08-09 17:29:02 - [TEST_STEP][PASSED] - click(findTestObject("Object Repository/virualShowRSVPOR/Page_Show microsite/button_look_save_to_fav")): Object: 'Object Repository/virualShowRSVPOR/Page_Show microsite/button_look_save_to_fav' is clicked on

2019-08-09 17:29:02 - [MESSAGE][PASSED] - Object: 'Object Repository/virualShowRSVPOR/Page_Show microsite/button_look_save_to_fav' is clicked on

2019-08-09 17:29:02 - [TEST_STEP][PASSED] - favorites = favorites + 1: null

2019-08-09 17:29:02 - [TEST_STEP][PASSED] - switchToWindowIndex(currentTab + 1): Switched to window with index: '1'

2019-08-09 17:29:02 - [MESSAGE][PASSED] - Switched to window with index: '1'

2019-08-09 17:29:02 - [TEST_STEP][PASSED] - delay(15): Delayed 15 second(s)

2019-08-09 17:29:17 - [MESSAGE][PASSED] - Delayed 15 second(s)

2019-08-09 17:29:17 - [TEST_STEP][PASSED] - try: null

2019-08-09 17:29:17 - [TEST_STEP][PASSED] - assert VSGuest.validateGuests(findTestObject("Object Repository/virualShowRSVPOR/dashboard/select_present"), presentList): null

2019-08-09 17:29:17 - [TEST_STEP][PASSED] - delay(2): Delayed 2 second(s)

2019-08-09 17:29:19 - [MESSAGE][PASSED] - Delayed 2 second(s)

2019-08-09 17:29:19 - [TEST_STEP][PASSED] - switchToWindowIndex(currentTab + 2): Switched to window with index: '2'

2019-08-09 17:29:19 - [MESSAGE][PASSED] - Switched to window with index: '2'

2019-08-09 17:29:19 - [TEST_STEP][PASSED] - delay(2): Delayed 2 second(s)

2019-08-09 17:29:21 - [MESSAGE][PASSED] - Delayed 2 second(s)

2019-08-09 17:29:21 - [TEST_STEP][PASSED] - click(findTestObject("Object Repository/virualShowRSVPOR/Page_Show microsite/div_collection")): Object: 'Object Repository/virualShowRSVPOR/Page_Show microsite/div_collection' is clicked on

2019-08-09 17:30:05 - [MESSAGE][PASSED] - Object: 'Object Repository/virualShowRSVPOR/Page_Show microsite/div_collection' is clicked on

2019-08-09 17:30:05 - [TEST_STEP][PASSED] - delay(3): Delayed 3 second(s)

2019-08-09 17:30:08 - [MESSAGE][PASSED] - Delayed 3 second(s)

2019-08-09 17:30:08 - [TEST_STEP][PASSED] - switchToFrame(findTestObject("Object Repository/virualShowRSVPOR/Page_Show microsite/frame_collection_rs"), 60): null

2019-08-09 17:30:08 - [TEST_STEP][PASSED] - wait2 = new org.openqa.selenium.support.ui.WebDriverWait(driver, 10): null

2019-08-09 17:30:08 - [TEST_STEP][PASSED] - click(findTestObject("Object Repository/virualShowRSVPOR/Page_Show microsite/button_collection_save_to_fav")): Object: 'Object Repository/virualShowRSVPOR/Page_Show microsite/button_collection_save_to_fav' is clicked on

2019-08-09 17:30:09 - [MESSAGE][PASSED] - Object: 'Object Repository/virualShowRSVPOR/Page_Show microsite/button_collection_save_to_fav' is clicked on

2019-08-09 17:30:09 - [TEST_STEP][PASSED] - delay(3): Delayed 3 second(s)

2019-08-09 17:30:12 - [MESSAGE][PASSED] - Delayed 3 second(s)

2019-08-09 17:30:12 - [TEST_STEP][PASSED] - favorites = favorites + 1: null

2019-08-09 17:30:12 - [TEST_STEP][PASSED] - switchToWindowIndex(currentTab + 1): Switched to window with index: '1'

2019-08-09 17:30:12 - [MESSAGE][PASSED] - Switched to window with index: '1'

2019-08-09 17:30:12 - [TEST_STEP][PASSED] - delay(15): Delayed 15 second(s)

2019-08-09 17:30:27 - [MESSAGE][PASSED] - Delayed 15 second(s)

2019-08-09 17:30:27 - [TEST_STEP][PASSED] - try: null

2019-08-09 17:30:27 - [TEST_STEP][PASSED] - assert VSGuest.validateGuests(findTestObject("Object Repository/virualShowRSVPOR/dashboard/select_present"), presentList): null

2019-08-09 17:30:27 - [TEST_STEP][PASSED] - delay(2): Delayed 2 second(s)

2019-08-09 17:30:29 - [MESSAGE][PASSED] - Delayed 2 second(s)

2019-08-09 17:30:29 - [TEST_STEP][PASSED] - switchToWindowIndex(currentTab + 2): Switched to window with index: '2'

2019-08-09 17:30:29 - [MESSAGE][PASSED] - Switched to window with index: '2'

2019-08-09 17:30:29 - [TEST_STEP][PASSED] - delay(3): Delayed 3 second(s)

2019-08-09 17:30:32 - [MESSAGE][PASSED] - Delayed 3 second(s)

2019-08-09 17:30:32 - [TEST_STEP][PASSED] - switchToFrame(findTestObject("Object Repository/virualShowRSVPOR/Page_Show microsite/frame_collection_rs"), 60): null

2019-08-09 17:30:32 - [TEST_STEP][PASSED] - delay(3): Delayed 3 second(s)

2019-08-09 17:30:35 - [MESSAGE][PASSED] - Delayed 3 second(s)

2019-08-09 17:30:35 - [TEST_STEP][PASSED] - click(findTestObject("Object Repository/ReplicatedSite/div_first_item_to_buy_from_vs")): Object: 'Object Repository/ReplicatedSite/div_first_item_to_buy_from_vs' is clicked on

2019-08-09 17:30:59 - [MESSAGE][PASSED] - Object: 'Object Repository/ReplicatedSite/div_first_item_to_buy_from_vs' is clicked on

2019-08-09 17:30:59 - [TEST_STEP][PASSED] - delay(3): Delayed 3 second(s)

2019-08-09 17:31:02 - [MESSAGE][PASSED] - Delayed 3 second(s)

2019-08-09 17:31:02 - [TEST_STEP][PASSED] - click(findTestObject("Object Repository/ReplicatedSite/select_item_size")): Object: 'Object Repository/ReplicatedSite/select_item_size' is clicked on

2019-08-09 17:31:02 - [MESSAGE][PASSED] - Object: 'Object Repository/ReplicatedSite/select_item_size' is clicked on

2019-08-09 17:31:02 - [TEST_STEP][PASSED] - delay(5): Delayed 5 second(s)

2019-08-09 17:31:07 - [MESSAGE][PASSED] - Delayed 5 second(s)

2019-08-09 17:31:07 - [TEST_STEP][PASSED] - executor.executeScript("arguments[0].click();", findWebElement(findTestObject("Object Repository/ReplicatedSite/button_add_item_to_bag"), 5)): null

2019-08-09 17:31:07 - [TEST_STEP][PASSED] - delay(3): Delayed 3 second(s)

2019-08-09 17:31:10 - [MESSAGE][PASSED] - Delayed 3 second(s)

2019-08-09 17:31:10 - [TEST_STEP][PASSED] - switchToDefaultContent(): null

2019-08-09 17:31:10 - [TEST_STEP][PASSED] - click(findTestObject("Object Repository/ReplicatedSite/div_checkout")): Object: 'Object Repository/ReplicatedSite/div_checkout' is clicked on

2019-08-09 17:31:10 - [MESSAGE][PASSED] - Object: 'Object Repository/ReplicatedSite/div_checkout' is clicked on

2019-08-09 17:31:10 - [TEST_STEP][PASSED] - delay(3): Delayed 3 second(s)

2019-08-09 17:31:13 - [MESSAGE][PASSED] - Delayed 3 second(s)

2019-08-09 17:31:13 - [TEST_STEP][PASSED] - switchToFrame(findTestObject("Object Repository/virualShowRSVPOR/Page_Show microsite/frame_collection_rs"), 60): null

2019-08-09 17:31:20 - [TEST_STEP][PASSED] - delay(3): Delayed 3 second(s)

2019-08-09 17:31:23 - [MESSAGE][PASSED] - Delayed 3 second(s)

2019-08-09 17:31:23 - [TEST_STEP][PASSED] - executor.executeScript("arguments[0].click();", findWebElement(findTestObject("Object Repository/ReplicatedSite/a_checkout_and_add_to_show"), 5)): null

2019-08-09 17:31:23 - [TEST_STEP][PASSED] - delay(10): Delayed 10 second(s)

2019-08-09 17:31:33 - [MESSAGE][PASSED] - Delayed 10 second(s)

2019-08-09 17:31:33 - [TEST_STEP][PASSED] - click(findTestObject("Object Repository/ReplicatedSite/input_other_address")): Object: 'Object Repository/ReplicatedSite/input_other_address' is clicked on

2019-08-09 17:31:33 - [MESSAGE][PASSED] - Object: 'Object Repository/ReplicatedSite/input_other_address' is clicked on

2019-08-09 17:31:33 - [TEST_STEP][PASSED] - click(findTestObject("Object Repository/ReplicatedSite/input_my_address")): Object: 'Object Repository/ReplicatedSite/input_my_address' is clicked on

2019-08-09 17:31:33 - [MESSAGE][PASSED] - Object: 'Object Repository/ReplicatedSite/input_my_address' is clicked on

2019-08-09 17:31:33 - [TEST_STEP][PASSED] - waitForElementClickable(findTestObject("ReplicatedSite/button_save_and_continue"), 60): Object 'Object Repository/ReplicatedSite/button_save_and_continue' is clickable

2019-08-09 17:31:33 - [MESSAGE][PASSED] - Object 'Object Repository/ReplicatedSite/button_save_and_continue' is clickable

2019-08-09 17:31:33 - [TEST_STEP][PASSED] - driver = getWebDriver(): null

2019-08-09 17:31:33 - [TEST_STEP][PASSED] - element = driver.findElement(By.xpath("(//button/span[contains(text(), 'Save and Continue')])[1]")): null

2019-08-09 17:31:33 - [TEST_STEP][PASSED] - executor.executeScript("arguments[0].click();", element): null

2019-08-09 17:31:34 - [TEST_STEP][PASSED] - delay(3): Delayed 3 second(s)

2019-08-09 17:31:37 - [MESSAGE][PASSED] - Delayed 3 second(s)

2019-08-09 17:31:37 - [TEST_STEP][PASSED] - executor.executeScript("arguments[0].click();", findWebElement(findTestObject("Object Repository/ReplicatedSite/input_pay_with_credit"), 5)): null

2019-08-09 17:31:37 - [TEST_STEP][PASSED] - executor.executeScript("arguments[0].click();", findWebElement(findTestObject("Object Repository/ReplicatedSite/button_add_another_card"), 5)): null

2019-08-09 17:31:37 - [TEST_STEP][PASSED] - executor.executeScript("arguments[0].click();", findWebElement(findTestObject("Object Repository/ReplicatedSite/select_credit_card_type"), 5)): null

2019-08-09 17:31:37 - [TEST_STEP][PASSED] - click(findTestObject("Object Repository/ReplicatedSite/select_credit_card_type")): Object: 'Object Repository/ReplicatedSite/select_credit_card_type' is clicked on

2019-08-09 17:31:37 - [MESSAGE][PASSED] - Object: 'Object Repository/ReplicatedSite/select_credit_card_type' is clicked on

2019-08-09 17:31:37 - [TEST_STEP][PASSED] - executor.executeScript("arguments[0].click();", findWebElement(findTestObject("Object Repository/ReplicatedSite/input_creditcard_first_name"), 5)): null

2019-08-09 17:31:37 - [TEST_STEP][PASSED] - setText(findTestObject("Object Repository/ReplicatedSite/input_creditcard_first_name"), "abcd"): Text 'abcd' is set on object 'Object Repository/ReplicatedSite/input_creditcard_first_name'

2019-08-09 17:31:38 - [MESSAGE][PASSED] - Text 'abcd' is set on object 'Object Repository/ReplicatedSite/input_creditcard_first_name'

2019-08-09 17:31:38 - [TEST_STEP][PASSED] - executor.executeScript("arguments[0].click();", findWebElement(findTestObject("Object Repository/ReplicatedSite/input_creditcard_last_name"), 5)): null

2019-08-09 17:31:38 - [TEST_STEP][PASSED] - setText(findTestObject("Object Repository/ReplicatedSite/input_creditcard_last_name"), "efgh"): Text 'efgh' is set on object 'Object Repository/ReplicatedSite/input_creditcard_last_name'

2019-08-09 17:31:38 - [MESSAGE][PASSED] - Text 'efgh' is set on object 'Object Repository/ReplicatedSite/input_creditcard_last_name'

2019-08-09 17:31:38 - [TEST_STEP][PASSED] - executor.executeScript("arguments[0].click();", findWebElement(findTestObject("Object Repository/ReplicatedSite/input_creditcard_card_number"), 5)): null

2019-08-09 17:31:38 - [TEST_STEP][PASSED] - setText(findTestObject("Object Repository/ReplicatedSite/input_creditcard_card_number"), "4111111111111111"): Text '4111111111111111' is set on object 'Object Repository/ReplicatedSite/input_creditcard_card_number'

2019-08-09 17:31:38 - [MESSAGE][PASSED] - Text '4111111111111111' is set on object 'Object Repository/ReplicatedSite/input_creditcard_card_number'

2019-08-09 17:31:38 - [TEST_STEP][PASSED] - executor.executeScript("arguments[0].click();", findWebElement(findTestObject("Object Repository/ReplicatedSite/input_creditcard_expiration_month"), 5)): null

2019-08-09 17:31:39 - [TEST_STEP][PASSED] - click(findTestObject("Object Repository/ReplicatedSite/input_creditcard_expiration_month")): Object: 'Object Repository/ReplicatedSite/input_creditcard_expiration_month' is clicked on

2019-08-09 17:31:39 - [MESSAGE][PASSED] - Object: 'Object Repository/ReplicatedSite/input_creditcard_expiration_month' is clicked on

2019-08-09 17:31:39 - [TEST_STEP][PASSED] - executor.executeScript("arguments[0].click();", findWebElement(findTestObject("Object Repository/ReplicatedSite/input_creditcard_expiration_year"), 5)): null

2019-08-09 17:31:39 - [TEST_STEP][PASSED] - click(findTestObject("Object Repository/ReplicatedSite/input_creditcard_expiration_year")): Object: 'Object Repository/ReplicatedSite/input_creditcard_expiration_year' is clicked on

2019-08-09 17:31:39 - [MESSAGE][PASSED] - Object: 'Object Repository/ReplicatedSite/input_creditcard_expiration_year' is clicked on

2019-08-09 17:31:39 - [TEST_STEP][PASSED] - executor.executeScript("arguments[0].click();", findWebElement(findTestObject("Object Repository/ReplicatedSite/input_billing_address"), 5)): null

2019-08-09 17:31:39 - [TEST_STEP][PASSED] - executor.executeScript("arguments[0].click();", findWebElement(findTestObject("Object Repository/ReplicatedSite/input_billing_location_mailing"), 5)): null

2019-08-09 17:31:39 - [TEST_STEP][PASSED] - executor.executeScript("arguments[0].click();", findWebElement(findTestObject("Object Repository/ReplicatedSite/input_billing_location_add_new"), 5)): null

2019-08-09 17:31:39 - [TEST_STEP][PASSED] - executor.executeScript("arguments[0].click();", findWebElement(findTestObject("Object Repository/ReplicatedSite/input_billing_location_mailing"), 5)): null

2019-08-09 17:31:39 - [TEST_STEP][PASSED] - driver = getWebDriver(): null

2019-08-09 17:31:39 - [TEST_STEP][PASSED] - element = driver.findElement(By.xpath("(//button[@type='submit']/span[contains(text(), 'Save')])[2]")): null

2019-08-09 17:31:39 - [TEST_STEP][PASSED] - actions = new org.openqa.selenium.interactions.Actions(driver): null

2019-08-09 17:31:39 - [TEST_STEP][PASSED] - build().perform(): null

2019-08-09 17:31:40 - [TEST_STEP][PASSED] - delay(10): Delayed 10 second(s)

2019-08-09 17:31:50 - [MESSAGE][PASSED] - Delayed 10 second(s)

2019-08-09 17:31:50 - [TEST_STEP][PASSED] - waitForElementClickable(findTestObject("ReplicatedSite/button_save_and_continue_2"), 60): Object 'Object Repository/ReplicatedSite/button_save_and_continue_2' is clickable

2019-08-09 17:31:50 - [MESSAGE][PASSED] - Object 'Object Repository/ReplicatedSite/button_save_and_continue_2' is clickable

2019-08-09 17:31:50 - [TEST_STEP][PASSED] - driver = getWebDriver(): null

2019-08-09 17:31:50 - [TEST_STEP][PASSED] - element = driver.findElement(By.xpath("(//button/span[contains(text(), 'Save and Continue')])[2]")): null

2019-08-09 17:31:50 - [TEST_STEP][PASSED] - executor.executeScript("arguments[0].click();", element): null

2019-08-09 17:31:50 - [TEST_STEP][PASSED] - delay(5): Delayed 5 second(s)

2019-08-09 17:31:55 - [MESSAGE][PASSED] - Delayed 5 second(s)

2019-08-09 17:31:55 - [TEST_STEP][PASSED] - waitForElementClickable(findTestObject("Object Repository/ReplicatedSite/span_complete_order"), 30): Object 'Object Repository/ReplicatedSite/span_complete_order' is clickable

2019-08-09 17:31:55 - [MESSAGE][PASSED] - Object 'Object Repository/ReplicatedSite/span_complete_order' is clickable

2019-08-09 17:31:55 - [TEST_STEP][PASSED] - element = driver.findElement(By.xpath("//span[contains(text(), 'COMPLETE ORDER')]")): null

2019-08-09 17:31:55 - [TEST_STEP][PASSED] - executor.executeScript("arguments[0].click();", element): null

2019-08-09 17:31:55 - [TEST_STEP][PASSED] - delay(5): Delayed 5 second(s)

2019-08-09 17:32:00 - [MESSAGE][PASSED] - Delayed 5 second(s)

2019-08-09 17:32:00 - [TEST_STEP][PASSED] - executor.executeScript("arguments[0].click();", findWebElement(findTestObject("Object Repository/ReplicatedSite/h1_thanks_msg"), 5)): null

2019-08-09 17:32:00 - [TEST_STEP][PASSED] - verifyElementText(findTestObject("Object Repository/ReplicatedSite/h1_thanks_msg"), "Thanks for placing your order!"): Actual text and expected text of test object 'Object Repository/ReplicatedSite/h1_thanks_msg' are matched.

2019-08-09 17:32:00 - [MESSAGE][PASSED] - Actual text and expected text of test object 'Object Repository/ReplicatedSite/h1_thanks_msg' are matched.

2019-08-09 17:32:00 - [TEST_STEP][PASSED] - delay(2): Delayed 2 second(s)

2019-08-09 17:32:02 - [MESSAGE][PASSED] - Delayed 2 second(s)

2019-08-09 17:32:02 - [TEST_STEP][PASSED] - ordered = ordered + 3: null

2019-08-09 17:32:02 - [TEST_STEP][PASSED] - favorites = favorites - 1: null

2019-08-09 17:32:02 - [TEST_STEP][PASSED] - switchToWindowIndex(currentTab + 1): Switched to window with index: '1'

2019-08-09 17:32:02 - [MESSAGE][PASSED] - Switched to window with index: '1'

2019-08-09 17:32:02 - [TEST_STEP][PASSED] - delay(15): Delayed 15 second(s)

2019-08-09 17:32:17 - [MESSAGE][PASSED] - Delayed 15 second(s)

2019-08-09 17:32:17 - [TEST_STEP][PASSED] - try: null

2019-08-09 17:32:17 - [TEST_STEP][PASSED] - assert VSGuest.validateGuests(findTestObject("Object Repository/virualShowRSVPOR/dashboard/select_present"), presentList): null

2019-08-09 17:32:18 - [TEST_STEP][PASSED] - delay(10): Delayed 10 second(s)

2019-08-09 17:32:28 - [MESSAGE][PASSED] - Delayed 10 second(s)

2019-08-09 17:32:28 - [TEST_STEP][PASSED] - click(findTestObject("Object Repository/virualShowRSVPOR/dashboard/button_end_session")): Object: 'Object Repository/virualShowRSVPOR/dashboard/button_end_session' is clicked on

2019-08-09 17:32:28 - [MESSAGE][PASSED] - Object: 'Object Repository/virualShowRSVPOR/dashboard/button_end_session' is clicked on

2019-08-09 17:32:28 - [TEST_STEP][PASSED] - delay(3): Delayed 3 second(s)

2019-08-09 17:32:31 - [MESSAGE][PASSED] - Delayed 3 second(s)

2019-08-09 17:32:31 - [TEST_STEP][PASSED] - click(findTestObject("Object Repository/virualShowRSVPOR/dashboard/button_end_session_sure")): Object: 'Object Repository/virualShowRSVPOR/dashboard/button_end_session_sure' is clicked on

2019-08-09 17:32:31 - [MESSAGE][PASSED] - Object: 'Object Repository/virualShowRSVPOR/dashboard/button_end_session_sure' is clicked on

2019-08-09 17:32:31 - [TEST_STEP][PASSED] - delay(3): Delayed 3 second(s)

2019-08-09 17:32:34 - [MESSAGE][PASSED] - Delayed 3 second(s)

2019-08-09 17:32:34 - [TEST_STEP][PASSED] - verifyElementText(findTestObject("Object Repository/virualShowRSVPOR/dashboard/p_show_is_over"), "This show is not active."): Actual text and expected text of test object 'Object Repository/virualShowRSVPOR/dashboard/p_show_is_over' are matched.

2019-08-09 17:32:34 - [MESSAGE][PASSED] - Actual text and expected text of test object 'Object Repository/virualShowRSVPOR/dashboard/p_show_is_over' are matched.]]></system-out>
         <system-err><![CDATA[]]></system-err>
      </testcase>
      <system-out><![CDATA[2019-08-09 17:21:11 - [TEST_SUITE][PASSED] - DashboardSuite: Test Cases/VirtualShow/VS_Automation]]></system-out>
      <system-err><![CDATA[]]></system-err>
   </testsuite>
</testsuites>
