<?xml version="1.0" encoding="UTF-8"?>
<testsuites name="NewArrivalsSuite1" time="93" tests="1" failures="0" errors="0">
   <testsuite name="NewArrivalsSuite1" tests="1" failures="0" errors="0" time="93" timestamp="2019-11-21 15:09:45" hostname="user - Tester-pc" id="Test Suites/NewArrivalsSuites/NewArrivalsSuite1">
      <properties>
         <property name="deviceName" value=""/>
         <property name="devicePlatform" value=""/>
         <property name="logFolder" value="C:\\Users\\user\\Documents\\testautomation\\KatalonProjects\\Reports\\NewArrivalsSuites\\NewArrivalsSuite1\\20191121_150939"/>
         <property name="logFiles" value="C:\\Users\\user\\Documents\\testautomation\\KatalonProjects\\Reports\\NewArrivalsSuites\\NewArrivalsSuite1\\20191121_150939\\execution0.log"/>
         <property name="attachments" value="C:\\Users\\user\\Documents\\testautomation\\KatalonProjects\\productImages\\BOPersonal_2171 image.png"/>
         <property name="hostName" value="user - Tester-pc"/>
         <property name="os" value="Windows 8.1 64bit"/>
         <property name="katalonVersion" value="6.1.1.1"/>
         <property name="browser" value="Chrome 77.0.3865.120"/>
         <property name="hostAddress" value="10.0.61.249"/>
         <property name="sessionId" value="3c20a97abb1ba7d9976be63be2e77056"/>
         <property name="seleniumVersion" value="3.7.1"/>
         <property name="proxyInformation" value="ProxyInformation{proxyOption=NO_PROXY, proxyServerType=HTTP, password=, proxyServerAddress=, proxyServerPort=0}"/>
         <property name="platform" value="Windows 8.1"/>
      </properties>
      <testcase name="Test Cases/NA_Timezone_Separated/BOPersonal1" classname="Test Cases/NA_Timezone_Separated/BOPersonal1" status="PASSED">
         <system-out><![CDATA[2019-11-21 15:09:45 - [TEST_CASE][PASSED] - Test Cases/NA_Timezone_Separated/BOPersonal1: Test Cases/NA_Timezone_Separated/BOPersonal1

2019-11-21 15:09:45 - [TEST_STEP][PASSED] - Start listener action : sampleBeforeTestCase: null

2019-11-21 15:09:45 - [TEST_STEP][PASSED] - println(testCaseContext.getTestCaseId()): null

2019-11-21 15:09:45 - [TEST_STEP][PASSED] - println(testCaseContext.getTestCaseVariables()): null

2019-11-21 15:09:46 - [TEST_STEP][PASSED] - openBrowser(""): Browser is opened with url: ''

2019-11-21 15:09:46 - [MESSAGE][INFO] - Starting 'Chrome' driver

2019-11-21 15:09:46 - [MESSAGE][INFO] - User set preference: ['args', '[--use-fake-ui-for-media-stream, --start-maximized]']

2019-11-21 15:09:46 - [MESSAGE][INFO] - Action delay is set to 0 seconds

2019-11-21 15:09:50 - [MESSAGE][PASSED] - Browser is opened with url: ''

2019-11-21 15:09:50 - [TEST_STEP][PASSED] - for ([timeRow = 1, timeRow <= 1, (timeRow++)]): Call Test Case 'Test Cases/NewArrival/productVerify' successfully

2019-11-21 15:09:50 - [TEST_STEP][PASSED] - callTestCase(findTestCase("NewArrival/populateTimeGlobalVars"), ["row":timeRow], CONTINUE_ON_FAILURE): Call Test Case 'Test Cases/NewArrival/populateTimeGlobalVars' successfully

2019-11-21 15:09:50 - [TEST_CASE][PASSED] - Test Cases/NewArrival/populateTimeGlobalVars: Test Cases/NewArrival/populateTimeGlobalVars

2019-11-21 15:09:51 - [TEST_STEP][PASSED] - dataFile = "timezoneData": null

2019-11-21 15:09:51 - [TEST_STEP][PASSED] - clockServerTarget = UtilityMethods.getTestData("envtData", "clockServerTarget", 1): null

2019-11-21 15:09:54 - [TEST_STEP][PASSED] - println(clockServerTarget): null

2019-11-21 15:09:54 - [TEST_STEP][PASSED] - orderType = UtilityMethods.getTestData(dataFile, "orderType", row): null

2019-11-21 15:09:54 - [TEST_STEP][PASSED] - timeZone = UtilityMethods.getTestData(dataFile, "timeZone", row): null

2019-11-21 15:09:54 - [TEST_STEP][PASSED] - BOPersonal = UtilityMethods.getTestData(dataFile, "BOPersonal", row): null

2019-11-21 15:09:54 - [TEST_STEP][PASSED] - BOAddonPersonal = UtilityMethods.getTestData(dataFile, "BOAddonPersonal", row): null

2019-11-21 15:09:54 - [TEST_STEP][PASSED] - BOAddonRetail = UtilityMethods.getTestData(dataFile, "BOAddonRetail", row): null

2019-11-21 15:09:54 - [TEST_STEP][PASSED] - BORetail = UtilityMethods.getTestData(dataFile, "BORetail", row): null

2019-11-21 15:09:54 - [TEST_STEP][PASSED] - BOShow = UtilityMethods.getTestData(dataFile, "BOShow", row): null

2019-11-21 15:09:54 - [TEST_STEP][PASSED] - BOOnlineoutlet = UtilityMethods.getTestData(dataFile, "BOOnlineoutlet", row): null

2019-11-21 15:09:55 - [TEST_STEP][PASSED] - BOEmployee = UtilityMethods.getTestData(dataFile, "BOEmployee", row): null

2019-11-21 15:09:55 - [TEST_STEP][PASSED] - CCPersonal = UtilityMethods.getTestData(dataFile, "CCPersonal", row): null

2019-11-21 15:09:55 - [TEST_STEP][PASSED] - CCRetail = UtilityMethods.getTestData(dataFile, "CCRetail", row): null

2019-11-21 15:09:55 - [TEST_STEP][PASSED] - CCShow = UtilityMethods.getTestData(dataFile, "CCShow", row): null

2019-11-21 15:09:55 - [TEST_STEP][PASSED] - BOEblast = UtilityMethods.getTestData(dataFile, "BOEblast", row): null

2019-11-21 15:09:55 - [TEST_STEP][PASSED] - println(row): null

2019-11-21 15:09:55 - [TEST_STEP][PASSED] - println(BOPersonal): null

2019-11-21 15:09:55 - [MESSAGE][PASSED] - Call Test Case 'Test Cases/NewArrival/populateTimeGlobalVars' successfully

2019-11-21 15:09:55 - [TEST_STEP][PASSED] - callTestCase(findTestCase("NewArrival/setTimezone"), ["ofbizURL":"", "ofbizuser":"", "ofbizpass":"", "orderType":orderType, "timeZone":timeZone, "serverTarget":serverTarget, "clockServerTarget":clockServerTarget], CONTINUE_ON_FAILURE): Call Test Case 'Test Cases/NewArrival/setTimezone' successfully

2019-11-21 15:09:55 - [TEST_CASE][PASSED] - Test Cases/NewArrival/setTimezone: Test Cases/NewArrival/setTimezone

2019-11-21 15:09:55 - [TEST_STEP][PASSED] - openBrowser(""): Browser is opened with url: ''

2019-11-21 15:09:55 - [MESSAGE][WARNING] - A browser is already opened. Closing browser and opening a new one

2019-11-21 15:09:56 - [MESSAGE][INFO] - Starting 'Chrome' driver

2019-11-21 15:09:56 - [MESSAGE][INFO] - User set preference: ['args', '[--use-fake-ui-for-media-stream, --start-maximized]']

2019-11-21 15:09:58 - [MESSAGE][PASSED] - Browser is opened with url: ''

2019-11-21 15:09:58 - [TEST_STEP][NOT_RUN] - maximizeWindow(): NOT_RUN: maximizeWindow()

2019-11-21 15:09:58 - [MESSAGE][NOT_RUN] - NOT_RUN: maximizeWindow()

2019-11-21 15:09:58 - [TEST_STEP][PASSED] - ofbizURL = findTestData("envtData").getValue("ofbizURL", 1): null

2019-11-21 15:09:58 - [TEST_STEP][PASSED] - ofbizuser = findTestData("credData").getValue("ofbizuser", 1): null

2019-11-21 15:09:58 - [TEST_STEP][PASSED] - ofbizpass = findTestData("credData").getValue("ofbizpass", 1): null

2019-11-21 15:09:58 - [TEST_STEP][PASSED] - navigateToUrl(ofbizURL): Navigate to 'https://pushofbiz.cliotest.com/login.php' successfully

2019-11-21 15:10:00 - [MESSAGE][PASSED] - Navigate to 'https://pushofbiz.cliotest.com/login.php' successfully

2019-11-21 15:10:00 - [TEST_STEP][PASSED] - setText(findTestObject("Page_/input_Username_username"), ofbizuser): Text 'automation' is set on object 'Object Repository/Page_/input_Username_username'

2019-11-21 15:10:01 - [MESSAGE][PASSED] - Text 'automation' is set on object 'Object Repository/Page_/input_Username_username'

2019-11-21 15:10:01 - [TEST_STEP][PASSED] - setText(findTestObject("Page_/input_Password_password"), ofbizpass): Text 'cabiautomation' is set on object 'Object Repository/Page_/input_Password_password'

2019-11-21 15:10:01 - [MESSAGE][PASSED] - Text 'cabiautomation' is set on object 'Object Repository/Page_/input_Password_password'

2019-11-21 15:10:01 - [TEST_STEP][PASSED] - click(findTestObject("Page_/input_Password_Submit")): Object: 'Object Repository/Page_/input_Password_Submit' is clicked on

2019-11-21 15:10:05 - [MESSAGE][PASSED] - Object: 'Object Repository/Page_/input_Password_Submit' is clicked on

2019-11-21 15:10:05 - [TEST_STEP][PASSED] - click(findTestObject("Object Repository/Page_/a_Clock set")): Object: 'Object Repository/Page_/a_Clock set' is clicked on

2019-11-21 15:10:06 - [MESSAGE][PASSED] - Object: 'Object Repository/Page_/a_Clock set' is clicked on

2019-11-21 15:10:06 - [TEST_STEP][PASSED] - cst = UtilityMethods.createTestObject("select_target", "//select[@name='Target']/option[contains(text(), '", clockServerTarget, "')]"): null

2019-11-21 15:10:06 - [TEST_STEP][PASSED] - println(clockServerTarget): null

2019-11-21 15:10:06 - [TEST_STEP][PASSED] - click(cst): Object: 'select_target' is clicked on

2019-11-21 15:10:06 - [MESSAGE][PASSED] - Object: 'select_target' is clicked on

2019-11-21 15:10:06 - [TEST_STEP][PASSED] - click(findTestObject("Page_/thisDateAndTime")): Object: 'Object Repository/Page_/thisDateAndTime' is clicked on

2019-11-21 15:10:07 - [MESSAGE][PASSED] - Object: 'Object Repository/Page_/thisDateAndTime' is clicked on

2019-11-21 15:10:07 - [TEST_STEP][PASSED] - setText(findTestObject("Object Repository/Page_/setTargetTime"), timeZone): Text ' 01/24/2020 7:00' is set on object 'Object Repository/Page_/setTargetTime'

2019-11-21 15:10:07 - [MESSAGE][PASSED] - Text ' 01/24/2020 7:00' is set on object 'Object Repository/Page_/setTargetTime'

2019-11-21 15:10:07 - [TEST_STEP][PASSED] - click(findTestObject("Object Repository/Page_/input")): Object: 'Object Repository/Page_/input' is clicked on

2019-11-21 15:10:08 - [MESSAGE][PASSED] - Object: 'Object Repository/Page_/input' is clicked on

2019-11-21 15:10:08 - [TEST_STEP][PASSED] - delay(10): Delayed 10 second(s)

2019-11-21 15:10:18 - [MESSAGE][PASSED] - Delayed 10 second(s)

2019-11-21 15:10:18 - [TEST_STEP][NOT_RUN] - closeBrowser(): NOT_RUN: closeBrowser()

2019-11-21 15:10:18 - [MESSAGE][NOT_RUN] - NOT_RUN: closeBrowser()

2019-11-21 15:10:18 - [MESSAGE][PASSED] - Call Test Case 'Test Cases/NewArrival/setTimezone' successfully

2019-11-21 15:10:18 - [TEST_STEP][PASSED] - callTestCase(findTestCase("TestCaseUtilities/backOfficeLogin"), ["BOURL":"", "BOuser":"", "BOpass":""], CONTINUE_ON_FAILURE): Call Test Case 'Test Cases/TestCaseUtilities/backOfficeLogin' successfully

2019-11-21 15:10:18 - [TEST_CASE][PASSED] - Test Cases/TestCaseUtilities/backOfficeLogin: Test Cases/TestCaseUtilities/backOfficeLogin

2019-11-21 15:10:18 - [TEST_STEP][PASSED] - BOURL = findTestData("envtData").getValue("BOURL", 1): null

2019-11-21 15:10:18 - [TEST_STEP][PASSED] - BOuser = findTestData("credData").getValue("BOuser", 1): null

2019-11-21 15:10:19 - [TEST_STEP][PASSED] - BOpass = findTestData("credData").getValue("BOpass", 1): null

2019-11-21 15:10:19 - [TEST_STEP][PASSED] - openBrowser(""): Browser is opened with url: ''

2019-11-21 15:10:19 - [MESSAGE][WARNING] - A browser is already opened. Closing browser and opening a new one

2019-11-21 15:10:20 - [MESSAGE][INFO] - Starting 'Chrome' driver

2019-11-21 15:10:20 - [MESSAGE][INFO] - User set preference: ['args', '[--use-fake-ui-for-media-stream, --start-maximized]']

2019-11-21 15:10:22 - [MESSAGE][PASSED] - Browser is opened with url: ''

2019-11-21 15:10:22 - [TEST_STEP][PASSED] - navigateToUrl(BOURL): Navigate to 'https://test7uk.cliotest.com/backoffice/control/main' successfully

2019-11-21 15:10:29 - [MESSAGE][PASSED] - Navigate to 'https://test7uk.cliotest.com/backoffice/control/main' successfully

2019-11-21 15:10:29 - [TEST_STEP][PASSED] - logOut = findWebElements(findTestObject("Object Repository/Page_cabi Home/log_out"), 1): Unable to find the element located by 'By.xpath: //a[contains(text(),'Log Out')]'. Please recheck the objects properties to make sure the desired element is located. 

2019-11-21 15:10:30 - [MESSAGE][INFO] - Unable to find the element located by 'By.xpath: //a[contains(text(),'Log Out')]'. Please recheck the objects properties to make sure the desired element is located. 

2019-11-21 15:10:30 - [TEST_STEP][PASSED] - if (logOut.size() == 0): Object: 'Object Repository/Page_cabi/input_Welcome to_consultantLogin' is clicked on

2019-11-21 15:10:30 - [TEST_STEP][PASSED] - setText(findTestObject("Page_cabi/input_Welcome to_USERNAME"), BOuser): Text 'uk1312' is set on object 'Object Repository/Page_cabi/input_Welcome to_USERNAME'

2019-11-21 15:10:31 - [MESSAGE][PASSED] - Text 'uk1312' is set on object 'Object Repository/Page_cabi/input_Welcome to_USERNAME'

2019-11-21 15:10:31 - [TEST_STEP][PASSED] - setText(findTestObject("Object Repository/Page_cabi/input_Welcome to_PASSWORD"), BOpass): Text 'blackdress19' is set on object 'Object Repository/Page_cabi/input_Welcome to_PASSWORD'

2019-11-21 15:10:31 - [MESSAGE][PASSED] - Text 'blackdress19' is set on object 'Object Repository/Page_cabi/input_Welcome to_PASSWORD'

2019-11-21 15:10:31 - [TEST_STEP][PASSED] - click(findTestObject("Object Repository/Page_cabi/input_Welcome to_consultantLogin")): Object: 'Object Repository/Page_cabi/input_Welcome to_consultantLogin' is clicked on

2019-11-21 15:10:41 - [MESSAGE][PASSED] - Object: 'Object Repository/Page_cabi/input_Welcome to_consultantLogin' is clicked on

2019-11-21 15:10:41 - [TEST_STEP][PASSED] - delay(3): Delayed 3 second(s)

2019-11-21 15:10:44 - [MESSAGE][PASSED] - Delayed 3 second(s)

2019-11-21 15:10:44 - [MESSAGE][PASSED] - Call Test Case 'Test Cases/TestCaseUtilities/backOfficeLogin' successfully

2019-11-21 15:10:44 - [TEST_STEP][PASSED] - click(findTestObject("Object Repository/Page_cabi Home/a_Shows  Orders")): Object: 'Object Repository/Page_cabi Home/a_Shows  Orders' is clicked on

2019-11-21 15:10:44 - [MESSAGE][PASSED] - Object: 'Object Repository/Page_cabi Home/a_Shows  Orders' is clicked on

2019-11-21 15:10:44 - [TEST_STEP][PASSED] - click(findTestObject("Page_cabi Home/a_personal_purchases")): Object: 'Object Repository/Page_cabi Home/a_personal_purchases' is clicked on

2019-11-21 15:10:47 - [MESSAGE][PASSED] - Object: 'Object Repository/Page_cabi Home/a_personal_purchases' is clicked on

2019-11-21 15:10:47 - [TEST_STEP][PASSED] - click(findTestObject("Object Repository/Page_cabi Personal Store/span_Continue to Order")): Object: 'Object Repository/Page_cabi Personal Store/span_Continue to Order' is clicked on

2019-11-21 15:10:48 - [MESSAGE][PASSED] - Object: 'Object Repository/Page_cabi Personal Store/span_Continue to Order' is clicked on

2019-11-21 15:10:48 - [TEST_STEP][PASSED] - println(BOPersonal): null

2019-11-21 15:10:48 - [TEST_STEP][PASSED] - callTestCase(findTestCase("NewArrival/productVerify"), ["available":BOPersonal, "storeType":"BOPersonal"], CONTINUE_ON_FAILURE): Call Test Case 'Test Cases/NewArrival/productVerify' successfully

2019-11-21 15:10:48 - [TEST_CASE][PASSED] - Test Cases/NewArrival/productVerify: Test Cases/NewArrival/productVerify

2019-11-21 15:10:49 - [TEST_STEP][PASSED] - sa = <not implemented yet for class: org.codehaus.groovy.ast.expr.EmptyExpression>: null

2019-11-21 15:10:49 - [TEST_STEP][PASSED] - styleid_data = <not implemented yet for class: org.codehaus.groovy.ast.expr.EmptyExpression>: null

2019-11-21 15:10:49 - [TEST_STEP][PASSED] - by = <not implemented yet for class: org.codehaus.groovy.ast.expr.EmptyExpression>: null

2019-11-21 15:10:49 - [TEST_STEP][PASSED] - styleWe = <not implemented yet for class: org.codehaus.groovy.ast.expr.EmptyExpression>: null

2019-11-21 15:10:49 - [TEST_STEP][PASSED] - to = <not implemented yet for class: org.codehaus.groovy.ast.expr.EmptyExpression>: null

2019-11-21 15:10:49 - [TEST_STEP][PASSED] - driver = getWebDriver(): null

2019-11-21 15:10:49 - [TEST_STEP][PASSED] - rowNumbers = findTestData("productData").getRowNumbers(): null

2019-11-21 15:10:49 - [TEST_STEP][PASSED] - println(rowNumbers): null

2019-11-21 15:10:49 - [TEST_STEP][PASSED] - for ([row = 1, row <= rowNumbers, (row++)]): null

2019-11-21 15:10:49 - [TEST_STEP][PASSED] - delay(5): Delayed 5 second(s)

2019-11-21 15:10:54 - [MESSAGE][PASSED] - Delayed 5 second(s)

2019-11-21 15:10:54 - [TEST_STEP][PASSED] - sa = new org.testng.asserts.SoftAssert(): null

2019-11-21 15:10:54 - [TEST_STEP][PASSED] - styleid_data = findTestData("productData").getValue("Style", row): null

2019-11-21 15:10:55 - [TEST_STEP][PASSED] - println(styleid_data): null

2019-11-21 15:10:55 - [TEST_STEP][PASSED] - by = By.xpath("//input[@name='style']"): null

2019-11-21 15:10:55 - [TEST_STEP][PASSED] - styleWe = UtilityMethods.getElementByLocator(by, driver): null

2019-11-21 15:10:55 - [TEST_STEP][PASSED] - to = UtilityMethods.fromElement(styleWe): null

2019-11-21 15:10:55 - [TEST_STEP][PASSED] - println("******************+++++++++++++++++++**********************************************"): null

2019-11-21 15:10:55 - [TEST_STEP][PASSED] - setText(to, styleid_data): Text '2171' is set on object ''

2019-11-21 15:10:55 - [MESSAGE][PASSED] - Text '2171' is set on object ''

2019-11-21 15:10:55 - [TEST_STEP][PASSED] - sendKeys(to, Keys.chord(ENTER)): Keys 'ENTER + ' sent to object: ''

2019-11-21 15:10:55 - [MESSAGE][PASSED] - Keys 'ENTER + ' sent to object: ''

2019-11-21 15:10:55 - [TEST_STEP][PASSED] - delay(2): Delayed 2 second(s)

2019-11-21 15:10:57 - [MESSAGE][PASSED] - Delayed 2 second(s)

2019-11-21 15:10:57 - [TEST_STEP][PASSED] - if (toString().equalsIgnoreCase("no")): null

2019-11-21 15:10:57 - [TEST_STEP][PASSED] - else: null

2019-11-21 15:10:57 - [TEST_STEP][PASSED] - click(findTestObject("Page_cabi Order Items/li_order_item")): Object: 'Object Repository/Page_cabi Order Items/li_order_item' is clicked on

2019-11-21 15:11:01 - [MESSAGE][PASSED] - Object: 'Object Repository/Page_cabi Order Items/li_order_item' is clicked on

2019-11-21 15:11:01 - [TEST_STEP][PASSED] - delay(5): Delayed 5 second(s)

2019-11-21 15:11:06 - [MESSAGE][PASSED] - Delayed 5 second(s)

2019-11-21 15:11:06 - [TEST_STEP][PASSED] - imagePath = UtilityMethods.createScreenshotImagePath(storeType, styleid_data): null

2019-11-21 15:11:06 - [TEST_STEP][PASSED] - println(imagePath): null

2019-11-21 15:11:06 - [TEST_STEP][PASSED] - takeScreenshot(imagePath): Taking screenshot successfully

2019-11-21 15:11:07 - [MESSAGE][PASSED] - Taking screenshot successfully
[[ATTACHMENT|C:\\Users\\user\\Documents\\testautomation\\KatalonProjects\\productImages\\BOPersonal_2171 image.png]]

2019-11-21 15:11:07 - [TEST_STEP][PASSED] - verifyElementText(findTestObject("Page_cabi Order Items/GetAttribute_getID"), styleid_data, CONTINUE_ON_FAILURE): Actual text and expected text of test object 'Object Repository/Page_cabi Order Items/GetAttribute_getID' are matched.

2019-11-21 15:11:07 - [MESSAGE][PASSED] - Actual text and expected text of test object 'Object Repository/Page_cabi Order Items/GetAttribute_getID' are matched.

2019-11-21 15:11:07 - [TEST_STEP][PASSED] - colorOptions = findWebElements(findTestObject("Page_cabi Order Items/GetAttribute_Color"), 5): null

2019-11-21 15:11:07 - [TEST_STEP][PASSED] - println(colorOptions.size()): null

2019-11-21 15:11:07 - [TEST_STEP][PASSED] - expectedColour = findTestData("productData").getValue("Color", row): null

2019-11-21 15:11:08 - [TEST_STEP][PASSED] - println("expected colour is"): null

2019-11-21 15:11:08 - [TEST_STEP][PASSED] - println(expectedColour): null

2019-11-21 15:11:08 - [TEST_STEP][PASSED] - colourVerified = false: null

2019-11-21 15:11:08 - [TEST_STEP][PASSED] - for (org.openqa.selenium.WebElement op : colorOptions): null

2019-11-21 15:11:08 - [TEST_STEP][PASSED] - println(op.getText()): null

2019-11-21 15:11:08 - [TEST_STEP][PASSED] - if (expectedColour.equalsIgnoreCase(op.getText())): null

2019-11-21 15:11:08 - [TEST_STEP][PASSED] - colourVerified = true: null

2019-11-21 15:11:08 - [TEST_STEP][PASSED] - break: null

2019-11-21 15:11:08 - [TEST_STEP][PASSED] - sa.assertTrue(colourVerified): null

2019-11-21 15:11:08 - [TEST_STEP][PASSED] - getPrice = getText(findTestObject("Page_cabi Order Items/GetAttribute_Price")): Text of object 'Object Repository/Page_cabi Order Items/GetAttribute_Price' is: 'Price : £32.00'

2019-11-21 15:11:08 - [MESSAGE][PASSED] - Text of object 'Object Repository/Page_cabi Order Items/GetAttribute_Price' is: 'Price : £32.00'

2019-11-21 15:11:08 - [TEST_STEP][PASSED] - Split_Data = UtilityMethods.SplitData(getPrice): null

2019-11-21 15:11:08 - [TEST_STEP][PASSED] - verifyMatch(Split_Data, findTestData("productData").getValue("Retail", row), true, CONTINUE_ON_FAILURE): Actual text '32' and expected text '32' are matched  using regular expression

2019-11-21 15:11:08 - [MESSAGE][PASSED] - Actual text '32' and expected text '32' are matched  using regular expression

2019-11-21 15:11:08 - [TEST_STEP][PASSED] - sizeRange1 = ["XXS", "XS", "S", "M", "L", "XL", "XXL"]: null

2019-11-21 15:11:08 - [TEST_STEP][PASSED] - sizeRange2 = ["00", "0", "2", "4", "6", "8", "10", "12", "14", "16"]: null

2019-11-21 15:11:08 - [TEST_STEP][PASSED] - sizeRange3 = ["Long", "Regular", "Short"]: null

2019-11-21 15:11:08 - [TEST_STEP][PASSED] - sizeRange4 = ["5", "6", "6.5", "7", "7.5", "8", "8.5", "9", "9.5", "10", "11"]: null

2019-11-21 15:11:08 - [TEST_STEP][PASSED] - sizeRange5 = ["XS/S", "M/L"]: null

2019-11-21 15:11:08 - [TEST_STEP][PASSED] - sizeRange6 = ["One Size"]: null

2019-11-21 15:11:08 - [TEST_STEP][PASSED] - sizeRangeSplit = UtilityMethods.SplitSizes(findTestData("productData").getValue("SzRange", row)): null

2019-11-21 15:11:08 - [TEST_STEP][PASSED] - sizeType = getText(findTestObject("Object Repository/Page_cabi Order Items/Size")): Text of object 'Object Repository/Page_cabi Order Items/Size' is: 'Select'

2019-11-21 15:11:08 - [MESSAGE][PASSED] - Text of object 'Object Repository/Page_cabi Order Items/Size' is: 'Select'

2019-11-21 15:11:08 - [TEST_STEP][PASSED] - sizeOptions = findWebElements(findTestObject("Object Repository/Page_cabi Order Items/Size"), 5): null

2019-11-21 15:11:08 - [TEST_STEP][PASSED] - actualRange = new java.util.ArrayList(): null

2019-11-21 15:11:08 - [TEST_STEP][PASSED] - expectedRange = <not implemented yet for class: org.codehaus.groovy.ast.expr.EmptyExpression>: null

2019-11-21 15:11:08 - [TEST_STEP][PASSED] - if (sizeType.equalsIgnoreCase("Select")): null

2019-11-21 15:11:08 - [TEST_STEP][PASSED] - for ([i = 1, i < sizeOptions.size(), (i++)]): null

2019-11-21 15:11:08 - [TEST_STEP][PASSED] - actualRange.add(getAttribute("value").toString()): null

2019-11-21 15:11:09 - [TEST_STEP][PASSED] - if (toString().equalsIgnoreCase("XS") || toString().equalsIgnoreCase("XXS")): null

2019-11-21 15:11:09 - [TEST_STEP][PASSED] - else if (toString().equalsIgnoreCase("00") || toString().equalsIgnoreCase("0")): null

2019-11-21 15:11:09 - [TEST_STEP][PASSED] - else if (toString().equalsIgnoreCase("Long")): null

2019-11-21 15:11:09 - [TEST_STEP][PASSED] - else if (toString().equalsIgnoreCase("5")): null

2019-11-21 15:11:09 - [TEST_STEP][PASSED] - else if (toString().equalsIgnoreCase("XS/S")): null

2019-11-21 15:11:09 - [TEST_STEP][PASSED] - else if (toString().equalsIgnoreCase("One Size")): null

2019-11-21 15:11:09 - [TEST_STEP][PASSED] - expectedRange = UtilityMethods.getExpectedRange(sizeRange6, sizeRangeSplit): null

2019-11-21 15:11:09 - [TEST_STEP][PASSED] - println("One Size"): null

2019-11-21 15:11:09 - [TEST_STEP][PASSED] - println(expectedRange.toString()): null

2019-11-21 15:11:09 - [TEST_STEP][PASSED] - sa.assertTrue(UtilityMethods.listEquals(expectedRange, actualRange)): null

2019-11-21 15:11:09 - [TEST_STEP][PASSED] - delay(2): Delayed 2 second(s)

2019-11-21 15:11:11 - [MESSAGE][PASSED] - Delayed 2 second(s)

2019-11-21 15:11:11 - [TEST_STEP][PASSED] - verifyElementText(findTestObject("Page_cabi Order Items/product_title"), findTestData("productData").getValue("Description", row), CONTINUE_ON_FAILURE): Actual text and expected text of test object 'Object Repository/Page_cabi Order Items/product_title' are matched.

2019-11-21 15:11:11 - [MESSAGE][PASSED] - Actual text and expected text of test object 'Object Repository/Page_cabi Order Items/product_title' are matched.

2019-11-21 15:11:11 - [TEST_STEP][PASSED] - finalContent = findTestData("productData").getValue("FinalContent", row): null

2019-11-21 15:11:11 - [TEST_STEP][PASSED] - if (finalContent.equalsIgnoreCase("")): null

2019-11-21 15:11:11 - [TEST_STEP][PASSED] - fContent = findWebElements(findTestObject("Page_cabi Order Items/product_fabric"), 5): Unable to find the element located by 'By.xpath: (//li/label[contains(text(), 'Fabric:')]/parent::li/following-sibling::li/em)[1]'. Please recheck the objects properties to make sure the desired element is located. 

2019-11-21 15:11:16 - [MESSAGE][INFO] - Unable to find the element located by 'By.xpath: (//li/label[contains(text(), 'Fabric:')]/parent::li/following-sibling::li/em)[1]'. Please recheck the objects properties to make sure the desired element is located. 

2019-11-21 15:11:16 - [TEST_STEP][PASSED] - sa.assertTrue(fContent.size() == 0): null

2019-11-21 15:11:16 - [TEST_STEP][PASSED] - expectedCasreIntrn = findTestData("productData").getValue("CareInstr", row): null

2019-11-21 15:11:16 - [TEST_STEP][PASSED] - if (expectedCasreIntrn.equalsIgnoreCase("")): null

2019-11-21 15:11:16 - [TEST_STEP][PASSED] - else: null

2019-11-21 15:11:16 - [TEST_STEP][PASSED] - actualCasreIntrn = "<div>" + getText(findTestObject("Page_cabi Order Items/care_instruction")) + "</div>": Text of object 'Object Repository/Page_cabi Order Items/care_instruction' is: 'Made in China. Not intended for children under 15.'

2019-11-21 15:11:17 - [MESSAGE][PASSED] - Text of object 'Object Repository/Page_cabi Order Items/care_instruction' is: 'Made in China. Not intended for children under 15.'

2019-11-21 15:11:17 - [TEST_STEP][PASSED] - sa.assertTrue(actualCasreIntrn.equals(expectedCasreIntrn)): null

2019-11-21 15:11:17 - [MESSAGE][PASSED] - Call Test Case 'Test Cases/NewArrival/productVerify' successfully]]></system-out>
         <system-err><![CDATA[]]></system-err>
      </testcase>
      <system-out><![CDATA[2019-11-21 15:09:45 - [TEST_SUITE][PASSED] - NewArrivalsSuite1: Test Cases/NA_Timezone_Separated/BOPersonal1]]></system-out>
      <system-err><![CDATA[]]></system-err>
   </testsuite>
</testsuites>
