<?xml version="1.0" encoding="UTF-8"?>
<testsuites name="NewArrivalsSuite" time="250" tests="0" failures="1" errors="0">
   <testsuite name="NewArrivalsSuite" tests="0" failures="1" errors="0" time="250" timestamp="2019-09-27 18:15:53" hostname="user - Tester-pc" id="Test Suites/NewArrivalsSuites/NewArrivalsSuite">
      <properties>
         <property name="deviceName" value=""/>
         <property name="devicePlatform" value=""/>
         <property name="logFolder" value="C:\\Users\\user\\Documents\\testautomation\\KatalonProjects\\Reports\\NewArrivalsSuites\\NewArrivalsSuite\\20190927_181550"/>
         <property name="logFiles" value="C:\\Users\\user\\Documents\\testautomation\\KatalonProjects\\Reports\\NewArrivalsSuites\\NewArrivalsSuite\\20190927_181550\\execution0.log"/>
         <property name="attachments" value=""/>
         <property name="hostName" value="user - Tester-pc"/>
         <property name="os" value="Windows 8.1 64bit"/>
         <property name="katalonVersion" value="6.1.1.1"/>
         <property name="browser" value="Chrome 77.0.3865.90"/>
         <property name="hostAddress" value="10.0.61.219"/>
         <property name="sessionId" value="e442f483cacf8cfcac475d4ef0201346"/>
         <property name="seleniumVersion" value="3.7.1"/>
         <property name="proxyInformation" value="ProxyInformation{proxyOption=NO_PROXY, proxyServerType=HTTP, password=, proxyServerAddress=, proxyServerPort=0}"/>
         <property name="platform" value="Windows 8.1"/>
      </properties>
      <testcase name="Test Cases/NewArrival/productEblast" classname="Test Cases/NewArrival/productEblast" status="FAILED">
         <failure type="FAILED" message="Test Cases/NewArrival/productEblast FAILED.
Reason:
Assertion failed: 

assert style_notfound.size() > 0
       |              |      |
       []             0      false

	at productEblast.run(productEblast:61)
	at com.kms.katalon.core.main.ScriptEngine.run(ScriptEngine.java:194)
	at com.kms.katalon.core.main.ScriptEngine.runScriptAsRawText(ScriptEngine.java:119)
	at com.kms.katalon.core.main.TestCaseExecutor.runScript(TestCaseExecutor.java:342)
	at com.kms.katalon.core.main.TestCaseExecutor.doExecute(TestCaseExecutor.java:333)
	at com.kms.katalon.core.main.TestCaseExecutor.processExecutionPhase(TestCaseExecutor.java:312)
	at com.kms.katalon.core.main.TestCaseExecutor.accessMainPhase(TestCaseExecutor.java:304)
	at com.kms.katalon.core.main.TestCaseExecutor.execute(TestCaseExecutor.java:238)
	at com.kms.katalon.core.main.TestSuiteExecutor.accessTestCaseMainPhase(TestSuiteExecutor.java:129)
	at com.kms.katalon.core.main.TestSuiteExecutor.accessTestSuiteMainPhase(TestSuiteExecutor.java:112)
	at com.kms.katalon.core.main.TestSuiteExecutor.execute(TestSuiteExecutor.java:81)
	at com.kms.katalon.core.main.TestCaseMain.startTestSuite(TestCaseMain.java:157)
	at com.kms.katalon.core.main.TestCaseMain$startTestSuite$0.call(Unknown Source)
	at TempTestSuite1569588350742.run(TempTestSuite1569588350742.groovy:35)
"/>
         <system-out><![CDATA[2019-09-27 18:15:54 - [TEST_CASE][FAILED] - Test Cases/NewArrival/productEblast: Test Cases/NewArrival/productEblast FAILED.
Reason:
Assertion failed: 

assert style_notfound.size() > 0
       |              |      |
       []             0      false

	at productEblast.run(productEblast:61)
	at com.kms.katalon.core.main.ScriptEngine.run(ScriptEngine.java:194)
	at com.kms.katalon.core.main.ScriptEngine.runScriptAsRawText(ScriptEngine.java:119)
	at com.kms.katalon.core.main.TestCaseExecutor.runScript(TestCaseExecutor.java:342)
	at com.kms.katalon.core.main.TestCaseExecutor.doExecute(TestCaseExecutor.java:333)
	at com.kms.katalon.core.main.TestCaseExecutor.processExecutionPhase(TestCaseExecutor.java:312)
	at com.kms.katalon.core.main.TestCaseExecutor.accessMainPhase(TestCaseExecutor.java:304)
	at com.kms.katalon.core.main.TestCaseExecutor.execute(TestCaseExecutor.java:238)
	at com.kms.katalon.core.main.TestSuiteExecutor.accessTestCaseMainPhase(TestSuiteExecutor.java:129)
	at com.kms.katalon.core.main.TestSuiteExecutor.accessTestSuiteMainPhase(TestSuiteExecutor.java:112)
	at com.kms.katalon.core.main.TestSuiteExecutor.execute(TestSuiteExecutor.java:81)
	at com.kms.katalon.core.main.TestCaseMain.startTestSuite(TestCaseMain.java:157)
	at com.kms.katalon.core.main.TestCaseMain$startTestSuite$0.call(Unknown Source)
	at TempTestSuite1569588350742.run(TempTestSuite1569588350742.groovy:35)


2019-09-27 18:15:54 - [TEST_STEP][PASSED] - Start listener action : sampleBeforeTestCase: null

2019-09-27 18:15:54 - [TEST_STEP][PASSED] - println(testCaseContext.getTestCaseId()): null

2019-09-27 18:15:54 - [TEST_STEP][PASSED] - println(testCaseContext.getTestCaseVariables()): null

2019-09-27 18:15:54 - [TEST_STEP][PASSED] - openBrowser(""): Browser is opened with url: ''

2019-09-27 18:15:55 - [MESSAGE][INFO] - Starting 'Chrome' driver

2019-09-27 18:15:55 - [MESSAGE][INFO] - User set preference: ['args', '[--use-fake-ui-for-media-stream, --start-maximized]']

2019-09-27 18:15:55 - [MESSAGE][INFO] - Action delay is set to 0 seconds

2019-09-27 18:15:58 - [MESSAGE][PASSED] - Browser is opened with url: ''

2019-09-27 18:15:58 - [TEST_STEP][FAILED] - for ([timeRow = 1, timeRow <= findTestData("timezoneData").getRowNumbers(), (timeRow++)]): for ([timeRow = 1, timeRow <= findTestData("timezoneData").getRowNumbers(), (timeRow++)]) FAILED.
Reason:
Assertion failed: 

assert style_notfound.size() > 0
       |              |      |
       []             0      false

	at productEblast.run(productEblast:61)
	at com.kms.katalon.core.main.ScriptEngine.run(ScriptEngine.java:194)
	at com.kms.katalon.core.main.ScriptEngine.runScriptAsRawText(ScriptEngine.java:119)
	at com.kms.katalon.core.main.TestCaseExecutor.runScript(TestCaseExecutor.java:342)
	at com.kms.katalon.core.main.TestCaseExecutor.doExecute(TestCaseExecutor.java:333)
	at com.kms.katalon.core.main.TestCaseExecutor.processExecutionPhase(TestCaseExecutor.java:312)
	at com.kms.katalon.core.main.TestCaseExecutor.accessMainPhase(TestCaseExecutor.java:304)
	at com.kms.katalon.core.main.TestCaseExecutor.execute(TestCaseExecutor.java:238)
	at com.kms.katalon.core.main.TestSuiteExecutor.accessTestCaseMainPhase(TestSuiteExecutor.java:129)
	at com.kms.katalon.core.main.TestSuiteExecutor.accessTestSuiteMainPhase(TestSuiteExecutor.java:112)
	at com.kms.katalon.core.main.TestSuiteExecutor.execute(TestSuiteExecutor.java:81)
	at com.kms.katalon.core.main.TestCaseMain.startTestSuite(TestCaseMain.java:157)
	at com.kms.katalon.core.main.TestCaseMain$startTestSuite$0.call(Unknown Source)
	at TempTestSuite1569588350742.run(TempTestSuite1569588350742.groovy:35)


2019-09-27 18:15:59 - [TEST_STEP][PASSED] - callTestCase(findTestCase("NewArrival/populateTimeGlobalVars"), ["row":timeRow], STOP_ON_FAILURE): Call Test Case 'Test Cases/NewArrival/populateTimeGlobalVars' successfully

2019-09-27 18:15:59 - [TEST_CASE][PASSED] - Test Cases/NewArrival/populateTimeGlobalVars: Test Cases/NewArrival/populateTimeGlobalVars

2019-09-27 18:16:00 - [TEST_STEP][PASSED] - dataFile = "timezoneData": null

2019-09-27 18:16:00 - [TEST_STEP][PASSED] - clockServerTarget = UtilityMethods.getTestData("envtData", "clockServerTarget", 1): null

2019-09-27 18:16:00 - [TEST_STEP][PASSED] - println(clockServerTarget): null

2019-09-27 18:16:00 - [TEST_STEP][PASSED] - orderType = UtilityMethods.getTestData(dataFile, "orderType", row): null

2019-09-27 18:16:00 - [TEST_STEP][PASSED] - timeZone = UtilityMethods.getTestData(dataFile, "timeZone", row): null

2019-09-27 18:16:00 - [TEST_STEP][PASSED] - BOPersonal = UtilityMethods.getTestData(dataFile, "BOPersonal", row): null

2019-09-27 18:16:00 - [TEST_STEP][PASSED] - BOAddonPersonal = UtilityMethods.getTestData(dataFile, "BOAddonPersonal", row): null

2019-09-27 18:16:00 - [TEST_STEP][PASSED] - BOAddonRetail = UtilityMethods.getTestData(dataFile, "BOAddonRetail", row): null

2019-09-27 18:16:01 - [TEST_STEP][PASSED] - BORetail = UtilityMethods.getTestData(dataFile, "BORetail", row): null

2019-09-27 18:16:01 - [TEST_STEP][PASSED] - BOShow = UtilityMethods.getTestData(dataFile, "BOShow", row): null

2019-09-27 18:16:01 - [TEST_STEP][PASSED] - BOOnlineoutlet = UtilityMethods.getTestData(dataFile, "BOOnlineoutlet", row): null

2019-09-27 18:16:01 - [TEST_STEP][PASSED] - BOEmployee = UtilityMethods.getTestData(dataFile, "BOEmployee", row): null

2019-09-27 18:16:01 - [TEST_STEP][PASSED] - CCPersonal = UtilityMethods.getTestData(dataFile, "CCPersonal", row): null

2019-09-27 18:16:01 - [TEST_STEP][PASSED] - CCRetail = UtilityMethods.getTestData(dataFile, "CCRetail", row): null

2019-09-27 18:16:01 - [TEST_STEP][PASSED] - CCShow = UtilityMethods.getTestData(dataFile, "CCShow", row): null

2019-09-27 18:16:01 - [TEST_STEP][PASSED] - BOEblast = UtilityMethods.getTestData(dataFile, "BOEblast", row): null

2019-09-27 18:16:01 - [TEST_STEP][PASSED] - println(row): null

2019-09-27 18:16:01 - [TEST_STEP][PASSED] - println(BOPersonal): null

2019-09-27 18:16:01 - [MESSAGE][PASSED] - Call Test Case 'Test Cases/NewArrival/populateTimeGlobalVars' successfully

2019-09-27 18:16:01 - [TEST_STEP][PASSED] - available = BOEblast: null

2019-09-27 18:16:01 - [TEST_STEP][PASSED] - callTestCase(findTestCase("NewArrival/setTimezone"), ["ofbizURL":"", "ofbizuser":"", "ofbizpass":"", "orderType":orderType, "timeZone":timeZone, "clockServerTarget":clockServerTarget], STOP_ON_FAILURE): Call Test Case 'Test Cases/NewArrival/setTimezone' successfully

2019-09-27 18:16:01 - [TEST_CASE][PASSED] - Test Cases/NewArrival/setTimezone: Test Cases/NewArrival/setTimezone

2019-09-27 18:16:01 - [TEST_STEP][PASSED] - openBrowser(""): Browser is opened with url: ''

2019-09-27 18:16:01 - [MESSAGE][WARNING] - A browser is already opened. Closing browser and opening a new one

2019-09-27 18:16:02 - [MESSAGE][INFO] - Starting 'Chrome' driver

2019-09-27 18:16:02 - [MESSAGE][INFO] - User set preference: ['args', '[--use-fake-ui-for-media-stream, --start-maximized]']

2019-09-27 18:16:04 - [MESSAGE][PASSED] - Browser is opened with url: ''

2019-09-27 18:16:04 - [TEST_STEP][NOT_RUN] - maximizeWindow(): NOT_RUN: maximizeWindow()

2019-09-27 18:16:04 - [MESSAGE][NOT_RUN] - NOT_RUN: maximizeWindow()

2019-09-27 18:16:04 - [TEST_STEP][PASSED] - ofbizURL = findTestData("envtData").getValue("ofbizURL", 1): null

2019-09-27 18:16:05 - [TEST_STEP][PASSED] - ofbizuser = findTestData("credData").getValue("ofbizuser", 1): null

2019-09-27 18:16:05 - [TEST_STEP][PASSED] - ofbizpass = findTestData("credData").getValue("ofbizpass", 1): null

2019-09-27 18:16:05 - [TEST_STEP][PASSED] - navigateToUrl(ofbizURL): Navigate to 'https://pushofbiz.cliotest.com/login.php' successfully

2019-09-27 18:16:07 - [MESSAGE][PASSED] - Navigate to 'https://pushofbiz.cliotest.com/login.php' successfully

2019-09-27 18:16:07 - [TEST_STEP][PASSED] - setText(findTestObject("Page_/input_Username_username"), ofbizuser): Text 'automation' is set on object 'Object Repository/Page_/input_Username_username'

2019-09-27 18:16:07 - [MESSAGE][PASSED] - Text 'automation' is set on object 'Object Repository/Page_/input_Username_username'

2019-09-27 18:16:07 - [TEST_STEP][PASSED] - setText(findTestObject("Page_/input_Password_password"), ofbizpass): Text 'cabiautomation' is set on object 'Object Repository/Page_/input_Password_password'

2019-09-27 18:16:07 - [MESSAGE][PASSED] - Text 'cabiautomation' is set on object 'Object Repository/Page_/input_Password_password'

2019-09-27 18:16:07 - [TEST_STEP][PASSED] - click(findTestObject("Page_/input_Password_Submit")): Object: 'Object Repository/Page_/input_Password_Submit' is clicked on

2019-09-27 18:16:11 - [MESSAGE][PASSED] - Object: 'Object Repository/Page_/input_Password_Submit' is clicked on

2019-09-27 18:16:11 - [TEST_STEP][PASSED] - click(findTestObject("Object Repository/Page_/a_Clock set")): Object: 'Object Repository/Page_/a_Clock set' is clicked on

2019-09-27 18:16:12 - [MESSAGE][PASSED] - Object: 'Object Repository/Page_/a_Clock set' is clicked on

2019-09-27 18:16:12 - [TEST_STEP][PASSED] - cst = UtilityMethods.createTestObject("select_target", "//select[@name='Target']/option[contains(text(), '", clockServerTarget, "')]"): null

2019-09-27 18:16:12 - [TEST_STEP][PASSED] - println(clockServerTarget): null

2019-09-27 18:16:12 - [TEST_STEP][PASSED] - click(cst): Object: 'select_target' is clicked on

2019-09-27 18:16:12 - [MESSAGE][PASSED] - Object: 'select_target' is clicked on

2019-09-27 18:16:12 - [TEST_STEP][PASSED] - click(findTestObject("Page_/thisDateAndTime")): Object: 'Object Repository/Page_/thisDateAndTime' is clicked on

2019-09-27 18:16:12 - [MESSAGE][PASSED] - Object: 'Object Repository/Page_/thisDateAndTime' is clicked on

2019-09-27 18:16:12 - [TEST_STEP][PASSED] - setText(findTestObject("Object Repository/Page_/setTargetTime"), timeZone): Text ' 10/16/2019 7:00' is set on object 'Object Repository/Page_/setTargetTime'

2019-09-27 18:16:12 - [MESSAGE][PASSED] - Text ' 10/16/2019 7:00' is set on object 'Object Repository/Page_/setTargetTime'

2019-09-27 18:16:12 - [TEST_STEP][PASSED] - click(findTestObject("Object Repository/Page_/input")): Object: 'Object Repository/Page_/input' is clicked on

2019-09-27 18:16:13 - [MESSAGE][PASSED] - Object: 'Object Repository/Page_/input' is clicked on

2019-09-27 18:16:13 - [TEST_STEP][PASSED] - delay(10): Delayed 10 second(s)

2019-09-27 18:16:23 - [MESSAGE][PASSED] - Delayed 10 second(s)

2019-09-27 18:16:23 - [TEST_STEP][NOT_RUN] - closeBrowser(): NOT_RUN: closeBrowser()

2019-09-27 18:16:23 - [MESSAGE][NOT_RUN] - NOT_RUN: closeBrowser()

2019-09-27 18:16:23 - [MESSAGE][PASSED] - Call Test Case 'Test Cases/NewArrival/setTimezone' successfully

2019-09-27 18:16:23 - [TEST_STEP][PASSED] - callTestCase(findTestCase("TestCaseUtilities/backOfficeLogin"), ["BOURL":"", "BOuser":"", "BOpass":""], STOP_ON_FAILURE): Call Test Case 'Test Cases/TestCaseUtilities/backOfficeLogin' successfully

2019-09-27 18:16:23 - [TEST_CASE][PASSED] - Test Cases/TestCaseUtilities/backOfficeLogin: Test Cases/TestCaseUtilities/backOfficeLogin

2019-09-27 18:16:23 - [TEST_STEP][PASSED] - BOURL = findTestData("envtData").getValue("BOURL", 1): null

2019-09-27 18:16:23 - [TEST_STEP][PASSED] - BOuser = findTestData("credData").getValue("BOuser", 1): null

2019-09-27 18:16:23 - [TEST_STEP][PASSED] - BOpass = findTestData("credData").getValue("BOpass", 1): null

2019-09-27 18:16:23 - [TEST_STEP][PASSED] - openBrowser(""): Browser is opened with url: ''

2019-09-27 18:16:23 - [MESSAGE][WARNING] - A browser is already opened. Closing browser and opening a new one

2019-09-27 18:16:24 - [MESSAGE][INFO] - Starting 'Chrome' driver

2019-09-27 18:16:24 - [MESSAGE][INFO] - User set preference: ['args', '[--use-fake-ui-for-media-stream, --start-maximized]']

2019-09-27 18:16:26 - [MESSAGE][PASSED] - Browser is opened with url: ''

2019-09-27 18:16:26 - [TEST_STEP][PASSED] - navigateToUrl(BOURL): Navigate to 'https://test4uk.cliotest.com/backoffice/control/main' successfully

2019-09-27 18:16:33 - [MESSAGE][PASSED] - Navigate to 'https://test4uk.cliotest.com/backoffice/control/main' successfully

2019-09-27 18:16:33 - [TEST_STEP][PASSED] - logOut = findWebElements(findTestObject("Object Repository/Page_cabi Home/log_out"), 1): Unable to find the element located by 'By.xpath: //a[contains(text(),'Log Out')]'. Please recheck the objects properties to make sure the desired element is located. 

2019-09-27 18:16:34 - [MESSAGE][INFO] - Unable to find the element located by 'By.xpath: //a[contains(text(),'Log Out')]'. Please recheck the objects properties to make sure the desired element is located. 

2019-09-27 18:16:34 - [TEST_STEP][PASSED] - if (logOut.size() == 0): Object: 'Object Repository/Page_cabi/input_Welcome to_consultantLogin' is clicked on

2019-09-27 18:16:34 - [TEST_STEP][PASSED] - setText(findTestObject("Page_cabi/input_Welcome to_USERNAME"), BOuser): Text 'uk1312' is set on object 'Object Repository/Page_cabi/input_Welcome to_USERNAME'

2019-09-27 18:16:34 - [MESSAGE][PASSED] - Text 'uk1312' is set on object 'Object Repository/Page_cabi/input_Welcome to_USERNAME'

2019-09-27 18:16:34 - [TEST_STEP][PASSED] - setText(findTestObject("Object Repository/Page_cabi/input_Welcome to_PASSWORD"), BOpass): Text 'blackdress19' is set on object 'Object Repository/Page_cabi/input_Welcome to_PASSWORD'

2019-09-27 18:16:34 - [MESSAGE][PASSED] - Text 'blackdress19' is set on object 'Object Repository/Page_cabi/input_Welcome to_PASSWORD'

2019-09-27 18:16:34 - [TEST_STEP][PASSED] - click(findTestObject("Object Repository/Page_cabi/input_Welcome to_consultantLogin")): Object: 'Object Repository/Page_cabi/input_Welcome to_consultantLogin' is clicked on

2019-09-27 18:16:42 - [MESSAGE][PASSED] - Object: 'Object Repository/Page_cabi/input_Welcome to_consultantLogin' is clicked on

2019-09-27 18:16:42 - [TEST_STEP][PASSED] - delay(3): Delayed 3 second(s)

2019-09-27 18:16:45 - [MESSAGE][PASSED] - Delayed 3 second(s)

2019-09-27 18:16:45 - [MESSAGE][PASSED] - Call Test Case 'Test Cases/TestCaseUtilities/backOfficeLogin' successfully

2019-09-27 18:16:45 - [TEST_STEP][PASSED] - click(findTestObject("Page_cabi Home/a_Connections")): Object: 'Object Repository/Page_cabi Home/a_Connections' is clicked on

2019-09-27 18:16:45 - [MESSAGE][PASSED] - Object: 'Object Repository/Page_cabi Home/a_Connections' is clicked on

2019-09-27 18:16:45 - [TEST_STEP][PASSED] - click(findTestObject("Page_cabi Home/a_Contact Manager")): Object: 'Object Repository/Page_cabi Home/a_Contact Manager' is clicked on

2019-09-27 18:16:49 - [MESSAGE][PASSED] - Object: 'Object Repository/Page_cabi Home/a_Contact Manager' is clicked on

2019-09-27 18:16:49 - [TEST_STEP][PASSED] - click(findTestObject("Page_cabi/span_SEND eBLAST")): Object: 'Object Repository/Page_cabi/span_SEND eBLAST' is clicked on

2019-09-27 18:16:50 - [MESSAGE][PASSED] - Object: 'Object Repository/Page_cabi/span_SEND eBLAST' is clicked on

2019-09-27 18:16:50 - [TEST_STEP][PASSED] - click(findTestObject("Object Repository/Page_cabi Eblast/a_Stylist Picks")): Object: 'Object Repository/Page_cabi Eblast/a_Stylist Picks' is clicked on

2019-09-27 18:17:00 - [MESSAGE][PASSED] - Object: 'Object Repository/Page_cabi Eblast/a_Stylist Picks' is clicked on

2019-09-27 18:17:00 - [TEST_STEP][PASSED] - click(findTestObject("Object Repository/Page_cabi Eblast/button_ADD PRODUCTS TO EBLAST")): Object: 'Object Repository/Page_cabi Eblast/button_ADD PRODUCTS TO EBLAST' is clicked on

2019-09-27 18:17:00 - [MESSAGE][PASSED] - Object: 'Object Repository/Page_cabi Eblast/button_ADD PRODUCTS TO EBLAST' is clicked on

2019-09-27 18:17:00 - [TEST_STEP][PASSED] - for ([row = 1, row <= findTestData("productData").getRowNumbers(), (row++)]): Actual text and expected text of test object 'Object Repository/Page_cabi Eblast/styleNotFound' are matched.

2019-09-27 18:17:00 - [TEST_STEP][PASSED] - delay(2): Delayed 2 second(s)

2019-09-27 18:17:02 - [MESSAGE][PASSED] - Delayed 2 second(s)

2019-09-27 18:17:02 - [TEST_STEP][PASSED] - setText(findTestObject("Page_cabi Eblast/eBlastStyleSearch"), findTestData("productData").getValue("Style", row)): Text '3875' is set on object 'Object Repository/Page_cabi Eblast/eBlastStyleSearch'

2019-09-27 18:17:02 - [MESSAGE][PASSED] - Text '3875' is set on object 'Object Repository/Page_cabi Eblast/eBlastStyleSearch'

2019-09-27 18:17:02 - [TEST_STEP][PASSED] - delay(4): Delayed 4 second(s)

2019-09-27 18:17:06 - [MESSAGE][PASSED] - Delayed 4 second(s)

2019-09-27 18:17:06 - [TEST_STEP][PASSED] - if (toString().equalsIgnoreCase("no")): Actual text and expected text of test object 'Object Repository/Page_cabi Eblast/styleNotFound' are matched.

2019-09-27 18:17:06 - [TEST_STEP][PASSED] - style_notfound = findWebElements(findTestObject("Page_cabi Eblast/styleNotFound"), 5): null

2019-09-27 18:17:06 - [TEST_STEP][PASSED] - println(style_notfound.size()): null

2019-09-27 18:17:06 - [TEST_STEP][PASSED] - assert style_notfound.size() > 0: null

2019-09-27 18:17:06 - [TEST_STEP][PASSED] - verifyElementText(findTestObject("Page_cabi Eblast/styleNotFound"), "No matching product"): Actual text and expected text of test object 'Object Repository/Page_cabi Eblast/styleNotFound' are matched.

2019-09-27 18:17:06 - [MESSAGE][PASSED] - Actual text and expected text of test object 'Object Repository/Page_cabi Eblast/styleNotFound' are matched.

2019-09-27 18:17:06 - [TEST_STEP][PASSED] - delay(2): Delayed 2 second(s)

2019-09-27 18:17:08 - [MESSAGE][PASSED] - Delayed 2 second(s)

2019-09-27 18:17:08 - [TEST_STEP][PASSED] - setText(findTestObject("Page_cabi Eblast/eBlastStyleSearch"), findTestData("productData").getValue("Style", row)): Text '3869' is set on object 'Object Repository/Page_cabi Eblast/eBlastStyleSearch'

2019-09-27 18:17:09 - [MESSAGE][PASSED] - Text '3869' is set on object 'Object Repository/Page_cabi Eblast/eBlastStyleSearch'

2019-09-27 18:17:09 - [TEST_STEP][PASSED] - delay(4): Delayed 4 second(s)

2019-09-27 18:17:13 - [MESSAGE][PASSED] - Delayed 4 second(s)

2019-09-27 18:17:13 - [TEST_STEP][PASSED] - if (toString().equalsIgnoreCase("no")): Actual text and expected text of test object 'Object Repository/Page_cabi Eblast/styleNotFound' are matched.

2019-09-27 18:17:13 - [TEST_STEP][PASSED] - style_notfound = findWebElements(findTestObject("Page_cabi Eblast/styleNotFound"), 5): null

2019-09-27 18:17:13 - [TEST_STEP][PASSED] - println(style_notfound.size()): null

2019-09-27 18:17:13 - [TEST_STEP][PASSED] - assert style_notfound.size() > 0: null

2019-09-27 18:17:13 - [TEST_STEP][PASSED] - verifyElementText(findTestObject("Page_cabi Eblast/styleNotFound"), "No matching product"): Actual text and expected text of test object 'Object Repository/Page_cabi Eblast/styleNotFound' are matched.

2019-09-27 18:17:13 - [MESSAGE][PASSED] - Actual text and expected text of test object 'Object Repository/Page_cabi Eblast/styleNotFound' are matched.

2019-09-27 18:17:13 - [TEST_STEP][PASSED] - delay(2): Delayed 2 second(s)

2019-09-27 18:17:15 - [MESSAGE][PASSED] - Delayed 2 second(s)

2019-09-27 18:17:15 - [TEST_STEP][PASSED] - setText(findTestObject("Page_cabi Eblast/eBlastStyleSearch"), findTestData("productData").getValue("Style", row)): Text '3870' is set on object 'Object Repository/Page_cabi Eblast/eBlastStyleSearch'

2019-09-27 18:17:15 - [MESSAGE][PASSED] - Text '3870' is set on object 'Object Repository/Page_cabi Eblast/eBlastStyleSearch'

2019-09-27 18:17:15 - [TEST_STEP][PASSED] - delay(4): Delayed 4 second(s)

2019-09-27 18:17:19 - [MESSAGE][PASSED] - Delayed 4 second(s)

2019-09-27 18:17:19 - [TEST_STEP][PASSED] - if (toString().equalsIgnoreCase("no")): Actual text and expected text of test object 'Object Repository/Page_cabi Eblast/styleNotFound' are matched.

2019-09-27 18:17:19 - [TEST_STEP][PASSED] - style_notfound = findWebElements(findTestObject("Page_cabi Eblast/styleNotFound"), 5): null

2019-09-27 18:17:19 - [TEST_STEP][PASSED] - println(style_notfound.size()): null

2019-09-27 18:17:19 - [TEST_STEP][PASSED] - assert style_notfound.size() > 0: null

2019-09-27 18:17:19 - [TEST_STEP][PASSED] - verifyElementText(findTestObject("Page_cabi Eblast/styleNotFound"), "No matching product"): Actual text and expected text of test object 'Object Repository/Page_cabi Eblast/styleNotFound' are matched.

2019-09-27 18:17:19 - [MESSAGE][PASSED] - Actual text and expected text of test object 'Object Repository/Page_cabi Eblast/styleNotFound' are matched.

2019-09-27 18:17:19 - [TEST_STEP][PASSED] - delay(2): Delayed 2 second(s)

2019-09-27 18:17:21 - [MESSAGE][PASSED] - Delayed 2 second(s)

2019-09-27 18:17:21 - [TEST_STEP][PASSED] - setText(findTestObject("Page_cabi Eblast/eBlastStyleSearch"), findTestData("productData").getValue("Style", row)): Text '3871' is set on object 'Object Repository/Page_cabi Eblast/eBlastStyleSearch'

2019-09-27 18:17:21 - [MESSAGE][PASSED] - Text '3871' is set on object 'Object Repository/Page_cabi Eblast/eBlastStyleSearch'

2019-09-27 18:17:21 - [TEST_STEP][PASSED] - delay(4): Delayed 4 second(s)

2019-09-27 18:17:25 - [MESSAGE][PASSED] - Delayed 4 second(s)

2019-09-27 18:17:25 - [TEST_STEP][PASSED] - if (toString().equalsIgnoreCase("no")): Actual text and expected text of test object 'Object Repository/Page_cabi Eblast/styleNotFound' are matched.

2019-09-27 18:17:25 - [TEST_STEP][PASSED] - style_notfound = findWebElements(findTestObject("Page_cabi Eblast/styleNotFound"), 5): null

2019-09-27 18:17:25 - [TEST_STEP][PASSED] - println(style_notfound.size()): null

2019-09-27 18:17:25 - [TEST_STEP][PASSED] - assert style_notfound.size() > 0: null

2019-09-27 18:17:25 - [TEST_STEP][PASSED] - verifyElementText(findTestObject("Page_cabi Eblast/styleNotFound"), "No matching product"): Actual text and expected text of test object 'Object Repository/Page_cabi Eblast/styleNotFound' are matched.

2019-09-27 18:17:25 - [MESSAGE][PASSED] - Actual text and expected text of test object 'Object Repository/Page_cabi Eblast/styleNotFound' are matched.

2019-09-27 18:17:25 - [TEST_STEP][PASSED] - delay(2): Delayed 2 second(s)

2019-09-27 18:17:27 - [MESSAGE][PASSED] - Delayed 2 second(s)

2019-09-27 18:17:27 - [TEST_STEP][PASSED] - setText(findTestObject("Page_cabi Eblast/eBlastStyleSearch"), findTestData("productData").getValue("Style", row)): Text '3857' is set on object 'Object Repository/Page_cabi Eblast/eBlastStyleSearch'

2019-09-27 18:17:27 - [MESSAGE][PASSED] - Text '3857' is set on object 'Object Repository/Page_cabi Eblast/eBlastStyleSearch'

2019-09-27 18:17:27 - [TEST_STEP][PASSED] - delay(4): Delayed 4 second(s)

2019-09-27 18:17:31 - [MESSAGE][PASSED] - Delayed 4 second(s)

2019-09-27 18:17:31 - [TEST_STEP][PASSED] - if (toString().equalsIgnoreCase("no")): Actual text and expected text of test object 'Object Repository/Page_cabi Eblast/styleNotFound' are matched.

2019-09-27 18:17:31 - [TEST_STEP][PASSED] - style_notfound = findWebElements(findTestObject("Page_cabi Eblast/styleNotFound"), 5): null

2019-09-27 18:17:31 - [TEST_STEP][PASSED] - println(style_notfound.size()): null

2019-09-27 18:17:31 - [TEST_STEP][PASSED] - assert style_notfound.size() > 0: null

2019-09-27 18:17:31 - [TEST_STEP][PASSED] - verifyElementText(findTestObject("Page_cabi Eblast/styleNotFound"), "No matching product"): Actual text and expected text of test object 'Object Repository/Page_cabi Eblast/styleNotFound' are matched.

2019-09-27 18:17:31 - [MESSAGE][PASSED] - Actual text and expected text of test object 'Object Repository/Page_cabi Eblast/styleNotFound' are matched.

2019-09-27 18:17:31 - [TEST_STEP][PASSED] - delay(2): Delayed 2 second(s)

2019-09-27 18:17:33 - [MESSAGE][PASSED] - Delayed 2 second(s)

2019-09-27 18:17:33 - [TEST_STEP][PASSED] - setText(findTestObject("Page_cabi Eblast/eBlastStyleSearch"), findTestData("productData").getValue("Style", row)): Text '3864' is set on object 'Object Repository/Page_cabi Eblast/eBlastStyleSearch'

2019-09-27 18:17:33 - [MESSAGE][PASSED] - Text '3864' is set on object 'Object Repository/Page_cabi Eblast/eBlastStyleSearch'

2019-09-27 18:17:33 - [TEST_STEP][PASSED] - delay(4): Delayed 4 second(s)

2019-09-27 18:17:37 - [MESSAGE][PASSED] - Delayed 4 second(s)

2019-09-27 18:17:37 - [TEST_STEP][PASSED] - if (toString().equalsIgnoreCase("no")): Actual text and expected text of test object 'Object Repository/Page_cabi Eblast/styleNotFound' are matched.

2019-09-27 18:17:37 - [TEST_STEP][PASSED] - style_notfound = findWebElements(findTestObject("Page_cabi Eblast/styleNotFound"), 5): null

2019-09-27 18:17:38 - [TEST_STEP][PASSED] - println(style_notfound.size()): null

2019-09-27 18:17:38 - [TEST_STEP][PASSED] - assert style_notfound.size() > 0: null

2019-09-27 18:17:38 - [TEST_STEP][PASSED] - verifyElementText(findTestObject("Page_cabi Eblast/styleNotFound"), "No matching product"): Actual text and expected text of test object 'Object Repository/Page_cabi Eblast/styleNotFound' are matched.

2019-09-27 18:17:38 - [MESSAGE][PASSED] - Actual text and expected text of test object 'Object Repository/Page_cabi Eblast/styleNotFound' are matched.

2019-09-27 18:17:38 - [TEST_STEP][PASSED] - delay(2): Delayed 2 second(s)

2019-09-27 18:17:40 - [MESSAGE][PASSED] - Delayed 2 second(s)

2019-09-27 18:17:40 - [TEST_STEP][PASSED] - setText(findTestObject("Page_cabi Eblast/eBlastStyleSearch"), findTestData("productData").getValue("Style", row)): Text '3865' is set on object 'Object Repository/Page_cabi Eblast/eBlastStyleSearch'

2019-09-27 18:17:40 - [MESSAGE][PASSED] - Text '3865' is set on object 'Object Repository/Page_cabi Eblast/eBlastStyleSearch'

2019-09-27 18:17:40 - [TEST_STEP][PASSED] - delay(4): Delayed 4 second(s)

2019-09-27 18:17:44 - [MESSAGE][PASSED] - Delayed 4 second(s)

2019-09-27 18:17:44 - [TEST_STEP][PASSED] - if (toString().equalsIgnoreCase("no")): Actual text and expected text of test object 'Object Repository/Page_cabi Eblast/styleNotFound' are matched.

2019-09-27 18:17:44 - [TEST_STEP][PASSED] - style_notfound = findWebElements(findTestObject("Page_cabi Eblast/styleNotFound"), 5): null

2019-09-27 18:17:44 - [TEST_STEP][PASSED] - println(style_notfound.size()): null

2019-09-27 18:17:44 - [TEST_STEP][PASSED] - assert style_notfound.size() > 0: null

2019-09-27 18:17:44 - [TEST_STEP][PASSED] - verifyElementText(findTestObject("Page_cabi Eblast/styleNotFound"), "No matching product"): Actual text and expected text of test object 'Object Repository/Page_cabi Eblast/styleNotFound' are matched.

2019-09-27 18:17:44 - [MESSAGE][PASSED] - Actual text and expected text of test object 'Object Repository/Page_cabi Eblast/styleNotFound' are matched.

2019-09-27 18:17:44 - [TEST_STEP][PASSED] - delay(2): Delayed 2 second(s)

2019-09-27 18:17:46 - [MESSAGE][PASSED] - Delayed 2 second(s)

2019-09-27 18:17:46 - [TEST_STEP][PASSED] - setText(findTestObject("Page_cabi Eblast/eBlastStyleSearch"), findTestData("productData").getValue("Style", row)): Text '3843' is set on object 'Object Repository/Page_cabi Eblast/eBlastStyleSearch'

2019-09-27 18:17:46 - [MESSAGE][PASSED] - Text '3843' is set on object 'Object Repository/Page_cabi Eblast/eBlastStyleSearch'

2019-09-27 18:17:46 - [TEST_STEP][PASSED] - delay(4): Delayed 4 second(s)

2019-09-27 18:17:50 - [MESSAGE][PASSED] - Delayed 4 second(s)

2019-09-27 18:17:50 - [TEST_STEP][PASSED] - if (toString().equalsIgnoreCase("no")): Actual text and expected text of test object 'Object Repository/Page_cabi Eblast/styleNotFound' are matched.

2019-09-27 18:17:50 - [TEST_STEP][PASSED] - style_notfound = findWebElements(findTestObject("Page_cabi Eblast/styleNotFound"), 5): null

2019-09-27 18:17:50 - [TEST_STEP][PASSED] - println(style_notfound.size()): null

2019-09-27 18:17:50 - [TEST_STEP][PASSED] - assert style_notfound.size() > 0: null

2019-09-27 18:17:50 - [TEST_STEP][PASSED] - verifyElementText(findTestObject("Page_cabi Eblast/styleNotFound"), "No matching product"): Actual text and expected text of test object 'Object Repository/Page_cabi Eblast/styleNotFound' are matched.

2019-09-27 18:17:50 - [MESSAGE][PASSED] - Actual text and expected text of test object 'Object Repository/Page_cabi Eblast/styleNotFound' are matched.

2019-09-27 18:17:50 - [TEST_STEP][PASSED] - delay(2): Delayed 2 second(s)

2019-09-27 18:17:52 - [MESSAGE][PASSED] - Delayed 2 second(s)

2019-09-27 18:17:52 - [TEST_STEP][PASSED] - setText(findTestObject("Page_cabi Eblast/eBlastStyleSearch"), findTestData("productData").getValue("Style", row)): Text '3846' is set on object 'Object Repository/Page_cabi Eblast/eBlastStyleSearch'

2019-09-27 18:17:52 - [MESSAGE][PASSED] - Text '3846' is set on object 'Object Repository/Page_cabi Eblast/eBlastStyleSearch'

2019-09-27 18:17:52 - [TEST_STEP][PASSED] - delay(4): Delayed 4 second(s)

2019-09-27 18:17:56 - [MESSAGE][PASSED] - Delayed 4 second(s)

2019-09-27 18:17:56 - [TEST_STEP][PASSED] - if (toString().equalsIgnoreCase("no")): Actual text and expected text of test object 'Object Repository/Page_cabi Eblast/styleNotFound' are matched.

2019-09-27 18:17:56 - [TEST_STEP][PASSED] - style_notfound = findWebElements(findTestObject("Page_cabi Eblast/styleNotFound"), 5): null

2019-09-27 18:17:56 - [TEST_STEP][PASSED] - println(style_notfound.size()): null

2019-09-27 18:17:56 - [TEST_STEP][PASSED] - assert style_notfound.size() > 0: null

2019-09-27 18:17:56 - [TEST_STEP][PASSED] - verifyElementText(findTestObject("Page_cabi Eblast/styleNotFound"), "No matching product"): Actual text and expected text of test object 'Object Repository/Page_cabi Eblast/styleNotFound' are matched.

2019-09-27 18:17:56 - [MESSAGE][PASSED] - Actual text and expected text of test object 'Object Repository/Page_cabi Eblast/styleNotFound' are matched.

2019-09-27 18:17:56 - [TEST_STEP][PASSED] - delay(2): Delayed 2 second(s)

2019-09-27 18:17:58 - [MESSAGE][PASSED] - Delayed 2 second(s)

2019-09-27 18:17:58 - [TEST_STEP][PASSED] - setText(findTestObject("Page_cabi Eblast/eBlastStyleSearch"), findTestData("productData").getValue("Style", row)): Text '3861' is set on object 'Object Repository/Page_cabi Eblast/eBlastStyleSearch'

2019-09-27 18:17:58 - [MESSAGE][PASSED] - Text '3861' is set on object 'Object Repository/Page_cabi Eblast/eBlastStyleSearch'

2019-09-27 18:17:58 - [TEST_STEP][PASSED] - delay(4): Delayed 4 second(s)

2019-09-27 18:18:02 - [MESSAGE][PASSED] - Delayed 4 second(s)

2019-09-27 18:18:02 - [TEST_STEP][PASSED] - if (toString().equalsIgnoreCase("no")): Actual text and expected text of test object 'Object Repository/Page_cabi Eblast/styleNotFound' are matched.

2019-09-27 18:18:02 - [TEST_STEP][PASSED] - style_notfound = findWebElements(findTestObject("Page_cabi Eblast/styleNotFound"), 5): null

2019-09-27 18:18:02 - [TEST_STEP][PASSED] - println(style_notfound.size()): null

2019-09-27 18:18:02 - [TEST_STEP][PASSED] - assert style_notfound.size() > 0: null

2019-09-27 18:18:02 - [TEST_STEP][PASSED] - verifyElementText(findTestObject("Page_cabi Eblast/styleNotFound"), "No matching product"): Actual text and expected text of test object 'Object Repository/Page_cabi Eblast/styleNotFound' are matched.

2019-09-27 18:18:02 - [MESSAGE][PASSED] - Actual text and expected text of test object 'Object Repository/Page_cabi Eblast/styleNotFound' are matched.

2019-09-27 18:18:02 - [TEST_STEP][PASSED] - delay(2): Delayed 2 second(s)

2019-09-27 18:18:04 - [MESSAGE][PASSED] - Delayed 2 second(s)

2019-09-27 18:18:04 - [TEST_STEP][PASSED] - setText(findTestObject("Page_cabi Eblast/eBlastStyleSearch"), findTestData("productData").getValue("Style", row)): Text '3863' is set on object 'Object Repository/Page_cabi Eblast/eBlastStyleSearch'

2019-09-27 18:18:05 - [MESSAGE][PASSED] - Text '3863' is set on object 'Object Repository/Page_cabi Eblast/eBlastStyleSearch'

2019-09-27 18:18:05 - [TEST_STEP][PASSED] - delay(4): Delayed 4 second(s)

2019-09-27 18:18:09 - [MESSAGE][PASSED] - Delayed 4 second(s)

2019-09-27 18:18:09 - [TEST_STEP][PASSED] - if (toString().equalsIgnoreCase("no")): Actual text and expected text of test object 'Object Repository/Page_cabi Eblast/styleNotFound' are matched.

2019-09-27 18:18:09 - [TEST_STEP][PASSED] - style_notfound = findWebElements(findTestObject("Page_cabi Eblast/styleNotFound"), 5): null

2019-09-27 18:18:09 - [TEST_STEP][PASSED] - println(style_notfound.size()): null

2019-09-27 18:18:09 - [TEST_STEP][PASSED] - assert style_notfound.size() > 0: null

2019-09-27 18:18:09 - [TEST_STEP][PASSED] - verifyElementText(findTestObject("Page_cabi Eblast/styleNotFound"), "No matching product"): Actual text and expected text of test object 'Object Repository/Page_cabi Eblast/styleNotFound' are matched.

2019-09-27 18:18:09 - [MESSAGE][PASSED] - Actual text and expected text of test object 'Object Repository/Page_cabi Eblast/styleNotFound' are matched.

2019-09-27 18:18:09 - [TEST_STEP][PASSED] - delay(2): Delayed 2 second(s)

2019-09-27 18:18:11 - [MESSAGE][PASSED] - Delayed 2 second(s)

2019-09-27 18:18:11 - [TEST_STEP][PASSED] - setText(findTestObject("Page_cabi Eblast/eBlastStyleSearch"), findTestData("productData").getValue("Style", row)): Text '3850' is set on object 'Object Repository/Page_cabi Eblast/eBlastStyleSearch'

2019-09-27 18:18:11 - [MESSAGE][PASSED] - Text '3850' is set on object 'Object Repository/Page_cabi Eblast/eBlastStyleSearch'

2019-09-27 18:18:11 - [TEST_STEP][PASSED] - delay(4): Delayed 4 second(s)

2019-09-27 18:18:15 - [MESSAGE][PASSED] - Delayed 4 second(s)

2019-09-27 18:18:15 - [TEST_STEP][PASSED] - if (toString().equalsIgnoreCase("no")): Actual text and expected text of test object 'Object Repository/Page_cabi Eblast/styleNotFound' are matched.

2019-09-27 18:18:15 - [TEST_STEP][PASSED] - style_notfound = findWebElements(findTestObject("Page_cabi Eblast/styleNotFound"), 5): null

2019-09-27 18:18:15 - [TEST_STEP][PASSED] - println(style_notfound.size()): null

2019-09-27 18:18:15 - [TEST_STEP][PASSED] - assert style_notfound.size() > 0: null

2019-09-27 18:18:15 - [TEST_STEP][PASSED] - verifyElementText(findTestObject("Page_cabi Eblast/styleNotFound"), "No matching product"): Actual text and expected text of test object 'Object Repository/Page_cabi Eblast/styleNotFound' are matched.

2019-09-27 18:18:15 - [MESSAGE][PASSED] - Actual text and expected text of test object 'Object Repository/Page_cabi Eblast/styleNotFound' are matched.

2019-09-27 18:18:15 - [TEST_STEP][PASSED] - callTestCase(findTestCase("NewArrival/populateTimeGlobalVars"), ["row":timeRow], STOP_ON_FAILURE): Call Test Case 'Test Cases/NewArrival/populateTimeGlobalVars' successfully

2019-09-27 18:18:15 - [TEST_CASE][PASSED] - Test Cases/NewArrival/populateTimeGlobalVars: Test Cases/NewArrival/populateTimeGlobalVars

2019-09-27 18:18:15 - [TEST_STEP][PASSED] - dataFile = "timezoneData": null

2019-09-27 18:18:15 - [TEST_STEP][PASSED] - clockServerTarget = UtilityMethods.getTestData("envtData", "clockServerTarget", 1): null

2019-09-27 18:18:15 - [TEST_STEP][PASSED] - println(clockServerTarget): null

2019-09-27 18:18:15 - [TEST_STEP][PASSED] - orderType = UtilityMethods.getTestData(dataFile, "orderType", row): null

2019-09-27 18:18:15 - [TEST_STEP][PASSED] - timeZone = UtilityMethods.getTestData(dataFile, "timeZone", row): null

2019-09-27 18:18:15 - [TEST_STEP][PASSED] - BOPersonal = UtilityMethods.getTestData(dataFile, "BOPersonal", row): null

2019-09-27 18:18:15 - [TEST_STEP][PASSED] - BOAddonPersonal = UtilityMethods.getTestData(dataFile, "BOAddonPersonal", row): null

2019-09-27 18:18:15 - [TEST_STEP][PASSED] - BOAddonRetail = UtilityMethods.getTestData(dataFile, "BOAddonRetail", row): null

2019-09-27 18:18:15 - [TEST_STEP][PASSED] - BORetail = UtilityMethods.getTestData(dataFile, "BORetail", row): null

2019-09-27 18:18:15 - [TEST_STEP][PASSED] - BOShow = UtilityMethods.getTestData(dataFile, "BOShow", row): null

2019-09-27 18:18:15 - [TEST_STEP][PASSED] - BOOnlineoutlet = UtilityMethods.getTestData(dataFile, "BOOnlineoutlet", row): null

2019-09-27 18:18:15 - [TEST_STEP][PASSED] - BOEmployee = UtilityMethods.getTestData(dataFile, "BOEmployee", row): null

2019-09-27 18:18:15 - [TEST_STEP][PASSED] - CCPersonal = UtilityMethods.getTestData(dataFile, "CCPersonal", row): null

2019-09-27 18:18:15 - [TEST_STEP][PASSED] - CCRetail = UtilityMethods.getTestData(dataFile, "CCRetail", row): null

2019-09-27 18:18:15 - [TEST_STEP][PASSED] - CCShow = UtilityMethods.getTestData(dataFile, "CCShow", row): null

2019-09-27 18:18:15 - [TEST_STEP][PASSED] - BOEblast = UtilityMethods.getTestData(dataFile, "BOEblast", row): null

2019-09-27 18:18:15 - [TEST_STEP][PASSED] - println(row): null

2019-09-27 18:18:15 - [TEST_STEP][PASSED] - println(BOPersonal): null

2019-09-27 18:18:15 - [MESSAGE][PASSED] - Call Test Case 'Test Cases/NewArrival/populateTimeGlobalVars' successfully

2019-09-27 18:18:15 - [TEST_STEP][PASSED] - available = BOEblast: null

2019-09-27 18:18:15 - [TEST_STEP][PASSED] - callTestCase(findTestCase("NewArrival/setTimezone"), ["ofbizURL":"", "ofbizuser":"", "ofbizpass":"", "orderType":orderType, "timeZone":timeZone, "clockServerTarget":clockServerTarget], STOP_ON_FAILURE): Call Test Case 'Test Cases/NewArrival/setTimezone' successfully

2019-09-27 18:18:15 - [TEST_CASE][PASSED] - Test Cases/NewArrival/setTimezone: Test Cases/NewArrival/setTimezone

2019-09-27 18:18:15 - [TEST_STEP][PASSED] - openBrowser(""): Browser is opened with url: ''

2019-09-27 18:18:15 - [MESSAGE][WARNING] - A browser is already opened. Closing browser and opening a new one

2019-09-27 18:18:16 - [MESSAGE][INFO] - Starting 'Chrome' driver

2019-09-27 18:18:16 - [MESSAGE][INFO] - User set preference: ['args', '[--use-fake-ui-for-media-stream, --start-maximized]']

2019-09-27 18:18:18 - [MESSAGE][PASSED] - Browser is opened with url: ''

2019-09-27 18:18:18 - [TEST_STEP][NOT_RUN] - maximizeWindow(): NOT_RUN: maximizeWindow()

2019-09-27 18:18:18 - [MESSAGE][NOT_RUN] - NOT_RUN: maximizeWindow()

2019-09-27 18:18:18 - [TEST_STEP][PASSED] - ofbizURL = findTestData("envtData").getValue("ofbizURL", 1): null

2019-09-27 18:18:18 - [TEST_STEP][PASSED] - ofbizuser = findTestData("credData").getValue("ofbizuser", 1): null

2019-09-27 18:18:19 - [TEST_STEP][PASSED] - ofbizpass = findTestData("credData").getValue("ofbizpass", 1): null

2019-09-27 18:18:19 - [TEST_STEP][PASSED] - navigateToUrl(ofbizURL): Navigate to 'https://pushofbiz.cliotest.com/login.php' successfully

2019-09-27 18:18:20 - [MESSAGE][PASSED] - Navigate to 'https://pushofbiz.cliotest.com/login.php' successfully

2019-09-27 18:18:20 - [TEST_STEP][PASSED] - setText(findTestObject("Page_/input_Username_username"), ofbizuser): Text 'automation' is set on object 'Object Repository/Page_/input_Username_username'

2019-09-27 18:18:21 - [MESSAGE][PASSED] - Text 'automation' is set on object 'Object Repository/Page_/input_Username_username'

2019-09-27 18:18:21 - [TEST_STEP][PASSED] - setText(findTestObject("Page_/input_Password_password"), ofbizpass): Text 'cabiautomation' is set on object 'Object Repository/Page_/input_Password_password'

2019-09-27 18:18:21 - [MESSAGE][PASSED] - Text 'cabiautomation' is set on object 'Object Repository/Page_/input_Password_password'

2019-09-27 18:18:21 - [TEST_STEP][PASSED] - click(findTestObject("Page_/input_Password_Submit")): Object: 'Object Repository/Page_/input_Password_Submit' is clicked on

2019-09-27 18:18:24 - [MESSAGE][PASSED] - Object: 'Object Repository/Page_/input_Password_Submit' is clicked on

2019-09-27 18:18:24 - [TEST_STEP][PASSED] - click(findTestObject("Object Repository/Page_/a_Clock set")): Object: 'Object Repository/Page_/a_Clock set' is clicked on

2019-09-27 18:18:24 - [MESSAGE][PASSED] - Object: 'Object Repository/Page_/a_Clock set' is clicked on

2019-09-27 18:18:24 - [TEST_STEP][PASSED] - cst = UtilityMethods.createTestObject("select_target", "//select[@name='Target']/option[contains(text(), '", clockServerTarget, "')]"): null

2019-09-27 18:18:24 - [TEST_STEP][PASSED] - println(clockServerTarget): null

2019-09-27 18:18:24 - [TEST_STEP][PASSED] - click(cst): Object: 'select_target' is clicked on

2019-09-27 18:18:25 - [MESSAGE][PASSED] - Object: 'select_target' is clicked on

2019-09-27 18:18:25 - [TEST_STEP][PASSED] - click(findTestObject("Page_/thisDateAndTime")): Object: 'Object Repository/Page_/thisDateAndTime' is clicked on

2019-09-27 18:18:25 - [MESSAGE][PASSED] - Object: 'Object Repository/Page_/thisDateAndTime' is clicked on

2019-09-27 18:18:25 - [TEST_STEP][PASSED] - setText(findTestObject("Object Repository/Page_/setTargetTime"), timeZone): Text ' 10/24/2019 00:00' is set on object 'Object Repository/Page_/setTargetTime'

2019-09-27 18:18:25 - [MESSAGE][PASSED] - Text ' 10/24/2019 00:00' is set on object 'Object Repository/Page_/setTargetTime'

2019-09-27 18:18:25 - [TEST_STEP][PASSED] - click(findTestObject("Object Repository/Page_/input")): Object: 'Object Repository/Page_/input' is clicked on

2019-09-27 18:18:25 - [MESSAGE][PASSED] - Object: 'Object Repository/Page_/input' is clicked on

2019-09-27 18:18:25 - [TEST_STEP][PASSED] - delay(10): Delayed 10 second(s)

2019-09-27 18:18:35 - [MESSAGE][PASSED] - Delayed 10 second(s)

2019-09-27 18:18:35 - [TEST_STEP][NOT_RUN] - closeBrowser(): NOT_RUN: closeBrowser()

2019-09-27 18:18:35 - [MESSAGE][NOT_RUN] - NOT_RUN: closeBrowser()

2019-09-27 18:18:35 - [MESSAGE][PASSED] - Call Test Case 'Test Cases/NewArrival/setTimezone' successfully

2019-09-27 18:18:35 - [TEST_STEP][PASSED] - callTestCase(findTestCase("TestCaseUtilities/backOfficeLogin"), ["BOURL":"", "BOuser":"", "BOpass":""], STOP_ON_FAILURE): Call Test Case 'Test Cases/TestCaseUtilities/backOfficeLogin' successfully

2019-09-27 18:18:35 - [TEST_CASE][PASSED] - Test Cases/TestCaseUtilities/backOfficeLogin: Test Cases/TestCaseUtilities/backOfficeLogin

2019-09-27 18:18:36 - [TEST_STEP][PASSED] - BOURL = findTestData("envtData").getValue("BOURL", 1): null

2019-09-27 18:18:36 - [TEST_STEP][PASSED] - BOuser = findTestData("credData").getValue("BOuser", 1): null

2019-09-27 18:18:36 - [TEST_STEP][PASSED] - BOpass = findTestData("credData").getValue("BOpass", 1): null

2019-09-27 18:18:36 - [TEST_STEP][PASSED] - openBrowser(""): Browser is opened with url: ''

2019-09-27 18:18:36 - [MESSAGE][WARNING] - A browser is already opened. Closing browser and opening a new one

2019-09-27 18:18:36 - [MESSAGE][INFO] - Starting 'Chrome' driver

2019-09-27 18:18:36 - [MESSAGE][INFO] - User set preference: ['args', '[--use-fake-ui-for-media-stream, --start-maximized]']

2019-09-27 18:18:38 - [MESSAGE][PASSED] - Browser is opened with url: ''

2019-09-27 18:18:38 - [TEST_STEP][PASSED] - navigateToUrl(BOURL): Navigate to 'https://test4uk.cliotest.com/backoffice/control/main' successfully

2019-09-27 18:18:47 - [MESSAGE][PASSED] - Navigate to 'https://test4uk.cliotest.com/backoffice/control/main' successfully

2019-09-27 18:18:47 - [TEST_STEP][PASSED] - logOut = findWebElements(findTestObject("Object Repository/Page_cabi Home/log_out"), 1): Unable to find the element located by 'By.xpath: //a[contains(text(),'Log Out')]'. Please recheck the objects properties to make sure the desired element is located. 

2019-09-27 18:18:48 - [MESSAGE][INFO] - Unable to find the element located by 'By.xpath: //a[contains(text(),'Log Out')]'. Please recheck the objects properties to make sure the desired element is located. 

2019-09-27 18:18:48 - [TEST_STEP][PASSED] - if (logOut.size() == 0): Object: 'Object Repository/Page_cabi/input_Welcome to_consultantLogin' is clicked on

2019-09-27 18:18:48 - [TEST_STEP][PASSED] - setText(findTestObject("Page_cabi/input_Welcome to_USERNAME"), BOuser): Text 'uk1312' is set on object 'Object Repository/Page_cabi/input_Welcome to_USERNAME'

2019-09-27 18:18:48 - [MESSAGE][PASSED] - Text 'uk1312' is set on object 'Object Repository/Page_cabi/input_Welcome to_USERNAME'

2019-09-27 18:18:48 - [TEST_STEP][PASSED] - setText(findTestObject("Object Repository/Page_cabi/input_Welcome to_PASSWORD"), BOpass): Text 'blackdress19' is set on object 'Object Repository/Page_cabi/input_Welcome to_PASSWORD'

2019-09-27 18:18:48 - [MESSAGE][PASSED] - Text 'blackdress19' is set on object 'Object Repository/Page_cabi/input_Welcome to_PASSWORD'

2019-09-27 18:18:48 - [TEST_STEP][PASSED] - click(findTestObject("Object Repository/Page_cabi/input_Welcome to_consultantLogin")): Object: 'Object Repository/Page_cabi/input_Welcome to_consultantLogin' is clicked on

2019-09-27 18:18:57 - [MESSAGE][PASSED] - Object: 'Object Repository/Page_cabi/input_Welcome to_consultantLogin' is clicked on

2019-09-27 18:18:57 - [TEST_STEP][PASSED] - delay(3): Delayed 3 second(s)

2019-09-27 18:19:00 - [MESSAGE][PASSED] - Delayed 3 second(s)

2019-09-27 18:19:00 - [MESSAGE][PASSED] - Call Test Case 'Test Cases/TestCaseUtilities/backOfficeLogin' successfully

2019-09-27 18:19:00 - [TEST_STEP][PASSED] - click(findTestObject("Page_cabi Home/a_Connections")): Object: 'Object Repository/Page_cabi Home/a_Connections' is clicked on

2019-09-27 18:19:00 - [MESSAGE][PASSED] - Object: 'Object Repository/Page_cabi Home/a_Connections' is clicked on

2019-09-27 18:19:00 - [TEST_STEP][PASSED] - click(findTestObject("Page_cabi Home/a_Contact Manager")): Object: 'Object Repository/Page_cabi Home/a_Contact Manager' is clicked on

2019-09-27 18:19:04 - [MESSAGE][PASSED] - Object: 'Object Repository/Page_cabi Home/a_Contact Manager' is clicked on

2019-09-27 18:19:04 - [TEST_STEP][PASSED] - click(findTestObject("Page_cabi/span_SEND eBLAST")): Object: 'Object Repository/Page_cabi/span_SEND eBLAST' is clicked on

2019-09-27 18:19:04 - [MESSAGE][PASSED] - Object: 'Object Repository/Page_cabi/span_SEND eBLAST' is clicked on

2019-09-27 18:19:04 - [TEST_STEP][PASSED] - click(findTestObject("Object Repository/Page_cabi Eblast/a_Stylist Picks")): Object: 'Object Repository/Page_cabi Eblast/a_Stylist Picks' is clicked on

2019-09-27 18:19:14 - [MESSAGE][PASSED] - Object: 'Object Repository/Page_cabi Eblast/a_Stylist Picks' is clicked on

2019-09-27 18:19:14 - [TEST_STEP][PASSED] - click(findTestObject("Object Repository/Page_cabi Eblast/button_ADD PRODUCTS TO EBLAST")): Object: 'Object Repository/Page_cabi Eblast/button_ADD PRODUCTS TO EBLAST' is clicked on

2019-09-27 18:19:14 - [MESSAGE][PASSED] - Object: 'Object Repository/Page_cabi Eblast/button_ADD PRODUCTS TO EBLAST' is clicked on

2019-09-27 18:19:14 - [TEST_STEP][FAILED] - for ([row = 1, row <= findTestData("productData").getRowNumbers(), (row++)]): for ([timeRow = 1, timeRow <= findTestData("timezoneData").getRowNumbers(), (timeRow++)]) FAILED.
Reason:
Assertion failed: 

assert style_notfound.size() > 0
       |              |      |
       []             0      false

	at productEblast.run(productEblast:61)
	at com.kms.katalon.core.main.ScriptEngine.run(ScriptEngine.java:194)
	at com.kms.katalon.core.main.ScriptEngine.runScriptAsRawText(ScriptEngine.java:119)
	at com.kms.katalon.core.main.TestCaseExecutor.runScript(TestCaseExecutor.java:342)
	at com.kms.katalon.core.main.TestCaseExecutor.doExecute(TestCaseExecutor.java:333)
	at com.kms.katalon.core.main.TestCaseExecutor.processExecutionPhase(TestCaseExecutor.java:312)
	at com.kms.katalon.core.main.TestCaseExecutor.accessMainPhase(TestCaseExecutor.java:304)
	at com.kms.katalon.core.main.TestCaseExecutor.execute(TestCaseExecutor.java:238)
	at com.kms.katalon.core.main.TestSuiteExecutor.accessTestCaseMainPhase(TestSuiteExecutor.java:129)
	at com.kms.katalon.core.main.TestSuiteExecutor.accessTestSuiteMainPhase(TestSuiteExecutor.java:112)
	at com.kms.katalon.core.main.TestSuiteExecutor.execute(TestSuiteExecutor.java:81)
	at com.kms.katalon.core.main.TestCaseMain.startTestSuite(TestCaseMain.java:157)
	at com.kms.katalon.core.main.TestCaseMain$startTestSuite$0.call(Unknown Source)
	at TempTestSuite1569588350742.run(TempTestSuite1569588350742.groovy:35)


2019-09-27 18:19:14 - [TEST_STEP][PASSED] - delay(2): Delayed 2 second(s)

2019-09-27 18:19:16 - [MESSAGE][PASSED] - Delayed 2 second(s)

2019-09-27 18:19:16 - [TEST_STEP][PASSED] - setText(findTestObject("Page_cabi Eblast/eBlastStyleSearch"), findTestData("productData").getValue("Style", row)): Text '3875' is set on object 'Object Repository/Page_cabi Eblast/eBlastStyleSearch'

2019-09-27 18:19:16 - [MESSAGE][PASSED] - Text '3875' is set on object 'Object Repository/Page_cabi Eblast/eBlastStyleSearch'

2019-09-27 18:19:16 - [TEST_STEP][PASSED] - delay(4): Delayed 4 second(s)

2019-09-27 18:19:20 - [MESSAGE][PASSED] - Delayed 4 second(s)

2019-09-27 18:19:20 - [TEST_STEP][PASSED] - if (toString().equalsIgnoreCase("no")): Actual text and expected text of test object 'Object Repository/Page_cabi Eblast/styleNotFound' are matched.

2019-09-27 18:19:20 - [TEST_STEP][PASSED] - style_notfound = findWebElements(findTestObject("Page_cabi Eblast/styleNotFound"), 5): null

2019-09-27 18:19:20 - [TEST_STEP][PASSED] - println(style_notfound.size()): null

2019-09-27 18:19:20 - [TEST_STEP][PASSED] - assert style_notfound.size() > 0: null

2019-09-27 18:19:20 - [TEST_STEP][PASSED] - verifyElementText(findTestObject("Page_cabi Eblast/styleNotFound"), "No matching product"): Actual text and expected text of test object 'Object Repository/Page_cabi Eblast/styleNotFound' are matched.

2019-09-27 18:19:20 - [MESSAGE][PASSED] - Actual text and expected text of test object 'Object Repository/Page_cabi Eblast/styleNotFound' are matched.

2019-09-27 18:19:20 - [TEST_STEP][PASSED] - delay(2): Delayed 2 second(s)

2019-09-27 18:19:22 - [MESSAGE][PASSED] - Delayed 2 second(s)

2019-09-27 18:19:22 - [TEST_STEP][PASSED] - setText(findTestObject("Page_cabi Eblast/eBlastStyleSearch"), findTestData("productData").getValue("Style", row)): Text '3869' is set on object 'Object Repository/Page_cabi Eblast/eBlastStyleSearch'

2019-09-27 18:19:23 - [MESSAGE][PASSED] - Text '3869' is set on object 'Object Repository/Page_cabi Eblast/eBlastStyleSearch'

2019-09-27 18:19:23 - [TEST_STEP][PASSED] - delay(4): Delayed 4 second(s)

2019-09-27 18:19:27 - [MESSAGE][PASSED] - Delayed 4 second(s)

2019-09-27 18:19:27 - [TEST_STEP][PASSED] - if (toString().equalsIgnoreCase("no")): Actual text and expected text of test object 'Object Repository/Page_cabi Eblast/styleNotFound' are matched.

2019-09-27 18:19:27 - [TEST_STEP][PASSED] - style_notfound = findWebElements(findTestObject("Page_cabi Eblast/styleNotFound"), 5): null

2019-09-27 18:19:27 - [TEST_STEP][PASSED] - println(style_notfound.size()): null

2019-09-27 18:19:27 - [TEST_STEP][PASSED] - assert style_notfound.size() > 0: null

2019-09-27 18:19:27 - [TEST_STEP][PASSED] - verifyElementText(findTestObject("Page_cabi Eblast/styleNotFound"), "No matching product"): Actual text and expected text of test object 'Object Repository/Page_cabi Eblast/styleNotFound' are matched.

2019-09-27 18:19:27 - [MESSAGE][PASSED] - Actual text and expected text of test object 'Object Repository/Page_cabi Eblast/styleNotFound' are matched.

2019-09-27 18:19:27 - [TEST_STEP][PASSED] - delay(2): Delayed 2 second(s)

2019-09-27 18:19:29 - [MESSAGE][PASSED] - Delayed 2 second(s)

2019-09-27 18:19:29 - [TEST_STEP][PASSED] - setText(findTestObject("Page_cabi Eblast/eBlastStyleSearch"), findTestData("productData").getValue("Style", row)): Text '3870' is set on object 'Object Repository/Page_cabi Eblast/eBlastStyleSearch'

2019-09-27 18:19:29 - [MESSAGE][PASSED] - Text '3870' is set on object 'Object Repository/Page_cabi Eblast/eBlastStyleSearch'

2019-09-27 18:19:29 - [TEST_STEP][PASSED] - delay(4): Delayed 4 second(s)

2019-09-27 18:19:33 - [MESSAGE][PASSED] - Delayed 4 second(s)

2019-09-27 18:19:33 - [TEST_STEP][PASSED] - if (toString().equalsIgnoreCase("no")): Actual text and expected text of test object 'Object Repository/Page_cabi Eblast/styleNotFound' are matched.

2019-09-27 18:19:33 - [TEST_STEP][PASSED] - style_notfound = findWebElements(findTestObject("Page_cabi Eblast/styleNotFound"), 5): null

2019-09-27 18:19:33 - [TEST_STEP][PASSED] - println(style_notfound.size()): null

2019-09-27 18:19:33 - [TEST_STEP][PASSED] - assert style_notfound.size() > 0: null

2019-09-27 18:19:33 - [TEST_STEP][PASSED] - verifyElementText(findTestObject("Page_cabi Eblast/styleNotFound"), "No matching product"): Actual text and expected text of test object 'Object Repository/Page_cabi Eblast/styleNotFound' are matched.

2019-09-27 18:19:33 - [MESSAGE][PASSED] - Actual text and expected text of test object 'Object Repository/Page_cabi Eblast/styleNotFound' are matched.

2019-09-27 18:19:33 - [TEST_STEP][PASSED] - delay(2): Delayed 2 second(s)

2019-09-27 18:19:35 - [MESSAGE][PASSED] - Delayed 2 second(s)

2019-09-27 18:19:35 - [TEST_STEP][PASSED] - setText(findTestObject("Page_cabi Eblast/eBlastStyleSearch"), findTestData("productData").getValue("Style", row)): Text '3871' is set on object 'Object Repository/Page_cabi Eblast/eBlastStyleSearch'

2019-09-27 18:19:35 - [MESSAGE][PASSED] - Text '3871' is set on object 'Object Repository/Page_cabi Eblast/eBlastStyleSearch'

2019-09-27 18:19:35 - [TEST_STEP][PASSED] - delay(4): Delayed 4 second(s)

2019-09-27 18:19:39 - [MESSAGE][PASSED] - Delayed 4 second(s)

2019-09-27 18:19:39 - [TEST_STEP][PASSED] - if (toString().equalsIgnoreCase("no")): Actual text and expected text of test object 'Object Repository/Page_cabi Eblast/styleNotFound' are matched.

2019-09-27 18:19:39 - [TEST_STEP][PASSED] - style_notfound = findWebElements(findTestObject("Page_cabi Eblast/styleNotFound"), 5): null

2019-09-27 18:19:39 - [TEST_STEP][PASSED] - println(style_notfound.size()): null

2019-09-27 18:19:39 - [TEST_STEP][PASSED] - assert style_notfound.size() > 0: null

2019-09-27 18:19:39 - [TEST_STEP][PASSED] - verifyElementText(findTestObject("Page_cabi Eblast/styleNotFound"), "No matching product"): Actual text and expected text of test object 'Object Repository/Page_cabi Eblast/styleNotFound' are matched.

2019-09-27 18:19:39 - [MESSAGE][PASSED] - Actual text and expected text of test object 'Object Repository/Page_cabi Eblast/styleNotFound' are matched.

2019-09-27 18:19:39 - [TEST_STEP][PASSED] - delay(2): Delayed 2 second(s)

2019-09-27 18:19:41 - [MESSAGE][PASSED] - Delayed 2 second(s)

2019-09-27 18:19:41 - [TEST_STEP][PASSED] - setText(findTestObject("Page_cabi Eblast/eBlastStyleSearch"), findTestData("productData").getValue("Style", row)): Text '3857' is set on object 'Object Repository/Page_cabi Eblast/eBlastStyleSearch'

2019-09-27 18:19:41 - [MESSAGE][PASSED] - Text '3857' is set on object 'Object Repository/Page_cabi Eblast/eBlastStyleSearch'

2019-09-27 18:19:41 - [TEST_STEP][PASSED] - delay(4): Delayed 4 second(s)

2019-09-27 18:19:45 - [MESSAGE][PASSED] - Delayed 4 second(s)

2019-09-27 18:19:45 - [TEST_STEP][PASSED] - if (toString().equalsIgnoreCase("no")): Actual text and expected text of test object 'Object Repository/Page_cabi Eblast/styleNotFound' are matched.

2019-09-27 18:19:45 - [TEST_STEP][PASSED] - style_notfound = findWebElements(findTestObject("Page_cabi Eblast/styleNotFound"), 5): null

2019-09-27 18:19:45 - [TEST_STEP][PASSED] - println(style_notfound.size()): null

2019-09-27 18:19:45 - [TEST_STEP][PASSED] - assert style_notfound.size() > 0: null

2019-09-27 18:19:45 - [TEST_STEP][PASSED] - verifyElementText(findTestObject("Page_cabi Eblast/styleNotFound"), "No matching product"): Actual text and expected text of test object 'Object Repository/Page_cabi Eblast/styleNotFound' are matched.

2019-09-27 18:19:45 - [MESSAGE][PASSED] - Actual text and expected text of test object 'Object Repository/Page_cabi Eblast/styleNotFound' are matched.

2019-09-27 18:19:45 - [TEST_STEP][PASSED] - delay(2): Delayed 2 second(s)

2019-09-27 18:19:47 - [MESSAGE][PASSED] - Delayed 2 second(s)

2019-09-27 18:19:47 - [TEST_STEP][PASSED] - setText(findTestObject("Page_cabi Eblast/eBlastStyleSearch"), findTestData("productData").getValue("Style", row)): Text '3864' is set on object 'Object Repository/Page_cabi Eblast/eBlastStyleSearch'

2019-09-27 18:19:47 - [MESSAGE][PASSED] - Text '3864' is set on object 'Object Repository/Page_cabi Eblast/eBlastStyleSearch'

2019-09-27 18:19:47 - [TEST_STEP][PASSED] - delay(4): Delayed 4 second(s)

2019-09-27 18:19:51 - [MESSAGE][PASSED] - Delayed 4 second(s)

2019-09-27 18:19:51 - [TEST_STEP][PASSED] - if (toString().equalsIgnoreCase("no")): Actual text and expected text of test object 'Object Repository/Page_cabi Eblast/styleNotFound' are matched.

2019-09-27 18:19:51 - [TEST_STEP][PASSED] - style_notfound = findWebElements(findTestObject("Page_cabi Eblast/styleNotFound"), 5): null

2019-09-27 18:19:51 - [TEST_STEP][PASSED] - println(style_notfound.size()): null

2019-09-27 18:19:51 - [TEST_STEP][PASSED] - assert style_notfound.size() > 0: null

2019-09-27 18:19:51 - [TEST_STEP][PASSED] - verifyElementText(findTestObject("Page_cabi Eblast/styleNotFound"), "No matching product"): Actual text and expected text of test object 'Object Repository/Page_cabi Eblast/styleNotFound' are matched.

2019-09-27 18:19:51 - [MESSAGE][PASSED] - Actual text and expected text of test object 'Object Repository/Page_cabi Eblast/styleNotFound' are matched.

2019-09-27 18:19:51 - [TEST_STEP][PASSED] - delay(2): Delayed 2 second(s)

2019-09-27 18:19:53 - [MESSAGE][PASSED] - Delayed 2 second(s)

2019-09-27 18:19:53 - [TEST_STEP][PASSED] - setText(findTestObject("Page_cabi Eblast/eBlastStyleSearch"), findTestData("productData").getValue("Style", row)): Text '3865' is set on object 'Object Repository/Page_cabi Eblast/eBlastStyleSearch'

2019-09-27 18:19:54 - [MESSAGE][PASSED] - Text '3865' is set on object 'Object Repository/Page_cabi Eblast/eBlastStyleSearch'

2019-09-27 18:19:54 - [TEST_STEP][PASSED] - delay(4): Delayed 4 second(s)

2019-09-27 18:19:58 - [MESSAGE][PASSED] - Delayed 4 second(s)

2019-09-27 18:19:58 - [TEST_STEP][FAILED] - if (toString().equalsIgnoreCase("no")): for ([timeRow = 1, timeRow <= findTestData("timezoneData").getRowNumbers(), (timeRow++)]) FAILED.
Reason:
Assertion failed: 

assert style_notfound.size() > 0
       |              |      |
       []             0      false

	at productEblast.run(productEblast:61)
	at com.kms.katalon.core.main.ScriptEngine.run(ScriptEngine.java:194)
	at com.kms.katalon.core.main.ScriptEngine.runScriptAsRawText(ScriptEngine.java:119)
	at com.kms.katalon.core.main.TestCaseExecutor.runScript(TestCaseExecutor.java:342)
	at com.kms.katalon.core.main.TestCaseExecutor.doExecute(TestCaseExecutor.java:333)
	at com.kms.katalon.core.main.TestCaseExecutor.processExecutionPhase(TestCaseExecutor.java:312)
	at com.kms.katalon.core.main.TestCaseExecutor.accessMainPhase(TestCaseExecutor.java:304)
	at com.kms.katalon.core.main.TestCaseExecutor.execute(TestCaseExecutor.java:238)
	at com.kms.katalon.core.main.TestSuiteExecutor.accessTestCaseMainPhase(TestSuiteExecutor.java:129)
	at com.kms.katalon.core.main.TestSuiteExecutor.accessTestSuiteMainPhase(TestSuiteExecutor.java:112)
	at com.kms.katalon.core.main.TestSuiteExecutor.execute(TestSuiteExecutor.java:81)
	at com.kms.katalon.core.main.TestCaseMain.startTestSuite(TestCaseMain.java:157)
	at com.kms.katalon.core.main.TestCaseMain$startTestSuite$0.call(Unknown Source)
	at TempTestSuite1569588350742.run(TempTestSuite1569588350742.groovy:35)


2019-09-27 18:19:58 - [TEST_STEP][PASSED] - style_notfound = findWebElements(findTestObject("Page_cabi Eblast/styleNotFound"), 5): Unable to find the element located by 'By.xpath: //*[@id="product"]/span'. Please recheck the objects properties to make sure the desired element is located. 

2019-09-27 18:20:03 - [MESSAGE][INFO] - Unable to find the element located by 'By.xpath: //*[@id="product"]/span'. Please recheck the objects properties to make sure the desired element is located. 

2019-09-27 18:20:03 - [TEST_STEP][PASSED] - println(style_notfound.size()): null

2019-09-27 18:20:03 - [TEST_STEP][FAILED] - assert style_notfound.size() > 0: for ([timeRow = 1, timeRow <= findTestData("timezoneData").getRowNumbers(), (timeRow++)]) FAILED.
Reason:
Assertion failed: 

assert style_notfound.size() > 0
       |              |      |
       []             0      false

	at productEblast.run(productEblast:61)
	at com.kms.katalon.core.main.ScriptEngine.run(ScriptEngine.java:194)
	at com.kms.katalon.core.main.ScriptEngine.runScriptAsRawText(ScriptEngine.java:119)
	at com.kms.katalon.core.main.TestCaseExecutor.runScript(TestCaseExecutor.java:342)
	at com.kms.katalon.core.main.TestCaseExecutor.doExecute(TestCaseExecutor.java:333)
	at com.kms.katalon.core.main.TestCaseExecutor.processExecutionPhase(TestCaseExecutor.java:312)
	at com.kms.katalon.core.main.TestCaseExecutor.accessMainPhase(TestCaseExecutor.java:304)
	at com.kms.katalon.core.main.TestCaseExecutor.execute(TestCaseExecutor.java:238)
	at com.kms.katalon.core.main.TestSuiteExecutor.accessTestCaseMainPhase(TestSuiteExecutor.java:129)
	at com.kms.katalon.core.main.TestSuiteExecutor.accessTestSuiteMainPhase(TestSuiteExecutor.java:112)
	at com.kms.katalon.core.main.TestSuiteExecutor.execute(TestSuiteExecutor.java:81)
	at com.kms.katalon.core.main.TestCaseMain.startTestSuite(TestCaseMain.java:157)
	at com.kms.katalon.core.main.TestCaseMain$startTestSuite$0.call(Unknown Source)
	at TempTestSuite1569588350742.run(TempTestSuite1569588350742.groovy:35)


2019-09-27 18:20:03 - [MESSAGE][FAILED] - for ([timeRow = 1, timeRow <= findTestData("timezoneData").getRowNumbers(), (timeRow++)]) FAILED.
Reason:
Assertion failed: 

assert style_notfound.size() > 0
       |              |      |
       []             0      false

	at productEblast.run(productEblast:61)
	at com.kms.katalon.core.main.ScriptEngine.run(ScriptEngine.java:194)
	at com.kms.katalon.core.main.ScriptEngine.runScriptAsRawText(ScriptEngine.java:119)
	at com.kms.katalon.core.main.TestCaseExecutor.runScript(TestCaseExecutor.java:342)
	at com.kms.katalon.core.main.TestCaseExecutor.doExecute(TestCaseExecutor.java:333)
	at com.kms.katalon.core.main.TestCaseExecutor.processExecutionPhase(TestCaseExecutor.java:312)
	at com.kms.katalon.core.main.TestCaseExecutor.accessMainPhase(TestCaseExecutor.java:304)
	at com.kms.katalon.core.main.TestCaseExecutor.execute(TestCaseExecutor.java:238)
	at com.kms.katalon.core.main.TestSuiteExecutor.accessTestCaseMainPhase(TestSuiteExecutor.java:129)
	at com.kms.katalon.core.main.TestSuiteExecutor.accessTestSuiteMainPhase(TestSuiteExecutor.java:112)
	at com.kms.katalon.core.main.TestSuiteExecutor.execute(TestSuiteExecutor.java:81)
	at com.kms.katalon.core.main.TestCaseMain.startTestSuite(TestCaseMain.java:157)
	at com.kms.katalon.core.main.TestCaseMain$startTestSuite$0.call(Unknown Source)
	at TempTestSuite1569588350742.run(TempTestSuite1569588350742.groovy:35)]]></system-out>
         <system-err><![CDATA[2019-09-27 18:15:54 - [TEST_CASE][FAILED] - Test Cases/NewArrival/productEblast: Test Cases/NewArrival/productEblast FAILED.
Reason:
Assertion failed: 

assert style_notfound.size() > 0
       |              |      |
       []             0      false

	at productEblast.run(productEblast:61)
	at com.kms.katalon.core.main.ScriptEngine.run(ScriptEngine.java:194)
	at com.kms.katalon.core.main.ScriptEngine.runScriptAsRawText(ScriptEngine.java:119)
	at com.kms.katalon.core.main.TestCaseExecutor.runScript(TestCaseExecutor.java:342)
	at com.kms.katalon.core.main.TestCaseExecutor.doExecute(TestCaseExecutor.java:333)
	at com.kms.katalon.core.main.TestCaseExecutor.processExecutionPhase(TestCaseExecutor.java:312)
	at com.kms.katalon.core.main.TestCaseExecutor.accessMainPhase(TestCaseExecutor.java:304)
	at com.kms.katalon.core.main.TestCaseExecutor.execute(TestCaseExecutor.java:238)
	at com.kms.katalon.core.main.TestSuiteExecutor.accessTestCaseMainPhase(TestSuiteExecutor.java:129)
	at com.kms.katalon.core.main.TestSuiteExecutor.accessTestSuiteMainPhase(TestSuiteExecutor.java:112)
	at com.kms.katalon.core.main.TestSuiteExecutor.execute(TestSuiteExecutor.java:81)
	at com.kms.katalon.core.main.TestCaseMain.startTestSuite(TestCaseMain.java:157)
	at com.kms.katalon.core.main.TestCaseMain$startTestSuite$0.call(Unknown Source)
	at TempTestSuite1569588350742.run(TempTestSuite1569588350742.groovy:35)]]></system-err>
      </testcase>
      <system-out><![CDATA[2019-09-27 18:15:53 - [TEST_SUITE][FAILED] - NewArrivalsSuite: Test Cases/NewArrival/productEblast FAILED.
Reason:
Assertion failed: 

assert style_notfound.size() > 0
       |              |      |
       []             0      false

	at productEblast.run(productEblast:61)
	at com.kms.katalon.core.main.ScriptEngine.run(ScriptEngine.java:194)
	at com.kms.katalon.core.main.ScriptEngine.runScriptAsRawText(ScriptEngine.java:119)
	at com.kms.katalon.core.main.TestCaseExecutor.runScript(TestCaseExecutor.java:342)
	at com.kms.katalon.core.main.TestCaseExecutor.doExecute(TestCaseExecutor.java:333)
	at com.kms.katalon.core.main.TestCaseExecutor.processExecutionPhase(TestCaseExecutor.java:312)
	at com.kms.katalon.core.main.TestCaseExecutor.accessMainPhase(TestCaseExecutor.java:304)
	at com.kms.katalon.core.main.TestCaseExecutor.execute(TestCaseExecutor.java:238)
	at com.kms.katalon.core.main.TestSuiteExecutor.accessTestCaseMainPhase(TestSuiteExecutor.java:129)
	at com.kms.katalon.core.main.TestSuiteExecutor.accessTestSuiteMainPhase(TestSuiteExecutor.java:112)
	at com.kms.katalon.core.main.TestSuiteExecutor.execute(TestSuiteExecutor.java:81)
	at com.kms.katalon.core.main.TestCaseMain.startTestSuite(TestCaseMain.java:157)
	at com.kms.katalon.core.main.TestCaseMain$startTestSuite$0.call(Unknown Source)
	at TempTestSuite1569588350742.run(TempTestSuite1569588350742.groovy:35)]]></system-out>
      <system-err><![CDATA[2019-09-27 18:15:53 - [TEST_SUITE][FAILED] - NewArrivalsSuite: Test Cases/NewArrival/productEblast FAILED.
Reason:
Assertion failed: 

assert style_notfound.size() > 0
       |              |      |
       []             0      false

	at productEblast.run(productEblast:61)
	at com.kms.katalon.core.main.ScriptEngine.run(ScriptEngine.java:194)
	at com.kms.katalon.core.main.ScriptEngine.runScriptAsRawText(ScriptEngine.java:119)
	at com.kms.katalon.core.main.TestCaseExecutor.runScript(TestCaseExecutor.java:342)
	at com.kms.katalon.core.main.TestCaseExecutor.doExecute(TestCaseExecutor.java:333)
	at com.kms.katalon.core.main.TestCaseExecutor.processExecutionPhase(TestCaseExecutor.java:312)
	at com.kms.katalon.core.main.TestCaseExecutor.accessMainPhase(TestCaseExecutor.java:304)
	at com.kms.katalon.core.main.TestCaseExecutor.execute(TestCaseExecutor.java:238)
	at com.kms.katalon.core.main.TestSuiteExecutor.accessTestCaseMainPhase(TestSuiteExecutor.java:129)
	at com.kms.katalon.core.main.TestSuiteExecutor.accessTestSuiteMainPhase(TestSuiteExecutor.java:112)
	at com.kms.katalon.core.main.TestSuiteExecutor.execute(TestSuiteExecutor.java:81)
	at com.kms.katalon.core.main.TestCaseMain.startTestSuite(TestCaseMain.java:157)
	at com.kms.katalon.core.main.TestCaseMain$startTestSuite$0.call(Unknown Source)
	at TempTestSuite1569588350742.run(TempTestSuite1569588350742.groovy:35)]]></system-err>
   </testsuite>
</testsuites>
