<?xml version="1.0" encoding="UTF-8"?>
<testsuites name="OrderCreatorSuiteAddonOrderRetail" time="726" tests="1" failures="0" errors="0">
   <testsuite name="OrderCreatorSuiteAddonOrderRetail" tests="1" failures="0" errors="0" time="726" timestamp="2019-10-24 13:45:46" hostname="user - 10.0.102.86" id="Test Suites/OrderCreatorSuites/OrderCreatorSuiteAddonOrderRetail">
      <properties>
         <property name="deviceName" value=""/>
         <property name="devicePlatform" value=""/>
         <property name="logFolder" value="C:\\Users\\user\\Documents\\testautomation\\KatalonProjects\\Reports\\OrderCreatorSuites\\OrderCreatorSuiteAddonOrderRetail\\20191024_134533"/>
         <property name="logFiles" value="C:\\Users\\user\\Documents\\testautomation\\KatalonProjects\\Reports\\OrderCreatorSuites\\OrderCreatorSuiteAddonOrderRetail\\20191024_134533\\execution0.log"/>
         <property name="attachments" value=""/>
         <property name="hostName" value="user - 10.0.102.86"/>
         <property name="os" value="Windows 8.1 64bit"/>
         <property name="katalonVersion" value="6.1.1.1"/>
         <property name="browser" value="Chrome 77.0.3865.120"/>
         <property name="hostAddress" value="10.0.102.86"/>
         <property name="sessionId" value="00f62d92b38be0a30ef23f297a81eeb7"/>
         <property name="seleniumVersion" value="3.7.1"/>
         <property name="proxyInformation" value="ProxyInformation{proxyOption=NO_PROXY, proxyServerType=HTTP, password=, proxyServerAddress=, proxyServerPort=0}"/>
         <property name="platform" value="Windows 8.1"/>
      </properties>
      <testcase name="Test Cases/OrderCreator/massOrderCreationAddOnOrderRetail" classname="Test Cases/OrderCreator/massOrderCreationAddOnOrderRetail" status="PASSED">
         <system-out><![CDATA[2019-10-24 13:45:49 - [TEST_CASE][PASSED] - Test Cases/OrderCreator/massOrderCreationAddOnOrderRetail: Test Cases/OrderCreator/massOrderCreationAddOnOrderRetail

2019-10-24 13:45:49 - [TEST_STEP][PASSED] - Start listener action : sampleBeforeTestCase: null

2019-10-24 13:45:49 - [TEST_STEP][PASSED] - println(testCaseContext.getTestCaseId()): null

2019-10-24 13:45:50 - [TEST_STEP][PASSED] - println(testCaseContext.getTestCaseVariables()): null

2019-10-24 13:45:51 - [TEST_STEP][PASSED] - openBrowser(""): Browser is opened with url: ''

2019-10-24 13:45:52 - [MESSAGE][INFO] - Starting 'Chrome' driver

2019-10-24 13:45:52 - [MESSAGE][INFO] - User set preference: ['args', '[--use-fake-ui-for-media-stream, --start-maximized]']

2019-10-24 13:45:53 - [MESSAGE][INFO] - Action delay is set to 0 seconds

2019-10-24 13:46:00 - [MESSAGE][PASSED] - Browser is opened with url: ''

2019-10-24 13:46:00 - [TEST_STEP][PASSED] - dataFile = "orderCreationData": null

2019-10-24 13:46:00 - [TEST_STEP][PASSED] - orderType = 5: null

2019-10-24 13:46:00 - [TEST_STEP][PASSED] - noOfOrders = Integer.parseInt(findTestData(dataFile).getValue("noOfOrders", orderType)): null

2019-10-24 13:46:04 - [TEST_STEP][PASSED] - ship = findTestData(dataFile).getValue("shipping", orderType): null

2019-10-24 13:46:04 - [TEST_STEP][PASSED] - println(noOfOrders): null

2019-10-24 13:46:04 - [TEST_STEP][PASSED] - println(ship): null

2019-10-24 13:46:04 - [TEST_STEP][PASSED] - for ([i = 1, i <= noOfOrders, (i++)]): Call Test Case 'Test Cases/OrderCreator/addOnOrderRetail' successfully

2019-10-24 13:46:04 - [TEST_STEP][PASSED] - callTestCase(findTestCase("Test Cases/OrderCreator/addOnOrderRetail"), ["ship":ship], CONTINUE_ON_FAILURE): Call Test Case 'Test Cases/OrderCreator/addOnOrderRetail' successfully

2019-10-24 13:46:05 - [TEST_CASE][PASSED] - Test Cases/OrderCreator/addOnOrderRetail: Test Cases/OrderCreator/addOnOrderRetail

2019-10-24 13:46:08 - [TEST_STEP][PASSED] - openBrowser(""): Browser is opened with url: ''

2019-10-24 13:46:08 - [MESSAGE][WARNING] - A browser is already opened. Closing browser and opening a new one

2019-10-24 13:46:10 - [MESSAGE][INFO] - Starting 'Chrome' driver

2019-10-24 13:46:10 - [MESSAGE][INFO] - User set preference: ['args', '[--use-fake-ui-for-media-stream, --start-maximized]']

2019-10-24 13:46:14 - [MESSAGE][PASSED] - Browser is opened with url: ''

2019-10-24 13:46:14 - [TEST_STEP][PASSED] - driver = <not implemented yet for class: org.codehaus.groovy.ast.expr.EmptyExpression>: null

2019-10-24 13:46:14 - [TEST_STEP][PASSED] - executor = <not implemented yet for class: org.codehaus.groovy.ast.expr.EmptyExpression>: null

2019-10-24 13:46:14 - [TEST_STEP][PASSED] - addOnStyle = findTestData("miscData").getValue("addOnStyle", 1): null

2019-10-24 13:46:14 - [TEST_STEP][PASSED] - for ([timeRow = 1, timeRow <= 1, (timeRow++)]): Call Test Case 'Test Cases/NewArrival/warehouseShipping' successfully

2019-10-24 13:46:14 - [TEST_STEP][PASSED] - callTestCase(findTestCase("TestCaseUtilities/backOfficeLogin"), ["BOURL":"", "BOuser":"", "BOpass":""], CONTINUE_ON_FAILURE): Call Test Case 'Test Cases/TestCaseUtilities/backOfficeLogin' successfully

2019-10-24 13:46:14 - [TEST_CASE][PASSED] - Test Cases/TestCaseUtilities/backOfficeLogin: Test Cases/TestCaseUtilities/backOfficeLogin

2019-10-24 13:46:15 - [TEST_STEP][PASSED] - BOURL = findTestData("envtData").getValue("BOURL", 1): null

2019-10-24 13:46:15 - [TEST_STEP][PASSED] - BOuser = findTestData("credData").getValue("BOuser", 1): null

2019-10-24 13:46:15 - [TEST_STEP][PASSED] - BOpass = findTestData("credData").getValue("BOpass", 1): null

2019-10-24 13:46:15 - [TEST_STEP][PASSED] - openBrowser(""): Browser is opened with url: ''

2019-10-24 13:46:15 - [MESSAGE][WARNING] - A browser is already opened. Closing browser and opening a new one

2019-10-24 13:46:17 - [MESSAGE][INFO] - Starting 'Chrome' driver

2019-10-24 13:46:17 - [MESSAGE][INFO] - User set preference: ['args', '[--use-fake-ui-for-media-stream, --start-maximized]']

2019-10-24 13:46:20 - [MESSAGE][PASSED] - Browser is opened with url: ''

2019-10-24 13:46:20 - [TEST_STEP][PASSED] - navigateToUrl(BOURL): Navigate to 'https://test14.cliotest.com/backoffice/control/main' successfully

2019-10-24 13:46:35 - [MESSAGE][PASSED] - Navigate to 'https://test14.cliotest.com/backoffice/control/main' successfully

2019-10-24 13:46:35 - [TEST_STEP][PASSED] - logOut = findWebElements(findTestObject("Object Repository/Page_cabi Home/log_out"), 1): Unable to find the element located by 'By.xpath: //a[contains(text(),'Log Out')]'. Please recheck the objects properties to make sure the desired element is located. 

2019-10-24 13:46:37 - [MESSAGE][INFO] - Unable to find the element located by 'By.xpath: //a[contains(text(),'Log Out')]'. Please recheck the objects properties to make sure the desired element is located. 

2019-10-24 13:46:37 - [TEST_STEP][PASSED] - if (logOut.size() == 0): Object: 'Object Repository/Page_cabi/input_Welcome to_consultantLogin' is clicked on

2019-10-24 13:46:37 - [TEST_STEP][PASSED] - setText(findTestObject("Page_cabi/input_Welcome to_USERNAME"), BOuser): Text '400000002' is set on object 'Object Repository/Page_cabi/input_Welcome to_USERNAME'

2019-10-24 13:46:37 - [MESSAGE][PASSED] - Text '400000002' is set on object 'Object Repository/Page_cabi/input_Welcome to_USERNAME'

2019-10-24 13:46:37 - [TEST_STEP][PASSED] - setText(findTestObject("Object Repository/Page_cabi/input_Welcome to_PASSWORD"), BOpass): Text 'blackdress19' is set on object 'Object Repository/Page_cabi/input_Welcome to_PASSWORD'

2019-10-24 13:46:37 - [MESSAGE][PASSED] - Text 'blackdress19' is set on object 'Object Repository/Page_cabi/input_Welcome to_PASSWORD'

2019-10-24 13:46:37 - [TEST_STEP][PASSED] - click(findTestObject("Object Repository/Page_cabi/input_Welcome to_consultantLogin")): Object: 'Object Repository/Page_cabi/input_Welcome to_consultantLogin' is clicked on

2019-10-24 13:46:57 - [MESSAGE][PASSED] - Object: 'Object Repository/Page_cabi/input_Welcome to_consultantLogin' is clicked on

2019-10-24 13:46:57 - [TEST_STEP][PASSED] - delay(3): Delayed 3 second(s)

2019-10-24 13:47:00 - [MESSAGE][PASSED] - Delayed 3 second(s)

2019-10-24 13:47:00 - [MESSAGE][PASSED] - Call Test Case 'Test Cases/TestCaseUtilities/backOfficeLogin' successfully

2019-10-24 13:47:00 - [TEST_STEP][PASSED] - driver = getWebDriver(): null

2019-10-24 13:47:00 - [TEST_STEP][PASSED] - executor = driver: null

2019-10-24 13:47:00 - [TEST_STEP][PASSED] - executor.executeScript("arguments[0].click();", findWebElement(findTestObject("Page_cabi Home/a_retail_purchases"), 5)): null

2019-10-24 13:47:04 - [TEST_STEP][PASSED] - delay(3): Delayed 3 second(s)

2019-10-24 13:47:07 - [MESSAGE][PASSED] - Delayed 3 second(s)

2019-10-24 13:47:07 - [TEST_STEP][PASSED] - click(findTestObject("Object Repository/Page_cabi Home/existingCustomer")): Object: 'Object Repository/Page_cabi Home/existingCustomer' is clicked on

2019-10-24 13:47:07 - [MESSAGE][PASSED] - Object: 'Object Repository/Page_cabi Home/existingCustomer' is clicked on

2019-10-24 13:47:07 - [TEST_STEP][PASSED] - contactNumber = 1: null

2019-10-24 13:47:07 - [TEST_STEP][PASSED] - firstName = findTestData("contactData").getValue("firstName", contactNumber): null

2019-10-24 13:47:07 - [TEST_STEP][PASSED] - lastName = findTestData("contactData").getValue("lastName", contactNumber): null

2019-10-24 13:47:07 - [TEST_STEP][PASSED] - email = findTestData("contactData").getValue("email", contactNumber): null

2019-10-24 13:47:08 - [TEST_STEP][PASSED] - address1 = findTestData("contactData").getValue("address1", contactNumber): null

2019-10-24 13:47:08 - [TEST_STEP][PASSED] - city = findTestData("contactData").getValue("city", contactNumber): null

2019-10-24 13:47:08 - [TEST_STEP][PASSED] - state = findTestData("contactData").getValue("state", contactNumber): null

2019-10-24 13:47:08 - [TEST_STEP][PASSED] - zip = findTestData("contactData").getValue("zip", contactNumber): null

2019-10-24 13:47:08 - [TEST_STEP][PASSED] - existingCustFName = firstName: null

2019-10-24 13:47:08 - [TEST_STEP][PASSED] - existingCustLName = lastName: null

2019-10-24 13:47:08 - [TEST_STEP][PASSED] - space = " ": null

2019-10-24 13:47:08 - [TEST_STEP][PASSED] - existingCust = $existingCustFName$space$existingCustLName: null

2019-10-24 13:47:08 - [TEST_STEP][PASSED] - setText(findTestObject("Object Repository/Page_cabi Home/input_existing_guest"), existingCust): Text 'ahostess-test abc' is set on object 'Object Repository/Page_cabi Home/input_existing_guest'

2019-10-24 13:47:08 - [MESSAGE][PASSED] - Text 'ahostess-test abc' is set on object 'Object Repository/Page_cabi Home/input_existing_guest'

2019-10-24 13:47:08 - [TEST_STEP][PASSED] - delay(2): Delayed 2 second(s)

2019-10-24 13:47:10 - [MESSAGE][PASSED] - Delayed 2 second(s)

2019-10-24 13:47:10 - [TEST_STEP][PASSED] - sendKeys(findTestObject("Object Repository/Page_cabi Home/input_existing_guest"), Keys.chord(ARROW_DOWN)): Keys 'DOWN + ' sent to object: 'Object Repository/Page_cabi Home/input_existing_guest'

2019-10-24 13:47:11 - [MESSAGE][PASSED] - Keys 'DOWN + ' sent to object: 'Object Repository/Page_cabi Home/input_existing_guest'

2019-10-24 13:47:11 - [TEST_STEP][PASSED] - delay(1): Delayed 1 second(s)

2019-10-24 13:47:12 - [MESSAGE][PASSED] - Delayed 1 second(s)

2019-10-24 13:47:12 - [TEST_STEP][PASSED] - sendKeys(findTestObject("Object Repository/Page_cabi Home/input_existing_guest"), Keys.chord(ENTER)): Keys 'ENTER + ' sent to object: 'Object Repository/Page_cabi Home/input_existing_guest'

2019-10-24 13:47:12 - [MESSAGE][PASSED] - Keys 'ENTER + ' sent to object: 'Object Repository/Page_cabi Home/input_existing_guest'

2019-10-24 13:47:12 - [TEST_STEP][PASSED] - delay(5): Delayed 5 second(s)

2019-10-24 13:47:17 - [MESSAGE][PASSED] - Delayed 5 second(s)

2019-10-24 13:47:17 - [TEST_STEP][PASSED] - executor.executeScript("arguments[0].checked=true;", findWebElement(findTestObject("Object Repository/Page_cabi Home/a_same_shipping_address"), 10)): null

2019-10-24 13:47:17 - [TEST_STEP][PASSED] - delay(3): Delayed 3 second(s)

2019-10-24 13:47:20 - [MESSAGE][PASSED] - Delayed 3 second(s)

2019-10-24 13:47:20 - [TEST_STEP][PASSED] - check(findTestObject("Object Repository/Page_cabi Home/a_same_shipping_address")): Object 'Object Repository/Page_cabi Home/a_same_shipping_address' is checked

2019-10-24 13:47:21 - [MESSAGE][PASSED] - Object 'Object Repository/Page_cabi Home/a_same_shipping_address' is checked

2019-10-24 13:47:21 - [TEST_STEP][PASSED] - delay(5): Delayed 5 second(s)

2019-10-24 13:47:26 - [MESSAGE][PASSED] - Delayed 5 second(s)

2019-10-24 13:47:26 - [TEST_STEP][PASSED] - executor.executeScript("arguments[0].click();", findWebElement(findTestObject("Page_cabi Retail Store/span_next_1"), 5)): null

2019-10-24 13:47:26 - [TEST_STEP][PASSED] - delay(3): Delayed 3 second(s)

2019-10-24 13:47:29 - [MESSAGE][PASSED] - Delayed 3 second(s)

2019-10-24 13:47:29 - [TEST_STEP][PASSED] - delay(3): Delayed 3 second(s)

2019-10-24 13:47:32 - [MESSAGE][PASSED] - Delayed 3 second(s)

2019-10-24 13:47:32 - [TEST_STEP][PASSED] - click(findTestObject("Object Repository/Page_cabi Retail Store/span_quick_entry")): Object: 'Object Repository/Page_cabi Retail Store/span_quick_entry' is clicked on

2019-10-24 13:47:33 - [MESSAGE][PASSED] - Object: 'Object Repository/Page_cabi Retail Store/span_quick_entry' is clicked on

2019-10-24 13:47:33 - [TEST_STEP][PASSED] - delay(3): Delayed 3 second(s)

2019-10-24 13:47:36 - [MESSAGE][PASSED] - Delayed 3 second(s)

2019-10-24 13:47:36 - [TEST_STEP][PASSED] - emptyCart = findWebElements(findTestObject("Object Repository/Page_cabi Personal Store/removeFromCart"), 5): Unable to find the element located by 'By.xpath: //*[@id="removeFromCart_0"]/span'. Please recheck the objects properties to make sure the desired element is located. 

2019-10-24 13:47:41 - [MESSAGE][INFO] - Unable to find the element located by 'By.xpath: //*[@id="removeFromCart_0"]/span'. Please recheck the objects properties to make sure the desired element is located. 

2019-10-24 13:47:41 - [TEST_STEP][PASSED] - while (emptyCart.size() > 0): null

2019-10-24 13:47:41 - [TEST_STEP][PASSED] - click(findTestObject("Object Repository/Page_cabi Create Order/input_Manual Discount_stylelookup_0")): Object: 'Object Repository/Page_cabi Create Order/input_Manual Discount_stylelookup_0' is clicked on

2019-10-24 13:47:42 - [MESSAGE][PASSED] - Object: 'Object Repository/Page_cabi Create Order/input_Manual Discount_stylelookup_0' is clicked on

2019-10-24 13:47:42 - [TEST_STEP][PASSED] - setText(findTestObject("Object Repository/Page_cabi Create Order/input_Manual Discount_stylelookup_0"), addOnStyle): Text '3701' is set on object 'Object Repository/Page_cabi Create Order/input_Manual Discount_stylelookup_0'

2019-10-24 13:47:42 - [MESSAGE][PASSED] - Text '3701' is set on object 'Object Repository/Page_cabi Create Order/input_Manual Discount_stylelookup_0'

2019-10-24 13:47:42 - [TEST_STEP][PASSED] - delay(3): Delayed 3 second(s)

2019-10-24 13:47:45 - [MESSAGE][PASSED] - Delayed 3 second(s)

2019-10-24 13:47:45 - [TEST_STEP][PASSED] - prod_message = getText(findTestObject("Page_cabi Create Order/first_option")): Text of object 'Object Repository/Page_cabi Create Order/first_option' is: '3701 Shetland Sweater'

2019-10-24 13:47:45 - [MESSAGE][PASSED] - Text of object 'Object Repository/Page_cabi Create Order/first_option' is: '3701 Shetland Sweater'

2019-10-24 13:47:45 - [TEST_STEP][PASSED] - click(findTestObject("Page_cabi Create Order/first_option")): Object: 'Object Repository/Page_cabi Create Order/first_option' is clicked on

2019-10-24 13:47:45 - [MESSAGE][PASSED] - Object: 'Object Repository/Page_cabi Create Order/first_option' is clicked on

2019-10-24 13:47:45 - [TEST_STEP][PASSED] - delay(5): Delayed 5 second(s)

2019-10-24 13:47:50 - [MESSAGE][PASSED] - Delayed 5 second(s)

2019-10-24 13:47:50 - [TEST_STEP][PASSED] - click(findTestObject("Object Repository/Page_cabi Order Items/selectSize")): Object: 'Object Repository/Page_cabi Order Items/selectSize' is clicked on

2019-10-24 13:47:50 - [MESSAGE][PASSED] - Object: 'Object Repository/Page_cabi Order Items/selectSize' is clicked on

2019-10-24 13:47:50 - [TEST_STEP][PASSED] - click(findTestObject("Object Repository/Page_cabi Order Items/span_Add to Cart")): Object: 'Object Repository/Page_cabi Order Items/span_Add to Cart' is clicked on

2019-10-24 13:47:50 - [MESSAGE][PASSED] - Object: 'Object Repository/Page_cabi Order Items/span_Add to Cart' is clicked on

2019-10-24 13:47:50 - [TEST_STEP][PASSED] - delay(5): Delayed 5 second(s)

2019-10-24 13:47:55 - [MESSAGE][PASSED] - Delayed 5 second(s)

2019-10-24 13:47:55 - [TEST_STEP][PASSED] - click(findTestObject("Object Repository/Page_cabi Order Items/span_Continue to Shipping")): Object: 'Object Repository/Page_cabi Order Items/span_Continue to Shipping' is clicked on

2019-10-24 13:47:56 - [MESSAGE][PASSED] - Object: 'Object Repository/Page_cabi Order Items/span_Continue to Shipping' is clicked on

2019-10-24 13:47:56 - [TEST_STEP][PASSED] - delay(3): Delayed 3 second(s)

2019-10-24 13:47:59 - [MESSAGE][PASSED] - Delayed 3 second(s)

2019-10-24 13:47:59 - [TEST_STEP][PASSED] - click(findTestObject("Page_cabi Personal Store/nextButtonShipping")): Object: 'Object Repository/Page_cabi Personal Store/nextButtonShipping' is clicked on

2019-10-24 13:47:59 - [MESSAGE][PASSED] - Object: 'Object Repository/Page_cabi Personal Store/nextButtonShipping' is clicked on

2019-10-24 13:47:59 - [TEST_STEP][PASSED] - delay(3): Delayed 3 second(s)

2019-10-24 13:48:02 - [MESSAGE][PASSED] - Delayed 3 second(s)

2019-10-24 13:48:02 - [TEST_STEP][PASSED] - click(findTestObject("Page_cabi Personal Store/makeFirstPayment")): Object: 'Object Repository/Page_cabi Personal Store/makeFirstPayment' is clicked on

2019-10-24 13:48:02 - [MESSAGE][PASSED] - Object: 'Object Repository/Page_cabi Personal Store/makeFirstPayment' is clicked on

2019-10-24 13:48:02 - [TEST_STEP][PASSED] - click(findTestObject("Object Repository/Page_cabi Personal Store/select_cash")): Object: 'Object Repository/Page_cabi Personal Store/select_cash' is clicked on

2019-10-24 13:48:02 - [MESSAGE][PASSED] - Object: 'Object Repository/Page_cabi Personal Store/select_cash' is clicked on

2019-10-24 13:48:02 - [TEST_STEP][PASSED] - click(findTestObject("Page_cabi Personal Store/submitPayment")): Object: 'Object Repository/Page_cabi Personal Store/submitPayment' is clicked on

2019-10-24 13:48:02 - [MESSAGE][PASSED] - Object: 'Object Repository/Page_cabi Personal Store/submitPayment' is clicked on

2019-10-24 13:48:02 - [TEST_STEP][PASSED] - click(findTestObject("Page_cabi Personal Store/submitOrderId")): Object: 'Object Repository/Page_cabi Personal Store/submitOrderId' is clicked on

2019-10-24 13:48:06 - [MESSAGE][PASSED] - Object: 'Object Repository/Page_cabi Personal Store/submitOrderId' is clicked on

2019-10-24 13:48:06 - [TEST_STEP][PASSED] - successMsg = "": null

2019-10-24 13:48:06 - [TEST_STEP][PASSED] - orderSuccess = false: null

2019-10-24 13:48:06 - [TEST_STEP][PASSED] - successMsgs = findWebElements(findTestObject("Object Repository/Page_cabi Personal Store/p_success_msg"), 5): null

2019-10-24 13:48:06 - [TEST_STEP][PASSED] - if (successMsgs.size() > 0): Text of object 'Object Repository/Page_cabi Personal Store/p_order_id' is: 'RT708383808'

2019-10-24 13:48:06 - [TEST_STEP][PASSED] - successMsg = getText(findTestObject("Object Repository/Page_cabi Personal Store/p_success_msg")): Text of object 'Object Repository/Page_cabi Personal Store/p_success_msg' is: 'Order Created Successfully!!
Order #:  RT708383808

CONTINUE SHOPPING'

2019-10-24 13:48:06 - [MESSAGE][PASSED] - Text of object 'Object Repository/Page_cabi Personal Store/p_success_msg' is: 'Order Created Successfully!!
Order #:  RT708383808

CONTINUE SHOPPING'

2019-10-24 13:48:06 - [TEST_STEP][PASSED] - orderSuccess = true: null

2019-10-24 13:48:06 - [TEST_STEP][PASSED] - addOnOrderId = getText(findTestObject("Object Repository/Page_cabi Personal Store/p_order_id")): Text of object 'Object Repository/Page_cabi Personal Store/p_order_id' is: 'RT708383808'

2019-10-24 13:48:06 - [MESSAGE][PASSED] - Text of object 'Object Repository/Page_cabi Personal Store/p_order_id' is: 'RT708383808'

2019-10-24 13:48:06 - [TEST_STEP][PASSED] - assert orderSuccess == true: null

2019-10-24 13:48:06 - [TEST_STEP][PASSED] - callTestCase(findTestCase("NewArrival/warehouseShipping"), ["orderId":addOnOrderId], CONTINUE_ON_FAILURE): Call Test Case 'Test Cases/NewArrival/warehouseShipping' successfully

2019-10-24 13:48:06 - [TEST_CASE][PASSED] - Test Cases/NewArrival/warehouseShipping: Test Cases/NewArrival/warehouseShipping

2019-10-24 13:48:07 - [TEST_STEP][PASSED] - println(orderId): null

2019-10-24 13:48:07 - [TEST_STEP][PASSED] - callTestCase(findTestCase("TestCaseUtilities/cabiWarehouseLogin"), ["CWURL":"", "CWuser":"", "CWpass":""], CONTINUE_ON_FAILURE): Call Test Case 'Test Cases/TestCaseUtilities/cabiWarehouseLogin' successfully

2019-10-24 13:48:07 - [TEST_CASE][PASSED] - Test Cases/TestCaseUtilities/cabiWarehouseLogin: Test Cases/TestCaseUtilities/cabiWarehouseLogin

2019-10-24 13:48:07 - [TEST_STEP][PASSED] - CWURL = findTestData("envtData").getValue("CWURL", 1): null

2019-10-24 13:48:07 - [TEST_STEP][PASSED] - CWuser = findTestData("credData").getValue("CWuser", 1): null

2019-10-24 13:48:07 - [TEST_STEP][PASSED] - CWpass = findTestData("credData").getValue("CWpass", 1): null

2019-10-24 13:48:07 - [TEST_STEP][PASSED] - openBrowser(""): Browser is opened with url: ''

2019-10-24 13:48:07 - [MESSAGE][WARNING] - A browser is already opened. Closing browser and opening a new one

2019-10-24 13:48:08 - [MESSAGE][INFO] - Starting 'Chrome' driver

2019-10-24 13:48:08 - [MESSAGE][INFO] - User set preference: ['args', '[--use-fake-ui-for-media-stream, --start-maximized]']

2019-10-24 13:48:10 - [MESSAGE][PASSED] - Browser is opened with url: ''

2019-10-24 13:48:10 - [TEST_STEP][PASSED] - navigateToUrl(CWURL): Navigate to 'https://test14.cliotest.com/warehouse/control/main' successfully

2019-10-24 13:48:17 - [MESSAGE][PASSED] - Navigate to 'https://test14.cliotest.com/warehouse/control/main' successfully

2019-10-24 13:48:17 - [TEST_STEP][PASSED] - logOut = findWebElements(findTestObject("Object Repository/Cabi warehouse/Page_cabi_home/log_out"), 1): Unable to find the element located by 'By.xpath: //li/a[contains(text(), 'Log Out »')]'. Please recheck the objects properties to make sure the desired element is located. 

2019-10-24 13:48:18 - [MESSAGE][INFO] - Unable to find the element located by 'By.xpath: //li/a[contains(text(), 'Log Out »')]'. Please recheck the objects properties to make sure the desired element is located. 

2019-10-24 13:48:18 - [TEST_STEP][PASSED] - if (logOut.size() == 0): Object: 'Object Repository/Cabi warehouse/Page_cabi/input_Password_section-btn btn-stl-pk rFloat' is clicked on

2019-10-24 13:48:18 - [TEST_STEP][PASSED] - setText(findTestObject("Object Repository/Cabi warehouse/Page_cabi/input_Username_USERNAME"), CWuser): Text 'rsuarez' is set on object 'Object Repository/Cabi warehouse/Page_cabi/input_Username_USERNAME'

2019-10-24 13:48:18 - [MESSAGE][PASSED] - Text 'rsuarez' is set on object 'Object Repository/Cabi warehouse/Page_cabi/input_Username_USERNAME'

2019-10-24 13:48:18 - [TEST_STEP][PASSED] - setText(findTestObject("Object Repository/Cabi warehouse/Page_cabi/input_Password_PASSWORD"), CWpass): Text 'blackdress19' is set on object 'Object Repository/Cabi warehouse/Page_cabi/input_Password_PASSWORD'

2019-10-24 13:48:18 - [MESSAGE][PASSED] - Text 'blackdress19' is set on object 'Object Repository/Cabi warehouse/Page_cabi/input_Password_PASSWORD'

2019-10-24 13:48:18 - [TEST_STEP][PASSED] - click(findTestObject("Object Repository/Cabi warehouse/Page_cabi/input_Password_section-btn btn-stl-pk rFloat")): Object: 'Object Repository/Cabi warehouse/Page_cabi/input_Password_section-btn btn-stl-pk rFloat' is clicked on

2019-10-24 13:48:20 - [MESSAGE][PASSED] - Object: 'Object Repository/Cabi warehouse/Page_cabi/input_Password_section-btn btn-stl-pk rFloat' is clicked on

2019-10-24 13:48:20 - [TEST_STEP][PASSED] - delay(3): Delayed 3 second(s)

2019-10-24 13:48:23 - [MESSAGE][PASSED] - Delayed 3 second(s)

2019-10-24 13:48:23 - [MESSAGE][PASSED] - Call Test Case 'Test Cases/TestCaseUtilities/cabiWarehouseLogin' successfully

2019-10-24 13:48:23 - [TEST_STEP][PASSED] - click(findTestObject("Page_cabi Manage PickLists/a_Create PickLists")): Object: 'Object Repository/Page_cabi Manage PickLists/a_Create PickLists' is clicked on

2019-10-24 13:48:24 - [MESSAGE][PASSED] - Object: 'Object Repository/Page_cabi Manage PickLists/a_Create PickLists' is clicked on

2019-10-24 13:48:24 - [TEST_STEP][PASSED] - delay(2): Delayed 2 second(s)

2019-10-24 13:48:26 - [MESSAGE][PASSED] - Delayed 2 second(s)

2019-10-24 13:48:26 - [TEST_STEP][PASSED] - click(findTestObject("Object Repository/findOrders/Page_cabi Find Orders/Page_cabi SampleLine Shipment Screen/a_Single Order")): Object: 'Object Repository/findOrders/Page_cabi Find Orders/Page_cabi SampleLine Shipment Screen/a_Single Order' is clicked on

2019-10-24 13:48:27 - [MESSAGE][PASSED] - Object: 'Object Repository/findOrders/Page_cabi Find Orders/Page_cabi SampleLine Shipment Screen/a_Single Order' is clicked on

2019-10-24 13:48:27 - [TEST_STEP][PASSED] - setText(findTestObject("Page_cabi Create Single Order PickList/input_Order Id_orderId"), orderId): Text 'RT708383808' is set on object 'Object Repository/Page_cabi Create Single Order PickList/input_Order Id_orderId'

2019-10-24 13:48:27 - [MESSAGE][PASSED] - Text 'RT708383808' is set on object 'Object Repository/Page_cabi Create Single Order PickList/input_Order Id_orderId'

2019-10-24 13:48:27 - [TEST_STEP][PASSED] - click(findTestObject("Page_cabi Create Single Order PickList/input_Create even if fully backordered_submitButton")): Object: 'Object Repository/Page_cabi Create Single Order PickList/input_Create even if fully backordered_submitButton' is clicked on

2019-10-24 13:48:28 - [MESSAGE][PASSED] - Object: 'Object Repository/Page_cabi Create Single Order PickList/input_Create even if fully backordered_submitButton' is clicked on

2019-10-24 13:48:28 - [TEST_STEP][PASSED] - delay(2): Delayed 2 second(s)

2019-10-24 13:48:30 - [MESSAGE][PASSED] - Delayed 2 second(s)

2019-10-24 13:48:30 - [TEST_STEP][PASSED] - pickListCreated = findWebElements(findTestObject("Cabi warehouse/picklistCreatedMessage"), 5): null

2019-10-24 13:48:30 - [TEST_STEP][PASSED] - if (pickListCreated.size() == 0): null

2019-10-24 13:48:30 - [TEST_STEP][PASSED] - picklistCreatedMessage = UtilityMethods.concat("Picklist for order: [", orderId, "] has been created successfully."): null

2019-10-24 13:48:30 - [TEST_STEP][PASSED] - println(picklistCreatedMessage): null

2019-10-24 13:48:30 - [TEST_STEP][PASSED] - verifyElementText(findTestObject("Cabi warehouse/picklistCreatedMessage"), picklistCreatedMessage): Actual text and expected text of test object 'Object Repository/Cabi warehouse/picklistCreatedMessage' are matched.

2019-10-24 13:48:30 - [MESSAGE][PASSED] - Actual text and expected text of test object 'Object Repository/Cabi warehouse/picklistCreatedMessage' are matched.

2019-10-24 13:48:30 - [TEST_STEP][PASSED] - click(findTestObject("Page_cabi Create Single Order PickList/a_Manage PickLists")): Object: 'Object Repository/Page_cabi Create Single Order PickList/a_Manage PickLists' is clicked on

2019-10-24 13:48:31 - [MESSAGE][PASSED] - Object: 'Object Repository/Page_cabi Create Single Order PickList/a_Manage PickLists' is clicked on

2019-10-24 13:48:31 - [TEST_STEP][PASSED] - delay(2): Delayed 2 second(s)

2019-10-24 13:48:33 - [MESSAGE][PASSED] - Delayed 2 second(s)

2019-10-24 13:48:33 - [TEST_STEP][PASSED] - setText(findTestObject("Page_cabi Manage PickLists/input_Order _orderId"), orderId): Text 'RT708383808' is set on object 'Object Repository/Page_cabi Manage PickLists/input_Order _orderId'

2019-10-24 13:48:33 - [MESSAGE][PASSED] - Text 'RT708383808' is set on object 'Object Repository/Page_cabi Manage PickLists/input_Order _orderId'

2019-10-24 13:48:33 - [TEST_STEP][PASSED] - click(findTestObject("Page_cabi Manage PickLists/input")): Object: 'Object Repository/Page_cabi Manage PickLists/input' is clicked on

2019-10-24 13:48:34 - [MESSAGE][PASSED] - Object: 'Object Repository/Page_cabi Manage PickLists/input' is clicked on

2019-10-24 13:48:34 - [TEST_STEP][PASSED] - delay(3): Delayed 3 second(s)

2019-10-24 13:48:37 - [MESSAGE][PASSED] - Delayed 3 second(s)

2019-10-24 13:48:37 - [TEST_STEP][PASSED] - click(findTestObject("Page_cabi Manage PickLists/td_104238610")): Object: 'Object Repository/Page_cabi Manage PickLists/td_104238610' is clicked on

2019-10-24 13:48:37 - [MESSAGE][PASSED] - Object: 'Object Repository/Page_cabi Manage PickLists/td_104238610' is clicked on

2019-10-24 13:48:37 - [TEST_STEP][PASSED] - delay(2): Delayed 2 second(s)

2019-10-24 13:48:39 - [MESSAGE][PASSED] - Delayed 2 second(s)

2019-10-24 13:48:39 - [TEST_STEP][PASSED] - picklistId = getText(findTestObject("Page_cabi Manage PickLists/td_104238610")): Text of object 'Object Repository/Page_cabi Manage PickLists/td_104238610' is: '104456318'

2019-10-24 13:48:39 - [MESSAGE][PASSED] - Text of object 'Object Repository/Page_cabi Manage PickLists/td_104238610' is: '104456318'

2019-10-24 13:48:39 - [TEST_STEP][PASSED] - click(findTestObject("Page_cabi Manage PickLists/a_Packing")): Object: 'Object Repository/Page_cabi Manage PickLists/a_Packing' is clicked on

2019-10-24 13:48:42 - [MESSAGE][PASSED] - Object: 'Object Repository/Page_cabi Manage PickLists/a_Packing' is clicked on

2019-10-24 13:48:42 - [TEST_STEP][PASSED] - setText(findTestObject("Page_cabi Pack Init/input_Pack Station_packStationId"), "30"): Text '30' is set on object 'Object Repository/Page_cabi Pack Init/input_Pack Station_packStationId'

2019-10-24 13:48:42 - [MESSAGE][PASSED] - Text '30' is set on object 'Object Repository/Page_cabi Pack Init/input_Pack Station_packStationId'

2019-10-24 13:48:42 - [TEST_STEP][PASSED] - click(findTestObject("Page_cabi Pack Init/input_Pack Station_submitButton")): Object: 'Object Repository/Page_cabi Pack Init/input_Pack Station_submitButton' is clicked on

2019-10-24 13:48:43 - [MESSAGE][PASSED] - Object: 'Object Repository/Page_cabi Pack Init/input_Pack Station_submitButton' is clicked on

2019-10-24 13:48:43 - [TEST_STEP][PASSED] - delay(2): Delayed 2 second(s)

2019-10-24 13:48:45 - [MESSAGE][PASSED] - Delayed 2 second(s)

2019-10-24 13:48:45 - [TEST_STEP][PASSED] - setText(findTestObject("Page_cabi Pack Init/input_Picklist ID_pickId"), picklistId): Text '104456318' is set on object 'Object Repository/Page_cabi Pack Init/input_Picklist ID_pickId'

2019-10-24 13:48:46 - [MESSAGE][PASSED] - Text '104456318' is set on object 'Object Repository/Page_cabi Pack Init/input_Picklist ID_pickId'

2019-10-24 13:48:46 - [TEST_STEP][PASSED] - click(findTestObject("Page_cabi Pack Init/input_Picklist ID_submitButton")): Object: 'Object Repository/Page_cabi Pack Init/input_Picklist ID_submitButton' is clicked on

2019-10-24 13:48:47 - [MESSAGE][PASSED] - Object: 'Object Repository/Page_cabi Pack Init/input_Picklist ID_submitButton' is clicked on

2019-10-24 13:48:47 - [TEST_STEP][PASSED] - delay(2): Delayed 2 second(s)

2019-10-24 13:48:49 - [MESSAGE][PASSED] - Delayed 2 second(s)

2019-10-24 13:48:49 - [TEST_STEP][PASSED] - click(findTestObject("Page_cabi General Pack/input_Cream Of Wheat_button addItemForVerification")): Object: 'Object Repository/Page_cabi General Pack/input_Cream Of Wheat_button addItemForVerification' is clicked on

2019-10-24 13:48:49 - [MESSAGE][PASSED] - Object: 'Object Repository/Page_cabi General Pack/input_Cream Of Wheat_button addItemForVerification' is clicked on

2019-10-24 13:48:49 - [TEST_STEP][PASSED] - delay(2): Delayed 2 second(s)

2019-10-24 13:48:51 - [MESSAGE][PASSED] - Delayed 2 second(s)

2019-10-24 13:48:51 - [TEST_STEP][PASSED] - click(findTestObject("Page_cabi General Pack/input_Pack Station  30_shipConfirmBtn")): Object: 'Object Repository/Page_cabi General Pack/input_Pack Station  30_shipConfirmBtn' is clicked on

2019-10-24 13:48:55 - [MESSAGE][PASSED] - Object: 'Object Repository/Page_cabi General Pack/input_Pack Station  30_shipConfirmBtn' is clicked on

2019-10-24 13:48:55 - [TEST_STEP][PASSED] - delay(3): Delayed 3 second(s)

2019-10-24 13:48:58 - [MESSAGE][PASSED] - Delayed 3 second(s)

2019-10-24 13:48:58 - [TEST_STEP][PASSED] - itemsNotpacked = findWebElements(findTestObject("Cabi warehouse/itemsNotPacked"), 5): Unable to find the element located by 'By.xpath: //*[@id="content-messages"]/p[1]'. Please recheck the objects properties to make sure the desired element is located. 

2019-10-24 13:49:03 - [MESSAGE][INFO] - Unable to find the element located by 'By.xpath: //*[@id="content-messages"]/p[1]'. Please recheck the objects properties to make sure the desired element is located. 

2019-10-24 13:49:03 - [TEST_STEP][PASSED] - if (itemsNotpacked.size() > 0): null

2019-10-24 13:49:03 - [MESSAGE][PASSED] - Call Test Case 'Test Cases/NewArrival/warehouseShipping' successfully

2019-10-24 13:49:03 - [TEST_STEP][PASSED] - callTestCase(findTestCase("TestCaseUtilities/backOfficeLogin"), ["BOURL":"", "BOuser":"", "BOpass":""], CONTINUE_ON_FAILURE): Call Test Case 'Test Cases/TestCaseUtilities/backOfficeLogin' successfully

2019-10-24 13:49:03 - [TEST_CASE][PASSED] - Test Cases/TestCaseUtilities/backOfficeLogin: Test Cases/TestCaseUtilities/backOfficeLogin

2019-10-24 13:49:03 - [TEST_STEP][PASSED] - BOURL = findTestData("envtData").getValue("BOURL", 1): null

2019-10-24 13:49:03 - [TEST_STEP][PASSED] - BOuser = findTestData("credData").getValue("BOuser", 1): null

2019-10-24 13:49:03 - [TEST_STEP][PASSED] - BOpass = findTestData("credData").getValue("BOpass", 1): null

2019-10-24 13:49:03 - [TEST_STEP][PASSED] - openBrowser(""): Browser is opened with url: ''

2019-10-24 13:49:03 - [MESSAGE][WARNING] - A browser is already opened. Closing browser and opening a new one

2019-10-24 13:49:04 - [MESSAGE][INFO] - Starting 'Chrome' driver

2019-10-24 13:49:04 - [MESSAGE][INFO] - User set preference: ['args', '[--use-fake-ui-for-media-stream, --start-maximized]']

2019-10-24 13:49:06 - [MESSAGE][PASSED] - Browser is opened with url: ''

2019-10-24 13:49:06 - [TEST_STEP][PASSED] - navigateToUrl(BOURL): Navigate to 'https://test14.cliotest.com/backoffice/control/main' successfully

2019-10-24 13:49:15 - [MESSAGE][PASSED] - Navigate to 'https://test14.cliotest.com/backoffice/control/main' successfully

2019-10-24 13:49:15 - [TEST_STEP][PASSED] - logOut = findWebElements(findTestObject("Object Repository/Page_cabi Home/log_out"), 1): Unable to find the element located by 'By.xpath: //a[contains(text(),'Log Out')]'. Please recheck the objects properties to make sure the desired element is located. 

2019-10-24 13:49:16 - [MESSAGE][INFO] - Unable to find the element located by 'By.xpath: //a[contains(text(),'Log Out')]'. Please recheck the objects properties to make sure the desired element is located. 

2019-10-24 13:49:16 - [TEST_STEP][PASSED] - if (logOut.size() == 0): Object: 'Object Repository/Page_cabi/input_Welcome to_consultantLogin' is clicked on

2019-10-24 13:49:16 - [TEST_STEP][PASSED] - setText(findTestObject("Page_cabi/input_Welcome to_USERNAME"), BOuser): Text '400000002' is set on object 'Object Repository/Page_cabi/input_Welcome to_USERNAME'

2019-10-24 13:49:16 - [MESSAGE][PASSED] - Text '400000002' is set on object 'Object Repository/Page_cabi/input_Welcome to_USERNAME'

2019-10-24 13:49:16 - [TEST_STEP][PASSED] - setText(findTestObject("Object Repository/Page_cabi/input_Welcome to_PASSWORD"), BOpass): Text 'blackdress19' is set on object 'Object Repository/Page_cabi/input_Welcome to_PASSWORD'

2019-10-24 13:49:16 - [MESSAGE][PASSED] - Text 'blackdress19' is set on object 'Object Repository/Page_cabi/input_Welcome to_PASSWORD'

2019-10-24 13:49:16 - [TEST_STEP][PASSED] - click(findTestObject("Object Repository/Page_cabi/input_Welcome to_consultantLogin")): Object: 'Object Repository/Page_cabi/input_Welcome to_consultantLogin' is clicked on

2019-10-24 13:49:28 - [MESSAGE][PASSED] - Object: 'Object Repository/Page_cabi/input_Welcome to_consultantLogin' is clicked on

2019-10-24 13:49:28 - [TEST_STEP][PASSED] - delay(3): Delayed 3 second(s)

2019-10-24 13:49:31 - [MESSAGE][PASSED] - Delayed 3 second(s)

2019-10-24 13:49:31 - [MESSAGE][PASSED] - Call Test Case 'Test Cases/TestCaseUtilities/backOfficeLogin' successfully

2019-10-24 13:49:31 - [TEST_STEP][PASSED] - click(findTestObject("Object Repository/findOrders/Page_cabi Find Orders/Page_cabi Home/a_Shows  Orders")): Object: 'Object Repository/findOrders/Page_cabi Find Orders/Page_cabi Home/a_Shows  Orders' is clicked on

2019-10-24 13:49:31 - [MESSAGE][PASSED] - Object: 'Object Repository/findOrders/Page_cabi Find Orders/Page_cabi Home/a_Shows  Orders' is clicked on

2019-10-24 13:49:31 - [TEST_STEP][PASSED] - click(findTestObject("Object Repository/findOrders/Page_cabi Find Orders/Page_cabi Home/a_Orders")): Object: 'Object Repository/findOrders/Page_cabi Find Orders/Page_cabi Home/a_Orders' is clicked on

2019-10-24 13:49:34 - [MESSAGE][PASSED] - Object: 'Object Repository/findOrders/Page_cabi Find Orders/Page_cabi Home/a_Orders' is clicked on

2019-10-24 13:49:34 - [TEST_STEP][PASSED] - click(findTestObject("Object Repository/findOrders/Page_cabi Find Orders/Page_cabi Find Orders/b")): Object: 'Object Repository/findOrders/Page_cabi Find Orders/Page_cabi Find Orders/b' is clicked on

2019-10-24 13:49:34 - [MESSAGE][PASSED] - Object: 'Object Repository/findOrders/Page_cabi Find Orders/Page_cabi Find Orders/b' is clicked on

2019-10-24 13:49:34 - [TEST_STEP][PASSED] - delay(3): Delayed 3 second(s)

2019-10-24 13:49:37 - [MESSAGE][PASSED] - Delayed 3 second(s)

2019-10-24 13:49:37 - [TEST_STEP][PASSED] - click(findTestObject("findOrders/Page_cabi Find Orders/orderNo")): Object: 'Object Repository/findOrders/Page_cabi Find Orders/orderNo' is clicked on

2019-10-24 13:49:37 - [MESSAGE][PASSED] - Object: 'Object Repository/findOrders/Page_cabi Find Orders/orderNo' is clicked on

2019-10-24 13:49:37 - [TEST_STEP][PASSED] - delay(3): Delayed 3 second(s)

2019-10-24 13:49:40 - [MESSAGE][PASSED] - Delayed 3 second(s)

2019-10-24 13:49:40 - [TEST_STEP][PASSED] - click(findTestObject("Object Repository/findOrders/Page_cabi Find Orders/Page_cabi Find Orders/pendingShipment")): Object: 'Object Repository/findOrders/Page_cabi Find Orders/Page_cabi Find Orders/pendingShipment' is clicked on

2019-10-24 13:49:40 - [MESSAGE][PASSED] - Object: 'Object Repository/findOrders/Page_cabi Find Orders/Page_cabi Find Orders/pendingShipment' is clicked on

2019-10-24 13:49:40 - [TEST_STEP][PASSED] - click(findTestObject("Object Repository/findOrders/Page_cabi Find Orders/Page_cabi Find Orders/inputShipped")): Object: 'Object Repository/findOrders/Page_cabi Find Orders/Page_cabi Find Orders/inputShipped' is clicked on

2019-10-24 13:49:40 - [MESSAGE][PASSED] - Object: 'Object Repository/findOrders/Page_cabi Find Orders/Page_cabi Find Orders/inputShipped' is clicked on

2019-10-24 13:49:40 - [TEST_STEP][PASSED] - setText(findTestObject("Object Repository/findOrders/Page_cabi Find Orders/Page_cabi Find Orders/inputOrderId"), addOnOrderId): Text 'RT708383808' is set on object 'Object Repository/findOrders/Page_cabi Find Orders/Page_cabi Find Orders/inputOrderId'

2019-10-24 13:49:41 - [MESSAGE][PASSED] - Text 'RT708383808' is set on object 'Object Repository/findOrders/Page_cabi Find Orders/Page_cabi Find Orders/inputOrderId'

2019-10-24 13:49:41 - [TEST_STEP][PASSED] - click(findTestObject("Object Repository/findOrders/Page_cabi Find Orders/Page_cabi Find Orders/findOrders")): Object: 'Object Repository/findOrders/Page_cabi Find Orders/Page_cabi Find Orders/findOrders' is clicked on

2019-10-24 13:49:41 - [MESSAGE][PASSED] - Object: 'Object Repository/findOrders/Page_cabi Find Orders/Page_cabi Find Orders/findOrders' is clicked on

2019-10-24 13:49:41 - [TEST_STEP][PASSED] - click(findTestObject("findOrders/Page_cabi Find Orders/orderView")): Object: 'Object Repository/findOrders/Page_cabi Find Orders/orderView' is clicked on

2019-10-24 13:49:45 - [MESSAGE][PASSED] - Object: 'Object Repository/findOrders/Page_cabi Find Orders/orderView' is clicked on

2019-10-24 13:49:45 - [TEST_STEP][PASSED] - delay(3): Delayed 3 second(s)

2019-10-24 13:49:48 - [MESSAGE][PASSED] - Delayed 3 second(s)

2019-10-24 13:49:48 - [TEST_STEP][PASSED] - refresh(): Refresh successfully

2019-10-24 13:49:48 - [MESSAGE][PASSED] - Refresh successfully

2019-10-24 13:49:48 - [TEST_STEP][PASSED] - delay(3): Delayed 3 second(s)

2019-10-24 13:49:51 - [MESSAGE][PASSED] - Delayed 3 second(s)

2019-10-24 13:49:51 - [TEST_STEP][PASSED] - refresh(): Refresh successfully

2019-10-24 13:49:51 - [MESSAGE][PASSED] - Refresh successfully

2019-10-24 13:49:51 - [TEST_STEP][PASSED] - delay(10): Delayed 10 second(s)

2019-10-24 13:50:02 - [MESSAGE][PASSED] - Delayed 10 second(s)

2019-10-24 13:50:02 - [TEST_STEP][PASSED] - refresh(): Refresh successfully

2019-10-24 13:50:05 - [MESSAGE][PASSED] - Refresh successfully

2019-10-24 13:50:05 - [TEST_STEP][PASSED] - delay(3): Delayed 3 second(s)

2019-10-24 13:50:08 - [MESSAGE][PASSED] - Delayed 3 second(s)

2019-10-24 13:50:08 - [TEST_STEP][PASSED] - click(findTestObject("Object Repository/findOrders/Page_cabi Find Orders/Page_cabi Order View/a_(Return Order)")): Object: 'Object Repository/findOrders/Page_cabi Find Orders/Page_cabi Order View/a_(Return Order)' is clicked on

2019-10-24 13:50:11 - [MESSAGE][PASSED] - Object: 'Object Repository/findOrders/Page_cabi Find Orders/Page_cabi Order View/a_(Return Order)' is clicked on

2019-10-24 13:50:11 - [TEST_STEP][PASSED] - delay(3): Delayed 3 second(s)

2019-10-24 13:50:14 - [MESSAGE][PASSED] - Delayed 3 second(s)

2019-10-24 13:50:14 - [TEST_STEP][PASSED] - selectOptionByValue(findTestObject("Object Repository/findOrders/Page_cabi Find Orders/Page_cabi Stylist Create RMA/selectReason1"), "CABI_c", true): All options with value 'CABI_c' are selected in object 'Object Repository/findOrders/Page_cabi Find Orders/Page_cabi Stylist Create RMA/selectReason1'  using regular expression

2019-10-24 13:50:15 - [MESSAGE][PASSED] - All options with value 'CABI_c' are selected in object 'Object Repository/findOrders/Page_cabi Find Orders/Page_cabi Stylist Create RMA/selectReason1'  using regular expression

2019-10-24 13:50:15 - [TEST_STEP][PASSED] - selectOptionByValue(findTestObject("Object Repository/findOrders/Page_cabi Find Orders/Page_cabi Stylist Create RMA/selectReason2"), "CABI_c_a", true): All options with value 'CABI_c_a' are selected in object 'Object Repository/findOrders/Page_cabi Find Orders/Page_cabi Stylist Create RMA/selectReason2'  using regular expression

2019-10-24 13:50:15 - [MESSAGE][PASSED] - All options with value 'CABI_c_a' are selected in object 'Object Repository/findOrders/Page_cabi Find Orders/Page_cabi Stylist Create RMA/selectReason2'  using regular expression

2019-10-24 13:50:15 - [TEST_STEP][PASSED] - click(findTestObject("Object Repository/findOrders/Page_cabi Find Orders/Page_cabi Stylist Create RMA/inputRefund")): Object: 'Object Repository/findOrders/Page_cabi Find Orders/Page_cabi Stylist Create RMA/inputRefund' is clicked on

2019-10-24 13:50:15 - [MESSAGE][PASSED] - Object: 'Object Repository/findOrders/Page_cabi Find Orders/Page_cabi Stylist Create RMA/inputRefund' is clicked on

2019-10-24 13:50:15 - [TEST_STEP][PASSED] - click(findTestObject("Object Repository/findOrders/Page_cabi Find Orders/Page_cabi Stylist Create RMA/a_Next")): Object: 'Object Repository/findOrders/Page_cabi Find Orders/Page_cabi Stylist Create RMA/a_Next' is clicked on

2019-10-24 13:50:17 - [MESSAGE][PASSED] - Object: 'Object Repository/findOrders/Page_cabi Find Orders/Page_cabi Stylist Create RMA/a_Next' is clicked on

2019-10-24 13:50:17 - [TEST_STEP][PASSED] - click(findTestObject("Object Repository/findOrders/Page_cabi Find Orders/Page_cabi Stylist Create RMA/inputPostalService")): Object: 'Object Repository/findOrders/Page_cabi Find Orders/Page_cabi Stylist Create RMA/inputPostalService' is clicked on

2019-10-24 13:50:19 - [MESSAGE][PASSED] - Object: 'Object Repository/findOrders/Page_cabi Find Orders/Page_cabi Stylist Create RMA/inputPostalService' is clicked on

2019-10-24 13:50:19 - [TEST_STEP][PASSED] - delay(3): Delayed 3 second(s)

2019-10-24 13:50:22 - [MESSAGE][PASSED] - Delayed 3 second(s)

2019-10-24 13:50:22 - [TEST_STEP][PASSED] - click(findTestObject("Object Repository/findOrders/Page_cabi Find Orders/Page_cabi Stylist Create RMA/inputConfirmAdderess")): Object: 'Object Repository/findOrders/Page_cabi Find Orders/Page_cabi Stylist Create RMA/inputConfirmAdderess' is clicked on

2019-10-24 13:50:22 - [MESSAGE][PASSED] - Object: 'Object Repository/findOrders/Page_cabi Find Orders/Page_cabi Stylist Create RMA/inputConfirmAdderess' is clicked on

2019-10-24 13:50:22 - [TEST_STEP][PASSED] - click(findTestObject("Object Repository/findOrders/Page_cabi Find Orders/Page_cabi Stylist Create RMA/a_Next_1")): Object: 'Object Repository/findOrders/Page_cabi Find Orders/Page_cabi Stylist Create RMA/a_Next_1' is clicked on

2019-10-24 13:50:22 - [MESSAGE][PASSED] - Object: 'Object Repository/findOrders/Page_cabi Find Orders/Page_cabi Stylist Create RMA/a_Next_1' is clicked on

2019-10-24 13:50:22 - [TEST_STEP][PASSED] - delay(5): Delayed 5 second(s)

2019-10-24 13:50:27 - [MESSAGE][PASSED] - Delayed 5 second(s)

2019-10-24 13:50:27 - [TEST_STEP][PASSED] - confirmAddress = findWebElements(findTestObject("Object Repository/findOrders/Page_cabi Find Orders/Page_cabi Stylist Create RMA/inputConfirmAdderess"), 1): Unable to find the element located by 'By.xpath: //input[@id='addressConfirm']'. Please recheck the objects properties to make sure the desired element is located. 

2019-10-24 13:50:28 - [MESSAGE][INFO] - Unable to find the element located by 'By.xpath: //input[@id='addressConfirm']'. Please recheck the objects properties to make sure the desired element is located. 

2019-10-24 13:50:28 - [TEST_STEP][PASSED] - if (confirmAddress.size() != 0): null

2019-10-24 13:50:28 - [TEST_STEP][PASSED] - click(findTestObject("Object Repository/findOrders/Page_cabi Find Orders/Page_cabi Stylist Create RMA/a_Submit RMA")): Object: 'Object Repository/findOrders/Page_cabi Find Orders/Page_cabi Stylist Create RMA/a_Submit RMA' is clicked on

2019-10-24 13:50:28 - [MESSAGE][PASSED] - Object: 'Object Repository/findOrders/Page_cabi Find Orders/Page_cabi Stylist Create RMA/a_Submit RMA' is clicked on

2019-10-24 13:50:28 - [TEST_STEP][PASSED] - click(findTestObject("Object Repository/findOrders/Page_cabi Find Orders/Page_cabi Stylist Create RMA/addonOrder")): Object: 'Object Repository/findOrders/Page_cabi Find Orders/Page_cabi Stylist Create RMA/addonOrder' is clicked on

2019-10-24 13:50:32 - [MESSAGE][PASSED] - Object: 'Object Repository/findOrders/Page_cabi Find Orders/Page_cabi Stylist Create RMA/addonOrder' is clicked on

2019-10-24 13:50:32 - [TEST_STEP][PASSED] - delay(3): Delayed 3 second(s)

2019-10-24 13:50:35 - [MESSAGE][PASSED] - Delayed 3 second(s)

2019-10-24 13:50:35 - [TEST_STEP][PASSED] - click(findTestObject("Object Repository/Page_cabi Retail Store/span_next")): Object: 'Object Repository/Page_cabi Retail Store/span_next' is clicked on

2019-10-24 13:50:35 - [MESSAGE][PASSED] - Object: 'Object Repository/Page_cabi Retail Store/span_next' is clicked on

2019-10-24 13:50:35 - [TEST_STEP][PASSED] - emptyCart = findWebElements(findTestObject("Object Repository/Page_cabi Personal Store/removeFromCart"), 5): Unable to find the element located by 'By.xpath: //*[@id="removeFromCart_0"]/span'. Please recheck the objects properties to make sure the desired element is located. 

2019-10-24 13:50:40 - [MESSAGE][INFO] - Unable to find the element located by 'By.xpath: //*[@id="removeFromCart_0"]/span'. Please recheck the objects properties to make sure the desired element is located. 

2019-10-24 13:50:40 - [TEST_STEP][PASSED] - if (emptyCart.size() > 0): null

2019-10-24 13:50:40 - [TEST_STEP][PASSED] - addOnStyle = findTestData("miscData").getValue("addOnStyle", 1): null

2019-10-24 13:50:40 - [TEST_STEP][PASSED] - delay(3): Delayed 3 second(s)

2019-10-24 13:50:43 - [MESSAGE][PASSED] - Delayed 3 second(s)

2019-10-24 13:50:43 - [TEST_STEP][PASSED] - click(findTestObject("Object Repository/Page_cabi Retail Store/span_quick_entry")): Object: 'Object Repository/Page_cabi Retail Store/span_quick_entry' is clicked on

2019-10-24 13:50:43 - [MESSAGE][PASSED] - Object: 'Object Repository/Page_cabi Retail Store/span_quick_entry' is clicked on

2019-10-24 13:50:43 - [TEST_STEP][PASSED] - delay(3): Delayed 3 second(s)

2019-10-24 13:50:46 - [MESSAGE][PASSED] - Delayed 3 second(s)

2019-10-24 13:50:46 - [TEST_STEP][PASSED] - emptyCart = findWebElements(findTestObject("Object Repository/Page_cabi Personal Store/removeFromCart"), 5): Unable to find the element located by 'By.xpath: //*[@id="removeFromCart_0"]/span'. Please recheck the objects properties to make sure the desired element is located. 

2019-10-24 13:50:52 - [MESSAGE][INFO] - Unable to find the element located by 'By.xpath: //*[@id="removeFromCart_0"]/span'. Please recheck the objects properties to make sure the desired element is located. 

2019-10-24 13:50:52 - [TEST_STEP][PASSED] - while (emptyCart.size() > 0): null

2019-10-24 13:50:52 - [TEST_STEP][PASSED] - click(findTestObject("Object Repository/Page_cabi Create Order/input_Manual Discount_stylelookup_0")): Object: 'Object Repository/Page_cabi Create Order/input_Manual Discount_stylelookup_0' is clicked on

2019-10-24 13:50:52 - [MESSAGE][PASSED] - Object: 'Object Repository/Page_cabi Create Order/input_Manual Discount_stylelookup_0' is clicked on

2019-10-24 13:50:52 - [TEST_STEP][PASSED] - setText(findTestObject("Object Repository/Page_cabi Create Order/input_Manual Discount_stylelookup_0"), addOnStyle): Text '3701' is set on object 'Object Repository/Page_cabi Create Order/input_Manual Discount_stylelookup_0'

2019-10-24 13:50:52 - [MESSAGE][PASSED] - Text '3701' is set on object 'Object Repository/Page_cabi Create Order/input_Manual Discount_stylelookup_0'

2019-10-24 13:50:52 - [TEST_STEP][PASSED] - delay(3): Delayed 3 second(s)

2019-10-24 13:50:55 - [MESSAGE][PASSED] - Delayed 3 second(s)

2019-10-24 13:50:55 - [TEST_STEP][PASSED] - prod_message = getText(findTestObject("Page_cabi Create Order/first_option")): Text of object 'Object Repository/Page_cabi Create Order/first_option' is: '3701 Shetland Sweater (Fall '19)'

2019-10-24 13:50:55 - [MESSAGE][PASSED] - Text of object 'Object Repository/Page_cabi Create Order/first_option' is: '3701 Shetland Sweater (Fall '19)'

2019-10-24 13:50:55 - [TEST_STEP][PASSED] - click(findTestObject("Page_cabi Create Order/first_option")): Object: 'Object Repository/Page_cabi Create Order/first_option' is clicked on

2019-10-24 13:50:55 - [MESSAGE][PASSED] - Object: 'Object Repository/Page_cabi Create Order/first_option' is clicked on

2019-10-24 13:50:55 - [TEST_STEP][PASSED] - delay(5): Delayed 5 second(s)

2019-10-24 13:51:00 - [MESSAGE][PASSED] - Delayed 5 second(s)

2019-10-24 13:51:00 - [TEST_STEP][PASSED] - click(findTestObject("Object Repository/Page_cabi Order Items/selectSize")): Object: 'Object Repository/Page_cabi Order Items/selectSize' is clicked on

2019-10-24 13:51:00 - [MESSAGE][PASSED] - Object: 'Object Repository/Page_cabi Order Items/selectSize' is clicked on

2019-10-24 13:51:00 - [TEST_STEP][PASSED] - delay(3): Delayed 3 second(s)

2019-10-24 13:51:03 - [MESSAGE][PASSED] - Delayed 3 second(s)

2019-10-24 13:51:03 - [TEST_STEP][PASSED] - click(findTestObject("Object Repository/Page_cabi Order Items/span_Add to Cart")): Object: 'Object Repository/Page_cabi Order Items/span_Add to Cart' is clicked on

2019-10-24 13:51:03 - [MESSAGE][PASSED] - Object: 'Object Repository/Page_cabi Order Items/span_Add to Cart' is clicked on

2019-10-24 13:51:03 - [TEST_STEP][PASSED] - delay(5): Delayed 5 second(s)

2019-10-24 13:51:08 - [MESSAGE][PASSED] - Delayed 5 second(s)

2019-10-24 13:51:08 - [TEST_STEP][PASSED] - click(findTestObject("Object Repository/Page_cabi Order Items/a_checkout")): Object: 'Object Repository/Page_cabi Order Items/a_checkout' is clicked on

2019-10-24 13:51:12 - [MESSAGE][PASSED] - Object: 'Object Repository/Page_cabi Order Items/a_checkout' is clicked on

2019-10-24 13:51:12 - [TEST_STEP][PASSED] - delay(3): Delayed 3 second(s)

2019-10-24 13:51:15 - [MESSAGE][PASSED] - Delayed 3 second(s)

2019-10-24 13:51:15 - [TEST_STEP][PASSED] - click(findTestObject("Page_cabi Personal Store/nextButtonShipping")): Object: 'Object Repository/Page_cabi Personal Store/nextButtonShipping' is clicked on

2019-10-24 13:51:15 - [MESSAGE][PASSED] - Object: 'Object Repository/Page_cabi Personal Store/nextButtonShipping' is clicked on

2019-10-24 13:51:15 - [TEST_STEP][PASSED] - delay(3): Delayed 3 second(s)

2019-10-24 13:51:18 - [MESSAGE][PASSED] - Delayed 3 second(s)

2019-10-24 13:51:18 - [TEST_STEP][PASSED] - click(findTestObject("Page_cabi Personal Store/makeFirstPayment")): Object: 'Object Repository/Page_cabi Personal Store/makeFirstPayment' is clicked on

2019-10-24 13:51:18 - [MESSAGE][PASSED] - Object: 'Object Repository/Page_cabi Personal Store/makeFirstPayment' is clicked on

2019-10-24 13:51:18 - [TEST_STEP][PASSED] - click(findTestObject("Page_cabi Personal Store/submitPayment")): Object: 'Object Repository/Page_cabi Personal Store/submitPayment' is clicked on

2019-10-24 13:51:18 - [MESSAGE][PASSED] - Object: 'Object Repository/Page_cabi Personal Store/submitPayment' is clicked on

2019-10-24 13:51:18 - [TEST_STEP][PASSED] - click(findTestObject("Page_cabi Personal Store/submitOrderId")): Object: 'Object Repository/Page_cabi Personal Store/submitOrderId' is clicked on

2019-10-24 13:51:21 - [MESSAGE][PASSED] - Object: 'Object Repository/Page_cabi Personal Store/submitOrderId' is clicked on

2019-10-24 13:51:21 - [TEST_STEP][PASSED] - successMsg = "": null

2019-10-24 13:51:21 - [TEST_STEP][PASSED] - orderSuccess = false: null

2019-10-24 13:51:21 - [TEST_STEP][PASSED] - successMsgs = findWebElements(findTestObject("Object Repository/Page_cabi Personal Store/p_success_msg"), 5): null

2019-10-24 13:51:21 - [TEST_STEP][PASSED] - orderID = <not implemented yet for class: org.codehaus.groovy.ast.expr.EmptyExpression>: null

2019-10-24 13:51:21 - [TEST_STEP][PASSED] - if (successMsgs.size() > 0): null

2019-10-24 13:51:21 - [TEST_STEP][PASSED] - successMsg = getText(findTestObject("Object Repository/Page_cabi Personal Store/p_success_msg")): Text of object 'Object Repository/Page_cabi Personal Store/p_success_msg' is: 'Order Created Successfully!!
Order #:  RT708383811

RMA DASHBOARD'

2019-10-24 13:51:21 - [MESSAGE][PASSED] - Text of object 'Object Repository/Page_cabi Personal Store/p_success_msg' is: 'Order Created Successfully!!
Order #:  RT708383811

RMA DASHBOARD'

2019-10-24 13:51:21 - [TEST_STEP][PASSED] - orderSuccess = true: null

2019-10-24 13:51:21 - [TEST_STEP][PASSED] - orderID = getText(findTestObject("Object Repository/Page_cabi Personal Store/p_order_id")): Text of object 'Object Repository/Page_cabi Personal Store/p_order_id' is: 'RT708383811'

2019-10-24 13:51:21 - [MESSAGE][PASSED] - Text of object 'Object Repository/Page_cabi Personal Store/p_order_id' is: 'RT708383811'

2019-10-24 13:51:21 - [TEST_STEP][PASSED] - println(orderID): null

2019-10-24 13:51:21 - [TEST_STEP][PASSED] - sa = new org.testng.asserts.SoftAssert(): null

2019-10-24 13:51:21 - [TEST_STEP][PASSED] - sa.assertTrue(orderSuccess): null

2019-10-24 13:51:21 - [TEST_STEP][PASSED] - println(ship): null

2019-10-24 13:51:21 - [TEST_STEP][PASSED] - shipString = "no": null

2019-10-24 13:51:21 - [TEST_STEP][PASSED] - shipString = ship: null

2019-10-24 13:51:21 - [TEST_STEP][PASSED] - if (shipString.equalsIgnoreCase("y")): Call Test Case 'Test Cases/NewArrival/warehouseShipping' successfully

2019-10-24 13:51:21 - [TEST_STEP][PASSED] - callTestCase(findTestCase("NewArrival/warehouseShipping"), ["orderId":orderID], CONTINUE_ON_FAILURE): Call Test Case 'Test Cases/NewArrival/warehouseShipping' successfully

2019-10-24 13:51:21 - [TEST_CASE][PASSED] - Test Cases/NewArrival/warehouseShipping: Test Cases/NewArrival/warehouseShipping

2019-10-24 13:51:21 - [TEST_STEP][PASSED] - println(orderId): null

2019-10-24 13:51:21 - [TEST_STEP][PASSED] - callTestCase(findTestCase("TestCaseUtilities/cabiWarehouseLogin"), ["CWURL":"", "CWuser":"", "CWpass":""], CONTINUE_ON_FAILURE): Call Test Case 'Test Cases/TestCaseUtilities/cabiWarehouseLogin' successfully

2019-10-24 13:51:21 - [TEST_CASE][PASSED] - Test Cases/TestCaseUtilities/cabiWarehouseLogin: Test Cases/TestCaseUtilities/cabiWarehouseLogin

2019-10-24 13:51:21 - [TEST_STEP][PASSED] - CWURL = findTestData("envtData").getValue("CWURL", 1): null

2019-10-24 13:51:21 - [TEST_STEP][PASSED] - CWuser = findTestData("credData").getValue("CWuser", 1): null

2019-10-24 13:51:21 - [TEST_STEP][PASSED] - CWpass = findTestData("credData").getValue("CWpass", 1): null

2019-10-24 13:51:21 - [TEST_STEP][PASSED] - openBrowser(""): Browser is opened with url: ''

2019-10-24 13:51:21 - [MESSAGE][WARNING] - A browser is already opened. Closing browser and opening a new one

2019-10-24 13:51:22 - [MESSAGE][INFO] - Starting 'Chrome' driver

2019-10-24 13:51:22 - [MESSAGE][INFO] - User set preference: ['args', '[--use-fake-ui-for-media-stream, --start-maximized]']

2019-10-24 13:51:24 - [MESSAGE][PASSED] - Browser is opened with url: ''

2019-10-24 13:51:24 - [TEST_STEP][PASSED] - navigateToUrl(CWURL): Navigate to 'https://test14.cliotest.com/warehouse/control/main' successfully

2019-10-24 13:51:31 - [MESSAGE][PASSED] - Navigate to 'https://test14.cliotest.com/warehouse/control/main' successfully

2019-10-24 13:51:31 - [TEST_STEP][PASSED] - logOut = findWebElements(findTestObject("Object Repository/Cabi warehouse/Page_cabi_home/log_out"), 1): Unable to find the element located by 'By.xpath: //li/a[contains(text(), 'Log Out »')]'. Please recheck the objects properties to make sure the desired element is located. 

2019-10-24 13:51:32 - [MESSAGE][INFO] - Unable to find the element located by 'By.xpath: //li/a[contains(text(), 'Log Out »')]'. Please recheck the objects properties to make sure the desired element is located. 

2019-10-24 13:51:32 - [TEST_STEP][PASSED] - if (logOut.size() == 0): Object: 'Object Repository/Cabi warehouse/Page_cabi/input_Password_section-btn btn-stl-pk rFloat' is clicked on

2019-10-24 13:51:32 - [TEST_STEP][PASSED] - setText(findTestObject("Object Repository/Cabi warehouse/Page_cabi/input_Username_USERNAME"), CWuser): Text 'rsuarez' is set on object 'Object Repository/Cabi warehouse/Page_cabi/input_Username_USERNAME'

2019-10-24 13:51:32 - [MESSAGE][PASSED] - Text 'rsuarez' is set on object 'Object Repository/Cabi warehouse/Page_cabi/input_Username_USERNAME'

2019-10-24 13:51:32 - [TEST_STEP][PASSED] - setText(findTestObject("Object Repository/Cabi warehouse/Page_cabi/input_Password_PASSWORD"), CWpass): Text 'blackdress19' is set on object 'Object Repository/Cabi warehouse/Page_cabi/input_Password_PASSWORD'

2019-10-24 13:51:32 - [MESSAGE][PASSED] - Text 'blackdress19' is set on object 'Object Repository/Cabi warehouse/Page_cabi/input_Password_PASSWORD'

2019-10-24 13:51:32 - [TEST_STEP][PASSED] - click(findTestObject("Object Repository/Cabi warehouse/Page_cabi/input_Password_section-btn btn-stl-pk rFloat")): Object: 'Object Repository/Cabi warehouse/Page_cabi/input_Password_section-btn btn-stl-pk rFloat' is clicked on

2019-10-24 13:51:35 - [MESSAGE][PASSED] - Object: 'Object Repository/Cabi warehouse/Page_cabi/input_Password_section-btn btn-stl-pk rFloat' is clicked on

2019-10-24 13:51:35 - [TEST_STEP][PASSED] - delay(3): Delayed 3 second(s)

2019-10-24 13:51:38 - [MESSAGE][PASSED] - Delayed 3 second(s)

2019-10-24 13:51:38 - [MESSAGE][PASSED] - Call Test Case 'Test Cases/TestCaseUtilities/cabiWarehouseLogin' successfully

2019-10-24 13:51:38 - [TEST_STEP][PASSED] - click(findTestObject("Page_cabi Manage PickLists/a_Create PickLists")): Object: 'Object Repository/Page_cabi Manage PickLists/a_Create PickLists' is clicked on

2019-10-24 13:51:39 - [MESSAGE][PASSED] - Object: 'Object Repository/Page_cabi Manage PickLists/a_Create PickLists' is clicked on

2019-10-24 13:51:39 - [TEST_STEP][PASSED] - delay(2): Delayed 2 second(s)

2019-10-24 13:51:41 - [MESSAGE][PASSED] - Delayed 2 second(s)

2019-10-24 13:51:41 - [TEST_STEP][PASSED] - click(findTestObject("Object Repository/findOrders/Page_cabi Find Orders/Page_cabi SampleLine Shipment Screen/a_Single Order")): Object: 'Object Repository/findOrders/Page_cabi Find Orders/Page_cabi SampleLine Shipment Screen/a_Single Order' is clicked on

2019-10-24 13:51:42 - [MESSAGE][PASSED] - Object: 'Object Repository/findOrders/Page_cabi Find Orders/Page_cabi SampleLine Shipment Screen/a_Single Order' is clicked on

2019-10-24 13:51:42 - [TEST_STEP][PASSED] - setText(findTestObject("Page_cabi Create Single Order PickList/input_Order Id_orderId"), orderId): Text 'RT708383811' is set on object 'Object Repository/Page_cabi Create Single Order PickList/input_Order Id_orderId'

2019-10-24 13:51:42 - [MESSAGE][PASSED] - Text 'RT708383811' is set on object 'Object Repository/Page_cabi Create Single Order PickList/input_Order Id_orderId'

2019-10-24 13:51:42 - [TEST_STEP][PASSED] - click(findTestObject("Page_cabi Create Single Order PickList/input_Create even if fully backordered_submitButton")): Object: 'Object Repository/Page_cabi Create Single Order PickList/input_Create even if fully backordered_submitButton' is clicked on

2019-10-24 13:51:43 - [MESSAGE][PASSED] - Object: 'Object Repository/Page_cabi Create Single Order PickList/input_Create even if fully backordered_submitButton' is clicked on

2019-10-24 13:51:43 - [TEST_STEP][PASSED] - delay(2): Delayed 2 second(s)

2019-10-24 13:51:45 - [MESSAGE][PASSED] - Delayed 2 second(s)

2019-10-24 13:51:45 - [TEST_STEP][PASSED] - pickListCreated = findWebElements(findTestObject("Cabi warehouse/picklistCreatedMessage"), 5): null

2019-10-24 13:51:45 - [TEST_STEP][PASSED] - if (pickListCreated.size() == 0): null

2019-10-24 13:51:45 - [TEST_STEP][PASSED] - picklistCreatedMessage = UtilityMethods.concat("Picklist for order: [", orderId, "] has been created successfully."): null

2019-10-24 13:51:45 - [TEST_STEP][PASSED] - println(picklistCreatedMessage): null

2019-10-24 13:51:45 - [TEST_STEP][PASSED] - verifyElementText(findTestObject("Cabi warehouse/picklistCreatedMessage"), picklistCreatedMessage): Actual text and expected text of test object 'Object Repository/Cabi warehouse/picklistCreatedMessage' are matched.

2019-10-24 13:51:45 - [MESSAGE][PASSED] - Actual text and expected text of test object 'Object Repository/Cabi warehouse/picklistCreatedMessage' are matched.

2019-10-24 13:51:45 - [TEST_STEP][PASSED] - click(findTestObject("Page_cabi Create Single Order PickList/a_Manage PickLists")): Object: 'Object Repository/Page_cabi Create Single Order PickList/a_Manage PickLists' is clicked on

2019-10-24 13:51:46 - [MESSAGE][PASSED] - Object: 'Object Repository/Page_cabi Create Single Order PickList/a_Manage PickLists' is clicked on

2019-10-24 13:51:46 - [TEST_STEP][PASSED] - delay(2): Delayed 2 second(s)

2019-10-24 13:51:48 - [MESSAGE][PASSED] - Delayed 2 second(s)

2019-10-24 13:51:48 - [TEST_STEP][PASSED] - setText(findTestObject("Page_cabi Manage PickLists/input_Order _orderId"), orderId): Text 'RT708383811' is set on object 'Object Repository/Page_cabi Manage PickLists/input_Order _orderId'

2019-10-24 13:51:48 - [MESSAGE][PASSED] - Text 'RT708383811' is set on object 'Object Repository/Page_cabi Manage PickLists/input_Order _orderId'

2019-10-24 13:51:48 - [TEST_STEP][PASSED] - click(findTestObject("Page_cabi Manage PickLists/input")): Object: 'Object Repository/Page_cabi Manage PickLists/input' is clicked on

2019-10-24 13:51:49 - [MESSAGE][PASSED] - Object: 'Object Repository/Page_cabi Manage PickLists/input' is clicked on

2019-10-24 13:51:49 - [TEST_STEP][PASSED] - delay(3): Delayed 3 second(s)

2019-10-24 13:51:52 - [MESSAGE][PASSED] - Delayed 3 second(s)

2019-10-24 13:51:52 - [TEST_STEP][PASSED] - click(findTestObject("Page_cabi Manage PickLists/td_104238610")): Object: 'Object Repository/Page_cabi Manage PickLists/td_104238610' is clicked on

2019-10-24 13:51:52 - [MESSAGE][PASSED] - Object: 'Object Repository/Page_cabi Manage PickLists/td_104238610' is clicked on

2019-10-24 13:51:52 - [TEST_STEP][PASSED] - delay(2): Delayed 2 second(s)

2019-10-24 13:51:54 - [MESSAGE][PASSED] - Delayed 2 second(s)

2019-10-24 13:51:54 - [TEST_STEP][PASSED] - picklistId = getText(findTestObject("Page_cabi Manage PickLists/td_104238610")): Text of object 'Object Repository/Page_cabi Manage PickLists/td_104238610' is: '104456321'

2019-10-24 13:51:55 - [MESSAGE][PASSED] - Text of object 'Object Repository/Page_cabi Manage PickLists/td_104238610' is: '104456321'

2019-10-24 13:51:55 - [TEST_STEP][PASSED] - click(findTestObject("Page_cabi Manage PickLists/a_Packing")): Object: 'Object Repository/Page_cabi Manage PickLists/a_Packing' is clicked on

2019-10-24 13:51:55 - [MESSAGE][PASSED] - Object: 'Object Repository/Page_cabi Manage PickLists/a_Packing' is clicked on

2019-10-24 13:51:55 - [TEST_STEP][PASSED] - setText(findTestObject("Page_cabi Pack Init/input_Pack Station_packStationId"), "30"): Text '30' is set on object 'Object Repository/Page_cabi Pack Init/input_Pack Station_packStationId'

2019-10-24 13:51:56 - [MESSAGE][PASSED] - Text '30' is set on object 'Object Repository/Page_cabi Pack Init/input_Pack Station_packStationId'

2019-10-24 13:51:56 - [TEST_STEP][PASSED] - click(findTestObject("Page_cabi Pack Init/input_Pack Station_submitButton")): Object: 'Object Repository/Page_cabi Pack Init/input_Pack Station_submitButton' is clicked on

2019-10-24 13:51:56 - [MESSAGE][PASSED] - Object: 'Object Repository/Page_cabi Pack Init/input_Pack Station_submitButton' is clicked on

2019-10-24 13:51:56 - [TEST_STEP][PASSED] - delay(2): Delayed 2 second(s)

2019-10-24 13:51:58 - [MESSAGE][PASSED] - Delayed 2 second(s)

2019-10-24 13:51:58 - [TEST_STEP][PASSED] - setText(findTestObject("Page_cabi Pack Init/input_Picklist ID_pickId"), picklistId): Text '104456321' is set on object 'Object Repository/Page_cabi Pack Init/input_Picklist ID_pickId'

2019-10-24 13:51:59 - [MESSAGE][PASSED] - Text '104456321' is set on object 'Object Repository/Page_cabi Pack Init/input_Picklist ID_pickId'

2019-10-24 13:51:59 - [TEST_STEP][PASSED] - click(findTestObject("Page_cabi Pack Init/input_Picklist ID_submitButton")): Object: 'Object Repository/Page_cabi Pack Init/input_Picklist ID_submitButton' is clicked on

2019-10-24 13:52:00 - [MESSAGE][PASSED] - Object: 'Object Repository/Page_cabi Pack Init/input_Picklist ID_submitButton' is clicked on

2019-10-24 13:52:00 - [TEST_STEP][PASSED] - delay(2): Delayed 2 second(s)

2019-10-24 13:52:02 - [MESSAGE][PASSED] - Delayed 2 second(s)

2019-10-24 13:52:02 - [TEST_STEP][PASSED] - click(findTestObject("Page_cabi General Pack/input_Cream Of Wheat_button addItemForVerification")): Object: 'Object Repository/Page_cabi General Pack/input_Cream Of Wheat_button addItemForVerification' is clicked on

2019-10-24 13:52:02 - [MESSAGE][PASSED] - Object: 'Object Repository/Page_cabi General Pack/input_Cream Of Wheat_button addItemForVerification' is clicked on

2019-10-24 13:52:02 - [TEST_STEP][PASSED] - delay(2): Delayed 2 second(s)

2019-10-24 13:52:04 - [MESSAGE][PASSED] - Delayed 2 second(s)

2019-10-24 13:52:04 - [TEST_STEP][PASSED] - click(findTestObject("Page_cabi General Pack/input_Pack Station  30_shipConfirmBtn")): Object: 'Object Repository/Page_cabi General Pack/input_Pack Station  30_shipConfirmBtn' is clicked on

2019-10-24 13:52:07 - [MESSAGE][PASSED] - Object: 'Object Repository/Page_cabi General Pack/input_Pack Station  30_shipConfirmBtn' is clicked on

2019-10-24 13:52:07 - [TEST_STEP][PASSED] - delay(3): Delayed 3 second(s)

2019-10-24 13:52:10 - [MESSAGE][PASSED] - Delayed 3 second(s)

2019-10-24 13:52:10 - [TEST_STEP][PASSED] - itemsNotpacked = findWebElements(findTestObject("Cabi warehouse/itemsNotPacked"), 5): Unable to find the element located by 'By.xpath: //*[@id="content-messages"]/p[1]'. Please recheck the objects properties to make sure the desired element is located. 

2019-10-24 13:52:16 - [MESSAGE][INFO] - Unable to find the element located by 'By.xpath: //*[@id="content-messages"]/p[1]'. Please recheck the objects properties to make sure the desired element is located. 

2019-10-24 13:52:16 - [TEST_STEP][PASSED] - if (itemsNotpacked.size() > 0): null

2019-10-24 13:52:16 - [MESSAGE][PASSED] - Call Test Case 'Test Cases/NewArrival/warehouseShipping' successfully

2019-10-24 13:52:16 - [MESSAGE][PASSED] - Call Test Case 'Test Cases/OrderCreator/addOnOrderRetail' successfully

2019-10-24 13:52:16 - [TEST_STEP][PASSED] - callTestCase(findTestCase("Test Cases/OrderCreator/addOnOrderRetail"), ["ship":ship], CONTINUE_ON_FAILURE): Call Test Case 'Test Cases/OrderCreator/addOnOrderRetail' successfully

2019-10-24 13:52:16 - [TEST_CASE][PASSED] - Test Cases/OrderCreator/addOnOrderRetail: Test Cases/OrderCreator/addOnOrderRetail

2019-10-24 13:52:16 - [TEST_STEP][PASSED] - openBrowser(""): Browser is opened with url: ''

2019-10-24 13:52:16 - [MESSAGE][WARNING] - A browser is already opened. Closing browser and opening a new one

2019-10-24 13:52:16 - [MESSAGE][INFO] - Starting 'Chrome' driver

2019-10-24 13:52:16 - [MESSAGE][INFO] - User set preference: ['args', '[--use-fake-ui-for-media-stream, --start-maximized]']

2019-10-24 13:52:18 - [MESSAGE][PASSED] - Browser is opened with url: ''

2019-10-24 13:52:18 - [TEST_STEP][PASSED] - driver = <not implemented yet for class: org.codehaus.groovy.ast.expr.EmptyExpression>: null

2019-10-24 13:52:18 - [TEST_STEP][PASSED] - executor = <not implemented yet for class: org.codehaus.groovy.ast.expr.EmptyExpression>: null

2019-10-24 13:52:18 - [TEST_STEP][PASSED] - addOnStyle = findTestData("miscData").getValue("addOnStyle", 1): null

2019-10-24 13:52:18 - [TEST_STEP][PASSED] - for ([timeRow = 1, timeRow <= 1, (timeRow++)]): Call Test Case 'Test Cases/NewArrival/warehouseShipping' successfully

2019-10-24 13:52:18 - [TEST_STEP][PASSED] - callTestCase(findTestCase("TestCaseUtilities/backOfficeLogin"), ["BOURL":"", "BOuser":"", "BOpass":""], CONTINUE_ON_FAILURE): Call Test Case 'Test Cases/TestCaseUtilities/backOfficeLogin' successfully

2019-10-24 13:52:19 - [TEST_CASE][PASSED] - Test Cases/TestCaseUtilities/backOfficeLogin: Test Cases/TestCaseUtilities/backOfficeLogin

2019-10-24 13:52:19 - [TEST_STEP][PASSED] - BOURL = findTestData("envtData").getValue("BOURL", 1): null

2019-10-24 13:52:19 - [TEST_STEP][PASSED] - BOuser = findTestData("credData").getValue("BOuser", 1): null

2019-10-24 13:52:19 - [TEST_STEP][PASSED] - BOpass = findTestData("credData").getValue("BOpass", 1): null

2019-10-24 13:52:19 - [TEST_STEP][PASSED] - openBrowser(""): Browser is opened with url: ''

2019-10-24 13:52:19 - [MESSAGE][WARNING] - A browser is already opened. Closing browser and opening a new one

2019-10-24 13:52:19 - [MESSAGE][INFO] - Starting 'Chrome' driver

2019-10-24 13:52:19 - [MESSAGE][INFO] - User set preference: ['args', '[--use-fake-ui-for-media-stream, --start-maximized]']

2019-10-24 13:52:21 - [MESSAGE][PASSED] - Browser is opened with url: ''

2019-10-24 13:52:21 - [TEST_STEP][PASSED] - navigateToUrl(BOURL): Navigate to 'https://test14.cliotest.com/backoffice/control/main' successfully

2019-10-24 13:52:31 - [MESSAGE][PASSED] - Navigate to 'https://test14.cliotest.com/backoffice/control/main' successfully

2019-10-24 13:52:31 - [TEST_STEP][PASSED] - logOut = findWebElements(findTestObject("Object Repository/Page_cabi Home/log_out"), 1): Unable to find the element located by 'By.xpath: //a[contains(text(),'Log Out')]'. Please recheck the objects properties to make sure the desired element is located. 

2019-10-24 13:52:32 - [MESSAGE][INFO] - Unable to find the element located by 'By.xpath: //a[contains(text(),'Log Out')]'. Please recheck the objects properties to make sure the desired element is located. 

2019-10-24 13:52:32 - [TEST_STEP][PASSED] - if (logOut.size() == 0): Object: 'Object Repository/Page_cabi/input_Welcome to_consultantLogin' is clicked on

2019-10-24 13:52:32 - [TEST_STEP][PASSED] - setText(findTestObject("Page_cabi/input_Welcome to_USERNAME"), BOuser): Text '400000002' is set on object 'Object Repository/Page_cabi/input_Welcome to_USERNAME'

2019-10-24 13:52:32 - [MESSAGE][PASSED] - Text '400000002' is set on object 'Object Repository/Page_cabi/input_Welcome to_USERNAME'

2019-10-24 13:52:32 - [TEST_STEP][PASSED] - setText(findTestObject("Object Repository/Page_cabi/input_Welcome to_PASSWORD"), BOpass): Text 'blackdress19' is set on object 'Object Repository/Page_cabi/input_Welcome to_PASSWORD'

2019-10-24 13:52:32 - [MESSAGE][PASSED] - Text 'blackdress19' is set on object 'Object Repository/Page_cabi/input_Welcome to_PASSWORD'

2019-10-24 13:52:32 - [TEST_STEP][PASSED] - click(findTestObject("Object Repository/Page_cabi/input_Welcome to_consultantLogin")): Object: 'Object Repository/Page_cabi/input_Welcome to_consultantLogin' is clicked on

2019-10-24 13:52:44 - [MESSAGE][PASSED] - Object: 'Object Repository/Page_cabi/input_Welcome to_consultantLogin' is clicked on

2019-10-24 13:52:44 - [TEST_STEP][PASSED] - delay(3): Delayed 3 second(s)

2019-10-24 13:52:47 - [MESSAGE][PASSED] - Delayed 3 second(s)

2019-10-24 13:52:47 - [MESSAGE][PASSED] - Call Test Case 'Test Cases/TestCaseUtilities/backOfficeLogin' successfully

2019-10-24 13:52:47 - [TEST_STEP][PASSED] - driver = getWebDriver(): null

2019-10-24 13:52:47 - [TEST_STEP][PASSED] - executor = driver: null

2019-10-24 13:52:47 - [TEST_STEP][PASSED] - executor.executeScript("arguments[0].click();", findWebElement(findTestObject("Page_cabi Home/a_retail_purchases"), 5)): null

2019-10-24 13:52:52 - [TEST_STEP][PASSED] - delay(3): Delayed 3 second(s)

2019-10-24 13:52:55 - [MESSAGE][PASSED] - Delayed 3 second(s)

2019-10-24 13:52:55 - [TEST_STEP][PASSED] - click(findTestObject("Object Repository/Page_cabi Home/existingCustomer")): Object: 'Object Repository/Page_cabi Home/existingCustomer' is clicked on

2019-10-24 13:52:55 - [MESSAGE][PASSED] - Object: 'Object Repository/Page_cabi Home/existingCustomer' is clicked on

2019-10-24 13:52:55 - [TEST_STEP][PASSED] - contactNumber = 1: null

2019-10-24 13:52:55 - [TEST_STEP][PASSED] - firstName = findTestData("contactData").getValue("firstName", contactNumber): null

2019-10-24 13:52:55 - [TEST_STEP][PASSED] - lastName = findTestData("contactData").getValue("lastName", contactNumber): null

2019-10-24 13:52:55 - [TEST_STEP][PASSED] - email = findTestData("contactData").getValue("email", contactNumber): null

2019-10-24 13:52:55 - [TEST_STEP][PASSED] - address1 = findTestData("contactData").getValue("address1", contactNumber): null

2019-10-24 13:52:55 - [TEST_STEP][PASSED] - city = findTestData("contactData").getValue("city", contactNumber): null

2019-10-24 13:52:55 - [TEST_STEP][PASSED] - state = findTestData("contactData").getValue("state", contactNumber): null

2019-10-24 13:52:55 - [TEST_STEP][PASSED] - zip = findTestData("contactData").getValue("zip", contactNumber): null

2019-10-24 13:52:55 - [TEST_STEP][PASSED] - existingCustFName = firstName: null

2019-10-24 13:52:55 - [TEST_STEP][PASSED] - existingCustLName = lastName: null

2019-10-24 13:52:55 - [TEST_STEP][PASSED] - space = " ": null

2019-10-24 13:52:55 - [TEST_STEP][PASSED] - existingCust = $existingCustFName$space$existingCustLName: null

2019-10-24 13:52:55 - [TEST_STEP][PASSED] - setText(findTestObject("Object Repository/Page_cabi Home/input_existing_guest"), existingCust): Text 'ahostess-test abc' is set on object 'Object Repository/Page_cabi Home/input_existing_guest'

2019-10-24 13:52:55 - [MESSAGE][PASSED] - Text 'ahostess-test abc' is set on object 'Object Repository/Page_cabi Home/input_existing_guest'

2019-10-24 13:52:55 - [TEST_STEP][PASSED] - delay(2): Delayed 2 second(s)

2019-10-24 13:52:57 - [MESSAGE][PASSED] - Delayed 2 second(s)

2019-10-24 13:52:57 - [TEST_STEP][PASSED] - sendKeys(findTestObject("Object Repository/Page_cabi Home/input_existing_guest"), Keys.chord(ARROW_DOWN)): Keys 'DOWN + ' sent to object: 'Object Repository/Page_cabi Home/input_existing_guest'

2019-10-24 13:52:57 - [MESSAGE][PASSED] - Keys 'DOWN + ' sent to object: 'Object Repository/Page_cabi Home/input_existing_guest'

2019-10-24 13:52:57 - [TEST_STEP][PASSED] - delay(1): Delayed 1 second(s)

2019-10-24 13:52:58 - [MESSAGE][PASSED] - Delayed 1 second(s)

2019-10-24 13:52:58 - [TEST_STEP][PASSED] - sendKeys(findTestObject("Object Repository/Page_cabi Home/input_existing_guest"), Keys.chord(ENTER)): Keys 'ENTER + ' sent to object: 'Object Repository/Page_cabi Home/input_existing_guest'

2019-10-24 13:52:59 - [MESSAGE][PASSED] - Keys 'ENTER + ' sent to object: 'Object Repository/Page_cabi Home/input_existing_guest'

2019-10-24 13:52:59 - [TEST_STEP][PASSED] - delay(5): Delayed 5 second(s)

2019-10-24 13:53:04 - [MESSAGE][PASSED] - Delayed 5 second(s)

2019-10-24 13:53:04 - [TEST_STEP][PASSED] - executor.executeScript("arguments[0].checked=true;", findWebElement(findTestObject("Object Repository/Page_cabi Home/a_same_shipping_address"), 10)): null

2019-10-24 13:53:05 - [TEST_STEP][PASSED] - delay(3): Delayed 3 second(s)

2019-10-24 13:53:08 - [MESSAGE][PASSED] - Delayed 3 second(s)

2019-10-24 13:53:08 - [TEST_STEP][PASSED] - check(findTestObject("Object Repository/Page_cabi Home/a_same_shipping_address")): Object 'Object Repository/Page_cabi Home/a_same_shipping_address' is checked

2019-10-24 13:53:08 - [MESSAGE][PASSED] - Object 'Object Repository/Page_cabi Home/a_same_shipping_address' is checked

2019-10-24 13:53:08 - [TEST_STEP][PASSED] - delay(5): Delayed 5 second(s)

2019-10-24 13:53:13 - [MESSAGE][PASSED] - Delayed 5 second(s)

2019-10-24 13:53:13 - [TEST_STEP][PASSED] - executor.executeScript("arguments[0].click();", findWebElement(findTestObject("Page_cabi Retail Store/span_next_1"), 5)): null

2019-10-24 13:53:13 - [TEST_STEP][PASSED] - delay(3): Delayed 3 second(s)

2019-10-24 13:53:16 - [MESSAGE][PASSED] - Delayed 3 second(s)

2019-10-24 13:53:16 - [TEST_STEP][PASSED] - delay(3): Delayed 3 second(s)

2019-10-24 13:53:19 - [MESSAGE][PASSED] - Delayed 3 second(s)

2019-10-24 13:53:19 - [TEST_STEP][PASSED] - click(findTestObject("Object Repository/Page_cabi Retail Store/span_quick_entry")): Object: 'Object Repository/Page_cabi Retail Store/span_quick_entry' is clicked on

2019-10-24 13:53:20 - [MESSAGE][PASSED] - Object: 'Object Repository/Page_cabi Retail Store/span_quick_entry' is clicked on

2019-10-24 13:53:20 - [TEST_STEP][PASSED] - delay(3): Delayed 3 second(s)

2019-10-24 13:53:23 - [MESSAGE][PASSED] - Delayed 3 second(s)

2019-10-24 13:53:23 - [TEST_STEP][PASSED] - emptyCart = findWebElements(findTestObject("Object Repository/Page_cabi Personal Store/removeFromCart"), 5): Unable to find the element located by 'By.xpath: //*[@id="removeFromCart_0"]/span'. Please recheck the objects properties to make sure the desired element is located. 

2019-10-24 13:53:28 - [MESSAGE][INFO] - Unable to find the element located by 'By.xpath: //*[@id="removeFromCart_0"]/span'. Please recheck the objects properties to make sure the desired element is located. 

2019-10-24 13:53:28 - [TEST_STEP][PASSED] - while (emptyCart.size() > 0): null

2019-10-24 13:53:28 - [TEST_STEP][PASSED] - click(findTestObject("Object Repository/Page_cabi Create Order/input_Manual Discount_stylelookup_0")): Object: 'Object Repository/Page_cabi Create Order/input_Manual Discount_stylelookup_0' is clicked on

2019-10-24 13:53:29 - [MESSAGE][PASSED] - Object: 'Object Repository/Page_cabi Create Order/input_Manual Discount_stylelookup_0' is clicked on

2019-10-24 13:53:29 - [TEST_STEP][PASSED] - setText(findTestObject("Object Repository/Page_cabi Create Order/input_Manual Discount_stylelookup_0"), addOnStyle): Text '3701' is set on object 'Object Repository/Page_cabi Create Order/input_Manual Discount_stylelookup_0'

2019-10-24 13:53:29 - [MESSAGE][PASSED] - Text '3701' is set on object 'Object Repository/Page_cabi Create Order/input_Manual Discount_stylelookup_0'

2019-10-24 13:53:29 - [TEST_STEP][PASSED] - delay(3): Delayed 3 second(s)

2019-10-24 13:53:32 - [MESSAGE][PASSED] - Delayed 3 second(s)

2019-10-24 13:53:32 - [TEST_STEP][PASSED] - prod_message = getText(findTestObject("Page_cabi Create Order/first_option")): Text of object 'Object Repository/Page_cabi Create Order/first_option' is: '3701 Shetland Sweater'

2019-10-24 13:53:32 - [MESSAGE][PASSED] - Text of object 'Object Repository/Page_cabi Create Order/first_option' is: '3701 Shetland Sweater'

2019-10-24 13:53:32 - [TEST_STEP][PASSED] - click(findTestObject("Page_cabi Create Order/first_option")): Object: 'Object Repository/Page_cabi Create Order/first_option' is clicked on

2019-10-24 13:53:32 - [MESSAGE][PASSED] - Object: 'Object Repository/Page_cabi Create Order/first_option' is clicked on

2019-10-24 13:53:32 - [TEST_STEP][PASSED] - delay(5): Delayed 5 second(s)

2019-10-24 13:53:37 - [MESSAGE][PASSED] - Delayed 5 second(s)

2019-10-24 13:53:37 - [TEST_STEP][PASSED] - click(findTestObject("Object Repository/Page_cabi Order Items/selectSize")): Object: 'Object Repository/Page_cabi Order Items/selectSize' is clicked on

2019-10-24 13:53:37 - [MESSAGE][PASSED] - Object: 'Object Repository/Page_cabi Order Items/selectSize' is clicked on

2019-10-24 13:53:37 - [TEST_STEP][PASSED] - click(findTestObject("Object Repository/Page_cabi Order Items/span_Add to Cart")): Object: 'Object Repository/Page_cabi Order Items/span_Add to Cart' is clicked on

2019-10-24 13:53:37 - [MESSAGE][PASSED] - Object: 'Object Repository/Page_cabi Order Items/span_Add to Cart' is clicked on

2019-10-24 13:53:37 - [TEST_STEP][PASSED] - delay(5): Delayed 5 second(s)

2019-10-24 13:53:42 - [MESSAGE][PASSED] - Delayed 5 second(s)

2019-10-24 13:53:42 - [TEST_STEP][PASSED] - click(findTestObject("Object Repository/Page_cabi Order Items/span_Continue to Shipping")): Object: 'Object Repository/Page_cabi Order Items/span_Continue to Shipping' is clicked on

2019-10-24 13:53:44 - [MESSAGE][PASSED] - Object: 'Object Repository/Page_cabi Order Items/span_Continue to Shipping' is clicked on

2019-10-24 13:53:44 - [TEST_STEP][PASSED] - delay(3): Delayed 3 second(s)

2019-10-24 13:53:47 - [MESSAGE][PASSED] - Delayed 3 second(s)

2019-10-24 13:53:47 - [TEST_STEP][PASSED] - click(findTestObject("Page_cabi Personal Store/nextButtonShipping")): Object: 'Object Repository/Page_cabi Personal Store/nextButtonShipping' is clicked on

2019-10-24 13:53:47 - [MESSAGE][PASSED] - Object: 'Object Repository/Page_cabi Personal Store/nextButtonShipping' is clicked on

2019-10-24 13:53:47 - [TEST_STEP][PASSED] - delay(3): Delayed 3 second(s)

2019-10-24 13:53:50 - [MESSAGE][PASSED] - Delayed 3 second(s)

2019-10-24 13:53:50 - [TEST_STEP][PASSED] - click(findTestObject("Page_cabi Personal Store/makeFirstPayment")): Object: 'Object Repository/Page_cabi Personal Store/makeFirstPayment' is clicked on

2019-10-24 13:53:50 - [MESSAGE][PASSED] - Object: 'Object Repository/Page_cabi Personal Store/makeFirstPayment' is clicked on

2019-10-24 13:53:50 - [TEST_STEP][PASSED] - click(findTestObject("Object Repository/Page_cabi Personal Store/select_cash")): Object: 'Object Repository/Page_cabi Personal Store/select_cash' is clicked on

2019-10-24 13:53:50 - [MESSAGE][PASSED] - Object: 'Object Repository/Page_cabi Personal Store/select_cash' is clicked on

2019-10-24 13:53:50 - [TEST_STEP][PASSED] - click(findTestObject("Page_cabi Personal Store/submitPayment")): Object: 'Object Repository/Page_cabi Personal Store/submitPayment' is clicked on

2019-10-24 13:53:50 - [MESSAGE][PASSED] - Object: 'Object Repository/Page_cabi Personal Store/submitPayment' is clicked on

2019-10-24 13:53:50 - [TEST_STEP][PASSED] - click(findTestObject("Page_cabi Personal Store/submitOrderId")): Object: 'Object Repository/Page_cabi Personal Store/submitOrderId' is clicked on

2019-10-24 13:53:54 - [MESSAGE][PASSED] - Object: 'Object Repository/Page_cabi Personal Store/submitOrderId' is clicked on

2019-10-24 13:53:54 - [TEST_STEP][PASSED] - successMsg = "": null

2019-10-24 13:53:54 - [TEST_STEP][PASSED] - orderSuccess = false: null

2019-10-24 13:53:54 - [TEST_STEP][PASSED] - successMsgs = findWebElements(findTestObject("Object Repository/Page_cabi Personal Store/p_success_msg"), 5): null

2019-10-24 13:53:54 - [TEST_STEP][PASSED] - if (successMsgs.size() > 0): Text of object 'Object Repository/Page_cabi Personal Store/p_order_id' is: 'RT708383812'

2019-10-24 13:53:54 - [TEST_STEP][PASSED] - successMsg = getText(findTestObject("Object Repository/Page_cabi Personal Store/p_success_msg")): Text of object 'Object Repository/Page_cabi Personal Store/p_success_msg' is: 'Order Created Successfully!!
Order #:  RT708383812

CONTINUE SHOPPING'

2019-10-24 13:53:54 - [MESSAGE][PASSED] - Text of object 'Object Repository/Page_cabi Personal Store/p_success_msg' is: 'Order Created Successfully!!
Order #:  RT708383812

CONTINUE SHOPPING'

2019-10-24 13:53:54 - [TEST_STEP][PASSED] - orderSuccess = true: null

2019-10-24 13:53:54 - [TEST_STEP][PASSED] - addOnOrderId = getText(findTestObject("Object Repository/Page_cabi Personal Store/p_order_id")): Text of object 'Object Repository/Page_cabi Personal Store/p_order_id' is: 'RT708383812'

2019-10-24 13:53:54 - [MESSAGE][PASSED] - Text of object 'Object Repository/Page_cabi Personal Store/p_order_id' is: 'RT708383812'

2019-10-24 13:53:54 - [TEST_STEP][PASSED] - assert orderSuccess == true: null

2019-10-24 13:53:54 - [TEST_STEP][PASSED] - callTestCase(findTestCase("NewArrival/warehouseShipping"), ["orderId":addOnOrderId], CONTINUE_ON_FAILURE): Call Test Case 'Test Cases/NewArrival/warehouseShipping' successfully

2019-10-24 13:53:54 - [TEST_CASE][PASSED] - Test Cases/NewArrival/warehouseShipping: Test Cases/NewArrival/warehouseShipping

2019-10-24 13:53:54 - [TEST_STEP][PASSED] - println(orderId): null

2019-10-24 13:53:54 - [TEST_STEP][PASSED] - callTestCase(findTestCase("TestCaseUtilities/cabiWarehouseLogin"), ["CWURL":"", "CWuser":"", "CWpass":""], CONTINUE_ON_FAILURE): Call Test Case 'Test Cases/TestCaseUtilities/cabiWarehouseLogin' successfully

2019-10-24 13:53:54 - [TEST_CASE][PASSED] - Test Cases/TestCaseUtilities/cabiWarehouseLogin: Test Cases/TestCaseUtilities/cabiWarehouseLogin

2019-10-24 13:53:54 - [TEST_STEP][PASSED] - CWURL = findTestData("envtData").getValue("CWURL", 1): null

2019-10-24 13:53:54 - [TEST_STEP][PASSED] - CWuser = findTestData("credData").getValue("CWuser", 1): null

2019-10-24 13:53:54 - [TEST_STEP][PASSED] - CWpass = findTestData("credData").getValue("CWpass", 1): null

2019-10-24 13:53:54 - [TEST_STEP][PASSED] - openBrowser(""): Browser is opened with url: ''

2019-10-24 13:53:54 - [MESSAGE][WARNING] - A browser is already opened. Closing browser and opening a new one

2019-10-24 13:53:55 - [MESSAGE][INFO] - Starting 'Chrome' driver

2019-10-24 13:53:55 - [MESSAGE][INFO] - User set preference: ['args', '[--use-fake-ui-for-media-stream, --start-maximized]']

2019-10-24 13:53:57 - [MESSAGE][PASSED] - Browser is opened with url: ''

2019-10-24 13:53:57 - [TEST_STEP][PASSED] - navigateToUrl(CWURL): Navigate to 'https://test14.cliotest.com/warehouse/control/main' successfully

2019-10-24 13:54:05 - [MESSAGE][PASSED] - Navigate to 'https://test14.cliotest.com/warehouse/control/main' successfully

2019-10-24 13:54:05 - [TEST_STEP][PASSED] - logOut = findWebElements(findTestObject("Object Repository/Cabi warehouse/Page_cabi_home/log_out"), 1): Unable to find the element located by 'By.xpath: //li/a[contains(text(), 'Log Out »')]'. Please recheck the objects properties to make sure the desired element is located. 

2019-10-24 13:54:06 - [MESSAGE][INFO] - Unable to find the element located by 'By.xpath: //li/a[contains(text(), 'Log Out »')]'. Please recheck the objects properties to make sure the desired element is located. 

2019-10-24 13:54:06 - [TEST_STEP][PASSED] - if (logOut.size() == 0): Object: 'Object Repository/Cabi warehouse/Page_cabi/input_Password_section-btn btn-stl-pk rFloat' is clicked on

2019-10-24 13:54:06 - [TEST_STEP][PASSED] - setText(findTestObject("Object Repository/Cabi warehouse/Page_cabi/input_Username_USERNAME"), CWuser): Text 'rsuarez' is set on object 'Object Repository/Cabi warehouse/Page_cabi/input_Username_USERNAME'

2019-10-24 13:54:06 - [MESSAGE][PASSED] - Text 'rsuarez' is set on object 'Object Repository/Cabi warehouse/Page_cabi/input_Username_USERNAME'

2019-10-24 13:54:06 - [TEST_STEP][PASSED] - setText(findTestObject("Object Repository/Cabi warehouse/Page_cabi/input_Password_PASSWORD"), CWpass): Text 'blackdress19' is set on object 'Object Repository/Cabi warehouse/Page_cabi/input_Password_PASSWORD'

2019-10-24 13:54:06 - [MESSAGE][PASSED] - Text 'blackdress19' is set on object 'Object Repository/Cabi warehouse/Page_cabi/input_Password_PASSWORD'

2019-10-24 13:54:06 - [TEST_STEP][PASSED] - click(findTestObject("Object Repository/Cabi warehouse/Page_cabi/input_Password_section-btn btn-stl-pk rFloat")): Object: 'Object Repository/Cabi warehouse/Page_cabi/input_Password_section-btn btn-stl-pk rFloat' is clicked on

2019-10-24 13:54:09 - [MESSAGE][PASSED] - Object: 'Object Repository/Cabi warehouse/Page_cabi/input_Password_section-btn btn-stl-pk rFloat' is clicked on

2019-10-24 13:54:09 - [TEST_STEP][PASSED] - delay(3): Delayed 3 second(s)

2019-10-24 13:54:12 - [MESSAGE][PASSED] - Delayed 3 second(s)

2019-10-24 13:54:12 - [MESSAGE][PASSED] - Call Test Case 'Test Cases/TestCaseUtilities/cabiWarehouseLogin' successfully

2019-10-24 13:54:12 - [TEST_STEP][PASSED] - click(findTestObject("Page_cabi Manage PickLists/a_Create PickLists")): Object: 'Object Repository/Page_cabi Manage PickLists/a_Create PickLists' is clicked on

2019-10-24 13:54:13 - [MESSAGE][PASSED] - Object: 'Object Repository/Page_cabi Manage PickLists/a_Create PickLists' is clicked on

2019-10-24 13:54:13 - [TEST_STEP][PASSED] - delay(2): Delayed 2 second(s)

2019-10-24 13:54:15 - [MESSAGE][PASSED] - Delayed 2 second(s)

2019-10-24 13:54:15 - [TEST_STEP][PASSED] - click(findTestObject("Object Repository/findOrders/Page_cabi Find Orders/Page_cabi SampleLine Shipment Screen/a_Single Order")): Object: 'Object Repository/findOrders/Page_cabi Find Orders/Page_cabi SampleLine Shipment Screen/a_Single Order' is clicked on

2019-10-24 13:54:16 - [MESSAGE][PASSED] - Object: 'Object Repository/findOrders/Page_cabi Find Orders/Page_cabi SampleLine Shipment Screen/a_Single Order' is clicked on

2019-10-24 13:54:16 - [TEST_STEP][PASSED] - setText(findTestObject("Page_cabi Create Single Order PickList/input_Order Id_orderId"), orderId): Text 'RT708383812' is set on object 'Object Repository/Page_cabi Create Single Order PickList/input_Order Id_orderId'

2019-10-24 13:54:16 - [MESSAGE][PASSED] - Text 'RT708383812' is set on object 'Object Repository/Page_cabi Create Single Order PickList/input_Order Id_orderId'

2019-10-24 13:54:16 - [TEST_STEP][PASSED] - click(findTestObject("Page_cabi Create Single Order PickList/input_Create even if fully backordered_submitButton")): Object: 'Object Repository/Page_cabi Create Single Order PickList/input_Create even if fully backordered_submitButton' is clicked on

2019-10-24 13:54:18 - [MESSAGE][PASSED] - Object: 'Object Repository/Page_cabi Create Single Order PickList/input_Create even if fully backordered_submitButton' is clicked on

2019-10-24 13:54:18 - [TEST_STEP][PASSED] - delay(2): Delayed 2 second(s)

2019-10-24 13:54:20 - [MESSAGE][PASSED] - Delayed 2 second(s)

2019-10-24 13:54:20 - [TEST_STEP][PASSED] - pickListCreated = findWebElements(findTestObject("Cabi warehouse/picklistCreatedMessage"), 5): null

2019-10-24 13:54:20 - [TEST_STEP][PASSED] - if (pickListCreated.size() == 0): null

2019-10-24 13:54:20 - [TEST_STEP][PASSED] - picklistCreatedMessage = UtilityMethods.concat("Picklist for order: [", orderId, "] has been created successfully."): null

2019-10-24 13:54:20 - [TEST_STEP][PASSED] - println(picklistCreatedMessage): null

2019-10-24 13:54:20 - [TEST_STEP][PASSED] - verifyElementText(findTestObject("Cabi warehouse/picklistCreatedMessage"), picklistCreatedMessage): Actual text and expected text of test object 'Object Repository/Cabi warehouse/picklistCreatedMessage' are matched.

2019-10-24 13:54:20 - [MESSAGE][PASSED] - Actual text and expected text of test object 'Object Repository/Cabi warehouse/picklistCreatedMessage' are matched.

2019-10-24 13:54:20 - [TEST_STEP][PASSED] - click(findTestObject("Page_cabi Create Single Order PickList/a_Manage PickLists")): Object: 'Object Repository/Page_cabi Create Single Order PickList/a_Manage PickLists' is clicked on

2019-10-24 13:54:21 - [MESSAGE][PASSED] - Object: 'Object Repository/Page_cabi Create Single Order PickList/a_Manage PickLists' is clicked on

2019-10-24 13:54:21 - [TEST_STEP][PASSED] - delay(2): Delayed 2 second(s)

2019-10-24 13:54:23 - [MESSAGE][PASSED] - Delayed 2 second(s)

2019-10-24 13:54:23 - [TEST_STEP][PASSED] - setText(findTestObject("Page_cabi Manage PickLists/input_Order _orderId"), orderId): Text 'RT708383812' is set on object 'Object Repository/Page_cabi Manage PickLists/input_Order _orderId'

2019-10-24 13:54:23 - [MESSAGE][PASSED] - Text 'RT708383812' is set on object 'Object Repository/Page_cabi Manage PickLists/input_Order _orderId'

2019-10-24 13:54:23 - [TEST_STEP][PASSED] - click(findTestObject("Page_cabi Manage PickLists/input")): Object: 'Object Repository/Page_cabi Manage PickLists/input' is clicked on

2019-10-24 13:54:24 - [MESSAGE][PASSED] - Object: 'Object Repository/Page_cabi Manage PickLists/input' is clicked on

2019-10-24 13:54:24 - [TEST_STEP][PASSED] - delay(3): Delayed 3 second(s)

2019-10-24 13:54:27 - [MESSAGE][PASSED] - Delayed 3 second(s)

2019-10-24 13:54:27 - [TEST_STEP][PASSED] - click(findTestObject("Page_cabi Manage PickLists/td_104238610")): Object: 'Object Repository/Page_cabi Manage PickLists/td_104238610' is clicked on

2019-10-24 13:54:27 - [MESSAGE][PASSED] - Object: 'Object Repository/Page_cabi Manage PickLists/td_104238610' is clicked on

2019-10-24 13:54:27 - [TEST_STEP][PASSED] - delay(2): Delayed 2 second(s)

2019-10-24 13:54:29 - [MESSAGE][PASSED] - Delayed 2 second(s)

2019-10-24 13:54:29 - [TEST_STEP][PASSED] - picklistId = getText(findTestObject("Page_cabi Manage PickLists/td_104238610")): Text of object 'Object Repository/Page_cabi Manage PickLists/td_104238610' is: '104456322'

2019-10-24 13:54:29 - [MESSAGE][PASSED] - Text of object 'Object Repository/Page_cabi Manage PickLists/td_104238610' is: '104456322'

2019-10-24 13:54:29 - [TEST_STEP][PASSED] - click(findTestObject("Page_cabi Manage PickLists/a_Packing")): Object: 'Object Repository/Page_cabi Manage PickLists/a_Packing' is clicked on

2019-10-24 13:54:30 - [MESSAGE][PASSED] - Object: 'Object Repository/Page_cabi Manage PickLists/a_Packing' is clicked on

2019-10-24 13:54:30 - [TEST_STEP][PASSED] - setText(findTestObject("Page_cabi Pack Init/input_Pack Station_packStationId"), "30"): Text '30' is set on object 'Object Repository/Page_cabi Pack Init/input_Pack Station_packStationId'

2019-10-24 13:54:30 - [MESSAGE][PASSED] - Text '30' is set on object 'Object Repository/Page_cabi Pack Init/input_Pack Station_packStationId'

2019-10-24 13:54:30 - [TEST_STEP][PASSED] - click(findTestObject("Page_cabi Pack Init/input_Pack Station_submitButton")): Object: 'Object Repository/Page_cabi Pack Init/input_Pack Station_submitButton' is clicked on

2019-10-24 13:54:31 - [MESSAGE][PASSED] - Object: 'Object Repository/Page_cabi Pack Init/input_Pack Station_submitButton' is clicked on

2019-10-24 13:54:31 - [TEST_STEP][PASSED] - delay(2): Delayed 2 second(s)

2019-10-24 13:54:33 - [MESSAGE][PASSED] - Delayed 2 second(s)

2019-10-24 13:54:33 - [TEST_STEP][PASSED] - setText(findTestObject("Page_cabi Pack Init/input_Picklist ID_pickId"), picklistId): Text '104456322' is set on object 'Object Repository/Page_cabi Pack Init/input_Picklist ID_pickId'

2019-10-24 13:54:33 - [MESSAGE][PASSED] - Text '104456322' is set on object 'Object Repository/Page_cabi Pack Init/input_Picklist ID_pickId'

2019-10-24 13:54:33 - [TEST_STEP][PASSED] - click(findTestObject("Page_cabi Pack Init/input_Picklist ID_submitButton")): Object: 'Object Repository/Page_cabi Pack Init/input_Picklist ID_submitButton' is clicked on

2019-10-24 13:54:34 - [MESSAGE][PASSED] - Object: 'Object Repository/Page_cabi Pack Init/input_Picklist ID_submitButton' is clicked on

2019-10-24 13:54:34 - [TEST_STEP][PASSED] - delay(2): Delayed 2 second(s)

2019-10-24 13:54:36 - [MESSAGE][PASSED] - Delayed 2 second(s)

2019-10-24 13:54:36 - [TEST_STEP][PASSED] - click(findTestObject("Page_cabi General Pack/input_Cream Of Wheat_button addItemForVerification")): Object: 'Object Repository/Page_cabi General Pack/input_Cream Of Wheat_button addItemForVerification' is clicked on

2019-10-24 13:54:36 - [MESSAGE][PASSED] - Object: 'Object Repository/Page_cabi General Pack/input_Cream Of Wheat_button addItemForVerification' is clicked on

2019-10-24 13:54:36 - [TEST_STEP][PASSED] - delay(2): Delayed 2 second(s)

2019-10-24 13:54:38 - [MESSAGE][PASSED] - Delayed 2 second(s)

2019-10-24 13:54:38 - [TEST_STEP][PASSED] - click(findTestObject("Page_cabi General Pack/input_Pack Station  30_shipConfirmBtn")): Object: 'Object Repository/Page_cabi General Pack/input_Pack Station  30_shipConfirmBtn' is clicked on

2019-10-24 13:54:42 - [MESSAGE][PASSED] - Object: 'Object Repository/Page_cabi General Pack/input_Pack Station  30_shipConfirmBtn' is clicked on

2019-10-24 13:54:42 - [TEST_STEP][PASSED] - delay(3): Delayed 3 second(s)

2019-10-24 13:54:45 - [MESSAGE][PASSED] - Delayed 3 second(s)

2019-10-24 13:54:45 - [TEST_STEP][PASSED] - itemsNotpacked = findWebElements(findTestObject("Cabi warehouse/itemsNotPacked"), 5): Unable to find the element located by 'By.xpath: //*[@id="content-messages"]/p[1]'. Please recheck the objects properties to make sure the desired element is located. 

2019-10-24 13:54:50 - [MESSAGE][INFO] - Unable to find the element located by 'By.xpath: //*[@id="content-messages"]/p[1]'. Please recheck the objects properties to make sure the desired element is located. 

2019-10-24 13:54:50 - [TEST_STEP][PASSED] - if (itemsNotpacked.size() > 0): null

2019-10-24 13:54:50 - [MESSAGE][PASSED] - Call Test Case 'Test Cases/NewArrival/warehouseShipping' successfully

2019-10-24 13:54:50 - [TEST_STEP][PASSED] - callTestCase(findTestCase("TestCaseUtilities/backOfficeLogin"), ["BOURL":"", "BOuser":"", "BOpass":""], CONTINUE_ON_FAILURE): Call Test Case 'Test Cases/TestCaseUtilities/backOfficeLogin' successfully

2019-10-24 13:54:50 - [TEST_CASE][PASSED] - Test Cases/TestCaseUtilities/backOfficeLogin: Test Cases/TestCaseUtilities/backOfficeLogin

2019-10-24 13:54:50 - [TEST_STEP][PASSED] - BOURL = findTestData("envtData").getValue("BOURL", 1): null

2019-10-24 13:54:50 - [TEST_STEP][PASSED] - BOuser = findTestData("credData").getValue("BOuser", 1): null

2019-10-24 13:54:50 - [TEST_STEP][PASSED] - BOpass = findTestData("credData").getValue("BOpass", 1): null

2019-10-24 13:54:50 - [TEST_STEP][PASSED] - openBrowser(""): Browser is opened with url: ''

2019-10-24 13:54:50 - [MESSAGE][WARNING] - A browser is already opened. Closing browser and opening a new one

2019-10-24 13:54:51 - [MESSAGE][INFO] - Starting 'Chrome' driver

2019-10-24 13:54:51 - [MESSAGE][INFO] - User set preference: ['args', '[--use-fake-ui-for-media-stream, --start-maximized]']

2019-10-24 13:54:53 - [MESSAGE][PASSED] - Browser is opened with url: ''

2019-10-24 13:54:53 - [TEST_STEP][PASSED] - navigateToUrl(BOURL): Navigate to 'https://test14.cliotest.com/backoffice/control/main' successfully

2019-10-24 13:55:01 - [MESSAGE][PASSED] - Navigate to 'https://test14.cliotest.com/backoffice/control/main' successfully

2019-10-24 13:55:02 - [TEST_STEP][PASSED] - logOut = findWebElements(findTestObject("Object Repository/Page_cabi Home/log_out"), 1): Unable to find the element located by 'By.xpath: //a[contains(text(),'Log Out')]'. Please recheck the objects properties to make sure the desired element is located. 

2019-10-24 13:55:03 - [MESSAGE][INFO] - Unable to find the element located by 'By.xpath: //a[contains(text(),'Log Out')]'. Please recheck the objects properties to make sure the desired element is located. 

2019-10-24 13:55:03 - [TEST_STEP][PASSED] - if (logOut.size() == 0): Object: 'Object Repository/Page_cabi/input_Welcome to_consultantLogin' is clicked on

2019-10-24 13:55:03 - [TEST_STEP][PASSED] - setText(findTestObject("Page_cabi/input_Welcome to_USERNAME"), BOuser): Text '400000002' is set on object 'Object Repository/Page_cabi/input_Welcome to_USERNAME'

2019-10-24 13:55:03 - [MESSAGE][PASSED] - Text '400000002' is set on object 'Object Repository/Page_cabi/input_Welcome to_USERNAME'

2019-10-24 13:55:03 - [TEST_STEP][PASSED] - setText(findTestObject("Object Repository/Page_cabi/input_Welcome to_PASSWORD"), BOpass): Text 'blackdress19' is set on object 'Object Repository/Page_cabi/input_Welcome to_PASSWORD'

2019-10-24 13:55:03 - [MESSAGE][PASSED] - Text 'blackdress19' is set on object 'Object Repository/Page_cabi/input_Welcome to_PASSWORD'

2019-10-24 13:55:03 - [TEST_STEP][PASSED] - click(findTestObject("Object Repository/Page_cabi/input_Welcome to_consultantLogin")): Object: 'Object Repository/Page_cabi/input_Welcome to_consultantLogin' is clicked on

2019-10-24 13:55:13 - [MESSAGE][PASSED] - Object: 'Object Repository/Page_cabi/input_Welcome to_consultantLogin' is clicked on

2019-10-24 13:55:13 - [TEST_STEP][PASSED] - delay(3): Delayed 3 second(s)

2019-10-24 13:55:16 - [MESSAGE][PASSED] - Delayed 3 second(s)

2019-10-24 13:55:16 - [MESSAGE][PASSED] - Call Test Case 'Test Cases/TestCaseUtilities/backOfficeLogin' successfully

2019-10-24 13:55:16 - [TEST_STEP][PASSED] - click(findTestObject("Object Repository/findOrders/Page_cabi Find Orders/Page_cabi Home/a_Shows  Orders")): Object: 'Object Repository/findOrders/Page_cabi Find Orders/Page_cabi Home/a_Shows  Orders' is clicked on

2019-10-24 13:55:16 - [MESSAGE][PASSED] - Object: 'Object Repository/findOrders/Page_cabi Find Orders/Page_cabi Home/a_Shows  Orders' is clicked on

2019-10-24 13:55:16 - [TEST_STEP][PASSED] - click(findTestObject("Object Repository/findOrders/Page_cabi Find Orders/Page_cabi Home/a_Orders")): Object: 'Object Repository/findOrders/Page_cabi Find Orders/Page_cabi Home/a_Orders' is clicked on

2019-10-24 13:55:19 - [MESSAGE][PASSED] - Object: 'Object Repository/findOrders/Page_cabi Find Orders/Page_cabi Home/a_Orders' is clicked on

2019-10-24 13:55:19 - [TEST_STEP][PASSED] - click(findTestObject("Object Repository/findOrders/Page_cabi Find Orders/Page_cabi Find Orders/b")): Object: 'Object Repository/findOrders/Page_cabi Find Orders/Page_cabi Find Orders/b' is clicked on

2019-10-24 13:55:19 - [MESSAGE][PASSED] - Object: 'Object Repository/findOrders/Page_cabi Find Orders/Page_cabi Find Orders/b' is clicked on

2019-10-24 13:55:19 - [TEST_STEP][PASSED] - delay(3): Delayed 3 second(s)

2019-10-24 13:55:22 - [MESSAGE][PASSED] - Delayed 3 second(s)

2019-10-24 13:55:22 - [TEST_STEP][PASSED] - click(findTestObject("findOrders/Page_cabi Find Orders/orderNo")): Object: 'Object Repository/findOrders/Page_cabi Find Orders/orderNo' is clicked on

2019-10-24 13:55:22 - [MESSAGE][PASSED] - Object: 'Object Repository/findOrders/Page_cabi Find Orders/orderNo' is clicked on

2019-10-24 13:55:22 - [TEST_STEP][PASSED] - delay(3): Delayed 3 second(s)

2019-10-24 13:55:25 - [MESSAGE][PASSED] - Delayed 3 second(s)

2019-10-24 13:55:25 - [TEST_STEP][PASSED] - click(findTestObject("Object Repository/findOrders/Page_cabi Find Orders/Page_cabi Find Orders/pendingShipment")): Object: 'Object Repository/findOrders/Page_cabi Find Orders/Page_cabi Find Orders/pendingShipment' is clicked on

2019-10-24 13:55:25 - [MESSAGE][PASSED] - Object: 'Object Repository/findOrders/Page_cabi Find Orders/Page_cabi Find Orders/pendingShipment' is clicked on

2019-10-24 13:55:25 - [TEST_STEP][PASSED] - click(findTestObject("Object Repository/findOrders/Page_cabi Find Orders/Page_cabi Find Orders/inputShipped")): Object: 'Object Repository/findOrders/Page_cabi Find Orders/Page_cabi Find Orders/inputShipped' is clicked on

2019-10-24 13:55:25 - [MESSAGE][PASSED] - Object: 'Object Repository/findOrders/Page_cabi Find Orders/Page_cabi Find Orders/inputShipped' is clicked on

2019-10-24 13:55:25 - [TEST_STEP][PASSED] - setText(findTestObject("Object Repository/findOrders/Page_cabi Find Orders/Page_cabi Find Orders/inputOrderId"), addOnOrderId): Text 'RT708383812' is set on object 'Object Repository/findOrders/Page_cabi Find Orders/Page_cabi Find Orders/inputOrderId'

2019-10-24 13:55:25 - [MESSAGE][PASSED] - Text 'RT708383812' is set on object 'Object Repository/findOrders/Page_cabi Find Orders/Page_cabi Find Orders/inputOrderId'

2019-10-24 13:55:25 - [TEST_STEP][PASSED] - click(findTestObject("Object Repository/findOrders/Page_cabi Find Orders/Page_cabi Find Orders/findOrders")): Object: 'Object Repository/findOrders/Page_cabi Find Orders/Page_cabi Find Orders/findOrders' is clicked on

2019-10-24 13:55:26 - [MESSAGE][PASSED] - Object: 'Object Repository/findOrders/Page_cabi Find Orders/Page_cabi Find Orders/findOrders' is clicked on

2019-10-24 13:55:26 - [TEST_STEP][PASSED] - click(findTestObject("findOrders/Page_cabi Find Orders/orderView")): Object: 'Object Repository/findOrders/Page_cabi Find Orders/orderView' is clicked on

2019-10-24 13:55:29 - [MESSAGE][PASSED] - Object: 'Object Repository/findOrders/Page_cabi Find Orders/orderView' is clicked on

2019-10-24 13:55:29 - [TEST_STEP][PASSED] - delay(3): Delayed 3 second(s)

2019-10-24 13:55:32 - [MESSAGE][PASSED] - Delayed 3 second(s)

2019-10-24 13:55:32 - [TEST_STEP][PASSED] - refresh(): Refresh successfully

2019-10-24 13:55:32 - [MESSAGE][PASSED] - Refresh successfully

2019-10-24 13:55:32 - [TEST_STEP][PASSED] - delay(3): Delayed 3 second(s)

2019-10-24 13:55:35 - [MESSAGE][PASSED] - Delayed 3 second(s)

2019-10-24 13:55:35 - [TEST_STEP][PASSED] - refresh(): Refresh successfully

2019-10-24 13:55:35 - [MESSAGE][PASSED] - Refresh successfully

2019-10-24 13:55:35 - [TEST_STEP][PASSED] - delay(10): Delayed 10 second(s)

2019-10-24 13:55:45 - [MESSAGE][PASSED] - Delayed 10 second(s)

2019-10-24 13:55:45 - [TEST_STEP][PASSED] - refresh(): Refresh successfully

2019-10-24 13:55:45 - [MESSAGE][PASSED] - Refresh successfully

2019-10-24 13:55:45 - [TEST_STEP][PASSED] - delay(3): Delayed 3 second(s)

2019-10-24 13:55:48 - [MESSAGE][PASSED] - Delayed 3 second(s)

2019-10-24 13:55:48 - [TEST_STEP][PASSED] - click(findTestObject("Object Repository/findOrders/Page_cabi Find Orders/Page_cabi Order View/a_(Return Order)")): Object: 'Object Repository/findOrders/Page_cabi Find Orders/Page_cabi Order View/a_(Return Order)' is clicked on

2019-10-24 13:55:51 - [MESSAGE][PASSED] - Object: 'Object Repository/findOrders/Page_cabi Find Orders/Page_cabi Order View/a_(Return Order)' is clicked on

2019-10-24 13:55:51 - [TEST_STEP][PASSED] - delay(3): Delayed 3 second(s)

2019-10-24 13:55:54 - [MESSAGE][PASSED] - Delayed 3 second(s)

2019-10-24 13:55:54 - [TEST_STEP][PASSED] - selectOptionByValue(findTestObject("Object Repository/findOrders/Page_cabi Find Orders/Page_cabi Stylist Create RMA/selectReason1"), "CABI_c", true): All options with value 'CABI_c' are selected in object 'Object Repository/findOrders/Page_cabi Find Orders/Page_cabi Stylist Create RMA/selectReason1'  using regular expression

2019-10-24 13:55:55 - [MESSAGE][PASSED] - All options with value 'CABI_c' are selected in object 'Object Repository/findOrders/Page_cabi Find Orders/Page_cabi Stylist Create RMA/selectReason1'  using regular expression

2019-10-24 13:55:55 - [TEST_STEP][PASSED] - selectOptionByValue(findTestObject("Object Repository/findOrders/Page_cabi Find Orders/Page_cabi Stylist Create RMA/selectReason2"), "CABI_c_a", true): All options with value 'CABI_c_a' are selected in object 'Object Repository/findOrders/Page_cabi Find Orders/Page_cabi Stylist Create RMA/selectReason2'  using regular expression

2019-10-24 13:55:55 - [MESSAGE][PASSED] - All options with value 'CABI_c_a' are selected in object 'Object Repository/findOrders/Page_cabi Find Orders/Page_cabi Stylist Create RMA/selectReason2'  using regular expression

2019-10-24 13:55:55 - [TEST_STEP][PASSED] - click(findTestObject("Object Repository/findOrders/Page_cabi Find Orders/Page_cabi Stylist Create RMA/inputRefund")): Object: 'Object Repository/findOrders/Page_cabi Find Orders/Page_cabi Stylist Create RMA/inputRefund' is clicked on

2019-10-24 13:55:55 - [MESSAGE][PASSED] - Object: 'Object Repository/findOrders/Page_cabi Find Orders/Page_cabi Stylist Create RMA/inputRefund' is clicked on

2019-10-24 13:55:55 - [TEST_STEP][PASSED] - click(findTestObject("Object Repository/findOrders/Page_cabi Find Orders/Page_cabi Stylist Create RMA/a_Next")): Object: 'Object Repository/findOrders/Page_cabi Find Orders/Page_cabi Stylist Create RMA/a_Next' is clicked on

2019-10-24 13:55:57 - [MESSAGE][PASSED] - Object: 'Object Repository/findOrders/Page_cabi Find Orders/Page_cabi Stylist Create RMA/a_Next' is clicked on

2019-10-24 13:55:57 - [TEST_STEP][PASSED] - click(findTestObject("Object Repository/findOrders/Page_cabi Find Orders/Page_cabi Stylist Create RMA/inputPostalService")): Object: 'Object Repository/findOrders/Page_cabi Find Orders/Page_cabi Stylist Create RMA/inputPostalService' is clicked on

2019-10-24 13:55:57 - [MESSAGE][PASSED] - Object: 'Object Repository/findOrders/Page_cabi Find Orders/Page_cabi Stylist Create RMA/inputPostalService' is clicked on

2019-10-24 13:55:57 - [TEST_STEP][PASSED] - delay(3): Delayed 3 second(s)

2019-10-24 13:56:00 - [MESSAGE][PASSED] - Delayed 3 second(s)

2019-10-24 13:56:00 - [TEST_STEP][PASSED] - click(findTestObject("Object Repository/findOrders/Page_cabi Find Orders/Page_cabi Stylist Create RMA/inputConfirmAdderess")): Object: 'Object Repository/findOrders/Page_cabi Find Orders/Page_cabi Stylist Create RMA/inputConfirmAdderess' is clicked on

2019-10-24 13:56:00 - [MESSAGE][PASSED] - Object: 'Object Repository/findOrders/Page_cabi Find Orders/Page_cabi Stylist Create RMA/inputConfirmAdderess' is clicked on

2019-10-24 13:56:00 - [TEST_STEP][PASSED] - click(findTestObject("Object Repository/findOrders/Page_cabi Find Orders/Page_cabi Stylist Create RMA/a_Next_1")): Object: 'Object Repository/findOrders/Page_cabi Find Orders/Page_cabi Stylist Create RMA/a_Next_1' is clicked on

2019-10-24 13:56:00 - [MESSAGE][PASSED] - Object: 'Object Repository/findOrders/Page_cabi Find Orders/Page_cabi Stylist Create RMA/a_Next_1' is clicked on

2019-10-24 13:56:00 - [TEST_STEP][PASSED] - delay(5): Delayed 5 second(s)

2019-10-24 13:56:05 - [MESSAGE][PASSED] - Delayed 5 second(s)

2019-10-24 13:56:05 - [TEST_STEP][PASSED] - confirmAddress = findWebElements(findTestObject("Object Repository/findOrders/Page_cabi Find Orders/Page_cabi Stylist Create RMA/inputConfirmAdderess"), 1): Unable to find the element located by 'By.xpath: //input[@id='addressConfirm']'. Please recheck the objects properties to make sure the desired element is located. 

2019-10-24 13:56:06 - [MESSAGE][INFO] - Unable to find the element located by 'By.xpath: //input[@id='addressConfirm']'. Please recheck the objects properties to make sure the desired element is located. 

2019-10-24 13:56:06 - [TEST_STEP][PASSED] - if (confirmAddress.size() != 0): null

2019-10-24 13:56:06 - [TEST_STEP][PASSED] - click(findTestObject("Object Repository/findOrders/Page_cabi Find Orders/Page_cabi Stylist Create RMA/a_Submit RMA")): Object: 'Object Repository/findOrders/Page_cabi Find Orders/Page_cabi Stylist Create RMA/a_Submit RMA' is clicked on

2019-10-24 13:56:06 - [MESSAGE][PASSED] - Object: 'Object Repository/findOrders/Page_cabi Find Orders/Page_cabi Stylist Create RMA/a_Submit RMA' is clicked on

2019-10-24 13:56:06 - [TEST_STEP][PASSED] - click(findTestObject("Object Repository/findOrders/Page_cabi Find Orders/Page_cabi Stylist Create RMA/addonOrder")): Object: 'Object Repository/findOrders/Page_cabi Find Orders/Page_cabi Stylist Create RMA/addonOrder' is clicked on

2019-10-24 13:56:11 - [MESSAGE][PASSED] - Object: 'Object Repository/findOrders/Page_cabi Find Orders/Page_cabi Stylist Create RMA/addonOrder' is clicked on

2019-10-24 13:56:11 - [TEST_STEP][PASSED] - delay(3): Delayed 3 second(s)

2019-10-24 13:56:14 - [MESSAGE][PASSED] - Delayed 3 second(s)

2019-10-24 13:56:14 - [TEST_STEP][PASSED] - click(findTestObject("Object Repository/Page_cabi Retail Store/span_next")): Object: 'Object Repository/Page_cabi Retail Store/span_next' is clicked on

2019-10-24 13:56:14 - [MESSAGE][PASSED] - Object: 'Object Repository/Page_cabi Retail Store/span_next' is clicked on

2019-10-24 13:56:14 - [TEST_STEP][PASSED] - emptyCart = findWebElements(findTestObject("Object Repository/Page_cabi Personal Store/removeFromCart"), 5): Unable to find the element located by 'By.xpath: //*[@id="removeFromCart_0"]/span'. Please recheck the objects properties to make sure the desired element is located. 

2019-10-24 13:56:20 - [MESSAGE][INFO] - Unable to find the element located by 'By.xpath: //*[@id="removeFromCart_0"]/span'. Please recheck the objects properties to make sure the desired element is located. 

2019-10-24 13:56:20 - [TEST_STEP][PASSED] - if (emptyCart.size() > 0): null

2019-10-24 13:56:20 - [TEST_STEP][PASSED] - addOnStyle = findTestData("miscData").getValue("addOnStyle", 1): null

2019-10-24 13:56:20 - [TEST_STEP][PASSED] - delay(3): Delayed 3 second(s)

2019-10-24 13:56:23 - [MESSAGE][PASSED] - Delayed 3 second(s)

2019-10-24 13:56:23 - [TEST_STEP][PASSED] - click(findTestObject("Object Repository/Page_cabi Retail Store/span_quick_entry")): Object: 'Object Repository/Page_cabi Retail Store/span_quick_entry' is clicked on

2019-10-24 13:56:23 - [MESSAGE][PASSED] - Object: 'Object Repository/Page_cabi Retail Store/span_quick_entry' is clicked on

2019-10-24 13:56:23 - [TEST_STEP][PASSED] - delay(3): Delayed 3 second(s)

2019-10-24 13:56:26 - [MESSAGE][PASSED] - Delayed 3 second(s)

2019-10-24 13:56:26 - [TEST_STEP][PASSED] - emptyCart = findWebElements(findTestObject("Object Repository/Page_cabi Personal Store/removeFromCart"), 5): Unable to find the element located by 'By.xpath: //*[@id="removeFromCart_0"]/span'. Please recheck the objects properties to make sure the desired element is located. 

2019-10-24 13:56:31 - [MESSAGE][INFO] - Unable to find the element located by 'By.xpath: //*[@id="removeFromCart_0"]/span'. Please recheck the objects properties to make sure the desired element is located. 

2019-10-24 13:56:31 - [TEST_STEP][PASSED] - while (emptyCart.size() > 0): null

2019-10-24 13:56:31 - [TEST_STEP][PASSED] - click(findTestObject("Object Repository/Page_cabi Create Order/input_Manual Discount_stylelookup_0")): Object: 'Object Repository/Page_cabi Create Order/input_Manual Discount_stylelookup_0' is clicked on

2019-10-24 13:56:31 - [MESSAGE][PASSED] - Object: 'Object Repository/Page_cabi Create Order/input_Manual Discount_stylelookup_0' is clicked on

2019-10-24 13:56:31 - [TEST_STEP][PASSED] - setText(findTestObject("Object Repository/Page_cabi Create Order/input_Manual Discount_stylelookup_0"), addOnStyle): Text '3701' is set on object 'Object Repository/Page_cabi Create Order/input_Manual Discount_stylelookup_0'

2019-10-24 13:56:31 - [MESSAGE][PASSED] - Text '3701' is set on object 'Object Repository/Page_cabi Create Order/input_Manual Discount_stylelookup_0'

2019-10-24 13:56:31 - [TEST_STEP][PASSED] - delay(3): Delayed 3 second(s)

2019-10-24 13:56:34 - [MESSAGE][PASSED] - Delayed 3 second(s)

2019-10-24 13:56:34 - [TEST_STEP][PASSED] - prod_message = getText(findTestObject("Page_cabi Create Order/first_option")): Text of object 'Object Repository/Page_cabi Create Order/first_option' is: '3701 Shetland Sweater (Fall '19)'

2019-10-24 13:56:34 - [MESSAGE][PASSED] - Text of object 'Object Repository/Page_cabi Create Order/first_option' is: '3701 Shetland Sweater (Fall '19)'

2019-10-24 13:56:34 - [TEST_STEP][PASSED] - click(findTestObject("Page_cabi Create Order/first_option")): Object: 'Object Repository/Page_cabi Create Order/first_option' is clicked on

2019-10-24 13:56:34 - [MESSAGE][PASSED] - Object: 'Object Repository/Page_cabi Create Order/first_option' is clicked on

2019-10-24 13:56:34 - [TEST_STEP][PASSED] - delay(5): Delayed 5 second(s)

2019-10-24 13:56:39 - [MESSAGE][PASSED] - Delayed 5 second(s)

2019-10-24 13:56:39 - [TEST_STEP][PASSED] - click(findTestObject("Object Repository/Page_cabi Order Items/selectSize")): Object: 'Object Repository/Page_cabi Order Items/selectSize' is clicked on

2019-10-24 13:56:39 - [MESSAGE][PASSED] - Object: 'Object Repository/Page_cabi Order Items/selectSize' is clicked on

2019-10-24 13:56:39 - [TEST_STEP][PASSED] - delay(3): Delayed 3 second(s)

2019-10-24 13:56:42 - [MESSAGE][PASSED] - Delayed 3 second(s)

2019-10-24 13:56:42 - [TEST_STEP][PASSED] - click(findTestObject("Object Repository/Page_cabi Order Items/span_Add to Cart")): Object: 'Object Repository/Page_cabi Order Items/span_Add to Cart' is clicked on

2019-10-24 13:56:42 - [MESSAGE][PASSED] - Object: 'Object Repository/Page_cabi Order Items/span_Add to Cart' is clicked on

2019-10-24 13:56:42 - [TEST_STEP][PASSED] - delay(5): Delayed 5 second(s)

2019-10-24 13:56:47 - [MESSAGE][PASSED] - Delayed 5 second(s)

2019-10-24 13:56:47 - [TEST_STEP][PASSED] - click(findTestObject("Object Repository/Page_cabi Order Items/a_checkout")): Object: 'Object Repository/Page_cabi Order Items/a_checkout' is clicked on

2019-10-24 13:56:48 - [MESSAGE][PASSED] - Object: 'Object Repository/Page_cabi Order Items/a_checkout' is clicked on

2019-10-24 13:56:48 - [TEST_STEP][PASSED] - delay(3): Delayed 3 second(s)

2019-10-24 13:56:51 - [MESSAGE][PASSED] - Delayed 3 second(s)

2019-10-24 13:56:51 - [TEST_STEP][PASSED] - click(findTestObject("Page_cabi Personal Store/nextButtonShipping")): Object: 'Object Repository/Page_cabi Personal Store/nextButtonShipping' is clicked on

2019-10-24 13:56:51 - [MESSAGE][PASSED] - Object: 'Object Repository/Page_cabi Personal Store/nextButtonShipping' is clicked on

2019-10-24 13:56:51 - [TEST_STEP][PASSED] - delay(3): Delayed 3 second(s)

2019-10-24 13:56:54 - [MESSAGE][PASSED] - Delayed 3 second(s)

2019-10-24 13:56:54 - [TEST_STEP][PASSED] - click(findTestObject("Page_cabi Personal Store/makeFirstPayment")): Object: 'Object Repository/Page_cabi Personal Store/makeFirstPayment' is clicked on

2019-10-24 13:56:54 - [MESSAGE][PASSED] - Object: 'Object Repository/Page_cabi Personal Store/makeFirstPayment' is clicked on

2019-10-24 13:56:54 - [TEST_STEP][PASSED] - click(findTestObject("Page_cabi Personal Store/submitPayment")): Object: 'Object Repository/Page_cabi Personal Store/submitPayment' is clicked on

2019-10-24 13:56:54 - [MESSAGE][PASSED] - Object: 'Object Repository/Page_cabi Personal Store/submitPayment' is clicked on

2019-10-24 13:56:54 - [TEST_STEP][PASSED] - click(findTestObject("Page_cabi Personal Store/submitOrderId")): Object: 'Object Repository/Page_cabi Personal Store/submitOrderId' is clicked on

2019-10-24 13:56:57 - [MESSAGE][PASSED] - Object: 'Object Repository/Page_cabi Personal Store/submitOrderId' is clicked on

2019-10-24 13:56:57 - [TEST_STEP][PASSED] - successMsg = "": null

2019-10-24 13:56:57 - [TEST_STEP][PASSED] - orderSuccess = false: null

2019-10-24 13:56:57 - [TEST_STEP][PASSED] - successMsgs = findWebElements(findTestObject("Object Repository/Page_cabi Personal Store/p_success_msg"), 5): null

2019-10-24 13:56:57 - [TEST_STEP][PASSED] - orderID = <not implemented yet for class: org.codehaus.groovy.ast.expr.EmptyExpression>: null

2019-10-24 13:56:57 - [TEST_STEP][PASSED] - if (successMsgs.size() > 0): null

2019-10-24 13:56:57 - [TEST_STEP][PASSED] - successMsg = getText(findTestObject("Object Repository/Page_cabi Personal Store/p_success_msg")): Text of object 'Object Repository/Page_cabi Personal Store/p_success_msg' is: 'Order Created Successfully!!
Order #:  RT708383813

RMA DASHBOARD'

2019-10-24 13:56:57 - [MESSAGE][PASSED] - Text of object 'Object Repository/Page_cabi Personal Store/p_success_msg' is: 'Order Created Successfully!!
Order #:  RT708383813

RMA DASHBOARD'

2019-10-24 13:56:57 - [TEST_STEP][PASSED] - orderSuccess = true: null

2019-10-24 13:56:57 - [TEST_STEP][PASSED] - orderID = getText(findTestObject("Object Repository/Page_cabi Personal Store/p_order_id")): Text of object 'Object Repository/Page_cabi Personal Store/p_order_id' is: 'RT708383813'

2019-10-24 13:56:57 - [MESSAGE][PASSED] - Text of object 'Object Repository/Page_cabi Personal Store/p_order_id' is: 'RT708383813'

2019-10-24 13:56:57 - [TEST_STEP][PASSED] - println(orderID): null

2019-10-24 13:56:57 - [TEST_STEP][PASSED] - sa = new org.testng.asserts.SoftAssert(): null

2019-10-24 13:56:57 - [TEST_STEP][PASSED] - sa.assertTrue(orderSuccess): null

2019-10-24 13:56:57 - [TEST_STEP][PASSED] - println(ship): null

2019-10-24 13:56:57 - [TEST_STEP][PASSED] - shipString = "no": null

2019-10-24 13:56:57 - [TEST_STEP][PASSED] - shipString = ship: null

2019-10-24 13:56:57 - [TEST_STEP][PASSED] - if (shipString.equalsIgnoreCase("y")): Call Test Case 'Test Cases/NewArrival/warehouseShipping' successfully

2019-10-24 13:56:57 - [TEST_STEP][PASSED] - callTestCase(findTestCase("NewArrival/warehouseShipping"), ["orderId":orderID], CONTINUE_ON_FAILURE): Call Test Case 'Test Cases/NewArrival/warehouseShipping' successfully

2019-10-24 13:56:57 - [TEST_CASE][PASSED] - Test Cases/NewArrival/warehouseShipping: Test Cases/NewArrival/warehouseShipping

2019-10-24 13:56:57 - [TEST_STEP][PASSED] - println(orderId): null

2019-10-24 13:56:57 - [TEST_STEP][PASSED] - callTestCase(findTestCase("TestCaseUtilities/cabiWarehouseLogin"), ["CWURL":"", "CWuser":"", "CWpass":""], CONTINUE_ON_FAILURE): Call Test Case 'Test Cases/TestCaseUtilities/cabiWarehouseLogin' successfully

2019-10-24 13:56:57 - [TEST_CASE][PASSED] - Test Cases/TestCaseUtilities/cabiWarehouseLogin: Test Cases/TestCaseUtilities/cabiWarehouseLogin

2019-10-24 13:56:57 - [TEST_STEP][PASSED] - CWURL = findTestData("envtData").getValue("CWURL", 1): null

2019-10-24 13:56:57 - [TEST_STEP][PASSED] - CWuser = findTestData("credData").getValue("CWuser", 1): null

2019-10-24 13:56:57 - [TEST_STEP][PASSED] - CWpass = findTestData("credData").getValue("CWpass", 1): null

2019-10-24 13:56:57 - [TEST_STEP][PASSED] - openBrowser(""): Browser is opened with url: ''

2019-10-24 13:56:57 - [MESSAGE][WARNING] - A browser is already opened. Closing browser and opening a new one

2019-10-24 13:56:58 - [MESSAGE][INFO] - Starting 'Chrome' driver

2019-10-24 13:56:58 - [MESSAGE][INFO] - User set preference: ['args', '[--use-fake-ui-for-media-stream, --start-maximized]']

2019-10-24 13:57:00 - [MESSAGE][PASSED] - Browser is opened with url: ''

2019-10-24 13:57:00 - [TEST_STEP][PASSED] - navigateToUrl(CWURL): Navigate to 'https://test14.cliotest.com/warehouse/control/main' successfully

2019-10-24 13:57:07 - [MESSAGE][PASSED] - Navigate to 'https://test14.cliotest.com/warehouse/control/main' successfully

2019-10-24 13:57:07 - [TEST_STEP][PASSED] - logOut = findWebElements(findTestObject("Object Repository/Cabi warehouse/Page_cabi_home/log_out"), 1): Unable to find the element located by 'By.xpath: //li/a[contains(text(), 'Log Out »')]'. Please recheck the objects properties to make sure the desired element is located. 

2019-10-24 13:57:08 - [MESSAGE][INFO] - Unable to find the element located by 'By.xpath: //li/a[contains(text(), 'Log Out »')]'. Please recheck the objects properties to make sure the desired element is located. 

2019-10-24 13:57:08 - [TEST_STEP][PASSED] - if (logOut.size() == 0): Object: 'Object Repository/Cabi warehouse/Page_cabi/input_Password_section-btn btn-stl-pk rFloat' is clicked on

2019-10-24 13:57:08 - [TEST_STEP][PASSED] - setText(findTestObject("Object Repository/Cabi warehouse/Page_cabi/input_Username_USERNAME"), CWuser): Text 'rsuarez' is set on object 'Object Repository/Cabi warehouse/Page_cabi/input_Username_USERNAME'

2019-10-24 13:57:08 - [MESSAGE][PASSED] - Text 'rsuarez' is set on object 'Object Repository/Cabi warehouse/Page_cabi/input_Username_USERNAME'

2019-10-24 13:57:08 - [TEST_STEP][PASSED] - setText(findTestObject("Object Repository/Cabi warehouse/Page_cabi/input_Password_PASSWORD"), CWpass): Text 'blackdress19' is set on object 'Object Repository/Cabi warehouse/Page_cabi/input_Password_PASSWORD'

2019-10-24 13:57:08 - [MESSAGE][PASSED] - Text 'blackdress19' is set on object 'Object Repository/Cabi warehouse/Page_cabi/input_Password_PASSWORD'

2019-10-24 13:57:08 - [TEST_STEP][PASSED] - click(findTestObject("Object Repository/Cabi warehouse/Page_cabi/input_Password_section-btn btn-stl-pk rFloat")): Object: 'Object Repository/Cabi warehouse/Page_cabi/input_Password_section-btn btn-stl-pk rFloat' is clicked on

2019-10-24 13:57:10 - [MESSAGE][PASSED] - Object: 'Object Repository/Cabi warehouse/Page_cabi/input_Password_section-btn btn-stl-pk rFloat' is clicked on

2019-10-24 13:57:10 - [TEST_STEP][PASSED] - delay(3): Delayed 3 second(s)

2019-10-24 13:57:13 - [MESSAGE][PASSED] - Delayed 3 second(s)

2019-10-24 13:57:13 - [MESSAGE][PASSED] - Call Test Case 'Test Cases/TestCaseUtilities/cabiWarehouseLogin' successfully

2019-10-24 13:57:13 - [TEST_STEP][PASSED] - click(findTestObject("Page_cabi Manage PickLists/a_Create PickLists")): Object: 'Object Repository/Page_cabi Manage PickLists/a_Create PickLists' is clicked on

2019-10-24 13:57:15 - [MESSAGE][PASSED] - Object: 'Object Repository/Page_cabi Manage PickLists/a_Create PickLists' is clicked on

2019-10-24 13:57:15 - [TEST_STEP][PASSED] - delay(2): Delayed 2 second(s)

2019-10-24 13:57:17 - [MESSAGE][PASSED] - Delayed 2 second(s)

2019-10-24 13:57:17 - [TEST_STEP][PASSED] - click(findTestObject("Object Repository/findOrders/Page_cabi Find Orders/Page_cabi SampleLine Shipment Screen/a_Single Order")): Object: 'Object Repository/findOrders/Page_cabi Find Orders/Page_cabi SampleLine Shipment Screen/a_Single Order' is clicked on

2019-10-24 13:57:18 - [MESSAGE][PASSED] - Object: 'Object Repository/findOrders/Page_cabi Find Orders/Page_cabi SampleLine Shipment Screen/a_Single Order' is clicked on

2019-10-24 13:57:18 - [TEST_STEP][PASSED] - setText(findTestObject("Page_cabi Create Single Order PickList/input_Order Id_orderId"), orderId): Text 'RT708383813' is set on object 'Object Repository/Page_cabi Create Single Order PickList/input_Order Id_orderId'

2019-10-24 13:57:18 - [MESSAGE][PASSED] - Text 'RT708383813' is set on object 'Object Repository/Page_cabi Create Single Order PickList/input_Order Id_orderId'

2019-10-24 13:57:18 - [TEST_STEP][PASSED] - click(findTestObject("Page_cabi Create Single Order PickList/input_Create even if fully backordered_submitButton")): Object: 'Object Repository/Page_cabi Create Single Order PickList/input_Create even if fully backordered_submitButton' is clicked on

2019-10-24 13:57:19 - [MESSAGE][PASSED] - Object: 'Object Repository/Page_cabi Create Single Order PickList/input_Create even if fully backordered_submitButton' is clicked on

2019-10-24 13:57:19 - [TEST_STEP][PASSED] - delay(2): Delayed 2 second(s)

2019-10-24 13:57:21 - [MESSAGE][PASSED] - Delayed 2 second(s)

2019-10-24 13:57:21 - [TEST_STEP][PASSED] - pickListCreated = findWebElements(findTestObject("Cabi warehouse/picklistCreatedMessage"), 5): null

2019-10-24 13:57:21 - [TEST_STEP][PASSED] - if (pickListCreated.size() == 0): null

2019-10-24 13:57:21 - [TEST_STEP][PASSED] - picklistCreatedMessage = UtilityMethods.concat("Picklist for order: [", orderId, "] has been created successfully."): null

2019-10-24 13:57:21 - [TEST_STEP][PASSED] - println(picklistCreatedMessage): null

2019-10-24 13:57:21 - [TEST_STEP][PASSED] - verifyElementText(findTestObject("Cabi warehouse/picklistCreatedMessage"), picklistCreatedMessage): Actual text and expected text of test object 'Object Repository/Cabi warehouse/picklistCreatedMessage' are matched.

2019-10-24 13:57:21 - [MESSAGE][PASSED] - Actual text and expected text of test object 'Object Repository/Cabi warehouse/picklistCreatedMessage' are matched.

2019-10-24 13:57:21 - [TEST_STEP][PASSED] - click(findTestObject("Page_cabi Create Single Order PickList/a_Manage PickLists")): Object: 'Object Repository/Page_cabi Create Single Order PickList/a_Manage PickLists' is clicked on

2019-10-24 13:57:22 - [MESSAGE][PASSED] - Object: 'Object Repository/Page_cabi Create Single Order PickList/a_Manage PickLists' is clicked on

2019-10-24 13:57:22 - [TEST_STEP][PASSED] - delay(2): Delayed 2 second(s)

2019-10-24 13:57:24 - [MESSAGE][PASSED] - Delayed 2 second(s)

2019-10-24 13:57:24 - [TEST_STEP][PASSED] - setText(findTestObject("Page_cabi Manage PickLists/input_Order _orderId"), orderId): Text 'RT708383813' is set on object 'Object Repository/Page_cabi Manage PickLists/input_Order _orderId'

2019-10-24 13:57:24 - [MESSAGE][PASSED] - Text 'RT708383813' is set on object 'Object Repository/Page_cabi Manage PickLists/input_Order _orderId'

2019-10-24 13:57:24 - [TEST_STEP][PASSED] - click(findTestObject("Page_cabi Manage PickLists/input")): Object: 'Object Repository/Page_cabi Manage PickLists/input' is clicked on

2019-10-24 13:57:25 - [MESSAGE][PASSED] - Object: 'Object Repository/Page_cabi Manage PickLists/input' is clicked on

2019-10-24 13:57:25 - [TEST_STEP][PASSED] - delay(3): Delayed 3 second(s)

2019-10-24 13:57:28 - [MESSAGE][PASSED] - Delayed 3 second(s)

2019-10-24 13:57:28 - [TEST_STEP][PASSED] - click(findTestObject("Page_cabi Manage PickLists/td_104238610")): Object: 'Object Repository/Page_cabi Manage PickLists/td_104238610' is clicked on

2019-10-24 13:57:28 - [MESSAGE][PASSED] - Object: 'Object Repository/Page_cabi Manage PickLists/td_104238610' is clicked on

2019-10-24 13:57:28 - [TEST_STEP][PASSED] - delay(2): Delayed 2 second(s)

2019-10-24 13:57:30 - [MESSAGE][PASSED] - Delayed 2 second(s)

2019-10-24 13:57:30 - [TEST_STEP][PASSED] - picklistId = getText(findTestObject("Page_cabi Manage PickLists/td_104238610")): Text of object 'Object Repository/Page_cabi Manage PickLists/td_104238610' is: '104456323'

2019-10-24 13:57:30 - [MESSAGE][PASSED] - Text of object 'Object Repository/Page_cabi Manage PickLists/td_104238610' is: '104456323'

2019-10-24 13:57:30 - [TEST_STEP][PASSED] - click(findTestObject("Page_cabi Manage PickLists/a_Packing")): Object: 'Object Repository/Page_cabi Manage PickLists/a_Packing' is clicked on

2019-10-24 13:57:31 - [MESSAGE][PASSED] - Object: 'Object Repository/Page_cabi Manage PickLists/a_Packing' is clicked on

2019-10-24 13:57:31 - [TEST_STEP][PASSED] - setText(findTestObject("Page_cabi Pack Init/input_Pack Station_packStationId"), "30"): Text '30' is set on object 'Object Repository/Page_cabi Pack Init/input_Pack Station_packStationId'

2019-10-24 13:57:31 - [MESSAGE][PASSED] - Text '30' is set on object 'Object Repository/Page_cabi Pack Init/input_Pack Station_packStationId'

2019-10-24 13:57:31 - [TEST_STEP][PASSED] - click(findTestObject("Page_cabi Pack Init/input_Pack Station_submitButton")): Object: 'Object Repository/Page_cabi Pack Init/input_Pack Station_submitButton' is clicked on

2019-10-24 13:57:32 - [MESSAGE][PASSED] - Object: 'Object Repository/Page_cabi Pack Init/input_Pack Station_submitButton' is clicked on

2019-10-24 13:57:32 - [TEST_STEP][PASSED] - delay(2): Delayed 2 second(s)

2019-10-24 13:57:34 - [MESSAGE][PASSED] - Delayed 2 second(s)

2019-10-24 13:57:34 - [TEST_STEP][PASSED] - setText(findTestObject("Page_cabi Pack Init/input_Picklist ID_pickId"), picklistId): Text '104456323' is set on object 'Object Repository/Page_cabi Pack Init/input_Picklist ID_pickId'

2019-10-24 13:57:35 - [MESSAGE][PASSED] - Text '104456323' is set on object 'Object Repository/Page_cabi Pack Init/input_Picklist ID_pickId'

2019-10-24 13:57:35 - [TEST_STEP][PASSED] - click(findTestObject("Page_cabi Pack Init/input_Picklist ID_submitButton")): Object: 'Object Repository/Page_cabi Pack Init/input_Picklist ID_submitButton' is clicked on

2019-10-24 13:57:36 - [MESSAGE][PASSED] - Object: 'Object Repository/Page_cabi Pack Init/input_Picklist ID_submitButton' is clicked on

2019-10-24 13:57:36 - [TEST_STEP][PASSED] - delay(2): Delayed 2 second(s)

2019-10-24 13:57:38 - [MESSAGE][PASSED] - Delayed 2 second(s)

2019-10-24 13:57:38 - [TEST_STEP][PASSED] - click(findTestObject("Page_cabi General Pack/input_Cream Of Wheat_button addItemForVerification")): Object: 'Object Repository/Page_cabi General Pack/input_Cream Of Wheat_button addItemForVerification' is clicked on

2019-10-24 13:57:38 - [MESSAGE][PASSED] - Object: 'Object Repository/Page_cabi General Pack/input_Cream Of Wheat_button addItemForVerification' is clicked on

2019-10-24 13:57:38 - [TEST_STEP][PASSED] - delay(2): Delayed 2 second(s)

2019-10-24 13:57:40 - [MESSAGE][PASSED] - Delayed 2 second(s)

2019-10-24 13:57:40 - [TEST_STEP][PASSED] - click(findTestObject("Page_cabi General Pack/input_Pack Station  30_shipConfirmBtn")): Object: 'Object Repository/Page_cabi General Pack/input_Pack Station  30_shipConfirmBtn' is clicked on

2019-10-24 13:57:43 - [MESSAGE][PASSED] - Object: 'Object Repository/Page_cabi General Pack/input_Pack Station  30_shipConfirmBtn' is clicked on

2019-10-24 13:57:43 - [TEST_STEP][PASSED] - delay(3): Delayed 3 second(s)

2019-10-24 13:57:46 - [MESSAGE][PASSED] - Delayed 3 second(s)

2019-10-24 13:57:46 - [TEST_STEP][PASSED] - itemsNotpacked = findWebElements(findTestObject("Cabi warehouse/itemsNotPacked"), 5): Unable to find the element located by 'By.xpath: //*[@id="content-messages"]/p[1]'. Please recheck the objects properties to make sure the desired element is located. 

2019-10-24 13:57:51 - [MESSAGE][INFO] - Unable to find the element located by 'By.xpath: //*[@id="content-messages"]/p[1]'. Please recheck the objects properties to make sure the desired element is located. 

2019-10-24 13:57:51 - [TEST_STEP][PASSED] - if (itemsNotpacked.size() > 0): null

2019-10-24 13:57:51 - [MESSAGE][PASSED] - Call Test Case 'Test Cases/NewArrival/warehouseShipping' successfully

2019-10-24 13:57:51 - [MESSAGE][PASSED] - Call Test Case 'Test Cases/OrderCreator/addOnOrderRetail' successfully]]></system-out>
         <system-err><![CDATA[]]></system-err>
      </testcase>
      <system-out><![CDATA[2019-10-24 13:45:46 - [TEST_SUITE][PASSED] - OrderCreatorSuiteAddonOrderRetail: Test Cases/OrderCreator/massOrderCreationAddOnOrderRetail]]></system-out>
      <system-err><![CDATA[]]></system-err>
   </testsuite>
</testsuites>
