<?xml version="1.0" encoding="UTF-8"?>
<testsuites name="EditOrderSuite" time="927" tests="3" failures="0" errors="0">
   <testsuite name="EditOrderSuite" tests="3" failures="0" errors="0" time="927" timestamp="2019-10-10 15:43:09" hostname="user - 10.0.102.86" id="Test Suites/EditOrderSuites/EditOrderSuite">
      <properties>
         <property name="deviceName" value=""/>
         <property name="devicePlatform" value=""/>
         <property name="logFolder" value="C:\\Users\\user\\Documents\\testautomation\\KatalonProjects\\Reports\\EditOrderSuites\\EditOrderSuite\\20191010_154305"/>
         <property name="logFiles" value="C:\\Users\\user\\Documents\\testautomation\\KatalonProjects\\Reports\\EditOrderSuites\\EditOrderSuite\\20191010_154305\\execution0.log"/>
         <property name="attachments" value=""/>
         <property name="hostName" value="user - 10.0.102.86"/>
         <property name="os" value="Windows 8.1 64bit"/>
         <property name="katalonVersion" value="6.1.1.1"/>
         <property name="browser" value="Chrome 77.0.3865.90"/>
         <property name="hostAddress" value="10.0.102.86"/>
         <property name="sessionId" value="67c6b59da81dc3fa9b951b8cd816ec85"/>
         <property name="seleniumVersion" value="3.7.1"/>
         <property name="proxyInformation" value="ProxyInformation{proxyOption=NO_PROXY, proxyServerType=HTTP, password=, proxyServerAddress=, proxyServerPort=0}"/>
         <property name="platform" value="Windows 8.1"/>
      </properties>
      <testcase name="Test Cases/EditOrder-V/rsEditOrderPartialShip" classname="Test Cases/EditOrder-V/rsEditOrderPartialShip" status="PASSED">
         <system-out><![CDATA[2019-10-10 15:43:09 - [TEST_CASE][PASSED] - Test Cases/EditOrder-V/rsEditOrderPartialShip: Test Cases/EditOrder-V/rsEditOrderPartialShip

2019-10-10 15:43:09 - [TEST_STEP][PASSED] - Start listener action : sampleBeforeTestCase: null

2019-10-10 15:43:09 - [TEST_STEP][PASSED] - println(testCaseContext.getTestCaseId()): null

2019-10-10 15:43:09 - [TEST_STEP][PASSED] - println(testCaseContext.getTestCaseVariables()): null

2019-10-10 15:43:10 - [TEST_STEP][PASSED] - callTestCase(findTestCase("EditOrder/retailOrderBO"), ["editScenarioNumber":5], STOP_ON_FAILURE): Call Test Case 'Test Cases/EditOrder/retailOrderBO' successfully

2019-10-10 15:43:10 - [TEST_CASE][PASSED] - Test Cases/EditOrder/retailOrderBO: Test Cases/EditOrder/retailOrderBO

2019-10-10 15:43:11 - [TEST_STEP][PASSED] - openBrowser(""): Browser is opened with url: ''

2019-10-10 15:43:11 - [MESSAGE][INFO] - Starting 'Chrome' driver

2019-10-10 15:43:11 - [MESSAGE][INFO] - User set preference: ['args', '[--use-fake-ui-for-media-stream, --start-maximized]']

2019-10-10 15:43:11 - [MESSAGE][INFO] - Action delay is set to 0 seconds

2019-10-10 15:43:14 - [MESSAGE][PASSED] - Browser is opened with url: ''

2019-10-10 15:43:14 - [TEST_STEP][PASSED] - callTestCase(findTestCase("TestCaseUtilities/backOfficeLogin"), ["BOURL":"", "BOuser":"", "BOpass":""], STOP_ON_FAILURE): Call Test Case 'Test Cases/TestCaseUtilities/backOfficeLogin' successfully

2019-10-10 15:43:15 - [TEST_CASE][PASSED] - Test Cases/TestCaseUtilities/backOfficeLogin: Test Cases/TestCaseUtilities/backOfficeLogin

2019-10-10 15:43:15 - [TEST_STEP][PASSED] - BOURL = findTestData("envtData").getValue("BOURL", 1): null

2019-10-10 15:43:16 - [TEST_STEP][PASSED] - BOuser = findTestData("credData").getValue("BOuser", 1): null

2019-10-10 15:43:16 - [TEST_STEP][PASSED] - BOpass = findTestData("credData").getValue("BOpass", 1): null

2019-10-10 15:43:17 - [TEST_STEP][PASSED] - openBrowser(""): Browser is opened with url: ''

2019-10-10 15:43:17 - [MESSAGE][WARNING] - A browser is already opened. Closing browser and opening a new one

2019-10-10 15:43:17 - [MESSAGE][INFO] - Starting 'Chrome' driver

2019-10-10 15:43:17 - [MESSAGE][INFO] - User set preference: ['args', '[--use-fake-ui-for-media-stream, --start-maximized]']

2019-10-10 15:43:19 - [MESSAGE][PASSED] - Browser is opened with url: ''

2019-10-10 15:43:19 - [TEST_STEP][PASSED] - navigateToUrl(BOURL): Navigate to 'https://test18.cliotest.com/backoffice/control/main' successfully

2019-10-10 15:43:30 - [MESSAGE][PASSED] - Navigate to 'https://test18.cliotest.com/backoffice/control/main' successfully

2019-10-10 15:43:30 - [TEST_STEP][PASSED] - logOut = findWebElements(findTestObject("Object Repository/Page_cabi Home/log_out"), 1): Unable to find the element located by 'By.xpath: //a[contains(text(),'Log Out')]'. Please recheck the objects properties to make sure the desired element is located. 

2019-10-10 15:43:31 - [MESSAGE][INFO] - Unable to find the element located by 'By.xpath: //a[contains(text(),'Log Out')]'. Please recheck the objects properties to make sure the desired element is located. 

2019-10-10 15:43:31 - [TEST_STEP][PASSED] - if (logOut.size() == 0): Object: 'Object Repository/Page_cabi/input_Welcome to_consultantLogin' is clicked on

2019-10-10 15:43:31 - [TEST_STEP][PASSED] - setText(findTestObject("Page_cabi/input_Welcome to_USERNAME"), BOuser): Text '400000002' is set on object 'Object Repository/Page_cabi/input_Welcome to_USERNAME'

2019-10-10 15:43:31 - [MESSAGE][PASSED] - Text '400000002' is set on object 'Object Repository/Page_cabi/input_Welcome to_USERNAME'

2019-10-10 15:43:31 - [TEST_STEP][PASSED] - setText(findTestObject("Object Repository/Page_cabi/input_Welcome to_PASSWORD"), BOpass): Text 'blackdress19' is set on object 'Object Repository/Page_cabi/input_Welcome to_PASSWORD'

2019-10-10 15:43:31 - [MESSAGE][PASSED] - Text 'blackdress19' is set on object 'Object Repository/Page_cabi/input_Welcome to_PASSWORD'

2019-10-10 15:43:31 - [TEST_STEP][PASSED] - click(findTestObject("Object Repository/Page_cabi/input_Welcome to_consultantLogin")): Object: 'Object Repository/Page_cabi/input_Welcome to_consultantLogin' is clicked on

2019-10-10 15:43:46 - [MESSAGE][PASSED] - Object: 'Object Repository/Page_cabi/input_Welcome to_consultantLogin' is clicked on

2019-10-10 15:43:46 - [TEST_STEP][PASSED] - delay(3): Delayed 3 second(s)

2019-10-10 15:43:49 - [MESSAGE][PASSED] - Delayed 3 second(s)

2019-10-10 15:43:49 - [MESSAGE][PASSED] - Call Test Case 'Test Cases/TestCaseUtilities/backOfficeLogin' successfully

2019-10-10 15:43:49 - [TEST_STEP][PASSED] - click(findTestObject("Object Repository/Page_cabi Home/a_Shows  Orders")): Object: 'Object Repository/Page_cabi Home/a_Shows  Orders' is clicked on

2019-10-10 15:43:49 - [MESSAGE][PASSED] - Object: 'Object Repository/Page_cabi Home/a_Shows  Orders' is clicked on

2019-10-10 15:43:49 - [TEST_STEP][PASSED] - delay(1): Delayed 1 second(s)

2019-10-10 15:43:50 - [MESSAGE][PASSED] - Delayed 1 second(s)

2019-10-10 15:43:50 - [TEST_STEP][PASSED] - click(findTestObject("Page_cabi Home/a_Shows  Orders")): Object: 'Object Repository/Page_cabi Home/a_Shows  Orders' is clicked on

2019-10-10 15:43:51 - [MESSAGE][PASSED] - Object: 'Object Repository/Page_cabi Home/a_Shows  Orders' is clicked on

2019-10-10 15:43:51 - [TEST_STEP][PASSED] - click(findTestObject("Page_cabi Home/a_retail_purchases")): Object: 'Object Repository/Page_cabi Home/a_retail_purchases' is clicked on

2019-10-10 15:43:55 - [MESSAGE][PASSED] - Object: 'Object Repository/Page_cabi Home/a_retail_purchases' is clicked on

2019-10-10 15:43:55 - [TEST_STEP][PASSED] - delay(3): Delayed 3 second(s)

2019-10-10 15:43:58 - [MESSAGE][PASSED] - Delayed 3 second(s)

2019-10-10 15:43:58 - [TEST_STEP][PASSED] - click(findTestObject("Object Repository/Page_cabi Home/existingCustomer")): Object: 'Object Repository/Page_cabi Home/existingCustomer' is clicked on

2019-10-10 15:43:58 - [MESSAGE][PASSED] - Object: 'Object Repository/Page_cabi Home/existingCustomer' is clicked on

2019-10-10 15:43:58 - [TEST_STEP][PASSED] - contactNumber = 3: null

2019-10-10 15:43:58 - [TEST_STEP][PASSED] - firstName = findTestData("contactData").getValue("firstName", contactNumber): null

2019-10-10 15:43:58 - [TEST_STEP][PASSED] - lastName = findTestData("contactData").getValue("lastName", contactNumber): null

2019-10-10 15:43:58 - [TEST_STEP][PASSED] - email = findTestData("contactData").getValue("email", contactNumber): null

2019-10-10 15:43:58 - [TEST_STEP][PASSED] - address1 = findTestData("contactData").getValue("address1", contactNumber): null

2019-10-10 15:43:58 - [TEST_STEP][PASSED] - city = findTestData("contactData").getValue("city", contactNumber): null

2019-10-10 15:43:58 - [TEST_STEP][PASSED] - state = findTestData("contactData").getValue("state", contactNumber): null

2019-10-10 15:43:58 - [TEST_STEP][PASSED] - zip = findTestData("contactData").getValue("zip", contactNumber): null

2019-10-10 15:43:58 - [TEST_STEP][PASSED] - existingCustFName = firstName: null

2019-10-10 15:43:58 - [TEST_STEP][PASSED] - existingCustLName = lastName: null

2019-10-10 15:43:58 - [TEST_STEP][PASSED] - space = " ": null

2019-10-10 15:43:58 - [TEST_STEP][PASSED] - existingCust = $existingCustFName$space$existingCustLName: null

2019-10-10 15:43:58 - [TEST_STEP][PASSED] - setText(findTestObject("Object Repository/Page_cabi Home/input_existing_guest"), existingCust): Text 'guest1-test abc' is set on object 'Object Repository/Page_cabi Home/input_existing_guest'

2019-10-10 15:43:59 - [MESSAGE][PASSED] - Text 'guest1-test abc' is set on object 'Object Repository/Page_cabi Home/input_existing_guest'

2019-10-10 15:43:59 - [TEST_STEP][PASSED] - delay(2): Delayed 2 second(s)

2019-10-10 15:44:01 - [MESSAGE][PASSED] - Delayed 2 second(s)

2019-10-10 15:44:01 - [TEST_STEP][PASSED] - sendKeys(findTestObject("Object Repository/Page_cabi Home/input_existing_guest"), Keys.chord(ARROW_DOWN)): Keys 'DOWN + ' sent to object: 'Object Repository/Page_cabi Home/input_existing_guest'

2019-10-10 15:44:01 - [MESSAGE][PASSED] - Keys 'DOWN + ' sent to object: 'Object Repository/Page_cabi Home/input_existing_guest'

2019-10-10 15:44:01 - [TEST_STEP][PASSED] - sendKeys(findTestObject("Object Repository/Page_cabi Home/input_existing_guest"), Keys.chord(ENTER)): Keys 'ENTER + ' sent to object: 'Object Repository/Page_cabi Home/input_existing_guest'

2019-10-10 15:44:02 - [MESSAGE][PASSED] - Keys 'ENTER + ' sent to object: 'Object Repository/Page_cabi Home/input_existing_guest'

2019-10-10 15:44:02 - [TEST_STEP][PASSED] - setText(findTestObject("Object Repository/Page_cabi Retail Store/input_email"), email): Text 'guest1-test@test.com' is set on object 'Object Repository/Page_cabi Retail Store/input_email'

2019-10-10 15:44:02 - [MESSAGE][PASSED] - Text 'guest1-test@test.com' is set on object 'Object Repository/Page_cabi Retail Store/input_email'

2019-10-10 15:44:02 - [TEST_STEP][PASSED] - setText(findTestObject("Object Repository/Page_cabi Edit Customer Profile/input_Address1_address1"), address1): Text '975 BRAHMS CT' is set on object 'Object Repository/Page_cabi Edit Customer Profile/input_Address1_address1'

2019-10-10 15:44:02 - [MESSAGE][PASSED] - Text '975 BRAHMS CT' is set on object 'Object Repository/Page_cabi Edit Customer Profile/input_Address1_address1'

2019-10-10 15:44:02 - [TEST_STEP][PASSED] - setText(findTestObject("Object Repository/Page_cabi Edit Customer Profile/input_Address2_address2"), ""): Text '' is set on object 'Object Repository/Page_cabi Edit Customer Profile/input_Address2_address2'

2019-10-10 15:44:03 - [MESSAGE][PASSED] - Text '' is set on object 'Object Repository/Page_cabi Edit Customer Profile/input_Address2_address2'

2019-10-10 15:44:03 - [TEST_STEP][PASSED] - setText(findTestObject("Object Repository/Page_cabi Edit Customer Profile/input_City_city"), city): Text 'TROY' is set on object 'Object Repository/Page_cabi Edit Customer Profile/input_City_city'

2019-10-10 15:44:03 - [MESSAGE][PASSED] - Text 'TROY' is set on object 'Object Repository/Page_cabi Edit Customer Profile/input_City_city'

2019-10-10 15:44:03 - [TEST_STEP][PASSED] - click(findTestObject("Page_cabi Edit Customer Profile/span_select_a_state")): Object: 'Object Repository/Page_cabi Edit Customer Profile/span_select_a_state' is clicked on

2019-10-10 15:44:03 - [MESSAGE][PASSED] - Object: 'Object Repository/Page_cabi Edit Customer Profile/span_select_a_state' is clicked on

2019-10-10 15:44:03 - [TEST_STEP][PASSED] - delay(1): Delayed 1 second(s)

2019-10-10 15:44:04 - [MESSAGE][PASSED] - Delayed 1 second(s)

2019-10-10 15:44:04 - [TEST_STEP][PASSED] - setText(findTestObject("Page_cabi Edit Customer Profile/input_state_postalCode"), zip): Text '48085' is set on object 'Object Repository/Page_cabi Edit Customer Profile/input_state_postalCode'

2019-10-10 15:44:04 - [MESSAGE][PASSED] - Text '48085' is set on object 'Object Repository/Page_cabi Edit Customer Profile/input_state_postalCode'

2019-10-10 15:44:04 - [TEST_STEP][PASSED] - delay(5): Delayed 5 second(s)

2019-10-10 15:44:09 - [MESSAGE][PASSED] - Delayed 5 second(s)

2019-10-10 15:44:09 - [TEST_STEP][PASSED] - check(findTestObject("Object Repository/Page_cabi Home/a_same_shipping_address")): Object 'Object Repository/Page_cabi Home/a_same_shipping_address' is checked

2019-10-10 15:44:09 - [MESSAGE][PASSED] - Object 'Object Repository/Page_cabi Home/a_same_shipping_address' is checked

2019-10-10 15:44:09 - [TEST_STEP][PASSED] - delay(5): Delayed 5 second(s)

2019-10-10 15:44:14 - [MESSAGE][PASSED] - Delayed 5 second(s)

2019-10-10 15:44:14 - [TEST_STEP][PASSED] - check(findTestObject("Object Repository/Page_cabi Home/a_same_shipping_address")): Object 'Object Repository/Page_cabi Home/a_same_shipping_address' is checked

2019-10-10 15:44:14 - [MESSAGE][PASSED] - Object 'Object Repository/Page_cabi Home/a_same_shipping_address' is checked

2019-10-10 15:44:14 - [TEST_STEP][PASSED] - delay(5): Delayed 5 second(s)

2019-10-10 15:44:19 - [MESSAGE][PASSED] - Delayed 5 second(s)

2019-10-10 15:44:19 - [TEST_STEP][PASSED] - driver = getWebDriver(): null

2019-10-10 15:44:19 - [TEST_STEP][PASSED] - executor = driver: null

2019-10-10 15:44:19 - [TEST_STEP][PASSED] - executor.executeScript("arguments[0].click();", findWebElement(findTestObject("Object Repository/Page_cabi Home/a_order_items"), 5)): null

2019-10-10 15:44:19 - [TEST_STEP][PASSED] - delay(3): Delayed 3 second(s)

2019-10-10 15:44:22 - [MESSAGE][PASSED] - Delayed 3 second(s)

2019-10-10 15:44:22 - [TEST_STEP][PASSED] - click(findTestObject("Object Repository/Page_cabi Retail Store/span_quick_entry")): Object: 'Object Repository/Page_cabi Retail Store/span_quick_entry' is clicked on

2019-10-10 15:44:27 - [MESSAGE][PASSED] - Object: 'Object Repository/Page_cabi Retail Store/span_quick_entry' is clicked on

2019-10-10 15:44:27 - [TEST_STEP][PASSED] - delay(3): Delayed 3 second(s)

2019-10-10 15:44:30 - [MESSAGE][PASSED] - Delayed 3 second(s)

2019-10-10 15:44:30 - [TEST_STEP][PASSED] - emptyCart = findWebElements(findTestObject("Object Repository/Page_cabi Personal Store/removeFromCart"), 5): Unable to find the element located by 'By.xpath: //*[@id="removeFromCart_0"]/span'. Please recheck the objects properties to make sure the desired element is located. 

2019-10-10 15:44:35 - [MESSAGE][INFO] - Unable to find the element located by 'By.xpath: //*[@id="removeFromCart_0"]/span'. Please recheck the objects properties to make sure the desired element is located. 

2019-10-10 15:44:35 - [TEST_STEP][PASSED] - if (emptyCart.size() > 0): null

2019-10-10 15:44:35 - [TEST_STEP][PASSED] - addOnStyle = findTestData("miscData").getValue("addOnStyle", 1): null

2019-10-10 15:44:35 - [TEST_STEP][PASSED] - addOnStyle2 = findTestData("miscData").getValue("addOnStyle", 2): null

2019-10-10 15:44:35 - [TEST_STEP][PASSED] - setText(findTestObject("Object Repository/Page_cabi Create Order/input_Manual Discount_stylelookup_0"), addOnStyle): Text '3701' is set on object 'Object Repository/Page_cabi Create Order/input_Manual Discount_stylelookup_0'

2019-10-10 15:44:36 - [MESSAGE][PASSED] - Text '3701' is set on object 'Object Repository/Page_cabi Create Order/input_Manual Discount_stylelookup_0'

2019-10-10 15:44:36 - [TEST_STEP][PASSED] - delay(2): Delayed 2 second(s)

2019-10-10 15:44:38 - [MESSAGE][PASSED] - Delayed 2 second(s)

2019-10-10 15:44:38 - [TEST_STEP][PASSED] - sendKeys(findTestObject("Object Repository/Page_cabi Create Order/input_Manual Discount_stylelookup_0"), Keys.chord(ARROW_DOWN)): Keys 'DOWN + ' sent to object: 'Object Repository/Page_cabi Create Order/input_Manual Discount_stylelookup_0'

2019-10-10 15:44:38 - [MESSAGE][PASSED] - Keys 'DOWN + ' sent to object: 'Object Repository/Page_cabi Create Order/input_Manual Discount_stylelookup_0'

2019-10-10 15:44:38 - [TEST_STEP][PASSED] - delay(2): Delayed 2 second(s)

2019-10-10 15:44:40 - [MESSAGE][PASSED] - Delayed 2 second(s)

2019-10-10 15:44:40 - [TEST_STEP][PASSED] - sendKeys(findTestObject("Object Repository/Page_cabi Create Order/input_Manual Discount_stylelookup_0"), Keys.chord(ARROW_DOWN)): Keys 'DOWN + ' sent to object: 'Object Repository/Page_cabi Create Order/input_Manual Discount_stylelookup_0'

2019-10-10 15:44:40 - [MESSAGE][PASSED] - Keys 'DOWN + ' sent to object: 'Object Repository/Page_cabi Create Order/input_Manual Discount_stylelookup_0'

2019-10-10 15:44:40 - [TEST_STEP][PASSED] - sendKeys(findTestObject("Object Repository/Page_cabi Create Order/input_Manual Discount_stylelookup_0"), Keys.chord(ENTER)): Keys 'ENTER + ' sent to object: 'Object Repository/Page_cabi Create Order/input_Manual Discount_stylelookup_0'

2019-10-10 15:44:40 - [MESSAGE][PASSED] - Keys 'ENTER + ' sent to object: 'Object Repository/Page_cabi Create Order/input_Manual Discount_stylelookup_0'

2019-10-10 15:44:40 - [TEST_STEP][PASSED] - delay(5): Delayed 5 second(s)

2019-10-10 15:44:45 - [MESSAGE][PASSED] - Delayed 5 second(s)

2019-10-10 15:44:45 - [TEST_STEP][PASSED] - click(findTestObject("Object Repository/Page_cabi Order Items/selectSize")): Object: 'Object Repository/Page_cabi Order Items/selectSize' is clicked on

2019-10-10 15:44:49 - [MESSAGE][PASSED] - Object: 'Object Repository/Page_cabi Order Items/selectSize' is clicked on

2019-10-10 15:44:49 - [TEST_STEP][PASSED] - delay(3): Delayed 3 second(s)

2019-10-10 15:44:52 - [MESSAGE][PASSED] - Delayed 3 second(s)

2019-10-10 15:44:52 - [TEST_STEP][PASSED] - click(findTestObject("Object Repository/Page_cabi Order Items/span_Add to Cart")): Object: 'Object Repository/Page_cabi Order Items/span_Add to Cart' is clicked on

2019-10-10 15:44:52 - [MESSAGE][PASSED] - Object: 'Object Repository/Page_cabi Order Items/span_Add to Cart' is clicked on

2019-10-10 15:44:52 - [TEST_STEP][PASSED] - delay(5): Delayed 5 second(s)

2019-10-10 15:44:57 - [MESSAGE][PASSED] - Delayed 5 second(s)

2019-10-10 15:44:57 - [TEST_STEP][PASSED] - click(findTestObject("Object Repository/Page_cabi Create Order/inputStyleLookup1")): Object: 'Object Repository/Page_cabi Create Order/inputStyleLookup1' is clicked on

2019-10-10 15:44:57 - [MESSAGE][PASSED] - Object: 'Object Repository/Page_cabi Create Order/inputStyleLookup1' is clicked on

2019-10-10 15:44:57 - [TEST_STEP][PASSED] - setText(findTestObject("Object Repository/Page_cabi Create Order/inputStyleLookup1"), addOnStyle2): Text '3703' is set on object 'Object Repository/Page_cabi Create Order/inputStyleLookup1'

2019-10-10 15:44:57 - [MESSAGE][PASSED] - Text '3703' is set on object 'Object Repository/Page_cabi Create Order/inputStyleLookup1'

2019-10-10 15:44:57 - [TEST_STEP][PASSED] - delay(3): Delayed 3 second(s)

2019-10-10 15:45:00 - [MESSAGE][PASSED] - Delayed 3 second(s)

2019-10-10 15:45:00 - [TEST_STEP][PASSED] - prod_message2 = getText(findTestObject("Page_cabi Create Order/first_option")): Text of object 'Object Repository/Page_cabi Create Order/first_option' is: '3703 Turn Back Cardigan'

2019-10-10 15:45:00 - [MESSAGE][PASSED] - Text of object 'Object Repository/Page_cabi Create Order/first_option' is: '3703 Turn Back Cardigan'

2019-10-10 15:45:00 - [TEST_STEP][PASSED] - click(findTestObject("Page_cabi Create Order/first_option")): Object: 'Object Repository/Page_cabi Create Order/first_option' is clicked on

2019-10-10 15:45:01 - [MESSAGE][PASSED] - Object: 'Object Repository/Page_cabi Create Order/first_option' is clicked on

2019-10-10 15:45:01 - [TEST_STEP][PASSED] - delay(5): Delayed 5 second(s)

2019-10-10 15:45:06 - [MESSAGE][PASSED] - Delayed 5 second(s)

2019-10-10 15:45:06 - [TEST_STEP][PASSED] - click(findTestObject("Object Repository/Page_cabi Order Items/selectSize2")): Object: 'Object Repository/Page_cabi Order Items/selectSize2' is clicked on

2019-10-10 15:45:06 - [MESSAGE][PASSED] - Object: 'Object Repository/Page_cabi Order Items/selectSize2' is clicked on

2019-10-10 15:45:06 - [TEST_STEP][PASSED] - delay(3): Delayed 3 second(s)

2019-10-10 15:45:09 - [MESSAGE][PASSED] - Delayed 3 second(s)

2019-10-10 15:45:09 - [TEST_STEP][PASSED] - click(findTestObject("Object Repository/Page_cabi Order Items/addToCart2")): Object: 'Object Repository/Page_cabi Order Items/addToCart2' is clicked on

2019-10-10 15:45:09 - [MESSAGE][PASSED] - Object: 'Object Repository/Page_cabi Order Items/addToCart2' is clicked on

2019-10-10 15:45:09 - [TEST_STEP][PASSED] - delay(5): Delayed 5 second(s)

2019-10-10 15:45:14 - [MESSAGE][PASSED] - Delayed 5 second(s)

2019-10-10 15:45:14 - [TEST_STEP][PASSED] - if (editScenarioNumber == 1): null

2019-10-10 15:45:14 - [TEST_STEP][PASSED] - else if (editScenarioNumber == 2): null

2019-10-10 15:45:14 - [TEST_STEP][PASSED] - else if (editScenarioNumber == 3): null

2019-10-10 15:45:14 - [TEST_STEP][PASSED] - else if (editScenarioNumber == 4): null

2019-10-10 15:45:14 - [TEST_STEP][PASSED] - else if (editScenarioNumber == 5): null

2019-10-10 15:45:14 - [TEST_STEP][PASSED] - click(findTestObject("Object Repository/Page_cabi Order Items/a_checkout")): Object: 'Object Repository/Page_cabi Order Items/a_checkout' is clicked on

2019-10-10 15:45:16 - [MESSAGE][PASSED] - Object: 'Object Repository/Page_cabi Order Items/a_checkout' is clicked on

2019-10-10 15:45:16 - [TEST_STEP][PASSED] - delay(3): Delayed 3 second(s)

2019-10-10 15:45:19 - [MESSAGE][PASSED] - Delayed 3 second(s)

2019-10-10 15:45:19 - [TEST_STEP][PASSED] - click(findTestObject("Page_cabi Personal Store/nextButtonShipping")): Object: 'Object Repository/Page_cabi Personal Store/nextButtonShipping' is clicked on

2019-10-10 15:45:19 - [MESSAGE][PASSED] - Object: 'Object Repository/Page_cabi Personal Store/nextButtonShipping' is clicked on

2019-10-10 15:45:19 - [TEST_STEP][PASSED] - delay(3): Delayed 3 second(s)

2019-10-10 15:45:22 - [MESSAGE][PASSED] - Delayed 3 second(s)

2019-10-10 15:45:22 - [TEST_STEP][PASSED] - click(findTestObject("Page_cabi Personal Store/makeFirstPayment")): Object: 'Object Repository/Page_cabi Personal Store/makeFirstPayment' is clicked on

2019-10-10 15:45:22 - [MESSAGE][PASSED] - Object: 'Object Repository/Page_cabi Personal Store/makeFirstPayment' is clicked on

2019-10-10 15:45:22 - [TEST_STEP][PASSED] - click(findTestObject("Object Repository/Page_cabi Personal Store/select_cash")): Object: 'Object Repository/Page_cabi Personal Store/select_cash' is clicked on

2019-10-10 15:45:22 - [MESSAGE][PASSED] - Object: 'Object Repository/Page_cabi Personal Store/select_cash' is clicked on

2019-10-10 15:45:22 - [TEST_STEP][PASSED] - click(findTestObject("Page_cabi Personal Store/submitPayment")): Object: 'Object Repository/Page_cabi Personal Store/submitPayment' is clicked on

2019-10-10 15:45:22 - [MESSAGE][PASSED] - Object: 'Object Repository/Page_cabi Personal Store/submitPayment' is clicked on

2019-10-10 15:45:22 - [TEST_STEP][PASSED] - click(findTestObject("Page_cabi Personal Store/submitOrderId")): Object: 'Object Repository/Page_cabi Personal Store/submitOrderId' is clicked on

2019-10-10 15:45:25 - [MESSAGE][PASSED] - Object: 'Object Repository/Page_cabi Personal Store/submitOrderId' is clicked on

2019-10-10 15:45:25 - [TEST_STEP][PASSED] - successMsg = "": null

2019-10-10 15:45:25 - [TEST_STEP][PASSED] - orderSuccess = false: null

2019-10-10 15:45:25 - [TEST_STEP][PASSED] - successMsgs = findWebElements(findTestObject("Object Repository/Page_cabi Personal Store/p_success_msg"), 5): null

2019-10-10 15:45:26 - [TEST_STEP][PASSED] - if (successMsgs.size() > 0): Text of object 'Object Repository/Page_cabi Personal Store/p_order_id' is: 'RT708358013'

2019-10-10 15:45:26 - [TEST_STEP][PASSED] - successMsg = getText(findTestObject("Object Repository/Page_cabi Personal Store/p_success_msg")): Text of object 'Object Repository/Page_cabi Personal Store/p_success_msg' is: 'Order Created Successfully!!
Order #:  RT708358013

CONTINUE SHOPPING'

2019-10-10 15:45:26 - [MESSAGE][PASSED] - Text of object 'Object Repository/Page_cabi Personal Store/p_success_msg' is: 'Order Created Successfully!!
Order #:  RT708358013

CONTINUE SHOPPING'

2019-10-10 15:45:26 - [TEST_STEP][PASSED] - orderSuccess = true: null

2019-10-10 15:45:26 - [TEST_STEP][PASSED] - retailOrderID = getText(findTestObject("Object Repository/Page_cabi Personal Store/p_order_id")): Text of object 'Object Repository/Page_cabi Personal Store/p_order_id' is: 'RT708358013'

2019-10-10 15:45:26 - [MESSAGE][PASSED] - Text of object 'Object Repository/Page_cabi Personal Store/p_order_id' is: 'RT708358013'

2019-10-10 15:45:26 - [TEST_STEP][PASSED] - assert orderSuccess == true: null

2019-10-10 15:45:26 - [TEST_STEP][NOT_RUN] - closeBrowser(): NOT_RUN: closeBrowser()

2019-10-10 15:45:26 - [MESSAGE][NOT_RUN] - NOT_RUN: closeBrowser()

2019-10-10 15:45:26 - [MESSAGE][PASSED] - Call Test Case 'Test Cases/EditOrder/retailOrderBO' successfully

2019-10-10 15:45:26 - [TEST_STEP][PASSED] - delay(10): Delayed 10 second(s)

2019-10-10 15:45:36 - [MESSAGE][PASSED] - Delayed 10 second(s)

2019-10-10 15:45:36 - [TEST_STEP][PASSED] - callTestCase(findTestCase("NewArrival/warehouseShipping"), ["orderId":retailOrderID], STOP_ON_FAILURE): Call Test Case 'Test Cases/NewArrival/warehouseShipping' successfully

2019-10-10 15:45:36 - [TEST_CASE][PASSED] - Test Cases/NewArrival/warehouseShipping: Test Cases/NewArrival/warehouseShipping

2019-10-10 15:45:37 - [TEST_STEP][PASSED] - println(orderId): null

2019-10-10 15:45:37 - [TEST_STEP][PASSED] - callTestCase(findTestCase("TestCaseUtilities/cabiWarehouseLogin"), ["CWURL":"", "CWuser":"", "CWpass":""], CONTINUE_ON_FAILURE): Call Test Case 'Test Cases/TestCaseUtilities/cabiWarehouseLogin' successfully

2019-10-10 15:45:37 - [TEST_CASE][PASSED] - Test Cases/TestCaseUtilities/cabiWarehouseLogin: Test Cases/TestCaseUtilities/cabiWarehouseLogin

2019-10-10 15:45:37 - [TEST_STEP][PASSED] - CWURL = findTestData("envtData").getValue("CWURL", 1): null

2019-10-10 15:45:37 - [TEST_STEP][PASSED] - CWuser = findTestData("credData").getValue("CWuser", 1): null

2019-10-10 15:45:37 - [TEST_STEP][PASSED] - CWpass = findTestData("credData").getValue("CWpass", 1): null

2019-10-10 15:45:37 - [TEST_STEP][PASSED] - openBrowser(""): Browser is opened with url: ''

2019-10-10 15:45:37 - [MESSAGE][WARNING] - A browser is already opened. Closing browser and opening a new one

2019-10-10 15:45:38 - [MESSAGE][INFO] - Starting 'Chrome' driver

2019-10-10 15:45:38 - [MESSAGE][INFO] - User set preference: ['args', '[--use-fake-ui-for-media-stream, --start-maximized]']

2019-10-10 15:45:40 - [MESSAGE][PASSED] - Browser is opened with url: ''

2019-10-10 15:45:40 - [TEST_STEP][PASSED] - navigateToUrl(CWURL): Navigate to 'https://test18.cliotest.com/warehouse/control/main' successfully

2019-10-10 15:45:47 - [MESSAGE][PASSED] - Navigate to 'https://test18.cliotest.com/warehouse/control/main' successfully

2019-10-10 15:45:47 - [TEST_STEP][PASSED] - logOut = findWebElements(findTestObject("Object Repository/Cabi warehouse/Page_cabi_home/log_out"), 1): Unable to find the element located by 'By.xpath: //li/a[contains(text(), 'Log Out »')]'. Please recheck the objects properties to make sure the desired element is located. 

2019-10-10 15:45:48 - [MESSAGE][INFO] - Unable to find the element located by 'By.xpath: //li/a[contains(text(), 'Log Out »')]'. Please recheck the objects properties to make sure the desired element is located. 

2019-10-10 15:45:48 - [TEST_STEP][PASSED] - if (logOut.size() == 0): Object: 'Object Repository/Cabi warehouse/Page_cabi/input_Password_section-btn btn-stl-pk rFloat' is clicked on

2019-10-10 15:45:48 - [TEST_STEP][PASSED] - setText(findTestObject("Object Repository/Cabi warehouse/Page_cabi/input_Username_USERNAME"), CWuser): Text 'rsuarez' is set on object 'Object Repository/Cabi warehouse/Page_cabi/input_Username_USERNAME'

2019-10-10 15:45:48 - [MESSAGE][PASSED] - Text 'rsuarez' is set on object 'Object Repository/Cabi warehouse/Page_cabi/input_Username_USERNAME'

2019-10-10 15:45:48 - [TEST_STEP][PASSED] - setText(findTestObject("Object Repository/Cabi warehouse/Page_cabi/input_Password_PASSWORD"), CWpass): Text 'blackdress19' is set on object 'Object Repository/Cabi warehouse/Page_cabi/input_Password_PASSWORD'

2019-10-10 15:45:48 - [MESSAGE][PASSED] - Text 'blackdress19' is set on object 'Object Repository/Cabi warehouse/Page_cabi/input_Password_PASSWORD'

2019-10-10 15:45:48 - [TEST_STEP][PASSED] - click(findTestObject("Object Repository/Cabi warehouse/Page_cabi/input_Password_section-btn btn-stl-pk rFloat")): Object: 'Object Repository/Cabi warehouse/Page_cabi/input_Password_section-btn btn-stl-pk rFloat' is clicked on

2019-10-10 15:45:52 - [MESSAGE][PASSED] - Object: 'Object Repository/Cabi warehouse/Page_cabi/input_Password_section-btn btn-stl-pk rFloat' is clicked on

2019-10-10 15:45:52 - [TEST_STEP][PASSED] - delay(3): Delayed 3 second(s)

2019-10-10 15:45:55 - [MESSAGE][PASSED] - Delayed 3 second(s)

2019-10-10 15:45:55 - [MESSAGE][PASSED] - Call Test Case 'Test Cases/TestCaseUtilities/cabiWarehouseLogin' successfully

2019-10-10 15:45:55 - [TEST_STEP][PASSED] - click(findTestObject("Page_cabi Manage PickLists/a_Create PickLists")): Object: 'Object Repository/Page_cabi Manage PickLists/a_Create PickLists' is clicked on

2019-10-10 15:45:56 - [MESSAGE][PASSED] - Object: 'Object Repository/Page_cabi Manage PickLists/a_Create PickLists' is clicked on

2019-10-10 15:45:56 - [TEST_STEP][PASSED] - delay(2): Delayed 2 second(s)

2019-10-10 15:45:58 - [MESSAGE][PASSED] - Delayed 2 second(s)

2019-10-10 15:45:58 - [TEST_STEP][PASSED] - click(findTestObject("Object Repository/findOrders/Page_cabi Find Orders/Page_cabi SampleLine Shipment Screen/a_Single Order")): Object: 'Object Repository/findOrders/Page_cabi Find Orders/Page_cabi SampleLine Shipment Screen/a_Single Order' is clicked on

2019-10-10 15:45:59 - [MESSAGE][PASSED] - Object: 'Object Repository/findOrders/Page_cabi Find Orders/Page_cabi SampleLine Shipment Screen/a_Single Order' is clicked on

2019-10-10 15:45:59 - [TEST_STEP][PASSED] - setText(findTestObject("Page_cabi Create Single Order PickList/input_Order Id_orderId"), orderId): Text 'RT708358013' is set on object 'Object Repository/Page_cabi Create Single Order PickList/input_Order Id_orderId'

2019-10-10 15:45:59 - [MESSAGE][PASSED] - Text 'RT708358013' is set on object 'Object Repository/Page_cabi Create Single Order PickList/input_Order Id_orderId'

2019-10-10 15:45:59 - [TEST_STEP][PASSED] - click(findTestObject("Page_cabi Create Single Order PickList/input_Create even if fully backordered_submitButton")): Object: 'Object Repository/Page_cabi Create Single Order PickList/input_Create even if fully backordered_submitButton' is clicked on

2019-10-10 15:46:00 - [MESSAGE][PASSED] - Object: 'Object Repository/Page_cabi Create Single Order PickList/input_Create even if fully backordered_submitButton' is clicked on

2019-10-10 15:46:00 - [TEST_STEP][PASSED] - delay(2): Delayed 2 second(s)

2019-10-10 15:46:02 - [MESSAGE][PASSED] - Delayed 2 second(s)

2019-10-10 15:46:02 - [TEST_STEP][PASSED] - pickListCreated = findWebElements(findTestObject("Cabi warehouse/picklistCreatedMessage"), 5): null

2019-10-10 15:46:02 - [TEST_STEP][PASSED] - if (pickListCreated.size() == 0): null

2019-10-10 15:46:02 - [TEST_STEP][PASSED] - picklistCreatedMessage = UtilityMethods.concat("Picklist for order: [", orderId, "] has been created successfully."): null

2019-10-10 15:46:02 - [TEST_STEP][PASSED] - verifyElementText(findTestObject("Cabi warehouse/picklistCreatedMessage"), picklistCreatedMessage): Actual text and expected text of test object 'Object Repository/Cabi warehouse/picklistCreatedMessage' are matched.

2019-10-10 15:46:02 - [MESSAGE][PASSED] - Actual text and expected text of test object 'Object Repository/Cabi warehouse/picklistCreatedMessage' are matched.

2019-10-10 15:46:02 - [TEST_STEP][PASSED] - click(findTestObject("Page_cabi Create Single Order PickList/a_Manage PickLists")): Object: 'Object Repository/Page_cabi Create Single Order PickList/a_Manage PickLists' is clicked on

2019-10-10 15:46:04 - [MESSAGE][PASSED] - Object: 'Object Repository/Page_cabi Create Single Order PickList/a_Manage PickLists' is clicked on

2019-10-10 15:46:04 - [TEST_STEP][PASSED] - delay(2): Delayed 2 second(s)

2019-10-10 15:46:06 - [MESSAGE][PASSED] - Delayed 2 second(s)

2019-10-10 15:46:06 - [TEST_STEP][PASSED] - setText(findTestObject("Page_cabi Manage PickLists/input_Order _orderId"), orderId): Text 'RT708358013' is set on object 'Object Repository/Page_cabi Manage PickLists/input_Order _orderId'

2019-10-10 15:46:06 - [MESSAGE][PASSED] - Text 'RT708358013' is set on object 'Object Repository/Page_cabi Manage PickLists/input_Order _orderId'

2019-10-10 15:46:06 - [TEST_STEP][PASSED] - click(findTestObject("Page_cabi Manage PickLists/input")): Object: 'Object Repository/Page_cabi Manage PickLists/input' is clicked on

2019-10-10 15:46:07 - [MESSAGE][PASSED] - Object: 'Object Repository/Page_cabi Manage PickLists/input' is clicked on

2019-10-10 15:46:07 - [TEST_STEP][PASSED] - delay(3): Delayed 3 second(s)

2019-10-10 15:46:10 - [MESSAGE][PASSED] - Delayed 3 second(s)

2019-10-10 15:46:10 - [TEST_STEP][PASSED] - click(findTestObject("Page_cabi Manage PickLists/td_104238610")): Object: 'Object Repository/Page_cabi Manage PickLists/td_104238610' is clicked on

2019-10-10 15:46:10 - [MESSAGE][PASSED] - Object: 'Object Repository/Page_cabi Manage PickLists/td_104238610' is clicked on

2019-10-10 15:46:10 - [TEST_STEP][PASSED] - delay(2): Delayed 2 second(s)

2019-10-10 15:46:12 - [MESSAGE][PASSED] - Delayed 2 second(s)

2019-10-10 15:46:12 - [TEST_STEP][PASSED] - picklistId = getText(findTestObject("Page_cabi Manage PickLists/td_104238610")): Text of object 'Object Repository/Page_cabi Manage PickLists/td_104238610' is: '104443515'

2019-10-10 15:46:12 - [MESSAGE][PASSED] - Text of object 'Object Repository/Page_cabi Manage PickLists/td_104238610' is: '104443515'

2019-10-10 15:46:12 - [TEST_STEP][PASSED] - click(findTestObject("Page_cabi Manage PickLists/a_Packing")): Object: 'Object Repository/Page_cabi Manage PickLists/a_Packing' is clicked on

2019-10-10 15:46:13 - [MESSAGE][PASSED] - Object: 'Object Repository/Page_cabi Manage PickLists/a_Packing' is clicked on

2019-10-10 15:46:13 - [TEST_STEP][PASSED] - setText(findTestObject("Page_cabi Pack Init/input_Pack Station_packStationId"), "30"): Text '30' is set on object 'Object Repository/Page_cabi Pack Init/input_Pack Station_packStationId'

2019-10-10 15:46:13 - [MESSAGE][PASSED] - Text '30' is set on object 'Object Repository/Page_cabi Pack Init/input_Pack Station_packStationId'

2019-10-10 15:46:13 - [TEST_STEP][PASSED] - click(findTestObject("Page_cabi Pack Init/input_Pack Station_submitButton")): Object: 'Object Repository/Page_cabi Pack Init/input_Pack Station_submitButton' is clicked on

2019-10-10 15:46:14 - [MESSAGE][PASSED] - Object: 'Object Repository/Page_cabi Pack Init/input_Pack Station_submitButton' is clicked on

2019-10-10 15:46:14 - [TEST_STEP][PASSED] - delay(2): Delayed 2 second(s)

2019-10-10 15:46:16 - [MESSAGE][PASSED] - Delayed 2 second(s)

2019-10-10 15:46:16 - [TEST_STEP][PASSED] - setText(findTestObject("Page_cabi Pack Init/input_Picklist ID_pickId"), picklistId): Text '104443515' is set on object 'Object Repository/Page_cabi Pack Init/input_Picklist ID_pickId'

2019-10-10 15:46:16 - [MESSAGE][PASSED] - Text '104443515' is set on object 'Object Repository/Page_cabi Pack Init/input_Picklist ID_pickId'

2019-10-10 15:46:16 - [TEST_STEP][PASSED] - click(findTestObject("Page_cabi Pack Init/input_Picklist ID_submitButton")): Object: 'Object Repository/Page_cabi Pack Init/input_Picklist ID_submitButton' is clicked on

2019-10-10 15:46:17 - [MESSAGE][PASSED] - Object: 'Object Repository/Page_cabi Pack Init/input_Picklist ID_submitButton' is clicked on

2019-10-10 15:46:17 - [TEST_STEP][PASSED] - delay(2): Delayed 2 second(s)

2019-10-10 15:46:19 - [MESSAGE][PASSED] - Delayed 2 second(s)

2019-10-10 15:46:19 - [TEST_STEP][PASSED] - click(findTestObject("Page_cabi General Pack/input_Cream Of Wheat_button addItemForVerification")): Object: 'Object Repository/Page_cabi General Pack/input_Cream Of Wheat_button addItemForVerification' is clicked on

2019-10-10 15:46:19 - [MESSAGE][PASSED] - Object: 'Object Repository/Page_cabi General Pack/input_Cream Of Wheat_button addItemForVerification' is clicked on

2019-10-10 15:46:19 - [TEST_STEP][PASSED] - delay(2): Delayed 2 second(s)

2019-10-10 15:46:21 - [MESSAGE][PASSED] - Delayed 2 second(s)

2019-10-10 15:46:21 - [TEST_STEP][PASSED] - click(findTestObject("Page_cabi General Pack/input_Pack Station  30_shipConfirmBtn")): Object: 'Object Repository/Page_cabi General Pack/input_Pack Station  30_shipConfirmBtn' is clicked on

2019-10-10 15:46:25 - [MESSAGE][PASSED] - Object: 'Object Repository/Page_cabi General Pack/input_Pack Station  30_shipConfirmBtn' is clicked on

2019-10-10 15:46:25 - [TEST_STEP][PASSED] - delay(3): Delayed 3 second(s)

2019-10-10 15:46:28 - [MESSAGE][PASSED] - Delayed 3 second(s)

2019-10-10 15:46:28 - [TEST_STEP][PASSED] - itemsNotpacked = findWebElements(findTestObject("Cabi warehouse/itemsNotPacked"), 5): Unable to find the element located by 'By.xpath: //*[@id="content-messages"]/p[1]'. Please recheck the objects properties to make sure the desired element is located. 

2019-10-10 15:46:33 - [MESSAGE][INFO] - Unable to find the element located by 'By.xpath: //*[@id="content-messages"]/p[1]'. Please recheck the objects properties to make sure the desired element is located. 

2019-10-10 15:46:33 - [TEST_STEP][PASSED] - if (itemsNotpacked.size() > 0): null

2019-10-10 15:46:33 - [TEST_STEP][PASSED] - click(findTestObject("Cabi warehouse/warehouseLogout")): Object: 'Object Repository/Cabi warehouse/warehouseLogout' is clicked on

2019-10-10 15:46:36 - [MESSAGE][PASSED] - Object: 'Object Repository/Cabi warehouse/warehouseLogout' is clicked on

2019-10-10 15:46:36 - [MESSAGE][PASSED] - Call Test Case 'Test Cases/NewArrival/warehouseShipping' successfully

2019-10-10 15:46:36 - [TEST_STEP][PASSED] - callTestCase(findTestCase("TestCaseUtilities/setVHost"), [:], STOP_ON_FAILURE): Call Test Case 'Test Cases/TestCaseUtilities/setVHost' successfully

2019-10-10 15:46:36 - [TEST_CASE][PASSED] - Test Cases/TestCaseUtilities/setVHost: Test Cases/TestCaseUtilities/setVHost

2019-10-10 15:46:36 - [TEST_STEP][PASSED] - ofbizURL = findTestData("envtData").getValue("ofbizURL", 1): null

2019-10-10 15:46:36 - [TEST_STEP][PASSED] - ofbizUser = findTestData("credData").getValue("ofbizuser", 1): null

2019-10-10 15:46:36 - [TEST_STEP][PASSED] - ofbizPass = findTestData("credData").getValue("ofbizpass", 1): null

2019-10-10 15:46:37 - [TEST_STEP][PASSED] - vhostTarget = findTestData("envtData").getValue("vhostTarget", 1): null

2019-10-10 15:46:37 - [TEST_STEP][PASSED] - navigateToUrl(ofbizURL): Navigate to 'https://pushofbiz.cliotest.com/login.php' successfully

2019-10-10 15:46:39 - [MESSAGE][PASSED] - Navigate to 'https://pushofbiz.cliotest.com/login.php' successfully

2019-10-10 15:46:39 - [TEST_STEP][PASSED] - setText(findTestObject("Object Repository/virualShowRSVPOR/Page_/input_Username_username"), ofbizUser): Text 'automation' is set on object 'Object Repository/virualShowRSVPOR/Page_/input_Username_username'

2019-10-10 15:46:39 - [MESSAGE][PASSED] - Text 'automation' is set on object 'Object Repository/virualShowRSVPOR/Page_/input_Username_username'

2019-10-10 15:46:39 - [TEST_STEP][PASSED] - setText(findTestObject("Object Repository/virualShowRSVPOR/Page_/input_Password_password"), ofbizPass): Text 'cabiautomation' is set on object 'Object Repository/virualShowRSVPOR/Page_/input_Password_password'

2019-10-10 15:46:39 - [MESSAGE][PASSED] - Text 'cabiautomation' is set on object 'Object Repository/virualShowRSVPOR/Page_/input_Password_password'

2019-10-10 15:46:39 - [TEST_STEP][PASSED] - click(findTestObject("Object Repository/virualShowRSVPOR/Page_/input_Password_Submit")): Object: 'Object Repository/virualShowRSVPOR/Page_/input_Password_Submit' is clicked on

2019-10-10 15:46:43 - [MESSAGE][PASSED] - Object: 'Object Repository/virualShowRSVPOR/Page_/input_Password_Submit' is clicked on

2019-10-10 15:46:43 - [TEST_STEP][PASSED] - click(findTestObject("Object Repository/virualShowRSVPOR/Page_/a_Set Vhost")): Object: 'Object Repository/virualShowRSVPOR/Page_/a_Set Vhost' is clicked on

2019-10-10 15:46:43 - [MESSAGE][PASSED] - Object: 'Object Repository/virualShowRSVPOR/Page_/a_Set Vhost' is clicked on

2019-10-10 15:46:43 - [TEST_STEP][PASSED] - click(UtilityMethods.createTestObject("select_target", "//select[@name='Target']/option[contains(text(), '", vhostTarget, "')]")): Object: 'select_target' is clicked on

2019-10-10 15:46:43 - [MESSAGE][PASSED] - Object: 'select_target' is clicked on

2019-10-10 15:46:43 - [TEST_STEP][PASSED] - click(findTestObject("Object Repository/virualShowRSVPOR/Page_/input")): Object: 'Object Repository/virualShowRSVPOR/Page_/input' is clicked on

2019-10-10 15:46:47 - [MESSAGE][PASSED] - Object: 'Object Repository/virualShowRSVPOR/Page_/input' is clicked on

2019-10-10 15:46:47 - [MESSAGE][PASSED] - Call Test Case 'Test Cases/TestCaseUtilities/setVHost' successfully

2019-10-10 15:46:47 - [TEST_STEP][PASSED] - callTestCase(findTestCase("TestCaseUtilities/rsLogin"), ["RSURL":"", "RSuser":"", "RSpass":""], STOP_ON_FAILURE): Call Test Case 'Test Cases/TestCaseUtilities/rsLogin' successfully

2019-10-10 15:46:47 - [TEST_CASE][PASSED] - Test Cases/TestCaseUtilities/rsLogin: Test Cases/TestCaseUtilities/rsLogin

2019-10-10 15:46:47 - [TEST_STEP][PASSED] - dataFile = "micrositeData": null

2019-10-10 15:46:47 - [TEST_STEP][PASSED] - guest1Mail = findTestData(dataFile).getValue("guest1Mail", 1): null

2019-10-10 15:46:47 - [TEST_STEP][PASSED] - guest1Pass = findTestData(dataFile).getValue("guest1Pass", 1): null

2019-10-10 15:46:47 - [TEST_STEP][PASSED] - RSTestEnvt = findTestData("envtData").getValue("RSTestEnvt", 1): null

2019-10-10 15:46:47 - [TEST_STEP][PASSED] - callTestCase(findTestCase("TestCaseUtilities/setVHost"), [:], STOP_ON_FAILURE): Call Test Case 'Test Cases/TestCaseUtilities/setVHost' successfully

2019-10-10 15:46:47 - [TEST_CASE][PASSED] - Test Cases/TestCaseUtilities/setVHost: Test Cases/TestCaseUtilities/setVHost

2019-10-10 15:46:47 - [TEST_STEP][PASSED] - ofbizURL = findTestData("envtData").getValue("ofbizURL", 1): null

2019-10-10 15:46:47 - [TEST_STEP][PASSED] - ofbizUser = findTestData("credData").getValue("ofbizuser", 1): null

2019-10-10 15:46:47 - [TEST_STEP][PASSED] - ofbizPass = findTestData("credData").getValue("ofbizpass", 1): null

2019-10-10 15:46:47 - [TEST_STEP][PASSED] - vhostTarget = findTestData("envtData").getValue("vhostTarget", 1): null

2019-10-10 15:46:47 - [TEST_STEP][PASSED] - navigateToUrl(ofbizURL): Navigate to 'https://pushofbiz.cliotest.com/login.php' successfully

2019-10-10 15:46:48 - [MESSAGE][PASSED] - Navigate to 'https://pushofbiz.cliotest.com/login.php' successfully

2019-10-10 15:46:48 - [TEST_STEP][PASSED] - setText(findTestObject("Object Repository/virualShowRSVPOR/Page_/input_Username_username"), ofbizUser): Text 'automation' is set on object 'Object Repository/virualShowRSVPOR/Page_/input_Username_username'

2019-10-10 15:46:48 - [MESSAGE][PASSED] - Text 'automation' is set on object 'Object Repository/virualShowRSVPOR/Page_/input_Username_username'

2019-10-10 15:46:48 - [TEST_STEP][PASSED] - setText(findTestObject("Object Repository/virualShowRSVPOR/Page_/input_Password_password"), ofbizPass): Text 'cabiautomation' is set on object 'Object Repository/virualShowRSVPOR/Page_/input_Password_password'

2019-10-10 15:46:48 - [MESSAGE][PASSED] - Text 'cabiautomation' is set on object 'Object Repository/virualShowRSVPOR/Page_/input_Password_password'

2019-10-10 15:46:48 - [TEST_STEP][PASSED] - click(findTestObject("Object Repository/virualShowRSVPOR/Page_/input_Password_Submit")): Object: 'Object Repository/virualShowRSVPOR/Page_/input_Password_Submit' is clicked on

2019-10-10 15:46:51 - [MESSAGE][PASSED] - Object: 'Object Repository/virualShowRSVPOR/Page_/input_Password_Submit' is clicked on

2019-10-10 15:46:51 - [TEST_STEP][PASSED] - click(findTestObject("Object Repository/virualShowRSVPOR/Page_/a_Set Vhost")): Object: 'Object Repository/virualShowRSVPOR/Page_/a_Set Vhost' is clicked on

2019-10-10 15:46:51 - [MESSAGE][PASSED] - Object: 'Object Repository/virualShowRSVPOR/Page_/a_Set Vhost' is clicked on

2019-10-10 15:46:51 - [TEST_STEP][PASSED] - click(UtilityMethods.createTestObject("select_target", "//select[@name='Target']/option[contains(text(), '", vhostTarget, "')]")): Object: 'select_target' is clicked on

2019-10-10 15:46:51 - [MESSAGE][PASSED] - Object: 'select_target' is clicked on

2019-10-10 15:46:51 - [TEST_STEP][PASSED] - click(findTestObject("Object Repository/virualShowRSVPOR/Page_/input")): Object: 'Object Repository/virualShowRSVPOR/Page_/input' is clicked on

2019-10-10 15:46:54 - [MESSAGE][PASSED] - Object: 'Object Repository/virualShowRSVPOR/Page_/input' is clicked on

2019-10-10 15:46:54 - [MESSAGE][PASSED] - Call Test Case 'Test Cases/TestCaseUtilities/setVHost' successfully

2019-10-10 15:46:54 - [TEST_STEP][PASSED] - loginURL = UtilityMethods.concat("https://mirandakate.", RSTestEnvt, ".com/?component=account.login-gateway"): null

2019-10-10 15:46:54 - [TEST_STEP][PASSED] - navigateToUrl(loginURL): Navigate to 'https://mirandakate.cabitest5.com/?component=account.login-gateway' successfully

2019-10-10 15:47:25 - [MESSAGE][PASSED] - Navigate to 'https://mirandakate.cabitest5.com/?component=account.login-gateway' successfully

2019-10-10 15:47:25 - [TEST_STEP][PASSED] - delay(3): Delayed 3 second(s)

2019-10-10 15:47:28 - [MESSAGE][PASSED] - Delayed 3 second(s)

2019-10-10 15:47:28 - [TEST_STEP][PASSED] - setText(findTestObject("Object Repository/virualShowRSVPOR/Page_Show microsite/input_Sign in  Create account_email"), guest1Mail): Text 'guest1-test@test.com' is set on object 'Object Repository/virualShowRSVPOR/Page_Show microsite/input_Sign in  Create account_email'

2019-10-10 15:47:29 - [MESSAGE][PASSED] - Text 'guest1-test@test.com' is set on object 'Object Repository/virualShowRSVPOR/Page_Show microsite/input_Sign in  Create account_email'

2019-10-10 15:47:29 - [TEST_STEP][PASSED] - click(findTestObject("Object Repository/virualShowRSVPOR/Page_Show microsite/button_Continue")): Object: 'Object Repository/virualShowRSVPOR/Page_Show microsite/button_Continue' is clicked on

2019-10-10 15:47:29 - [MESSAGE][PASSED] - Object: 'Object Repository/virualShowRSVPOR/Page_Show microsite/button_Continue' is clicked on

2019-10-10 15:47:29 - [TEST_STEP][PASSED] - setText(findTestObject("Object Repository/virualShowRSVPOR/Page_Show microsite/input_Welcome_password"), guest1Pass): Text 'blackdress19' is set on object 'Object Repository/virualShowRSVPOR/Page_Show microsite/input_Welcome_password'

2019-10-10 15:47:30 - [MESSAGE][PASSED] - Text 'blackdress19' is set on object 'Object Repository/virualShowRSVPOR/Page_Show microsite/input_Welcome_password'

2019-10-10 15:47:30 - [TEST_STEP][PASSED] - click(findTestObject("Object Repository/virualShowRSVPOR/Page_Show microsite/button_Continue_pass")): Object: 'Object Repository/virualShowRSVPOR/Page_Show microsite/button_Continue_pass' is clicked on

2019-10-10 15:47:30 - [MESSAGE][PASSED] - Object: 'Object Repository/virualShowRSVPOR/Page_Show microsite/button_Continue_pass' is clicked on

2019-10-10 15:47:30 - [TEST_STEP][PASSED] - delay(5): Delayed 5 second(s)

2019-10-10 15:47:35 - [MESSAGE][PASSED] - Delayed 5 second(s)

2019-10-10 15:47:35 - [TEST_STEP][PASSED] - if (verifyElementPresent(findTestObject("Object Repository/virualShowRSVPOR/Page_Show microsite/complete_my_profile_later"), 0)): Object: 'Object Repository/virualShowRSVPOR/Page_Show microsite/div_Ill complete my profile later' is clicked on

2019-10-10 15:47:35 - [MESSAGE][WARNING] - Timeout '0' is invalid. Using default page load timeout: '30'

2019-10-10 15:47:35 - [MESSAGE][PASSED] - Object 'Object Repository/virualShowRSVPOR/Page_Show microsite/complete_my_profile_later' is present

2019-10-10 15:47:35 - [TEST_STEP][PASSED] - click(findTestObject("Object Repository/virualShowRSVPOR/Page_Show microsite/div_Ill complete my profile later")): Object: 'Object Repository/virualShowRSVPOR/Page_Show microsite/div_Ill complete my profile later' is clicked on

2019-10-10 15:47:42 - [MESSAGE][PASSED] - Object: 'Object Repository/virualShowRSVPOR/Page_Show microsite/div_Ill complete my profile later' is clicked on

2019-10-10 15:47:42 - [MESSAGE][PASSED] - Call Test Case 'Test Cases/TestCaseUtilities/rsLogin' successfully

2019-10-10 15:47:42 - [TEST_STEP][PASSED] - callTestCase(findTestCase("EditOrder/rsOrderHistoryConfirm"), ["orderID":"", "editScenarioNumber":5], STOP_ON_FAILURE): Call Test Case 'Test Cases/EditOrder/rsOrderHistoryConfirm' successfully

2019-10-10 15:47:42 - [TEST_CASE][PASSED] - Test Cases/EditOrder/rsOrderHistoryConfirm: Test Cases/EditOrder/rsOrderHistoryConfirm

2019-10-10 15:47:42 - [TEST_STEP][PASSED] - driver = getWebDriver(): null

2019-10-10 15:47:42 - [TEST_STEP][PASSED] - executor = driver: null

2019-10-10 15:47:42 - [TEST_STEP][PASSED] - orderID = retailOrderID: null

2019-10-10 15:47:42 - [TEST_STEP][PASSED] - println(orderID): null

2019-10-10 15:47:42 - [TEST_STEP][PASSED] - xpath = UtilityMethods.concat("//span[contains(text(), '", orderID, "')]/parent::div/parent::div/div[@class='table-row-edit-order']//a"): null

2019-10-10 15:47:42 - [TEST_STEP][PASSED] - to = new com.kms.katalon.core.testobject.TestObject(a_link_dynamic): null

2019-10-10 15:47:42 - [TEST_STEP][PASSED] - to.addProperty("xpath", EQUALS, xpath): null

2019-10-10 15:47:42 - [TEST_STEP][PASSED] - click(findTestObject("ReplicatedSite/rs_Page_Trendy/i_Michigan_fa fa-caret-down")): Object: 'Object Repository/ReplicatedSite/rs_Page_Trendy/i_Michigan_fa fa-caret-down' is clicked on

2019-10-10 15:47:42 - [MESSAGE][PASSED] - Object: 'Object Repository/ReplicatedSite/rs_Page_Trendy/i_Michigan_fa fa-caret-down' is clicked on

2019-10-10 15:47:42 - [TEST_STEP][PASSED] - click(findTestObject("ReplicatedSite/rs_Page_Trendy/a_My Profile")): Object: 'Object Repository/ReplicatedSite/rs_Page_Trendy/a_My Profile' is clicked on

2019-10-10 15:47:46 - [MESSAGE][PASSED] - Object: 'Object Repository/ReplicatedSite/rs_Page_Trendy/a_My Profile' is clicked on

2019-10-10 15:47:46 - [TEST_STEP][PASSED] - click(findTestObject("Object Repository/ReplicatedSite/Page_Profile - Cabi Fall 2018 Collection/span_Order History")): Object: 'Object Repository/ReplicatedSite/Page_Profile - Cabi Fall 2018 Collection/span_Order History' is clicked on

2019-10-10 15:47:46 - [MESSAGE][PASSED] - Object: 'Object Repository/ReplicatedSite/Page_Profile - Cabi Fall 2018 Collection/span_Order History' is clicked on

2019-10-10 15:47:46 - [TEST_STEP][PASSED] - delay(5): Delayed 5 second(s)

2019-10-10 15:47:51 - [MESSAGE][PASSED] - Delayed 5 second(s)

2019-10-10 15:47:51 - [TEST_STEP][PASSED] - editButton = findWebElements(to, 1): null

2019-10-10 15:47:51 - [TEST_STEP][PASSED] - assert editButton.size() > 0: null

2019-10-10 15:47:51 - [TEST_STEP][PASSED] - if (editButton.size() > 0): null

2019-10-10 15:47:51 - [TEST_STEP][PASSED] - click(to): Object: 'a_link_dynamic' is clicked on

2019-10-10 15:47:51 - [MESSAGE][PASSED] - Object: 'a_link_dynamic' is clicked on

2019-10-10 15:47:51 - [TEST_STEP][PASSED] - delay(10): Delayed 10 second(s)

2019-10-10 15:48:01 - [MESSAGE][PASSED] - Delayed 10 second(s)

2019-10-10 15:48:01 - [TEST_STEP][PASSED] - if (editScenarioNumber == 1): null

2019-10-10 15:48:01 - [TEST_STEP][PASSED] - else if (editScenarioNumber == 3): null

2019-10-10 15:48:01 - [TEST_STEP][PASSED] - else if (editScenarioNumber == 4): null

2019-10-10 15:48:01 - [TEST_STEP][PASSED] - else if (editScenarioNumber == 5): null

2019-10-10 15:48:01 - [TEST_STEP][PASSED] - println("scen = 5"): null

2019-10-10 15:48:01 - [TEST_STEP][PASSED] - delay(5): Delayed 5 second(s)

2019-10-10 15:48:06 - [MESSAGE][PASSED] - Delayed 5 second(s)

2019-10-10 15:48:06 - [TEST_STEP][PASSED] - expectedMessage = "Item Shipped": null

2019-10-10 15:48:06 - [TEST_STEP][PASSED] - actualMessage = getText(findTestObject("Object Repository/ReplicatedSite/itemShipped")): Text of object 'Object Repository/ReplicatedSite/itemShipped' is: 'Item Shipped'

2019-10-10 15:48:06 - [MESSAGE][PASSED] - Text of object 'Object Repository/ReplicatedSite/itemShipped' is: 'Item Shipped'

2019-10-10 15:48:06 - [TEST_STEP][PASSED] - assert actualMessage.equalsIgnoreCase(expectedMessage): null

2019-10-10 15:48:06 - [TEST_STEP][PASSED] - itemRemove = findWebElements(findTestObject("Object Repository/ReplicatedSite/itemRemove"), 5): Unable to find the element located by 'By.xpath: //span[contains(text(), 'Item #5447')]/parent::div/parent::div/div[@class='shop-td options']/p/a[contains(text(), ' Remove')]'. Please recheck the objects properties to make sure the desired element is located. 

2019-10-10 15:48:12 - [MESSAGE][INFO] - Unable to find the element located by 'By.xpath: //span[contains(text(), 'Item #5447')]/parent::div/parent::div/div[@class='shop-td options']/p/a[contains(text(), ' Remove')]'. Please recheck the objects properties to make sure the desired element is located. 

2019-10-10 15:48:12 - [TEST_STEP][PASSED] - assert itemRemove.size() == 0: null

2019-10-10 15:48:12 - [MESSAGE][PASSED] - Call Test Case 'Test Cases/EditOrder/rsOrderHistoryConfirm' successfully]]></system-out>
         <system-err><![CDATA[]]></system-err>
      </testcase>
      <testcase name="Test Cases/EditOrder-V/rsEditOrderRS" classname="Test Cases/EditOrder-V/rsEditOrderRS" status="PASSED">
         <system-out><![CDATA[2019-10-10 15:48:12 - [TEST_CASE][PASSED] - Test Cases/EditOrder-V/rsEditOrderRS: Test Cases/EditOrder-V/rsEditOrderRS

2019-10-10 15:48:12 - [TEST_STEP][PASSED] - Start listener action : sampleBeforeTestCase: null

2019-10-10 15:48:12 - [TEST_STEP][PASSED] - println(testCaseContext.getTestCaseId()): null

2019-10-10 15:48:12 - [TEST_STEP][PASSED] - println(testCaseContext.getTestCaseVariables()): null

2019-10-10 15:48:12 - [TEST_STEP][PASSED] - openBrowser(""): Browser is opened with url: ''

2019-10-10 15:48:12 - [MESSAGE][WARNING] - A browser is already opened. Closing browser and opening a new one

2019-10-10 15:48:12 - [MESSAGE][INFO] - Starting 'Chrome' driver

2019-10-10 15:48:12 - [MESSAGE][INFO] - User set preference: ['args', '[--use-fake-ui-for-media-stream, --start-maximized]']

2019-10-10 15:48:15 - [MESSAGE][PASSED] - Browser is opened with url: ''

2019-10-10 15:48:15 - [TEST_STEP][PASSED] - callTestCase(findTestCase("TestCaseUtilities/setVHost"), [:], STOP_ON_FAILURE): Call Test Case 'Test Cases/TestCaseUtilities/setVHost' successfully

2019-10-10 15:48:15 - [TEST_CASE][PASSED] - Test Cases/TestCaseUtilities/setVHost: Test Cases/TestCaseUtilities/setVHost

2019-10-10 15:48:15 - [TEST_STEP][PASSED] - ofbizURL = findTestData("envtData").getValue("ofbizURL", 1): null

2019-10-10 15:48:15 - [TEST_STEP][PASSED] - ofbizUser = findTestData("credData").getValue("ofbizuser", 1): null

2019-10-10 15:48:15 - [TEST_STEP][PASSED] - ofbizPass = findTestData("credData").getValue("ofbizpass", 1): null

2019-10-10 15:48:15 - [TEST_STEP][PASSED] - vhostTarget = findTestData("envtData").getValue("vhostTarget", 1): null

2019-10-10 15:48:15 - [TEST_STEP][PASSED] - navigateToUrl(ofbizURL): Navigate to 'https://pushofbiz.cliotest.com/login.php' successfully

2019-10-10 15:48:17 - [MESSAGE][PASSED] - Navigate to 'https://pushofbiz.cliotest.com/login.php' successfully

2019-10-10 15:48:17 - [TEST_STEP][PASSED] - setText(findTestObject("Object Repository/virualShowRSVPOR/Page_/input_Username_username"), ofbizUser): Text 'automation' is set on object 'Object Repository/virualShowRSVPOR/Page_/input_Username_username'

2019-10-10 15:48:17 - [MESSAGE][PASSED] - Text 'automation' is set on object 'Object Repository/virualShowRSVPOR/Page_/input_Username_username'

2019-10-10 15:48:17 - [TEST_STEP][PASSED] - setText(findTestObject("Object Repository/virualShowRSVPOR/Page_/input_Password_password"), ofbizPass): Text 'cabiautomation' is set on object 'Object Repository/virualShowRSVPOR/Page_/input_Password_password'

2019-10-10 15:48:17 - [MESSAGE][PASSED] - Text 'cabiautomation' is set on object 'Object Repository/virualShowRSVPOR/Page_/input_Password_password'

2019-10-10 15:48:17 - [TEST_STEP][PASSED] - click(findTestObject("Object Repository/virualShowRSVPOR/Page_/input_Password_Submit")): Object: 'Object Repository/virualShowRSVPOR/Page_/input_Password_Submit' is clicked on

2019-10-10 15:48:21 - [MESSAGE][PASSED] - Object: 'Object Repository/virualShowRSVPOR/Page_/input_Password_Submit' is clicked on

2019-10-10 15:48:21 - [TEST_STEP][PASSED] - click(findTestObject("Object Repository/virualShowRSVPOR/Page_/a_Set Vhost")): Object: 'Object Repository/virualShowRSVPOR/Page_/a_Set Vhost' is clicked on

2019-10-10 15:48:22 - [MESSAGE][PASSED] - Object: 'Object Repository/virualShowRSVPOR/Page_/a_Set Vhost' is clicked on

2019-10-10 15:48:22 - [TEST_STEP][PASSED] - click(UtilityMethods.createTestObject("select_target", "//select[@name='Target']/option[contains(text(), '", vhostTarget, "')]")): Object: 'select_target' is clicked on

2019-10-10 15:48:22 - [MESSAGE][PASSED] - Object: 'select_target' is clicked on

2019-10-10 15:48:22 - [TEST_STEP][PASSED] - click(findTestObject("Object Repository/virualShowRSVPOR/Page_/input")): Object: 'Object Repository/virualShowRSVPOR/Page_/input' is clicked on

2019-10-10 15:48:24 - [MESSAGE][PASSED] - Object: 'Object Repository/virualShowRSVPOR/Page_/input' is clicked on

2019-10-10 15:48:24 - [MESSAGE][PASSED] - Call Test Case 'Test Cases/TestCaseUtilities/setVHost' successfully

2019-10-10 15:48:24 - [TEST_STEP][PASSED] - callTestCase(findTestCase("EditOrder/retailOrderRS"), ["addOnStyle":""], STOP_ON_FAILURE): Call Test Case 'Test Cases/EditOrder/retailOrderRS' successfully

2019-10-10 15:48:24 - [TEST_CASE][PASSED] - Test Cases/EditOrder/retailOrderRS: Test Cases/EditOrder/retailOrderRS

2019-10-10 15:48:24 - [TEST_STEP][PASSED] - openBrowser(""): Browser is opened with url: ''

2019-10-10 15:48:24 - [MESSAGE][WARNING] - A browser is already opened. Closing browser and opening a new one

2019-10-10 15:48:25 - [MESSAGE][INFO] - Starting 'Chrome' driver

2019-10-10 15:48:25 - [MESSAGE][INFO] - User set preference: ['args', '[--use-fake-ui-for-media-stream, --start-maximized]']

2019-10-10 15:48:27 - [MESSAGE][PASSED] - Browser is opened with url: ''

2019-10-10 15:48:27 - [TEST_STEP][PASSED] - driver = getWebDriver(): null

2019-10-10 15:48:27 - [TEST_STEP][PASSED] - executor = driver: null

2019-10-10 15:48:27 - [TEST_STEP][PASSED] - actions = new org.openqa.selenium.interactions.Actions(driver): null

2019-10-10 15:48:27 - [TEST_STEP][PASSED] - RSTestEnvt = findTestData("envtData").getValue("RSTestEnvt", 1): null

2019-10-10 15:48:27 - [TEST_STEP][PASSED] - delay(10): Delayed 10 second(s)

2019-10-10 15:48:37 - [MESSAGE][PASSED] - Delayed 10 second(s)

2019-10-10 15:48:37 - [TEST_STEP][PASSED] - callTestCase(findTestCase("TestCaseUtilities/rsLogin"), ["RSURL":"", "RSuser":"", "RSpass":""], STOP_ON_FAILURE): Call Test Case 'Test Cases/TestCaseUtilities/rsLogin' successfully

2019-10-10 15:48:37 - [TEST_CASE][PASSED] - Test Cases/TestCaseUtilities/rsLogin: Test Cases/TestCaseUtilities/rsLogin

2019-10-10 15:48:37 - [TEST_STEP][PASSED] - dataFile = "micrositeData": null

2019-10-10 15:48:37 - [TEST_STEP][PASSED] - guest1Mail = findTestData(dataFile).getValue("guest1Mail", 1): null

2019-10-10 15:48:37 - [TEST_STEP][PASSED] - guest1Pass = findTestData(dataFile).getValue("guest1Pass", 1): null

2019-10-10 15:48:37 - [TEST_STEP][PASSED] - RSTestEnvt = findTestData("envtData").getValue("RSTestEnvt", 1): null

2019-10-10 15:48:37 - [TEST_STEP][PASSED] - callTestCase(findTestCase("TestCaseUtilities/setVHost"), [:], STOP_ON_FAILURE): Call Test Case 'Test Cases/TestCaseUtilities/setVHost' successfully

2019-10-10 15:48:37 - [TEST_CASE][PASSED] - Test Cases/TestCaseUtilities/setVHost: Test Cases/TestCaseUtilities/setVHost

2019-10-10 15:48:38 - [TEST_STEP][PASSED] - ofbizURL = findTestData("envtData").getValue("ofbizURL", 1): null

2019-10-10 15:48:38 - [TEST_STEP][PASSED] - ofbizUser = findTestData("credData").getValue("ofbizuser", 1): null

2019-10-10 15:48:38 - [TEST_STEP][PASSED] - ofbizPass = findTestData("credData").getValue("ofbizpass", 1): null

2019-10-10 15:48:38 - [TEST_STEP][PASSED] - vhostTarget = findTestData("envtData").getValue("vhostTarget", 1): null

2019-10-10 15:48:38 - [TEST_STEP][PASSED] - navigateToUrl(ofbizURL): Navigate to 'https://pushofbiz.cliotest.com/login.php' successfully

2019-10-10 15:48:40 - [MESSAGE][PASSED] - Navigate to 'https://pushofbiz.cliotest.com/login.php' successfully

2019-10-10 15:48:40 - [TEST_STEP][PASSED] - setText(findTestObject("Object Repository/virualShowRSVPOR/Page_/input_Username_username"), ofbizUser): Text 'automation' is set on object 'Object Repository/virualShowRSVPOR/Page_/input_Username_username'

2019-10-10 15:48:40 - [MESSAGE][PASSED] - Text 'automation' is set on object 'Object Repository/virualShowRSVPOR/Page_/input_Username_username'

2019-10-10 15:48:40 - [TEST_STEP][PASSED] - setText(findTestObject("Object Repository/virualShowRSVPOR/Page_/input_Password_password"), ofbizPass): Text 'cabiautomation' is set on object 'Object Repository/virualShowRSVPOR/Page_/input_Password_password'

2019-10-10 15:48:40 - [MESSAGE][PASSED] - Text 'cabiautomation' is set on object 'Object Repository/virualShowRSVPOR/Page_/input_Password_password'

2019-10-10 15:48:40 - [TEST_STEP][PASSED] - click(findTestObject("Object Repository/virualShowRSVPOR/Page_/input_Password_Submit")): Object: 'Object Repository/virualShowRSVPOR/Page_/input_Password_Submit' is clicked on

2019-10-10 15:48:44 - [MESSAGE][PASSED] - Object: 'Object Repository/virualShowRSVPOR/Page_/input_Password_Submit' is clicked on

2019-10-10 15:48:44 - [TEST_STEP][PASSED] - click(findTestObject("Object Repository/virualShowRSVPOR/Page_/a_Set Vhost")): Object: 'Object Repository/virualShowRSVPOR/Page_/a_Set Vhost' is clicked on

2019-10-10 15:48:44 - [MESSAGE][PASSED] - Object: 'Object Repository/virualShowRSVPOR/Page_/a_Set Vhost' is clicked on

2019-10-10 15:48:44 - [TEST_STEP][PASSED] - click(UtilityMethods.createTestObject("select_target", "//select[@name='Target']/option[contains(text(), '", vhostTarget, "')]")): Object: 'select_target' is clicked on

2019-10-10 15:48:44 - [MESSAGE][PASSED] - Object: 'select_target' is clicked on

2019-10-10 15:48:44 - [TEST_STEP][PASSED] - click(findTestObject("Object Repository/virualShowRSVPOR/Page_/input")): Object: 'Object Repository/virualShowRSVPOR/Page_/input' is clicked on

2019-10-10 15:48:46 - [MESSAGE][PASSED] - Object: 'Object Repository/virualShowRSVPOR/Page_/input' is clicked on

2019-10-10 15:48:46 - [MESSAGE][PASSED] - Call Test Case 'Test Cases/TestCaseUtilities/setVHost' successfully

2019-10-10 15:48:46 - [TEST_STEP][PASSED] - loginURL = UtilityMethods.concat("https://mirandakate.", RSTestEnvt, ".com/?component=account.login-gateway"): null

2019-10-10 15:48:46 - [TEST_STEP][PASSED] - navigateToUrl(loginURL): Navigate to 'https://mirandakate.cabitest5.com/?component=account.login-gateway' successfully

2019-10-10 15:49:24 - [MESSAGE][PASSED] - Navigate to 'https://mirandakate.cabitest5.com/?component=account.login-gateway' successfully

2019-10-10 15:49:24 - [TEST_STEP][PASSED] - delay(3): Delayed 3 second(s)

2019-10-10 15:49:27 - [MESSAGE][PASSED] - Delayed 3 second(s)

2019-10-10 15:49:27 - [TEST_STEP][PASSED] - setText(findTestObject("Object Repository/virualShowRSVPOR/Page_Show microsite/input_Sign in  Create account_email"), guest1Mail): Text 'guest1-test@test.com' is set on object 'Object Repository/virualShowRSVPOR/Page_Show microsite/input_Sign in  Create account_email'

2019-10-10 15:49:27 - [MESSAGE][PASSED] - Text 'guest1-test@test.com' is set on object 'Object Repository/virualShowRSVPOR/Page_Show microsite/input_Sign in  Create account_email'

2019-10-10 15:49:27 - [TEST_STEP][PASSED] - click(findTestObject("Object Repository/virualShowRSVPOR/Page_Show microsite/button_Continue")): Object: 'Object Repository/virualShowRSVPOR/Page_Show microsite/button_Continue' is clicked on

2019-10-10 15:49:27 - [MESSAGE][PASSED] - Object: 'Object Repository/virualShowRSVPOR/Page_Show microsite/button_Continue' is clicked on

2019-10-10 15:49:27 - [TEST_STEP][PASSED] - setText(findTestObject("Object Repository/virualShowRSVPOR/Page_Show microsite/input_Welcome_password"), guest1Pass): Text 'blackdress19' is set on object 'Object Repository/virualShowRSVPOR/Page_Show microsite/input_Welcome_password'

2019-10-10 15:49:28 - [MESSAGE][PASSED] - Text 'blackdress19' is set on object 'Object Repository/virualShowRSVPOR/Page_Show microsite/input_Welcome_password'

2019-10-10 15:49:28 - [TEST_STEP][PASSED] - click(findTestObject("Object Repository/virualShowRSVPOR/Page_Show microsite/button_Continue_pass")): Object: 'Object Repository/virualShowRSVPOR/Page_Show microsite/button_Continue_pass' is clicked on

2019-10-10 15:49:28 - [MESSAGE][PASSED] - Object: 'Object Repository/virualShowRSVPOR/Page_Show microsite/button_Continue_pass' is clicked on

2019-10-10 15:49:28 - [TEST_STEP][PASSED] - delay(5): Delayed 5 second(s)

2019-10-10 15:49:33 - [MESSAGE][PASSED] - Delayed 5 second(s)

2019-10-10 15:49:33 - [TEST_STEP][PASSED] - if (verifyElementPresent(findTestObject("Object Repository/virualShowRSVPOR/Page_Show microsite/complete_my_profile_later"), 0)): Object: 'Object Repository/virualShowRSVPOR/Page_Show microsite/div_Ill complete my profile later' is clicked on

2019-10-10 15:49:33 - [MESSAGE][WARNING] - Timeout '0' is invalid. Using default page load timeout: '30'

2019-10-10 15:49:33 - [MESSAGE][PASSED] - Object 'Object Repository/virualShowRSVPOR/Page_Show microsite/complete_my_profile_later' is present

2019-10-10 15:49:33 - [TEST_STEP][PASSED] - click(findTestObject("Object Repository/virualShowRSVPOR/Page_Show microsite/div_Ill complete my profile later")): Object: 'Object Repository/virualShowRSVPOR/Page_Show microsite/div_Ill complete my profile later' is clicked on

2019-10-10 15:49:54 - [MESSAGE][PASSED] - Object: 'Object Repository/virualShowRSVPOR/Page_Show microsite/div_Ill complete my profile later' is clicked on

2019-10-10 15:49:54 - [MESSAGE][PASSED] - Call Test Case 'Test Cases/TestCaseUtilities/rsLogin' successfully

2019-10-10 15:49:54 - [TEST_STEP][PASSED] - loginURL = UtilityMethods.concat("https://mirandakate.", RSTestEnvt, ".com/account/#!/checkout"): null

2019-10-10 15:49:54 - [TEST_STEP][PASSED] - click(findTestObject("Object Repository/ReplicatedSite/a_shop")): Object: 'Object Repository/ReplicatedSite/a_shop' is clicked on

2019-10-10 15:50:17 - [MESSAGE][PASSED] - Object: 'Object Repository/ReplicatedSite/a_shop' is clicked on

2019-10-10 15:50:17 - [TEST_STEP][PASSED] - delay(3): Delayed 3 second(s)

2019-10-10 15:50:20 - [MESSAGE][PASSED] - Delayed 3 second(s)

2019-10-10 15:50:20 - [TEST_STEP][PASSED] - click(findTestObject("Object Repository/ReplicatedSite/div_first_item_to_buy_from_vs")): Object: 'Object Repository/ReplicatedSite/div_first_item_to_buy_from_vs' is clicked on

2019-10-10 15:50:55 - [MESSAGE][PASSED] - Object: 'Object Repository/ReplicatedSite/div_first_item_to_buy_from_vs' is clicked on

2019-10-10 15:50:55 - [TEST_STEP][PASSED] - delay(3): Delayed 3 second(s)

2019-10-10 15:50:58 - [MESSAGE][PASSED] - Delayed 3 second(s)

2019-10-10 15:50:58 - [TEST_STEP][PASSED] - noOfOptions = findWebElements(findTestObject("Object Repository/virualShowRSVPOR/Page_Show microsite/div_no_of_options_for_checkout"), 5): null

2019-10-10 15:50:58 - [TEST_STEP][PASSED] - for ([i = 1, i <= noOfOptions.size(), (i++)]): Delayed 3 second(s)

2019-10-10 15:50:58 - [TEST_STEP][PASSED] - dropDown = UtilityMethods.createTestObject("div_drop_down", "(//div[@class='add-to-cart-form']/div[@class='attribute ng-scope']/div[@class='input-select ng-scope']/select)[", String.valueOf(i), "]"): null

2019-10-10 15:50:58 - [TEST_STEP][PASSED] - click(dropDown): Object: 'div_drop_down' is clicked on

2019-10-10 15:50:58 - [MESSAGE][PASSED] - Object: 'div_drop_down' is clicked on

2019-10-10 15:50:58 - [TEST_STEP][PASSED] - selectLastOption = UtilityMethods.createTestObject("div_select_last_option", "(//div[@class='add-to-cart-form']/div[@class='attribute ng-scope']/div[@class='input-select ng-scope']/select)[", String.valueOf(i), "]/option[last()]"): null

2019-10-10 15:50:58 - [TEST_STEP][PASSED] - click(selectLastOption): Object: 'div_select_last_option' is clicked on

2019-10-10 15:50:58 - [MESSAGE][PASSED] - Object: 'div_select_last_option' is clicked on

2019-10-10 15:50:58 - [TEST_STEP][PASSED] - delay(3): Delayed 3 second(s)

2019-10-10 15:51:01 - [MESSAGE][PASSED] - Delayed 3 second(s)

2019-10-10 15:51:01 - [TEST_STEP][PASSED] - delay(3): Delayed 3 second(s)

2019-10-10 15:51:04 - [MESSAGE][PASSED] - Delayed 3 second(s)

2019-10-10 15:51:04 - [TEST_STEP][PASSED] - click(findTestObject("Object Repository/ReplicatedSite/button_add_item_to_bag")): Object: 'Object Repository/ReplicatedSite/button_add_item_to_bag' is clicked on

2019-10-10 15:51:04 - [MESSAGE][PASSED] - Object: 'Object Repository/ReplicatedSite/button_add_item_to_bag' is clicked on

2019-10-10 15:51:04 - [TEST_STEP][PASSED] - delay(3): Delayed 3 second(s)

2019-10-10 15:51:07 - [MESSAGE][PASSED] - Delayed 3 second(s)

2019-10-10 15:51:07 - [TEST_STEP][PASSED] - click(findTestObject("Object Repository/ReplicatedSite/a_cart_svg")): Object: 'Object Repository/ReplicatedSite/a_cart_svg' is clicked on

2019-10-10 15:51:11 - [MESSAGE][PASSED] - Object: 'Object Repository/ReplicatedSite/a_cart_svg' is clicked on

2019-10-10 15:51:11 - [TEST_STEP][PASSED] - delay(5): Delayed 5 second(s)

2019-10-10 15:51:16 - [MESSAGE][PASSED] - Delayed 5 second(s)

2019-10-10 15:51:16 - [TEST_STEP][PASSED] - click(findTestObject("Object Repository/ReplicatedSite/a_checkout")): Object: 'Object Repository/ReplicatedSite/a_checkout' is clicked on

2019-10-10 15:51:16 - [MESSAGE][PASSED] - Object: 'Object Repository/ReplicatedSite/a_checkout' is clicked on

2019-10-10 15:51:16 - [TEST_STEP][PASSED] - delay(10): Delayed 10 second(s)

2019-10-10 15:51:26 - [MESSAGE][PASSED] - Delayed 10 second(s)

2019-10-10 15:51:26 - [TEST_STEP][PASSED] - delay(10): Delayed 10 second(s)

2019-10-10 15:51:36 - [MESSAGE][PASSED] - Delayed 10 second(s)

2019-10-10 15:51:36 - [TEST_STEP][PASSED] - click(findTestObject("Object Repository/ReplicatedSite/input_other_address")): Object: 'Object Repository/ReplicatedSite/input_other_address' is clicked on

2019-10-10 15:51:36 - [MESSAGE][PASSED] - Object: 'Object Repository/ReplicatedSite/input_other_address' is clicked on

2019-10-10 15:51:36 - [TEST_STEP][PASSED] - click(findTestObject("Object Repository/ReplicatedSite/input_my_address_edit_order")): Object: 'Object Repository/ReplicatedSite/input_my_address_edit_order' is clicked on

2019-10-10 15:51:36 - [MESSAGE][PASSED] - Object: 'Object Repository/ReplicatedSite/input_my_address_edit_order' is clicked on

2019-10-10 15:51:36 - [TEST_STEP][PASSED] - waitForElementClickable(findTestObject("ReplicatedSite/button_save_and_continue"), 60): Object 'Object Repository/ReplicatedSite/button_save_and_continue' is clickable

2019-10-10 15:51:36 - [MESSAGE][PASSED] - Object 'Object Repository/ReplicatedSite/button_save_and_continue' is clickable

2019-10-10 15:51:36 - [TEST_STEP][PASSED] - driver = getWebDriver(): null

2019-10-10 15:51:36 - [TEST_STEP][PASSED] - element = driver.findElement(By.xpath("(//button/span[contains(text(), 'Save and Continue')])[1]")): null

2019-10-10 15:51:36 - [TEST_STEP][PASSED] - executor.executeScript("arguments[0].click();", element): null

2019-10-10 15:51:36 - [TEST_STEP][PASSED] - delay(3): Delayed 3 second(s)

2019-10-10 15:51:39 - [MESSAGE][PASSED] - Delayed 3 second(s)

2019-10-10 15:51:39 - [TEST_STEP][PASSED] - executor.executeScript("arguments[0].click();", findWebElement(findTestObject("Object Repository/ReplicatedSite/input_pay_with_credit"), 5)): null

2019-10-10 15:51:40 - [TEST_STEP][PASSED] - executor.executeScript("arguments[0].click();", findWebElement(findTestObject("Object Repository/ReplicatedSite/button_add_another_card"), 5)): null

2019-10-10 15:51:40 - [TEST_STEP][PASSED] - executor.executeScript("arguments[0].click();", findWebElement(findTestObject("Object Repository/ReplicatedSite/select_credit_card_type"), 5)): null

2019-10-10 15:51:40 - [TEST_STEP][PASSED] - click(findTestObject("Object Repository/ReplicatedSite/select_credit_card_type")): Object: 'Object Repository/ReplicatedSite/select_credit_card_type' is clicked on

2019-10-10 15:51:40 - [MESSAGE][PASSED] - Object: 'Object Repository/ReplicatedSite/select_credit_card_type' is clicked on

2019-10-10 15:51:40 - [TEST_STEP][PASSED] - executor.executeScript("arguments[0].click();", findWebElement(findTestObject("Object Repository/ReplicatedSite/input_creditcard_first_name"), 5)): null

2019-10-10 15:51:40 - [TEST_STEP][PASSED] - setText(findTestObject("Object Repository/ReplicatedSite/input_creditcard_first_name"), "abcd"): Text 'abcd' is set on object 'Object Repository/ReplicatedSite/input_creditcard_first_name'

2019-10-10 15:51:40 - [MESSAGE][PASSED] - Text 'abcd' is set on object 'Object Repository/ReplicatedSite/input_creditcard_first_name'

2019-10-10 15:51:40 - [TEST_STEP][PASSED] - executor.executeScript("arguments[0].click();", findWebElement(findTestObject("Object Repository/ReplicatedSite/input_creditcard_last_name"), 5)): null

2019-10-10 15:51:40 - [TEST_STEP][PASSED] - setText(findTestObject("Object Repository/ReplicatedSite/input_creditcard_last_name"), "efgh"): Text 'efgh' is set on object 'Object Repository/ReplicatedSite/input_creditcard_last_name'

2019-10-10 15:51:40 - [MESSAGE][PASSED] - Text 'efgh' is set on object 'Object Repository/ReplicatedSite/input_creditcard_last_name'

2019-10-10 15:51:40 - [TEST_STEP][PASSED] - executor.executeScript("arguments[0].click();", findWebElement(findTestObject("Object Repository/ReplicatedSite/input_creditcard_card_number"), 5)): null

2019-10-10 15:51:41 - [TEST_STEP][PASSED] - setText(findTestObject("Object Repository/ReplicatedSite/input_creditcard_card_number"), "4111111111111111"): Text '4111111111111111' is set on object 'Object Repository/ReplicatedSite/input_creditcard_card_number'

2019-10-10 15:51:41 - [MESSAGE][PASSED] - Text '4111111111111111' is set on object 'Object Repository/ReplicatedSite/input_creditcard_card_number'

2019-10-10 15:51:41 - [TEST_STEP][PASSED] - executor.executeScript("arguments[0].click();", findWebElement(findTestObject("Object Repository/ReplicatedSite/input_creditcard_expiration_month"), 5)): null

2019-10-10 15:51:41 - [TEST_STEP][PASSED] - click(findTestObject("Object Repository/ReplicatedSite/input_creditcard_expiration_month")): Object: 'Object Repository/ReplicatedSite/input_creditcard_expiration_month' is clicked on

2019-10-10 15:51:41 - [MESSAGE][PASSED] - Object: 'Object Repository/ReplicatedSite/input_creditcard_expiration_month' is clicked on

2019-10-10 15:51:41 - [TEST_STEP][PASSED] - executor.executeScript("arguments[0].click();", findWebElement(findTestObject("Object Repository/ReplicatedSite/input_creditcard_expiration_year"), 5)): null

2019-10-10 15:51:41 - [TEST_STEP][PASSED] - click(findTestObject("Object Repository/ReplicatedSite/input_creditcard_expiration_year")): Object: 'Object Repository/ReplicatedSite/input_creditcard_expiration_year' is clicked on

2019-10-10 15:51:41 - [MESSAGE][PASSED] - Object: 'Object Repository/ReplicatedSite/input_creditcard_expiration_year' is clicked on

2019-10-10 15:51:41 - [TEST_STEP][PASSED] - executor.executeScript("arguments[0].click();", findWebElement(findTestObject("Object Repository/ReplicatedSite/input_billing_address"), 5)): null

2019-10-10 15:51:41 - [TEST_STEP][PASSED] - executor.executeScript("arguments[0].click();", findWebElement(findTestObject("Object Repository/ReplicatedSite/input_billing_location_mailing"), 5)): null

2019-10-10 15:51:41 - [TEST_STEP][PASSED] - executor.executeScript("arguments[0].click();", findWebElement(findTestObject("Object Repository/ReplicatedSite/input_billing_location_add_new"), 5)): null

2019-10-10 15:51:41 - [TEST_STEP][PASSED] - executor.executeScript("arguments[0].click();", findWebElement(findTestObject("Object Repository/ReplicatedSite/input_billing_location_mailing"), 5)): null

2019-10-10 15:51:41 - [TEST_STEP][PASSED] - driver = getWebDriver(): null

2019-10-10 15:51:41 - [TEST_STEP][PASSED] - element = driver.findElement(By.xpath("(//button[@type='submit']/span[contains(text(), 'Save')])[2]")): null

2019-10-10 15:51:41 - [TEST_STEP][PASSED] - actions = new org.openqa.selenium.interactions.Actions(driver): null

2019-10-10 15:51:41 - [TEST_STEP][PASSED] - build().perform(): null

2019-10-10 15:51:42 - [TEST_STEP][PASSED] - delay(10): Delayed 10 second(s)

2019-10-10 15:51:52 - [MESSAGE][PASSED] - Delayed 10 second(s)

2019-10-10 15:51:52 - [TEST_STEP][PASSED] - waitForElementClickable(findTestObject("ReplicatedSite/button_save_and_continue_2"), 60): Object 'Object Repository/ReplicatedSite/button_save_and_continue_2' is clickable

2019-10-10 15:51:52 - [MESSAGE][PASSED] - Object 'Object Repository/ReplicatedSite/button_save_and_continue_2' is clickable

2019-10-10 15:51:52 - [TEST_STEP][PASSED] - driver = getWebDriver(): null

2019-10-10 15:51:52 - [TEST_STEP][PASSED] - element = driver.findElement(By.xpath("(//button/span[contains(text(), 'Save and Continue')])[2]")): null

2019-10-10 15:51:52 - [TEST_STEP][PASSED] - executor.executeScript("arguments[0].click();", element): null

2019-10-10 15:51:52 - [TEST_STEP][PASSED] - delay(5): Delayed 5 second(s)

2019-10-10 15:51:57 - [MESSAGE][PASSED] - Delayed 5 second(s)

2019-10-10 15:51:57 - [TEST_STEP][PASSED] - waitForElementClickable(findTestObject("Object Repository/ReplicatedSite/span_complete_order"), 30): Object 'Object Repository/ReplicatedSite/span_complete_order' is clickable

2019-10-10 15:51:57 - [MESSAGE][PASSED] - Object 'Object Repository/ReplicatedSite/span_complete_order' is clickable

2019-10-10 15:51:57 - [TEST_STEP][PASSED] - element = driver.findElement(By.xpath("//span[contains(text(), 'COMPLETE ORDER')]")): null

2019-10-10 15:51:57 - [TEST_STEP][PASSED] - executor.executeScript("arguments[0].click();", element): null

2019-10-10 15:51:57 - [TEST_STEP][PASSED] - delay(5): Delayed 5 second(s)

2019-10-10 15:52:02 - [MESSAGE][PASSED] - Delayed 5 second(s)

2019-10-10 15:52:02 - [TEST_STEP][PASSED] - executor.executeScript("arguments[0].click();", findWebElement(findTestObject("Object Repository/ReplicatedSite/h1_thanks_msg"), 5)): null

2019-10-10 15:52:02 - [TEST_STEP][PASSED] - delay(3): Delayed 3 second(s)

2019-10-10 15:52:05 - [MESSAGE][PASSED] - Delayed 3 second(s)

2019-10-10 15:52:05 - [MESSAGE][PASSED] - Call Test Case 'Test Cases/EditOrder/retailOrderRS' successfully

2019-10-10 15:52:05 - [TEST_STEP][PASSED] - verifyElementText(findTestObject("Object Repository/ReplicatedSite/h1_thanks_msg"), "Thanks for placing your order!"): Actual text and expected text of test object 'Object Repository/ReplicatedSite/h1_thanks_msg' are matched.

2019-10-10 15:52:05 - [MESSAGE][PASSED] - Actual text and expected text of test object 'Object Repository/ReplicatedSite/h1_thanks_msg' are matched.

2019-10-10 15:52:05 - [TEST_STEP][PASSED] - orderID = getText(findTestObject("Object Repository/ReplicatedSite/span_rs_orderid")): Text of object 'Object Repository/ReplicatedSite/span_rs_orderid' is: 'RP708358014'

2019-10-10 15:52:05 - [MESSAGE][PASSED] - Text of object 'Object Repository/ReplicatedSite/span_rs_orderid' is: 'RP708358014'

2019-10-10 15:52:05 - [TEST_STEP][PASSED] - println(orderID): null

2019-10-10 15:52:05 - [TEST_STEP][PASSED] - delay(5): Delayed 5 second(s)

2019-10-10 15:52:10 - [MESSAGE][PASSED] - Delayed 5 second(s)

2019-10-10 15:52:10 - [TEST_STEP][PASSED] - editOrderButton = findWebElements(findTestObject("Object Repository/ReplicatedSite/div_edit_order_rs"), 5): null

2019-10-10 15:52:10 - [TEST_STEP][PASSED] - assert editOrderButton.size() > 0: null

2019-10-10 15:52:10 - [TEST_STEP][PASSED] - click(findTestObject("Object Repository/ReplicatedSite/div_edit_order_rs")): Object: 'Object Repository/ReplicatedSite/div_edit_order_rs' is clicked on

2019-10-10 15:52:10 - [MESSAGE][PASSED] - Object: 'Object Repository/ReplicatedSite/div_edit_order_rs' is clicked on

2019-10-10 15:52:10 - [TEST_STEP][PASSED] - delay(10): Delayed 10 second(s)

2019-10-10 15:52:20 - [MESSAGE][PASSED] - Delayed 10 second(s)

2019-10-10 15:52:20 - [TEST_STEP][PASSED] - click(findTestObject("Object Repository/ReplicatedSite/a_update_order")): Object: 'Object Repository/ReplicatedSite/a_update_order' is clicked on

2019-10-10 15:52:20 - [MESSAGE][PASSED] - Object: 'Object Repository/ReplicatedSite/a_update_order' is clicked on

2019-10-10 15:52:20 - [TEST_STEP][PASSED] - delay(5): Delayed 5 second(s)

2019-10-10 15:52:25 - [MESSAGE][PASSED] - Delayed 5 second(s)

2019-10-10 15:52:25 - [TEST_STEP][PASSED] - callTestCase(findTestCase("EditOrder/rsUpdateOrder"), [:], STOP_ON_FAILURE): Call Test Case 'Test Cases/EditOrder/rsUpdateOrder' successfully

2019-10-10 15:52:25 - [TEST_CASE][PASSED] - Test Cases/EditOrder/rsUpdateOrder: Test Cases/EditOrder/rsUpdateOrder

2019-10-10 15:52:26 - [TEST_STEP][PASSED] - driver = getWebDriver(): null

2019-10-10 15:52:26 - [TEST_STEP][PASSED] - executor = driver: null

2019-10-10 15:52:26 - [TEST_STEP][PASSED] - element = <not implemented yet for class: org.codehaus.groovy.ast.expr.EmptyExpression>: null

2019-10-10 15:52:26 - [TEST_STEP][PASSED] - actions = <not implemented yet for class: org.codehaus.groovy.ast.expr.EmptyExpression>: null

2019-10-10 15:52:26 - [TEST_STEP][PASSED] - click(findTestObject("Object Repository/ReplicatedSite/input_other_address")): Object: 'Object Repository/ReplicatedSite/input_other_address' is clicked on

2019-10-10 15:52:27 - [MESSAGE][PASSED] - Object: 'Object Repository/ReplicatedSite/input_other_address' is clicked on

2019-10-10 15:52:27 - [TEST_STEP][PASSED] - contactNumber = 3: null

2019-10-10 15:52:27 - [TEST_STEP][PASSED] - address1 = findTestData("contactData").getValue("address1", contactNumber): null

2019-10-10 15:52:27 - [TEST_STEP][PASSED] - city = findTestData("contactData").getValue("city", contactNumber): null

2019-10-10 15:52:27 - [TEST_STEP][PASSED] - state = findTestData("contactData").getValue("state", contactNumber): null

2019-10-10 15:52:27 - [TEST_STEP][PASSED] - zip = findTestData("contactData").getValue("zip", contactNumber): null

2019-10-10 15:52:27 - [TEST_STEP][PASSED] - setText(findTestObject("Object Repository/ReplicatedSite/input_address1_update"), address1): Text '975 BRAHMS CT' is set on object 'Object Repository/ReplicatedSite/input_address1_update'

2019-10-10 15:52:28 - [MESSAGE][PASSED] - Text '975 BRAHMS CT' is set on object 'Object Repository/ReplicatedSite/input_address1_update'

2019-10-10 15:52:28 - [TEST_STEP][PASSED] - setText(findTestObject("Object Repository/ReplicatedSite/input_city_update"), city): Text 'TROY' is set on object 'Object Repository/ReplicatedSite/input_city_update'

2019-10-10 15:52:28 - [MESSAGE][PASSED] - Text 'TROY' is set on object 'Object Repository/ReplicatedSite/input_city_update'

2019-10-10 15:52:28 - [TEST_STEP][PASSED] - xpath = UtilityMethods.concat("//select[@id='stateProvince']/option[@label='", state, "']"): null

2019-10-10 15:52:28 - [TEST_STEP][PASSED] - addressState = new com.kms.katalon.core.testobject.TestObject(select_state_dynamic): null

2019-10-10 15:52:28 - [TEST_STEP][PASSED] - addressState.addProperty("xpath", EQUALS, xpath): null

2019-10-10 15:52:28 - [TEST_STEP][PASSED] - click(addressState): Object: 'select_state_dynamic' is clicked on

2019-10-10 15:52:28 - [MESSAGE][PASSED] - Object: 'select_state_dynamic' is clicked on

2019-10-10 15:52:28 - [TEST_STEP][PASSED] - setText(findTestObject("Object Repository/ReplicatedSite/input_postal_code_update"), zip): Text '48085' is set on object 'Object Repository/ReplicatedSite/input_postal_code_update'

2019-10-10 15:52:28 - [MESSAGE][PASSED] - Text '48085' is set on object 'Object Repository/ReplicatedSite/input_postal_code_update'

2019-10-10 15:52:28 - [TEST_STEP][PASSED] - delay(4): Delayed 4 second(s)

2019-10-10 15:52:32 - [MESSAGE][PASSED] - Delayed 4 second(s)

2019-10-10 15:52:32 - [TEST_STEP][PASSED] - driver = getWebDriver(): null

2019-10-10 15:52:32 - [TEST_STEP][PASSED] - element = driver.findElement(By.xpath("//button[@type='submit']/span[contains(text(), 'Save')]")): null

2019-10-10 15:52:32 - [TEST_STEP][PASSED] - actions = new org.openqa.selenium.interactions.Actions(driver): null

2019-10-10 15:52:32 - [TEST_STEP][PASSED] - build().perform(): null

2019-10-10 15:52:32 - [TEST_STEP][PASSED] - waitForElementClickable(findTestObject("Object Repository/ReplicatedSite/button_save_and_continue"), 30): Object 'Object Repository/ReplicatedSite/button_save_and_continue' is clickable

2019-10-10 15:52:32 - [MESSAGE][PASSED] - Object 'Object Repository/ReplicatedSite/button_save_and_continue' is clickable

2019-10-10 15:52:32 - [TEST_STEP][PASSED] - element = driver.findElement(By.xpath("(//button[@class='btn pull-right'])[1]")): null

2019-10-10 15:52:32 - [TEST_STEP][PASSED] - executor = driver: null

2019-10-10 15:52:32 - [TEST_STEP][PASSED] - executor.executeScript("arguments[0].click();", element): null

2019-10-10 15:52:32 - [TEST_STEP][PASSED] - delay(3): Delayed 3 second(s)

2019-10-10 15:52:35 - [MESSAGE][PASSED] - Delayed 3 second(s)

2019-10-10 15:52:35 - [TEST_STEP][PASSED] - executor.executeScript("arguments[0].click();", findWebElement(findTestObject("Object Repository/ReplicatedSite/input_make_donation"), 5)): null

2019-10-10 15:52:35 - [TEST_STEP][PASSED] - delay(2): Delayed 2 second(s)

2019-10-10 15:52:37 - [MESSAGE][PASSED] - Delayed 2 second(s)

2019-10-10 15:52:37 - [TEST_STEP][PASSED] - executor.executeScript("arguments[0].click();", findWebElement(findTestObject("Object Repository/ReplicatedSite/input_make_donation"), 5)): null

2019-10-10 15:52:37 - [TEST_STEP][PASSED] - executor.executeScript("arguments[0].click();", findWebElement(findTestObject("Object Repository/ReplicatedSite/input_pay_with_gc"), 5)): null

2019-10-10 15:52:38 - [TEST_STEP][PASSED] - delay(2): Delayed 2 second(s)

2019-10-10 15:52:40 - [MESSAGE][PASSED] - Delayed 2 second(s)

2019-10-10 15:52:40 - [TEST_STEP][PASSED] - executor.executeScript("arguments[0].click();", findWebElement(findTestObject("Object Repository/ReplicatedSite/input_pay_with_gc"), 5)): null

2019-10-10 15:52:40 - [TEST_STEP][PASSED] - executor.executeScript("arguments[0].click();", findWebElement(findTestObject("Object Repository/ReplicatedSite/input_pay_with_credit"), 5)): null

2019-10-10 15:52:40 - [TEST_STEP][PASSED] - delay(2): Delayed 2 second(s)

2019-10-10 15:52:42 - [MESSAGE][PASSED] - Delayed 2 second(s)

2019-10-10 15:52:42 - [TEST_STEP][PASSED] - executor.executeScript("arguments[0].click();", findWebElement(findTestObject("Object Repository/ReplicatedSite/input_pay_with_credit"), 5)): null

2019-10-10 15:52:42 - [TEST_STEP][PASSED] - delay(2): Delayed 2 second(s)

2019-10-10 15:52:44 - [MESSAGE][PASSED] - Delayed 2 second(s)

2019-10-10 15:52:44 - [TEST_STEP][PASSED] - RSURL = findTestData("envtData").getValue("RSURL", 1): null

2019-10-10 15:52:44 - [TEST_STEP][PASSED] - cartURL = UtilityMethods.concat(RSURL, "/cart/"): null

2019-10-10 15:52:44 - [TEST_STEP][PASSED] - navigateToUrl(cartURL): Navigate to 'https://mirandakate.cabitest5.com/cart/' successfully

2019-10-10 15:52:49 - [MESSAGE][PASSED] - Navigate to 'https://mirandakate.cabitest5.com/cart/' successfully

2019-10-10 15:52:49 - [MESSAGE][PASSED] - Call Test Case 'Test Cases/EditOrder/rsUpdateOrder' successfully

2019-10-10 15:52:49 - [TEST_STEP][PASSED] - delay(3): Delayed 3 second(s)

2019-10-10 15:52:52 - [MESSAGE][PASSED] - Delayed 3 second(s)

2019-10-10 15:52:52 - [TEST_STEP][PASSED] - click(findTestObject("Object Repository/ReplicatedSite/a_cancel_edit")): Object: 'Object Repository/ReplicatedSite/a_cancel_edit' is clicked on

2019-10-10 15:52:52 - [MESSAGE][PASSED] - Object: 'Object Repository/ReplicatedSite/a_cancel_edit' is clicked on

2019-10-10 15:52:52 - [TEST_STEP][PASSED] - cancelEditButton = findWebElements(findTestObject("Object Repository/ReplicatedSite/h2_sure_to_cancel_edit"), 1): null

2019-10-10 15:52:52 - [TEST_STEP][PASSED] - assert cancelEditButton.size() > 0: null

2019-10-10 15:52:52 - [TEST_STEP][PASSED] - click(findTestObject("ReplicatedSite/button_yes_cancel_edit")): Object: 'Object Repository/ReplicatedSite/button_yes_cancel_edit' is clicked on

2019-10-10 15:52:52 - [MESSAGE][PASSED] - Object: 'Object Repository/ReplicatedSite/button_yes_cancel_edit' is clicked on

2019-10-10 15:52:52 - [TEST_STEP][PASSED] - xpath = UtilityMethods.concat("//span[contains(text(), '", orderID, "')]/parent::div/parent::div/div[@class='table-row-edit-order']"): null

2019-10-10 15:52:52 - [TEST_STEP][PASSED] - to = new com.kms.katalon.core.testobject.TestObject(a_edit_link): null

2019-10-10 15:52:52 - [TEST_STEP][PASSED] - to.addProperty("xpath", EQUALS, xpath): null

2019-10-10 15:52:52 - [TEST_STEP][PASSED] - delay(5): Delayed 5 second(s)

2019-10-10 15:52:57 - [MESSAGE][PASSED] - Delayed 5 second(s)

2019-10-10 15:52:57 - [TEST_STEP][PASSED] - println(to.getXpaths()): null

2019-10-10 15:52:57 - [TEST_STEP][PASSED] - click(to): Object: 'a_edit_link' is clicked on

2019-10-10 15:52:58 - [MESSAGE][PASSED] - Object: 'a_edit_link' is clicked on

2019-10-10 15:52:58 - [TEST_STEP][PASSED] - delay(5): Delayed 5 second(s)

2019-10-10 15:53:03 - [MESSAGE][PASSED] - Delayed 5 second(s)

2019-10-10 15:53:03 - [TEST_STEP][PASSED] - click(findTestObject("Object Repository/ReplicatedSite/a_cancel_order")): Object: 'Object Repository/ReplicatedSite/a_cancel_order' is clicked on

2019-10-10 15:53:03 - [MESSAGE][PASSED] - Object: 'Object Repository/ReplicatedSite/a_cancel_order' is clicked on

2019-10-10 15:53:03 - [TEST_STEP][PASSED] - delay(5): Delayed 5 second(s)

2019-10-10 15:53:08 - [MESSAGE][PASSED] - Delayed 5 second(s)

2019-10-10 15:53:08 - [TEST_STEP][PASSED] - cancelOrderButton = findWebElements(findTestObject("Object Repository/ReplicatedSite/h2_sure_to_cancel_order"), 1): null

2019-10-10 15:53:08 - [TEST_STEP][PASSED] - assert cancelOrderButton.size() > 0: null

2019-10-10 15:53:08 - [TEST_STEP][PASSED] - click(findTestObject("Object Repository/ReplicatedSite/button_yes_cancel_order")): Object: 'Object Repository/ReplicatedSite/button_yes_cancel_order' is clicked on

2019-10-10 15:53:09 - [MESSAGE][PASSED] - Object: 'Object Repository/ReplicatedSite/button_yes_cancel_order' is clicked on

2019-10-10 15:53:09 - [TEST_STEP][PASSED] - delay(5): Delayed 5 second(s)

2019-10-10 15:53:14 - [MESSAGE][PASSED] - Delayed 5 second(s)

2019-10-10 15:53:14 - [TEST_STEP][PASSED] - div_cancelled_order = UtilityMethods.createTestObject("div_cancelled_order", "//span[contains(text(), '", orderID, "')]/parent::div/parent::div/div[@class='table-row-status']/span"): null

2019-10-10 15:53:14 - [TEST_STEP][PASSED] - println(getText(div_cancelled_order)): Text of object 'div_cancelled_order' is: ''

2019-10-10 15:53:16 - [MESSAGE][PASSED] - Text of object 'div_cancelled_order' is: '']]></system-out>
         <system-err><![CDATA[]]></system-err>
      </testcase>
      <testcase name="Test Cases/EditOrder-V/rsEditOrderAddNewItems" classname="Test Cases/EditOrder-V/rsEditOrderAddNewItems" status="PASSED">
         <system-out><![CDATA[2019-10-10 15:53:16 - [TEST_CASE][PASSED] - Test Cases/EditOrder-V/rsEditOrderAddNewItems: Test Cases/EditOrder-V/rsEditOrderAddNewItems

2019-10-10 15:53:16 - [TEST_STEP][PASSED] - Start listener action : sampleBeforeTestCase: null

2019-10-10 15:53:16 - [TEST_STEP][PASSED] - println(testCaseContext.getTestCaseId()): null

2019-10-10 15:53:16 - [TEST_STEP][PASSED] - println(testCaseContext.getTestCaseVariables()): null

2019-10-10 15:53:16 - [TEST_STEP][PASSED] - openBrowser(""): Browser is opened with url: ''

2019-10-10 15:53:16 - [MESSAGE][WARNING] - A browser is already opened. Closing browser and opening a new one

2019-10-10 15:53:17 - [MESSAGE][INFO] - Starting 'Chrome' driver

2019-10-10 15:53:17 - [MESSAGE][INFO] - User set preference: ['args', '[--use-fake-ui-for-media-stream, --start-maximized]']

2019-10-10 15:53:19 - [MESSAGE][PASSED] - Browser is opened with url: ''

2019-10-10 15:53:19 - [TEST_STEP][PASSED] - callTestCase(findTestCase("EditOrder/retailOrderRS"), ["addOnStyle":""], STOP_ON_FAILURE): Call Test Case 'Test Cases/EditOrder/retailOrderRS' successfully

2019-10-10 15:53:19 - [TEST_CASE][PASSED] - Test Cases/EditOrder/retailOrderRS: Test Cases/EditOrder/retailOrderRS

2019-10-10 15:53:19 - [TEST_STEP][PASSED] - openBrowser(""): Browser is opened with url: ''

2019-10-10 15:53:19 - [MESSAGE][WARNING] - A browser is already opened. Closing browser and opening a new one

2019-10-10 15:53:19 - [MESSAGE][INFO] - Starting 'Chrome' driver

2019-10-10 15:53:19 - [MESSAGE][INFO] - User set preference: ['args', '[--use-fake-ui-for-media-stream, --start-maximized]']

2019-10-10 15:53:21 - [MESSAGE][PASSED] - Browser is opened with url: ''

2019-10-10 15:53:21 - [TEST_STEP][PASSED] - driver = getWebDriver(): null

2019-10-10 15:53:21 - [TEST_STEP][PASSED] - executor = driver: null

2019-10-10 15:53:21 - [TEST_STEP][PASSED] - actions = new org.openqa.selenium.interactions.Actions(driver): null

2019-10-10 15:53:21 - [TEST_STEP][PASSED] - RSTestEnvt = findTestData("envtData").getValue("RSTestEnvt", 1): null

2019-10-10 15:53:21 - [TEST_STEP][PASSED] - delay(10): Delayed 10 second(s)

2019-10-10 15:53:31 - [MESSAGE][PASSED] - Delayed 10 second(s)

2019-10-10 15:53:31 - [TEST_STEP][PASSED] - callTestCase(findTestCase("TestCaseUtilities/rsLogin"), ["RSURL":"", "RSuser":"", "RSpass":""], STOP_ON_FAILURE): Call Test Case 'Test Cases/TestCaseUtilities/rsLogin' successfully

2019-10-10 15:53:32 - [TEST_CASE][PASSED] - Test Cases/TestCaseUtilities/rsLogin: Test Cases/TestCaseUtilities/rsLogin

2019-10-10 15:53:32 - [TEST_STEP][PASSED] - dataFile = "micrositeData": null

2019-10-10 15:53:32 - [TEST_STEP][PASSED] - guest1Mail = findTestData(dataFile).getValue("guest1Mail", 1): null

2019-10-10 15:53:32 - [TEST_STEP][PASSED] - guest1Pass = findTestData(dataFile).getValue("guest1Pass", 1): null

2019-10-10 15:53:32 - [TEST_STEP][PASSED] - RSTestEnvt = findTestData("envtData").getValue("RSTestEnvt", 1): null

2019-10-10 15:53:32 - [TEST_STEP][PASSED] - callTestCase(findTestCase("TestCaseUtilities/setVHost"), [:], STOP_ON_FAILURE): Call Test Case 'Test Cases/TestCaseUtilities/setVHost' successfully

2019-10-10 15:53:32 - [TEST_CASE][PASSED] - Test Cases/TestCaseUtilities/setVHost: Test Cases/TestCaseUtilities/setVHost

2019-10-10 15:53:32 - [TEST_STEP][PASSED] - ofbizURL = findTestData("envtData").getValue("ofbizURL", 1): null

2019-10-10 15:53:32 - [TEST_STEP][PASSED] - ofbizUser = findTestData("credData").getValue("ofbizuser", 1): null

2019-10-10 15:53:32 - [TEST_STEP][PASSED] - ofbizPass = findTestData("credData").getValue("ofbizpass", 1): null

2019-10-10 15:53:32 - [TEST_STEP][PASSED] - vhostTarget = findTestData("envtData").getValue("vhostTarget", 1): null

2019-10-10 15:53:32 - [TEST_STEP][PASSED] - navigateToUrl(ofbizURL): Navigate to 'https://pushofbiz.cliotest.com/login.php' successfully

2019-10-10 15:53:34 - [MESSAGE][PASSED] - Navigate to 'https://pushofbiz.cliotest.com/login.php' successfully

2019-10-10 15:53:34 - [TEST_STEP][PASSED] - setText(findTestObject("Object Repository/virualShowRSVPOR/Page_/input_Username_username"), ofbizUser): Text 'automation' is set on object 'Object Repository/virualShowRSVPOR/Page_/input_Username_username'

2019-10-10 15:53:34 - [MESSAGE][PASSED] - Text 'automation' is set on object 'Object Repository/virualShowRSVPOR/Page_/input_Username_username'

2019-10-10 15:53:34 - [TEST_STEP][PASSED] - setText(findTestObject("Object Repository/virualShowRSVPOR/Page_/input_Password_password"), ofbizPass): Text 'cabiautomation' is set on object 'Object Repository/virualShowRSVPOR/Page_/input_Password_password'

2019-10-10 15:53:34 - [MESSAGE][PASSED] - Text 'cabiautomation' is set on object 'Object Repository/virualShowRSVPOR/Page_/input_Password_password'

2019-10-10 15:53:34 - [TEST_STEP][PASSED] - click(findTestObject("Object Repository/virualShowRSVPOR/Page_/input_Password_Submit")): Object: 'Object Repository/virualShowRSVPOR/Page_/input_Password_Submit' is clicked on

2019-10-10 15:53:38 - [MESSAGE][PASSED] - Object: 'Object Repository/virualShowRSVPOR/Page_/input_Password_Submit' is clicked on

2019-10-10 15:53:38 - [TEST_STEP][PASSED] - click(findTestObject("Object Repository/virualShowRSVPOR/Page_/a_Set Vhost")): Object: 'Object Repository/virualShowRSVPOR/Page_/a_Set Vhost' is clicked on

2019-10-10 15:53:38 - [MESSAGE][PASSED] - Object: 'Object Repository/virualShowRSVPOR/Page_/a_Set Vhost' is clicked on

2019-10-10 15:53:38 - [TEST_STEP][PASSED] - click(UtilityMethods.createTestObject("select_target", "//select[@name='Target']/option[contains(text(), '", vhostTarget, "')]")): Object: 'select_target' is clicked on

2019-10-10 15:53:38 - [MESSAGE][PASSED] - Object: 'select_target' is clicked on

2019-10-10 15:53:38 - [TEST_STEP][PASSED] - click(findTestObject("Object Repository/virualShowRSVPOR/Page_/input")): Object: 'Object Repository/virualShowRSVPOR/Page_/input' is clicked on

2019-10-10 15:53:41 - [MESSAGE][PASSED] - Object: 'Object Repository/virualShowRSVPOR/Page_/input' is clicked on

2019-10-10 15:53:41 - [MESSAGE][PASSED] - Call Test Case 'Test Cases/TestCaseUtilities/setVHost' successfully

2019-10-10 15:53:41 - [TEST_STEP][PASSED] - loginURL = UtilityMethods.concat("https://mirandakate.", RSTestEnvt, ".com/?component=account.login-gateway"): null

2019-10-10 15:53:41 - [TEST_STEP][PASSED] - navigateToUrl(loginURL): Navigate to 'https://mirandakate.cabitest5.com/?component=account.login-gateway' successfully

2019-10-10 15:54:11 - [MESSAGE][PASSED] - Navigate to 'https://mirandakate.cabitest5.com/?component=account.login-gateway' successfully

2019-10-10 15:54:11 - [TEST_STEP][PASSED] - delay(3): Delayed 3 second(s)

2019-10-10 15:54:14 - [MESSAGE][PASSED] - Delayed 3 second(s)

2019-10-10 15:54:14 - [TEST_STEP][PASSED] - setText(findTestObject("Object Repository/virualShowRSVPOR/Page_Show microsite/input_Sign in  Create account_email"), guest1Mail): Text 'guest1-test@test.com' is set on object 'Object Repository/virualShowRSVPOR/Page_Show microsite/input_Sign in  Create account_email'

2019-10-10 15:54:15 - [MESSAGE][PASSED] - Text 'guest1-test@test.com' is set on object 'Object Repository/virualShowRSVPOR/Page_Show microsite/input_Sign in  Create account_email'

2019-10-10 15:54:15 - [TEST_STEP][PASSED] - click(findTestObject("Object Repository/virualShowRSVPOR/Page_Show microsite/button_Continue")): Object: 'Object Repository/virualShowRSVPOR/Page_Show microsite/button_Continue' is clicked on

2019-10-10 15:54:15 - [MESSAGE][PASSED] - Object: 'Object Repository/virualShowRSVPOR/Page_Show microsite/button_Continue' is clicked on

2019-10-10 15:54:15 - [TEST_STEP][PASSED] - setText(findTestObject("Object Repository/virualShowRSVPOR/Page_Show microsite/input_Welcome_password"), guest1Pass): Text 'blackdress19' is set on object 'Object Repository/virualShowRSVPOR/Page_Show microsite/input_Welcome_password'

2019-10-10 15:54:16 - [MESSAGE][PASSED] - Text 'blackdress19' is set on object 'Object Repository/virualShowRSVPOR/Page_Show microsite/input_Welcome_password'

2019-10-10 15:54:16 - [TEST_STEP][PASSED] - click(findTestObject("Object Repository/virualShowRSVPOR/Page_Show microsite/button_Continue_pass")): Object: 'Object Repository/virualShowRSVPOR/Page_Show microsite/button_Continue_pass' is clicked on

2019-10-10 15:54:16 - [MESSAGE][PASSED] - Object: 'Object Repository/virualShowRSVPOR/Page_Show microsite/button_Continue_pass' is clicked on

2019-10-10 15:54:16 - [TEST_STEP][PASSED] - delay(5): Delayed 5 second(s)

2019-10-10 15:54:21 - [MESSAGE][PASSED] - Delayed 5 second(s)

2019-10-10 15:54:21 - [TEST_STEP][PASSED] - if (verifyElementPresent(findTestObject("Object Repository/virualShowRSVPOR/Page_Show microsite/complete_my_profile_later"), 0)): Object: 'Object Repository/virualShowRSVPOR/Page_Show microsite/div_Ill complete my profile later' is clicked on

2019-10-10 15:54:21 - [MESSAGE][WARNING] - Timeout '0' is invalid. Using default page load timeout: '30'

2019-10-10 15:54:21 - [MESSAGE][PASSED] - Object 'Object Repository/virualShowRSVPOR/Page_Show microsite/complete_my_profile_later' is present

2019-10-10 15:54:21 - [TEST_STEP][PASSED] - click(findTestObject("Object Repository/virualShowRSVPOR/Page_Show microsite/div_Ill complete my profile later")): Object: 'Object Repository/virualShowRSVPOR/Page_Show microsite/div_Ill complete my profile later' is clicked on

2019-10-10 15:54:26 - [MESSAGE][PASSED] - Object: 'Object Repository/virualShowRSVPOR/Page_Show microsite/div_Ill complete my profile later' is clicked on

2019-10-10 15:54:26 - [MESSAGE][PASSED] - Call Test Case 'Test Cases/TestCaseUtilities/rsLogin' successfully

2019-10-10 15:54:26 - [TEST_STEP][PASSED] - loginURL = UtilityMethods.concat("https://mirandakate.", RSTestEnvt, ".com/account/#!/checkout"): null

2019-10-10 15:54:26 - [TEST_STEP][PASSED] - click(findTestObject("Object Repository/ReplicatedSite/a_shop")): Object: 'Object Repository/ReplicatedSite/a_shop' is clicked on

2019-10-10 15:54:45 - [MESSAGE][PASSED] - Object: 'Object Repository/ReplicatedSite/a_shop' is clicked on

2019-10-10 15:54:45 - [TEST_STEP][PASSED] - delay(3): Delayed 3 second(s)

2019-10-10 15:54:48 - [MESSAGE][PASSED] - Delayed 3 second(s)

2019-10-10 15:54:48 - [TEST_STEP][PASSED] - click(findTestObject("Object Repository/ReplicatedSite/div_first_item_to_buy_from_vs")): Object: 'Object Repository/ReplicatedSite/div_first_item_to_buy_from_vs' is clicked on

2019-10-10 15:55:24 - [MESSAGE][PASSED] - Object: 'Object Repository/ReplicatedSite/div_first_item_to_buy_from_vs' is clicked on

2019-10-10 15:55:24 - [TEST_STEP][PASSED] - delay(3): Delayed 3 second(s)

2019-10-10 15:55:27 - [MESSAGE][PASSED] - Delayed 3 second(s)

2019-10-10 15:55:27 - [TEST_STEP][PASSED] - noOfOptions = findWebElements(findTestObject("Object Repository/virualShowRSVPOR/Page_Show microsite/div_no_of_options_for_checkout"), 5): null

2019-10-10 15:55:27 - [TEST_STEP][PASSED] - for ([i = 1, i <= noOfOptions.size(), (i++)]): Delayed 3 second(s)

2019-10-10 15:55:27 - [TEST_STEP][PASSED] - dropDown = UtilityMethods.createTestObject("div_drop_down", "(//div[@class='add-to-cart-form']/div[@class='attribute ng-scope']/div[@class='input-select ng-scope']/select)[", String.valueOf(i), "]"): null

2019-10-10 15:55:27 - [TEST_STEP][PASSED] - click(dropDown): Object: 'div_drop_down' is clicked on

2019-10-10 15:55:27 - [MESSAGE][PASSED] - Object: 'div_drop_down' is clicked on

2019-10-10 15:55:27 - [TEST_STEP][PASSED] - selectLastOption = UtilityMethods.createTestObject("div_select_last_option", "(//div[@class='add-to-cart-form']/div[@class='attribute ng-scope']/div[@class='input-select ng-scope']/select)[", String.valueOf(i), "]/option[last()]"): null

2019-10-10 15:55:27 - [TEST_STEP][PASSED] - click(selectLastOption): Object: 'div_select_last_option' is clicked on

2019-10-10 15:55:27 - [MESSAGE][PASSED] - Object: 'div_select_last_option' is clicked on

2019-10-10 15:55:27 - [TEST_STEP][PASSED] - delay(3): Delayed 3 second(s)

2019-10-10 15:55:30 - [MESSAGE][PASSED] - Delayed 3 second(s)

2019-10-10 15:55:30 - [TEST_STEP][PASSED] - delay(3): Delayed 3 second(s)

2019-10-10 15:55:33 - [MESSAGE][PASSED] - Delayed 3 second(s)

2019-10-10 15:55:33 - [TEST_STEP][PASSED] - click(findTestObject("Object Repository/ReplicatedSite/button_add_item_to_bag")): Object: 'Object Repository/ReplicatedSite/button_add_item_to_bag' is clicked on

2019-10-10 15:55:34 - [MESSAGE][PASSED] - Object: 'Object Repository/ReplicatedSite/button_add_item_to_bag' is clicked on

2019-10-10 15:55:34 - [TEST_STEP][PASSED] - delay(3): Delayed 3 second(s)

2019-10-10 15:55:37 - [MESSAGE][PASSED] - Delayed 3 second(s)

2019-10-10 15:55:37 - [TEST_STEP][PASSED] - click(findTestObject("Object Repository/ReplicatedSite/a_cart_svg")): Object: 'Object Repository/ReplicatedSite/a_cart_svg' is clicked on

2019-10-10 15:55:41 - [MESSAGE][PASSED] - Object: 'Object Repository/ReplicatedSite/a_cart_svg' is clicked on

2019-10-10 15:55:41 - [TEST_STEP][PASSED] - delay(5): Delayed 5 second(s)

2019-10-10 15:55:46 - [MESSAGE][PASSED] - Delayed 5 second(s)

2019-10-10 15:55:46 - [TEST_STEP][PASSED] - click(findTestObject("Object Repository/ReplicatedSite/a_checkout")): Object: 'Object Repository/ReplicatedSite/a_checkout' is clicked on

2019-10-10 15:55:46 - [MESSAGE][PASSED] - Object: 'Object Repository/ReplicatedSite/a_checkout' is clicked on

2019-10-10 15:55:46 - [TEST_STEP][PASSED] - delay(10): Delayed 10 second(s)

2019-10-10 15:55:56 - [MESSAGE][PASSED] - Delayed 10 second(s)

2019-10-10 15:55:56 - [TEST_STEP][PASSED] - delay(10): Delayed 10 second(s)

2019-10-10 15:56:06 - [MESSAGE][PASSED] - Delayed 10 second(s)

2019-10-10 15:56:06 - [TEST_STEP][PASSED] - click(findTestObject("Object Repository/ReplicatedSite/input_other_address")): Object: 'Object Repository/ReplicatedSite/input_other_address' is clicked on

2019-10-10 15:56:06 - [MESSAGE][PASSED] - Object: 'Object Repository/ReplicatedSite/input_other_address' is clicked on

2019-10-10 15:56:06 - [TEST_STEP][PASSED] - click(findTestObject("Object Repository/ReplicatedSite/input_my_address_edit_order")): Object: 'Object Repository/ReplicatedSite/input_my_address_edit_order' is clicked on

2019-10-10 15:56:06 - [MESSAGE][PASSED] - Object: 'Object Repository/ReplicatedSite/input_my_address_edit_order' is clicked on

2019-10-10 15:56:06 - [TEST_STEP][PASSED] - waitForElementClickable(findTestObject("ReplicatedSite/button_save_and_continue"), 60): Object 'Object Repository/ReplicatedSite/button_save_and_continue' is clickable

2019-10-10 15:56:06 - [MESSAGE][PASSED] - Object 'Object Repository/ReplicatedSite/button_save_and_continue' is clickable

2019-10-10 15:56:06 - [TEST_STEP][PASSED] - driver = getWebDriver(): null

2019-10-10 15:56:06 - [TEST_STEP][PASSED] - element = driver.findElement(By.xpath("(//button/span[contains(text(), 'Save and Continue')])[1]")): null

2019-10-10 15:56:06 - [TEST_STEP][PASSED] - executor.executeScript("arguments[0].click();", element): null

2019-10-10 15:56:06 - [TEST_STEP][PASSED] - delay(3): Delayed 3 second(s)

2019-10-10 15:56:09 - [MESSAGE][PASSED] - Delayed 3 second(s)

2019-10-10 15:56:09 - [TEST_STEP][PASSED] - executor.executeScript("arguments[0].click();", findWebElement(findTestObject("Object Repository/ReplicatedSite/input_pay_with_credit"), 5)): null

2019-10-10 15:56:09 - [TEST_STEP][PASSED] - executor.executeScript("arguments[0].click();", findWebElement(findTestObject("Object Repository/ReplicatedSite/button_add_another_card"), 5)): null

2019-10-10 15:56:10 - [TEST_STEP][PASSED] - executor.executeScript("arguments[0].click();", findWebElement(findTestObject("Object Repository/ReplicatedSite/select_credit_card_type"), 5)): null

2019-10-10 15:56:10 - [TEST_STEP][PASSED] - click(findTestObject("Object Repository/ReplicatedSite/select_credit_card_type")): Object: 'Object Repository/ReplicatedSite/select_credit_card_type' is clicked on

2019-10-10 15:56:10 - [MESSAGE][PASSED] - Object: 'Object Repository/ReplicatedSite/select_credit_card_type' is clicked on

2019-10-10 15:56:10 - [TEST_STEP][PASSED] - executor.executeScript("arguments[0].click();", findWebElement(findTestObject("Object Repository/ReplicatedSite/input_creditcard_first_name"), 5)): null

2019-10-10 15:56:10 - [TEST_STEP][PASSED] - setText(findTestObject("Object Repository/ReplicatedSite/input_creditcard_first_name"), "abcd"): Text 'abcd' is set on object 'Object Repository/ReplicatedSite/input_creditcard_first_name'

2019-10-10 15:56:10 - [MESSAGE][PASSED] - Text 'abcd' is set on object 'Object Repository/ReplicatedSite/input_creditcard_first_name'

2019-10-10 15:56:10 - [TEST_STEP][PASSED] - executor.executeScript("arguments[0].click();", findWebElement(findTestObject("Object Repository/ReplicatedSite/input_creditcard_last_name"), 5)): null

2019-10-10 15:56:10 - [TEST_STEP][PASSED] - setText(findTestObject("Object Repository/ReplicatedSite/input_creditcard_last_name"), "efgh"): Text 'efgh' is set on object 'Object Repository/ReplicatedSite/input_creditcard_last_name'

2019-10-10 15:56:10 - [MESSAGE][PASSED] - Text 'efgh' is set on object 'Object Repository/ReplicatedSite/input_creditcard_last_name'

2019-10-10 15:56:10 - [TEST_STEP][PASSED] - executor.executeScript("arguments[0].click();", findWebElement(findTestObject("Object Repository/ReplicatedSite/input_creditcard_card_number"), 5)): null

2019-10-10 15:56:10 - [TEST_STEP][PASSED] - setText(findTestObject("Object Repository/ReplicatedSite/input_creditcard_card_number"), "4111111111111111"): Text '4111111111111111' is set on object 'Object Repository/ReplicatedSite/input_creditcard_card_number'

2019-10-10 15:56:11 - [MESSAGE][PASSED] - Text '4111111111111111' is set on object 'Object Repository/ReplicatedSite/input_creditcard_card_number'

2019-10-10 15:56:11 - [TEST_STEP][PASSED] - executor.executeScript("arguments[0].click();", findWebElement(findTestObject("Object Repository/ReplicatedSite/input_creditcard_expiration_month"), 5)): null

2019-10-10 15:56:11 - [TEST_STEP][PASSED] - click(findTestObject("Object Repository/ReplicatedSite/input_creditcard_expiration_month")): Object: 'Object Repository/ReplicatedSite/input_creditcard_expiration_month' is clicked on

2019-10-10 15:56:11 - [MESSAGE][PASSED] - Object: 'Object Repository/ReplicatedSite/input_creditcard_expiration_month' is clicked on

2019-10-10 15:56:11 - [TEST_STEP][PASSED] - executor.executeScript("arguments[0].click();", findWebElement(findTestObject("Object Repository/ReplicatedSite/input_creditcard_expiration_year"), 5)): null

2019-10-10 15:56:11 - [TEST_STEP][PASSED] - click(findTestObject("Object Repository/ReplicatedSite/input_creditcard_expiration_year")): Object: 'Object Repository/ReplicatedSite/input_creditcard_expiration_year' is clicked on

2019-10-10 15:56:11 - [MESSAGE][PASSED] - Object: 'Object Repository/ReplicatedSite/input_creditcard_expiration_year' is clicked on

2019-10-10 15:56:11 - [TEST_STEP][PASSED] - executor.executeScript("arguments[0].click();", findWebElement(findTestObject("Object Repository/ReplicatedSite/input_billing_address"), 5)): null

2019-10-10 15:56:11 - [TEST_STEP][PASSED] - executor.executeScript("arguments[0].click();", findWebElement(findTestObject("Object Repository/ReplicatedSite/input_billing_location_mailing"), 5)): null

2019-10-10 15:56:11 - [TEST_STEP][PASSED] - executor.executeScript("arguments[0].click();", findWebElement(findTestObject("Object Repository/ReplicatedSite/input_billing_location_add_new"), 5)): null

2019-10-10 15:56:11 - [TEST_STEP][PASSED] - executor.executeScript("arguments[0].click();", findWebElement(findTestObject("Object Repository/ReplicatedSite/input_billing_location_mailing"), 5)): null

2019-10-10 15:56:11 - [TEST_STEP][PASSED] - driver = getWebDriver(): null

2019-10-10 15:56:11 - [TEST_STEP][PASSED] - element = driver.findElement(By.xpath("(//button[@type='submit']/span[contains(text(), 'Save')])[2]")): null

2019-10-10 15:56:11 - [TEST_STEP][PASSED] - actions = new org.openqa.selenium.interactions.Actions(driver): null

2019-10-10 15:56:11 - [TEST_STEP][PASSED] - build().perform(): null

2019-10-10 15:56:11 - [TEST_STEP][PASSED] - delay(10): Delayed 10 second(s)

2019-10-10 15:56:21 - [MESSAGE][PASSED] - Delayed 10 second(s)

2019-10-10 15:56:21 - [TEST_STEP][PASSED] - waitForElementClickable(findTestObject("ReplicatedSite/button_save_and_continue_2"), 60): Object 'Object Repository/ReplicatedSite/button_save_and_continue_2' is clickable

2019-10-10 15:56:21 - [MESSAGE][PASSED] - Object 'Object Repository/ReplicatedSite/button_save_and_continue_2' is clickable

2019-10-10 15:56:21 - [TEST_STEP][PASSED] - driver = getWebDriver(): null

2019-10-10 15:56:21 - [TEST_STEP][PASSED] - element = driver.findElement(By.xpath("(//button/span[contains(text(), 'Save and Continue')])[2]")): null

2019-10-10 15:56:21 - [TEST_STEP][PASSED] - executor.executeScript("arguments[0].click();", element): null

2019-10-10 15:56:21 - [TEST_STEP][PASSED] - delay(5): Delayed 5 second(s)

2019-10-10 15:56:26 - [MESSAGE][PASSED] - Delayed 5 second(s)

2019-10-10 15:56:26 - [TEST_STEP][PASSED] - waitForElementClickable(findTestObject("Object Repository/ReplicatedSite/span_complete_order"), 30): Object 'Object Repository/ReplicatedSite/span_complete_order' is clickable

2019-10-10 15:56:26 - [MESSAGE][PASSED] - Object 'Object Repository/ReplicatedSite/span_complete_order' is clickable

2019-10-10 15:56:26 - [TEST_STEP][PASSED] - element = driver.findElement(By.xpath("//span[contains(text(), 'COMPLETE ORDER')]")): null

2019-10-10 15:56:26 - [TEST_STEP][PASSED] - executor.executeScript("arguments[0].click();", element): null

2019-10-10 15:56:26 - [TEST_STEP][PASSED] - delay(5): Delayed 5 second(s)

2019-10-10 15:56:31 - [MESSAGE][PASSED] - Delayed 5 second(s)

2019-10-10 15:56:31 - [TEST_STEP][PASSED] - executor.executeScript("arguments[0].click();", findWebElement(findTestObject("Object Repository/ReplicatedSite/h1_thanks_msg"), 5)): null

2019-10-10 15:56:32 - [TEST_STEP][PASSED] - delay(3): Delayed 3 second(s)

2019-10-10 15:56:35 - [MESSAGE][PASSED] - Delayed 3 second(s)

2019-10-10 15:56:35 - [MESSAGE][PASSED] - Call Test Case 'Test Cases/EditOrder/retailOrderRS' successfully

2019-10-10 15:56:35 - [TEST_STEP][PASSED] - verifyElementText(findTestObject("Object Repository/ReplicatedSite/h1_thanks_msg"), "Thanks for placing your order!"): Actual text and expected text of test object 'Object Repository/ReplicatedSite/h1_thanks_msg' are matched.

2019-10-10 15:56:35 - [MESSAGE][PASSED] - Actual text and expected text of test object 'Object Repository/ReplicatedSite/h1_thanks_msg' are matched.

2019-10-10 15:56:35 - [TEST_STEP][PASSED] - orderID = getText(findTestObject("Object Repository/ReplicatedSite/span_rs_orderid")): Text of object 'Object Repository/ReplicatedSite/span_rs_orderid' is: 'RP708358015'

2019-10-10 15:56:35 - [MESSAGE][PASSED] - Text of object 'Object Repository/ReplicatedSite/span_rs_orderid' is: 'RP708358015'

2019-10-10 15:56:35 - [TEST_STEP][PASSED] - println(orderID): null

2019-10-10 15:56:35 - [TEST_STEP][PASSED] - click(findTestObject("Object Repository/ReplicatedSite/addItemsLink")): Object: 'Object Repository/ReplicatedSite/addItemsLink' is clicked on

2019-10-10 15:56:35 - [MESSAGE][PASSED] - Object: 'Object Repository/ReplicatedSite/addItemsLink' is clicked on

2019-10-10 15:56:35 - [TEST_STEP][PASSED] - delay(5): Delayed 5 second(s)

2019-10-10 15:56:40 - [MESSAGE][PASSED] - Delayed 5 second(s)

2019-10-10 15:56:40 - [TEST_STEP][PASSED] - title = getWindowTitle(): Current window's title is: 'Clothes - Cabi Fall 2019 Collection'

2019-10-10 15:56:53 - [MESSAGE][PASSED] - Current window's title is: 'Clothes - Cabi Fall 2019 Collection'

2019-10-10 15:56:53 - [TEST_STEP][PASSED] - verifyMatch(title, "Clothes - Cabi Fall 2019 Collection", true, CONTINUE_ON_FAILURE): Actual text 'Clothes - Cabi Fall 2019 Collection' and expected text 'Clothes - Cabi Fall 2019 Collection' are matched  using regular expression

2019-10-10 15:56:53 - [MESSAGE][PASSED] - Actual text 'Clothes - Cabi Fall 2019 Collection' and expected text 'Clothes - Cabi Fall 2019 Collection' are matched  using regular expression

2019-10-10 15:56:53 - [TEST_STEP][PASSED] - click(findTestObject("Object Repository/ReplicatedSite/a_cart_svg")): Object: 'Object Repository/ReplicatedSite/a_cart_svg' is clicked on

2019-10-10 15:56:58 - [MESSAGE][PASSED] - Object: 'Object Repository/ReplicatedSite/a_cart_svg' is clicked on

2019-10-10 15:56:58 - [TEST_STEP][PASSED] - delay(5): Delayed 5 second(s)

2019-10-10 15:57:03 - [MESSAGE][PASSED] - Delayed 5 second(s)

2019-10-10 15:57:03 - [TEST_STEP][PASSED] - click(findTestObject("Object Repository/ReplicatedSite/shopForMoreItemsLink")): Object: 'Object Repository/ReplicatedSite/shopForMoreItemsLink' is clicked on

2019-10-10 15:57:18 - [MESSAGE][PASSED] - Object: 'Object Repository/ReplicatedSite/shopForMoreItemsLink' is clicked on

2019-10-10 15:57:18 - [TEST_STEP][PASSED] - verifyMatch(title, "Clothes - Cabi Fall 2019 Collection", true, CONTINUE_ON_FAILURE): Actual text 'Clothes - Cabi Fall 2019 Collection' and expected text 'Clothes - Cabi Fall 2019 Collection' are matched  using regular expression

2019-10-10 15:57:18 - [MESSAGE][PASSED] - Actual text 'Clothes - Cabi Fall 2019 Collection' and expected text 'Clothes - Cabi Fall 2019 Collection' are matched  using regular expression

2019-10-10 15:57:18 - [TEST_STEP][PASSED] - click(findTestObject("Object Repository/ReplicatedSite/a_cart_svg")): Object: 'Object Repository/ReplicatedSite/a_cart_svg' is clicked on

2019-10-10 15:57:26 - [MESSAGE][PASSED] - Object: 'Object Repository/ReplicatedSite/a_cart_svg' is clicked on

2019-10-10 15:57:26 - [TEST_STEP][PASSED] - delay(5): Delayed 5 second(s)

2019-10-10 15:57:31 - [MESSAGE][PASSED] - Delayed 5 second(s)

2019-10-10 15:57:31 - [TEST_STEP][PASSED] - click(findTestObject("Object Repository/ReplicatedSite/a_update_order")): Object: 'Object Repository/ReplicatedSite/a_update_order' is clicked on

2019-10-10 15:57:32 - [MESSAGE][PASSED] - Object: 'Object Repository/ReplicatedSite/a_update_order' is clicked on

2019-10-10 15:57:32 - [TEST_STEP][PASSED] - delay(5): Delayed 5 second(s)

2019-10-10 15:57:37 - [MESSAGE][PASSED] - Delayed 5 second(s)

2019-10-10 15:57:37 - [TEST_STEP][PASSED] - callTestCase(findTestCase("EditOrder/rsUpdateOrder"), [:], STOP_ON_FAILURE): Call Test Case 'Test Cases/EditOrder/rsUpdateOrder' successfully

2019-10-10 15:57:37 - [TEST_CASE][PASSED] - Test Cases/EditOrder/rsUpdateOrder: Test Cases/EditOrder/rsUpdateOrder

2019-10-10 15:57:37 - [TEST_STEP][PASSED] - driver = getWebDriver(): null

2019-10-10 15:57:37 - [TEST_STEP][PASSED] - executor = driver: null

2019-10-10 15:57:37 - [TEST_STEP][PASSED] - element = <not implemented yet for class: org.codehaus.groovy.ast.expr.EmptyExpression>: null

2019-10-10 15:57:37 - [TEST_STEP][PASSED] - actions = <not implemented yet for class: org.codehaus.groovy.ast.expr.EmptyExpression>: null

2019-10-10 15:57:37 - [TEST_STEP][PASSED] - click(findTestObject("Object Repository/ReplicatedSite/input_other_address")): Object: 'Object Repository/ReplicatedSite/input_other_address' is clicked on

2019-10-10 15:57:47 - [MESSAGE][PASSED] - Object: 'Object Repository/ReplicatedSite/input_other_address' is clicked on

2019-10-10 15:57:47 - [TEST_STEP][PASSED] - contactNumber = 3: null

2019-10-10 15:57:47 - [TEST_STEP][PASSED] - address1 = findTestData("contactData").getValue("address1", contactNumber): null

2019-10-10 15:57:47 - [TEST_STEP][PASSED] - city = findTestData("contactData").getValue("city", contactNumber): null

2019-10-10 15:57:47 - [TEST_STEP][PASSED] - state = findTestData("contactData").getValue("state", contactNumber): null

2019-10-10 15:57:47 - [TEST_STEP][PASSED] - zip = findTestData("contactData").getValue("zip", contactNumber): null

2019-10-10 15:57:47 - [TEST_STEP][PASSED] - setText(findTestObject("Object Repository/ReplicatedSite/input_address1_update"), address1): Text '975 BRAHMS CT' is set on object 'Object Repository/ReplicatedSite/input_address1_update'

2019-10-10 15:57:47 - [MESSAGE][PASSED] - Text '975 BRAHMS CT' is set on object 'Object Repository/ReplicatedSite/input_address1_update'

2019-10-10 15:57:47 - [TEST_STEP][PASSED] - setText(findTestObject("Object Repository/ReplicatedSite/input_city_update"), city): Text 'TROY' is set on object 'Object Repository/ReplicatedSite/input_city_update'

2019-10-10 15:57:47 - [MESSAGE][PASSED] - Text 'TROY' is set on object 'Object Repository/ReplicatedSite/input_city_update'

2019-10-10 15:57:47 - [TEST_STEP][PASSED] - xpath = UtilityMethods.concat("//select[@id='stateProvince']/option[@label='", state, "']"): null

2019-10-10 15:57:47 - [TEST_STEP][PASSED] - addressState = new com.kms.katalon.core.testobject.TestObject(select_state_dynamic): null

2019-10-10 15:57:47 - [TEST_STEP][PASSED] - addressState.addProperty("xpath", EQUALS, xpath): null

2019-10-10 15:57:47 - [TEST_STEP][PASSED] - click(addressState): Object: 'select_state_dynamic' is clicked on

2019-10-10 15:57:47 - [MESSAGE][PASSED] - Object: 'select_state_dynamic' is clicked on

2019-10-10 15:57:47 - [TEST_STEP][PASSED] - setText(findTestObject("Object Repository/ReplicatedSite/input_postal_code_update"), zip): Text '48085' is set on object 'Object Repository/ReplicatedSite/input_postal_code_update'

2019-10-10 15:57:47 - [MESSAGE][PASSED] - Text '48085' is set on object 'Object Repository/ReplicatedSite/input_postal_code_update'

2019-10-10 15:57:47 - [TEST_STEP][PASSED] - delay(4): Delayed 4 second(s)

2019-10-10 15:57:51 - [MESSAGE][PASSED] - Delayed 4 second(s)

2019-10-10 15:57:51 - [TEST_STEP][PASSED] - driver = getWebDriver(): null

2019-10-10 15:57:51 - [TEST_STEP][PASSED] - element = driver.findElement(By.xpath("//button[@type='submit']/span[contains(text(), 'Save')]")): null

2019-10-10 15:57:52 - [TEST_STEP][PASSED] - actions = new org.openqa.selenium.interactions.Actions(driver): null

2019-10-10 15:57:52 - [TEST_STEP][PASSED] - build().perform(): null

2019-10-10 15:57:52 - [TEST_STEP][PASSED] - waitForElementClickable(findTestObject("Object Repository/ReplicatedSite/button_save_and_continue"), 30): Object 'Object Repository/ReplicatedSite/button_save_and_continue' is clickable

2019-10-10 15:57:52 - [MESSAGE][PASSED] - Object 'Object Repository/ReplicatedSite/button_save_and_continue' is clickable

2019-10-10 15:57:52 - [TEST_STEP][PASSED] - element = driver.findElement(By.xpath("(//button[@class='btn pull-right'])[1]")): null

2019-10-10 15:57:52 - [TEST_STEP][PASSED] - executor = driver: null

2019-10-10 15:57:52 - [TEST_STEP][PASSED] - executor.executeScript("arguments[0].click();", element): null

2019-10-10 15:57:52 - [TEST_STEP][PASSED] - delay(3): Delayed 3 second(s)

2019-10-10 15:57:55 - [MESSAGE][PASSED] - Delayed 3 second(s)

2019-10-10 15:57:55 - [TEST_STEP][PASSED] - executor.executeScript("arguments[0].click();", findWebElement(findTestObject("Object Repository/ReplicatedSite/input_make_donation"), 5)): null

2019-10-10 15:57:55 - [TEST_STEP][PASSED] - delay(2): Delayed 2 second(s)

2019-10-10 15:57:57 - [MESSAGE][PASSED] - Delayed 2 second(s)

2019-10-10 15:57:57 - [TEST_STEP][PASSED] - executor.executeScript("arguments[0].click();", findWebElement(findTestObject("Object Repository/ReplicatedSite/input_make_donation"), 5)): null

2019-10-10 15:57:57 - [TEST_STEP][PASSED] - executor.executeScript("arguments[0].click();", findWebElement(findTestObject("Object Repository/ReplicatedSite/input_pay_with_gc"), 5)): null

2019-10-10 15:57:57 - [TEST_STEP][PASSED] - delay(2): Delayed 2 second(s)

2019-10-10 15:57:59 - [MESSAGE][PASSED] - Delayed 2 second(s)

2019-10-10 15:57:59 - [TEST_STEP][PASSED] - executor.executeScript("arguments[0].click();", findWebElement(findTestObject("Object Repository/ReplicatedSite/input_pay_with_gc"), 5)): null

2019-10-10 15:57:59 - [TEST_STEP][PASSED] - executor.executeScript("arguments[0].click();", findWebElement(findTestObject("Object Repository/ReplicatedSite/input_pay_with_credit"), 5)): null

2019-10-10 15:57:59 - [TEST_STEP][PASSED] - delay(2): Delayed 2 second(s)

2019-10-10 15:58:01 - [MESSAGE][PASSED] - Delayed 2 second(s)

2019-10-10 15:58:01 - [TEST_STEP][PASSED] - executor.executeScript("arguments[0].click();", findWebElement(findTestObject("Object Repository/ReplicatedSite/input_pay_with_credit"), 5)): null

2019-10-10 15:58:01 - [TEST_STEP][PASSED] - delay(2): Delayed 2 second(s)

2019-10-10 15:58:03 - [MESSAGE][PASSED] - Delayed 2 second(s)

2019-10-10 15:58:03 - [TEST_STEP][PASSED] - RSURL = findTestData("envtData").getValue("RSURL", 1): null

2019-10-10 15:58:03 - [TEST_STEP][PASSED] - cartURL = UtilityMethods.concat(RSURL, "/cart/"): null

2019-10-10 15:58:03 - [TEST_STEP][PASSED] - navigateToUrl(cartURL): Navigate to 'https://mirandakate.cabitest5.com/cart/' successfully

2019-10-10 15:58:09 - [MESSAGE][PASSED] - Navigate to 'https://mirandakate.cabitest5.com/cart/' successfully

2019-10-10 15:58:09 - [MESSAGE][PASSED] - Call Test Case 'Test Cases/EditOrder/rsUpdateOrder' successfully

2019-10-10 15:58:09 - [TEST_STEP][PASSED] - delay(3): Delayed 3 second(s)

2019-10-10 15:58:12 - [MESSAGE][PASSED] - Delayed 3 second(s)

2019-10-10 15:58:12 - [TEST_STEP][PASSED] - click(findTestObject("Object Repository/ReplicatedSite/a_cancel_edit")): Object: 'Object Repository/ReplicatedSite/a_cancel_edit' is clicked on

2019-10-10 15:58:12 - [MESSAGE][PASSED] - Object: 'Object Repository/ReplicatedSite/a_cancel_edit' is clicked on

2019-10-10 15:58:12 - [TEST_STEP][PASSED] - cancelEditButton = findWebElements(findTestObject("Object Repository/ReplicatedSite/h2_sure_to_cancel_edit"), 1): null

2019-10-10 15:58:12 - [TEST_STEP][PASSED] - assert cancelEditButton.size() > 0: null

2019-10-10 15:58:12 - [TEST_STEP][PASSED] - click(findTestObject("ReplicatedSite/button_yes_cancel_edit")): Object: 'Object Repository/ReplicatedSite/button_yes_cancel_edit' is clicked on

2019-10-10 15:58:12 - [MESSAGE][PASSED] - Object: 'Object Repository/ReplicatedSite/button_yes_cancel_edit' is clicked on

2019-10-10 15:58:12 - [TEST_STEP][PASSED] - xpath = UtilityMethods.concat("//span[contains(text(), '", orderID, "')]/parent::div/parent::div/div[@class='table-row-edit-order']"): null

2019-10-10 15:58:12 - [TEST_STEP][PASSED] - to = new com.kms.katalon.core.testobject.TestObject(a_edit_link): null

2019-10-10 15:58:12 - [TEST_STEP][PASSED] - to.addProperty("xpath", EQUALS, xpath): null

2019-10-10 15:58:12 - [TEST_STEP][PASSED] - delay(5): Delayed 5 second(s)

2019-10-10 15:58:17 - [MESSAGE][PASSED] - Delayed 5 second(s)

2019-10-10 15:58:17 - [TEST_STEP][PASSED] - println(to.getXpaths()): null

2019-10-10 15:58:17 - [TEST_STEP][PASSED] - click(to): Object: 'a_edit_link' is clicked on

2019-10-10 15:58:18 - [MESSAGE][PASSED] - Object: 'a_edit_link' is clicked on

2019-10-10 15:58:18 - [TEST_STEP][PASSED] - delay(5): Delayed 5 second(s)

2019-10-10 15:58:23 - [MESSAGE][PASSED] - Delayed 5 second(s)

2019-10-10 15:58:23 - [TEST_STEP][PASSED] - click(findTestObject("Object Repository/ReplicatedSite/a_cancel_order")): Object: 'Object Repository/ReplicatedSite/a_cancel_order' is clicked on

2019-10-10 15:58:24 - [MESSAGE][PASSED] - Object: 'Object Repository/ReplicatedSite/a_cancel_order' is clicked on

2019-10-10 15:58:24 - [TEST_STEP][PASSED] - delay(5): Delayed 5 second(s)

2019-10-10 15:58:29 - [MESSAGE][PASSED] - Delayed 5 second(s)

2019-10-10 15:58:29 - [TEST_STEP][PASSED] - cancelOrderButton = findWebElements(findTestObject("Object Repository/ReplicatedSite/h2_sure_to_cancel_order"), 1): null

2019-10-10 15:58:29 - [TEST_STEP][PASSED] - assert cancelOrderButton.size() > 0: null

2019-10-10 15:58:29 - [TEST_STEP][PASSED] - click(findTestObject("Object Repository/ReplicatedSite/button_yes_cancel_order")): Object: 'Object Repository/ReplicatedSite/button_yes_cancel_order' is clicked on

2019-10-10 15:58:29 - [MESSAGE][PASSED] - Object: 'Object Repository/ReplicatedSite/button_yes_cancel_order' is clicked on

2019-10-10 15:58:29 - [TEST_STEP][PASSED] - delay(5): Delayed 5 second(s)

2019-10-10 15:58:34 - [MESSAGE][PASSED] - Delayed 5 second(s)

2019-10-10 15:58:34 - [TEST_STEP][PASSED] - div_cancelled_order = UtilityMethods.createTestObject("div_cancelled_order", "//span[contains(text(), '", orderID, "')]/parent::div/parent::div/div[@class='table-row-status']/span"): null

2019-10-10 15:58:34 - [TEST_STEP][PASSED] - println(getText(div_cancelled_order)): Text of object 'div_cancelled_order' is: ''

2019-10-10 15:58:36 - [MESSAGE][PASSED] - Text of object 'div_cancelled_order' is: '']]></system-out>
         <system-err><![CDATA[]]></system-err>
      </testcase>
      <system-out><![CDATA[2019-10-10 15:43:09 - [TEST_SUITE][PASSED] - EditOrderSuite: Test Cases/EditOrder-V/rsEditOrderAddNewItems]]></system-out>
      <system-err><![CDATA[]]></system-err>
   </testsuite>
</testsuites>
