<?xml version="1.0" encoding="UTF-8"?>
<testsuites name="NewArrivalsSuite1" time="306" tests="1" failures="0" errors="0">
   <testsuite name="NewArrivalsSuite1" tests="1" failures="0" errors="0" time="306" timestamp="2019-11-20 18:33:41" hostname="user - 10.0.102.44" id="Test Suites/NewArrivalsSuites/NewArrivalsSuite1">
      <properties>
         <property name="deviceName" value=""/>
         <property name="devicePlatform" value=""/>
         <property name="logFolder" value="C:\\Users\\user\\Documents\\testautomation\\KatalonProjects\\Reports\\NewArrivalsSuites\\NewArrivalsSuite1\\20191120_183337"/>
         <property name="logFiles" value="C:\\Users\\user\\Documents\\testautomation\\KatalonProjects\\Reports\\NewArrivalsSuites\\NewArrivalsSuite1\\20191120_183337\\execution0.log"/>
         <property name="attachments" value="C:\\Users\\user\\Documents\\testautomation\\KatalonProjects\\productImages\\BOPersonal_5756 image.png, C:\\Users\\user\\Documents\\testautomation\\KatalonProjects\\productImages\\BOPersonal_5757 image.png, C:\\Users\\user\\Documents\\testautomation\\KatalonProjects\\productImages\\BOPersonal_5758 image.png, C:\\Users\\user\\Documents\\testautomation\\KatalonProjects\\productImages\\BOPersonal_5759 image.png, C:\\Users\\user\\Documents\\testautomation\\KatalonProjects\\productImages\\BOPersonal_5761 image.png, C:\\Users\\user\\Documents\\testautomation\\KatalonProjects\\productImages\\BOPersonal_5762 image.png, C:\\Users\\user\\Documents\\testautomation\\KatalonProjects\\productImages\\BOPersonal_5771 image.png, C:\\Users\\user\\Documents\\testautomation\\KatalonProjects\\productImages\\BOPersonal_5772 image.png, C:\\Users\\user\\Documents\\testautomation\\KatalonProjects\\productImages\\BOPersonal_5773 image.png, C:\\Users\\user\\Documents\\testautomation\\KatalonProjects\\productImages\\BOPersonal_5776 image.png, C:\\Users\\user\\Documents\\testautomation\\KatalonProjects\\productImages\\BOPersonal_5777 image.png, C:\\Users\\user\\Documents\\testautomation\\KatalonProjects\\productImages\\BOPersonal_6022 image.png, C:\\Users\\user\\Documents\\testautomation\\KatalonProjects\\productImages\\BOPersonal_6023 image.png"/>
         <property name="hostName" value="user - 10.0.102.44"/>
         <property name="os" value="Windows 8.1 64bit"/>
         <property name="katalonVersion" value="6.1.1.1"/>
         <property name="browser" value="Chrome 78.0.3904.97"/>
         <property name="hostAddress" value="10.0.102.44"/>
         <property name="sessionId" value="79fc9ac1fe4e4d4b382649f5c5bdd3c9"/>
         <property name="seleniumVersion" value="3.7.1"/>
         <property name="proxyInformation" value="ProxyInformation{proxyOption=NO_PROXY, proxyServerType=HTTP, password=, proxyServerAddress=, proxyServerPort=0}"/>
         <property name="platform" value="Windows 8.1"/>
      </properties>
      <testcase name="Test Cases/NA_Timezone_Separated/BOPersonal1" classname="Test Cases/NA_Timezone_Separated/BOPersonal1" status="PASSED">
         <system-out><![CDATA[2019-11-20 18:33:42 - [TEST_CASE][PASSED] - Test Cases/NA_Timezone_Separated/BOPersonal1: Test Cases/NA_Timezone_Separated/BOPersonal1

2019-11-20 18:33:42 - [TEST_STEP][PASSED] - Start listener action : sampleBeforeTestCase: null

2019-11-20 18:33:42 - [TEST_STEP][PASSED] - println(testCaseContext.getTestCaseId()): null

2019-11-20 18:33:42 - [TEST_STEP][PASSED] - println(testCaseContext.getTestCaseVariables()): null

2019-11-20 18:33:43 - [TEST_STEP][PASSED] - openBrowser(""): Browser is opened with url: ''

2019-11-20 18:33:43 - [MESSAGE][INFO] - Starting 'Chrome' driver

2019-11-20 18:33:43 - [MESSAGE][INFO] - User set preference: ['args', '[--use-fake-ui-for-media-stream, --start-maximized]']

2019-11-20 18:33:43 - [MESSAGE][INFO] - Action delay is set to 0 seconds

2019-11-20 18:33:47 - [MESSAGE][PASSED] - Browser is opened with url: ''

2019-11-20 18:33:47 - [TEST_STEP][PASSED] - for ([timeRow = 1, timeRow <= 1, (timeRow++)]): Call Test Case 'Test Cases/NewArrival/productVerify' successfully

2019-11-20 18:33:47 - [TEST_STEP][PASSED] - callTestCase(findTestCase("NewArrival/populateTimeGlobalVars"), ["row":timeRow], CONTINUE_ON_FAILURE): Call Test Case 'Test Cases/NewArrival/populateTimeGlobalVars' successfully

2019-11-20 18:33:47 - [TEST_CASE][PASSED] - Test Cases/NewArrival/populateTimeGlobalVars: Test Cases/NewArrival/populateTimeGlobalVars

2019-11-20 18:33:47 - [TEST_STEP][PASSED] - dataFile = "timezoneData": null

2019-11-20 18:33:47 - [TEST_STEP][PASSED] - clockServerTarget = UtilityMethods.getTestData("envtData", "clockServerTarget", 1): null

2019-11-20 18:33:50 - [TEST_STEP][PASSED] - println(clockServerTarget): null

2019-11-20 18:33:50 - [TEST_STEP][PASSED] - orderType = UtilityMethods.getTestData(dataFile, "orderType", row): null

2019-11-20 18:33:50 - [TEST_STEP][PASSED] - timeZone = UtilityMethods.getTestData(dataFile, "timeZone", row): null

2019-11-20 18:33:50 - [TEST_STEP][PASSED] - BOPersonal = UtilityMethods.getTestData(dataFile, "BOPersonal", row): null

2019-11-20 18:33:50 - [TEST_STEP][PASSED] - BOAddonPersonal = UtilityMethods.getTestData(dataFile, "BOAddonPersonal", row): null

2019-11-20 18:33:50 - [TEST_STEP][PASSED] - BOAddonRetail = UtilityMethods.getTestData(dataFile, "BOAddonRetail", row): null

2019-11-20 18:33:50 - [TEST_STEP][PASSED] - BORetail = UtilityMethods.getTestData(dataFile, "BORetail", row): null

2019-11-20 18:33:50 - [TEST_STEP][PASSED] - BOShow = UtilityMethods.getTestData(dataFile, "BOShow", row): null

2019-11-20 18:33:50 - [TEST_STEP][PASSED] - BOOnlineoutlet = UtilityMethods.getTestData(dataFile, "BOOnlineoutlet", row): null

2019-11-20 18:33:50 - [TEST_STEP][PASSED] - BOEmployee = UtilityMethods.getTestData(dataFile, "BOEmployee", row): null

2019-11-20 18:33:50 - [TEST_STEP][PASSED] - CCPersonal = UtilityMethods.getTestData(dataFile, "CCPersonal", row): null

2019-11-20 18:33:50 - [TEST_STEP][PASSED] - CCRetail = UtilityMethods.getTestData(dataFile, "CCRetail", row): null

2019-11-20 18:33:50 - [TEST_STEP][PASSED] - CCShow = UtilityMethods.getTestData(dataFile, "CCShow", row): null

2019-11-20 18:33:50 - [TEST_STEP][PASSED] - BOEblast = UtilityMethods.getTestData(dataFile, "BOEblast", row): null

2019-11-20 18:33:50 - [TEST_STEP][PASSED] - println(row): null

2019-11-20 18:33:50 - [TEST_STEP][PASSED] - println(BOPersonal): null

2019-11-20 18:33:50 - [MESSAGE][PASSED] - Call Test Case 'Test Cases/NewArrival/populateTimeGlobalVars' successfully

2019-11-20 18:33:50 - [TEST_STEP][PASSED] - callTestCase(findTestCase("NewArrival/setTimezone"), ["ofbizURL":"", "ofbizuser":"", "ofbizpass":"", "orderType":orderType, "timeZone":timeZone, "serverTarget":serverTarget, "clockServerTarget":clockServerTarget], CONTINUE_ON_FAILURE): Call Test Case 'Test Cases/NewArrival/setTimezone' successfully

2019-11-20 18:33:51 - [TEST_CASE][PASSED] - Test Cases/NewArrival/setTimezone: Test Cases/NewArrival/setTimezone

2019-11-20 18:33:51 - [TEST_STEP][PASSED] - openBrowser(""): Browser is opened with url: ''

2019-11-20 18:33:51 - [MESSAGE][WARNING] - A browser is already opened. Closing browser and opening a new one

2019-11-20 18:33:52 - [MESSAGE][INFO] - Starting 'Chrome' driver

2019-11-20 18:33:52 - [MESSAGE][INFO] - User set preference: ['args', '[--use-fake-ui-for-media-stream, --start-maximized]']

2019-11-20 18:33:54 - [MESSAGE][PASSED] - Browser is opened with url: ''

2019-11-20 18:33:54 - [TEST_STEP][NOT_RUN] - maximizeWindow(): NOT_RUN: maximizeWindow()

2019-11-20 18:33:54 - [MESSAGE][NOT_RUN] - NOT_RUN: maximizeWindow()

2019-11-20 18:33:54 - [TEST_STEP][PASSED] - ofbizURL = findTestData("envtData").getValue("ofbizURL", 1): null

2019-11-20 18:33:54 - [TEST_STEP][PASSED] - ofbizuser = findTestData("credData").getValue("ofbizuser", 1): null

2019-11-20 18:33:54 - [TEST_STEP][PASSED] - ofbizpass = findTestData("credData").getValue("ofbizpass", 1): null

2019-11-20 18:33:54 - [TEST_STEP][PASSED] - navigateToUrl(ofbizURL): Navigate to 'https://pushofbiz.cliotest.com/login.php' successfully

2019-11-20 18:33:56 - [MESSAGE][PASSED] - Navigate to 'https://pushofbiz.cliotest.com/login.php' successfully

2019-11-20 18:33:56 - [TEST_STEP][PASSED] - setText(findTestObject("Page_/input_Username_username"), ofbizuser): Text 'automation' is set on object 'Object Repository/Page_/input_Username_username'

2019-11-20 18:33:56 - [MESSAGE][PASSED] - Text 'automation' is set on object 'Object Repository/Page_/input_Username_username'

2019-11-20 18:33:56 - [TEST_STEP][PASSED] - setText(findTestObject("Page_/input_Password_password"), ofbizpass): Text 'cabiautomation' is set on object 'Object Repository/Page_/input_Password_password'

2019-11-20 18:33:57 - [MESSAGE][PASSED] - Text 'cabiautomation' is set on object 'Object Repository/Page_/input_Password_password'

2019-11-20 18:33:57 - [TEST_STEP][PASSED] - click(findTestObject("Page_/input_Password_Submit")): Object: 'Object Repository/Page_/input_Password_Submit' is clicked on

2019-11-20 18:34:00 - [MESSAGE][PASSED] - Object: 'Object Repository/Page_/input_Password_Submit' is clicked on

2019-11-20 18:34:00 - [TEST_STEP][PASSED] - click(findTestObject("Object Repository/Page_/a_Clock set")): Object: 'Object Repository/Page_/a_Clock set' is clicked on

2019-11-20 18:34:01 - [MESSAGE][PASSED] - Object: 'Object Repository/Page_/a_Clock set' is clicked on

2019-11-20 18:34:01 - [TEST_STEP][PASSED] - cst = UtilityMethods.createTestObject("select_target", "//select[@name='Target']/option[contains(text(), '", clockServerTarget, "')]"): null

2019-11-20 18:34:01 - [TEST_STEP][PASSED] - println(clockServerTarget): null

2019-11-20 18:34:01 - [TEST_STEP][PASSED] - click(cst): Object: 'select_target' is clicked on

2019-11-20 18:34:01 - [MESSAGE][PASSED] - Object: 'select_target' is clicked on

2019-11-20 18:34:01 - [TEST_STEP][PASSED] - click(findTestObject("Page_/thisDateAndTime")): Object: 'Object Repository/Page_/thisDateAndTime' is clicked on

2019-11-20 18:34:01 - [MESSAGE][PASSED] - Object: 'Object Repository/Page_/thisDateAndTime' is clicked on

2019-11-20 18:34:01 - [TEST_STEP][PASSED] - setText(findTestObject("Object Repository/Page_/setTargetTime"), timeZone): Text ' 01/24/2020 7:00' is set on object 'Object Repository/Page_/setTargetTime'

2019-11-20 18:34:01 - [MESSAGE][PASSED] - Text ' 01/24/2020 7:00' is set on object 'Object Repository/Page_/setTargetTime'

2019-11-20 18:34:01 - [TEST_STEP][PASSED] - click(findTestObject("Object Repository/Page_/input")): Object: 'Object Repository/Page_/input' is clicked on

2019-11-20 18:34:02 - [MESSAGE][PASSED] - Object: 'Object Repository/Page_/input' is clicked on

2019-11-20 18:34:02 - [TEST_STEP][PASSED] - delay(10): Delayed 10 second(s)

2019-11-20 18:34:12 - [MESSAGE][PASSED] - Delayed 10 second(s)

2019-11-20 18:34:12 - [TEST_STEP][NOT_RUN] - closeBrowser(): NOT_RUN: closeBrowser()

2019-11-20 18:34:12 - [MESSAGE][NOT_RUN] - NOT_RUN: closeBrowser()

2019-11-20 18:34:12 - [MESSAGE][PASSED] - Call Test Case 'Test Cases/NewArrival/setTimezone' successfully

2019-11-20 18:34:12 - [TEST_STEP][PASSED] - callTestCase(findTestCase("TestCaseUtilities/backOfficeLogin"), ["BOURL":"", "BOuser":"", "BOpass":""], CONTINUE_ON_FAILURE): Call Test Case 'Test Cases/TestCaseUtilities/backOfficeLogin' successfully

2019-11-20 18:34:12 - [TEST_CASE][PASSED] - Test Cases/TestCaseUtilities/backOfficeLogin: Test Cases/TestCaseUtilities/backOfficeLogin

2019-11-20 18:34:12 - [TEST_STEP][PASSED] - BOURL = findTestData("envtData").getValue("BOURL", 1): null

2019-11-20 18:34:12 - [TEST_STEP][PASSED] - BOuser = findTestData("credData").getValue("BOuser", 1): null

2019-11-20 18:34:13 - [TEST_STEP][PASSED] - BOpass = findTestData("credData").getValue("BOpass", 1): null

2019-11-20 18:34:13 - [TEST_STEP][PASSED] - openBrowser(""): Browser is opened with url: ''

2019-11-20 18:34:13 - [MESSAGE][WARNING] - A browser is already opened. Closing browser and opening a new one

2019-11-20 18:34:13 - [MESSAGE][INFO] - Starting 'Chrome' driver

2019-11-20 18:34:13 - [MESSAGE][INFO] - User set preference: ['args', '[--use-fake-ui-for-media-stream, --start-maximized]']

2019-11-20 18:34:15 - [MESSAGE][PASSED] - Browser is opened with url: ''

2019-11-20 18:34:15 - [TEST_STEP][PASSED] - navigateToUrl(BOURL): Navigate to 'https://test7ca.cliotest.com/backoffice/control/main' successfully

2019-11-20 18:34:22 - [MESSAGE][PASSED] - Navigate to 'https://test7ca.cliotest.com/backoffice/control/main' successfully

2019-11-20 18:34:22 - [TEST_STEP][PASSED] - logOut = findWebElements(findTestObject("Object Repository/Page_cabi Home/log_out"), 1): Unable to find the element located by 'By.xpath: //a[contains(text(),'Log Out')]'. Please recheck the objects properties to make sure the desired element is located. 

2019-11-20 18:34:24 - [MESSAGE][INFO] - Unable to find the element located by 'By.xpath: //a[contains(text(),'Log Out')]'. Please recheck the objects properties to make sure the desired element is located. 

2019-11-20 18:34:24 - [TEST_STEP][PASSED] - if (logOut.size() == 0): Object: 'Object Repository/Page_cabi/input_Welcome to_consultantLogin' is clicked on

2019-11-20 18:34:24 - [TEST_STEP][PASSED] - setText(findTestObject("Page_cabi/input_Welcome to_USERNAME"), BOuser): Text 'CA1402' is set on object 'Object Repository/Page_cabi/input_Welcome to_USERNAME'

2019-11-20 18:34:24 - [MESSAGE][PASSED] - Text 'CA1402' is set on object 'Object Repository/Page_cabi/input_Welcome to_USERNAME'

2019-11-20 18:34:24 - [TEST_STEP][PASSED] - setText(findTestObject("Object Repository/Page_cabi/input_Welcome to_PASSWORD"), BOpass): Text 'blackdress19' is set on object 'Object Repository/Page_cabi/input_Welcome to_PASSWORD'

2019-11-20 18:34:24 - [MESSAGE][PASSED] - Text 'blackdress19' is set on object 'Object Repository/Page_cabi/input_Welcome to_PASSWORD'

2019-11-20 18:34:24 - [TEST_STEP][PASSED] - click(findTestObject("Object Repository/Page_cabi/input_Welcome to_consultantLogin")): Object: 'Object Repository/Page_cabi/input_Welcome to_consultantLogin' is clicked on

2019-11-20 18:34:33 - [MESSAGE][PASSED] - Object: 'Object Repository/Page_cabi/input_Welcome to_consultantLogin' is clicked on

2019-11-20 18:34:33 - [TEST_STEP][PASSED] - delay(3): Delayed 3 second(s)

2019-11-20 18:34:36 - [MESSAGE][PASSED] - Delayed 3 second(s)

2019-11-20 18:34:36 - [MESSAGE][PASSED] - Call Test Case 'Test Cases/TestCaseUtilities/backOfficeLogin' successfully

2019-11-20 18:34:36 - [TEST_STEP][PASSED] - click(findTestObject("Object Repository/Page_cabi Home/a_Shows  Orders")): Object: 'Object Repository/Page_cabi Home/a_Shows  Orders' is clicked on

2019-11-20 18:34:36 - [MESSAGE][PASSED] - Object: 'Object Repository/Page_cabi Home/a_Shows  Orders' is clicked on

2019-11-20 18:34:36 - [TEST_STEP][PASSED] - click(findTestObject("Page_cabi Home/a_personal_purchases")): Object: 'Object Repository/Page_cabi Home/a_personal_purchases' is clicked on

2019-11-20 18:34:39 - [MESSAGE][PASSED] - Object: 'Object Repository/Page_cabi Home/a_personal_purchases' is clicked on

2019-11-20 18:34:39 - [TEST_STEP][PASSED] - click(findTestObject("Object Repository/Page_cabi Personal Store/span_Continue to Order")): Object: 'Object Repository/Page_cabi Personal Store/span_Continue to Order' is clicked on

2019-11-20 18:34:40 - [MESSAGE][PASSED] - Object: 'Object Repository/Page_cabi Personal Store/span_Continue to Order' is clicked on

2019-11-20 18:34:40 - [TEST_STEP][PASSED] - println(BOPersonal): null

2019-11-20 18:34:40 - [TEST_STEP][PASSED] - callTestCase(findTestCase("NewArrival/productVerify"), ["available":BOPersonal, "storeType":"BOPersonal"], CONTINUE_ON_FAILURE): Call Test Case 'Test Cases/NewArrival/productVerify' successfully

2019-11-20 18:34:40 - [TEST_CASE][PASSED] - Test Cases/NewArrival/productVerify: Test Cases/NewArrival/productVerify

2019-11-20 18:34:40 - [TEST_STEP][PASSED] - sa = <not implemented yet for class: org.codehaus.groovy.ast.expr.EmptyExpression>: null

2019-11-20 18:34:40 - [TEST_STEP][PASSED] - styleid_data = <not implemented yet for class: org.codehaus.groovy.ast.expr.EmptyExpression>: null

2019-11-20 18:34:40 - [TEST_STEP][PASSED] - by = <not implemented yet for class: org.codehaus.groovy.ast.expr.EmptyExpression>: null

2019-11-20 18:34:40 - [TEST_STEP][PASSED] - styleWe = <not implemented yet for class: org.codehaus.groovy.ast.expr.EmptyExpression>: null

2019-11-20 18:34:40 - [TEST_STEP][PASSED] - to = <not implemented yet for class: org.codehaus.groovy.ast.expr.EmptyExpression>: null

2019-11-20 18:34:40 - [TEST_STEP][PASSED] - driver = getWebDriver(): null

2019-11-20 18:34:40 - [TEST_STEP][PASSED] - rowNumbers = findTestData("productData").getRowNumbers(): null

2019-11-20 18:34:41 - [TEST_STEP][PASSED] - println(rowNumbers): null

2019-11-20 18:34:41 - [TEST_STEP][PASSED] - for ([row = 1, row <= rowNumbers, (row++)]): null

2019-11-20 18:34:41 - [TEST_STEP][PASSED] - sa = new org.testng.asserts.SoftAssert(): null

2019-11-20 18:34:41 - [TEST_STEP][PASSED] - styleid_data = findTestData("productData").getValue("Style", row): null

2019-11-20 18:34:41 - [TEST_STEP][PASSED] - println("******************+++++++++++++++++++**********************************************"): null

2019-11-20 18:34:41 - [TEST_STEP][PASSED] - println(styleid_data): null

2019-11-20 18:34:41 - [TEST_STEP][PASSED] - by = By.xpath("//input[@name='style']"): null

2019-11-20 18:34:41 - [TEST_STEP][PASSED] - styleWe = UtilityMethods.getElementByLocator(by, driver): null

2019-11-20 18:34:41 - [TEST_STEP][PASSED] - to = UtilityMethods.fromElement(styleWe): null

2019-11-20 18:34:41 - [TEST_STEP][PASSED] - setText(to, styleid_data): Text '5756' is set on object ''

2019-11-20 18:34:41 - [MESSAGE][PASSED] - Text '5756' is set on object ''

2019-11-20 18:34:41 - [TEST_STEP][PASSED] - sendKeys(to, Keys.chord(ENTER)): Keys 'ENTER + ' sent to object: ''

2019-11-20 18:34:41 - [MESSAGE][PASSED] - Keys 'ENTER + ' sent to object: ''

2019-11-20 18:34:41 - [TEST_STEP][PASSED] - delay(2): Delayed 2 second(s)

2019-11-20 18:34:43 - [MESSAGE][PASSED] - Delayed 2 second(s)

2019-11-20 18:34:43 - [TEST_STEP][PASSED] - if (toString().equalsIgnoreCase("no")): null

2019-11-20 18:34:43 - [TEST_STEP][PASSED] - else: null

2019-11-20 18:34:43 - [TEST_STEP][PASSED] - click(findTestObject("Page_cabi Order Items/li_order_item")): Object: 'Object Repository/Page_cabi Order Items/li_order_item' is clicked on

2019-11-20 18:34:53 - [MESSAGE][PASSED] - Object: 'Object Repository/Page_cabi Order Items/li_order_item' is clicked on

2019-11-20 18:34:53 - [TEST_STEP][PASSED] - imagePath = UtilityMethods.createScreenshotImagePath(storeType, styleid_data): null

2019-11-20 18:34:53 - [TEST_STEP][PASSED] - println(imagePath): null

2019-11-20 18:34:53 - [TEST_STEP][PASSED] - takeScreenshot(imagePath): Taking screenshot successfully

2019-11-20 18:34:54 - [MESSAGE][PASSED] - Taking screenshot successfully
[[ATTACHMENT|C:\\Users\\user\\Documents\\testautomation\\KatalonProjects\\productImages\\BOPersonal_5756 image.png]]

2019-11-20 18:34:54 - [TEST_STEP][PASSED] - verifyElementText(findTestObject("Page_cabi Order Items/GetAttribute_getID"), styleid_data, CONTINUE_ON_FAILURE): Actual text and expected text of test object 'Object Repository/Page_cabi Order Items/GetAttribute_getID' are matched.

2019-11-20 18:34:54 - [MESSAGE][PASSED] - Actual text and expected text of test object 'Object Repository/Page_cabi Order Items/GetAttribute_getID' are matched.

2019-11-20 18:34:54 - [TEST_STEP][PASSED] - colorOptions = findWebElements(findTestObject("Page_cabi Order Items/GetAttribute_Color"), 5): null

2019-11-20 18:34:54 - [TEST_STEP][PASSED] - println(colorOptions.size()): null

2019-11-20 18:34:54 - [TEST_STEP][PASSED] - expectedColour = findTestData("productData").getValue("Color", row): null

2019-11-20 18:34:54 - [TEST_STEP][PASSED] - println("expected colour is"): null

2019-11-20 18:34:54 - [TEST_STEP][PASSED] - println(expectedColour): null

2019-11-20 18:34:54 - [TEST_STEP][PASSED] - colourVerified = false: null

2019-11-20 18:34:54 - [TEST_STEP][PASSED] - for (org.openqa.selenium.WebElement op : colorOptions): null

2019-11-20 18:34:54 - [TEST_STEP][PASSED] - println(op.getText()): null

2019-11-20 18:34:54 - [TEST_STEP][PASSED] - if (expectedColour.equalsIgnoreCase(op.getText())): null

2019-11-20 18:34:54 - [TEST_STEP][PASSED] - colourVerified = true: null

2019-11-20 18:34:54 - [TEST_STEP][PASSED] - break: null

2019-11-20 18:34:54 - [TEST_STEP][PASSED] - sa.assertTrue(colourVerified): null

2019-11-20 18:34:54 - [TEST_STEP][PASSED] - getPrice = getText(findTestObject("Page_cabi Order Items/GetAttribute_Price")): Text of object 'Object Repository/Page_cabi Order Items/GetAttribute_Price' is: 'Price : $109.00'

2019-11-20 18:34:54 - [MESSAGE][PASSED] - Text of object 'Object Repository/Page_cabi Order Items/GetAttribute_Price' is: 'Price : $109.00'

2019-11-20 18:34:54 - [TEST_STEP][PASSED] - Split_Data = UtilityMethods.SplitData(getPrice): null

2019-11-20 18:34:54 - [TEST_STEP][PASSED] - verifyMatch(Split_Data, findTestData("productData").getValue("Retail", row), true, CONTINUE_ON_FAILURE): Actual text '109' and expected text '109' are matched  using regular expression

2019-11-20 18:34:54 - [MESSAGE][PASSED] - Actual text '109' and expected text '109' are matched  using regular expression

2019-11-20 18:34:54 - [TEST_STEP][PASSED] - sizeRange1 = ["XXS", "XS", "S", "M", "L", "XL", "XXL"]: null

2019-11-20 18:34:54 - [TEST_STEP][PASSED] - sizeRange2 = ["00", "0", "2", "4", "6", "8", "10", "12", "14", "16"]: null

2019-11-20 18:34:54 - [TEST_STEP][PASSED] - sizeRange3 = ["Long", "Regular", "Short"]: null

2019-11-20 18:34:54 - [TEST_STEP][PASSED] - sizeRange4 = ["5", "6", "6.5", "7", "7.5", "8", "8.5", "9", "9.5", "10", "11"]: null

2019-11-20 18:34:54 - [TEST_STEP][PASSED] - sizeRange5 = ["XS/S", "M/L"]: null

2019-11-20 18:34:54 - [TEST_STEP][PASSED] - sizeRange6 = ["One Size"]: null

2019-11-20 18:34:54 - [TEST_STEP][PASSED] - sizeRangeSplit = UtilityMethods.SplitSizes(findTestData("productData").getValue("SzRange", row)): null

2019-11-20 18:34:54 - [TEST_STEP][PASSED] - sizeType = getText(findTestObject("Object Repository/Page_cabi Order Items/Size")): Text of object 'Object Repository/Page_cabi Order Items/Size' is: 'Select'

2019-11-20 18:34:54 - [MESSAGE][PASSED] - Text of object 'Object Repository/Page_cabi Order Items/Size' is: 'Select'

2019-11-20 18:34:54 - [TEST_STEP][PASSED] - sizeOptions = findWebElements(findTestObject("Object Repository/Page_cabi Order Items/Size"), 5): null

2019-11-20 18:34:54 - [TEST_STEP][PASSED] - actualRange = new java.util.ArrayList(): null

2019-11-20 18:34:54 - [TEST_STEP][PASSED] - expectedRange = <not implemented yet for class: org.codehaus.groovy.ast.expr.EmptyExpression>: null

2019-11-20 18:34:54 - [TEST_STEP][PASSED] - if (sizeType.equalsIgnoreCase("Select")): null

2019-11-20 18:34:54 - [TEST_STEP][PASSED] - for ([i = 1, i < sizeOptions.size(), (i++)]): null

2019-11-20 18:34:54 - [TEST_STEP][PASSED] - actualRange.add(getAttribute("value").toString()): null

2019-11-20 18:34:54 - [TEST_STEP][PASSED] - actualRange.add(getAttribute("value").toString()): null

2019-11-20 18:34:54 - [TEST_STEP][PASSED] - actualRange.add(getAttribute("value").toString()): null

2019-11-20 18:34:54 - [TEST_STEP][PASSED] - actualRange.add(getAttribute("value").toString()): null

2019-11-20 18:34:54 - [TEST_STEP][PASSED] - actualRange.add(getAttribute("value").toString()): null

2019-11-20 18:34:54 - [TEST_STEP][PASSED] - actualRange.add(getAttribute("value").toString()): null

2019-11-20 18:34:54 - [TEST_STEP][PASSED] - if (toString().equalsIgnoreCase("XS") || toString().equalsIgnoreCase("XXS")): null

2019-11-20 18:34:54 - [TEST_STEP][PASSED] - expectedRange = UtilityMethods.getExpectedRange(sizeRange1, sizeRangeSplit): null

2019-11-20 18:34:54 - [TEST_STEP][PASSED] - println("XS"): null

2019-11-20 18:34:54 - [TEST_STEP][PASSED] - println(expectedRange.toString()): null

2019-11-20 18:34:54 - [TEST_STEP][PASSED] - sa.assertTrue(UtilityMethods.listEquals(expectedRange, actualRange)): null

2019-11-20 18:34:54 - [TEST_STEP][PASSED] - delay(2): Delayed 2 second(s)

2019-11-20 18:34:56 - [MESSAGE][PASSED] - Delayed 2 second(s)

2019-11-20 18:34:56 - [TEST_STEP][PASSED] - verifyElementText(findTestObject("Page_cabi Order Items/product_title"), findTestData("productData").getValue("Description", row), CONTINUE_ON_FAILURE): Actual text and expected text of test object 'Object Repository/Page_cabi Order Items/product_title' are matched.

2019-11-20 18:34:57 - [MESSAGE][PASSED] - Actual text and expected text of test object 'Object Repository/Page_cabi Order Items/product_title' are matched.

2019-11-20 18:34:57 - [TEST_STEP][PASSED] - finalContent = findTestData("productData").getValue("FinalContent", row): null

2019-11-20 18:34:57 - [TEST_STEP][PASSED] - if (finalContent.equalsIgnoreCase("")): null

2019-11-20 18:34:57 - [TEST_STEP][PASSED] - else: Actual text and expected text of test object 'Object Repository/Page_cabi Order Items/product_fabric' are matched.

2019-11-20 18:34:57 - [TEST_STEP][PASSED] - verifyElementText(findTestObject("Page_cabi Order Items/product_fabric"), finalContent, CONTINUE_ON_FAILURE): Actual text and expected text of test object 'Object Repository/Page_cabi Order Items/product_fabric' are matched.

2019-11-20 18:34:57 - [MESSAGE][PASSED] - Actual text and expected text of test object 'Object Repository/Page_cabi Order Items/product_fabric' are matched.

2019-11-20 18:34:57 - [TEST_STEP][PASSED] - expectedCasreIntrn = findTestData("productData").getValue("CareInstr", row): null

2019-11-20 18:34:57 - [TEST_STEP][PASSED] - if (expectedCasreIntrn.equalsIgnoreCase("")): null

2019-11-20 18:34:57 - [TEST_STEP][PASSED] - else: null

2019-11-20 18:34:57 - [TEST_STEP][PASSED] - actualCasreIntrn = "<div>" + getText(findTestObject("Page_cabi Order Items/care_instruction")) + "</div>": Text of object 'Object Repository/Page_cabi Order Items/care_instruction' is: 'Wash by hand separately with cold water. Only non-chlorine bleach if needed. Lay flat to dry. Warm iron if needed.'

2019-11-20 18:34:57 - [MESSAGE][PASSED] - Text of object 'Object Repository/Page_cabi Order Items/care_instruction' is: 'Wash by hand separately with cold water. Only non-chlorine bleach if needed. Lay flat to dry. Warm iron if needed.'

2019-11-20 18:34:57 - [TEST_STEP][PASSED] - sa.assertTrue(actualCasreIntrn.equals(expectedCasreIntrn)): null

2019-11-20 18:34:57 - [TEST_STEP][PASSED] - sa = new org.testng.asserts.SoftAssert(): null

2019-11-20 18:34:57 - [TEST_STEP][PASSED] - styleid_data = findTestData("productData").getValue("Style", row): null

2019-11-20 18:34:57 - [TEST_STEP][PASSED] - println("******************+++++++++++++++++++**********************************************"): null

2019-11-20 18:34:57 - [TEST_STEP][PASSED] - println(styleid_data): null

2019-11-20 18:34:57 - [TEST_STEP][PASSED] - by = By.xpath("//input[@name='style']"): null

2019-11-20 18:34:57 - [TEST_STEP][PASSED] - styleWe = UtilityMethods.getElementByLocator(by, driver): null

2019-11-20 18:34:57 - [TEST_STEP][PASSED] - to = UtilityMethods.fromElement(styleWe): null

2019-11-20 18:34:57 - [TEST_STEP][PASSED] - setText(to, styleid_data): Text '5757' is set on object ''

2019-11-20 18:34:57 - [MESSAGE][PASSED] - Text '5757' is set on object ''

2019-11-20 18:34:57 - [TEST_STEP][PASSED] - sendKeys(to, Keys.chord(ENTER)): Keys 'ENTER + ' sent to object: ''

2019-11-20 18:34:57 - [MESSAGE][PASSED] - Keys 'ENTER + ' sent to object: ''

2019-11-20 18:34:57 - [TEST_STEP][PASSED] - delay(2): Delayed 2 second(s)

2019-11-20 18:34:59 - [MESSAGE][PASSED] - Delayed 2 second(s)

2019-11-20 18:34:59 - [TEST_STEP][PASSED] - if (toString().equalsIgnoreCase("no")): null

2019-11-20 18:34:59 - [TEST_STEP][PASSED] - else: null

2019-11-20 18:34:59 - [TEST_STEP][PASSED] - click(findTestObject("Page_cabi Order Items/li_order_item")): Object: 'Object Repository/Page_cabi Order Items/li_order_item' is clicked on

2019-11-20 18:35:10 - [MESSAGE][PASSED] - Object: 'Object Repository/Page_cabi Order Items/li_order_item' is clicked on

2019-11-20 18:35:10 - [TEST_STEP][PASSED] - imagePath = UtilityMethods.createScreenshotImagePath(storeType, styleid_data): null

2019-11-20 18:35:10 - [TEST_STEP][PASSED] - println(imagePath): null

2019-11-20 18:35:10 - [TEST_STEP][PASSED] - takeScreenshot(imagePath): Taking screenshot successfully

2019-11-20 18:35:11 - [MESSAGE][PASSED] - Taking screenshot successfully
[[ATTACHMENT|C:\\Users\\user\\Documents\\testautomation\\KatalonProjects\\productImages\\BOPersonal_5757 image.png]]

2019-11-20 18:35:11 - [TEST_STEP][PASSED] - verifyElementText(findTestObject("Page_cabi Order Items/GetAttribute_getID"), styleid_data, CONTINUE_ON_FAILURE): Actual text and expected text of test object 'Object Repository/Page_cabi Order Items/GetAttribute_getID' are matched.

2019-11-20 18:35:11 - [MESSAGE][PASSED] - Actual text and expected text of test object 'Object Repository/Page_cabi Order Items/GetAttribute_getID' are matched.

2019-11-20 18:35:11 - [TEST_STEP][PASSED] - colorOptions = findWebElements(findTestObject("Page_cabi Order Items/GetAttribute_Color"), 5): null

2019-11-20 18:35:11 - [TEST_STEP][PASSED] - println(colorOptions.size()): null

2019-11-20 18:35:11 - [TEST_STEP][PASSED] - expectedColour = findTestData("productData").getValue("Color", row): null

2019-11-20 18:35:11 - [TEST_STEP][PASSED] - println("expected colour is"): null

2019-11-20 18:35:11 - [TEST_STEP][PASSED] - println(expectedColour): null

2019-11-20 18:35:11 - [TEST_STEP][PASSED] - colourVerified = false: null

2019-11-20 18:35:11 - [TEST_STEP][PASSED] - for (org.openqa.selenium.WebElement op : colorOptions): null

2019-11-20 18:35:11 - [TEST_STEP][PASSED] - println(op.getText()): null

2019-11-20 18:35:11 - [TEST_STEP][PASSED] - if (expectedColour.equalsIgnoreCase(op.getText())): null

2019-11-20 18:35:11 - [TEST_STEP][PASSED] - colourVerified = true: null

2019-11-20 18:35:11 - [TEST_STEP][PASSED] - break: null

2019-11-20 18:35:11 - [TEST_STEP][PASSED] - sa.assertTrue(colourVerified): null

2019-11-20 18:35:11 - [TEST_STEP][PASSED] - getPrice = getText(findTestObject("Page_cabi Order Items/GetAttribute_Price")): Text of object 'Object Repository/Page_cabi Order Items/GetAttribute_Price' is: 'Price : $74.00'

2019-11-20 18:35:11 - [MESSAGE][PASSED] - Text of object 'Object Repository/Page_cabi Order Items/GetAttribute_Price' is: 'Price : $74.00'

2019-11-20 18:35:11 - [TEST_STEP][PASSED] - Split_Data = UtilityMethods.SplitData(getPrice): null

2019-11-20 18:35:11 - [TEST_STEP][PASSED] - verifyMatch(Split_Data, findTestData("productData").getValue("Retail", row), true, CONTINUE_ON_FAILURE): Actual text '74' and expected text '74' are matched  using regular expression

2019-11-20 18:35:11 - [MESSAGE][PASSED] - Actual text '74' and expected text '74' are matched  using regular expression

2019-11-20 18:35:11 - [TEST_STEP][PASSED] - sizeRange1 = ["XXS", "XS", "S", "M", "L", "XL", "XXL"]: null

2019-11-20 18:35:11 - [TEST_STEP][PASSED] - sizeRange2 = ["00", "0", "2", "4", "6", "8", "10", "12", "14", "16"]: null

2019-11-20 18:35:11 - [TEST_STEP][PASSED] - sizeRange3 = ["Long", "Regular", "Short"]: null

2019-11-20 18:35:12 - [TEST_STEP][PASSED] - sizeRange4 = ["5", "6", "6.5", "7", "7.5", "8", "8.5", "9", "9.5", "10", "11"]: null

2019-11-20 18:35:12 - [TEST_STEP][PASSED] - sizeRange5 = ["XS/S", "M/L"]: null

2019-11-20 18:35:12 - [TEST_STEP][PASSED] - sizeRange6 = ["One Size"]: null

2019-11-20 18:35:12 - [TEST_STEP][PASSED] - sizeRangeSplit = UtilityMethods.SplitSizes(findTestData("productData").getValue("SzRange", row)): null

2019-11-20 18:35:12 - [TEST_STEP][PASSED] - sizeType = getText(findTestObject("Object Repository/Page_cabi Order Items/Size")): Text of object 'Object Repository/Page_cabi Order Items/Size' is: 'Select'

2019-11-20 18:35:12 - [MESSAGE][PASSED] - Text of object 'Object Repository/Page_cabi Order Items/Size' is: 'Select'

2019-11-20 18:35:12 - [TEST_STEP][PASSED] - sizeOptions = findWebElements(findTestObject("Object Repository/Page_cabi Order Items/Size"), 5): null

2019-11-20 18:35:12 - [TEST_STEP][PASSED] - actualRange = new java.util.ArrayList(): null

2019-11-20 18:35:12 - [TEST_STEP][PASSED] - expectedRange = <not implemented yet for class: org.codehaus.groovy.ast.expr.EmptyExpression>: null

2019-11-20 18:35:12 - [TEST_STEP][PASSED] - if (sizeType.equalsIgnoreCase("Select")): null

2019-11-20 18:35:12 - [TEST_STEP][PASSED] - for ([i = 1, i < sizeOptions.size(), (i++)]): null

2019-11-20 18:35:12 - [TEST_STEP][PASSED] - actualRange.add(getAttribute("value").toString()): null

2019-11-20 18:35:12 - [TEST_STEP][PASSED] - actualRange.add(getAttribute("value").toString()): null

2019-11-20 18:35:12 - [TEST_STEP][PASSED] - actualRange.add(getAttribute("value").toString()): null

2019-11-20 18:35:12 - [TEST_STEP][PASSED] - actualRange.add(getAttribute("value").toString()): null

2019-11-20 18:35:12 - [TEST_STEP][PASSED] - actualRange.add(getAttribute("value").toString()): null

2019-11-20 18:35:12 - [TEST_STEP][PASSED] - actualRange.add(getAttribute("value").toString()): null

2019-11-20 18:35:12 - [TEST_STEP][PASSED] - if (toString().equalsIgnoreCase("XS") || toString().equalsIgnoreCase("XXS")): null

2019-11-20 18:35:12 - [TEST_STEP][PASSED] - expectedRange = UtilityMethods.getExpectedRange(sizeRange1, sizeRangeSplit): null

2019-11-20 18:35:12 - [TEST_STEP][PASSED] - println("XS"): null

2019-11-20 18:35:12 - [TEST_STEP][PASSED] - println(expectedRange.toString()): null

2019-11-20 18:35:12 - [TEST_STEP][PASSED] - sa.assertTrue(UtilityMethods.listEquals(expectedRange, actualRange)): null

2019-11-20 18:35:12 - [TEST_STEP][PASSED] - delay(2): Delayed 2 second(s)

2019-11-20 18:35:14 - [MESSAGE][PASSED] - Delayed 2 second(s)

2019-11-20 18:35:14 - [TEST_STEP][PASSED] - verifyElementText(findTestObject("Page_cabi Order Items/product_title"), findTestData("productData").getValue("Description", row), CONTINUE_ON_FAILURE): Actual text and expected text of test object 'Object Repository/Page_cabi Order Items/product_title' are matched.

2019-11-20 18:35:14 - [MESSAGE][PASSED] - Actual text and expected text of test object 'Object Repository/Page_cabi Order Items/product_title' are matched.

2019-11-20 18:35:14 - [TEST_STEP][PASSED] - finalContent = findTestData("productData").getValue("FinalContent", row): null

2019-11-20 18:35:14 - [TEST_STEP][PASSED] - if (finalContent.equalsIgnoreCase("")): null

2019-11-20 18:35:14 - [TEST_STEP][PASSED] - else: Actual text and expected text of test object 'Object Repository/Page_cabi Order Items/product_fabric' are matched.

2019-11-20 18:35:14 - [TEST_STEP][PASSED] - verifyElementText(findTestObject("Page_cabi Order Items/product_fabric"), finalContent, CONTINUE_ON_FAILURE): Actual text and expected text of test object 'Object Repository/Page_cabi Order Items/product_fabric' are matched.

2019-11-20 18:35:14 - [MESSAGE][PASSED] - Actual text and expected text of test object 'Object Repository/Page_cabi Order Items/product_fabric' are matched.

2019-11-20 18:35:14 - [TEST_STEP][PASSED] - expectedCasreIntrn = findTestData("productData").getValue("CareInstr", row): null

2019-11-20 18:35:14 - [TEST_STEP][PASSED] - if (expectedCasreIntrn.equalsIgnoreCase("")): null

2019-11-20 18:35:14 - [TEST_STEP][PASSED] - else: null

2019-11-20 18:35:14 - [TEST_STEP][PASSED] - actualCasreIntrn = "<div>" + getText(findTestObject("Page_cabi Order Items/care_instruction")) + "</div>": Text of object 'Object Repository/Page_cabi Order Items/care_instruction' is: 'Wash by hand separately with cold water. Only non-chlorine bleach if needed. Do not twist or wring. Lay flat to dry. Steam iron only if needed. Can be dry cleaned.'

2019-11-20 18:35:14 - [MESSAGE][PASSED] - Text of object 'Object Repository/Page_cabi Order Items/care_instruction' is: 'Wash by hand separately with cold water. Only non-chlorine bleach if needed. Do not twist or wring. Lay flat to dry. Steam iron only if needed. Can be dry cleaned.'

2019-11-20 18:35:14 - [TEST_STEP][PASSED] - sa.assertTrue(actualCasreIntrn.equals(expectedCasreIntrn)): null

2019-11-20 18:35:14 - [TEST_STEP][PASSED] - sa = new org.testng.asserts.SoftAssert(): null

2019-11-20 18:35:14 - [TEST_STEP][PASSED] - styleid_data = findTestData("productData").getValue("Style", row): null

2019-11-20 18:35:14 - [TEST_STEP][PASSED] - println("******************+++++++++++++++++++**********************************************"): null

2019-11-20 18:35:14 - [TEST_STEP][PASSED] - println(styleid_data): null

2019-11-20 18:35:14 - [TEST_STEP][PASSED] - by = By.xpath("//input[@name='style']"): null

2019-11-20 18:35:14 - [TEST_STEP][PASSED] - styleWe = UtilityMethods.getElementByLocator(by, driver): null

2019-11-20 18:35:14 - [TEST_STEP][PASSED] - to = UtilityMethods.fromElement(styleWe): null

2019-11-20 18:35:14 - [TEST_STEP][PASSED] - setText(to, styleid_data): Text '5758' is set on object ''

2019-11-20 18:35:14 - [MESSAGE][PASSED] - Text '5758' is set on object ''

2019-11-20 18:35:14 - [TEST_STEP][PASSED] - sendKeys(to, Keys.chord(ENTER)): Keys 'ENTER + ' sent to object: ''

2019-11-20 18:35:15 - [MESSAGE][PASSED] - Keys 'ENTER + ' sent to object: ''

2019-11-20 18:35:15 - [TEST_STEP][PASSED] - delay(2): Delayed 2 second(s)

2019-11-20 18:35:17 - [MESSAGE][PASSED] - Delayed 2 second(s)

2019-11-20 18:35:17 - [TEST_STEP][PASSED] - if (toString().equalsIgnoreCase("no")): null

2019-11-20 18:35:17 - [TEST_STEP][PASSED] - else: null

2019-11-20 18:35:17 - [TEST_STEP][PASSED] - click(findTestObject("Page_cabi Order Items/li_order_item")): Object: 'Object Repository/Page_cabi Order Items/li_order_item' is clicked on

2019-11-20 18:35:28 - [MESSAGE][PASSED] - Object: 'Object Repository/Page_cabi Order Items/li_order_item' is clicked on

2019-11-20 18:35:28 - [TEST_STEP][PASSED] - imagePath = UtilityMethods.createScreenshotImagePath(storeType, styleid_data): null

2019-11-20 18:35:28 - [TEST_STEP][PASSED] - println(imagePath): null

2019-11-20 18:35:28 - [TEST_STEP][PASSED] - takeScreenshot(imagePath): Taking screenshot successfully

2019-11-20 18:35:29 - [MESSAGE][PASSED] - Taking screenshot successfully
[[ATTACHMENT|C:\\Users\\user\\Documents\\testautomation\\KatalonProjects\\productImages\\BOPersonal_5758 image.png]]

2019-11-20 18:35:29 - [TEST_STEP][PASSED] - verifyElementText(findTestObject("Page_cabi Order Items/GetAttribute_getID"), styleid_data, CONTINUE_ON_FAILURE): Actual text and expected text of test object 'Object Repository/Page_cabi Order Items/GetAttribute_getID' are matched.

2019-11-20 18:35:29 - [MESSAGE][PASSED] - Actual text and expected text of test object 'Object Repository/Page_cabi Order Items/GetAttribute_getID' are matched.

2019-11-20 18:35:29 - [TEST_STEP][PASSED] - colorOptions = findWebElements(findTestObject("Page_cabi Order Items/GetAttribute_Color"), 5): null

2019-11-20 18:35:29 - [TEST_STEP][PASSED] - println(colorOptions.size()): null

2019-11-20 18:35:29 - [TEST_STEP][PASSED] - expectedColour = findTestData("productData").getValue("Color", row): null

2019-11-20 18:35:29 - [TEST_STEP][PASSED] - println("expected colour is"): null

2019-11-20 18:35:29 - [TEST_STEP][PASSED] - println(expectedColour): null

2019-11-20 18:35:29 - [TEST_STEP][PASSED] - colourVerified = false: null

2019-11-20 18:35:29 - [TEST_STEP][PASSED] - for (org.openqa.selenium.WebElement op : colorOptions): null

2019-11-20 18:35:29 - [TEST_STEP][PASSED] - println(op.getText()): null

2019-11-20 18:35:29 - [TEST_STEP][PASSED] - if (expectedColour.equalsIgnoreCase(op.getText())): null

2019-11-20 18:35:29 - [TEST_STEP][PASSED] - colourVerified = true: null

2019-11-20 18:35:29 - [TEST_STEP][PASSED] - break: null

2019-11-20 18:35:29 - [TEST_STEP][PASSED] - sa.assertTrue(colourVerified): null

2019-11-20 18:35:29 - [TEST_STEP][PASSED] - getPrice = getText(findTestObject("Page_cabi Order Items/GetAttribute_Price")): Text of object 'Object Repository/Page_cabi Order Items/GetAttribute_Price' is: 'Price : $96.00'

2019-11-20 18:35:29 - [MESSAGE][PASSED] - Text of object 'Object Repository/Page_cabi Order Items/GetAttribute_Price' is: 'Price : $96.00'

2019-11-20 18:35:29 - [TEST_STEP][PASSED] - Split_Data = UtilityMethods.SplitData(getPrice): null

2019-11-20 18:35:29 - [TEST_STEP][PASSED] - verifyMatch(Split_Data, findTestData("productData").getValue("Retail", row), true, CONTINUE_ON_FAILURE): Actual text '96' and expected text '96' are matched  using regular expression

2019-11-20 18:35:29 - [MESSAGE][PASSED] - Actual text '96' and expected text '96' are matched  using regular expression

2019-11-20 18:35:29 - [TEST_STEP][PASSED] - sizeRange1 = ["XXS", "XS", "S", "M", "L", "XL", "XXL"]: null

2019-11-20 18:35:29 - [TEST_STEP][PASSED] - sizeRange2 = ["00", "0", "2", "4", "6", "8", "10", "12", "14", "16"]: null

2019-11-20 18:35:29 - [TEST_STEP][PASSED] - sizeRange3 = ["Long", "Regular", "Short"]: null

2019-11-20 18:35:29 - [TEST_STEP][PASSED] - sizeRange4 = ["5", "6", "6.5", "7", "7.5", "8", "8.5", "9", "9.5", "10", "11"]: null

2019-11-20 18:35:29 - [TEST_STEP][PASSED] - sizeRange5 = ["XS/S", "M/L"]: null

2019-11-20 18:35:29 - [TEST_STEP][PASSED] - sizeRange6 = ["One Size"]: null

2019-11-20 18:35:29 - [TEST_STEP][PASSED] - sizeRangeSplit = UtilityMethods.SplitSizes(findTestData("productData").getValue("SzRange", row)): null

2019-11-20 18:35:29 - [TEST_STEP][PASSED] - sizeType = getText(findTestObject("Object Repository/Page_cabi Order Items/Size")): Text of object 'Object Repository/Page_cabi Order Items/Size' is: 'Select'

2019-11-20 18:35:29 - [MESSAGE][PASSED] - Text of object 'Object Repository/Page_cabi Order Items/Size' is: 'Select'

2019-11-20 18:35:29 - [TEST_STEP][PASSED] - sizeOptions = findWebElements(findTestObject("Object Repository/Page_cabi Order Items/Size"), 5): null

2019-11-20 18:35:30 - [TEST_STEP][PASSED] - actualRange = new java.util.ArrayList(): null

2019-11-20 18:35:30 - [TEST_STEP][PASSED] - expectedRange = <not implemented yet for class: org.codehaus.groovy.ast.expr.EmptyExpression>: null

2019-11-20 18:35:30 - [TEST_STEP][PASSED] - if (sizeType.equalsIgnoreCase("Select")): null

2019-11-20 18:35:30 - [TEST_STEP][PASSED] - for ([i = 1, i < sizeOptions.size(), (i++)]): null

2019-11-20 18:35:30 - [TEST_STEP][PASSED] - actualRange.add(getAttribute("value").toString()): null

2019-11-20 18:35:30 - [TEST_STEP][PASSED] - actualRange.add(getAttribute("value").toString()): null

2019-11-20 18:35:30 - [TEST_STEP][PASSED] - actualRange.add(getAttribute("value").toString()): null

2019-11-20 18:35:30 - [TEST_STEP][PASSED] - actualRange.add(getAttribute("value").toString()): null

2019-11-20 18:35:30 - [TEST_STEP][PASSED] - actualRange.add(getAttribute("value").toString()): null

2019-11-20 18:35:30 - [TEST_STEP][PASSED] - if (toString().equalsIgnoreCase("XS") || toString().equalsIgnoreCase("XXS")): null

2019-11-20 18:35:30 - [TEST_STEP][PASSED] - expectedRange = UtilityMethods.getExpectedRange(sizeRange1, sizeRangeSplit): null

2019-11-20 18:35:30 - [TEST_STEP][PASSED] - println("XS"): null

2019-11-20 18:35:30 - [TEST_STEP][PASSED] - println(expectedRange.toString()): null

2019-11-20 18:35:30 - [TEST_STEP][PASSED] - sa.assertTrue(UtilityMethods.listEquals(expectedRange, actualRange)): null

2019-11-20 18:35:30 - [TEST_STEP][PASSED] - delay(2): Delayed 2 second(s)

2019-11-20 18:35:32 - [MESSAGE][PASSED] - Delayed 2 second(s)

2019-11-20 18:35:32 - [TEST_STEP][PASSED] - verifyElementText(findTestObject("Page_cabi Order Items/product_title"), findTestData("productData").getValue("Description", row), CONTINUE_ON_FAILURE): Actual text and expected text of test object 'Object Repository/Page_cabi Order Items/product_title' are matched.

2019-11-20 18:35:32 - [MESSAGE][PASSED] - Actual text and expected text of test object 'Object Repository/Page_cabi Order Items/product_title' are matched.

2019-11-20 18:35:32 - [TEST_STEP][PASSED] - finalContent = findTestData("productData").getValue("FinalContent", row): null

2019-11-20 18:35:32 - [TEST_STEP][PASSED] - if (finalContent.equalsIgnoreCase("")): null

2019-11-20 18:35:32 - [TEST_STEP][PASSED] - else: Actual text and expected text of test object 'Object Repository/Page_cabi Order Items/product_fabric' are matched.

2019-11-20 18:35:32 - [TEST_STEP][PASSED] - verifyElementText(findTestObject("Page_cabi Order Items/product_fabric"), finalContent, CONTINUE_ON_FAILURE): Actual text and expected text of test object 'Object Repository/Page_cabi Order Items/product_fabric' are matched.

2019-11-20 18:35:32 - [MESSAGE][PASSED] - Actual text and expected text of test object 'Object Repository/Page_cabi Order Items/product_fabric' are matched.

2019-11-20 18:35:32 - [TEST_STEP][PASSED] - expectedCasreIntrn = findTestData("productData").getValue("CareInstr", row): null

2019-11-20 18:35:32 - [TEST_STEP][PASSED] - if (expectedCasreIntrn.equalsIgnoreCase("")): null

2019-11-20 18:35:32 - [TEST_STEP][PASSED] - else: null

2019-11-20 18:35:32 - [TEST_STEP][PASSED] - actualCasreIntrn = "<div>" + getText(findTestObject("Page_cabi Order Items/care_instruction")) + "</div>": Text of object 'Object Repository/Page_cabi Order Items/care_instruction' is: 'Wash by hand separately with cold water. Only non-chlorine bleach if needed. Do not twist or wring. Lay flat to dry. Steam iron only if needed. Can be dry cleaned.'

2019-11-20 18:35:32 - [MESSAGE][PASSED] - Text of object 'Object Repository/Page_cabi Order Items/care_instruction' is: 'Wash by hand separately with cold water. Only non-chlorine bleach if needed. Do not twist or wring. Lay flat to dry. Steam iron only if needed. Can be dry cleaned.'

2019-11-20 18:35:32 - [TEST_STEP][PASSED] - sa.assertTrue(actualCasreIntrn.equals(expectedCasreIntrn)): null

2019-11-20 18:35:32 - [TEST_STEP][PASSED] - sa = new org.testng.asserts.SoftAssert(): null

2019-11-20 18:35:32 - [TEST_STEP][PASSED] - styleid_data = findTestData("productData").getValue("Style", row): null

2019-11-20 18:35:32 - [TEST_STEP][PASSED] - println("******************+++++++++++++++++++**********************************************"): null

2019-11-20 18:35:32 - [TEST_STEP][PASSED] - println(styleid_data): null

2019-11-20 18:35:32 - [TEST_STEP][PASSED] - by = By.xpath("//input[@name='style']"): null

2019-11-20 18:35:32 - [TEST_STEP][PASSED] - styleWe = UtilityMethods.getElementByLocator(by, driver): null

2019-11-20 18:35:32 - [TEST_STEP][PASSED] - to = UtilityMethods.fromElement(styleWe): null

2019-11-20 18:35:32 - [TEST_STEP][PASSED] - setText(to, styleid_data): Text '5759' is set on object ''

2019-11-20 18:35:32 - [MESSAGE][PASSED] - Text '5759' is set on object ''

2019-11-20 18:35:32 - [TEST_STEP][PASSED] - sendKeys(to, Keys.chord(ENTER)): Keys 'ENTER + ' sent to object: ''

2019-11-20 18:35:32 - [MESSAGE][PASSED] - Keys 'ENTER + ' sent to object: ''

2019-11-20 18:35:32 - [TEST_STEP][PASSED] - delay(2): Delayed 2 second(s)

2019-11-20 18:35:34 - [MESSAGE][PASSED] - Delayed 2 second(s)

2019-11-20 18:35:34 - [TEST_STEP][PASSED] - if (toString().equalsIgnoreCase("no")): null

2019-11-20 18:35:34 - [TEST_STEP][PASSED] - else: null

2019-11-20 18:35:34 - [TEST_STEP][PASSED] - click(findTestObject("Page_cabi Order Items/li_order_item")): Object: 'Object Repository/Page_cabi Order Items/li_order_item' is clicked on

2019-11-20 18:35:48 - [MESSAGE][PASSED] - Object: 'Object Repository/Page_cabi Order Items/li_order_item' is clicked on

2019-11-20 18:35:48 - [TEST_STEP][PASSED] - imagePath = UtilityMethods.createScreenshotImagePath(storeType, styleid_data): null

2019-11-20 18:35:48 - [TEST_STEP][PASSED] - println(imagePath): null

2019-11-20 18:35:48 - [TEST_STEP][PASSED] - takeScreenshot(imagePath): Taking screenshot successfully

2019-11-20 18:35:49 - [MESSAGE][PASSED] - Taking screenshot successfully
[[ATTACHMENT|C:\\Users\\user\\Documents\\testautomation\\KatalonProjects\\productImages\\BOPersonal_5759 image.png]]

2019-11-20 18:35:49 - [TEST_STEP][PASSED] - verifyElementText(findTestObject("Page_cabi Order Items/GetAttribute_getID"), styleid_data, CONTINUE_ON_FAILURE): Actual text and expected text of test object 'Object Repository/Page_cabi Order Items/GetAttribute_getID' are matched.

2019-11-20 18:35:49 - [MESSAGE][PASSED] - Actual text and expected text of test object 'Object Repository/Page_cabi Order Items/GetAttribute_getID' are matched.

2019-11-20 18:35:49 - [TEST_STEP][PASSED] - colorOptions = findWebElements(findTestObject("Page_cabi Order Items/GetAttribute_Color"), 5): null

2019-11-20 18:35:49 - [TEST_STEP][PASSED] - println(colorOptions.size()): null

2019-11-20 18:35:49 - [TEST_STEP][PASSED] - expectedColour = findTestData("productData").getValue("Color", row): null

2019-11-20 18:35:49 - [TEST_STEP][PASSED] - println("expected colour is"): null

2019-11-20 18:35:49 - [TEST_STEP][PASSED] - println(expectedColour): null

2019-11-20 18:35:49 - [TEST_STEP][PASSED] - colourVerified = false: null

2019-11-20 18:35:49 - [TEST_STEP][PASSED] - for (org.openqa.selenium.WebElement op : colorOptions): null

2019-11-20 18:35:49 - [TEST_STEP][PASSED] - println(op.getText()): null

2019-11-20 18:35:49 - [TEST_STEP][PASSED] - if (expectedColour.equalsIgnoreCase(op.getText())): null

2019-11-20 18:35:49 - [TEST_STEP][PASSED] - colourVerified = true: null

2019-11-20 18:35:49 - [TEST_STEP][PASSED] - break: null

2019-11-20 18:35:49 - [TEST_STEP][PASSED] - sa.assertTrue(colourVerified): null

2019-11-20 18:35:49 - [TEST_STEP][PASSED] - getPrice = getText(findTestObject("Page_cabi Order Items/GetAttribute_Price")): Text of object 'Object Repository/Page_cabi Order Items/GetAttribute_Price' is: 'Price : $89.00'

2019-11-20 18:35:49 - [MESSAGE][PASSED] - Text of object 'Object Repository/Page_cabi Order Items/GetAttribute_Price' is: 'Price : $89.00'

2019-11-20 18:35:49 - [TEST_STEP][PASSED] - Split_Data = UtilityMethods.SplitData(getPrice): null

2019-11-20 18:35:49 - [TEST_STEP][PASSED] - verifyMatch(Split_Data, findTestData("productData").getValue("Retail", row), true, CONTINUE_ON_FAILURE): Actual text '89' and expected text '89' are matched  using regular expression

2019-11-20 18:35:49 - [MESSAGE][PASSED] - Actual text '89' and expected text '89' are matched  using regular expression

2019-11-20 18:35:49 - [TEST_STEP][PASSED] - sizeRange1 = ["XXS", "XS", "S", "M", "L", "XL", "XXL"]: null

2019-11-20 18:35:49 - [TEST_STEP][PASSED] - sizeRange2 = ["00", "0", "2", "4", "6", "8", "10", "12", "14", "16"]: null

2019-11-20 18:35:49 - [TEST_STEP][PASSED] - sizeRange3 = ["Long", "Regular", "Short"]: null

2019-11-20 18:35:49 - [TEST_STEP][PASSED] - sizeRange4 = ["5", "6", "6.5", "7", "7.5", "8", "8.5", "9", "9.5", "10", "11"]: null

2019-11-20 18:35:49 - [TEST_STEP][PASSED] - sizeRange5 = ["XS/S", "M/L"]: null

2019-11-20 18:35:49 - [TEST_STEP][PASSED] - sizeRange6 = ["One Size"]: null

2019-11-20 18:35:49 - [TEST_STEP][PASSED] - sizeRangeSplit = UtilityMethods.SplitSizes(findTestData("productData").getValue("SzRange", row)): null

2019-11-20 18:35:49 - [TEST_STEP][PASSED] - sizeType = getText(findTestObject("Object Repository/Page_cabi Order Items/Size")): Text of object 'Object Repository/Page_cabi Order Items/Size' is: 'Select'

2019-11-20 18:35:49 - [MESSAGE][PASSED] - Text of object 'Object Repository/Page_cabi Order Items/Size' is: 'Select'

2019-11-20 18:35:49 - [TEST_STEP][PASSED] - sizeOptions = findWebElements(findTestObject("Object Repository/Page_cabi Order Items/Size"), 5): null

2019-11-20 18:35:49 - [TEST_STEP][PASSED] - actualRange = new java.util.ArrayList(): null

2019-11-20 18:35:49 - [TEST_STEP][PASSED] - expectedRange = <not implemented yet for class: org.codehaus.groovy.ast.expr.EmptyExpression>: null

2019-11-20 18:35:49 - [TEST_STEP][PASSED] - if (sizeType.equalsIgnoreCase("Select")): null

2019-11-20 18:35:49 - [TEST_STEP][PASSED] - for ([i = 1, i < sizeOptions.size(), (i++)]): null

2019-11-20 18:35:49 - [TEST_STEP][PASSED] - actualRange.add(getAttribute("value").toString()): null

2019-11-20 18:35:49 - [TEST_STEP][PASSED] - actualRange.add(getAttribute("value").toString()): null

2019-11-20 18:35:49 - [TEST_STEP][PASSED] - actualRange.add(getAttribute("value").toString()): null

2019-11-20 18:35:49 - [TEST_STEP][PASSED] - actualRange.add(getAttribute("value").toString()): null

2019-11-20 18:35:49 - [TEST_STEP][PASSED] - actualRange.add(getAttribute("value").toString()): null

2019-11-20 18:35:49 - [TEST_STEP][PASSED] - actualRange.add(getAttribute("value").toString()): null

2019-11-20 18:35:49 - [TEST_STEP][PASSED] - if (toString().equalsIgnoreCase("XS") || toString().equalsIgnoreCase("XXS")): null

2019-11-20 18:35:49 - [TEST_STEP][PASSED] - expectedRange = UtilityMethods.getExpectedRange(sizeRange1, sizeRangeSplit): null

2019-11-20 18:35:49 - [TEST_STEP][PASSED] - println("XS"): null

2019-11-20 18:35:49 - [TEST_STEP][PASSED] - println(expectedRange.toString()): null

2019-11-20 18:35:49 - [TEST_STEP][PASSED] - sa.assertTrue(UtilityMethods.listEquals(expectedRange, actualRange)): null

2019-11-20 18:35:49 - [TEST_STEP][PASSED] - delay(2): Delayed 2 second(s)

2019-11-20 18:35:51 - [MESSAGE][PASSED] - Delayed 2 second(s)

2019-11-20 18:35:51 - [TEST_STEP][PASSED] - verifyElementText(findTestObject("Page_cabi Order Items/product_title"), findTestData("productData").getValue("Description", row), CONTINUE_ON_FAILURE): Actual text and expected text of test object 'Object Repository/Page_cabi Order Items/product_title' are matched.

2019-11-20 18:35:51 - [MESSAGE][PASSED] - Actual text and expected text of test object 'Object Repository/Page_cabi Order Items/product_title' are matched.

2019-11-20 18:35:51 - [TEST_STEP][PASSED] - finalContent = findTestData("productData").getValue("FinalContent", row): null

2019-11-20 18:35:51 - [TEST_STEP][PASSED] - if (finalContent.equalsIgnoreCase("")): null

2019-11-20 18:35:51 - [TEST_STEP][PASSED] - else: Actual text and expected text of test object 'Object Repository/Page_cabi Order Items/product_fabric' are matched.

2019-11-20 18:35:51 - [TEST_STEP][PASSED] - verifyElementText(findTestObject("Page_cabi Order Items/product_fabric"), finalContent, CONTINUE_ON_FAILURE): Actual text and expected text of test object 'Object Repository/Page_cabi Order Items/product_fabric' are matched.

2019-11-20 18:35:52 - [MESSAGE][PASSED] - Actual text and expected text of test object 'Object Repository/Page_cabi Order Items/product_fabric' are matched.

2019-11-20 18:35:52 - [TEST_STEP][PASSED] - expectedCasreIntrn = findTestData("productData").getValue("CareInstr", row): null

2019-11-20 18:35:52 - [TEST_STEP][PASSED] - if (expectedCasreIntrn.equalsIgnoreCase("")): null

2019-11-20 18:35:52 - [TEST_STEP][PASSED] - else: null

2019-11-20 18:35:52 - [TEST_STEP][PASSED] - actualCasreIntrn = "<div>" + getText(findTestObject("Page_cabi Order Items/care_instruction")) + "</div>": Text of object 'Object Repository/Page_cabi Order Items/care_instruction' is: 'Wash by hand separately with cold water. Only non-chlorine bleach if needed. Do not twist or wring. Lay flat to dry. Steam iron only if needed. Can be dry cleaned.'

2019-11-20 18:35:52 - [MESSAGE][PASSED] - Text of object 'Object Repository/Page_cabi Order Items/care_instruction' is: 'Wash by hand separately with cold water. Only non-chlorine bleach if needed. Do not twist or wring. Lay flat to dry. Steam iron only if needed. Can be dry cleaned.'

2019-11-20 18:35:52 - [TEST_STEP][PASSED] - sa.assertTrue(actualCasreIntrn.equals(expectedCasreIntrn)): null

2019-11-20 18:35:52 - [TEST_STEP][PASSED] - sa = new org.testng.asserts.SoftAssert(): null

2019-11-20 18:35:52 - [TEST_STEP][PASSED] - styleid_data = findTestData("productData").getValue("Style", row): null

2019-11-20 18:35:52 - [TEST_STEP][PASSED] - println("******************+++++++++++++++++++**********************************************"): null

2019-11-20 18:35:52 - [TEST_STEP][PASSED] - println(styleid_data): null

2019-11-20 18:35:52 - [TEST_STEP][PASSED] - by = By.xpath("//input[@name='style']"): null

2019-11-20 18:35:52 - [TEST_STEP][PASSED] - styleWe = UtilityMethods.getElementByLocator(by, driver): null

2019-11-20 18:35:52 - [TEST_STEP][PASSED] - to = UtilityMethods.fromElement(styleWe): null

2019-11-20 18:35:52 - [TEST_STEP][PASSED] - setText(to, styleid_data): Text '5761' is set on object ''

2019-11-20 18:35:52 - [MESSAGE][PASSED] - Text '5761' is set on object ''

2019-11-20 18:35:52 - [TEST_STEP][PASSED] - sendKeys(to, Keys.chord(ENTER)): Keys 'ENTER + ' sent to object: ''

2019-11-20 18:35:52 - [MESSAGE][PASSED] - Keys 'ENTER + ' sent to object: ''

2019-11-20 18:35:52 - [TEST_STEP][PASSED] - delay(2): Delayed 2 second(s)

2019-11-20 18:35:54 - [MESSAGE][PASSED] - Delayed 2 second(s)

2019-11-20 18:35:54 - [TEST_STEP][PASSED] - if (toString().equalsIgnoreCase("no")): null

2019-11-20 18:35:54 - [TEST_STEP][PASSED] - else: null

2019-11-20 18:35:54 - [TEST_STEP][PASSED] - click(findTestObject("Page_cabi Order Items/li_order_item")): Object: 'Object Repository/Page_cabi Order Items/li_order_item' is clicked on

2019-11-20 18:36:07 - [MESSAGE][PASSED] - Object: 'Object Repository/Page_cabi Order Items/li_order_item' is clicked on

2019-11-20 18:36:07 - [TEST_STEP][PASSED] - imagePath = UtilityMethods.createScreenshotImagePath(storeType, styleid_data): null

2019-11-20 18:36:07 - [TEST_STEP][PASSED] - println(imagePath): null

2019-11-20 18:36:07 - [TEST_STEP][PASSED] - takeScreenshot(imagePath): Taking screenshot successfully

2019-11-20 18:36:08 - [MESSAGE][PASSED] - Taking screenshot successfully
[[ATTACHMENT|C:\\Users\\user\\Documents\\testautomation\\KatalonProjects\\productImages\\BOPersonal_5761 image.png]]

2019-11-20 18:36:08 - [TEST_STEP][PASSED] - verifyElementText(findTestObject("Page_cabi Order Items/GetAttribute_getID"), styleid_data, CONTINUE_ON_FAILURE): Actual text and expected text of test object 'Object Repository/Page_cabi Order Items/GetAttribute_getID' are matched.

2019-11-20 18:36:08 - [MESSAGE][PASSED] - Actual text and expected text of test object 'Object Repository/Page_cabi Order Items/GetAttribute_getID' are matched.

2019-11-20 18:36:08 - [TEST_STEP][PASSED] - colorOptions = findWebElements(findTestObject("Page_cabi Order Items/GetAttribute_Color"), 5): null

2019-11-20 18:36:08 - [TEST_STEP][PASSED] - println(colorOptions.size()): null

2019-11-20 18:36:08 - [TEST_STEP][PASSED] - expectedColour = findTestData("productData").getValue("Color", row): null

2019-11-20 18:36:08 - [TEST_STEP][PASSED] - println("expected colour is"): null

2019-11-20 18:36:08 - [TEST_STEP][PASSED] - println(expectedColour): null

2019-11-20 18:36:08 - [TEST_STEP][PASSED] - colourVerified = false: null

2019-11-20 18:36:08 - [TEST_STEP][PASSED] - for (org.openqa.selenium.WebElement op : colorOptions): null

2019-11-20 18:36:08 - [TEST_STEP][PASSED] - println(op.getText()): null

2019-11-20 18:36:08 - [TEST_STEP][PASSED] - if (expectedColour.equalsIgnoreCase(op.getText())): null

2019-11-20 18:36:08 - [TEST_STEP][PASSED] - colourVerified = true: null

2019-11-20 18:36:08 - [TEST_STEP][PASSED] - break: null

2019-11-20 18:36:08 - [TEST_STEP][PASSED] - sa.assertTrue(colourVerified): null

2019-11-20 18:36:08 - [TEST_STEP][PASSED] - getPrice = getText(findTestObject("Page_cabi Order Items/GetAttribute_Price")): Text of object 'Object Repository/Page_cabi Order Items/GetAttribute_Price' is: 'Price : $79.00'

2019-11-20 18:36:08 - [MESSAGE][PASSED] - Text of object 'Object Repository/Page_cabi Order Items/GetAttribute_Price' is: 'Price : $79.00'

2019-11-20 18:36:08 - [TEST_STEP][PASSED] - Split_Data = UtilityMethods.SplitData(getPrice): null

2019-11-20 18:36:08 - [TEST_STEP][PASSED] - verifyMatch(Split_Data, findTestData("productData").getValue("Retail", row), true, CONTINUE_ON_FAILURE): Actual text '79' and expected text '79' are matched  using regular expression

2019-11-20 18:36:08 - [MESSAGE][PASSED] - Actual text '79' and expected text '79' are matched  using regular expression

2019-11-20 18:36:08 - [TEST_STEP][PASSED] - sizeRange1 = ["XXS", "XS", "S", "M", "L", "XL", "XXL"]: null

2019-11-20 18:36:08 - [TEST_STEP][PASSED] - sizeRange2 = ["00", "0", "2", "4", "6", "8", "10", "12", "14", "16"]: null

2019-11-20 18:36:08 - [TEST_STEP][PASSED] - sizeRange3 = ["Long", "Regular", "Short"]: null

2019-11-20 18:36:08 - [TEST_STEP][PASSED] - sizeRange4 = ["5", "6", "6.5", "7", "7.5", "8", "8.5", "9", "9.5", "10", "11"]: null

2019-11-20 18:36:08 - [TEST_STEP][PASSED] - sizeRange5 = ["XS/S", "M/L"]: null

2019-11-20 18:36:08 - [TEST_STEP][PASSED] - sizeRange6 = ["One Size"]: null

2019-11-20 18:36:08 - [TEST_STEP][PASSED] - sizeRangeSplit = UtilityMethods.SplitSizes(findTestData("productData").getValue("SzRange", row)): null

2019-11-20 18:36:08 - [TEST_STEP][PASSED] - sizeType = getText(findTestObject("Object Repository/Page_cabi Order Items/Size")): Text of object 'Object Repository/Page_cabi Order Items/Size' is: 'Select'

2019-11-20 18:36:09 - [MESSAGE][PASSED] - Text of object 'Object Repository/Page_cabi Order Items/Size' is: 'Select'

2019-11-20 18:36:09 - [TEST_STEP][PASSED] - sizeOptions = findWebElements(findTestObject("Object Repository/Page_cabi Order Items/Size"), 5): null

2019-11-20 18:36:09 - [TEST_STEP][PASSED] - actualRange = new java.util.ArrayList(): null

2019-11-20 18:36:09 - [TEST_STEP][PASSED] - expectedRange = <not implemented yet for class: org.codehaus.groovy.ast.expr.EmptyExpression>: null

2019-11-20 18:36:09 - [TEST_STEP][PASSED] - if (sizeType.equalsIgnoreCase("Select")): null

2019-11-20 18:36:09 - [TEST_STEP][PASSED] - for ([i = 1, i < sizeOptions.size(), (i++)]): null

2019-11-20 18:36:09 - [TEST_STEP][PASSED] - actualRange.add(getAttribute("value").toString()): null

2019-11-20 18:36:09 - [TEST_STEP][PASSED] - actualRange.add(getAttribute("value").toString()): null

2019-11-20 18:36:09 - [TEST_STEP][PASSED] - actualRange.add(getAttribute("value").toString()): null

2019-11-20 18:36:09 - [TEST_STEP][PASSED] - actualRange.add(getAttribute("value").toString()): null

2019-11-20 18:36:09 - [TEST_STEP][PASSED] - actualRange.add(getAttribute("value").toString()): null

2019-11-20 18:36:09 - [TEST_STEP][PASSED] - if (toString().equalsIgnoreCase("XS") || toString().equalsIgnoreCase("XXS")): null

2019-11-20 18:36:09 - [TEST_STEP][PASSED] - expectedRange = UtilityMethods.getExpectedRange(sizeRange1, sizeRangeSplit): null

2019-11-20 18:36:09 - [TEST_STEP][PASSED] - println("XS"): null

2019-11-20 18:36:09 - [TEST_STEP][PASSED] - println(expectedRange.toString()): null

2019-11-20 18:36:09 - [TEST_STEP][PASSED] - sa.assertTrue(UtilityMethods.listEquals(expectedRange, actualRange)): null

2019-11-20 18:36:09 - [TEST_STEP][PASSED] - delay(2): Delayed 2 second(s)

2019-11-20 18:36:11 - [MESSAGE][PASSED] - Delayed 2 second(s)

2019-11-20 18:36:11 - [TEST_STEP][PASSED] - verifyElementText(findTestObject("Page_cabi Order Items/product_title"), findTestData("productData").getValue("Description", row), CONTINUE_ON_FAILURE): Actual text and expected text of test object 'Object Repository/Page_cabi Order Items/product_title' are matched.

2019-11-20 18:36:11 - [MESSAGE][PASSED] - Actual text and expected text of test object 'Object Repository/Page_cabi Order Items/product_title' are matched.

2019-11-20 18:36:11 - [TEST_STEP][PASSED] - finalContent = findTestData("productData").getValue("FinalContent", row): null

2019-11-20 18:36:11 - [TEST_STEP][PASSED] - if (finalContent.equalsIgnoreCase("")): null

2019-11-20 18:36:11 - [TEST_STEP][PASSED] - else: Actual text and expected text of test object 'Object Repository/Page_cabi Order Items/product_fabric' are matched.

2019-11-20 18:36:11 - [TEST_STEP][PASSED] - verifyElementText(findTestObject("Page_cabi Order Items/product_fabric"), finalContent, CONTINUE_ON_FAILURE): Actual text and expected text of test object 'Object Repository/Page_cabi Order Items/product_fabric' are matched.

2019-11-20 18:36:11 - [MESSAGE][PASSED] - Actual text and expected text of test object 'Object Repository/Page_cabi Order Items/product_fabric' are matched.

2019-11-20 18:36:11 - [TEST_STEP][PASSED] - expectedCasreIntrn = findTestData("productData").getValue("CareInstr", row): null

2019-11-20 18:36:11 - [TEST_STEP][PASSED] - if (expectedCasreIntrn.equalsIgnoreCase("")): null

2019-11-20 18:36:11 - [TEST_STEP][PASSED] - else: null

2019-11-20 18:36:11 - [TEST_STEP][PASSED] - actualCasreIntrn = "<div>" + getText(findTestObject("Page_cabi Order Items/care_instruction")) + "</div>": Text of object 'Object Repository/Page_cabi Order Items/care_instruction' is: 'Wash by hand separately with cold water. Only non-chlorine bleach if needed. Do not twist or wring. Lay flat to dry. Steam iron only if needed. Can be dry cleaned.'

2019-11-20 18:36:11 - [MESSAGE][PASSED] - Text of object 'Object Repository/Page_cabi Order Items/care_instruction' is: 'Wash by hand separately with cold water. Only non-chlorine bleach if needed. Do not twist or wring. Lay flat to dry. Steam iron only if needed. Can be dry cleaned.'

2019-11-20 18:36:11 - [TEST_STEP][PASSED] - sa.assertTrue(actualCasreIntrn.equals(expectedCasreIntrn)): null

2019-11-20 18:36:11 - [TEST_STEP][PASSED] - sa = new org.testng.asserts.SoftAssert(): null

2019-11-20 18:36:11 - [TEST_STEP][PASSED] - styleid_data = findTestData("productData").getValue("Style", row): null

2019-11-20 18:36:11 - [TEST_STEP][PASSED] - println("******************+++++++++++++++++++**********************************************"): null

2019-11-20 18:36:11 - [TEST_STEP][PASSED] - println(styleid_data): null

2019-11-20 18:36:11 - [TEST_STEP][PASSED] - by = By.xpath("//input[@name='style']"): null

2019-11-20 18:36:11 - [TEST_STEP][PASSED] - styleWe = UtilityMethods.getElementByLocator(by, driver): null

2019-11-20 18:36:11 - [TEST_STEP][PASSED] - to = UtilityMethods.fromElement(styleWe): null

2019-11-20 18:36:11 - [TEST_STEP][PASSED] - setText(to, styleid_data): Text '5762' is set on object ''

2019-11-20 18:36:11 - [MESSAGE][PASSED] - Text '5762' is set on object ''

2019-11-20 18:36:11 - [TEST_STEP][PASSED] - sendKeys(to, Keys.chord(ENTER)): Keys 'ENTER + ' sent to object: ''

2019-11-20 18:36:11 - [MESSAGE][PASSED] - Keys 'ENTER + ' sent to object: ''

2019-11-20 18:36:11 - [TEST_STEP][PASSED] - delay(2): Delayed 2 second(s)

2019-11-20 18:36:13 - [MESSAGE][PASSED] - Delayed 2 second(s)

2019-11-20 18:36:13 - [TEST_STEP][PASSED] - if (toString().equalsIgnoreCase("no")): null

2019-11-20 18:36:13 - [TEST_STEP][PASSED] - else: null

2019-11-20 18:36:13 - [TEST_STEP][PASSED] - click(findTestObject("Page_cabi Order Items/li_order_item")): Object: 'Object Repository/Page_cabi Order Items/li_order_item' is clicked on

2019-11-20 18:36:25 - [MESSAGE][PASSED] - Object: 'Object Repository/Page_cabi Order Items/li_order_item' is clicked on

2019-11-20 18:36:25 - [TEST_STEP][PASSED] - imagePath = UtilityMethods.createScreenshotImagePath(storeType, styleid_data): null

2019-11-20 18:36:25 - [TEST_STEP][PASSED] - println(imagePath): null

2019-11-20 18:36:25 - [TEST_STEP][PASSED] - takeScreenshot(imagePath): Taking screenshot successfully

2019-11-20 18:36:26 - [MESSAGE][PASSED] - Taking screenshot successfully
[[ATTACHMENT|C:\\Users\\user\\Documents\\testautomation\\KatalonProjects\\productImages\\BOPersonal_5762 image.png]]

2019-11-20 18:36:26 - [TEST_STEP][PASSED] - verifyElementText(findTestObject("Page_cabi Order Items/GetAttribute_getID"), styleid_data, CONTINUE_ON_FAILURE): Actual text and expected text of test object 'Object Repository/Page_cabi Order Items/GetAttribute_getID' are matched.

2019-11-20 18:36:26 - [MESSAGE][PASSED] - Actual text and expected text of test object 'Object Repository/Page_cabi Order Items/GetAttribute_getID' are matched.

2019-11-20 18:36:26 - [TEST_STEP][PASSED] - colorOptions = findWebElements(findTestObject("Page_cabi Order Items/GetAttribute_Color"), 5): null

2019-11-20 18:36:26 - [TEST_STEP][PASSED] - println(colorOptions.size()): null

2019-11-20 18:36:26 - [TEST_STEP][PASSED] - expectedColour = findTestData("productData").getValue("Color", row): null

2019-11-20 18:36:26 - [TEST_STEP][PASSED] - println("expected colour is"): null

2019-11-20 18:36:26 - [TEST_STEP][PASSED] - println(expectedColour): null

2019-11-20 18:36:26 - [TEST_STEP][PASSED] - colourVerified = false: null

2019-11-20 18:36:26 - [TEST_STEP][PASSED] - for (org.openqa.selenium.WebElement op : colorOptions): null

2019-11-20 18:36:26 - [TEST_STEP][PASSED] - println(op.getText()): null

2019-11-20 18:36:26 - [TEST_STEP][PASSED] - if (expectedColour.equalsIgnoreCase(op.getText())): null

2019-11-20 18:36:26 - [TEST_STEP][PASSED] - colourVerified = true: null

2019-11-20 18:36:26 - [TEST_STEP][PASSED] - break: null

2019-11-20 18:36:26 - [TEST_STEP][PASSED] - sa.assertTrue(colourVerified): null

2019-11-20 18:36:26 - [TEST_STEP][PASSED] - getPrice = getText(findTestObject("Page_cabi Order Items/GetAttribute_Price")): Text of object 'Object Repository/Page_cabi Order Items/GetAttribute_Price' is: 'Price : $79.00'

2019-11-20 18:36:26 - [MESSAGE][PASSED] - Text of object 'Object Repository/Page_cabi Order Items/GetAttribute_Price' is: 'Price : $79.00'

2019-11-20 18:36:26 - [TEST_STEP][PASSED] - Split_Data = UtilityMethods.SplitData(getPrice): null

2019-11-20 18:36:26 - [TEST_STEP][PASSED] - verifyMatch(Split_Data, findTestData("productData").getValue("Retail", row), true, CONTINUE_ON_FAILURE): Actual text '79' and expected text '79' are matched  using regular expression

2019-11-20 18:36:26 - [MESSAGE][PASSED] - Actual text '79' and expected text '79' are matched  using regular expression

2019-11-20 18:36:26 - [TEST_STEP][PASSED] - sizeRange1 = ["XXS", "XS", "S", "M", "L", "XL", "XXL"]: null

2019-11-20 18:36:26 - [TEST_STEP][PASSED] - sizeRange2 = ["00", "0", "2", "4", "6", "8", "10", "12", "14", "16"]: null

2019-11-20 18:36:26 - [TEST_STEP][PASSED] - sizeRange3 = ["Long", "Regular", "Short"]: null

2019-11-20 18:36:26 - [TEST_STEP][PASSED] - sizeRange4 = ["5", "6", "6.5", "7", "7.5", "8", "8.5", "9", "9.5", "10", "11"]: null

2019-11-20 18:36:26 - [TEST_STEP][PASSED] - sizeRange5 = ["XS/S", "M/L"]: null

2019-11-20 18:36:26 - [TEST_STEP][PASSED] - sizeRange6 = ["One Size"]: null

2019-11-20 18:36:26 - [TEST_STEP][PASSED] - sizeRangeSplit = UtilityMethods.SplitSizes(findTestData("productData").getValue("SzRange", row)): null

2019-11-20 18:36:26 - [TEST_STEP][PASSED] - sizeType = getText(findTestObject("Object Repository/Page_cabi Order Items/Size")): Text of object 'Object Repository/Page_cabi Order Items/Size' is: 'Select'

2019-11-20 18:36:26 - [MESSAGE][PASSED] - Text of object 'Object Repository/Page_cabi Order Items/Size' is: 'Select'

2019-11-20 18:36:26 - [TEST_STEP][PASSED] - sizeOptions = findWebElements(findTestObject("Object Repository/Page_cabi Order Items/Size"), 5): null

2019-11-20 18:36:26 - [TEST_STEP][PASSED] - actualRange = new java.util.ArrayList(): null

2019-11-20 18:36:26 - [TEST_STEP][PASSED] - expectedRange = <not implemented yet for class: org.codehaus.groovy.ast.expr.EmptyExpression>: null

2019-11-20 18:36:26 - [TEST_STEP][PASSED] - if (sizeType.equalsIgnoreCase("Select")): null

2019-11-20 18:36:26 - [TEST_STEP][PASSED] - for ([i = 1, i < sizeOptions.size(), (i++)]): null

2019-11-20 18:36:26 - [TEST_STEP][PASSED] - actualRange.add(getAttribute("value").toString()): null

2019-11-20 18:36:26 - [TEST_STEP][PASSED] - actualRange.add(getAttribute("value").toString()): null

2019-11-20 18:36:26 - [TEST_STEP][PASSED] - actualRange.add(getAttribute("value").toString()): null

2019-11-20 18:36:26 - [TEST_STEP][PASSED] - actualRange.add(getAttribute("value").toString()): null

2019-11-20 18:36:26 - [TEST_STEP][PASSED] - actualRange.add(getAttribute("value").toString()): null

2019-11-20 18:36:26 - [TEST_STEP][PASSED] - if (toString().equalsIgnoreCase("XS") || toString().equalsIgnoreCase("XXS")): null

2019-11-20 18:36:26 - [TEST_STEP][PASSED] - expectedRange = UtilityMethods.getExpectedRange(sizeRange1, sizeRangeSplit): null

2019-11-20 18:36:26 - [TEST_STEP][PASSED] - println("XS"): null

2019-11-20 18:36:26 - [TEST_STEP][PASSED] - println(expectedRange.toString()): null

2019-11-20 18:36:26 - [TEST_STEP][PASSED] - sa.assertTrue(UtilityMethods.listEquals(expectedRange, actualRange)): null

2019-11-20 18:36:26 - [TEST_STEP][PASSED] - delay(2): Delayed 2 second(s)

2019-11-20 18:36:28 - [MESSAGE][PASSED] - Delayed 2 second(s)

2019-11-20 18:36:28 - [TEST_STEP][PASSED] - verifyElementText(findTestObject("Page_cabi Order Items/product_title"), findTestData("productData").getValue("Description", row), CONTINUE_ON_FAILURE): Actual text and expected text of test object 'Object Repository/Page_cabi Order Items/product_title' are matched.

2019-11-20 18:36:28 - [MESSAGE][PASSED] - Actual text and expected text of test object 'Object Repository/Page_cabi Order Items/product_title' are matched.

2019-11-20 18:36:28 - [TEST_STEP][PASSED] - finalContent = findTestData("productData").getValue("FinalContent", row): null

2019-11-20 18:36:28 - [TEST_STEP][PASSED] - if (finalContent.equalsIgnoreCase("")): null

2019-11-20 18:36:28 - [TEST_STEP][PASSED] - else: Actual text and expected text of test object 'Object Repository/Page_cabi Order Items/product_fabric' are matched.

2019-11-20 18:36:28 - [TEST_STEP][PASSED] - verifyElementText(findTestObject("Page_cabi Order Items/product_fabric"), finalContent, CONTINUE_ON_FAILURE): Actual text and expected text of test object 'Object Repository/Page_cabi Order Items/product_fabric' are matched.

2019-11-20 18:36:29 - [MESSAGE][PASSED] - Actual text and expected text of test object 'Object Repository/Page_cabi Order Items/product_fabric' are matched.

2019-11-20 18:36:29 - [TEST_STEP][PASSED] - expectedCasreIntrn = findTestData("productData").getValue("CareInstr", row): null

2019-11-20 18:36:29 - [TEST_STEP][PASSED] - if (expectedCasreIntrn.equalsIgnoreCase("")): null

2019-11-20 18:36:29 - [TEST_STEP][PASSED] - else: null

2019-11-20 18:36:29 - [TEST_STEP][PASSED] - actualCasreIntrn = "<div>" + getText(findTestObject("Page_cabi Order Items/care_instruction")) + "</div>": Text of object 'Object Repository/Page_cabi Order Items/care_instruction' is: 'Wash by hand separately with cold water. Only non-chlorine bleach if needed. Do not twist or wring. Lay flat to dry. Steam iron only if needed. Can be dry cleaned.'

2019-11-20 18:36:29 - [MESSAGE][PASSED] - Text of object 'Object Repository/Page_cabi Order Items/care_instruction' is: 'Wash by hand separately with cold water. Only non-chlorine bleach if needed. Do not twist or wring. Lay flat to dry. Steam iron only if needed. Can be dry cleaned.'

2019-11-20 18:36:29 - [TEST_STEP][PASSED] - sa.assertTrue(actualCasreIntrn.equals(expectedCasreIntrn)): null

2019-11-20 18:36:29 - [TEST_STEP][PASSED] - sa = new org.testng.asserts.SoftAssert(): null

2019-11-20 18:36:29 - [TEST_STEP][PASSED] - styleid_data = findTestData("productData").getValue("Style", row): null

2019-11-20 18:36:29 - [TEST_STEP][PASSED] - println("******************+++++++++++++++++++**********************************************"): null

2019-11-20 18:36:29 - [TEST_STEP][PASSED] - println(styleid_data): null

2019-11-20 18:36:29 - [TEST_STEP][PASSED] - by = By.xpath("//input[@name='style']"): null

2019-11-20 18:36:29 - [TEST_STEP][PASSED] - styleWe = UtilityMethods.getElementByLocator(by, driver): null

2019-11-20 18:36:29 - [TEST_STEP][PASSED] - to = UtilityMethods.fromElement(styleWe): null

2019-11-20 18:36:29 - [TEST_STEP][PASSED] - setText(to, styleid_data): Text '5771' is set on object ''

2019-11-20 18:36:29 - [MESSAGE][PASSED] - Text '5771' is set on object ''

2019-11-20 18:36:29 - [TEST_STEP][PASSED] - sendKeys(to, Keys.chord(ENTER)): Keys 'ENTER + ' sent to object: ''

2019-11-20 18:36:29 - [MESSAGE][PASSED] - Keys 'ENTER + ' sent to object: ''

2019-11-20 18:36:29 - [TEST_STEP][PASSED] - delay(2): Delayed 2 second(s)

2019-11-20 18:36:31 - [MESSAGE][PASSED] - Delayed 2 second(s)

2019-11-20 18:36:31 - [TEST_STEP][PASSED] - if (toString().equalsIgnoreCase("no")): null

2019-11-20 18:36:31 - [TEST_STEP][PASSED] - else: null

2019-11-20 18:36:31 - [TEST_STEP][PASSED] - click(findTestObject("Page_cabi Order Items/li_order_item")): Object: 'Object Repository/Page_cabi Order Items/li_order_item' is clicked on

2019-11-20 18:36:42 - [MESSAGE][PASSED] - Object: 'Object Repository/Page_cabi Order Items/li_order_item' is clicked on

2019-11-20 18:36:42 - [TEST_STEP][PASSED] - imagePath = UtilityMethods.createScreenshotImagePath(storeType, styleid_data): null

2019-11-20 18:36:42 - [TEST_STEP][PASSED] - println(imagePath): null

2019-11-20 18:36:42 - [TEST_STEP][PASSED] - takeScreenshot(imagePath): Taking screenshot successfully

2019-11-20 18:36:43 - [MESSAGE][PASSED] - Taking screenshot successfully
[[ATTACHMENT|C:\\Users\\user\\Documents\\testautomation\\KatalonProjects\\productImages\\BOPersonal_5771 image.png]]

2019-11-20 18:36:43 - [TEST_STEP][PASSED] - verifyElementText(findTestObject("Page_cabi Order Items/GetAttribute_getID"), styleid_data, CONTINUE_ON_FAILURE): Actual text and expected text of test object 'Object Repository/Page_cabi Order Items/GetAttribute_getID' are matched.

2019-11-20 18:36:43 - [MESSAGE][PASSED] - Actual text and expected text of test object 'Object Repository/Page_cabi Order Items/GetAttribute_getID' are matched.

2019-11-20 18:36:43 - [TEST_STEP][PASSED] - colorOptions = findWebElements(findTestObject("Page_cabi Order Items/GetAttribute_Color"), 5): null

2019-11-20 18:36:43 - [TEST_STEP][PASSED] - println(colorOptions.size()): null

2019-11-20 18:36:43 - [TEST_STEP][PASSED] - expectedColour = findTestData("productData").getValue("Color", row): null

2019-11-20 18:36:43 - [TEST_STEP][PASSED] - println("expected colour is"): null

2019-11-20 18:36:43 - [TEST_STEP][PASSED] - println(expectedColour): null

2019-11-20 18:36:43 - [TEST_STEP][PASSED] - colourVerified = false: null

2019-11-20 18:36:43 - [TEST_STEP][PASSED] - for (org.openqa.selenium.WebElement op : colorOptions): null

2019-11-20 18:36:43 - [TEST_STEP][PASSED] - println(op.getText()): null

2019-11-20 18:36:43 - [TEST_STEP][PASSED] - if (expectedColour.equalsIgnoreCase(op.getText())): null

2019-11-20 18:36:43 - [TEST_STEP][PASSED] - colourVerified = true: null

2019-11-20 18:36:43 - [TEST_STEP][PASSED] - break: null

2019-11-20 18:36:43 - [TEST_STEP][PASSED] - sa.assertTrue(colourVerified): null

2019-11-20 18:36:43 - [TEST_STEP][PASSED] - getPrice = getText(findTestObject("Page_cabi Order Items/GetAttribute_Price")): Text of object 'Object Repository/Page_cabi Order Items/GetAttribute_Price' is: 'Price : $179.00'

2019-11-20 18:36:43 - [MESSAGE][PASSED] - Text of object 'Object Repository/Page_cabi Order Items/GetAttribute_Price' is: 'Price : $179.00'

2019-11-20 18:36:43 - [TEST_STEP][PASSED] - Split_Data = UtilityMethods.SplitData(getPrice): null

2019-11-20 18:36:43 - [TEST_STEP][PASSED] - verifyMatch(Split_Data, findTestData("productData").getValue("Retail", row), true, CONTINUE_ON_FAILURE): Actual text '179' and expected text '179' are matched  using regular expression

2019-11-20 18:36:43 - [MESSAGE][PASSED] - Actual text '179' and expected text '179' are matched  using regular expression

2019-11-20 18:36:43 - [TEST_STEP][PASSED] - sizeRange1 = ["XXS", "XS", "S", "M", "L", "XL", "XXL"]: null

2019-11-20 18:36:43 - [TEST_STEP][PASSED] - sizeRange2 = ["00", "0", "2", "4", "6", "8", "10", "12", "14", "16"]: null

2019-11-20 18:36:43 - [TEST_STEP][PASSED] - sizeRange3 = ["Long", "Regular", "Short"]: null

2019-11-20 18:36:43 - [TEST_STEP][PASSED] - sizeRange4 = ["5", "6", "6.5", "7", "7.5", "8", "8.5", "9", "9.5", "10", "11"]: null

2019-11-20 18:36:43 - [TEST_STEP][PASSED] - sizeRange5 = ["XS/S", "M/L"]: null

2019-11-20 18:36:43 - [TEST_STEP][PASSED] - sizeRange6 = ["One Size"]: null

2019-11-20 18:36:43 - [TEST_STEP][PASSED] - sizeRangeSplit = UtilityMethods.SplitSizes(findTestData("productData").getValue("SzRange", row)): null

2019-11-20 18:36:43 - [TEST_STEP][PASSED] - sizeType = getText(findTestObject("Object Repository/Page_cabi Order Items/Size")): Text of object 'Object Repository/Page_cabi Order Items/Size' is: 'Select'

2019-11-20 18:36:43 - [MESSAGE][PASSED] - Text of object 'Object Repository/Page_cabi Order Items/Size' is: 'Select'

2019-11-20 18:36:43 - [TEST_STEP][PASSED] - sizeOptions = findWebElements(findTestObject("Object Repository/Page_cabi Order Items/Size"), 5): null

2019-11-20 18:36:43 - [TEST_STEP][PASSED] - actualRange = new java.util.ArrayList(): null

2019-11-20 18:36:43 - [TEST_STEP][PASSED] - expectedRange = <not implemented yet for class: org.codehaus.groovy.ast.expr.EmptyExpression>: null

2019-11-20 18:36:43 - [TEST_STEP][PASSED] - if (sizeType.equalsIgnoreCase("Select")): null

2019-11-20 18:36:43 - [TEST_STEP][PASSED] - for ([i = 1, i < sizeOptions.size(), (i++)]): null

2019-11-20 18:36:43 - [TEST_STEP][PASSED] - actualRange.add(getAttribute("value").toString()): null

2019-11-20 18:36:43 - [TEST_STEP][PASSED] - actualRange.add(getAttribute("value").toString()): null

2019-11-20 18:36:43 - [TEST_STEP][PASSED] - actualRange.add(getAttribute("value").toString()): null

2019-11-20 18:36:43 - [TEST_STEP][PASSED] - actualRange.add(getAttribute("value").toString()): null

2019-11-20 18:36:43 - [TEST_STEP][PASSED] - actualRange.add(getAttribute("value").toString()): null

2019-11-20 18:36:43 - [TEST_STEP][PASSED] - actualRange.add(getAttribute("value").toString()): null

2019-11-20 18:36:43 - [TEST_STEP][PASSED] - if (toString().equalsIgnoreCase("XS") || toString().equalsIgnoreCase("XXS")): null

2019-11-20 18:36:43 - [TEST_STEP][PASSED] - expectedRange = UtilityMethods.getExpectedRange(sizeRange1, sizeRangeSplit): null

2019-11-20 18:36:43 - [TEST_STEP][PASSED] - println("XS"): null

2019-11-20 18:36:43 - [TEST_STEP][PASSED] - println(expectedRange.toString()): null

2019-11-20 18:36:43 - [TEST_STEP][PASSED] - sa.assertTrue(UtilityMethods.listEquals(expectedRange, actualRange)): null

2019-11-20 18:36:43 - [TEST_STEP][PASSED] - delay(2): Delayed 2 second(s)

2019-11-20 18:36:45 - [MESSAGE][PASSED] - Delayed 2 second(s)

2019-11-20 18:36:45 - [TEST_STEP][PASSED] - verifyElementText(findTestObject("Page_cabi Order Items/product_title"), findTestData("productData").getValue("Description", row), CONTINUE_ON_FAILURE): Actual text and expected text of test object 'Object Repository/Page_cabi Order Items/product_title' are matched.

2019-11-20 18:36:45 - [MESSAGE][PASSED] - Actual text and expected text of test object 'Object Repository/Page_cabi Order Items/product_title' are matched.

2019-11-20 18:36:45 - [TEST_STEP][PASSED] - finalContent = findTestData("productData").getValue("FinalContent", row): null

2019-11-20 18:36:45 - [TEST_STEP][PASSED] - if (finalContent.equalsIgnoreCase("")): null

2019-11-20 18:36:45 - [TEST_STEP][PASSED] - else: Actual text and expected text of test object 'Object Repository/Page_cabi Order Items/product_fabric' are matched.

2019-11-20 18:36:45 - [TEST_STEP][PASSED] - verifyElementText(findTestObject("Page_cabi Order Items/product_fabric"), finalContent, CONTINUE_ON_FAILURE): Actual text and expected text of test object 'Object Repository/Page_cabi Order Items/product_fabric' are matched.

2019-11-20 18:36:45 - [MESSAGE][PASSED] - Actual text and expected text of test object 'Object Repository/Page_cabi Order Items/product_fabric' are matched.

2019-11-20 18:36:45 - [TEST_STEP][PASSED] - expectedCasreIntrn = findTestData("productData").getValue("CareInstr", row): null

2019-11-20 18:36:45 - [TEST_STEP][PASSED] - if (expectedCasreIntrn.equalsIgnoreCase("")): null

2019-11-20 18:36:45 - [TEST_STEP][PASSED] - else: null

2019-11-20 18:36:45 - [TEST_STEP][PASSED] - actualCasreIntrn = "<div>" + getText(findTestObject("Page_cabi Order Items/care_instruction")) + "</div>": Text of object 'Object Repository/Page_cabi Order Items/care_instruction' is: 'Turn garment inside out and place in a mesh bag. Machine wash separately in cold water on the delicate cycle. Only non-chlorine bleach if needed. Do not twist or wring. Lay flat to dry. Warm iron if needed. Can be dry cleaned.'

2019-11-20 18:36:45 - [MESSAGE][PASSED] - Text of object 'Object Repository/Page_cabi Order Items/care_instruction' is: 'Turn garment inside out and place in a mesh bag. Machine wash separately in cold water on the delicate cycle. Only non-chlorine bleach if needed. Do not twist or wring. Lay flat to dry. Warm iron if needed. Can be dry cleaned.'

2019-11-20 18:36:45 - [TEST_STEP][PASSED] - sa.assertTrue(actualCasreIntrn.equals(expectedCasreIntrn)): null

2019-11-20 18:36:45 - [TEST_STEP][PASSED] - sa = new org.testng.asserts.SoftAssert(): null

2019-11-20 18:36:45 - [TEST_STEP][PASSED] - styleid_data = findTestData("productData").getValue("Style", row): null

2019-11-20 18:36:46 - [TEST_STEP][PASSED] - println("******************+++++++++++++++++++**********************************************"): null

2019-11-20 18:36:46 - [TEST_STEP][PASSED] - println(styleid_data): null

2019-11-20 18:36:46 - [TEST_STEP][PASSED] - by = By.xpath("//input[@name='style']"): null

2019-11-20 18:36:46 - [TEST_STEP][PASSED] - styleWe = UtilityMethods.getElementByLocator(by, driver): null

2019-11-20 18:36:46 - [TEST_STEP][PASSED] - to = UtilityMethods.fromElement(styleWe): null

2019-11-20 18:36:46 - [TEST_STEP][PASSED] - setText(to, styleid_data): Text '5772' is set on object ''

2019-11-20 18:36:46 - [MESSAGE][PASSED] - Text '5772' is set on object ''

2019-11-20 18:36:46 - [TEST_STEP][PASSED] - sendKeys(to, Keys.chord(ENTER)): Keys 'ENTER + ' sent to object: ''

2019-11-20 18:36:46 - [MESSAGE][PASSED] - Keys 'ENTER + ' sent to object: ''

2019-11-20 18:36:46 - [TEST_STEP][PASSED] - delay(2): Delayed 2 second(s)

2019-11-20 18:36:48 - [MESSAGE][PASSED] - Delayed 2 second(s)

2019-11-20 18:36:48 - [TEST_STEP][PASSED] - if (toString().equalsIgnoreCase("no")): null

2019-11-20 18:36:48 - [TEST_STEP][PASSED] - else: null

2019-11-20 18:36:48 - [TEST_STEP][PASSED] - click(findTestObject("Page_cabi Order Items/li_order_item")): Object: 'Object Repository/Page_cabi Order Items/li_order_item' is clicked on

2019-11-20 18:37:00 - [MESSAGE][PASSED] - Object: 'Object Repository/Page_cabi Order Items/li_order_item' is clicked on

2019-11-20 18:37:00 - [TEST_STEP][PASSED] - imagePath = UtilityMethods.createScreenshotImagePath(storeType, styleid_data): null

2019-11-20 18:37:00 - [TEST_STEP][PASSED] - println(imagePath): null

2019-11-20 18:37:00 - [TEST_STEP][PASSED] - takeScreenshot(imagePath): Taking screenshot successfully

2019-11-20 18:37:01 - [MESSAGE][PASSED] - Taking screenshot successfully
[[ATTACHMENT|C:\\Users\\user\\Documents\\testautomation\\KatalonProjects\\productImages\\BOPersonal_5772 image.png]]

2019-11-20 18:37:01 - [TEST_STEP][PASSED] - verifyElementText(findTestObject("Page_cabi Order Items/GetAttribute_getID"), styleid_data, CONTINUE_ON_FAILURE): Actual text and expected text of test object 'Object Repository/Page_cabi Order Items/GetAttribute_getID' are matched.

2019-11-20 18:37:01 - [MESSAGE][PASSED] - Actual text and expected text of test object 'Object Repository/Page_cabi Order Items/GetAttribute_getID' are matched.

2019-11-20 18:37:01 - [TEST_STEP][PASSED] - colorOptions = findWebElements(findTestObject("Page_cabi Order Items/GetAttribute_Color"), 5): null

2019-11-20 18:37:01 - [TEST_STEP][PASSED] - println(colorOptions.size()): null

2019-11-20 18:37:01 - [TEST_STEP][PASSED] - expectedColour = findTestData("productData").getValue("Color", row): null

2019-11-20 18:37:01 - [TEST_STEP][PASSED] - println("expected colour is"): null

2019-11-20 18:37:01 - [TEST_STEP][PASSED] - println(expectedColour): null

2019-11-20 18:37:01 - [TEST_STEP][PASSED] - colourVerified = false: null

2019-11-20 18:37:01 - [TEST_STEP][PASSED] - for (org.openqa.selenium.WebElement op : colorOptions): null

2019-11-20 18:37:01 - [TEST_STEP][PASSED] - println(op.getText()): null

2019-11-20 18:37:01 - [TEST_STEP][PASSED] - if (expectedColour.equalsIgnoreCase(op.getText())): null

2019-11-20 18:37:01 - [TEST_STEP][PASSED] - colourVerified = true: null

2019-11-20 18:37:01 - [TEST_STEP][PASSED] - break: null

2019-11-20 18:37:01 - [TEST_STEP][PASSED] - sa.assertTrue(colourVerified): null

2019-11-20 18:37:01 - [TEST_STEP][PASSED] - getPrice = getText(findTestObject("Page_cabi Order Items/GetAttribute_Price")): Text of object 'Object Repository/Page_cabi Order Items/GetAttribute_Price' is: 'Price : $159.00'

2019-11-20 18:37:01 - [MESSAGE][PASSED] - Text of object 'Object Repository/Page_cabi Order Items/GetAttribute_Price' is: 'Price : $159.00'

2019-11-20 18:37:01 - [TEST_STEP][PASSED] - Split_Data = UtilityMethods.SplitData(getPrice): null

2019-11-20 18:37:01 - [TEST_STEP][PASSED] - verifyMatch(Split_Data, findTestData("productData").getValue("Retail", row), true, CONTINUE_ON_FAILURE): Actual text '159' and expected text '159' are matched  using regular expression

2019-11-20 18:37:01 - [MESSAGE][PASSED] - Actual text '159' and expected text '159' are matched  using regular expression

2019-11-20 18:37:01 - [TEST_STEP][PASSED] - sizeRange1 = ["XXS", "XS", "S", "M", "L", "XL", "XXL"]: null

2019-11-20 18:37:01 - [TEST_STEP][PASSED] - sizeRange2 = ["00", "0", "2", "4", "6", "8", "10", "12", "14", "16"]: null

2019-11-20 18:37:01 - [TEST_STEP][PASSED] - sizeRange3 = ["Long", "Regular", "Short"]: null

2019-11-20 18:37:01 - [TEST_STEP][PASSED] - sizeRange4 = ["5", "6", "6.5", "7", "7.5", "8", "8.5", "9", "9.5", "10", "11"]: null

2019-11-20 18:37:01 - [TEST_STEP][PASSED] - sizeRange5 = ["XS/S", "M/L"]: null

2019-11-20 18:37:01 - [TEST_STEP][PASSED] - sizeRange6 = ["One Size"]: null

2019-11-20 18:37:01 - [TEST_STEP][PASSED] - sizeRangeSplit = UtilityMethods.SplitSizes(findTestData("productData").getValue("SzRange", row)): null

2019-11-20 18:37:01 - [TEST_STEP][PASSED] - sizeType = getText(findTestObject("Object Repository/Page_cabi Order Items/Size")): Text of object 'Object Repository/Page_cabi Order Items/Size' is: 'Select'

2019-11-20 18:37:01 - [MESSAGE][PASSED] - Text of object 'Object Repository/Page_cabi Order Items/Size' is: 'Select'

2019-11-20 18:37:01 - [TEST_STEP][PASSED] - sizeOptions = findWebElements(findTestObject("Object Repository/Page_cabi Order Items/Size"), 5): null

2019-11-20 18:37:01 - [TEST_STEP][PASSED] - actualRange = new java.util.ArrayList(): null

2019-11-20 18:37:01 - [TEST_STEP][PASSED] - expectedRange = <not implemented yet for class: org.codehaus.groovy.ast.expr.EmptyExpression>: null

2019-11-20 18:37:01 - [TEST_STEP][PASSED] - if (sizeType.equalsIgnoreCase("Select")): null

2019-11-20 18:37:01 - [TEST_STEP][PASSED] - for ([i = 1, i < sizeOptions.size(), (i++)]): null

2019-11-20 18:37:01 - [TEST_STEP][PASSED] - actualRange.add(getAttribute("value").toString()): null

2019-11-20 18:37:01 - [TEST_STEP][PASSED] - actualRange.add(getAttribute("value").toString()): null

2019-11-20 18:37:01 - [TEST_STEP][PASSED] - actualRange.add(getAttribute("value").toString()): null

2019-11-20 18:37:01 - [TEST_STEP][PASSED] - actualRange.add(getAttribute("value").toString()): null

2019-11-20 18:37:01 - [TEST_STEP][PASSED] - actualRange.add(getAttribute("value").toString()): null

2019-11-20 18:37:01 - [TEST_STEP][PASSED] - if (toString().equalsIgnoreCase("XS") || toString().equalsIgnoreCase("XXS")): null

2019-11-20 18:37:01 - [TEST_STEP][PASSED] - expectedRange = UtilityMethods.getExpectedRange(sizeRange1, sizeRangeSplit): null

2019-11-20 18:37:01 - [TEST_STEP][PASSED] - println("XS"): null

2019-11-20 18:37:01 - [TEST_STEP][PASSED] - println(expectedRange.toString()): null

2019-11-20 18:37:01 - [TEST_STEP][PASSED] - sa.assertTrue(UtilityMethods.listEquals(expectedRange, actualRange)): null

2019-11-20 18:37:01 - [TEST_STEP][PASSED] - delay(2): Delayed 2 second(s)

2019-11-20 18:37:03 - [MESSAGE][PASSED] - Delayed 2 second(s)

2019-11-20 18:37:03 - [TEST_STEP][PASSED] - verifyElementText(findTestObject("Page_cabi Order Items/product_title"), findTestData("productData").getValue("Description", row), CONTINUE_ON_FAILURE): Actual text and expected text of test object 'Object Repository/Page_cabi Order Items/product_title' are matched.

2019-11-20 18:37:03 - [MESSAGE][PASSED] - Actual text and expected text of test object 'Object Repository/Page_cabi Order Items/product_title' are matched.

2019-11-20 18:37:03 - [TEST_STEP][PASSED] - finalContent = findTestData("productData").getValue("FinalContent", row): null

2019-11-20 18:37:04 - [TEST_STEP][PASSED] - if (finalContent.equalsIgnoreCase("")): null

2019-11-20 18:37:04 - [TEST_STEP][PASSED] - else: Actual text and expected text of test object 'Object Repository/Page_cabi Order Items/product_fabric' are matched.

2019-11-20 18:37:04 - [TEST_STEP][PASSED] - verifyElementText(findTestObject("Page_cabi Order Items/product_fabric"), finalContent, CONTINUE_ON_FAILURE): Actual text and expected text of test object 'Object Repository/Page_cabi Order Items/product_fabric' are matched.

2019-11-20 18:37:04 - [MESSAGE][PASSED] - Actual text and expected text of test object 'Object Repository/Page_cabi Order Items/product_fabric' are matched.

2019-11-20 18:37:04 - [TEST_STEP][PASSED] - expectedCasreIntrn = findTestData("productData").getValue("CareInstr", row): null

2019-11-20 18:37:04 - [TEST_STEP][PASSED] - if (expectedCasreIntrn.equalsIgnoreCase("")): null

2019-11-20 18:37:04 - [TEST_STEP][PASSED] - else: null

2019-11-20 18:37:04 - [TEST_STEP][PASSED] - actualCasreIntrn = "<div>" + getText(findTestObject("Page_cabi Order Items/care_instruction")) + "</div>": Text of object 'Object Repository/Page_cabi Order Items/care_instruction' is: 'Turn garment inside out and place in a mesh bag. Machine wash separately in cold water on the delicate cycle. Only non-chlorine bleach if needed. Do not twist or wring. Lay flat to dry. Warm iron if needed. Can be dry cleaned.'

2019-11-20 18:37:04 - [MESSAGE][PASSED] - Text of object 'Object Repository/Page_cabi Order Items/care_instruction' is: 'Turn garment inside out and place in a mesh bag. Machine wash separately in cold water on the delicate cycle. Only non-chlorine bleach if needed. Do not twist or wring. Lay flat to dry. Warm iron if needed. Can be dry cleaned.'

2019-11-20 18:37:04 - [TEST_STEP][PASSED] - sa.assertTrue(actualCasreIntrn.equals(expectedCasreIntrn)): null

2019-11-20 18:37:04 - [TEST_STEP][PASSED] - sa = new org.testng.asserts.SoftAssert(): null

2019-11-20 18:37:04 - [TEST_STEP][PASSED] - styleid_data = findTestData("productData").getValue("Style", row): null

2019-11-20 18:37:04 - [TEST_STEP][PASSED] - println("******************+++++++++++++++++++**********************************************"): null

2019-11-20 18:37:04 - [TEST_STEP][PASSED] - println(styleid_data): null

2019-11-20 18:37:04 - [TEST_STEP][PASSED] - by = By.xpath("//input[@name='style']"): null

2019-11-20 18:37:04 - [TEST_STEP][PASSED] - styleWe = UtilityMethods.getElementByLocator(by, driver): null

2019-11-20 18:37:04 - [TEST_STEP][PASSED] - to = UtilityMethods.fromElement(styleWe): null

2019-11-20 18:37:04 - [TEST_STEP][PASSED] - setText(to, styleid_data): Text '5773' is set on object ''

2019-11-20 18:37:04 - [MESSAGE][PASSED] - Text '5773' is set on object ''

2019-11-20 18:37:04 - [TEST_STEP][PASSED] - sendKeys(to, Keys.chord(ENTER)): Keys 'ENTER + ' sent to object: ''

2019-11-20 18:37:04 - [MESSAGE][PASSED] - Keys 'ENTER + ' sent to object: ''

2019-11-20 18:37:04 - [TEST_STEP][PASSED] - delay(2): Delayed 2 second(s)

2019-11-20 18:37:06 - [MESSAGE][PASSED] - Delayed 2 second(s)

2019-11-20 18:37:06 - [TEST_STEP][PASSED] - if (toString().equalsIgnoreCase("no")): null

2019-11-20 18:37:06 - [TEST_STEP][PASSED] - else: null

2019-11-20 18:37:06 - [TEST_STEP][PASSED] - click(findTestObject("Page_cabi Order Items/li_order_item")): Object: 'Object Repository/Page_cabi Order Items/li_order_item' is clicked on

2019-11-20 18:37:17 - [MESSAGE][PASSED] - Object: 'Object Repository/Page_cabi Order Items/li_order_item' is clicked on

2019-11-20 18:37:17 - [TEST_STEP][PASSED] - imagePath = UtilityMethods.createScreenshotImagePath(storeType, styleid_data): null

2019-11-20 18:37:17 - [TEST_STEP][PASSED] - println(imagePath): null

2019-11-20 18:37:17 - [TEST_STEP][PASSED] - takeScreenshot(imagePath): Taking screenshot successfully

2019-11-20 18:37:17 - [MESSAGE][PASSED] - Taking screenshot successfully
[[ATTACHMENT|C:\\Users\\user\\Documents\\testautomation\\KatalonProjects\\productImages\\BOPersonal_5773 image.png]]

2019-11-20 18:37:17 - [TEST_STEP][PASSED] - verifyElementText(findTestObject("Page_cabi Order Items/GetAttribute_getID"), styleid_data, CONTINUE_ON_FAILURE): Actual text and expected text of test object 'Object Repository/Page_cabi Order Items/GetAttribute_getID' are matched.

2019-11-20 18:37:18 - [MESSAGE][PASSED] - Actual text and expected text of test object 'Object Repository/Page_cabi Order Items/GetAttribute_getID' are matched.

2019-11-20 18:37:18 - [TEST_STEP][PASSED] - colorOptions = findWebElements(findTestObject("Page_cabi Order Items/GetAttribute_Color"), 5): null

2019-11-20 18:37:18 - [TEST_STEP][PASSED] - println(colorOptions.size()): null

2019-11-20 18:37:18 - [TEST_STEP][PASSED] - expectedColour = findTestData("productData").getValue("Color", row): null

2019-11-20 18:37:18 - [TEST_STEP][PASSED] - println("expected colour is"): null

2019-11-20 18:37:18 - [TEST_STEP][PASSED] - println(expectedColour): null

2019-11-20 18:37:18 - [TEST_STEP][PASSED] - colourVerified = false: null

2019-11-20 18:37:18 - [TEST_STEP][PASSED] - for (org.openqa.selenium.WebElement op : colorOptions): null

2019-11-20 18:37:18 - [TEST_STEP][PASSED] - println(op.getText()): null

2019-11-20 18:37:18 - [TEST_STEP][PASSED] - if (expectedColour.equalsIgnoreCase(op.getText())): null

2019-11-20 18:37:18 - [TEST_STEP][PASSED] - colourVerified = true: null

2019-11-20 18:37:18 - [TEST_STEP][PASSED] - break: null

2019-11-20 18:37:18 - [TEST_STEP][PASSED] - sa.assertTrue(colourVerified): null

2019-11-20 18:37:18 - [TEST_STEP][PASSED] - getPrice = getText(findTestObject("Page_cabi Order Items/GetAttribute_Price")): Text of object 'Object Repository/Page_cabi Order Items/GetAttribute_Price' is: 'Price : $159.00'

2019-11-20 18:37:18 - [MESSAGE][PASSED] - Text of object 'Object Repository/Page_cabi Order Items/GetAttribute_Price' is: 'Price : $159.00'

2019-11-20 18:37:18 - [TEST_STEP][PASSED] - Split_Data = UtilityMethods.SplitData(getPrice): null

2019-11-20 18:37:18 - [TEST_STEP][PASSED] - verifyMatch(Split_Data, findTestData("productData").getValue("Retail", row), true, CONTINUE_ON_FAILURE): Actual text '159' and expected text '159' are matched  using regular expression

2019-11-20 18:37:18 - [MESSAGE][PASSED] - Actual text '159' and expected text '159' are matched  using regular expression

2019-11-20 18:37:18 - [TEST_STEP][PASSED] - sizeRange1 = ["XXS", "XS", "S", "M", "L", "XL", "XXL"]: null

2019-11-20 18:37:18 - [TEST_STEP][PASSED] - sizeRange2 = ["00", "0", "2", "4", "6", "8", "10", "12", "14", "16"]: null

2019-11-20 18:37:18 - [TEST_STEP][PASSED] - sizeRange3 = ["Long", "Regular", "Short"]: null

2019-11-20 18:37:18 - [TEST_STEP][PASSED] - sizeRange4 = ["5", "6", "6.5", "7", "7.5", "8", "8.5", "9", "9.5", "10", "11"]: null

2019-11-20 18:37:18 - [TEST_STEP][PASSED] - sizeRange5 = ["XS/S", "M/L"]: null

2019-11-20 18:37:18 - [TEST_STEP][PASSED] - sizeRange6 = ["One Size"]: null

2019-11-20 18:37:18 - [TEST_STEP][PASSED] - sizeRangeSplit = UtilityMethods.SplitSizes(findTestData("productData").getValue("SzRange", row)): null

2019-11-20 18:37:18 - [TEST_STEP][PASSED] - sizeType = getText(findTestObject("Object Repository/Page_cabi Order Items/Size")): Text of object 'Object Repository/Page_cabi Order Items/Size' is: 'Select'

2019-11-20 18:37:18 - [MESSAGE][PASSED] - Text of object 'Object Repository/Page_cabi Order Items/Size' is: 'Select'

2019-11-20 18:37:18 - [TEST_STEP][PASSED] - sizeOptions = findWebElements(findTestObject("Object Repository/Page_cabi Order Items/Size"), 5): null

2019-11-20 18:37:18 - [TEST_STEP][PASSED] - actualRange = new java.util.ArrayList(): null

2019-11-20 18:37:18 - [TEST_STEP][PASSED] - expectedRange = <not implemented yet for class: org.codehaus.groovy.ast.expr.EmptyExpression>: null

2019-11-20 18:37:18 - [TEST_STEP][PASSED] - if (sizeType.equalsIgnoreCase("Select")): null

2019-11-20 18:37:18 - [TEST_STEP][PASSED] - for ([i = 1, i < sizeOptions.size(), (i++)]): null

2019-11-20 18:37:18 - [TEST_STEP][PASSED] - actualRange.add(getAttribute("value").toString()): null

2019-11-20 18:37:18 - [TEST_STEP][PASSED] - actualRange.add(getAttribute("value").toString()): null

2019-11-20 18:37:18 - [TEST_STEP][PASSED] - actualRange.add(getAttribute("value").toString()): null

2019-11-20 18:37:18 - [TEST_STEP][PASSED] - actualRange.add(getAttribute("value").toString()): null

2019-11-20 18:37:18 - [TEST_STEP][PASSED] - actualRange.add(getAttribute("value").toString()): null

2019-11-20 18:37:18 - [TEST_STEP][PASSED] - actualRange.add(getAttribute("value").toString()): null

2019-11-20 18:37:18 - [TEST_STEP][PASSED] - if (toString().equalsIgnoreCase("XS") || toString().equalsIgnoreCase("XXS")): null

2019-11-20 18:37:18 - [TEST_STEP][PASSED] - expectedRange = UtilityMethods.getExpectedRange(sizeRange1, sizeRangeSplit): null

2019-11-20 18:37:18 - [TEST_STEP][PASSED] - println("XS"): null

2019-11-20 18:37:18 - [TEST_STEP][PASSED] - println(expectedRange.toString()): null

2019-11-20 18:37:18 - [TEST_STEP][PASSED] - sa.assertTrue(UtilityMethods.listEquals(expectedRange, actualRange)): null

2019-11-20 18:37:18 - [TEST_STEP][PASSED] - delay(2): Delayed 2 second(s)

2019-11-20 18:37:20 - [MESSAGE][PASSED] - Delayed 2 second(s)

2019-11-20 18:37:20 - [TEST_STEP][PASSED] - verifyElementText(findTestObject("Page_cabi Order Items/product_title"), findTestData("productData").getValue("Description", row), CONTINUE_ON_FAILURE): Actual text and expected text of test object 'Object Repository/Page_cabi Order Items/product_title' are matched.

2019-11-20 18:37:20 - [MESSAGE][PASSED] - Actual text and expected text of test object 'Object Repository/Page_cabi Order Items/product_title' are matched.

2019-11-20 18:37:20 - [TEST_STEP][PASSED] - finalContent = findTestData("productData").getValue("FinalContent", row): null

2019-11-20 18:37:20 - [TEST_STEP][PASSED] - if (finalContent.equalsIgnoreCase("")): null

2019-11-20 18:37:20 - [TEST_STEP][PASSED] - else: Actual text and expected text of test object 'Object Repository/Page_cabi Order Items/product_fabric' are matched.

2019-11-20 18:37:20 - [TEST_STEP][PASSED] - verifyElementText(findTestObject("Page_cabi Order Items/product_fabric"), finalContent, CONTINUE_ON_FAILURE): Actual text and expected text of test object 'Object Repository/Page_cabi Order Items/product_fabric' are matched.

2019-11-20 18:37:20 - [MESSAGE][PASSED] - Actual text and expected text of test object 'Object Repository/Page_cabi Order Items/product_fabric' are matched.

2019-11-20 18:37:20 - [TEST_STEP][PASSED] - expectedCasreIntrn = findTestData("productData").getValue("CareInstr", row): null

2019-11-20 18:37:20 - [TEST_STEP][PASSED] - if (expectedCasreIntrn.equalsIgnoreCase("")): null

2019-11-20 18:37:20 - [TEST_STEP][PASSED] - else: null

2019-11-20 18:37:20 - [TEST_STEP][PASSED] - actualCasreIntrn = "<div>" + getText(findTestObject("Page_cabi Order Items/care_instruction")) + "</div>": Text of object 'Object Repository/Page_cabi Order Items/care_instruction' is: 'Turn garment inside out and place in a mesh bag. Machine wash separately in cold water on the delicate cycle. Only non-chlorine bleach if needed. Do not twist or wring. Lay flat to dry. Warm iron if needed. Can be dry cleaned.'

2019-11-20 18:37:20 - [MESSAGE][PASSED] - Text of object 'Object Repository/Page_cabi Order Items/care_instruction' is: 'Turn garment inside out and place in a mesh bag. Machine wash separately in cold water on the delicate cycle. Only non-chlorine bleach if needed. Do not twist or wring. Lay flat to dry. Warm iron if needed. Can be dry cleaned.'

2019-11-20 18:37:20 - [TEST_STEP][PASSED] - sa.assertTrue(actualCasreIntrn.equals(expectedCasreIntrn)): null

2019-11-20 18:37:20 - [TEST_STEP][PASSED] - sa = new org.testng.asserts.SoftAssert(): null

2019-11-20 18:37:20 - [TEST_STEP][PASSED] - styleid_data = findTestData("productData").getValue("Style", row): null

2019-11-20 18:37:20 - [TEST_STEP][PASSED] - println("******************+++++++++++++++++++**********************************************"): null

2019-11-20 18:37:20 - [TEST_STEP][PASSED] - println(styleid_data): null

2019-11-20 18:37:20 - [TEST_STEP][PASSED] - by = By.xpath("//input[@name='style']"): null

2019-11-20 18:37:20 - [TEST_STEP][PASSED] - styleWe = UtilityMethods.getElementByLocator(by, driver): null

2019-11-20 18:37:20 - [TEST_STEP][PASSED] - to = UtilityMethods.fromElement(styleWe): null

2019-11-20 18:37:20 - [TEST_STEP][PASSED] - setText(to, styleid_data): Text '5776' is set on object ''

2019-11-20 18:37:21 - [MESSAGE][PASSED] - Text '5776' is set on object ''

2019-11-20 18:37:21 - [TEST_STEP][PASSED] - sendKeys(to, Keys.chord(ENTER)): Keys 'ENTER + ' sent to object: ''

2019-11-20 18:37:21 - [MESSAGE][PASSED] - Keys 'ENTER + ' sent to object: ''

2019-11-20 18:37:21 - [TEST_STEP][PASSED] - delay(2): Delayed 2 second(s)

2019-11-20 18:37:23 - [MESSAGE][PASSED] - Delayed 2 second(s)

2019-11-20 18:37:23 - [TEST_STEP][PASSED] - if (toString().equalsIgnoreCase("no")): null

2019-11-20 18:37:23 - [TEST_STEP][PASSED] - else: null

2019-11-20 18:37:23 - [TEST_STEP][PASSED] - click(findTestObject("Page_cabi Order Items/li_order_item")): Object: 'Object Repository/Page_cabi Order Items/li_order_item' is clicked on

2019-11-20 18:37:34 - [MESSAGE][PASSED] - Object: 'Object Repository/Page_cabi Order Items/li_order_item' is clicked on

2019-11-20 18:37:34 - [TEST_STEP][PASSED] - imagePath = UtilityMethods.createScreenshotImagePath(storeType, styleid_data): null

2019-11-20 18:37:34 - [TEST_STEP][PASSED] - println(imagePath): null

2019-11-20 18:37:34 - [TEST_STEP][PASSED] - takeScreenshot(imagePath): Taking screenshot successfully

2019-11-20 18:37:34 - [MESSAGE][PASSED] - Taking screenshot successfully
[[ATTACHMENT|C:\\Users\\user\\Documents\\testautomation\\KatalonProjects\\productImages\\BOPersonal_5776 image.png]]

2019-11-20 18:37:34 - [TEST_STEP][PASSED] - verifyElementText(findTestObject("Page_cabi Order Items/GetAttribute_getID"), styleid_data, CONTINUE_ON_FAILURE): Actual text and expected text of test object 'Object Repository/Page_cabi Order Items/GetAttribute_getID' are matched.

2019-11-20 18:37:34 - [MESSAGE][PASSED] - Actual text and expected text of test object 'Object Repository/Page_cabi Order Items/GetAttribute_getID' are matched.

2019-11-20 18:37:34 - [TEST_STEP][PASSED] - colorOptions = findWebElements(findTestObject("Page_cabi Order Items/GetAttribute_Color"), 5): null

2019-11-20 18:37:34 - [TEST_STEP][PASSED] - println(colorOptions.size()): null

2019-11-20 18:37:34 - [TEST_STEP][PASSED] - expectedColour = findTestData("productData").getValue("Color", row): null

2019-11-20 18:37:35 - [TEST_STEP][PASSED] - println("expected colour is"): null

2019-11-20 18:37:35 - [TEST_STEP][PASSED] - println(expectedColour): null

2019-11-20 18:37:35 - [TEST_STEP][PASSED] - colourVerified = false: null

2019-11-20 18:37:35 - [TEST_STEP][PASSED] - for (org.openqa.selenium.WebElement op : colorOptions): null

2019-11-20 18:37:35 - [TEST_STEP][PASSED] - println(op.getText()): null

2019-11-20 18:37:35 - [TEST_STEP][PASSED] - if (expectedColour.equalsIgnoreCase(op.getText())): null

2019-11-20 18:37:35 - [TEST_STEP][PASSED] - colourVerified = true: null

2019-11-20 18:37:35 - [TEST_STEP][PASSED] - break: null

2019-11-20 18:37:35 - [TEST_STEP][PASSED] - sa.assertTrue(colourVerified): null

2019-11-20 18:37:35 - [TEST_STEP][PASSED] - getPrice = getText(findTestObject("Page_cabi Order Items/GetAttribute_Price")): Text of object 'Object Repository/Page_cabi Order Items/GetAttribute_Price' is: 'Price : $109.00'

2019-11-20 18:37:35 - [MESSAGE][PASSED] - Text of object 'Object Repository/Page_cabi Order Items/GetAttribute_Price' is: 'Price : $109.00'

2019-11-20 18:37:35 - [TEST_STEP][PASSED] - Split_Data = UtilityMethods.SplitData(getPrice): null

2019-11-20 18:37:35 - [TEST_STEP][PASSED] - verifyMatch(Split_Data, findTestData("productData").getValue("Retail", row), true, CONTINUE_ON_FAILURE): Actual text '109' and expected text '109' are matched  using regular expression

2019-11-20 18:37:35 - [MESSAGE][PASSED] - Actual text '109' and expected text '109' are matched  using regular expression

2019-11-20 18:37:35 - [TEST_STEP][PASSED] - sizeRange1 = ["XXS", "XS", "S", "M", "L", "XL", "XXL"]: null

2019-11-20 18:37:35 - [TEST_STEP][PASSED] - sizeRange2 = ["00", "0", "2", "4", "6", "8", "10", "12", "14", "16"]: null

2019-11-20 18:37:35 - [TEST_STEP][PASSED] - sizeRange3 = ["Long", "Regular", "Short"]: null

2019-11-20 18:37:35 - [TEST_STEP][PASSED] - sizeRange4 = ["5", "6", "6.5", "7", "7.5", "8", "8.5", "9", "9.5", "10", "11"]: null

2019-11-20 18:37:35 - [TEST_STEP][PASSED] - sizeRange5 = ["XS/S", "M/L"]: null

2019-11-20 18:37:35 - [TEST_STEP][PASSED] - sizeRange6 = ["One Size"]: null

2019-11-20 18:37:35 - [TEST_STEP][PASSED] - sizeRangeSplit = UtilityMethods.SplitSizes(findTestData("productData").getValue("SzRange", row)): null

2019-11-20 18:37:35 - [TEST_STEP][PASSED] - sizeType = getText(findTestObject("Object Repository/Page_cabi Order Items/Size")): Text of object 'Object Repository/Page_cabi Order Items/Size' is: 'Select'

2019-11-20 18:37:35 - [MESSAGE][PASSED] - Text of object 'Object Repository/Page_cabi Order Items/Size' is: 'Select'

2019-11-20 18:37:35 - [TEST_STEP][PASSED] - sizeOptions = findWebElements(findTestObject("Object Repository/Page_cabi Order Items/Size"), 5): null

2019-11-20 18:37:35 - [TEST_STEP][PASSED] - actualRange = new java.util.ArrayList(): null

2019-11-20 18:37:35 - [TEST_STEP][PASSED] - expectedRange = <not implemented yet for class: org.codehaus.groovy.ast.expr.EmptyExpression>: null

2019-11-20 18:37:35 - [TEST_STEP][PASSED] - if (sizeType.equalsIgnoreCase("Select")): null

2019-11-20 18:37:35 - [TEST_STEP][PASSED] - for ([i = 1, i < sizeOptions.size(), (i++)]): null

2019-11-20 18:37:35 - [TEST_STEP][PASSED] - actualRange.add(getAttribute("value").toString()): null

2019-11-20 18:37:35 - [TEST_STEP][PASSED] - actualRange.add(getAttribute("value").toString()): null

2019-11-20 18:37:35 - [TEST_STEP][PASSED] - actualRange.add(getAttribute("value").toString()): null

2019-11-20 18:37:35 - [TEST_STEP][PASSED] - actualRange.add(getAttribute("value").toString()): null

2019-11-20 18:37:35 - [TEST_STEP][PASSED] - actualRange.add(getAttribute("value").toString()): null

2019-11-20 18:37:35 - [TEST_STEP][PASSED] - if (toString().equalsIgnoreCase("XS") || toString().equalsIgnoreCase("XXS")): null

2019-11-20 18:37:35 - [TEST_STEP][PASSED] - expectedRange = UtilityMethods.getExpectedRange(sizeRange1, sizeRangeSplit): null

2019-11-20 18:37:35 - [TEST_STEP][PASSED] - println("XS"): null

2019-11-20 18:37:35 - [TEST_STEP][PASSED] - println(expectedRange.toString()): null

2019-11-20 18:37:35 - [TEST_STEP][PASSED] - sa.assertTrue(UtilityMethods.listEquals(expectedRange, actualRange)): null

2019-11-20 18:37:35 - [TEST_STEP][PASSED] - delay(2): Delayed 2 second(s)

2019-11-20 18:37:37 - [MESSAGE][PASSED] - Delayed 2 second(s)

2019-11-20 18:37:37 - [TEST_STEP][PASSED] - verifyElementText(findTestObject("Page_cabi Order Items/product_title"), findTestData("productData").getValue("Description", row), CONTINUE_ON_FAILURE): Actual text and expected text of test object 'Object Repository/Page_cabi Order Items/product_title' are matched.

2019-11-20 18:37:37 - [MESSAGE][PASSED] - Actual text and expected text of test object 'Object Repository/Page_cabi Order Items/product_title' are matched.

2019-11-20 18:37:37 - [TEST_STEP][PASSED] - finalContent = findTestData("productData").getValue("FinalContent", row): null

2019-11-20 18:37:37 - [TEST_STEP][PASSED] - if (finalContent.equalsIgnoreCase("")): null

2019-11-20 18:37:37 - [TEST_STEP][PASSED] - else: Actual text and expected text of test object 'Object Repository/Page_cabi Order Items/product_fabric' are matched.

2019-11-20 18:37:37 - [TEST_STEP][PASSED] - verifyElementText(findTestObject("Page_cabi Order Items/product_fabric"), finalContent, CONTINUE_ON_FAILURE): Actual text and expected text of test object 'Object Repository/Page_cabi Order Items/product_fabric' are matched.

2019-11-20 18:37:37 - [MESSAGE][PASSED] - Actual text and expected text of test object 'Object Repository/Page_cabi Order Items/product_fabric' are matched.

2019-11-20 18:37:37 - [TEST_STEP][PASSED] - expectedCasreIntrn = findTestData("productData").getValue("CareInstr", row): null

2019-11-20 18:37:37 - [TEST_STEP][PASSED] - if (expectedCasreIntrn.equalsIgnoreCase("")): null

2019-11-20 18:37:37 - [TEST_STEP][PASSED] - actualCI = findWebElements(findTestObject("Page_cabi Order Items/care_instruction"), 5): Unable to find the element located by 'By.xpath: //li/label[contains(text(), 'Care instruction:')]/parent::li/following-sibling::li/em'. Please recheck the objects properties to make sure the desired element is located. 

2019-11-20 18:37:42 - [MESSAGE][INFO] - Unable to find the element located by 'By.xpath: //li/label[contains(text(), 'Care instruction:')]/parent::li/following-sibling::li/em'. Please recheck the objects properties to make sure the desired element is located. 

2019-11-20 18:37:42 - [TEST_STEP][PASSED] - sa.assertTrue(actualCI.size() == 0): null

2019-11-20 18:37:42 - [TEST_STEP][PASSED] - sa = new org.testng.asserts.SoftAssert(): null

2019-11-20 18:37:42 - [TEST_STEP][PASSED] - styleid_data = findTestData("productData").getValue("Style", row): null

2019-11-20 18:37:42 - [TEST_STEP][PASSED] - println("******************+++++++++++++++++++**********************************************"): null

2019-11-20 18:37:42 - [TEST_STEP][PASSED] - println(styleid_data): null

2019-11-20 18:37:42 - [TEST_STEP][PASSED] - by = By.xpath("//input[@name='style']"): null

2019-11-20 18:37:42 - [TEST_STEP][PASSED] - styleWe = UtilityMethods.getElementByLocator(by, driver): null

2019-11-20 18:37:42 - [TEST_STEP][PASSED] - to = UtilityMethods.fromElement(styleWe): null

2019-11-20 18:37:42 - [TEST_STEP][PASSED] - setText(to, styleid_data): Text '5777' is set on object ''

2019-11-20 18:37:43 - [MESSAGE][PASSED] - Text '5777' is set on object ''

2019-11-20 18:37:43 - [TEST_STEP][PASSED] - sendKeys(to, Keys.chord(ENTER)): Keys 'ENTER + ' sent to object: ''

2019-11-20 18:37:43 - [MESSAGE][PASSED] - Keys 'ENTER + ' sent to object: ''

2019-11-20 18:37:43 - [TEST_STEP][PASSED] - delay(2): Delayed 2 second(s)

2019-11-20 18:37:45 - [MESSAGE][PASSED] - Delayed 2 second(s)

2019-11-20 18:37:45 - [TEST_STEP][PASSED] - if (toString().equalsIgnoreCase("no")): null

2019-11-20 18:37:45 - [TEST_STEP][PASSED] - else: null

2019-11-20 18:37:45 - [TEST_STEP][PASSED] - click(findTestObject("Page_cabi Order Items/li_order_item")): Object: 'Object Repository/Page_cabi Order Items/li_order_item' is clicked on

2019-11-20 18:37:57 - [MESSAGE][PASSED] - Object: 'Object Repository/Page_cabi Order Items/li_order_item' is clicked on

2019-11-20 18:37:57 - [TEST_STEP][PASSED] - imagePath = UtilityMethods.createScreenshotImagePath(storeType, styleid_data): null

2019-11-20 18:37:57 - [TEST_STEP][PASSED] - println(imagePath): null

2019-11-20 18:37:57 - [TEST_STEP][PASSED] - takeScreenshot(imagePath): Taking screenshot successfully

2019-11-20 18:37:57 - [MESSAGE][PASSED] - Taking screenshot successfully
[[ATTACHMENT|C:\\Users\\user\\Documents\\testautomation\\KatalonProjects\\productImages\\BOPersonal_5777 image.png]]

2019-11-20 18:37:57 - [TEST_STEP][PASSED] - verifyElementText(findTestObject("Page_cabi Order Items/GetAttribute_getID"), styleid_data, CONTINUE_ON_FAILURE): Actual text and expected text of test object 'Object Repository/Page_cabi Order Items/GetAttribute_getID' are matched.

2019-11-20 18:37:57 - [MESSAGE][PASSED] - Actual text and expected text of test object 'Object Repository/Page_cabi Order Items/GetAttribute_getID' are matched.

2019-11-20 18:37:57 - [TEST_STEP][PASSED] - colorOptions = findWebElements(findTestObject("Page_cabi Order Items/GetAttribute_Color"), 5): null

2019-11-20 18:37:57 - [TEST_STEP][PASSED] - println(colorOptions.size()): null

2019-11-20 18:37:57 - [TEST_STEP][PASSED] - expectedColour = findTestData("productData").getValue("Color", row): null

2019-11-20 18:37:58 - [TEST_STEP][PASSED] - println("expected colour is"): null

2019-11-20 18:37:58 - [TEST_STEP][PASSED] - println(expectedColour): null

2019-11-20 18:37:58 - [TEST_STEP][PASSED] - colourVerified = false: null

2019-11-20 18:37:58 - [TEST_STEP][PASSED] - for (org.openqa.selenium.WebElement op : colorOptions): null

2019-11-20 18:37:58 - [TEST_STEP][PASSED] - println(op.getText()): null

2019-11-20 18:37:58 - [TEST_STEP][PASSED] - if (expectedColour.equalsIgnoreCase(op.getText())): null

2019-11-20 18:37:58 - [TEST_STEP][PASSED] - colourVerified = true: null

2019-11-20 18:37:58 - [TEST_STEP][PASSED] - break: null

2019-11-20 18:37:58 - [TEST_STEP][PASSED] - sa.assertTrue(colourVerified): null

2019-11-20 18:37:58 - [TEST_STEP][PASSED] - getPrice = getText(findTestObject("Page_cabi Order Items/GetAttribute_Price")): Text of object 'Object Repository/Page_cabi Order Items/GetAttribute_Price' is: 'Price : $64.00'

2019-11-20 18:37:58 - [MESSAGE][PASSED] - Text of object 'Object Repository/Page_cabi Order Items/GetAttribute_Price' is: 'Price : $64.00'

2019-11-20 18:37:58 - [TEST_STEP][PASSED] - Split_Data = UtilityMethods.SplitData(getPrice): null

2019-11-20 18:37:58 - [TEST_STEP][PASSED] - verifyMatch(Split_Data, findTestData("productData").getValue("Retail", row), true, CONTINUE_ON_FAILURE): Actual text '64' and expected text '64' are matched  using regular expression

2019-11-20 18:37:58 - [MESSAGE][PASSED] - Actual text '64' and expected text '64' are matched  using regular expression

2019-11-20 18:37:58 - [TEST_STEP][PASSED] - sizeRange1 = ["XXS", "XS", "S", "M", "L", "XL", "XXL"]: null

2019-11-20 18:37:58 - [TEST_STEP][PASSED] - sizeRange2 = ["00", "0", "2", "4", "6", "8", "10", "12", "14", "16"]: null

2019-11-20 18:37:58 - [TEST_STEP][PASSED] - sizeRange3 = ["Long", "Regular", "Short"]: null

2019-11-20 18:37:58 - [TEST_STEP][PASSED] - sizeRange4 = ["5", "6", "6.5", "7", "7.5", "8", "8.5", "9", "9.5", "10", "11"]: null

2019-11-20 18:37:58 - [TEST_STEP][PASSED] - sizeRange5 = ["XS/S", "M/L"]: null

2019-11-20 18:37:58 - [TEST_STEP][PASSED] - sizeRange6 = ["One Size"]: null

2019-11-20 18:37:58 - [TEST_STEP][PASSED] - sizeRangeSplit = UtilityMethods.SplitSizes(findTestData("productData").getValue("SzRange", row)): null

2019-11-20 18:37:58 - [TEST_STEP][PASSED] - sizeType = getText(findTestObject("Object Repository/Page_cabi Order Items/Size")): Text of object 'Object Repository/Page_cabi Order Items/Size' is: 'Select'

2019-11-20 18:37:58 - [MESSAGE][PASSED] - Text of object 'Object Repository/Page_cabi Order Items/Size' is: 'Select'

2019-11-20 18:37:58 - [TEST_STEP][PASSED] - sizeOptions = findWebElements(findTestObject("Object Repository/Page_cabi Order Items/Size"), 5): null

2019-11-20 18:37:58 - [TEST_STEP][PASSED] - actualRange = new java.util.ArrayList(): null

2019-11-20 18:37:58 - [TEST_STEP][PASSED] - expectedRange = <not implemented yet for class: org.codehaus.groovy.ast.expr.EmptyExpression>: null

2019-11-20 18:37:58 - [TEST_STEP][PASSED] - if (sizeType.equalsIgnoreCase("Select")): null

2019-11-20 18:37:58 - [TEST_STEP][PASSED] - for ([i = 1, i < sizeOptions.size(), (i++)]): null

2019-11-20 18:37:58 - [TEST_STEP][PASSED] - actualRange.add(getAttribute("value").toString()): null

2019-11-20 18:37:58 - [TEST_STEP][PASSED] - if (toString().equalsIgnoreCase("XS") || toString().equalsIgnoreCase("XXS")): null

2019-11-20 18:37:58 - [TEST_STEP][PASSED] - else if (toString().equalsIgnoreCase("00") || toString().equalsIgnoreCase("0")): null

2019-11-20 18:37:58 - [TEST_STEP][PASSED] - else if (toString().equalsIgnoreCase("Long")): null

2019-11-20 18:37:58 - [TEST_STEP][PASSED] - else if (toString().equalsIgnoreCase("5")): null

2019-11-20 18:37:58 - [TEST_STEP][PASSED] - else if (toString().equalsIgnoreCase("XS/S")): null

2019-11-20 18:37:58 - [TEST_STEP][PASSED] - else if (toString().equalsIgnoreCase("One Size")): null

2019-11-20 18:37:58 - [TEST_STEP][PASSED] - expectedRange = UtilityMethods.getExpectedRange(sizeRange6, sizeRangeSplit): null

2019-11-20 18:37:58 - [TEST_STEP][PASSED] - println("One Size"): null

2019-11-20 18:37:58 - [TEST_STEP][PASSED] - println(expectedRange.toString()): null

2019-11-20 18:37:58 - [TEST_STEP][PASSED] - sa.assertTrue(UtilityMethods.listEquals(expectedRange, actualRange)): null

2019-11-20 18:37:58 - [TEST_STEP][PASSED] - delay(2): Delayed 2 second(s)

2019-11-20 18:38:00 - [MESSAGE][PASSED] - Delayed 2 second(s)

2019-11-20 18:38:00 - [TEST_STEP][PASSED] - verifyElementText(findTestObject("Page_cabi Order Items/product_title"), findTestData("productData").getValue("Description", row), CONTINUE_ON_FAILURE): Actual text and expected text of test object 'Object Repository/Page_cabi Order Items/product_title' are matched.

2019-11-20 18:38:00 - [MESSAGE][PASSED] - Actual text and expected text of test object 'Object Repository/Page_cabi Order Items/product_title' are matched.

2019-11-20 18:38:00 - [TEST_STEP][PASSED] - finalContent = findTestData("productData").getValue("FinalContent", row): null

2019-11-20 18:38:00 - [TEST_STEP][PASSED] - if (finalContent.equalsIgnoreCase("")): null

2019-11-20 18:38:00 - [TEST_STEP][PASSED] - else: Actual text and expected text of test object 'Object Repository/Page_cabi Order Items/product_fabric' are matched.

2019-11-20 18:38:00 - [TEST_STEP][PASSED] - verifyElementText(findTestObject("Page_cabi Order Items/product_fabric"), finalContent, CONTINUE_ON_FAILURE): Actual text and expected text of test object 'Object Repository/Page_cabi Order Items/product_fabric' are matched.

2019-11-20 18:38:00 - [MESSAGE][PASSED] - Actual text and expected text of test object 'Object Repository/Page_cabi Order Items/product_fabric' are matched.

2019-11-20 18:38:00 - [TEST_STEP][PASSED] - expectedCasreIntrn = findTestData("productData").getValue("CareInstr", row): null

2019-11-20 18:38:00 - [TEST_STEP][PASSED] - if (expectedCasreIntrn.equalsIgnoreCase("")): null

2019-11-20 18:38:00 - [TEST_STEP][PASSED] - else: null

2019-11-20 18:38:00 - [TEST_STEP][PASSED] - actualCasreIntrn = "<div>" + getText(findTestObject("Page_cabi Order Items/care_instruction")) + "</div>": Text of object 'Object Repository/Page_cabi Order Items/care_instruction' is: 'Wash by hand separately with cold water. Only non-chlorine bleach if needed. Do not twist or wring. Lay flat to dry. Steam press back to shape. Can be dry cleaned.'

2019-11-20 18:38:00 - [MESSAGE][PASSED] - Text of object 'Object Repository/Page_cabi Order Items/care_instruction' is: 'Wash by hand separately with cold water. Only non-chlorine bleach if needed. Do not twist or wring. Lay flat to dry. Steam press back to shape. Can be dry cleaned.'

2019-11-20 18:38:00 - [TEST_STEP][PASSED] - sa.assertTrue(actualCasreIntrn.equals(expectedCasreIntrn)): null

2019-11-20 18:38:00 - [TEST_STEP][PASSED] - sa = new org.testng.asserts.SoftAssert(): null

2019-11-20 18:38:00 - [TEST_STEP][PASSED] - styleid_data = findTestData("productData").getValue("Style", row): null

2019-11-20 18:38:00 - [TEST_STEP][PASSED] - println("******************+++++++++++++++++++**********************************************"): null

2019-11-20 18:38:00 - [TEST_STEP][PASSED] - println(styleid_data): null

2019-11-20 18:38:00 - [TEST_STEP][PASSED] - by = By.xpath("//input[@name='style']"): null

2019-11-20 18:38:00 - [TEST_STEP][PASSED] - styleWe = UtilityMethods.getElementByLocator(by, driver): null

2019-11-20 18:38:00 - [TEST_STEP][PASSED] - to = UtilityMethods.fromElement(styleWe): null

2019-11-20 18:38:00 - [TEST_STEP][PASSED] - setText(to, styleid_data): Text '6022' is set on object ''

2019-11-20 18:38:01 - [MESSAGE][PASSED] - Text '6022' is set on object ''

2019-11-20 18:38:01 - [TEST_STEP][PASSED] - sendKeys(to, Keys.chord(ENTER)): Keys 'ENTER + ' sent to object: ''

2019-11-20 18:38:01 - [MESSAGE][PASSED] - Keys 'ENTER + ' sent to object: ''

2019-11-20 18:38:01 - [TEST_STEP][PASSED] - delay(2): Delayed 2 second(s)

2019-11-20 18:38:03 - [MESSAGE][PASSED] - Delayed 2 second(s)

2019-11-20 18:38:03 - [TEST_STEP][PASSED] - if (toString().equalsIgnoreCase("no")): null

2019-11-20 18:38:03 - [TEST_STEP][PASSED] - else: null

2019-11-20 18:38:03 - [TEST_STEP][PASSED] - click(findTestObject("Page_cabi Order Items/li_order_item")): Object: 'Object Repository/Page_cabi Order Items/li_order_item' is clicked on

2019-11-20 18:38:16 - [MESSAGE][PASSED] - Object: 'Object Repository/Page_cabi Order Items/li_order_item' is clicked on

2019-11-20 18:38:16 - [TEST_STEP][PASSED] - imagePath = UtilityMethods.createScreenshotImagePath(storeType, styleid_data): null

2019-11-20 18:38:16 - [TEST_STEP][PASSED] - println(imagePath): null

2019-11-20 18:38:16 - [TEST_STEP][PASSED] - takeScreenshot(imagePath): Taking screenshot successfully

2019-11-20 18:38:18 - [MESSAGE][PASSED] - Taking screenshot successfully
[[ATTACHMENT|C:\\Users\\user\\Documents\\testautomation\\KatalonProjects\\productImages\\BOPersonal_6022 image.png]]

2019-11-20 18:38:18 - [TEST_STEP][PASSED] - verifyElementText(findTestObject("Page_cabi Order Items/GetAttribute_getID"), styleid_data, CONTINUE_ON_FAILURE): Actual text and expected text of test object 'Object Repository/Page_cabi Order Items/GetAttribute_getID' are matched.

2019-11-20 18:38:18 - [MESSAGE][PASSED] - Actual text and expected text of test object 'Object Repository/Page_cabi Order Items/GetAttribute_getID' are matched.

2019-11-20 18:38:18 - [TEST_STEP][PASSED] - colorOptions = findWebElements(findTestObject("Page_cabi Order Items/GetAttribute_Color"), 5): null

2019-11-20 18:38:18 - [TEST_STEP][PASSED] - println(colorOptions.size()): null

2019-11-20 18:38:18 - [TEST_STEP][PASSED] - expectedColour = findTestData("productData").getValue("Color", row): null

2019-11-20 18:38:18 - [TEST_STEP][PASSED] - println("expected colour is"): null

2019-11-20 18:38:18 - [TEST_STEP][PASSED] - println(expectedColour): null

2019-11-20 18:38:18 - [TEST_STEP][PASSED] - colourVerified = false: null

2019-11-20 18:38:18 - [TEST_STEP][PASSED] - for (org.openqa.selenium.WebElement op : colorOptions): null

2019-11-20 18:38:18 - [TEST_STEP][PASSED] - println(op.getText()): null

2019-11-20 18:38:18 - [TEST_STEP][PASSED] - if (expectedColour.equalsIgnoreCase(op.getText())): null

2019-11-20 18:38:18 - [TEST_STEP][PASSED] - colourVerified = true: null

2019-11-20 18:38:18 - [TEST_STEP][PASSED] - break: null

2019-11-20 18:38:18 - [TEST_STEP][PASSED] - sa.assertTrue(colourVerified): null

2019-11-20 18:38:18 - [TEST_STEP][PASSED] - getPrice = getText(findTestObject("Page_cabi Order Items/GetAttribute_Price")): Text of object 'Object Repository/Page_cabi Order Items/GetAttribute_Price' is: 'Price : $118.00'

2019-11-20 18:38:18 - [MESSAGE][PASSED] - Text of object 'Object Repository/Page_cabi Order Items/GetAttribute_Price' is: 'Price : $118.00'

2019-11-20 18:38:18 - [TEST_STEP][PASSED] - Split_Data = UtilityMethods.SplitData(getPrice): null

2019-11-20 18:38:18 - [TEST_STEP][PASSED] - verifyMatch(Split_Data, findTestData("productData").getValue("Retail", row), true, CONTINUE_ON_FAILURE): Actual text '118' and expected text '118' are matched  using regular expression

2019-11-20 18:38:18 - [MESSAGE][PASSED] - Actual text '118' and expected text '118' are matched  using regular expression

2019-11-20 18:38:18 - [TEST_STEP][PASSED] - sizeRange1 = ["XXS", "XS", "S", "M", "L", "XL", "XXL"]: null

2019-11-20 18:38:18 - [TEST_STEP][PASSED] - sizeRange2 = ["00", "0", "2", "4", "6", "8", "10", "12", "14", "16"]: null

2019-11-20 18:38:18 - [TEST_STEP][PASSED] - sizeRange3 = ["Long", "Regular", "Short"]: null

2019-11-20 18:38:18 - [TEST_STEP][PASSED] - sizeRange4 = ["5", "6", "6.5", "7", "7.5", "8", "8.5", "9", "9.5", "10", "11"]: null

2019-11-20 18:38:18 - [TEST_STEP][PASSED] - sizeRange5 = ["XS/S", "M/L"]: null

2019-11-20 18:38:18 - [TEST_STEP][PASSED] - sizeRange6 = ["One Size"]: null

2019-11-20 18:38:18 - [TEST_STEP][PASSED] - sizeRangeSplit = UtilityMethods.SplitSizes(findTestData("productData").getValue("SzRange", row)): null

2019-11-20 18:38:18 - [TEST_STEP][PASSED] - sizeType = getText(findTestObject("Object Repository/Page_cabi Order Items/Size")): Text of object 'Object Repository/Page_cabi Order Items/Size' is: 'Select'

2019-11-20 18:38:18 - [MESSAGE][PASSED] - Text of object 'Object Repository/Page_cabi Order Items/Size' is: 'Select'

2019-11-20 18:38:18 - [TEST_STEP][PASSED] - sizeOptions = findWebElements(findTestObject("Object Repository/Page_cabi Order Items/Size"), 5): null

2019-11-20 18:38:18 - [TEST_STEP][PASSED] - actualRange = new java.util.ArrayList(): null

2019-11-20 18:38:18 - [TEST_STEP][PASSED] - expectedRange = <not implemented yet for class: org.codehaus.groovy.ast.expr.EmptyExpression>: null

2019-11-20 18:38:18 - [TEST_STEP][PASSED] - if (sizeType.equalsIgnoreCase("Select")): null

2019-11-20 18:38:18 - [TEST_STEP][PASSED] - for ([i = 1, i < sizeOptions.size(), (i++)]): null

2019-11-20 18:38:18 - [TEST_STEP][PASSED] - actualRange.add(getAttribute("value").toString()): null

2019-11-20 18:38:18 - [TEST_STEP][PASSED] - actualRange.add(getAttribute("value").toString()): null

2019-11-20 18:38:18 - [TEST_STEP][PASSED] - actualRange.add(getAttribute("value").toString()): null

2019-11-20 18:38:18 - [TEST_STEP][PASSED] - actualRange.add(getAttribute("value").toString()): null

2019-11-20 18:38:18 - [TEST_STEP][PASSED] - actualRange.add(getAttribute("value").toString()): null

2019-11-20 18:38:18 - [TEST_STEP][PASSED] - actualRange.add(getAttribute("value").toString()): null

2019-11-20 18:38:18 - [TEST_STEP][PASSED] - actualRange.add(getAttribute("value").toString()): null

2019-11-20 18:38:18 - [TEST_STEP][PASSED] - actualRange.add(getAttribute("value").toString()): null

2019-11-20 18:38:18 - [TEST_STEP][PASSED] - actualRange.add(getAttribute("value").toString()): null

2019-11-20 18:38:18 - [TEST_STEP][PASSED] - actualRange.add(getAttribute("value").toString()): null

2019-11-20 18:38:18 - [TEST_STEP][PASSED] - actualRange.add(getAttribute("value").toString()): null

2019-11-20 18:38:18 - [TEST_STEP][PASSED] - if (toString().equalsIgnoreCase("XS") || toString().equalsIgnoreCase("XXS")): null

2019-11-20 18:38:18 - [TEST_STEP][PASSED] - else if (toString().equalsIgnoreCase("00") || toString().equalsIgnoreCase("0")): null

2019-11-20 18:38:18 - [TEST_STEP][PASSED] - else if (toString().equalsIgnoreCase("Long")): null

2019-11-20 18:38:18 - [TEST_STEP][PASSED] - else if (toString().equalsIgnoreCase("5")): null

2019-11-20 18:38:18 - [TEST_STEP][PASSED] - expectedRange = UtilityMethods.getExpectedRange(sizeRange4, sizeRangeSplit): null

2019-11-20 18:38:18 - [TEST_STEP][PASSED] - println("S"): null

2019-11-20 18:38:18 - [TEST_STEP][PASSED] - println(expectedRange.toString()): null

2019-11-20 18:38:18 - [TEST_STEP][PASSED] - sa.assertTrue(UtilityMethods.listEquals(expectedRange, actualRange)): null

2019-11-20 18:38:18 - [TEST_STEP][PASSED] - delay(2): Delayed 2 second(s)

2019-11-20 18:38:20 - [MESSAGE][PASSED] - Delayed 2 second(s)

2019-11-20 18:38:20 - [TEST_STEP][PASSED] - verifyElementText(findTestObject("Page_cabi Order Items/product_title"), findTestData("productData").getValue("Description", row), CONTINUE_ON_FAILURE): Actual text and expected text of test object 'Object Repository/Page_cabi Order Items/product_title' are matched.

2019-11-20 18:38:20 - [MESSAGE][PASSED] - Actual text and expected text of test object 'Object Repository/Page_cabi Order Items/product_title' are matched.

2019-11-20 18:38:20 - [TEST_STEP][PASSED] - finalContent = findTestData("productData").getValue("FinalContent", row): null

2019-11-20 18:38:20 - [TEST_STEP][PASSED] - if (finalContent.equalsIgnoreCase("")): null

2019-11-20 18:38:20 - [TEST_STEP][PASSED] - else: Actual text and expected text of test object 'Object Repository/Page_cabi Order Items/product_fabric' are matched.

2019-11-20 18:38:20 - [TEST_STEP][PASSED] - verifyElementText(findTestObject("Page_cabi Order Items/product_fabric"), finalContent, CONTINUE_ON_FAILURE): Actual text and expected text of test object 'Object Repository/Page_cabi Order Items/product_fabric' are matched.

2019-11-20 18:38:20 - [MESSAGE][PASSED] - Actual text and expected text of test object 'Object Repository/Page_cabi Order Items/product_fabric' are matched.

2019-11-20 18:38:20 - [TEST_STEP][PASSED] - expectedCasreIntrn = findTestData("productData").getValue("CareInstr", row): null

2019-11-20 18:38:20 - [TEST_STEP][PASSED] - if (expectedCasreIntrn.equalsIgnoreCase("")): null

2019-11-20 18:38:20 - [TEST_STEP][PASSED] - actualCI = findWebElements(findTestObject("Page_cabi Order Items/care_instruction"), 5): Unable to find the element located by 'By.xpath: //li/label[contains(text(), 'Care instruction:')]/parent::li/following-sibling::li/em'. Please recheck the objects properties to make sure the desired element is located. 

2019-11-20 18:38:26 - [MESSAGE][INFO] - Unable to find the element located by 'By.xpath: //li/label[contains(text(), 'Care instruction:')]/parent::li/following-sibling::li/em'. Please recheck the objects properties to make sure the desired element is located. 

2019-11-20 18:38:26 - [TEST_STEP][PASSED] - sa.assertTrue(actualCI.size() == 0): null

2019-11-20 18:38:26 - [TEST_STEP][PASSED] - sa = new org.testng.asserts.SoftAssert(): null

2019-11-20 18:38:26 - [TEST_STEP][PASSED] - styleid_data = findTestData("productData").getValue("Style", row): null

2019-11-20 18:38:26 - [TEST_STEP][PASSED] - println("******************+++++++++++++++++++**********************************************"): null

2019-11-20 18:38:26 - [TEST_STEP][PASSED] - println(styleid_data): null

2019-11-20 18:38:26 - [TEST_STEP][PASSED] - by = By.xpath("//input[@name='style']"): null

2019-11-20 18:38:26 - [TEST_STEP][PASSED] - styleWe = UtilityMethods.getElementByLocator(by, driver): null

2019-11-20 18:38:26 - [TEST_STEP][PASSED] - to = UtilityMethods.fromElement(styleWe): null

2019-11-20 18:38:26 - [TEST_STEP][PASSED] - setText(to, styleid_data): Text '6023' is set on object ''

2019-11-20 18:38:26 - [MESSAGE][PASSED] - Text '6023' is set on object ''

2019-11-20 18:38:26 - [TEST_STEP][PASSED] - sendKeys(to, Keys.chord(ENTER)): Keys 'ENTER + ' sent to object: ''

2019-11-20 18:38:26 - [MESSAGE][PASSED] - Keys 'ENTER + ' sent to object: ''

2019-11-20 18:38:26 - [TEST_STEP][PASSED] - delay(2): Delayed 2 second(s)

2019-11-20 18:38:28 - [MESSAGE][PASSED] - Delayed 2 second(s)

2019-11-20 18:38:28 - [TEST_STEP][PASSED] - if (toString().equalsIgnoreCase("no")): null

2019-11-20 18:38:28 - [TEST_STEP][PASSED] - else: null

2019-11-20 18:38:28 - [TEST_STEP][PASSED] - click(findTestObject("Page_cabi Order Items/li_order_item")): Object: 'Object Repository/Page_cabi Order Items/li_order_item' is clicked on

2019-11-20 18:38:38 - [MESSAGE][PASSED] - Object: 'Object Repository/Page_cabi Order Items/li_order_item' is clicked on

2019-11-20 18:38:38 - [TEST_STEP][PASSED] - imagePath = UtilityMethods.createScreenshotImagePath(storeType, styleid_data): null

2019-11-20 18:38:38 - [TEST_STEP][PASSED] - println(imagePath): null

2019-11-20 18:38:38 - [TEST_STEP][PASSED] - takeScreenshot(imagePath): Taking screenshot successfully

2019-11-20 18:38:39 - [MESSAGE][PASSED] - Taking screenshot successfully
[[ATTACHMENT|C:\\Users\\user\\Documents\\testautomation\\KatalonProjects\\productImages\\BOPersonal_6023 image.png]]

2019-11-20 18:38:39 - [TEST_STEP][PASSED] - verifyElementText(findTestObject("Page_cabi Order Items/GetAttribute_getID"), styleid_data, CONTINUE_ON_FAILURE): Actual text and expected text of test object 'Object Repository/Page_cabi Order Items/GetAttribute_getID' are matched.

2019-11-20 18:38:39 - [MESSAGE][PASSED] - Actual text and expected text of test object 'Object Repository/Page_cabi Order Items/GetAttribute_getID' are matched.

2019-11-20 18:38:39 - [TEST_STEP][PASSED] - colorOptions = findWebElements(findTestObject("Page_cabi Order Items/GetAttribute_Color"), 5): null

2019-11-20 18:38:39 - [TEST_STEP][PASSED] - println(colorOptions.size()): null

2019-11-20 18:38:39 - [TEST_STEP][PASSED] - expectedColour = findTestData("productData").getValue("Color", row): null

2019-11-20 18:38:39 - [TEST_STEP][PASSED] - println("expected colour is"): null

2019-11-20 18:38:39 - [TEST_STEP][PASSED] - println(expectedColour): null

2019-11-20 18:38:39 - [TEST_STEP][PASSED] - colourVerified = false: null

2019-11-20 18:38:39 - [TEST_STEP][PASSED] - for (org.openqa.selenium.WebElement op : colorOptions): null

2019-11-20 18:38:39 - [TEST_STEP][PASSED] - println(op.getText()): null

2019-11-20 18:38:39 - [TEST_STEP][PASSED] - if (expectedColour.equalsIgnoreCase(op.getText())): null

2019-11-20 18:38:39 - [TEST_STEP][PASSED] - colourVerified = true: null

2019-11-20 18:38:39 - [TEST_STEP][PASSED] - break: null

2019-11-20 18:38:39 - [TEST_STEP][PASSED] - sa.assertTrue(colourVerified): null

2019-11-20 18:38:39 - [TEST_STEP][PASSED] - getPrice = getText(findTestObject("Page_cabi Order Items/GetAttribute_Price")): Text of object 'Object Repository/Page_cabi Order Items/GetAttribute_Price' is: 'Price : $139.00'

2019-11-20 18:38:39 - [MESSAGE][PASSED] - Text of object 'Object Repository/Page_cabi Order Items/GetAttribute_Price' is: 'Price : $139.00'

2019-11-20 18:38:39 - [TEST_STEP][PASSED] - Split_Data = UtilityMethods.SplitData(getPrice): null

2019-11-20 18:38:39 - [TEST_STEP][PASSED] - verifyMatch(Split_Data, findTestData("productData").getValue("Retail", row), true, CONTINUE_ON_FAILURE): Actual text '139' and expected text '139' are matched  using regular expression

2019-11-20 18:38:39 - [MESSAGE][PASSED] - Actual text '139' and expected text '139' are matched  using regular expression

2019-11-20 18:38:39 - [TEST_STEP][PASSED] - sizeRange1 = ["XXS", "XS", "S", "M", "L", "XL", "XXL"]: null

2019-11-20 18:38:39 - [TEST_STEP][PASSED] - sizeRange2 = ["00", "0", "2", "4", "6", "8", "10", "12", "14", "16"]: null

2019-11-20 18:38:39 - [TEST_STEP][PASSED] - sizeRange3 = ["Long", "Regular", "Short"]: null

2019-11-20 18:38:39 - [TEST_STEP][PASSED] - sizeRange4 = ["5", "6", "6.5", "7", "7.5", "8", "8.5", "9", "9.5", "10", "11"]: null

2019-11-20 18:38:39 - [TEST_STEP][PASSED] - sizeRange5 = ["XS/S", "M/L"]: null

2019-11-20 18:38:39 - [TEST_STEP][PASSED] - sizeRange6 = ["One Size"]: null

2019-11-20 18:38:39 - [TEST_STEP][PASSED] - sizeRangeSplit = UtilityMethods.SplitSizes(findTestData("productData").getValue("SzRange", row)): null

2019-11-20 18:38:39 - [TEST_STEP][PASSED] - sizeType = getText(findTestObject("Object Repository/Page_cabi Order Items/Size")): Text of object 'Object Repository/Page_cabi Order Items/Size' is: 'Select'

2019-11-20 18:38:39 - [MESSAGE][PASSED] - Text of object 'Object Repository/Page_cabi Order Items/Size' is: 'Select'

2019-11-20 18:38:39 - [TEST_STEP][PASSED] - sizeOptions = findWebElements(findTestObject("Object Repository/Page_cabi Order Items/Size"), 5): null

2019-11-20 18:38:39 - [TEST_STEP][PASSED] - actualRange = new java.util.ArrayList(): null

2019-11-20 18:38:39 - [TEST_STEP][PASSED] - expectedRange = <not implemented yet for class: org.codehaus.groovy.ast.expr.EmptyExpression>: null

2019-11-20 18:38:39 - [TEST_STEP][PASSED] - if (sizeType.equalsIgnoreCase("Select")): null

2019-11-20 18:38:39 - [TEST_STEP][PASSED] - for ([i = 1, i < sizeOptions.size(), (i++)]): null

2019-11-20 18:38:39 - [TEST_STEP][PASSED] - actualRange.add(getAttribute("value").toString()): null

2019-11-20 18:38:39 - [TEST_STEP][PASSED] - actualRange.add(getAttribute("value").toString()): null

2019-11-20 18:38:40 - [TEST_STEP][PASSED] - actualRange.add(getAttribute("value").toString()): null

2019-11-20 18:38:40 - [TEST_STEP][PASSED] - actualRange.add(getAttribute("value").toString()): null

2019-11-20 18:38:40 - [TEST_STEP][PASSED] - actualRange.add(getAttribute("value").toString()): null

2019-11-20 18:38:40 - [TEST_STEP][PASSED] - actualRange.add(getAttribute("value").toString()): null

2019-11-20 18:38:40 - [TEST_STEP][PASSED] - actualRange.add(getAttribute("value").toString()): null

2019-11-20 18:38:40 - [TEST_STEP][PASSED] - actualRange.add(getAttribute("value").toString()): null

2019-11-20 18:38:40 - [TEST_STEP][PASSED] - actualRange.add(getAttribute("value").toString()): null

2019-11-20 18:38:40 - [TEST_STEP][PASSED] - actualRange.add(getAttribute("value").toString()): null

2019-11-20 18:38:40 - [TEST_STEP][PASSED] - actualRange.add(getAttribute("value").toString()): null

2019-11-20 18:38:40 - [TEST_STEP][PASSED] - if (toString().equalsIgnoreCase("XS") || toString().equalsIgnoreCase("XXS")): null

2019-11-20 18:38:40 - [TEST_STEP][PASSED] - else if (toString().equalsIgnoreCase("00") || toString().equalsIgnoreCase("0")): null

2019-11-20 18:38:40 - [TEST_STEP][PASSED] - else if (toString().equalsIgnoreCase("Long")): null

2019-11-20 18:38:40 - [TEST_STEP][PASSED] - else if (toString().equalsIgnoreCase("5")): null

2019-11-20 18:38:40 - [TEST_STEP][PASSED] - expectedRange = UtilityMethods.getExpectedRange(sizeRange4, sizeRangeSplit): null

2019-11-20 18:38:40 - [TEST_STEP][PASSED] - println("S"): null

2019-11-20 18:38:40 - [TEST_STEP][PASSED] - println(expectedRange.toString()): null

2019-11-20 18:38:40 - [TEST_STEP][PASSED] - sa.assertTrue(UtilityMethods.listEquals(expectedRange, actualRange)): null

2019-11-20 18:38:40 - [TEST_STEP][PASSED] - delay(2): Delayed 2 second(s)

2019-11-20 18:38:42 - [MESSAGE][PASSED] - Delayed 2 second(s)

2019-11-20 18:38:42 - [TEST_STEP][PASSED] - verifyElementText(findTestObject("Page_cabi Order Items/product_title"), findTestData("productData").getValue("Description", row), CONTINUE_ON_FAILURE): Actual text and expected text of test object 'Object Repository/Page_cabi Order Items/product_title' are matched.

2019-11-20 18:38:42 - [MESSAGE][PASSED] - Actual text and expected text of test object 'Object Repository/Page_cabi Order Items/product_title' are matched.

2019-11-20 18:38:42 - [TEST_STEP][PASSED] - finalContent = findTestData("productData").getValue("FinalContent", row): null

2019-11-20 18:38:42 - [TEST_STEP][PASSED] - if (finalContent.equalsIgnoreCase("")): null

2019-11-20 18:38:42 - [TEST_STEP][PASSED] - else: Actual text and expected text of test object 'Object Repository/Page_cabi Order Items/product_fabric' are matched.

2019-11-20 18:38:42 - [TEST_STEP][PASSED] - verifyElementText(findTestObject("Page_cabi Order Items/product_fabric"), finalContent, CONTINUE_ON_FAILURE): Actual text and expected text of test object 'Object Repository/Page_cabi Order Items/product_fabric' are matched.

2019-11-20 18:38:42 - [MESSAGE][PASSED] - Actual text and expected text of test object 'Object Repository/Page_cabi Order Items/product_fabric' are matched.

2019-11-20 18:38:42 - [TEST_STEP][PASSED] - expectedCasreIntrn = findTestData("productData").getValue("CareInstr", row): null

2019-11-20 18:38:42 - [TEST_STEP][PASSED] - if (expectedCasreIntrn.equalsIgnoreCase("")): null

2019-11-20 18:38:42 - [TEST_STEP][PASSED] - actualCI = findWebElements(findTestObject("Page_cabi Order Items/care_instruction"), 5): Unable to find the element located by 'By.xpath: //li/label[contains(text(), 'Care instruction:')]/parent::li/following-sibling::li/em'. Please recheck the objects properties to make sure the desired element is located. 

2019-11-20 18:38:47 - [MESSAGE][INFO] - Unable to find the element located by 'By.xpath: //li/label[contains(text(), 'Care instruction:')]/parent::li/following-sibling::li/em'. Please recheck the objects properties to make sure the desired element is located. 

2019-11-20 18:38:47 - [TEST_STEP][PASSED] - sa.assertTrue(actualCI.size() == 0): null

2019-11-20 18:38:47 - [MESSAGE][PASSED] - Call Test Case 'Test Cases/NewArrival/productVerify' successfully]]></system-out>
         <system-err><![CDATA[]]></system-err>
      </testcase>
      <system-out><![CDATA[2019-11-20 18:33:41 - [TEST_SUITE][PASSED] - NewArrivalsSuite1: Test Cases/NA_Timezone_Separated/BOPersonal1]]></system-out>
      <system-err><![CDATA[]]></system-err>
   </testsuite>
</testsuites>
