<?xml version="1.0" encoding="UTF-8"?>
<testsuites name="NewArrivalsSuite1" time="512" tests="1" failures="0" errors="0">
   <testsuite name="NewArrivalsSuite1" tests="1" failures="0" errors="0" time="512" timestamp="2019-11-21 18:44:36" hostname="user - Tester-pc" id="Test Suites/NewArrivalsSuites/NewArrivalsSuite1">
      <properties>
         <property name="deviceName" value=""/>
         <property name="devicePlatform" value=""/>
         <property name="logFolder" value="C:\\Users\\user\\Documents\\testautomation\\KatalonProjects\\Reports\\NewArrivalsSuites\\NewArrivalsSuite1\\20191121_184430"/>
         <property name="logFiles" value="C:\\Users\\user\\Documents\\testautomation\\KatalonProjects\\Reports\\NewArrivalsSuites\\NewArrivalsSuite1\\20191121_184430\\execution0.log"/>
         <property name="attachments" value="C:\\Users\\user\\Documents\\testautomation\\KatalonProjects\\productImages\\BOPersonal_5689 image.png, C:\\Users\\user\\Documents\\testautomation\\KatalonProjects\\productImages\\BOPersonal_5690 image.png, C:\\Users\\user\\Documents\\testautomation\\KatalonProjects\\productImages\\BOPersonal_5691 image.png, C:\\Users\\user\\Documents\\testautomation\\KatalonProjects\\productImages\\BOPersonal_5692 image.png, C:\\Users\\user\\Documents\\testautomation\\KatalonProjects\\productImages\\BOPersonal_5693 image.png, C:\\Users\\user\\Documents\\testautomation\\KatalonProjects\\productImages\\BOPersonal_5694 image.png, C:\\Users\\user\\Documents\\testautomation\\KatalonProjects\\productImages\\BOPersonal_5695 image.png, C:\\Users\\user\\Documents\\testautomation\\KatalonProjects\\productImages\\BOPersonal_5700 image.png, C:\\Users\\user\\Documents\\testautomation\\KatalonProjects\\productImages\\BOPersonal_5705 image.png, C:\\Users\\user\\Documents\\testautomation\\KatalonProjects\\productImages\\BOPersonal_5706 image.png, C:\\Users\\user\\Documents\\testautomation\\KatalonProjects\\productImages\\BOPersonal_5707 image.png, C:\\Users\\user\\Documents\\testautomation\\KatalonProjects\\productImages\\BOPersonal_5708 image.png, C:\\Users\\user\\Documents\\testautomation\\KatalonProjects\\productImages\\BOPersonal_5709 image.png, C:\\Users\\user\\Documents\\testautomation\\KatalonProjects\\productImages\\BOPersonal_5711 image.png, C:\\Users\\user\\Documents\\testautomation\\KatalonProjects\\productImages\\BOPersonal_5712 image.png, C:\\Users\\user\\Documents\\testautomation\\KatalonProjects\\productImages\\BOPersonal_5713 image.png, C:\\Users\\user\\Documents\\testautomation\\KatalonProjects\\productImages\\BOPersonal_5714 image.png, C:\\Users\\user\\Documents\\testautomation\\KatalonProjects\\productImages\\BOPersonal_5715 image.png, C:\\Users\\user\\Documents\\testautomation\\KatalonProjects\\productImages\\BOPersonal_5723 image.png, C:\\Users\\user\\Documents\\testautomation\\KatalonProjects\\productImages\\BOPersonal_5725 image.png"/>
         <property name="hostName" value="user - Tester-pc"/>
         <property name="os" value="Windows 8.1 64bit"/>
         <property name="katalonVersion" value="6.1.1.1"/>
         <property name="browser" value="Chrome 77.0.3865.120"/>
         <property name="hostAddress" value="10.0.61.249"/>
         <property name="sessionId" value="473e36088dc60a80c987fc666102ec53"/>
         <property name="seleniumVersion" value="3.7.1"/>
         <property name="proxyInformation" value="ProxyInformation{proxyOption=NO_PROXY, proxyServerType=HTTP, password=, proxyServerAddress=, proxyServerPort=0}"/>
         <property name="platform" value="Windows 8.1"/>
      </properties>
      <testcase name="Test Cases/NA_Timezone_Separated/BOPersonal1" classname="Test Cases/NA_Timezone_Separated/BOPersonal1" status="PASSED">
         <system-out><![CDATA[2019-11-21 18:44:36 - [TEST_CASE][PASSED] - Test Cases/NA_Timezone_Separated/BOPersonal1: Test Cases/NA_Timezone_Separated/BOPersonal1

2019-11-21 18:44:37 - [TEST_STEP][PASSED] - Start listener action : sampleBeforeTestCase: null

2019-11-21 18:44:37 - [TEST_STEP][PASSED] - println(testCaseContext.getTestCaseId()): null

2019-11-21 18:44:37 - [TEST_STEP][PASSED] - println(testCaseContext.getTestCaseVariables()): null

2019-11-21 18:44:37 - [TEST_STEP][PASSED] - openBrowser(""): Browser is opened with url: ''

2019-11-21 18:44:38 - [MESSAGE][INFO] - Starting 'Chrome' driver

2019-11-21 18:44:38 - [MESSAGE][INFO] - User set preference: ['args', '[--use-fake-ui-for-media-stream, --start-maximized]']

2019-11-21 18:44:38 - [MESSAGE][INFO] - Action delay is set to 0 seconds

2019-11-21 18:44:41 - [MESSAGE][PASSED] - Browser is opened with url: ''

2019-11-21 18:44:41 - [TEST_STEP][PASSED] - for ([timeRow = 1, timeRow <= 1, (timeRow++)]): Call Test Case 'Test Cases/NewArrival/productVerify' successfully

2019-11-21 18:44:41 - [TEST_STEP][PASSED] - callTestCase(findTestCase("NewArrival/populateTimeGlobalVars"), ["row":timeRow], CONTINUE_ON_FAILURE): Call Test Case 'Test Cases/NewArrival/populateTimeGlobalVars' successfully

2019-11-21 18:44:42 - [TEST_CASE][PASSED] - Test Cases/NewArrival/populateTimeGlobalVars: Test Cases/NewArrival/populateTimeGlobalVars

2019-11-21 18:44:42 - [TEST_STEP][PASSED] - dataFile = "timezoneData": null

2019-11-21 18:44:42 - [TEST_STEP][PASSED] - clockServerTarget = UtilityMethods.getTestData("envtData", "clockServerTarget", 1): null

2019-11-21 18:44:44 - [TEST_STEP][PASSED] - println(clockServerTarget): null

2019-11-21 18:44:44 - [TEST_STEP][PASSED] - orderType = UtilityMethods.getTestData(dataFile, "orderType", row): null

2019-11-21 18:44:44 - [TEST_STEP][PASSED] - timeZone = UtilityMethods.getTestData(dataFile, "timeZone", row): null

2019-11-21 18:44:44 - [TEST_STEP][PASSED] - BOPersonal = UtilityMethods.getTestData(dataFile, "BOPersonal", row): null

2019-11-21 18:44:44 - [TEST_STEP][PASSED] - BOAddonPersonal = UtilityMethods.getTestData(dataFile, "BOAddonPersonal", row): null

2019-11-21 18:44:44 - [TEST_STEP][PASSED] - BOAddonRetail = UtilityMethods.getTestData(dataFile, "BOAddonRetail", row): null

2019-11-21 18:44:44 - [TEST_STEP][PASSED] - BORetail = UtilityMethods.getTestData(dataFile, "BORetail", row): null

2019-11-21 18:44:44 - [TEST_STEP][PASSED] - BOShow = UtilityMethods.getTestData(dataFile, "BOShow", row): null

2019-11-21 18:44:44 - [TEST_STEP][PASSED] - BOOnlineoutlet = UtilityMethods.getTestData(dataFile, "BOOnlineoutlet", row): null

2019-11-21 18:44:44 - [TEST_STEP][PASSED] - BOEmployee = UtilityMethods.getTestData(dataFile, "BOEmployee", row): null

2019-11-21 18:44:45 - [TEST_STEP][PASSED] - CCPersonal = UtilityMethods.getTestData(dataFile, "CCPersonal", row): null

2019-11-21 18:44:45 - [TEST_STEP][PASSED] - CCRetail = UtilityMethods.getTestData(dataFile, "CCRetail", row): null

2019-11-21 18:44:45 - [TEST_STEP][PASSED] - CCShow = UtilityMethods.getTestData(dataFile, "CCShow", row): null

2019-11-21 18:44:45 - [TEST_STEP][PASSED] - BOEblast = UtilityMethods.getTestData(dataFile, "BOEblast", row): null

2019-11-21 18:44:45 - [TEST_STEP][PASSED] - println(row): null

2019-11-21 18:44:45 - [TEST_STEP][PASSED] - println(BOPersonal): null

2019-11-21 18:44:45 - [MESSAGE][PASSED] - Call Test Case 'Test Cases/NewArrival/populateTimeGlobalVars' successfully

2019-11-21 18:44:45 - [TEST_STEP][PASSED] - callTestCase(findTestCase("NewArrival/setTimezone"), ["ofbizURL":"", "ofbizuser":"", "ofbizpass":"", "orderType":orderType, "timeZone":timeZone, "serverTarget":serverTarget, "clockServerTarget":clockServerTarget], CONTINUE_ON_FAILURE): Call Test Case 'Test Cases/NewArrival/setTimezone' successfully

2019-11-21 18:44:45 - [TEST_CASE][PASSED] - Test Cases/NewArrival/setTimezone: Test Cases/NewArrival/setTimezone

2019-11-21 18:44:45 - [TEST_STEP][PASSED] - openBrowser(""): Browser is opened with url: ''

2019-11-21 18:44:45 - [MESSAGE][WARNING] - A browser is already opened. Closing browser and opening a new one

2019-11-21 18:44:46 - [MESSAGE][INFO] - Starting 'Chrome' driver

2019-11-21 18:44:46 - [MESSAGE][INFO] - User set preference: ['args', '[--use-fake-ui-for-media-stream, --start-maximized]']

2019-11-21 18:44:48 - [MESSAGE][PASSED] - Browser is opened with url: ''

2019-11-21 18:44:48 - [TEST_STEP][NOT_RUN] - maximizeWindow(): NOT_RUN: maximizeWindow()

2019-11-21 18:44:48 - [MESSAGE][NOT_RUN] - NOT_RUN: maximizeWindow()

2019-11-21 18:44:48 - [TEST_STEP][PASSED] - ofbizURL = findTestData("envtData").getValue("ofbizURL", 1): null

2019-11-21 18:44:48 - [TEST_STEP][PASSED] - ofbizuser = findTestData("credData").getValue("ofbizuser", 1): null

2019-11-21 18:44:49 - [TEST_STEP][PASSED] - ofbizpass = findTestData("credData").getValue("ofbizpass", 1): null

2019-11-21 18:44:49 - [TEST_STEP][PASSED] - navigateToUrl(ofbizURL): Navigate to 'https://pushofbiz.cliotest.com/login.php' successfully

2019-11-21 18:44:51 - [MESSAGE][PASSED] - Navigate to 'https://pushofbiz.cliotest.com/login.php' successfully

2019-11-21 18:44:51 - [TEST_STEP][PASSED] - setText(findTestObject("Page_/input_Username_username"), ofbizuser): Text 'automation' is set on object 'Object Repository/Page_/input_Username_username'

2019-11-21 18:44:51 - [MESSAGE][PASSED] - Text 'automation' is set on object 'Object Repository/Page_/input_Username_username'

2019-11-21 18:44:51 - [TEST_STEP][PASSED] - setText(findTestObject("Page_/input_Password_password"), ofbizpass): Text 'cabiautomation' is set on object 'Object Repository/Page_/input_Password_password'

2019-11-21 18:44:52 - [MESSAGE][PASSED] - Text 'cabiautomation' is set on object 'Object Repository/Page_/input_Password_password'

2019-11-21 18:44:52 - [TEST_STEP][PASSED] - click(findTestObject("Page_/input_Password_Submit")): Object: 'Object Repository/Page_/input_Password_Submit' is clicked on

2019-11-21 18:44:56 - [MESSAGE][PASSED] - Object: 'Object Repository/Page_/input_Password_Submit' is clicked on

2019-11-21 18:44:56 - [TEST_STEP][PASSED] - click(findTestObject("Object Repository/Page_/a_Clock set")): Object: 'Object Repository/Page_/a_Clock set' is clicked on

2019-11-21 18:44:56 - [MESSAGE][PASSED] - Object: 'Object Repository/Page_/a_Clock set' is clicked on

2019-11-21 18:44:56 - [TEST_STEP][PASSED] - cst = UtilityMethods.createTestObject("select_target", "//select[@name='Target']/option[contains(text(), '", clockServerTarget, "')]"): null

2019-11-21 18:44:56 - [TEST_STEP][PASSED] - println(clockServerTarget): null

2019-11-21 18:44:56 - [TEST_STEP][PASSED] - click(cst): Object: 'select_target' is clicked on

2019-11-21 18:44:56 - [MESSAGE][PASSED] - Object: 'select_target' is clicked on

2019-11-21 18:44:56 - [TEST_STEP][PASSED] - click(findTestObject("Page_/thisDateAndTime")): Object: 'Object Repository/Page_/thisDateAndTime' is clicked on

2019-11-21 18:44:57 - [MESSAGE][PASSED] - Object: 'Object Repository/Page_/thisDateAndTime' is clicked on

2019-11-21 18:44:57 - [TEST_STEP][PASSED] - setText(findTestObject("Object Repository/Page_/setTargetTime"), timeZone): Text ' 01/24/2020 7:00' is set on object 'Object Repository/Page_/setTargetTime'

2019-11-21 18:44:57 - [MESSAGE][PASSED] - Text ' 01/24/2020 7:00' is set on object 'Object Repository/Page_/setTargetTime'

2019-11-21 18:44:57 - [TEST_STEP][PASSED] - click(findTestObject("Object Repository/Page_/input")): Object: 'Object Repository/Page_/input' is clicked on

2019-11-21 18:44:58 - [MESSAGE][PASSED] - Object: 'Object Repository/Page_/input' is clicked on

2019-11-21 18:44:58 - [TEST_STEP][PASSED] - delay(10): Delayed 10 second(s)

2019-11-21 18:45:08 - [MESSAGE][PASSED] - Delayed 10 second(s)

2019-11-21 18:45:08 - [TEST_STEP][NOT_RUN] - closeBrowser(): NOT_RUN: closeBrowser()

2019-11-21 18:45:08 - [MESSAGE][NOT_RUN] - NOT_RUN: closeBrowser()

2019-11-21 18:45:08 - [MESSAGE][PASSED] - Call Test Case 'Test Cases/NewArrival/setTimezone' successfully

2019-11-21 18:45:08 - [TEST_STEP][PASSED] - callTestCase(findTestCase("TestCaseUtilities/backOfficeLogin"), ["BOURL":"", "BOuser":"", "BOpass":""], CONTINUE_ON_FAILURE): Call Test Case 'Test Cases/TestCaseUtilities/backOfficeLogin' successfully

2019-11-21 18:45:08 - [TEST_CASE][PASSED] - Test Cases/TestCaseUtilities/backOfficeLogin: Test Cases/TestCaseUtilities/backOfficeLogin

2019-11-21 18:45:08 - [TEST_STEP][PASSED] - BOURL = findTestData("envtData").getValue("BOURL", 1): null

2019-11-21 18:45:08 - [TEST_STEP][PASSED] - BOuser = findTestData("credData").getValue("BOuser", 1): null

2019-11-21 18:45:08 - [TEST_STEP][PASSED] - BOpass = findTestData("credData").getValue("BOpass", 1): null

2019-11-21 18:45:08 - [TEST_STEP][PASSED] - openBrowser(""): Browser is opened with url: ''

2019-11-21 18:45:08 - [MESSAGE][WARNING] - A browser is already opened. Closing browser and opening a new one

2019-11-21 18:45:09 - [MESSAGE][INFO] - Starting 'Chrome' driver

2019-11-21 18:45:09 - [MESSAGE][INFO] - User set preference: ['args', '[--use-fake-ui-for-media-stream, --start-maximized]']

2019-11-21 18:45:12 - [MESSAGE][PASSED] - Browser is opened with url: ''

2019-11-21 18:45:12 - [TEST_STEP][PASSED] - navigateToUrl(BOURL): Navigate to 'https://test7uk.cliotest.com/backoffice/control/main' successfully

2019-11-21 18:45:19 - [MESSAGE][PASSED] - Navigate to 'https://test7uk.cliotest.com/backoffice/control/main' successfully

2019-11-21 18:45:19 - [TEST_STEP][PASSED] - logOut = findWebElements(findTestObject("Object Repository/Page_cabi Home/log_out"), 1): Unable to find the element located by 'By.xpath: //a[contains(text(),'Log Out')]'. Please recheck the objects properties to make sure the desired element is located. 

2019-11-21 18:45:20 - [MESSAGE][INFO] - Unable to find the element located by 'By.xpath: //a[contains(text(),'Log Out')]'. Please recheck the objects properties to make sure the desired element is located. 

2019-11-21 18:45:20 - [TEST_STEP][PASSED] - if (logOut.size() == 0): Object: 'Object Repository/Page_cabi/input_Welcome to_consultantLogin' is clicked on

2019-11-21 18:45:20 - [TEST_STEP][PASSED] - setText(findTestObject("Page_cabi/input_Welcome to_USERNAME"), BOuser): Text 'uk1312' is set on object 'Object Repository/Page_cabi/input_Welcome to_USERNAME'

2019-11-21 18:45:20 - [MESSAGE][PASSED] - Text 'uk1312' is set on object 'Object Repository/Page_cabi/input_Welcome to_USERNAME'

2019-11-21 18:45:20 - [TEST_STEP][PASSED] - setText(findTestObject("Object Repository/Page_cabi/input_Welcome to_PASSWORD"), BOpass): Text 'blackdress19' is set on object 'Object Repository/Page_cabi/input_Welcome to_PASSWORD'

2019-11-21 18:45:20 - [MESSAGE][PASSED] - Text 'blackdress19' is set on object 'Object Repository/Page_cabi/input_Welcome to_PASSWORD'

2019-11-21 18:45:20 - [TEST_STEP][PASSED] - click(findTestObject("Object Repository/Page_cabi/input_Welcome to_consultantLogin")): Object: 'Object Repository/Page_cabi/input_Welcome to_consultantLogin' is clicked on

2019-11-21 18:45:29 - [MESSAGE][PASSED] - Object: 'Object Repository/Page_cabi/input_Welcome to_consultantLogin' is clicked on

2019-11-21 18:45:29 - [TEST_STEP][PASSED] - delay(3): Delayed 3 second(s)

2019-11-21 18:45:32 - [MESSAGE][PASSED] - Delayed 3 second(s)

2019-11-21 18:45:32 - [MESSAGE][PASSED] - Call Test Case 'Test Cases/TestCaseUtilities/backOfficeLogin' successfully

2019-11-21 18:45:32 - [TEST_STEP][PASSED] - click(findTestObject("Object Repository/Page_cabi Home/a_Shows  Orders")): Object: 'Object Repository/Page_cabi Home/a_Shows  Orders' is clicked on

2019-11-21 18:45:33 - [MESSAGE][PASSED] - Object: 'Object Repository/Page_cabi Home/a_Shows  Orders' is clicked on

2019-11-21 18:45:33 - [TEST_STEP][PASSED] - click(findTestObject("Page_cabi Home/a_personal_purchases")): Object: 'Object Repository/Page_cabi Home/a_personal_purchases' is clicked on

2019-11-21 18:45:37 - [MESSAGE][PASSED] - Object: 'Object Repository/Page_cabi Home/a_personal_purchases' is clicked on

2019-11-21 18:45:37 - [TEST_STEP][PASSED] - click(findTestObject("Object Repository/Page_cabi Personal Store/span_Continue to Order")): Object: 'Object Repository/Page_cabi Personal Store/span_Continue to Order' is clicked on

2019-11-21 18:45:37 - [MESSAGE][PASSED] - Object: 'Object Repository/Page_cabi Personal Store/span_Continue to Order' is clicked on

2019-11-21 18:45:37 - [TEST_STEP][PASSED] - println(BOPersonal): null

2019-11-21 18:45:37 - [TEST_STEP][PASSED] - callTestCase(findTestCase("NewArrival/productVerify"), ["available":BOPersonal, "storeType":"BOPersonal"], CONTINUE_ON_FAILURE): Call Test Case 'Test Cases/NewArrival/productVerify' successfully

2019-11-21 18:45:37 - [TEST_CASE][PASSED] - Test Cases/NewArrival/productVerify: Test Cases/NewArrival/productVerify

2019-11-21 18:45:38 - [TEST_STEP][PASSED] - sa = <not implemented yet for class: org.codehaus.groovy.ast.expr.EmptyExpression>: null

2019-11-21 18:45:38 - [TEST_STEP][PASSED] - styleid_data = <not implemented yet for class: org.codehaus.groovy.ast.expr.EmptyExpression>: null

2019-11-21 18:45:38 - [TEST_STEP][PASSED] - by = <not implemented yet for class: org.codehaus.groovy.ast.expr.EmptyExpression>: null

2019-11-21 18:45:38 - [TEST_STEP][PASSED] - styleWe = <not implemented yet for class: org.codehaus.groovy.ast.expr.EmptyExpression>: null

2019-11-21 18:45:38 - [TEST_STEP][PASSED] - to = <not implemented yet for class: org.codehaus.groovy.ast.expr.EmptyExpression>: null

2019-11-21 18:45:38 - [TEST_STEP][PASSED] - driver = getWebDriver(): null

2019-11-21 18:45:38 - [TEST_STEP][PASSED] - rowNumbers = findTestData("productData").getRowNumbers(): null

2019-11-21 18:45:38 - [TEST_STEP][PASSED] - println(rowNumbers): null

2019-11-21 18:45:38 - [TEST_STEP][PASSED] - for ([row = 1, row <= rowNumbers, (row++)]): null

2019-11-21 18:45:38 - [TEST_STEP][PASSED] - delay(5): Delayed 5 second(s)

2019-11-21 18:45:43 - [MESSAGE][PASSED] - Delayed 5 second(s)

2019-11-21 18:45:43 - [TEST_STEP][PASSED] - sa = new org.testng.asserts.SoftAssert(): null

2019-11-21 18:45:43 - [TEST_STEP][PASSED] - styleid_data = findTestData("productData").getValue("Style", row): null

2019-11-21 18:45:43 - [TEST_STEP][PASSED] - println(styleid_data): null

2019-11-21 18:45:43 - [TEST_STEP][PASSED] - by = By.xpath("//input[@name='style']"): null

2019-11-21 18:45:44 - [TEST_STEP][PASSED] - styleWe = UtilityMethods.getElementByLocator(by, driver): null

2019-11-21 18:45:44 - [TEST_STEP][PASSED] - to = UtilityMethods.fromElement(styleWe): null

2019-11-21 18:45:44 - [TEST_STEP][PASSED] - println("******************+++++++++++++++++++**********************************************"): null

2019-11-21 18:45:44 - [TEST_STEP][PASSED] - setText(to, styleid_data): Text '5689' is set on object ''

2019-11-21 18:45:44 - [MESSAGE][PASSED] - Text '5689' is set on object ''

2019-11-21 18:45:44 - [TEST_STEP][PASSED] - sendKeys(to, Keys.chord(ENTER)): Keys 'ENTER + ' sent to object: ''

2019-11-21 18:45:44 - [MESSAGE][PASSED] - Keys 'ENTER + ' sent to object: ''

2019-11-21 18:45:44 - [TEST_STEP][PASSED] - delay(2): Delayed 2 second(s)

2019-11-21 18:45:46 - [MESSAGE][PASSED] - Delayed 2 second(s)

2019-11-21 18:45:46 - [TEST_STEP][PASSED] - if (toString().equalsIgnoreCase("no")): null

2019-11-21 18:45:46 - [TEST_STEP][PASSED] - else: null

2019-11-21 18:45:46 - [TEST_STEP][PASSED] - click(findTestObject("Page_cabi Order Items/li_order_item")): Object: 'Object Repository/Page_cabi Order Items/li_order_item' is clicked on

2019-11-21 18:45:51 - [MESSAGE][PASSED] - Object: 'Object Repository/Page_cabi Order Items/li_order_item' is clicked on

2019-11-21 18:45:51 - [TEST_STEP][PASSED] - delay(5): Delayed 5 second(s)

2019-11-21 18:45:56 - [MESSAGE][PASSED] - Delayed 5 second(s)

2019-11-21 18:45:56 - [TEST_STEP][PASSED] - imagePath = UtilityMethods.createScreenshotImagePath(storeType, styleid_data): null

2019-11-21 18:45:56 - [TEST_STEP][PASSED] - println(imagePath): null

2019-11-21 18:45:56 - [TEST_STEP][PASSED] - takeScreenshot(imagePath): Taking screenshot successfully

2019-11-21 18:45:57 - [MESSAGE][PASSED] - Taking screenshot successfully
[[ATTACHMENT|C:\\Users\\user\\Documents\\testautomation\\KatalonProjects\\productImages\\BOPersonal_5689 image.png]]

2019-11-21 18:45:57 - [TEST_STEP][PASSED] - verifyElementText(findTestObject("Page_cabi Order Items/GetAttribute_getID"), styleid_data, CONTINUE_ON_FAILURE): Actual text and expected text of test object 'Object Repository/Page_cabi Order Items/GetAttribute_getID' are matched.

2019-11-21 18:45:57 - [MESSAGE][PASSED] - Actual text and expected text of test object 'Object Repository/Page_cabi Order Items/GetAttribute_getID' are matched.

2019-11-21 18:45:57 - [TEST_STEP][PASSED] - colorOptions = findWebElements(findTestObject("Page_cabi Order Items/GetAttribute_Color"), 5): null

2019-11-21 18:45:57 - [TEST_STEP][PASSED] - println(colorOptions.size()): null

2019-11-21 18:45:57 - [TEST_STEP][PASSED] - expectedColour = findTestData("productData").getValue("Color", row): null

2019-11-21 18:45:57 - [TEST_STEP][PASSED] - println("expected colour is"): null

2019-11-21 18:45:57 - [TEST_STEP][PASSED] - println(expectedColour): null

2019-11-21 18:45:57 - [TEST_STEP][PASSED] - colourVerified = false: null

2019-11-21 18:45:57 - [TEST_STEP][PASSED] - for (org.openqa.selenium.WebElement op : colorOptions): null

2019-11-21 18:45:57 - [TEST_STEP][PASSED] - println(op.getText()): null

2019-11-21 18:45:57 - [TEST_STEP][PASSED] - if (expectedColour.equalsIgnoreCase(op.getText())): null

2019-11-21 18:45:57 - [TEST_STEP][PASSED] - colourVerified = true: null

2019-11-21 18:45:57 - [TEST_STEP][PASSED] - break: null

2019-11-21 18:45:57 - [TEST_STEP][PASSED] - sa.assertTrue(colourVerified): null

2019-11-21 18:45:57 - [TEST_STEP][PASSED] - getPrice = getText(findTestObject("Page_cabi Order Items/GetAttribute_Price")): Text of object 'Object Repository/Page_cabi Order Items/GetAttribute_Price' is: 'Price : £94.00'

2019-11-21 18:45:58 - [MESSAGE][PASSED] - Text of object 'Object Repository/Page_cabi Order Items/GetAttribute_Price' is: 'Price : £94.00'

2019-11-21 18:45:58 - [TEST_STEP][PASSED] - Split_Data = UtilityMethods.SplitData(getPrice): null

2019-11-21 18:45:58 - [TEST_STEP][PASSED] - verifyMatch(Split_Data, findTestData("productData").getValue("Retail", row), true, CONTINUE_ON_FAILURE): Actual text '94' and expected text '94' are matched  using regular expression

2019-11-21 18:45:58 - [MESSAGE][PASSED] - Actual text '94' and expected text '94' are matched  using regular expression

2019-11-21 18:45:58 - [TEST_STEP][PASSED] - sizeRange1 = ["XXS", "XS", "S", "M", "L", "XL", "XXL"]: null

2019-11-21 18:45:58 - [TEST_STEP][PASSED] - sizeRange2 = ["00", "0", "2", "4", "6", "8", "10", "12", "14", "16"]: null

2019-11-21 18:45:58 - [TEST_STEP][PASSED] - sizeRange3 = ["Long", "Regular", "Short"]: null

2019-11-21 18:45:58 - [TEST_STEP][PASSED] - sizeRange4 = ["5", "6", "6.5", "7", "7.5", "8", "8.5", "9", "9.5", "10", "11"]: null

2019-11-21 18:45:58 - [TEST_STEP][PASSED] - sizeRange5 = ["XS/S", "M/L"]: null

2019-11-21 18:45:58 - [TEST_STEP][PASSED] - sizeRange6 = ["One Size"]: null

2019-11-21 18:45:58 - [TEST_STEP][PASSED] - sizeRangeSplit = UtilityMethods.SplitSizes(findTestData("productData").getValue("SzRange", row)): null

2019-11-21 18:45:58 - [TEST_STEP][PASSED] - sizeType = getText(findTestObject("Object Repository/Page_cabi Order Items/Size")): Text of object 'Object Repository/Page_cabi Order Items/Size' is: 'Select'

2019-11-21 18:45:58 - [MESSAGE][PASSED] - Text of object 'Object Repository/Page_cabi Order Items/Size' is: 'Select'

2019-11-21 18:45:58 - [TEST_STEP][PASSED] - sizeOptions = findWebElements(findTestObject("Object Repository/Page_cabi Order Items/Size"), 5): null

2019-11-21 18:45:58 - [TEST_STEP][PASSED] - actualRange = new java.util.ArrayList(): null

2019-11-21 18:45:58 - [TEST_STEP][PASSED] - expectedRange = <not implemented yet for class: org.codehaus.groovy.ast.expr.EmptyExpression>: null

2019-11-21 18:45:58 - [TEST_STEP][PASSED] - if (sizeType.equalsIgnoreCase("Select")): null

2019-11-21 18:45:58 - [TEST_STEP][PASSED] - for ([i = 1, i < sizeOptions.size(), (i++)]): null

2019-11-21 18:45:58 - [TEST_STEP][PASSED] - actualRange.add(getAttribute("value").toString()): null

2019-11-21 18:45:58 - [TEST_STEP][PASSED] - actualRange.add(getAttribute("value").toString()): null

2019-11-21 18:45:58 - [TEST_STEP][PASSED] - actualRange.add(getAttribute("value").toString()): null

2019-11-21 18:45:58 - [TEST_STEP][PASSED] - actualRange.add(getAttribute("value").toString()): null

2019-11-21 18:45:58 - [TEST_STEP][PASSED] - actualRange.add(getAttribute("value").toString()): null

2019-11-21 18:45:58 - [TEST_STEP][PASSED] - actualRange.add(getAttribute("value").toString()): null

2019-11-21 18:45:58 - [TEST_STEP][PASSED] - actualRange.add(getAttribute("value").toString()): null

2019-11-21 18:45:58 - [TEST_STEP][PASSED] - actualRange.add(getAttribute("value").toString()): null

2019-11-21 18:45:58 - [TEST_STEP][PASSED] - actualRange.add(getAttribute("value").toString()): null

2019-11-21 18:45:58 - [TEST_STEP][PASSED] - if (toString().equalsIgnoreCase("XS") || toString().equalsIgnoreCase("XXS")): null

2019-11-21 18:45:58 - [TEST_STEP][PASSED] - else if (toString().equalsIgnoreCase("00") || toString().equalsIgnoreCase("0")): null

2019-11-21 18:45:58 - [TEST_STEP][PASSED] - expectedRange = UtilityMethods.getExpectedRange(sizeRange2, sizeRangeSplit): null

2019-11-21 18:45:58 - [TEST_STEP][PASSED] - println("00"): null

2019-11-21 18:45:58 - [TEST_STEP][PASSED] - println(expectedRange.toString()): null

2019-11-21 18:45:58 - [TEST_STEP][PASSED] - sa.assertTrue(UtilityMethods.listEquals(expectedRange, actualRange)): null

2019-11-21 18:45:58 - [TEST_STEP][PASSED] - delay(2): Delayed 2 second(s)

2019-11-21 18:46:00 - [MESSAGE][PASSED] - Delayed 2 second(s)

2019-11-21 18:46:00 - [TEST_STEP][PASSED] - verifyElementText(findTestObject("Page_cabi Order Items/product_title"), findTestData("productData").getValue("Description", row), CONTINUE_ON_FAILURE): Actual text and expected text of test object 'Object Repository/Page_cabi Order Items/product_title' are matched.

2019-11-21 18:46:01 - [MESSAGE][PASSED] - Actual text and expected text of test object 'Object Repository/Page_cabi Order Items/product_title' are matched.

2019-11-21 18:46:01 - [TEST_STEP][PASSED] - finalContent = findTestData("productData").getValue("FinalContent", row): null

2019-11-21 18:46:01 - [TEST_STEP][PASSED] - if (finalContent.equalsIgnoreCase("")): null

2019-11-21 18:46:01 - [TEST_STEP][PASSED] - else: Actual text and expected text of test object 'Object Repository/Page_cabi Order Items/product_fabric' are matched.

2019-11-21 18:46:01 - [TEST_STEP][PASSED] - verifyElementText(findTestObject("Page_cabi Order Items/product_fabric"), finalContent, CONTINUE_ON_FAILURE): Actual text and expected text of test object 'Object Repository/Page_cabi Order Items/product_fabric' are matched.

2019-11-21 18:46:01 - [MESSAGE][PASSED] - Actual text and expected text of test object 'Object Repository/Page_cabi Order Items/product_fabric' are matched.

2019-11-21 18:46:01 - [TEST_STEP][PASSED] - expectedCasreIntrn = findTestData("productData").getValue("CareInstr", row): null

2019-11-21 18:46:01 - [TEST_STEP][PASSED] - if (expectedCasreIntrn.equalsIgnoreCase("")): null

2019-11-21 18:46:01 - [TEST_STEP][PASSED] - else: null

2019-11-21 18:46:01 - [TEST_STEP][PASSED] - actualCasreIntrn = "<div>" + getText(findTestObject("Page_cabi Order Items/care_instruction")) + "</div>": Text of object 'Object Repository/Page_cabi Order Items/care_instruction' is: 'Machine wash separately, inside out, in cold water on the delicate cycle. Do not bleach. Tumble dry low, remove promptly. Warm iron if needed.'

2019-11-21 18:46:01 - [MESSAGE][PASSED] - Text of object 'Object Repository/Page_cabi Order Items/care_instruction' is: 'Machine wash separately, inside out, in cold water on the delicate cycle. Do not bleach. Tumble dry low, remove promptly. Warm iron if needed.'

2019-11-21 18:46:01 - [TEST_STEP][PASSED] - sa.assertTrue(actualCasreIntrn.equals(expectedCasreIntrn)): null

2019-11-21 18:46:01 - [TEST_STEP][PASSED] - delay(5): Delayed 5 second(s)

2019-11-21 18:46:06 - [MESSAGE][PASSED] - Delayed 5 second(s)

2019-11-21 18:46:06 - [TEST_STEP][PASSED] - sa = new org.testng.asserts.SoftAssert(): null

2019-11-21 18:46:06 - [TEST_STEP][PASSED] - styleid_data = findTestData("productData").getValue("Style", row): null

2019-11-21 18:46:06 - [TEST_STEP][PASSED] - println(styleid_data): null

2019-11-21 18:46:06 - [TEST_STEP][PASSED] - by = By.xpath("//input[@name='style']"): null

2019-11-21 18:46:06 - [TEST_STEP][PASSED] - styleWe = UtilityMethods.getElementByLocator(by, driver): null

2019-11-21 18:46:06 - [TEST_STEP][PASSED] - to = UtilityMethods.fromElement(styleWe): null

2019-11-21 18:46:06 - [TEST_STEP][PASSED] - println("******************+++++++++++++++++++**********************************************"): null

2019-11-21 18:46:06 - [TEST_STEP][PASSED] - setText(to, styleid_data): Text '5690' is set on object ''

2019-11-21 18:46:07 - [MESSAGE][PASSED] - Text '5690' is set on object ''

2019-11-21 18:46:07 - [TEST_STEP][PASSED] - sendKeys(to, Keys.chord(ENTER)): Keys 'ENTER + ' sent to object: ''

2019-11-21 18:46:07 - [MESSAGE][PASSED] - Keys 'ENTER + ' sent to object: ''

2019-11-21 18:46:07 - [TEST_STEP][PASSED] - delay(2): Delayed 2 second(s)

2019-11-21 18:46:09 - [MESSAGE][PASSED] - Delayed 2 second(s)

2019-11-21 18:46:09 - [TEST_STEP][PASSED] - if (toString().equalsIgnoreCase("no")): null

2019-11-21 18:46:09 - [TEST_STEP][PASSED] - else: null

2019-11-21 18:46:09 - [TEST_STEP][PASSED] - click(findTestObject("Page_cabi Order Items/li_order_item")): Object: 'Object Repository/Page_cabi Order Items/li_order_item' is clicked on

2019-11-21 18:46:15 - [MESSAGE][PASSED] - Object: 'Object Repository/Page_cabi Order Items/li_order_item' is clicked on

2019-11-21 18:46:15 - [TEST_STEP][PASSED] - delay(5): Delayed 5 second(s)

2019-11-21 18:46:20 - [MESSAGE][PASSED] - Delayed 5 second(s)

2019-11-21 18:46:20 - [TEST_STEP][PASSED] - imagePath = UtilityMethods.createScreenshotImagePath(storeType, styleid_data): null

2019-11-21 18:46:20 - [TEST_STEP][PASSED] - println(imagePath): null

2019-11-21 18:46:20 - [TEST_STEP][PASSED] - takeScreenshot(imagePath): Taking screenshot successfully

2019-11-21 18:46:20 - [MESSAGE][PASSED] - Taking screenshot successfully
[[ATTACHMENT|C:\\Users\\user\\Documents\\testautomation\\KatalonProjects\\productImages\\BOPersonal_5690 image.png]]

2019-11-21 18:46:20 - [TEST_STEP][PASSED] - verifyElementText(findTestObject("Page_cabi Order Items/GetAttribute_getID"), styleid_data, CONTINUE_ON_FAILURE): Actual text and expected text of test object 'Object Repository/Page_cabi Order Items/GetAttribute_getID' are matched.

2019-11-21 18:46:21 - [MESSAGE][PASSED] - Actual text and expected text of test object 'Object Repository/Page_cabi Order Items/GetAttribute_getID' are matched.

2019-11-21 18:46:21 - [TEST_STEP][PASSED] - colorOptions = findWebElements(findTestObject("Page_cabi Order Items/GetAttribute_Color"), 5): null

2019-11-21 18:46:21 - [TEST_STEP][PASSED] - println(colorOptions.size()): null

2019-11-21 18:46:21 - [TEST_STEP][PASSED] - expectedColour = findTestData("productData").getValue("Color", row): null

2019-11-21 18:46:21 - [TEST_STEP][PASSED] - println("expected colour is"): null

2019-11-21 18:46:21 - [TEST_STEP][PASSED] - println(expectedColour): null

2019-11-21 18:46:21 - [TEST_STEP][PASSED] - colourVerified = false: null

2019-11-21 18:46:21 - [TEST_STEP][PASSED] - for (org.openqa.selenium.WebElement op : colorOptions): null

2019-11-21 18:46:21 - [TEST_STEP][PASSED] - println(op.getText()): null

2019-11-21 18:46:21 - [TEST_STEP][PASSED] - if (expectedColour.equalsIgnoreCase(op.getText())): null

2019-11-21 18:46:21 - [TEST_STEP][PASSED] - colourVerified = true: null

2019-11-21 18:46:21 - [TEST_STEP][PASSED] - break: null

2019-11-21 18:46:21 - [TEST_STEP][PASSED] - sa.assertTrue(colourVerified): null

2019-11-21 18:46:21 - [TEST_STEP][PASSED] - getPrice = getText(findTestObject("Page_cabi Order Items/GetAttribute_Price")): Text of object 'Object Repository/Page_cabi Order Items/GetAttribute_Price' is: 'Price : £94.00'

2019-11-21 18:46:21 - [MESSAGE][PASSED] - Text of object 'Object Repository/Page_cabi Order Items/GetAttribute_Price' is: 'Price : £94.00'

2019-11-21 18:46:21 - [TEST_STEP][PASSED] - Split_Data = UtilityMethods.SplitData(getPrice): null

2019-11-21 18:46:21 - [TEST_STEP][PASSED] - verifyMatch(Split_Data, findTestData("productData").getValue("Retail", row), true, CONTINUE_ON_FAILURE): Actual text '94' and expected text '94' are matched  using regular expression

2019-11-21 18:46:21 - [MESSAGE][PASSED] - Actual text '94' and expected text '94' are matched  using regular expression

2019-11-21 18:46:21 - [TEST_STEP][PASSED] - sizeRange1 = ["XXS", "XS", "S", "M", "L", "XL", "XXL"]: null

2019-11-21 18:46:21 - [TEST_STEP][PASSED] - sizeRange2 = ["00", "0", "2", "4", "6", "8", "10", "12", "14", "16"]: null

2019-11-21 18:46:21 - [TEST_STEP][PASSED] - sizeRange3 = ["Long", "Regular", "Short"]: null

2019-11-21 18:46:21 - [TEST_STEP][PASSED] - sizeRange4 = ["5", "6", "6.5", "7", "7.5", "8", "8.5", "9", "9.5", "10", "11"]: null

2019-11-21 18:46:21 - [TEST_STEP][PASSED] - sizeRange5 = ["XS/S", "M/L"]: null

2019-11-21 18:46:21 - [TEST_STEP][PASSED] - sizeRange6 = ["One Size"]: null

2019-11-21 18:46:21 - [TEST_STEP][PASSED] - sizeRangeSplit = UtilityMethods.SplitSizes(findTestData("productData").getValue("SzRange", row)): null

2019-11-21 18:46:21 - [TEST_STEP][PASSED] - sizeType = getText(findTestObject("Object Repository/Page_cabi Order Items/Size")): Text of object 'Object Repository/Page_cabi Order Items/Size' is: 'Select'

2019-11-21 18:46:21 - [MESSAGE][PASSED] - Text of object 'Object Repository/Page_cabi Order Items/Size' is: 'Select'

2019-11-21 18:46:21 - [TEST_STEP][PASSED] - sizeOptions = findWebElements(findTestObject("Object Repository/Page_cabi Order Items/Size"), 5): null

2019-11-21 18:46:21 - [TEST_STEP][PASSED] - actualRange = new java.util.ArrayList(): null

2019-11-21 18:46:21 - [TEST_STEP][PASSED] - expectedRange = <not implemented yet for class: org.codehaus.groovy.ast.expr.EmptyExpression>: null

2019-11-21 18:46:21 - [TEST_STEP][PASSED] - if (sizeType.equalsIgnoreCase("Select")): null

2019-11-21 18:46:21 - [TEST_STEP][PASSED] - for ([i = 1, i < sizeOptions.size(), (i++)]): null

2019-11-21 18:46:21 - [TEST_STEP][PASSED] - actualRange.add(getAttribute("value").toString()): null

2019-11-21 18:46:21 - [TEST_STEP][PASSED] - actualRange.add(getAttribute("value").toString()): null

2019-11-21 18:46:21 - [TEST_STEP][PASSED] - actualRange.add(getAttribute("value").toString()): null

2019-11-21 18:46:21 - [TEST_STEP][PASSED] - actualRange.add(getAttribute("value").toString()): null

2019-11-21 18:46:21 - [TEST_STEP][PASSED] - actualRange.add(getAttribute("value").toString()): null

2019-11-21 18:46:21 - [TEST_STEP][PASSED] - actualRange.add(getAttribute("value").toString()): null

2019-11-21 18:46:21 - [TEST_STEP][PASSED] - actualRange.add(getAttribute("value").toString()): null

2019-11-21 18:46:21 - [TEST_STEP][PASSED] - actualRange.add(getAttribute("value").toString()): null

2019-11-21 18:46:21 - [TEST_STEP][PASSED] - actualRange.add(getAttribute("value").toString()): null

2019-11-21 18:46:21 - [TEST_STEP][PASSED] - if (toString().equalsIgnoreCase("XS") || toString().equalsIgnoreCase("XXS")): null

2019-11-21 18:46:21 - [TEST_STEP][PASSED] - else if (toString().equalsIgnoreCase("00") || toString().equalsIgnoreCase("0")): null

2019-11-21 18:46:21 - [TEST_STEP][PASSED] - expectedRange = UtilityMethods.getExpectedRange(sizeRange2, sizeRangeSplit): null

2019-11-21 18:46:21 - [TEST_STEP][PASSED] - println("00"): null

2019-11-21 18:46:21 - [TEST_STEP][PASSED] - println(expectedRange.toString()): null

2019-11-21 18:46:21 - [TEST_STEP][PASSED] - sa.assertTrue(UtilityMethods.listEquals(expectedRange, actualRange)): null

2019-11-21 18:46:21 - [TEST_STEP][PASSED] - delay(2): Delayed 2 second(s)

2019-11-21 18:46:23 - [MESSAGE][PASSED] - Delayed 2 second(s)

2019-11-21 18:46:23 - [TEST_STEP][PASSED] - verifyElementText(findTestObject("Page_cabi Order Items/product_title"), findTestData("productData").getValue("Description", row), CONTINUE_ON_FAILURE): Actual text and expected text of test object 'Object Repository/Page_cabi Order Items/product_title' are matched.

2019-11-21 18:46:24 - [MESSAGE][PASSED] - Actual text and expected text of test object 'Object Repository/Page_cabi Order Items/product_title' are matched.

2019-11-21 18:46:24 - [TEST_STEP][PASSED] - finalContent = findTestData("productData").getValue("FinalContent", row): null

2019-11-21 18:46:24 - [TEST_STEP][PASSED] - if (finalContent.equalsIgnoreCase("")): null

2019-11-21 18:46:24 - [TEST_STEP][PASSED] - else: Actual text and expected text of test object 'Object Repository/Page_cabi Order Items/product_fabric' are matched.

2019-11-21 18:46:24 - [TEST_STEP][PASSED] - verifyElementText(findTestObject("Page_cabi Order Items/product_fabric"), finalContent, CONTINUE_ON_FAILURE): Actual text and expected text of test object 'Object Repository/Page_cabi Order Items/product_fabric' are matched.

2019-11-21 18:46:24 - [MESSAGE][PASSED] - Actual text and expected text of test object 'Object Repository/Page_cabi Order Items/product_fabric' are matched.

2019-11-21 18:46:24 - [TEST_STEP][PASSED] - expectedCasreIntrn = findTestData("productData").getValue("CareInstr", row): null

2019-11-21 18:46:24 - [TEST_STEP][PASSED] - if (expectedCasreIntrn.equalsIgnoreCase("")): null

2019-11-21 18:46:24 - [TEST_STEP][PASSED] - else: null

2019-11-21 18:46:24 - [TEST_STEP][PASSED] - actualCasreIntrn = "<div>" + getText(findTestObject("Page_cabi Order Items/care_instruction")) + "</div>": Text of object 'Object Repository/Page_cabi Order Items/care_instruction' is: 'Machine wash separately, inside out, in cold water on the delicate cycle. Do not bleach. Tumble dry low, remove promptly. Warm iron if needed.'

2019-11-21 18:46:24 - [MESSAGE][PASSED] - Text of object 'Object Repository/Page_cabi Order Items/care_instruction' is: 'Machine wash separately, inside out, in cold water on the delicate cycle. Do not bleach. Tumble dry low, remove promptly. Warm iron if needed.'

2019-11-21 18:46:24 - [TEST_STEP][PASSED] - sa.assertTrue(actualCasreIntrn.equals(expectedCasreIntrn)): null

2019-11-21 18:46:24 - [TEST_STEP][PASSED] - delay(5): Delayed 5 second(s)

2019-11-21 18:46:29 - [MESSAGE][PASSED] - Delayed 5 second(s)

2019-11-21 18:46:29 - [TEST_STEP][PASSED] - sa = new org.testng.asserts.SoftAssert(): null

2019-11-21 18:46:29 - [TEST_STEP][PASSED] - styleid_data = findTestData("productData").getValue("Style", row): null

2019-11-21 18:46:29 - [TEST_STEP][PASSED] - println(styleid_data): null

2019-11-21 18:46:29 - [TEST_STEP][PASSED] - by = By.xpath("//input[@name='style']"): null

2019-11-21 18:46:29 - [TEST_STEP][PASSED] - styleWe = UtilityMethods.getElementByLocator(by, driver): null

2019-11-21 18:46:29 - [TEST_STEP][PASSED] - to = UtilityMethods.fromElement(styleWe): null

2019-11-21 18:46:29 - [TEST_STEP][PASSED] - println("******************+++++++++++++++++++**********************************************"): null

2019-11-21 18:46:29 - [TEST_STEP][PASSED] - setText(to, styleid_data): Text '5691' is set on object ''

2019-11-21 18:46:30 - [MESSAGE][PASSED] - Text '5691' is set on object ''

2019-11-21 18:46:30 - [TEST_STEP][PASSED] - sendKeys(to, Keys.chord(ENTER)): Keys 'ENTER + ' sent to object: ''

2019-11-21 18:46:30 - [MESSAGE][PASSED] - Keys 'ENTER + ' sent to object: ''

2019-11-21 18:46:30 - [TEST_STEP][PASSED] - delay(2): Delayed 2 second(s)

2019-11-21 18:46:32 - [MESSAGE][PASSED] - Delayed 2 second(s)

2019-11-21 18:46:32 - [TEST_STEP][PASSED] - if (toString().equalsIgnoreCase("no")): null

2019-11-21 18:46:32 - [TEST_STEP][PASSED] - else: null

2019-11-21 18:46:32 - [TEST_STEP][PASSED] - click(findTestObject("Page_cabi Order Items/li_order_item")): Object: 'Object Repository/Page_cabi Order Items/li_order_item' is clicked on

2019-11-21 18:46:37 - [MESSAGE][PASSED] - Object: 'Object Repository/Page_cabi Order Items/li_order_item' is clicked on

2019-11-21 18:46:37 - [TEST_STEP][PASSED] - delay(5): Delayed 5 second(s)

2019-11-21 18:46:42 - [MESSAGE][PASSED] - Delayed 5 second(s)

2019-11-21 18:46:42 - [TEST_STEP][PASSED] - imagePath = UtilityMethods.createScreenshotImagePath(storeType, styleid_data): null

2019-11-21 18:46:42 - [TEST_STEP][PASSED] - println(imagePath): null

2019-11-21 18:46:42 - [TEST_STEP][PASSED] - takeScreenshot(imagePath): Taking screenshot successfully

2019-11-21 18:46:43 - [MESSAGE][PASSED] - Taking screenshot successfully
[[ATTACHMENT|C:\\Users\\user\\Documents\\testautomation\\KatalonProjects\\productImages\\BOPersonal_5691 image.png]]

2019-11-21 18:46:43 - [TEST_STEP][PASSED] - verifyElementText(findTestObject("Page_cabi Order Items/GetAttribute_getID"), styleid_data, CONTINUE_ON_FAILURE): Actual text and expected text of test object 'Object Repository/Page_cabi Order Items/GetAttribute_getID' are matched.

2019-11-21 18:46:43 - [MESSAGE][PASSED] - Actual text and expected text of test object 'Object Repository/Page_cabi Order Items/GetAttribute_getID' are matched.

2019-11-21 18:46:43 - [TEST_STEP][PASSED] - colorOptions = findWebElements(findTestObject("Page_cabi Order Items/GetAttribute_Color"), 5): null

2019-11-21 18:46:43 - [TEST_STEP][PASSED] - println(colorOptions.size()): null

2019-11-21 18:46:43 - [TEST_STEP][PASSED] - expectedColour = findTestData("productData").getValue("Color", row): null

2019-11-21 18:46:43 - [TEST_STEP][PASSED] - println("expected colour is"): null

2019-11-21 18:46:43 - [TEST_STEP][PASSED] - println(expectedColour): null

2019-11-21 18:46:43 - [TEST_STEP][PASSED] - colourVerified = false: null

2019-11-21 18:46:43 - [TEST_STEP][PASSED] - for (org.openqa.selenium.WebElement op : colorOptions): null

2019-11-21 18:46:43 - [TEST_STEP][PASSED] - println(op.getText()): null

2019-11-21 18:46:44 - [TEST_STEP][PASSED] - if (expectedColour.equalsIgnoreCase(op.getText())): null

2019-11-21 18:46:44 - [TEST_STEP][PASSED] - colourVerified = true: null

2019-11-21 18:46:44 - [TEST_STEP][PASSED] - break: null

2019-11-21 18:46:44 - [TEST_STEP][PASSED] - sa.assertTrue(colourVerified): null

2019-11-21 18:46:44 - [TEST_STEP][PASSED] - getPrice = getText(findTestObject("Page_cabi Order Items/GetAttribute_Price")): Text of object 'Object Repository/Page_cabi Order Items/GetAttribute_Price' is: 'Price : £94.00'

2019-11-21 18:46:44 - [MESSAGE][PASSED] - Text of object 'Object Repository/Page_cabi Order Items/GetAttribute_Price' is: 'Price : £94.00'

2019-11-21 18:46:44 - [TEST_STEP][PASSED] - Split_Data = UtilityMethods.SplitData(getPrice): null

2019-11-21 18:46:44 - [TEST_STEP][PASSED] - verifyMatch(Split_Data, findTestData("productData").getValue("Retail", row), true, CONTINUE_ON_FAILURE): Actual text '94' and expected text '94' are matched  using regular expression

2019-11-21 18:46:44 - [MESSAGE][PASSED] - Actual text '94' and expected text '94' are matched  using regular expression

2019-11-21 18:46:44 - [TEST_STEP][PASSED] - sizeRange1 = ["XXS", "XS", "S", "M", "L", "XL", "XXL"]: null

2019-11-21 18:46:44 - [TEST_STEP][PASSED] - sizeRange2 = ["00", "0", "2", "4", "6", "8", "10", "12", "14", "16"]: null

2019-11-21 18:46:44 - [TEST_STEP][PASSED] - sizeRange3 = ["Long", "Regular", "Short"]: null

2019-11-21 18:46:44 - [TEST_STEP][PASSED] - sizeRange4 = ["5", "6", "6.5", "7", "7.5", "8", "8.5", "9", "9.5", "10", "11"]: null

2019-11-21 18:46:44 - [TEST_STEP][PASSED] - sizeRange5 = ["XS/S", "M/L"]: null

2019-11-21 18:46:44 - [TEST_STEP][PASSED] - sizeRange6 = ["One Size"]: null

2019-11-21 18:46:44 - [TEST_STEP][PASSED] - sizeRangeSplit = UtilityMethods.SplitSizes(findTestData("productData").getValue("SzRange", row)): null

2019-11-21 18:46:44 - [TEST_STEP][PASSED] - sizeType = getText(findTestObject("Object Repository/Page_cabi Order Items/Size")): Text of object 'Object Repository/Page_cabi Order Items/Size' is: 'N/A'

2019-11-21 18:46:44 - [MESSAGE][PASSED] - Text of object 'Object Repository/Page_cabi Order Items/Size' is: 'N/A'

2019-11-21 18:46:44 - [TEST_STEP][PASSED] - sizeOptions = findWebElements(findTestObject("Object Repository/Page_cabi Order Items/Size"), 5): null

2019-11-21 18:46:44 - [TEST_STEP][PASSED] - actualRange = new java.util.ArrayList(): null

2019-11-21 18:46:44 - [TEST_STEP][PASSED] - expectedRange = <not implemented yet for class: org.codehaus.groovy.ast.expr.EmptyExpression>: null

2019-11-21 18:46:44 - [TEST_STEP][PASSED] - if (sizeType.equalsIgnoreCase("Select")): null

2019-11-21 18:46:44 - [TEST_STEP][PASSED] - else: null

2019-11-21 18:46:44 - [TEST_STEP][PASSED] - sa.assertTrue(sizeType.equalsIgnoreCase("N/A") || sizeType.equalsIgnoreCase(sizeRangeSplit[0])): null

2019-11-21 18:46:44 - [TEST_STEP][PASSED] - delay(2): Delayed 2 second(s)

2019-11-21 18:46:46 - [MESSAGE][PASSED] - Delayed 2 second(s)

2019-11-21 18:46:46 - [TEST_STEP][PASSED] - verifyElementText(findTestObject("Page_cabi Order Items/product_title"), findTestData("productData").getValue("Description", row), CONTINUE_ON_FAILURE): Actual text and expected text of test object 'Object Repository/Page_cabi Order Items/product_title' are matched.

2019-11-21 18:46:46 - [MESSAGE][PASSED] - Actual text and expected text of test object 'Object Repository/Page_cabi Order Items/product_title' are matched.

2019-11-21 18:46:46 - [TEST_STEP][PASSED] - finalContent = findTestData("productData").getValue("FinalContent", row): null

2019-11-21 18:46:46 - [TEST_STEP][PASSED] - if (finalContent.equalsIgnoreCase("")): null

2019-11-21 18:46:46 - [TEST_STEP][PASSED] - else: Actual text and expected text of test object 'Object Repository/Page_cabi Order Items/product_fabric' are matched.

2019-11-21 18:46:46 - [TEST_STEP][PASSED] - verifyElementText(findTestObject("Page_cabi Order Items/product_fabric"), finalContent, CONTINUE_ON_FAILURE): Actual text and expected text of test object 'Object Repository/Page_cabi Order Items/product_fabric' are matched.

2019-11-21 18:46:46 - [MESSAGE][PASSED] - Actual text and expected text of test object 'Object Repository/Page_cabi Order Items/product_fabric' are matched.

2019-11-21 18:46:46 - [TEST_STEP][PASSED] - expectedCasreIntrn = findTestData("productData").getValue("CareInstr", row): null

2019-11-21 18:46:47 - [TEST_STEP][PASSED] - if (expectedCasreIntrn.equalsIgnoreCase("")): null

2019-11-21 18:46:47 - [TEST_STEP][PASSED] - else: null

2019-11-21 18:46:47 - [TEST_STEP][PASSED] - actualCasreIntrn = "<div>" + getText(findTestObject("Page_cabi Order Items/care_instruction")) + "</div>": Text of object 'Object Repository/Page_cabi Order Items/care_instruction' is: 'Machine wash separately, inside out, in cold water on the delicate cycle. Do not bleach. Tumble dry low, remove promptly. Warm iron if needed.'

2019-11-21 18:46:47 - [MESSAGE][PASSED] - Text of object 'Object Repository/Page_cabi Order Items/care_instruction' is: 'Machine wash separately, inside out, in cold water on the delicate cycle. Do not bleach. Tumble dry low, remove promptly. Warm iron if needed.'

2019-11-21 18:46:47 - [TEST_STEP][PASSED] - sa.assertTrue(actualCasreIntrn.equals(expectedCasreIntrn)): null

2019-11-21 18:46:47 - [TEST_STEP][PASSED] - delay(5): Delayed 5 second(s)

2019-11-21 18:46:52 - [MESSAGE][PASSED] - Delayed 5 second(s)

2019-11-21 18:46:52 - [TEST_STEP][PASSED] - sa = new org.testng.asserts.SoftAssert(): null

2019-11-21 18:46:52 - [TEST_STEP][PASSED] - styleid_data = findTestData("productData").getValue("Style", row): null

2019-11-21 18:46:52 - [TEST_STEP][PASSED] - println(styleid_data): null

2019-11-21 18:46:52 - [TEST_STEP][PASSED] - by = By.xpath("//input[@name='style']"): null

2019-11-21 18:46:52 - [TEST_STEP][PASSED] - styleWe = UtilityMethods.getElementByLocator(by, driver): null

2019-11-21 18:46:52 - [TEST_STEP][PASSED] - to = UtilityMethods.fromElement(styleWe): null

2019-11-21 18:46:52 - [TEST_STEP][PASSED] - println("******************+++++++++++++++++++**********************************************"): null

2019-11-21 18:46:52 - [TEST_STEP][PASSED] - setText(to, styleid_data): Text '5692' is set on object ''

2019-11-21 18:46:52 - [MESSAGE][PASSED] - Text '5692' is set on object ''

2019-11-21 18:46:52 - [TEST_STEP][PASSED] - sendKeys(to, Keys.chord(ENTER)): Keys 'ENTER + ' sent to object: ''

2019-11-21 18:46:52 - [MESSAGE][PASSED] - Keys 'ENTER + ' sent to object: ''

2019-11-21 18:46:52 - [TEST_STEP][PASSED] - delay(2): Delayed 2 second(s)

2019-11-21 18:46:54 - [MESSAGE][PASSED] - Delayed 2 second(s)

2019-11-21 18:46:54 - [TEST_STEP][PASSED] - if (toString().equalsIgnoreCase("no")): null

2019-11-21 18:46:54 - [TEST_STEP][PASSED] - else: null

2019-11-21 18:46:54 - [TEST_STEP][PASSED] - click(findTestObject("Page_cabi Order Items/li_order_item")): Object: 'Object Repository/Page_cabi Order Items/li_order_item' is clicked on

2019-11-21 18:47:00 - [MESSAGE][PASSED] - Object: 'Object Repository/Page_cabi Order Items/li_order_item' is clicked on

2019-11-21 18:47:00 - [TEST_STEP][PASSED] - delay(5): Delayed 5 second(s)

2019-11-21 18:47:05 - [MESSAGE][PASSED] - Delayed 5 second(s)

2019-11-21 18:47:05 - [TEST_STEP][PASSED] - imagePath = UtilityMethods.createScreenshotImagePath(storeType, styleid_data): null

2019-11-21 18:47:05 - [TEST_STEP][PASSED] - println(imagePath): null

2019-11-21 18:47:05 - [TEST_STEP][PASSED] - takeScreenshot(imagePath): Taking screenshot successfully

2019-11-21 18:47:06 - [MESSAGE][PASSED] - Taking screenshot successfully
[[ATTACHMENT|C:\\Users\\user\\Documents\\testautomation\\KatalonProjects\\productImages\\BOPersonal_5692 image.png]]

2019-11-21 18:47:06 - [TEST_STEP][PASSED] - verifyElementText(findTestObject("Page_cabi Order Items/GetAttribute_getID"), styleid_data, CONTINUE_ON_FAILURE): Actual text and expected text of test object 'Object Repository/Page_cabi Order Items/GetAttribute_getID' are matched.

2019-11-21 18:47:06 - [MESSAGE][PASSED] - Actual text and expected text of test object 'Object Repository/Page_cabi Order Items/GetAttribute_getID' are matched.

2019-11-21 18:47:06 - [TEST_STEP][PASSED] - colorOptions = findWebElements(findTestObject("Page_cabi Order Items/GetAttribute_Color"), 5): null

2019-11-21 18:47:06 - [TEST_STEP][PASSED] - println(colorOptions.size()): null

2019-11-21 18:47:06 - [TEST_STEP][PASSED] - expectedColour = findTestData("productData").getValue("Color", row): null

2019-11-21 18:47:06 - [TEST_STEP][PASSED] - println("expected colour is"): null

2019-11-21 18:47:06 - [TEST_STEP][PASSED] - println(expectedColour): null

2019-11-21 18:47:06 - [TEST_STEP][PASSED] - colourVerified = false: null

2019-11-21 18:47:06 - [TEST_STEP][PASSED] - for (org.openqa.selenium.WebElement op : colorOptions): null

2019-11-21 18:47:06 - [TEST_STEP][PASSED] - println(op.getText()): null

2019-11-21 18:47:06 - [TEST_STEP][PASSED] - if (expectedColour.equalsIgnoreCase(op.getText())): null

2019-11-21 18:47:06 - [TEST_STEP][PASSED] - colourVerified = true: null

2019-11-21 18:47:06 - [TEST_STEP][PASSED] - break: null

2019-11-21 18:47:06 - [TEST_STEP][PASSED] - sa.assertTrue(colourVerified): null

2019-11-21 18:47:06 - [TEST_STEP][PASSED] - getPrice = getText(findTestObject("Page_cabi Order Items/GetAttribute_Price")): Text of object 'Object Repository/Page_cabi Order Items/GetAttribute_Price' is: 'Price : £84.00'

2019-11-21 18:47:06 - [MESSAGE][PASSED] - Text of object 'Object Repository/Page_cabi Order Items/GetAttribute_Price' is: 'Price : £84.00'

2019-11-21 18:47:06 - [TEST_STEP][PASSED] - Split_Data = UtilityMethods.SplitData(getPrice): null

2019-11-21 18:47:06 - [TEST_STEP][PASSED] - verifyMatch(Split_Data, findTestData("productData").getValue("Retail", row), true, CONTINUE_ON_FAILURE): Actual text '84' and expected text '84' are matched  using regular expression

2019-11-21 18:47:06 - [MESSAGE][PASSED] - Actual text '84' and expected text '84' are matched  using regular expression

2019-11-21 18:47:06 - [TEST_STEP][PASSED] - sizeRange1 = ["XXS", "XS", "S", "M", "L", "XL", "XXL"]: null

2019-11-21 18:47:06 - [TEST_STEP][PASSED] - sizeRange2 = ["00", "0", "2", "4", "6", "8", "10", "12", "14", "16"]: null

2019-11-21 18:47:06 - [TEST_STEP][PASSED] - sizeRange3 = ["Long", "Regular", "Short"]: null

2019-11-21 18:47:06 - [TEST_STEP][PASSED] - sizeRange4 = ["5", "6", "6.5", "7", "7.5", "8", "8.5", "9", "9.5", "10", "11"]: null

2019-11-21 18:47:06 - [TEST_STEP][PASSED] - sizeRange5 = ["XS/S", "M/L"]: null

2019-11-21 18:47:06 - [TEST_STEP][PASSED] - sizeRange6 = ["One Size"]: null

2019-11-21 18:47:06 - [TEST_STEP][PASSED] - sizeRangeSplit = UtilityMethods.SplitSizes(findTestData("productData").getValue("SzRange", row)): null

2019-11-21 18:47:06 - [TEST_STEP][PASSED] - sizeType = getText(findTestObject("Object Repository/Page_cabi Order Items/Size")): Text of object 'Object Repository/Page_cabi Order Items/Size' is: 'Select'

2019-11-21 18:47:06 - [MESSAGE][PASSED] - Text of object 'Object Repository/Page_cabi Order Items/Size' is: 'Select'

2019-11-21 18:47:06 - [TEST_STEP][PASSED] - sizeOptions = findWebElements(findTestObject("Object Repository/Page_cabi Order Items/Size"), 5): null

2019-11-21 18:47:06 - [TEST_STEP][PASSED] - actualRange = new java.util.ArrayList(): null

2019-11-21 18:47:06 - [TEST_STEP][PASSED] - expectedRange = <not implemented yet for class: org.codehaus.groovy.ast.expr.EmptyExpression>: null

2019-11-21 18:47:06 - [TEST_STEP][PASSED] - if (sizeType.equalsIgnoreCase("Select")): null

2019-11-21 18:47:06 - [TEST_STEP][PASSED] - for ([i = 1, i < sizeOptions.size(), (i++)]): null

2019-11-21 18:47:06 - [TEST_STEP][PASSED] - actualRange.add(getAttribute("value").toString()): null

2019-11-21 18:47:06 - [TEST_STEP][PASSED] - actualRange.add(getAttribute("value").toString()): null

2019-11-21 18:47:06 - [TEST_STEP][PASSED] - actualRange.add(getAttribute("value").toString()): null

2019-11-21 18:47:06 - [TEST_STEP][PASSED] - actualRange.add(getAttribute("value").toString()): null

2019-11-21 18:47:06 - [TEST_STEP][PASSED] - actualRange.add(getAttribute("value").toString()): null

2019-11-21 18:47:06 - [TEST_STEP][PASSED] - actualRange.add(getAttribute("value").toString()): null

2019-11-21 18:47:06 - [TEST_STEP][PASSED] - actualRange.add(getAttribute("value").toString()): null

2019-11-21 18:47:06 - [TEST_STEP][PASSED] - actualRange.add(getAttribute("value").toString()): null

2019-11-21 18:47:06 - [TEST_STEP][PASSED] - actualRange.add(getAttribute("value").toString()): null

2019-11-21 18:47:06 - [TEST_STEP][PASSED] - if (toString().equalsIgnoreCase("XS") || toString().equalsIgnoreCase("XXS")): null

2019-11-21 18:47:06 - [TEST_STEP][PASSED] - else if (toString().equalsIgnoreCase("00") || toString().equalsIgnoreCase("0")): null

2019-11-21 18:47:06 - [TEST_STEP][PASSED] - expectedRange = UtilityMethods.getExpectedRange(sizeRange2, sizeRangeSplit): null

2019-11-21 18:47:06 - [TEST_STEP][PASSED] - println("00"): null

2019-11-21 18:47:06 - [TEST_STEP][PASSED] - println(expectedRange.toString()): null

2019-11-21 18:47:06 - [TEST_STEP][PASSED] - sa.assertTrue(UtilityMethods.listEquals(expectedRange, actualRange)): null

2019-11-21 18:47:06 - [TEST_STEP][PASSED] - delay(2): Delayed 2 second(s)

2019-11-21 18:47:09 - [MESSAGE][PASSED] - Delayed 2 second(s)

2019-11-21 18:47:09 - [TEST_STEP][PASSED] - verifyElementText(findTestObject("Page_cabi Order Items/product_title"), findTestData("productData").getValue("Description", row), CONTINUE_ON_FAILURE): Actual text and expected text of test object 'Object Repository/Page_cabi Order Items/product_title' are matched.

2019-11-21 18:47:09 - [MESSAGE][PASSED] - Actual text and expected text of test object 'Object Repository/Page_cabi Order Items/product_title' are matched.

2019-11-21 18:47:09 - [TEST_STEP][PASSED] - finalContent = findTestData("productData").getValue("FinalContent", row): null

2019-11-21 18:47:09 - [TEST_STEP][PASSED] - if (finalContent.equalsIgnoreCase("")): null

2019-11-21 18:47:09 - [TEST_STEP][PASSED] - else: Actual text and expected text of test object 'Object Repository/Page_cabi Order Items/product_fabric' are matched.

2019-11-21 18:47:09 - [TEST_STEP][PASSED] - verifyElementText(findTestObject("Page_cabi Order Items/product_fabric"), finalContent, CONTINUE_ON_FAILURE): Actual text and expected text of test object 'Object Repository/Page_cabi Order Items/product_fabric' are matched.

2019-11-21 18:47:09 - [MESSAGE][PASSED] - Actual text and expected text of test object 'Object Repository/Page_cabi Order Items/product_fabric' are matched.

2019-11-21 18:47:09 - [TEST_STEP][PASSED] - expectedCasreIntrn = findTestData("productData").getValue("CareInstr", row): null

2019-11-21 18:47:09 - [TEST_STEP][PASSED] - if (expectedCasreIntrn.equalsIgnoreCase("")): null

2019-11-21 18:47:09 - [TEST_STEP][PASSED] - else: null

2019-11-21 18:47:09 - [TEST_STEP][PASSED] - actualCasreIntrn = "<div>" + getText(findTestObject("Page_cabi Order Items/care_instruction")) + "</div>": Text of object 'Object Repository/Page_cabi Order Items/care_instruction' is: 'Machine wash separately, inside out, in cold water on the delicate cycle. Do not bleach. Tumble dry low, remove promptly. Warm iron if needed.'

2019-11-21 18:47:09 - [MESSAGE][PASSED] - Text of object 'Object Repository/Page_cabi Order Items/care_instruction' is: 'Machine wash separately, inside out, in cold water on the delicate cycle. Do not bleach. Tumble dry low, remove promptly. Warm iron if needed.'

2019-11-21 18:47:09 - [TEST_STEP][PASSED] - sa.assertTrue(actualCasreIntrn.equals(expectedCasreIntrn)): null

2019-11-21 18:47:09 - [TEST_STEP][PASSED] - delay(5): Delayed 5 second(s)

2019-11-21 18:47:14 - [MESSAGE][PASSED] - Delayed 5 second(s)

2019-11-21 18:47:14 - [TEST_STEP][PASSED] - sa = new org.testng.asserts.SoftAssert(): null

2019-11-21 18:47:14 - [TEST_STEP][PASSED] - styleid_data = findTestData("productData").getValue("Style", row): null

2019-11-21 18:47:14 - [TEST_STEP][PASSED] - println(styleid_data): null

2019-11-21 18:47:14 - [TEST_STEP][PASSED] - by = By.xpath("//input[@name='style']"): null

2019-11-21 18:47:14 - [TEST_STEP][PASSED] - styleWe = UtilityMethods.getElementByLocator(by, driver): null

2019-11-21 18:47:14 - [TEST_STEP][PASSED] - to = UtilityMethods.fromElement(styleWe): null

2019-11-21 18:47:14 - [TEST_STEP][PASSED] - println("******************+++++++++++++++++++**********************************************"): null

2019-11-21 18:47:14 - [TEST_STEP][PASSED] - setText(to, styleid_data): Text '5693' is set on object ''

2019-11-21 18:47:15 - [MESSAGE][PASSED] - Text '5693' is set on object ''

2019-11-21 18:47:15 - [TEST_STEP][PASSED] - sendKeys(to, Keys.chord(ENTER)): Keys 'ENTER + ' sent to object: ''

2019-11-21 18:47:15 - [MESSAGE][PASSED] - Keys 'ENTER + ' sent to object: ''

2019-11-21 18:47:15 - [TEST_STEP][PASSED] - delay(2): Delayed 2 second(s)

2019-11-21 18:47:17 - [MESSAGE][PASSED] - Delayed 2 second(s)

2019-11-21 18:47:17 - [TEST_STEP][PASSED] - if (toString().equalsIgnoreCase("no")): null

2019-11-21 18:47:17 - [TEST_STEP][PASSED] - else: null

2019-11-21 18:47:17 - [TEST_STEP][PASSED] - click(findTestObject("Page_cabi Order Items/li_order_item")): Object: 'Object Repository/Page_cabi Order Items/li_order_item' is clicked on

2019-11-21 18:47:23 - [MESSAGE][PASSED] - Object: 'Object Repository/Page_cabi Order Items/li_order_item' is clicked on

2019-11-21 18:47:23 - [TEST_STEP][PASSED] - delay(5): Delayed 5 second(s)

2019-11-21 18:47:28 - [MESSAGE][PASSED] - Delayed 5 second(s)

2019-11-21 18:47:28 - [TEST_STEP][PASSED] - imagePath = UtilityMethods.createScreenshotImagePath(storeType, styleid_data): null

2019-11-21 18:47:28 - [TEST_STEP][PASSED] - println(imagePath): null

2019-11-21 18:47:28 - [TEST_STEP][PASSED] - takeScreenshot(imagePath): Taking screenshot successfully

2019-11-21 18:47:29 - [MESSAGE][PASSED] - Taking screenshot successfully
[[ATTACHMENT|C:\\Users\\user\\Documents\\testautomation\\KatalonProjects\\productImages\\BOPersonal_5693 image.png]]

2019-11-21 18:47:29 - [TEST_STEP][PASSED] - verifyElementText(findTestObject("Page_cabi Order Items/GetAttribute_getID"), styleid_data, CONTINUE_ON_FAILURE): Actual text and expected text of test object 'Object Repository/Page_cabi Order Items/GetAttribute_getID' are matched.

2019-11-21 18:47:29 - [MESSAGE][PASSED] - Actual text and expected text of test object 'Object Repository/Page_cabi Order Items/GetAttribute_getID' are matched.

2019-11-21 18:47:29 - [TEST_STEP][PASSED] - colorOptions = findWebElements(findTestObject("Page_cabi Order Items/GetAttribute_Color"), 5): null

2019-11-21 18:47:29 - [TEST_STEP][PASSED] - println(colorOptions.size()): null

2019-11-21 18:47:29 - [TEST_STEP][PASSED] - expectedColour = findTestData("productData").getValue("Color", row): null

2019-11-21 18:47:29 - [TEST_STEP][PASSED] - println("expected colour is"): null

2019-11-21 18:47:29 - [TEST_STEP][PASSED] - println(expectedColour): null

2019-11-21 18:47:29 - [TEST_STEP][PASSED] - colourVerified = false: null

2019-11-21 18:47:29 - [TEST_STEP][PASSED] - for (org.openqa.selenium.WebElement op : colorOptions): null

2019-11-21 18:47:29 - [TEST_STEP][PASSED] - println(op.getText()): null

2019-11-21 18:47:29 - [TEST_STEP][PASSED] - if (expectedColour.equalsIgnoreCase(op.getText())): null

2019-11-21 18:47:29 - [TEST_STEP][PASSED] - colourVerified = true: null

2019-11-21 18:47:29 - [TEST_STEP][PASSED] - break: null

2019-11-21 18:47:29 - [TEST_STEP][PASSED] - sa.assertTrue(colourVerified): null

2019-11-21 18:47:29 - [TEST_STEP][PASSED] - getPrice = getText(findTestObject("Page_cabi Order Items/GetAttribute_Price")): Text of object 'Object Repository/Page_cabi Order Items/GetAttribute_Price' is: 'Price : £94.00'

2019-11-21 18:47:29 - [MESSAGE][PASSED] - Text of object 'Object Repository/Page_cabi Order Items/GetAttribute_Price' is: 'Price : £94.00'

2019-11-21 18:47:29 - [TEST_STEP][PASSED] - Split_Data = UtilityMethods.SplitData(getPrice): null

2019-11-21 18:47:29 - [TEST_STEP][PASSED] - verifyMatch(Split_Data, findTestData("productData").getValue("Retail", row), true, CONTINUE_ON_FAILURE): Actual text '94' and expected text '94' are matched  using regular expression

2019-11-21 18:47:29 - [MESSAGE][PASSED] - Actual text '94' and expected text '94' are matched  using regular expression

2019-11-21 18:47:29 - [TEST_STEP][PASSED] - sizeRange1 = ["XXS", "XS", "S", "M", "L", "XL", "XXL"]: null

2019-11-21 18:47:29 - [TEST_STEP][PASSED] - sizeRange2 = ["00", "0", "2", "4", "6", "8", "10", "12", "14", "16"]: null

2019-11-21 18:47:29 - [TEST_STEP][PASSED] - sizeRange3 = ["Long", "Regular", "Short"]: null

2019-11-21 18:47:29 - [TEST_STEP][PASSED] - sizeRange4 = ["5", "6", "6.5", "7", "7.5", "8", "8.5", "9", "9.5", "10", "11"]: null

2019-11-21 18:47:29 - [TEST_STEP][PASSED] - sizeRange5 = ["XS/S", "M/L"]: null

2019-11-21 18:47:29 - [TEST_STEP][PASSED] - sizeRange6 = ["One Size"]: null

2019-11-21 18:47:29 - [TEST_STEP][PASSED] - sizeRangeSplit = UtilityMethods.SplitSizes(findTestData("productData").getValue("SzRange", row)): null

2019-11-21 18:47:29 - [TEST_STEP][PASSED] - sizeType = getText(findTestObject("Object Repository/Page_cabi Order Items/Size")): Text of object 'Object Repository/Page_cabi Order Items/Size' is: 'Select'

2019-11-21 18:47:30 - [MESSAGE][PASSED] - Text of object 'Object Repository/Page_cabi Order Items/Size' is: 'Select'

2019-11-21 18:47:30 - [TEST_STEP][PASSED] - sizeOptions = findWebElements(findTestObject("Object Repository/Page_cabi Order Items/Size"), 5): null

2019-11-21 18:47:30 - [TEST_STEP][PASSED] - actualRange = new java.util.ArrayList(): null

2019-11-21 18:47:30 - [TEST_STEP][PASSED] - expectedRange = <not implemented yet for class: org.codehaus.groovy.ast.expr.EmptyExpression>: null

2019-11-21 18:47:30 - [TEST_STEP][PASSED] - if (sizeType.equalsIgnoreCase("Select")): null

2019-11-21 18:47:30 - [TEST_STEP][PASSED] - for ([i = 1, i < sizeOptions.size(), (i++)]): null

2019-11-21 18:47:30 - [TEST_STEP][PASSED] - actualRange.add(getAttribute("value").toString()): null

2019-11-21 18:47:30 - [TEST_STEP][PASSED] - actualRange.add(getAttribute("value").toString()): null

2019-11-21 18:47:30 - [TEST_STEP][PASSED] - actualRange.add(getAttribute("value").toString()): null

2019-11-21 18:47:30 - [TEST_STEP][PASSED] - actualRange.add(getAttribute("value").toString()): null

2019-11-21 18:47:30 - [TEST_STEP][PASSED] - actualRange.add(getAttribute("value").toString()): null

2019-11-21 18:47:30 - [TEST_STEP][PASSED] - actualRange.add(getAttribute("value").toString()): null

2019-11-21 18:47:30 - [TEST_STEP][PASSED] - actualRange.add(getAttribute("value").toString()): null

2019-11-21 18:47:30 - [TEST_STEP][PASSED] - actualRange.add(getAttribute("value").toString()): null

2019-11-21 18:47:30 - [TEST_STEP][PASSED] - actualRange.add(getAttribute("value").toString()): null

2019-11-21 18:47:30 - [TEST_STEP][PASSED] - if (toString().equalsIgnoreCase("XS") || toString().equalsIgnoreCase("XXS")): null

2019-11-21 18:47:30 - [TEST_STEP][PASSED] - else if (toString().equalsIgnoreCase("00") || toString().equalsIgnoreCase("0")): null

2019-11-21 18:47:30 - [TEST_STEP][PASSED] - expectedRange = UtilityMethods.getExpectedRange(sizeRange2, sizeRangeSplit): null

2019-11-21 18:47:30 - [TEST_STEP][PASSED] - println("00"): null

2019-11-21 18:47:30 - [TEST_STEP][PASSED] - println(expectedRange.toString()): null

2019-11-21 18:47:30 - [TEST_STEP][PASSED] - sa.assertTrue(UtilityMethods.listEquals(expectedRange, actualRange)): null

2019-11-21 18:47:30 - [TEST_STEP][PASSED] - delay(2): Delayed 2 second(s)

2019-11-21 18:47:32 - [MESSAGE][PASSED] - Delayed 2 second(s)

2019-11-21 18:47:32 - [TEST_STEP][PASSED] - verifyElementText(findTestObject("Page_cabi Order Items/product_title"), findTestData("productData").getValue("Description", row), CONTINUE_ON_FAILURE): Actual text and expected text of test object 'Object Repository/Page_cabi Order Items/product_title' are matched.

2019-11-21 18:47:32 - [MESSAGE][PASSED] - Actual text and expected text of test object 'Object Repository/Page_cabi Order Items/product_title' are matched.

2019-11-21 18:47:32 - [TEST_STEP][PASSED] - finalContent = findTestData("productData").getValue("FinalContent", row): null

2019-11-21 18:47:32 - [TEST_STEP][PASSED] - if (finalContent.equalsIgnoreCase("")): null

2019-11-21 18:47:32 - [TEST_STEP][PASSED] - else: Actual text and expected text of test object 'Object Repository/Page_cabi Order Items/product_fabric' are matched.

2019-11-21 18:47:32 - [TEST_STEP][PASSED] - verifyElementText(findTestObject("Page_cabi Order Items/product_fabric"), finalContent, CONTINUE_ON_FAILURE): Actual text and expected text of test object 'Object Repository/Page_cabi Order Items/product_fabric' are matched.

2019-11-21 18:47:32 - [MESSAGE][PASSED] - Actual text and expected text of test object 'Object Repository/Page_cabi Order Items/product_fabric' are matched.

2019-11-21 18:47:32 - [TEST_STEP][PASSED] - expectedCasreIntrn = findTestData("productData").getValue("CareInstr", row): null

2019-11-21 18:47:32 - [TEST_STEP][PASSED] - if (expectedCasreIntrn.equalsIgnoreCase("")): null

2019-11-21 18:47:32 - [TEST_STEP][PASSED] - else: null

2019-11-21 18:47:32 - [TEST_STEP][PASSED] - actualCasreIntrn = "<div>" + getText(findTestObject("Page_cabi Order Items/care_instruction")) + "</div>": Text of object 'Object Repository/Page_cabi Order Items/care_instruction' is: 'Machine wash separately, inside out, in cold water on the delicate cycle. Do not bleach. Tumble dry low, remove promptly. Warm iron if needed.'

2019-11-21 18:47:32 - [MESSAGE][PASSED] - Text of object 'Object Repository/Page_cabi Order Items/care_instruction' is: 'Machine wash separately, inside out, in cold water on the delicate cycle. Do not bleach. Tumble dry low, remove promptly. Warm iron if needed.'

2019-11-21 18:47:32 - [TEST_STEP][PASSED] - sa.assertTrue(actualCasreIntrn.equals(expectedCasreIntrn)): null

2019-11-21 18:47:32 - [TEST_STEP][PASSED] - delay(5): Delayed 5 second(s)

2019-11-21 18:47:37 - [MESSAGE][PASSED] - Delayed 5 second(s)

2019-11-21 18:47:37 - [TEST_STEP][PASSED] - sa = new org.testng.asserts.SoftAssert(): null

2019-11-21 18:47:37 - [TEST_STEP][PASSED] - styleid_data = findTestData("productData").getValue("Style", row): null

2019-11-21 18:47:37 - [TEST_STEP][PASSED] - println(styleid_data): null

2019-11-21 18:47:37 - [TEST_STEP][PASSED] - by = By.xpath("//input[@name='style']"): null

2019-11-21 18:47:37 - [TEST_STEP][PASSED] - styleWe = UtilityMethods.getElementByLocator(by, driver): null

2019-11-21 18:47:38 - [TEST_STEP][PASSED] - to = UtilityMethods.fromElement(styleWe): null

2019-11-21 18:47:38 - [TEST_STEP][PASSED] - println("******************+++++++++++++++++++**********************************************"): null

2019-11-21 18:47:38 - [TEST_STEP][PASSED] - setText(to, styleid_data): Text '5694' is set on object ''

2019-11-21 18:47:38 - [MESSAGE][PASSED] - Text '5694' is set on object ''

2019-11-21 18:47:38 - [TEST_STEP][PASSED] - sendKeys(to, Keys.chord(ENTER)): Keys 'ENTER + ' sent to object: ''

2019-11-21 18:47:38 - [MESSAGE][PASSED] - Keys 'ENTER + ' sent to object: ''

2019-11-21 18:47:38 - [TEST_STEP][PASSED] - delay(2): Delayed 2 second(s)

2019-11-21 18:47:40 - [MESSAGE][PASSED] - Delayed 2 second(s)

2019-11-21 18:47:40 - [TEST_STEP][PASSED] - if (toString().equalsIgnoreCase("no")): null

2019-11-21 18:47:40 - [TEST_STEP][PASSED] - else: null

2019-11-21 18:47:40 - [TEST_STEP][PASSED] - click(findTestObject("Page_cabi Order Items/li_order_item")): Object: 'Object Repository/Page_cabi Order Items/li_order_item' is clicked on

2019-11-21 18:47:43 - [MESSAGE][PASSED] - Object: 'Object Repository/Page_cabi Order Items/li_order_item' is clicked on

2019-11-21 18:47:43 - [TEST_STEP][PASSED] - delay(5): Delayed 5 second(s)

2019-11-21 18:47:48 - [MESSAGE][PASSED] - Delayed 5 second(s)

2019-11-21 18:47:48 - [TEST_STEP][PASSED] - imagePath = UtilityMethods.createScreenshotImagePath(storeType, styleid_data): null

2019-11-21 18:47:48 - [TEST_STEP][PASSED] - println(imagePath): null

2019-11-21 18:47:48 - [TEST_STEP][PASSED] - takeScreenshot(imagePath): Taking screenshot successfully

2019-11-21 18:47:48 - [MESSAGE][PASSED] - Taking screenshot successfully
[[ATTACHMENT|C:\\Users\\user\\Documents\\testautomation\\KatalonProjects\\productImages\\BOPersonal_5694 image.png]]

2019-11-21 18:47:48 - [TEST_STEP][PASSED] - verifyElementText(findTestObject("Page_cabi Order Items/GetAttribute_getID"), styleid_data, CONTINUE_ON_FAILURE): Actual text and expected text of test object 'Object Repository/Page_cabi Order Items/GetAttribute_getID' are matched.

2019-11-21 18:47:48 - [MESSAGE][PASSED] - Actual text and expected text of test object 'Object Repository/Page_cabi Order Items/GetAttribute_getID' are matched.

2019-11-21 18:47:48 - [TEST_STEP][PASSED] - colorOptions = findWebElements(findTestObject("Page_cabi Order Items/GetAttribute_Color"), 5): null

2019-11-21 18:47:48 - [TEST_STEP][PASSED] - println(colorOptions.size()): null

2019-11-21 18:47:48 - [TEST_STEP][PASSED] - expectedColour = findTestData("productData").getValue("Color", row): null

2019-11-21 18:47:48 - [TEST_STEP][PASSED] - println("expected colour is"): null

2019-11-21 18:47:48 - [TEST_STEP][PASSED] - println(expectedColour): null

2019-11-21 18:47:48 - [TEST_STEP][PASSED] - colourVerified = false: null

2019-11-21 18:47:48 - [TEST_STEP][PASSED] - for (org.openqa.selenium.WebElement op : colorOptions): null

2019-11-21 18:47:48 - [TEST_STEP][PASSED] - println(op.getText()): null

2019-11-21 18:47:48 - [TEST_STEP][PASSED] - if (expectedColour.equalsIgnoreCase(op.getText())): null

2019-11-21 18:47:48 - [TEST_STEP][PASSED] - colourVerified = true: null

2019-11-21 18:47:48 - [TEST_STEP][PASSED] - break: null

2019-11-21 18:47:48 - [TEST_STEP][PASSED] - sa.assertTrue(colourVerified): null

2019-11-21 18:47:48 - [TEST_STEP][PASSED] - getPrice = getText(findTestObject("Page_cabi Order Items/GetAttribute_Price")): Text of object 'Object Repository/Page_cabi Order Items/GetAttribute_Price' is: 'Price : £99.00'

2019-11-21 18:47:49 - [MESSAGE][PASSED] - Text of object 'Object Repository/Page_cabi Order Items/GetAttribute_Price' is: 'Price : £99.00'

2019-11-21 18:47:49 - [TEST_STEP][PASSED] - Split_Data = UtilityMethods.SplitData(getPrice): null

2019-11-21 18:47:49 - [TEST_STEP][PASSED] - verifyMatch(Split_Data, findTestData("productData").getValue("Retail", row), true, CONTINUE_ON_FAILURE): Actual text '99' and expected text '99' are matched  using regular expression

2019-11-21 18:47:49 - [MESSAGE][PASSED] - Actual text '99' and expected text '99' are matched  using regular expression

2019-11-21 18:47:49 - [TEST_STEP][PASSED] - sizeRange1 = ["XXS", "XS", "S", "M", "L", "XL", "XXL"]: null

2019-11-21 18:47:49 - [TEST_STEP][PASSED] - sizeRange2 = ["00", "0", "2", "4", "6", "8", "10", "12", "14", "16"]: null

2019-11-21 18:47:49 - [TEST_STEP][PASSED] - sizeRange3 = ["Long", "Regular", "Short"]: null

2019-11-21 18:47:49 - [TEST_STEP][PASSED] - sizeRange4 = ["5", "6", "6.5", "7", "7.5", "8", "8.5", "9", "9.5", "10", "11"]: null

2019-11-21 18:47:49 - [TEST_STEP][PASSED] - sizeRange5 = ["XS/S", "M/L"]: null

2019-11-21 18:47:49 - [TEST_STEP][PASSED] - sizeRange6 = ["One Size"]: null

2019-11-21 18:47:49 - [TEST_STEP][PASSED] - sizeRangeSplit = UtilityMethods.SplitSizes(findTestData("productData").getValue("SzRange", row)): null

2019-11-21 18:47:49 - [TEST_STEP][PASSED] - sizeType = getText(findTestObject("Object Repository/Page_cabi Order Items/Size")): Text of object 'Object Repository/Page_cabi Order Items/Size' is: 'Select'

2019-11-21 18:47:49 - [MESSAGE][PASSED] - Text of object 'Object Repository/Page_cabi Order Items/Size' is: 'Select'

2019-11-21 18:47:49 - [TEST_STEP][PASSED] - sizeOptions = findWebElements(findTestObject("Object Repository/Page_cabi Order Items/Size"), 5): null

2019-11-21 18:47:49 - [TEST_STEP][PASSED] - actualRange = new java.util.ArrayList(): null

2019-11-21 18:47:49 - [TEST_STEP][PASSED] - expectedRange = <not implemented yet for class: org.codehaus.groovy.ast.expr.EmptyExpression>: null

2019-11-21 18:47:49 - [TEST_STEP][PASSED] - if (sizeType.equalsIgnoreCase("Select")): null

2019-11-21 18:47:49 - [TEST_STEP][PASSED] - for ([i = 1, i < sizeOptions.size(), (i++)]): null

2019-11-21 18:47:49 - [TEST_STEP][PASSED] - actualRange.add(getAttribute("value").toString()): null

2019-11-21 18:47:49 - [TEST_STEP][PASSED] - actualRange.add(getAttribute("value").toString()): null

2019-11-21 18:47:49 - [TEST_STEP][PASSED] - actualRange.add(getAttribute("value").toString()): null

2019-11-21 18:47:49 - [TEST_STEP][PASSED] - actualRange.add(getAttribute("value").toString()): null

2019-11-21 18:47:49 - [TEST_STEP][PASSED] - actualRange.add(getAttribute("value").toString()): null

2019-11-21 18:47:49 - [TEST_STEP][PASSED] - actualRange.add(getAttribute("value").toString()): null

2019-11-21 18:47:49 - [TEST_STEP][PASSED] - actualRange.add(getAttribute("value").toString()): null

2019-11-21 18:47:49 - [TEST_STEP][PASSED] - actualRange.add(getAttribute("value").toString()): null

2019-11-21 18:47:49 - [TEST_STEP][PASSED] - actualRange.add(getAttribute("value").toString()): null

2019-11-21 18:47:49 - [TEST_STEP][PASSED] - if (toString().equalsIgnoreCase("XS") || toString().equalsIgnoreCase("XXS")): null

2019-11-21 18:47:49 - [TEST_STEP][PASSED] - else if (toString().equalsIgnoreCase("00") || toString().equalsIgnoreCase("0")): null

2019-11-21 18:47:49 - [TEST_STEP][PASSED] - expectedRange = UtilityMethods.getExpectedRange(sizeRange2, sizeRangeSplit): null

2019-11-21 18:47:49 - [TEST_STEP][PASSED] - println("00"): null

2019-11-21 18:47:49 - [TEST_STEP][PASSED] - println(expectedRange.toString()): null

2019-11-21 18:47:49 - [TEST_STEP][PASSED] - sa.assertTrue(UtilityMethods.listEquals(expectedRange, actualRange)): null

2019-11-21 18:47:49 - [TEST_STEP][PASSED] - delay(2): Delayed 2 second(s)

2019-11-21 18:47:51 - [MESSAGE][PASSED] - Delayed 2 second(s)

2019-11-21 18:47:51 - [TEST_STEP][PASSED] - verifyElementText(findTestObject("Page_cabi Order Items/product_title"), findTestData("productData").getValue("Description", row), CONTINUE_ON_FAILURE): Actual text and expected text of test object 'Object Repository/Page_cabi Order Items/product_title' are matched.

2019-11-21 18:47:51 - [MESSAGE][PASSED] - Actual text and expected text of test object 'Object Repository/Page_cabi Order Items/product_title' are matched.

2019-11-21 18:47:51 - [TEST_STEP][PASSED] - finalContent = findTestData("productData").getValue("FinalContent", row): null

2019-11-21 18:47:51 - [TEST_STEP][PASSED] - if (finalContent.equalsIgnoreCase("")): null

2019-11-21 18:47:51 - [TEST_STEP][PASSED] - else: Actual text and expected text of test object 'Object Repository/Page_cabi Order Items/product_fabric' are matched.

2019-11-21 18:47:51 - [TEST_STEP][PASSED] - verifyElementText(findTestObject("Page_cabi Order Items/product_fabric"), finalContent, CONTINUE_ON_FAILURE): Actual text and expected text of test object 'Object Repository/Page_cabi Order Items/product_fabric' are matched.

2019-11-21 18:47:52 - [MESSAGE][PASSED] - Actual text and expected text of test object 'Object Repository/Page_cabi Order Items/product_fabric' are matched.

2019-11-21 18:47:52 - [TEST_STEP][PASSED] - expectedCasreIntrn = findTestData("productData").getValue("CareInstr", row): null

2019-11-21 18:47:52 - [TEST_STEP][PASSED] - if (expectedCasreIntrn.equalsIgnoreCase("")): null

2019-11-21 18:47:52 - [TEST_STEP][PASSED] - else: null

2019-11-21 18:47:52 - [TEST_STEP][PASSED] - actualCasreIntrn = "<div>" + getText(findTestObject("Page_cabi Order Items/care_instruction")) + "</div>": Text of object 'Object Repository/Page_cabi Order Items/care_instruction' is: 'Machine wash separately, inside out, in cold water on the delicate cycle. Do not bleach. Tumble dry low, remove promptly. Warm iron if needed.'

2019-11-21 18:47:52 - [MESSAGE][PASSED] - Text of object 'Object Repository/Page_cabi Order Items/care_instruction' is: 'Machine wash separately, inside out, in cold water on the delicate cycle. Do not bleach. Tumble dry low, remove promptly. Warm iron if needed.'

2019-11-21 18:47:52 - [TEST_STEP][PASSED] - sa.assertTrue(actualCasreIntrn.equals(expectedCasreIntrn)): null

2019-11-21 18:47:52 - [TEST_STEP][PASSED] - delay(5): Delayed 5 second(s)

2019-11-21 18:47:57 - [MESSAGE][PASSED] - Delayed 5 second(s)

2019-11-21 18:47:57 - [TEST_STEP][PASSED] - sa = new org.testng.asserts.SoftAssert(): null

2019-11-21 18:47:57 - [TEST_STEP][PASSED] - styleid_data = findTestData("productData").getValue("Style", row): null

2019-11-21 18:47:57 - [TEST_STEP][PASSED] - println(styleid_data): null

2019-11-21 18:47:57 - [TEST_STEP][PASSED] - by = By.xpath("//input[@name='style']"): null

2019-11-21 18:47:57 - [TEST_STEP][PASSED] - styleWe = UtilityMethods.getElementByLocator(by, driver): null

2019-11-21 18:47:57 - [TEST_STEP][PASSED] - to = UtilityMethods.fromElement(styleWe): null

2019-11-21 18:47:57 - [TEST_STEP][PASSED] - println("******************+++++++++++++++++++**********************************************"): null

2019-11-21 18:47:57 - [TEST_STEP][PASSED] - setText(to, styleid_data): Text '5695' is set on object ''

2019-11-21 18:47:57 - [MESSAGE][PASSED] - Text '5695' is set on object ''

2019-11-21 18:47:57 - [TEST_STEP][PASSED] - sendKeys(to, Keys.chord(ENTER)): Keys 'ENTER + ' sent to object: ''

2019-11-21 18:47:57 - [MESSAGE][PASSED] - Keys 'ENTER + ' sent to object: ''

2019-11-21 18:47:57 - [TEST_STEP][PASSED] - delay(2): Delayed 2 second(s)

2019-11-21 18:47:59 - [MESSAGE][PASSED] - Delayed 2 second(s)

2019-11-21 18:47:59 - [TEST_STEP][PASSED] - if (toString().equalsIgnoreCase("no")): null

2019-11-21 18:47:59 - [TEST_STEP][PASSED] - else: null

2019-11-21 18:47:59 - [TEST_STEP][PASSED] - click(findTestObject("Page_cabi Order Items/li_order_item")): Object: 'Object Repository/Page_cabi Order Items/li_order_item' is clicked on

2019-11-21 18:48:05 - [MESSAGE][PASSED] - Object: 'Object Repository/Page_cabi Order Items/li_order_item' is clicked on

2019-11-21 18:48:05 - [TEST_STEP][PASSED] - delay(5): Delayed 5 second(s)

2019-11-21 18:48:10 - [MESSAGE][PASSED] - Delayed 5 second(s)

2019-11-21 18:48:10 - [TEST_STEP][PASSED] - imagePath = UtilityMethods.createScreenshotImagePath(storeType, styleid_data): null

2019-11-21 18:48:10 - [TEST_STEP][PASSED] - println(imagePath): null

2019-11-21 18:48:10 - [TEST_STEP][PASSED] - takeScreenshot(imagePath): Taking screenshot successfully

2019-11-21 18:48:11 - [MESSAGE][PASSED] - Taking screenshot successfully
[[ATTACHMENT|C:\\Users\\user\\Documents\\testautomation\\KatalonProjects\\productImages\\BOPersonal_5695 image.png]]

2019-11-21 18:48:11 - [TEST_STEP][PASSED] - verifyElementText(findTestObject("Page_cabi Order Items/GetAttribute_getID"), styleid_data, CONTINUE_ON_FAILURE): Actual text and expected text of test object 'Object Repository/Page_cabi Order Items/GetAttribute_getID' are matched.

2019-11-21 18:48:11 - [MESSAGE][PASSED] - Actual text and expected text of test object 'Object Repository/Page_cabi Order Items/GetAttribute_getID' are matched.

2019-11-21 18:48:11 - [TEST_STEP][PASSED] - colorOptions = findWebElements(findTestObject("Page_cabi Order Items/GetAttribute_Color"), 5): null

2019-11-21 18:48:11 - [TEST_STEP][PASSED] - println(colorOptions.size()): null

2019-11-21 18:48:11 - [TEST_STEP][PASSED] - expectedColour = findTestData("productData").getValue("Color", row): null

2019-11-21 18:48:11 - [TEST_STEP][PASSED] - println("expected colour is"): null

2019-11-21 18:48:11 - [TEST_STEP][PASSED] - println(expectedColour): null

2019-11-21 18:48:11 - [TEST_STEP][PASSED] - colourVerified = false: null

2019-11-21 18:48:11 - [TEST_STEP][PASSED] - for (org.openqa.selenium.WebElement op : colorOptions): null

2019-11-21 18:48:11 - [TEST_STEP][PASSED] - println(op.getText()): null

2019-11-21 18:48:11 - [TEST_STEP][PASSED] - if (expectedColour.equalsIgnoreCase(op.getText())): null

2019-11-21 18:48:11 - [TEST_STEP][PASSED] - colourVerified = true: null

2019-11-21 18:48:11 - [TEST_STEP][PASSED] - break: null

2019-11-21 18:48:11 - [TEST_STEP][PASSED] - sa.assertTrue(colourVerified): null

2019-11-21 18:48:11 - [TEST_STEP][PASSED] - getPrice = getText(findTestObject("Page_cabi Order Items/GetAttribute_Price")): Text of object 'Object Repository/Page_cabi Order Items/GetAttribute_Price' is: 'Price : £99.00'

2019-11-21 18:48:11 - [MESSAGE][PASSED] - Text of object 'Object Repository/Page_cabi Order Items/GetAttribute_Price' is: 'Price : £99.00'

2019-11-21 18:48:11 - [TEST_STEP][PASSED] - Split_Data = UtilityMethods.SplitData(getPrice): null

2019-11-21 18:48:11 - [TEST_STEP][PASSED] - verifyMatch(Split_Data, findTestData("productData").getValue("Retail", row), true, CONTINUE_ON_FAILURE): Actual text '99' and expected text '99' are matched  using regular expression

2019-11-21 18:48:11 - [MESSAGE][PASSED] - Actual text '99' and expected text '99' are matched  using regular expression

2019-11-21 18:48:11 - [TEST_STEP][PASSED] - sizeRange1 = ["XXS", "XS", "S", "M", "L", "XL", "XXL"]: null

2019-11-21 18:48:11 - [TEST_STEP][PASSED] - sizeRange2 = ["00", "0", "2", "4", "6", "8", "10", "12", "14", "16"]: null

2019-11-21 18:48:11 - [TEST_STEP][PASSED] - sizeRange3 = ["Long", "Regular", "Short"]: null

2019-11-21 18:48:11 - [TEST_STEP][PASSED] - sizeRange4 = ["5", "6", "6.5", "7", "7.5", "8", "8.5", "9", "9.5", "10", "11"]: null

2019-11-21 18:48:11 - [TEST_STEP][PASSED] - sizeRange5 = ["XS/S", "M/L"]: null

2019-11-21 18:48:11 - [TEST_STEP][PASSED] - sizeRange6 = ["One Size"]: null

2019-11-21 18:48:11 - [TEST_STEP][PASSED] - sizeRangeSplit = UtilityMethods.SplitSizes(findTestData("productData").getValue("SzRange", row)): null

2019-11-21 18:48:11 - [TEST_STEP][PASSED] - sizeType = getText(findTestObject("Object Repository/Page_cabi Order Items/Size")): Text of object 'Object Repository/Page_cabi Order Items/Size' is: 'Select'

2019-11-21 18:48:11 - [MESSAGE][PASSED] - Text of object 'Object Repository/Page_cabi Order Items/Size' is: 'Select'

2019-11-21 18:48:11 - [TEST_STEP][PASSED] - sizeOptions = findWebElements(findTestObject("Object Repository/Page_cabi Order Items/Size"), 5): null

2019-11-21 18:48:11 - [TEST_STEP][PASSED] - actualRange = new java.util.ArrayList(): null

2019-11-21 18:48:11 - [TEST_STEP][PASSED] - expectedRange = <not implemented yet for class: org.codehaus.groovy.ast.expr.EmptyExpression>: null

2019-11-21 18:48:11 - [TEST_STEP][PASSED] - if (sizeType.equalsIgnoreCase("Select")): null

2019-11-21 18:48:11 - [TEST_STEP][PASSED] - for ([i = 1, i < sizeOptions.size(), (i++)]): null

2019-11-21 18:48:11 - [TEST_STEP][PASSED] - actualRange.add(getAttribute("value").toString()): null

2019-11-21 18:48:11 - [TEST_STEP][PASSED] - actualRange.add(getAttribute("value").toString()): null

2019-11-21 18:48:11 - [TEST_STEP][PASSED] - actualRange.add(getAttribute("value").toString()): null

2019-11-21 18:48:11 - [TEST_STEP][PASSED] - actualRange.add(getAttribute("value").toString()): null

2019-11-21 18:48:11 - [TEST_STEP][PASSED] - actualRange.add(getAttribute("value").toString()): null

2019-11-21 18:48:11 - [TEST_STEP][PASSED] - actualRange.add(getAttribute("value").toString()): null

2019-11-21 18:48:11 - [TEST_STEP][PASSED] - actualRange.add(getAttribute("value").toString()): null

2019-11-21 18:48:11 - [TEST_STEP][PASSED] - actualRange.add(getAttribute("value").toString()): null

2019-11-21 18:48:11 - [TEST_STEP][PASSED] - actualRange.add(getAttribute("value").toString()): null

2019-11-21 18:48:12 - [TEST_STEP][PASSED] - actualRange.add(getAttribute("value").toString()): null

2019-11-21 18:48:12 - [TEST_STEP][PASSED] - if (toString().equalsIgnoreCase("XS") || toString().equalsIgnoreCase("XXS")): null

2019-11-21 18:48:12 - [TEST_STEP][PASSED] - else if (toString().equalsIgnoreCase("00") || toString().equalsIgnoreCase("0")): null

2019-11-21 18:48:12 - [TEST_STEP][PASSED] - expectedRange = UtilityMethods.getExpectedRange(sizeRange2, sizeRangeSplit): null

2019-11-21 18:48:12 - [TEST_STEP][PASSED] - println("00"): null

2019-11-21 18:48:12 - [TEST_STEP][PASSED] - println(expectedRange.toString()): null

2019-11-21 18:48:12 - [TEST_STEP][PASSED] - sa.assertTrue(UtilityMethods.listEquals(expectedRange, actualRange)): null

2019-11-21 18:48:12 - [TEST_STEP][PASSED] - delay(2): Delayed 2 second(s)

2019-11-21 18:48:14 - [MESSAGE][PASSED] - Delayed 2 second(s)

2019-11-21 18:48:14 - [TEST_STEP][PASSED] - verifyElementText(findTestObject("Page_cabi Order Items/product_title"), findTestData("productData").getValue("Description", row), CONTINUE_ON_FAILURE): Actual text and expected text of test object 'Object Repository/Page_cabi Order Items/product_title' are matched.

2019-11-21 18:48:14 - [MESSAGE][PASSED] - Actual text and expected text of test object 'Object Repository/Page_cabi Order Items/product_title' are matched.

2019-11-21 18:48:14 - [TEST_STEP][PASSED] - finalContent = findTestData("productData").getValue("FinalContent", row): null

2019-11-21 18:48:14 - [TEST_STEP][PASSED] - if (finalContent.equalsIgnoreCase("")): null

2019-11-21 18:48:14 - [TEST_STEP][PASSED] - else: Actual text and expected text of test object 'Object Repository/Page_cabi Order Items/product_fabric' are matched.

2019-11-21 18:48:14 - [TEST_STEP][PASSED] - verifyElementText(findTestObject("Page_cabi Order Items/product_fabric"), finalContent, CONTINUE_ON_FAILURE): Actual text and expected text of test object 'Object Repository/Page_cabi Order Items/product_fabric' are matched.

2019-11-21 18:48:14 - [MESSAGE][PASSED] - Actual text and expected text of test object 'Object Repository/Page_cabi Order Items/product_fabric' are matched.

2019-11-21 18:48:14 - [TEST_STEP][PASSED] - expectedCasreIntrn = findTestData("productData").getValue("CareInstr", row): null

2019-11-21 18:48:14 - [TEST_STEP][PASSED] - if (expectedCasreIntrn.equalsIgnoreCase("")): null

2019-11-21 18:48:14 - [TEST_STEP][PASSED] - else: null

2019-11-21 18:48:14 - [TEST_STEP][PASSED] - actualCasreIntrn = "<div>" + getText(findTestObject("Page_cabi Order Items/care_instruction")) + "</div>": Text of object 'Object Repository/Page_cabi Order Items/care_instruction' is: 'Machine wash separately, inside out, in cold water on the delicate cycle. Do not bleach. Tumble dry low, remove promptly. Warm iron if needed.'

2019-11-21 18:48:14 - [MESSAGE][PASSED] - Text of object 'Object Repository/Page_cabi Order Items/care_instruction' is: 'Machine wash separately, inside out, in cold water on the delicate cycle. Do not bleach. Tumble dry low, remove promptly. Warm iron if needed.'

2019-11-21 18:48:14 - [TEST_STEP][PASSED] - sa.assertTrue(actualCasreIntrn.equals(expectedCasreIntrn)): null

2019-11-21 18:48:14 - [TEST_STEP][PASSED] - delay(5): Delayed 5 second(s)

2019-11-21 18:48:19 - [MESSAGE][PASSED] - Delayed 5 second(s)

2019-11-21 18:48:19 - [TEST_STEP][PASSED] - sa = new org.testng.asserts.SoftAssert(): null

2019-11-21 18:48:19 - [TEST_STEP][PASSED] - styleid_data = findTestData("productData").getValue("Style", row): null

2019-11-21 18:48:19 - [TEST_STEP][PASSED] - println(styleid_data): null

2019-11-21 18:48:19 - [TEST_STEP][PASSED] - by = By.xpath("//input[@name='style']"): null

2019-11-21 18:48:19 - [TEST_STEP][PASSED] - styleWe = UtilityMethods.getElementByLocator(by, driver): null

2019-11-21 18:48:19 - [TEST_STEP][PASSED] - to = UtilityMethods.fromElement(styleWe): null

2019-11-21 18:48:19 - [TEST_STEP][PASSED] - println("******************+++++++++++++++++++**********************************************"): null

2019-11-21 18:48:19 - [TEST_STEP][PASSED] - setText(to, styleid_data): Text '5700' is set on object ''

2019-11-21 18:48:20 - [MESSAGE][PASSED] - Text '5700' is set on object ''

2019-11-21 18:48:20 - [TEST_STEP][PASSED] - sendKeys(to, Keys.chord(ENTER)): Keys 'ENTER + ' sent to object: ''

2019-11-21 18:48:20 - [MESSAGE][PASSED] - Keys 'ENTER + ' sent to object: ''

2019-11-21 18:48:20 - [TEST_STEP][PASSED] - delay(2): Delayed 2 second(s)

2019-11-21 18:48:22 - [MESSAGE][PASSED] - Delayed 2 second(s)

2019-11-21 18:48:22 - [TEST_STEP][PASSED] - if (toString().equalsIgnoreCase("no")): null

2019-11-21 18:48:22 - [TEST_STEP][PASSED] - else: null

2019-11-21 18:48:22 - [TEST_STEP][PASSED] - click(findTestObject("Page_cabi Order Items/li_order_item")): Object: 'Object Repository/Page_cabi Order Items/li_order_item' is clicked on

2019-11-21 18:48:28 - [MESSAGE][PASSED] - Object: 'Object Repository/Page_cabi Order Items/li_order_item' is clicked on

2019-11-21 18:48:28 - [TEST_STEP][PASSED] - delay(5): Delayed 5 second(s)

2019-11-21 18:48:33 - [MESSAGE][PASSED] - Delayed 5 second(s)

2019-11-21 18:48:33 - [TEST_STEP][PASSED] - imagePath = UtilityMethods.createScreenshotImagePath(storeType, styleid_data): null

2019-11-21 18:48:33 - [TEST_STEP][PASSED] - println(imagePath): null

2019-11-21 18:48:33 - [TEST_STEP][PASSED] - takeScreenshot(imagePath): Taking screenshot successfully

2019-11-21 18:48:34 - [MESSAGE][PASSED] - Taking screenshot successfully
[[ATTACHMENT|C:\\Users\\user\\Documents\\testautomation\\KatalonProjects\\productImages\\BOPersonal_5700 image.png]]

2019-11-21 18:48:34 - [TEST_STEP][PASSED] - verifyElementText(findTestObject("Page_cabi Order Items/GetAttribute_getID"), styleid_data, CONTINUE_ON_FAILURE): Actual text and expected text of test object 'Object Repository/Page_cabi Order Items/GetAttribute_getID' are matched.

2019-11-21 18:48:34 - [MESSAGE][PASSED] - Actual text and expected text of test object 'Object Repository/Page_cabi Order Items/GetAttribute_getID' are matched.

2019-11-21 18:48:34 - [TEST_STEP][PASSED] - colorOptions = findWebElements(findTestObject("Page_cabi Order Items/GetAttribute_Color"), 5): null

2019-11-21 18:48:34 - [TEST_STEP][PASSED] - println(colorOptions.size()): null

2019-11-21 18:48:34 - [TEST_STEP][PASSED] - expectedColour = findTestData("productData").getValue("Color", row): null

2019-11-21 18:48:34 - [TEST_STEP][PASSED] - println("expected colour is"): null

2019-11-21 18:48:34 - [TEST_STEP][PASSED] - println(expectedColour): null

2019-11-21 18:48:34 - [TEST_STEP][PASSED] - colourVerified = false: null

2019-11-21 18:48:34 - [TEST_STEP][PASSED] - for (org.openqa.selenium.WebElement op : colorOptions): null

2019-11-21 18:48:34 - [TEST_STEP][PASSED] - println(op.getText()): null

2019-11-21 18:48:34 - [TEST_STEP][PASSED] - if (expectedColour.equalsIgnoreCase(op.getText())): null

2019-11-21 18:48:34 - [TEST_STEP][PASSED] - colourVerified = true: null

2019-11-21 18:48:34 - [TEST_STEP][PASSED] - break: null

2019-11-21 18:48:34 - [TEST_STEP][PASSED] - sa.assertTrue(colourVerified): null

2019-11-21 18:48:34 - [TEST_STEP][PASSED] - getPrice = getText(findTestObject("Page_cabi Order Items/GetAttribute_Price")): Text of object 'Object Repository/Page_cabi Order Items/GetAttribute_Price' is: 'Price : £99.00'

2019-11-21 18:48:34 - [MESSAGE][PASSED] - Text of object 'Object Repository/Page_cabi Order Items/GetAttribute_Price' is: 'Price : £99.00'

2019-11-21 18:48:34 - [TEST_STEP][PASSED] - Split_Data = UtilityMethods.SplitData(getPrice): null

2019-11-21 18:48:34 - [TEST_STEP][PASSED] - verifyMatch(Split_Data, findTestData("productData").getValue("Retail", row), true, CONTINUE_ON_FAILURE): Actual text '99' and expected text '99' are matched  using regular expression

2019-11-21 18:48:34 - [MESSAGE][PASSED] - Actual text '99' and expected text '99' are matched  using regular expression

2019-11-21 18:48:34 - [TEST_STEP][PASSED] - sizeRange1 = ["XXS", "XS", "S", "M", "L", "XL", "XXL"]: null

2019-11-21 18:48:34 - [TEST_STEP][PASSED] - sizeRange2 = ["00", "0", "2", "4", "6", "8", "10", "12", "14", "16"]: null

2019-11-21 18:48:34 - [TEST_STEP][PASSED] - sizeRange3 = ["Long", "Regular", "Short"]: null

2019-11-21 18:48:34 - [TEST_STEP][PASSED] - sizeRange4 = ["5", "6", "6.5", "7", "7.5", "8", "8.5", "9", "9.5", "10", "11"]: null

2019-11-21 18:48:34 - [TEST_STEP][PASSED] - sizeRange5 = ["XS/S", "M/L"]: null

2019-11-21 18:48:34 - [TEST_STEP][PASSED] - sizeRange6 = ["One Size"]: null

2019-11-21 18:48:34 - [TEST_STEP][PASSED] - sizeRangeSplit = UtilityMethods.SplitSizes(findTestData("productData").getValue("SzRange", row)): null

2019-11-21 18:48:34 - [TEST_STEP][PASSED] - sizeType = getText(findTestObject("Object Repository/Page_cabi Order Items/Size")): Text of object 'Object Repository/Page_cabi Order Items/Size' is: 'Select'

2019-11-21 18:48:34 - [MESSAGE][PASSED] - Text of object 'Object Repository/Page_cabi Order Items/Size' is: 'Select'

2019-11-21 18:48:34 - [TEST_STEP][PASSED] - sizeOptions = findWebElements(findTestObject("Object Repository/Page_cabi Order Items/Size"), 5): null

2019-11-21 18:48:34 - [TEST_STEP][PASSED] - actualRange = new java.util.ArrayList(): null

2019-11-21 18:48:34 - [TEST_STEP][PASSED] - expectedRange = <not implemented yet for class: org.codehaus.groovy.ast.expr.EmptyExpression>: null

2019-11-21 18:48:34 - [TEST_STEP][PASSED] - if (sizeType.equalsIgnoreCase("Select")): null

2019-11-21 18:48:34 - [TEST_STEP][PASSED] - for ([i = 1, i < sizeOptions.size(), (i++)]): null

2019-11-21 18:48:34 - [TEST_STEP][PASSED] - actualRange.add(getAttribute("value").toString()): null

2019-11-21 18:48:34 - [TEST_STEP][PASSED] - actualRange.add(getAttribute("value").toString()): null

2019-11-21 18:48:34 - [TEST_STEP][PASSED] - actualRange.add(getAttribute("value").toString()): null

2019-11-21 18:48:34 - [TEST_STEP][PASSED] - actualRange.add(getAttribute("value").toString()): null

2019-11-21 18:48:34 - [TEST_STEP][PASSED] - actualRange.add(getAttribute("value").toString()): null

2019-11-21 18:48:34 - [TEST_STEP][PASSED] - if (toString().equalsIgnoreCase("XS") || toString().equalsIgnoreCase("XXS")): null

2019-11-21 18:48:34 - [TEST_STEP][PASSED] - expectedRange = UtilityMethods.getExpectedRange(sizeRange1, sizeRangeSplit): null

2019-11-21 18:48:34 - [TEST_STEP][PASSED] - println("XS"): null

2019-11-21 18:48:34 - [TEST_STEP][PASSED] - println(expectedRange.toString()): null

2019-11-21 18:48:34 - [TEST_STEP][PASSED] - sa.assertTrue(UtilityMethods.listEquals(expectedRange, actualRange)): null

2019-11-21 18:48:34 - [TEST_STEP][PASSED] - delay(2): Delayed 2 second(s)

2019-11-21 18:48:37 - [MESSAGE][PASSED] - Delayed 2 second(s)

2019-11-21 18:48:37 - [TEST_STEP][PASSED] - verifyElementText(findTestObject("Page_cabi Order Items/product_title"), findTestData("productData").getValue("Description", row), CONTINUE_ON_FAILURE): Actual text and expected text of test object 'Object Repository/Page_cabi Order Items/product_title' are matched.

2019-11-21 18:48:37 - [MESSAGE][PASSED] - Actual text and expected text of test object 'Object Repository/Page_cabi Order Items/product_title' are matched.

2019-11-21 18:48:37 - [TEST_STEP][PASSED] - finalContent = findTestData("productData").getValue("FinalContent", row): null

2019-11-21 18:48:37 - [TEST_STEP][PASSED] - if (finalContent.equalsIgnoreCase("")): null

2019-11-21 18:48:37 - [TEST_STEP][PASSED] - else: Actual text and expected text of test object 'Object Repository/Page_cabi Order Items/product_fabric' are matched.

2019-11-21 18:48:37 - [TEST_STEP][PASSED] - verifyElementText(findTestObject("Page_cabi Order Items/product_fabric"), finalContent, CONTINUE_ON_FAILURE): Actual text and expected text of test object 'Object Repository/Page_cabi Order Items/product_fabric' are matched.

2019-11-21 18:48:37 - [MESSAGE][PASSED] - Actual text and expected text of test object 'Object Repository/Page_cabi Order Items/product_fabric' are matched.

2019-11-21 18:48:37 - [TEST_STEP][PASSED] - expectedCasreIntrn = findTestData("productData").getValue("CareInstr", row): null

2019-11-21 18:48:37 - [TEST_STEP][PASSED] - if (expectedCasreIntrn.equalsIgnoreCase("")): null

2019-11-21 18:48:37 - [TEST_STEP][PASSED] - else: null

2019-11-21 18:48:37 - [TEST_STEP][PASSED] - actualCasreIntrn = "<div>" + getText(findTestObject("Page_cabi Order Items/care_instruction")) + "</div>": Text of object 'Object Repository/Page_cabi Order Items/care_instruction' is: 'Turn garment inside out and place in a mesh bag. Machine wash separately in cold water on the delicate cycle. Only non-chloroine bleach if needed. Do not twist or wring. Lay flat to dry. Warm iron if needed. Can be dry cleaned.'

2019-11-21 18:48:37 - [MESSAGE][PASSED] - Text of object 'Object Repository/Page_cabi Order Items/care_instruction' is: 'Turn garment inside out and place in a mesh bag. Machine wash separately in cold water on the delicate cycle. Only non-chloroine bleach if needed. Do not twist or wring. Lay flat to dry. Warm iron if needed. Can be dry cleaned.'

2019-11-21 18:48:37 - [TEST_STEP][PASSED] - sa.assertTrue(actualCasreIntrn.equals(expectedCasreIntrn)): null

2019-11-21 18:48:37 - [TEST_STEP][PASSED] - delay(5): Delayed 5 second(s)

2019-11-21 18:48:42 - [MESSAGE][PASSED] - Delayed 5 second(s)

2019-11-21 18:48:42 - [TEST_STEP][PASSED] - sa = new org.testng.asserts.SoftAssert(): null

2019-11-21 18:48:42 - [TEST_STEP][PASSED] - styleid_data = findTestData("productData").getValue("Style", row): null

2019-11-21 18:48:42 - [TEST_STEP][PASSED] - println(styleid_data): null

2019-11-21 18:48:42 - [TEST_STEP][PASSED] - by = By.xpath("//input[@name='style']"): null

2019-11-21 18:48:42 - [TEST_STEP][PASSED] - styleWe = UtilityMethods.getElementByLocator(by, driver): null

2019-11-21 18:48:42 - [TEST_STEP][PASSED] - to = UtilityMethods.fromElement(styleWe): null

2019-11-21 18:48:42 - [TEST_STEP][PASSED] - println("******************+++++++++++++++++++**********************************************"): null

2019-11-21 18:48:42 - [TEST_STEP][PASSED] - setText(to, styleid_data): Text '5705' is set on object ''

2019-11-21 18:48:42 - [MESSAGE][PASSED] - Text '5705' is set on object ''

2019-11-21 18:48:42 - [TEST_STEP][PASSED] - sendKeys(to, Keys.chord(ENTER)): Keys 'ENTER + ' sent to object: ''

2019-11-21 18:48:43 - [MESSAGE][PASSED] - Keys 'ENTER + ' sent to object: ''

2019-11-21 18:48:43 - [TEST_STEP][PASSED] - delay(2): Delayed 2 second(s)

2019-11-21 18:48:45 - [MESSAGE][PASSED] - Delayed 2 second(s)

2019-11-21 18:48:45 - [TEST_STEP][PASSED] - if (toString().equalsIgnoreCase("no")): null

2019-11-21 18:48:45 - [TEST_STEP][PASSED] - else: null

2019-11-21 18:48:45 - [TEST_STEP][PASSED] - click(findTestObject("Page_cabi Order Items/li_order_item")): Object: 'Object Repository/Page_cabi Order Items/li_order_item' is clicked on

2019-11-21 18:48:50 - [MESSAGE][PASSED] - Object: 'Object Repository/Page_cabi Order Items/li_order_item' is clicked on

2019-11-21 18:48:50 - [TEST_STEP][PASSED] - delay(5): Delayed 5 second(s)

2019-11-21 18:48:55 - [MESSAGE][PASSED] - Delayed 5 second(s)

2019-11-21 18:48:55 - [TEST_STEP][PASSED] - imagePath = UtilityMethods.createScreenshotImagePath(storeType, styleid_data): null

2019-11-21 18:48:55 - [TEST_STEP][PASSED] - println(imagePath): null

2019-11-21 18:48:55 - [TEST_STEP][PASSED] - takeScreenshot(imagePath): Taking screenshot successfully

2019-11-21 18:48:55 - [MESSAGE][PASSED] - Taking screenshot successfully
[[ATTACHMENT|C:\\Users\\user\\Documents\\testautomation\\KatalonProjects\\productImages\\BOPersonal_5705 image.png]]

2019-11-21 18:48:55 - [TEST_STEP][PASSED] - verifyElementText(findTestObject("Page_cabi Order Items/GetAttribute_getID"), styleid_data, CONTINUE_ON_FAILURE): Actual text and expected text of test object 'Object Repository/Page_cabi Order Items/GetAttribute_getID' are matched.

2019-11-21 18:48:56 - [MESSAGE][PASSED] - Actual text and expected text of test object 'Object Repository/Page_cabi Order Items/GetAttribute_getID' are matched.

2019-11-21 18:48:56 - [TEST_STEP][PASSED] - colorOptions = findWebElements(findTestObject("Page_cabi Order Items/GetAttribute_Color"), 5): null

2019-11-21 18:48:56 - [TEST_STEP][PASSED] - println(colorOptions.size()): null

2019-11-21 18:48:56 - [TEST_STEP][PASSED] - expectedColour = findTestData("productData").getValue("Color", row): null

2019-11-21 18:48:56 - [TEST_STEP][PASSED] - println("expected colour is"): null

2019-11-21 18:48:56 - [TEST_STEP][PASSED] - println(expectedColour): null

2019-11-21 18:48:56 - [TEST_STEP][PASSED] - colourVerified = false: null

2019-11-21 18:48:56 - [TEST_STEP][PASSED] - for (org.openqa.selenium.WebElement op : colorOptions): null

2019-11-21 18:48:56 - [TEST_STEP][PASSED] - println(op.getText()): null

2019-11-21 18:48:56 - [TEST_STEP][PASSED] - if (expectedColour.equalsIgnoreCase(op.getText())): null

2019-11-21 18:48:56 - [TEST_STEP][PASSED] - colourVerified = true: null

2019-11-21 18:48:56 - [TEST_STEP][PASSED] - break: null

2019-11-21 18:48:56 - [TEST_STEP][PASSED] - sa.assertTrue(colourVerified): null

2019-11-21 18:48:56 - [TEST_STEP][PASSED] - getPrice = getText(findTestObject("Page_cabi Order Items/GetAttribute_Price")): Text of object 'Object Repository/Page_cabi Order Items/GetAttribute_Price' is: 'Price : £69.00'

2019-11-21 18:48:56 - [MESSAGE][PASSED] - Text of object 'Object Repository/Page_cabi Order Items/GetAttribute_Price' is: 'Price : £69.00'

2019-11-21 18:48:56 - [TEST_STEP][PASSED] - Split_Data = UtilityMethods.SplitData(getPrice): null

2019-11-21 18:48:56 - [TEST_STEP][PASSED] - verifyMatch(Split_Data, findTestData("productData").getValue("Retail", row), true, CONTINUE_ON_FAILURE): Actual text '69' and expected text '69' are matched  using regular expression

2019-11-21 18:48:56 - [MESSAGE][PASSED] - Actual text '69' and expected text '69' are matched  using regular expression

2019-11-21 18:48:56 - [TEST_STEP][PASSED] - sizeRange1 = ["XXS", "XS", "S", "M", "L", "XL", "XXL"]: null

2019-11-21 18:48:56 - [TEST_STEP][PASSED] - sizeRange2 = ["00", "0", "2", "4", "6", "8", "10", "12", "14", "16"]: null

2019-11-21 18:48:56 - [TEST_STEP][PASSED] - sizeRange3 = ["Long", "Regular", "Short"]: null

2019-11-21 18:48:56 - [TEST_STEP][PASSED] - sizeRange4 = ["5", "6", "6.5", "7", "7.5", "8", "8.5", "9", "9.5", "10", "11"]: null

2019-11-21 18:48:56 - [TEST_STEP][PASSED] - sizeRange5 = ["XS/S", "M/L"]: null

2019-11-21 18:48:56 - [TEST_STEP][PASSED] - sizeRange6 = ["One Size"]: null

2019-11-21 18:48:56 - [TEST_STEP][PASSED] - sizeRangeSplit = UtilityMethods.SplitSizes(findTestData("productData").getValue("SzRange", row)): null

2019-11-21 18:48:56 - [TEST_STEP][PASSED] - sizeType = getText(findTestObject("Object Repository/Page_cabi Order Items/Size")): Text of object 'Object Repository/Page_cabi Order Items/Size' is: 'Select'

2019-11-21 18:48:56 - [MESSAGE][PASSED] - Text of object 'Object Repository/Page_cabi Order Items/Size' is: 'Select'

2019-11-21 18:48:56 - [TEST_STEP][PASSED] - sizeOptions = findWebElements(findTestObject("Object Repository/Page_cabi Order Items/Size"), 5): null

2019-11-21 18:48:56 - [TEST_STEP][PASSED] - actualRange = new java.util.ArrayList(): null

2019-11-21 18:48:56 - [TEST_STEP][PASSED] - expectedRange = <not implemented yet for class: org.codehaus.groovy.ast.expr.EmptyExpression>: null

2019-11-21 18:48:56 - [TEST_STEP][PASSED] - if (sizeType.equalsIgnoreCase("Select")): null

2019-11-21 18:48:56 - [TEST_STEP][PASSED] - for ([i = 1, i < sizeOptions.size(), (i++)]): null

2019-11-21 18:48:56 - [TEST_STEP][PASSED] - actualRange.add(getAttribute("value").toString()): null

2019-11-21 18:48:56 - [TEST_STEP][PASSED] - actualRange.add(getAttribute("value").toString()): null

2019-11-21 18:48:56 - [TEST_STEP][PASSED] - actualRange.add(getAttribute("value").toString()): null

2019-11-21 18:48:56 - [TEST_STEP][PASSED] - actualRange.add(getAttribute("value").toString()): null

2019-11-21 18:48:56 - [TEST_STEP][PASSED] - actualRange.add(getAttribute("value").toString()): null

2019-11-21 18:48:56 - [TEST_STEP][PASSED] - actualRange.add(getAttribute("value").toString()): null

2019-11-21 18:48:56 - [TEST_STEP][PASSED] - if (toString().equalsIgnoreCase("XS") || toString().equalsIgnoreCase("XXS")): null

2019-11-21 18:48:56 - [TEST_STEP][PASSED] - expectedRange = UtilityMethods.getExpectedRange(sizeRange1, sizeRangeSplit): null

2019-11-21 18:48:56 - [TEST_STEP][PASSED] - println("XS"): null

2019-11-21 18:48:56 - [TEST_STEP][PASSED] - println(expectedRange.toString()): null

2019-11-21 18:48:56 - [TEST_STEP][PASSED] - sa.assertTrue(UtilityMethods.listEquals(expectedRange, actualRange)): null

2019-11-21 18:48:56 - [TEST_STEP][PASSED] - delay(2): Delayed 2 second(s)

2019-11-21 18:48:58 - [MESSAGE][PASSED] - Delayed 2 second(s)

2019-11-21 18:48:58 - [TEST_STEP][PASSED] - verifyElementText(findTestObject("Page_cabi Order Items/product_title"), findTestData("productData").getValue("Description", row), CONTINUE_ON_FAILURE): Actual text and expected text of test object 'Object Repository/Page_cabi Order Items/product_title' are matched.

2019-11-21 18:48:59 - [MESSAGE][PASSED] - Actual text and expected text of test object 'Object Repository/Page_cabi Order Items/product_title' are matched.

2019-11-21 18:48:59 - [TEST_STEP][PASSED] - finalContent = findTestData("productData").getValue("FinalContent", row): null

2019-11-21 18:48:59 - [TEST_STEP][PASSED] - if (finalContent.equalsIgnoreCase("")): null

2019-11-21 18:48:59 - [TEST_STEP][PASSED] - else: Actual text and expected text of test object 'Object Repository/Page_cabi Order Items/product_fabric' are matched.

2019-11-21 18:48:59 - [TEST_STEP][PASSED] - verifyElementText(findTestObject("Page_cabi Order Items/product_fabric"), finalContent, CONTINUE_ON_FAILURE): Actual text and expected text of test object 'Object Repository/Page_cabi Order Items/product_fabric' are matched.

2019-11-21 18:48:59 - [MESSAGE][PASSED] - Actual text and expected text of test object 'Object Repository/Page_cabi Order Items/product_fabric' are matched.

2019-11-21 18:48:59 - [TEST_STEP][PASSED] - expectedCasreIntrn = findTestData("productData").getValue("CareInstr", row): null

2019-11-21 18:48:59 - [TEST_STEP][PASSED] - if (expectedCasreIntrn.equalsIgnoreCase("")): null

2019-11-21 18:48:59 - [TEST_STEP][PASSED] - else: null

2019-11-21 18:48:59 - [TEST_STEP][PASSED] - actualCasreIntrn = "<div>" + getText(findTestObject("Page_cabi Order Items/care_instruction")) + "</div>": Text of object 'Object Repository/Page_cabi Order Items/care_instruction' is: 'Machine wash with like colors in cold water on the delicate cycle. Only non-chlorine bleach if needed. Lay flat to dry. Warm iron if needed.'

2019-11-21 18:48:59 - [MESSAGE][PASSED] - Text of object 'Object Repository/Page_cabi Order Items/care_instruction' is: 'Machine wash with like colors in cold water on the delicate cycle. Only non-chlorine bleach if needed. Lay flat to dry. Warm iron if needed.'

2019-11-21 18:48:59 - [TEST_STEP][PASSED] - sa.assertTrue(actualCasreIntrn.equals(expectedCasreIntrn)): null

2019-11-21 18:48:59 - [TEST_STEP][PASSED] - delay(5): Delayed 5 second(s)

2019-11-21 18:49:04 - [MESSAGE][PASSED] - Delayed 5 second(s)

2019-11-21 18:49:04 - [TEST_STEP][PASSED] - sa = new org.testng.asserts.SoftAssert(): null

2019-11-21 18:49:04 - [TEST_STEP][PASSED] - styleid_data = findTestData("productData").getValue("Style", row): null

2019-11-21 18:49:04 - [TEST_STEP][PASSED] - println(styleid_data): null

2019-11-21 18:49:04 - [TEST_STEP][PASSED] - by = By.xpath("//input[@name='style']"): null

2019-11-21 18:49:04 - [TEST_STEP][PASSED] - styleWe = UtilityMethods.getElementByLocator(by, driver): null

2019-11-21 18:49:04 - [TEST_STEP][PASSED] - to = UtilityMethods.fromElement(styleWe): null

2019-11-21 18:49:04 - [TEST_STEP][PASSED] - println("******************+++++++++++++++++++**********************************************"): null

2019-11-21 18:49:04 - [TEST_STEP][PASSED] - setText(to, styleid_data): Text '5706' is set on object ''

2019-11-21 18:49:04 - [MESSAGE][PASSED] - Text '5706' is set on object ''

2019-11-21 18:49:04 - [TEST_STEP][PASSED] - sendKeys(to, Keys.chord(ENTER)): Keys 'ENTER + ' sent to object: ''

2019-11-21 18:49:05 - [MESSAGE][PASSED] - Keys 'ENTER + ' sent to object: ''

2019-11-21 18:49:05 - [TEST_STEP][PASSED] - delay(2): Delayed 2 second(s)

2019-11-21 18:49:07 - [MESSAGE][PASSED] - Delayed 2 second(s)

2019-11-21 18:49:07 - [TEST_STEP][PASSED] - if (toString().equalsIgnoreCase("no")): null

2019-11-21 18:49:07 - [TEST_STEP][PASSED] - else: null

2019-11-21 18:49:07 - [TEST_STEP][PASSED] - click(findTestObject("Page_cabi Order Items/li_order_item")): Object: 'Object Repository/Page_cabi Order Items/li_order_item' is clicked on

2019-11-21 18:49:12 - [MESSAGE][PASSED] - Object: 'Object Repository/Page_cabi Order Items/li_order_item' is clicked on

2019-11-21 18:49:12 - [TEST_STEP][PASSED] - delay(5): Delayed 5 second(s)

2019-11-21 18:49:17 - [MESSAGE][PASSED] - Delayed 5 second(s)

2019-11-21 18:49:17 - [TEST_STEP][PASSED] - imagePath = UtilityMethods.createScreenshotImagePath(storeType, styleid_data): null

2019-11-21 18:49:17 - [TEST_STEP][PASSED] - println(imagePath): null

2019-11-21 18:49:17 - [TEST_STEP][PASSED] - takeScreenshot(imagePath): Taking screenshot successfully

2019-11-21 18:49:18 - [MESSAGE][PASSED] - Taking screenshot successfully
[[ATTACHMENT|C:\\Users\\user\\Documents\\testautomation\\KatalonProjects\\productImages\\BOPersonal_5706 image.png]]

2019-11-21 18:49:18 - [TEST_STEP][PASSED] - verifyElementText(findTestObject("Page_cabi Order Items/GetAttribute_getID"), styleid_data, CONTINUE_ON_FAILURE): Actual text and expected text of test object 'Object Repository/Page_cabi Order Items/GetAttribute_getID' are matched.

2019-11-21 18:49:18 - [MESSAGE][PASSED] - Actual text and expected text of test object 'Object Repository/Page_cabi Order Items/GetAttribute_getID' are matched.

2019-11-21 18:49:18 - [TEST_STEP][PASSED] - colorOptions = findWebElements(findTestObject("Page_cabi Order Items/GetAttribute_Color"), 5): null

2019-11-21 18:49:18 - [TEST_STEP][PASSED] - println(colorOptions.size()): null

2019-11-21 18:49:18 - [TEST_STEP][PASSED] - expectedColour = findTestData("productData").getValue("Color", row): null

2019-11-21 18:49:18 - [TEST_STEP][PASSED] - println("expected colour is"): null

2019-11-21 18:49:18 - [TEST_STEP][PASSED] - println(expectedColour): null

2019-11-21 18:49:18 - [TEST_STEP][PASSED] - colourVerified = false: null

2019-11-21 18:49:18 - [TEST_STEP][PASSED] - for (org.openqa.selenium.WebElement op : colorOptions): null

2019-11-21 18:49:18 - [TEST_STEP][PASSED] - println(op.getText()): null

2019-11-21 18:49:18 - [TEST_STEP][PASSED] - if (expectedColour.equalsIgnoreCase(op.getText())): null

2019-11-21 18:49:18 - [TEST_STEP][PASSED] - colourVerified = true: null

2019-11-21 18:49:18 - [TEST_STEP][PASSED] - break: null

2019-11-21 18:49:18 - [TEST_STEP][PASSED] - sa.assertTrue(colourVerified): null

2019-11-21 18:49:18 - [TEST_STEP][PASSED] - getPrice = getText(findTestObject("Page_cabi Order Items/GetAttribute_Price")): Text of object 'Object Repository/Page_cabi Order Items/GetAttribute_Price' is: 'Price : £69.00'

2019-11-21 18:49:19 - [MESSAGE][PASSED] - Text of object 'Object Repository/Page_cabi Order Items/GetAttribute_Price' is: 'Price : £69.00'

2019-11-21 18:49:19 - [TEST_STEP][PASSED] - Split_Data = UtilityMethods.SplitData(getPrice): null

2019-11-21 18:49:19 - [TEST_STEP][PASSED] - verifyMatch(Split_Data, findTestData("productData").getValue("Retail", row), true, CONTINUE_ON_FAILURE): Actual text '69' and expected text '69' are matched  using regular expression

2019-11-21 18:49:19 - [MESSAGE][PASSED] - Actual text '69' and expected text '69' are matched  using regular expression

2019-11-21 18:49:19 - [TEST_STEP][PASSED] - sizeRange1 = ["XXS", "XS", "S", "M", "L", "XL", "XXL"]: null

2019-11-21 18:49:19 - [TEST_STEP][PASSED] - sizeRange2 = ["00", "0", "2", "4", "6", "8", "10", "12", "14", "16"]: null

2019-11-21 18:49:19 - [TEST_STEP][PASSED] - sizeRange3 = ["Long", "Regular", "Short"]: null

2019-11-21 18:49:19 - [TEST_STEP][PASSED] - sizeRange4 = ["5", "6", "6.5", "7", "7.5", "8", "8.5", "9", "9.5", "10", "11"]: null

2019-11-21 18:49:19 - [TEST_STEP][PASSED] - sizeRange5 = ["XS/S", "M/L"]: null

2019-11-21 18:49:19 - [TEST_STEP][PASSED] - sizeRange6 = ["One Size"]: null

2019-11-21 18:49:19 - [TEST_STEP][PASSED] - sizeRangeSplit = UtilityMethods.SplitSizes(findTestData("productData").getValue("SzRange", row)): null

2019-11-21 18:49:19 - [TEST_STEP][PASSED] - sizeType = getText(findTestObject("Object Repository/Page_cabi Order Items/Size")): Text of object 'Object Repository/Page_cabi Order Items/Size' is: 'Select'

2019-11-21 18:49:19 - [MESSAGE][PASSED] - Text of object 'Object Repository/Page_cabi Order Items/Size' is: 'Select'

2019-11-21 18:49:19 - [TEST_STEP][PASSED] - sizeOptions = findWebElements(findTestObject("Object Repository/Page_cabi Order Items/Size"), 5): null

2019-11-21 18:49:19 - [TEST_STEP][PASSED] - actualRange = new java.util.ArrayList(): null

2019-11-21 18:49:19 - [TEST_STEP][PASSED] - expectedRange = <not implemented yet for class: org.codehaus.groovy.ast.expr.EmptyExpression>: null

2019-11-21 18:49:19 - [TEST_STEP][PASSED] - if (sizeType.equalsIgnoreCase("Select")): null

2019-11-21 18:49:19 - [TEST_STEP][PASSED] - for ([i = 1, i < sizeOptions.size(), (i++)]): null

2019-11-21 18:49:19 - [TEST_STEP][PASSED] - actualRange.add(getAttribute("value").toString()): null

2019-11-21 18:49:19 - [TEST_STEP][PASSED] - actualRange.add(getAttribute("value").toString()): null

2019-11-21 18:49:19 - [TEST_STEP][PASSED] - actualRange.add(getAttribute("value").toString()): null

2019-11-21 18:49:19 - [TEST_STEP][PASSED] - actualRange.add(getAttribute("value").toString()): null

2019-11-21 18:49:19 - [TEST_STEP][PASSED] - actualRange.add(getAttribute("value").toString()): null

2019-11-21 18:49:19 - [TEST_STEP][PASSED] - if (toString().equalsIgnoreCase("XS") || toString().equalsIgnoreCase("XXS")): null

2019-11-21 18:49:19 - [TEST_STEP][PASSED] - expectedRange = UtilityMethods.getExpectedRange(sizeRange1, sizeRangeSplit): null

2019-11-21 18:49:19 - [TEST_STEP][PASSED] - println("XS"): null

2019-11-21 18:49:19 - [TEST_STEP][PASSED] - println(expectedRange.toString()): null

2019-11-21 18:49:19 - [TEST_STEP][PASSED] - sa.assertTrue(UtilityMethods.listEquals(expectedRange, actualRange)): null

2019-11-21 18:49:19 - [TEST_STEP][PASSED] - delay(2): Delayed 2 second(s)

2019-11-21 18:49:21 - [MESSAGE][PASSED] - Delayed 2 second(s)

2019-11-21 18:49:21 - [TEST_STEP][PASSED] - verifyElementText(findTestObject("Page_cabi Order Items/product_title"), findTestData("productData").getValue("Description", row), CONTINUE_ON_FAILURE): Actual text and expected text of test object 'Object Repository/Page_cabi Order Items/product_title' are matched.

2019-11-21 18:49:21 - [MESSAGE][PASSED] - Actual text and expected text of test object 'Object Repository/Page_cabi Order Items/product_title' are matched.

2019-11-21 18:49:21 - [TEST_STEP][PASSED] - finalContent = findTestData("productData").getValue("FinalContent", row): null

2019-11-21 18:49:21 - [TEST_STEP][PASSED] - if (finalContent.equalsIgnoreCase("")): null

2019-11-21 18:49:21 - [TEST_STEP][PASSED] - else: Actual text and expected text of test object 'Object Repository/Page_cabi Order Items/product_fabric' are matched.

2019-11-21 18:49:21 - [TEST_STEP][PASSED] - verifyElementText(findTestObject("Page_cabi Order Items/product_fabric"), finalContent, CONTINUE_ON_FAILURE): Actual text and expected text of test object 'Object Repository/Page_cabi Order Items/product_fabric' are matched.

2019-11-21 18:49:21 - [MESSAGE][PASSED] - Actual text and expected text of test object 'Object Repository/Page_cabi Order Items/product_fabric' are matched.

2019-11-21 18:49:21 - [TEST_STEP][PASSED] - expectedCasreIntrn = findTestData("productData").getValue("CareInstr", row): null

2019-11-21 18:49:21 - [TEST_STEP][PASSED] - if (expectedCasreIntrn.equalsIgnoreCase("")): null

2019-11-21 18:49:21 - [TEST_STEP][PASSED] - else: null

2019-11-21 18:49:21 - [TEST_STEP][PASSED] - actualCasreIntrn = "<div>" + getText(findTestObject("Page_cabi Order Items/care_instruction")) + "</div>": Text of object 'Object Repository/Page_cabi Order Items/care_instruction' is: 'Machine wash with like colors in cold water on the delicate cycle. Only non-chlorine bleach if needed. Lay flat to dry. Warm iron if needed.'

2019-11-21 18:49:21 - [MESSAGE][PASSED] - Text of object 'Object Repository/Page_cabi Order Items/care_instruction' is: 'Machine wash with like colors in cold water on the delicate cycle. Only non-chlorine bleach if needed. Lay flat to dry. Warm iron if needed.'

2019-11-21 18:49:21 - [TEST_STEP][PASSED] - sa.assertTrue(actualCasreIntrn.equals(expectedCasreIntrn)): null

2019-11-21 18:49:21 - [TEST_STEP][PASSED] - delay(5): Delayed 5 second(s)

2019-11-21 18:49:26 - [MESSAGE][PASSED] - Delayed 5 second(s)

2019-11-21 18:49:26 - [TEST_STEP][PASSED] - sa = new org.testng.asserts.SoftAssert(): null

2019-11-21 18:49:26 - [TEST_STEP][PASSED] - styleid_data = findTestData("productData").getValue("Style", row): null

2019-11-21 18:49:27 - [TEST_STEP][PASSED] - println(styleid_data): null

2019-11-21 18:49:27 - [TEST_STEP][PASSED] - by = By.xpath("//input[@name='style']"): null

2019-11-21 18:49:27 - [TEST_STEP][PASSED] - styleWe = UtilityMethods.getElementByLocator(by, driver): null

2019-11-21 18:49:27 - [TEST_STEP][PASSED] - to = UtilityMethods.fromElement(styleWe): null

2019-11-21 18:49:27 - [TEST_STEP][PASSED] - println("******************+++++++++++++++++++**********************************************"): null

2019-11-21 18:49:27 - [TEST_STEP][PASSED] - setText(to, styleid_data): Text '5707' is set on object ''

2019-11-21 18:49:27 - [MESSAGE][PASSED] - Text '5707' is set on object ''

2019-11-21 18:49:27 - [TEST_STEP][PASSED] - sendKeys(to, Keys.chord(ENTER)): Keys 'ENTER + ' sent to object: ''

2019-11-21 18:49:27 - [MESSAGE][PASSED] - Keys 'ENTER + ' sent to object: ''

2019-11-21 18:49:27 - [TEST_STEP][PASSED] - delay(2): Delayed 2 second(s)

2019-11-21 18:49:29 - [MESSAGE][PASSED] - Delayed 2 second(s)

2019-11-21 18:49:29 - [TEST_STEP][PASSED] - if (toString().equalsIgnoreCase("no")): null

2019-11-21 18:49:29 - [TEST_STEP][PASSED] - else: null

2019-11-21 18:49:29 - [TEST_STEP][PASSED] - click(findTestObject("Page_cabi Order Items/li_order_item")): Object: 'Object Repository/Page_cabi Order Items/li_order_item' is clicked on

2019-11-21 18:49:35 - [MESSAGE][PASSED] - Object: 'Object Repository/Page_cabi Order Items/li_order_item' is clicked on

2019-11-21 18:49:35 - [TEST_STEP][PASSED] - delay(5): Delayed 5 second(s)

2019-11-21 18:49:40 - [MESSAGE][PASSED] - Delayed 5 second(s)

2019-11-21 18:49:40 - [TEST_STEP][PASSED] - imagePath = UtilityMethods.createScreenshotImagePath(storeType, styleid_data): null

2019-11-21 18:49:40 - [TEST_STEP][PASSED] - println(imagePath): null

2019-11-21 18:49:40 - [TEST_STEP][PASSED] - takeScreenshot(imagePath): Taking screenshot successfully

2019-11-21 18:49:41 - [MESSAGE][PASSED] - Taking screenshot successfully
[[ATTACHMENT|C:\\Users\\user\\Documents\\testautomation\\KatalonProjects\\productImages\\BOPersonal_5707 image.png]]

2019-11-21 18:49:41 - [TEST_STEP][PASSED] - verifyElementText(findTestObject("Page_cabi Order Items/GetAttribute_getID"), styleid_data, CONTINUE_ON_FAILURE): Actual text and expected text of test object 'Object Repository/Page_cabi Order Items/GetAttribute_getID' are matched.

2019-11-21 18:49:41 - [MESSAGE][PASSED] - Actual text and expected text of test object 'Object Repository/Page_cabi Order Items/GetAttribute_getID' are matched.

2019-11-21 18:49:41 - [TEST_STEP][PASSED] - colorOptions = findWebElements(findTestObject("Page_cabi Order Items/GetAttribute_Color"), 5): null

2019-11-21 18:49:41 - [TEST_STEP][PASSED] - println(colorOptions.size()): null

2019-11-21 18:49:41 - [TEST_STEP][PASSED] - expectedColour = findTestData("productData").getValue("Color", row): null

2019-11-21 18:49:41 - [TEST_STEP][PASSED] - println("expected colour is"): null

2019-11-21 18:49:41 - [TEST_STEP][PASSED] - println(expectedColour): null

2019-11-21 18:49:41 - [TEST_STEP][PASSED] - colourVerified = false: null

2019-11-21 18:49:41 - [TEST_STEP][PASSED] - for (org.openqa.selenium.WebElement op : colorOptions): null

2019-11-21 18:49:41 - [TEST_STEP][PASSED] - println(op.getText()): null

2019-11-21 18:49:41 - [TEST_STEP][PASSED] - if (expectedColour.equalsIgnoreCase(op.getText())): null

2019-11-21 18:49:41 - [TEST_STEP][PASSED] - colourVerified = true: null

2019-11-21 18:49:41 - [TEST_STEP][PASSED] - break: null

2019-11-21 18:49:41 - [TEST_STEP][PASSED] - sa.assertTrue(colourVerified): null

2019-11-21 18:49:41 - [TEST_STEP][PASSED] - getPrice = getText(findTestObject("Page_cabi Order Items/GetAttribute_Price")): Text of object 'Object Repository/Page_cabi Order Items/GetAttribute_Price' is: 'Price : £69.00'

2019-11-21 18:49:41 - [MESSAGE][PASSED] - Text of object 'Object Repository/Page_cabi Order Items/GetAttribute_Price' is: 'Price : £69.00'

2019-11-21 18:49:41 - [TEST_STEP][PASSED] - Split_Data = UtilityMethods.SplitData(getPrice): null

2019-11-21 18:49:41 - [TEST_STEP][PASSED] - verifyMatch(Split_Data, findTestData("productData").getValue("Retail", row), true, CONTINUE_ON_FAILURE): Actual text '69' and expected text '69' are matched  using regular expression

2019-11-21 18:49:41 - [MESSAGE][PASSED] - Actual text '69' and expected text '69' are matched  using regular expression

2019-11-21 18:49:41 - [TEST_STEP][PASSED] - sizeRange1 = ["XXS", "XS", "S", "M", "L", "XL", "XXL"]: null

2019-11-21 18:49:41 - [TEST_STEP][PASSED] - sizeRange2 = ["00", "0", "2", "4", "6", "8", "10", "12", "14", "16"]: null

2019-11-21 18:49:41 - [TEST_STEP][PASSED] - sizeRange3 = ["Long", "Regular", "Short"]: null

2019-11-21 18:49:41 - [TEST_STEP][PASSED] - sizeRange4 = ["5", "6", "6.5", "7", "7.5", "8", "8.5", "9", "9.5", "10", "11"]: null

2019-11-21 18:49:41 - [TEST_STEP][PASSED] - sizeRange5 = ["XS/S", "M/L"]: null

2019-11-21 18:49:41 - [TEST_STEP][PASSED] - sizeRange6 = ["One Size"]: null

2019-11-21 18:49:41 - [TEST_STEP][PASSED] - sizeRangeSplit = UtilityMethods.SplitSizes(findTestData("productData").getValue("SzRange", row)): null

2019-11-21 18:49:42 - [TEST_STEP][PASSED] - sizeType = getText(findTestObject("Object Repository/Page_cabi Order Items/Size")): Text of object 'Object Repository/Page_cabi Order Items/Size' is: 'Select'

2019-11-21 18:49:42 - [MESSAGE][PASSED] - Text of object 'Object Repository/Page_cabi Order Items/Size' is: 'Select'

2019-11-21 18:49:42 - [TEST_STEP][PASSED] - sizeOptions = findWebElements(findTestObject("Object Repository/Page_cabi Order Items/Size"), 5): null

2019-11-21 18:49:42 - [TEST_STEP][PASSED] - actualRange = new java.util.ArrayList(): null

2019-11-21 18:49:42 - [TEST_STEP][PASSED] - expectedRange = <not implemented yet for class: org.codehaus.groovy.ast.expr.EmptyExpression>: null

2019-11-21 18:49:42 - [TEST_STEP][PASSED] - if (sizeType.equalsIgnoreCase("Select")): null

2019-11-21 18:49:42 - [TEST_STEP][PASSED] - for ([i = 1, i < sizeOptions.size(), (i++)]): null

2019-11-21 18:49:42 - [TEST_STEP][PASSED] - actualRange.add(getAttribute("value").toString()): null

2019-11-21 18:49:42 - [TEST_STEP][PASSED] - actualRange.add(getAttribute("value").toString()): null

2019-11-21 18:49:42 - [TEST_STEP][PASSED] - actualRange.add(getAttribute("value").toString()): null

2019-11-21 18:49:42 - [TEST_STEP][PASSED] - actualRange.add(getAttribute("value").toString()): null

2019-11-21 18:49:42 - [TEST_STEP][PASSED] - actualRange.add(getAttribute("value").toString()): null

2019-11-21 18:49:42 - [TEST_STEP][PASSED] - if (toString().equalsIgnoreCase("XS") || toString().equalsIgnoreCase("XXS")): null

2019-11-21 18:49:42 - [TEST_STEP][PASSED] - expectedRange = UtilityMethods.getExpectedRange(sizeRange1, sizeRangeSplit): null

2019-11-21 18:49:42 - [TEST_STEP][PASSED] - println("XS"): null

2019-11-21 18:49:42 - [TEST_STEP][PASSED] - println(expectedRange.toString()): null

2019-11-21 18:49:42 - [TEST_STEP][PASSED] - sa.assertTrue(UtilityMethods.listEquals(expectedRange, actualRange)): null

2019-11-21 18:49:42 - [TEST_STEP][PASSED] - delay(2): Delayed 2 second(s)

2019-11-21 18:49:44 - [MESSAGE][PASSED] - Delayed 2 second(s)

2019-11-21 18:49:44 - [TEST_STEP][PASSED] - verifyElementText(findTestObject("Page_cabi Order Items/product_title"), findTestData("productData").getValue("Description", row), CONTINUE_ON_FAILURE): Actual text and expected text of test object 'Object Repository/Page_cabi Order Items/product_title' are matched.

2019-11-21 18:49:44 - [MESSAGE][PASSED] - Actual text and expected text of test object 'Object Repository/Page_cabi Order Items/product_title' are matched.

2019-11-21 18:49:44 - [TEST_STEP][PASSED] - finalContent = findTestData("productData").getValue("FinalContent", row): null

2019-11-21 18:49:44 - [TEST_STEP][PASSED] - if (finalContent.equalsIgnoreCase("")): null

2019-11-21 18:49:44 - [TEST_STEP][PASSED] - else: Actual text and expected text of test object 'Object Repository/Page_cabi Order Items/product_fabric' are matched.

2019-11-21 18:49:44 - [TEST_STEP][PASSED] - verifyElementText(findTestObject("Page_cabi Order Items/product_fabric"), finalContent, CONTINUE_ON_FAILURE): Actual text and expected text of test object 'Object Repository/Page_cabi Order Items/product_fabric' are matched.

2019-11-21 18:49:44 - [MESSAGE][PASSED] - Actual text and expected text of test object 'Object Repository/Page_cabi Order Items/product_fabric' are matched.

2019-11-21 18:49:44 - [TEST_STEP][PASSED] - expectedCasreIntrn = findTestData("productData").getValue("CareInstr", row): null

2019-11-21 18:49:44 - [TEST_STEP][PASSED] - if (expectedCasreIntrn.equalsIgnoreCase("")): null

2019-11-21 18:49:44 - [TEST_STEP][PASSED] - else: null

2019-11-21 18:49:44 - [TEST_STEP][PASSED] - actualCasreIntrn = "<div>" + getText(findTestObject("Page_cabi Order Items/care_instruction")) + "</div>": Text of object 'Object Repository/Page_cabi Order Items/care_instruction' is: 'Machine wash with like colors in cold water on the delicate cycle. Only non-chlorine bleach if needed. Lay flat to dry. Warm iron if needed.'

2019-11-21 18:49:44 - [MESSAGE][PASSED] - Text of object 'Object Repository/Page_cabi Order Items/care_instruction' is: 'Machine wash with like colors in cold water on the delicate cycle. Only non-chlorine bleach if needed. Lay flat to dry. Warm iron if needed.'

2019-11-21 18:49:44 - [TEST_STEP][PASSED] - sa.assertTrue(actualCasreIntrn.equals(expectedCasreIntrn)): null

2019-11-21 18:49:44 - [TEST_STEP][PASSED] - delay(5): Delayed 5 second(s)

2019-11-21 18:49:49 - [MESSAGE][PASSED] - Delayed 5 second(s)

2019-11-21 18:49:49 - [TEST_STEP][PASSED] - sa = new org.testng.asserts.SoftAssert(): null

2019-11-21 18:49:49 - [TEST_STEP][PASSED] - styleid_data = findTestData("productData").getValue("Style", row): null

2019-11-21 18:49:50 - [TEST_STEP][PASSED] - println(styleid_data): null

2019-11-21 18:49:50 - [TEST_STEP][PASSED] - by = By.xpath("//input[@name='style']"): null

2019-11-21 18:49:50 - [TEST_STEP][PASSED] - styleWe = UtilityMethods.getElementByLocator(by, driver): null

2019-11-21 18:49:50 - [TEST_STEP][PASSED] - to = UtilityMethods.fromElement(styleWe): null

2019-11-21 18:49:50 - [TEST_STEP][PASSED] - println("******************+++++++++++++++++++**********************************************"): null

2019-11-21 18:49:50 - [TEST_STEP][PASSED] - setText(to, styleid_data): Text '5708' is set on object ''

2019-11-21 18:49:50 - [MESSAGE][PASSED] - Text '5708' is set on object ''

2019-11-21 18:49:50 - [TEST_STEP][PASSED] - sendKeys(to, Keys.chord(ENTER)): Keys 'ENTER + ' sent to object: ''

2019-11-21 18:49:50 - [MESSAGE][PASSED] - Keys 'ENTER + ' sent to object: ''

2019-11-21 18:49:50 - [TEST_STEP][PASSED] - delay(2): Delayed 2 second(s)

2019-11-21 18:49:52 - [MESSAGE][PASSED] - Delayed 2 second(s)

2019-11-21 18:49:52 - [TEST_STEP][PASSED] - if (toString().equalsIgnoreCase("no")): null

2019-11-21 18:49:52 - [TEST_STEP][PASSED] - else: null

2019-11-21 18:49:52 - [TEST_STEP][PASSED] - click(findTestObject("Page_cabi Order Items/li_order_item")): Object: 'Object Repository/Page_cabi Order Items/li_order_item' is clicked on

2019-11-21 18:50:00 - [MESSAGE][PASSED] - Object: 'Object Repository/Page_cabi Order Items/li_order_item' is clicked on

2019-11-21 18:50:00 - [TEST_STEP][PASSED] - delay(5): Delayed 5 second(s)

2019-11-21 18:50:05 - [MESSAGE][PASSED] - Delayed 5 second(s)

2019-11-21 18:50:05 - [TEST_STEP][PASSED] - imagePath = UtilityMethods.createScreenshotImagePath(storeType, styleid_data): null

2019-11-21 18:50:05 - [TEST_STEP][PASSED] - println(imagePath): null

2019-11-21 18:50:05 - [TEST_STEP][PASSED] - takeScreenshot(imagePath): Taking screenshot successfully

2019-11-21 18:50:06 - [MESSAGE][PASSED] - Taking screenshot successfully
[[ATTACHMENT|C:\\Users\\user\\Documents\\testautomation\\KatalonProjects\\productImages\\BOPersonal_5708 image.png]]

2019-11-21 18:50:06 - [TEST_STEP][PASSED] - verifyElementText(findTestObject("Page_cabi Order Items/GetAttribute_getID"), styleid_data, CONTINUE_ON_FAILURE): Actual text and expected text of test object 'Object Repository/Page_cabi Order Items/GetAttribute_getID' are matched.

2019-11-21 18:50:06 - [MESSAGE][PASSED] - Actual text and expected text of test object 'Object Repository/Page_cabi Order Items/GetAttribute_getID' are matched.

2019-11-21 18:50:06 - [TEST_STEP][PASSED] - colorOptions = findWebElements(findTestObject("Page_cabi Order Items/GetAttribute_Color"), 5): null

2019-11-21 18:50:06 - [TEST_STEP][PASSED] - println(colorOptions.size()): null

2019-11-21 18:50:06 - [TEST_STEP][PASSED] - expectedColour = findTestData("productData").getValue("Color", row): null

2019-11-21 18:50:06 - [TEST_STEP][PASSED] - println("expected colour is"): null

2019-11-21 18:50:06 - [TEST_STEP][PASSED] - println(expectedColour): null

2019-11-21 18:50:06 - [TEST_STEP][PASSED] - colourVerified = false: null

2019-11-21 18:50:06 - [TEST_STEP][PASSED] - for (org.openqa.selenium.WebElement op : colorOptions): null

2019-11-21 18:50:06 - [TEST_STEP][PASSED] - println(op.getText()): null

2019-11-21 18:50:06 - [TEST_STEP][PASSED] - if (expectedColour.equalsIgnoreCase(op.getText())): null

2019-11-21 18:50:06 - [TEST_STEP][PASSED] - colourVerified = true: null

2019-11-21 18:50:06 - [TEST_STEP][PASSED] - break: null

2019-11-21 18:50:06 - [TEST_STEP][PASSED] - sa.assertTrue(colourVerified): null

2019-11-21 18:50:06 - [TEST_STEP][PASSED] - getPrice = getText(findTestObject("Page_cabi Order Items/GetAttribute_Price")): Text of object 'Object Repository/Page_cabi Order Items/GetAttribute_Price' is: 'Price : £69.00'

2019-11-21 18:50:06 - [MESSAGE][PASSED] - Text of object 'Object Repository/Page_cabi Order Items/GetAttribute_Price' is: 'Price : £69.00'

2019-11-21 18:50:06 - [TEST_STEP][PASSED] - Split_Data = UtilityMethods.SplitData(getPrice): null

2019-11-21 18:50:06 - [TEST_STEP][PASSED] - verifyMatch(Split_Data, findTestData("productData").getValue("Retail", row), true, CONTINUE_ON_FAILURE): Actual text '69' and expected text '69' are matched  using regular expression

2019-11-21 18:50:06 - [MESSAGE][PASSED] - Actual text '69' and expected text '69' are matched  using regular expression

2019-11-21 18:50:06 - [TEST_STEP][PASSED] - sizeRange1 = ["XXS", "XS", "S", "M", "L", "XL", "XXL"]: null

2019-11-21 18:50:06 - [TEST_STEP][PASSED] - sizeRange2 = ["00", "0", "2", "4", "6", "8", "10", "12", "14", "16"]: null

2019-11-21 18:50:06 - [TEST_STEP][PASSED] - sizeRange3 = ["Long", "Regular", "Short"]: null

2019-11-21 18:50:06 - [TEST_STEP][PASSED] - sizeRange4 = ["5", "6", "6.5", "7", "7.5", "8", "8.5", "9", "9.5", "10", "11"]: null

2019-11-21 18:50:06 - [TEST_STEP][PASSED] - sizeRange5 = ["XS/S", "M/L"]: null

2019-11-21 18:50:06 - [TEST_STEP][PASSED] - sizeRange6 = ["One Size"]: null

2019-11-21 18:50:06 - [TEST_STEP][PASSED] - sizeRangeSplit = UtilityMethods.SplitSizes(findTestData("productData").getValue("SzRange", row)): null

2019-11-21 18:50:06 - [TEST_STEP][PASSED] - sizeType = getText(findTestObject("Object Repository/Page_cabi Order Items/Size")): Text of object 'Object Repository/Page_cabi Order Items/Size' is: 'Select'

2019-11-21 18:50:06 - [MESSAGE][PASSED] - Text of object 'Object Repository/Page_cabi Order Items/Size' is: 'Select'

2019-11-21 18:50:06 - [TEST_STEP][PASSED] - sizeOptions = findWebElements(findTestObject("Object Repository/Page_cabi Order Items/Size"), 5): null

2019-11-21 18:50:07 - [TEST_STEP][PASSED] - actualRange = new java.util.ArrayList(): null

2019-11-21 18:50:07 - [TEST_STEP][PASSED] - expectedRange = <not implemented yet for class: org.codehaus.groovy.ast.expr.EmptyExpression>: null

2019-11-21 18:50:07 - [TEST_STEP][PASSED] - if (sizeType.equalsIgnoreCase("Select")): null

2019-11-21 18:50:07 - [TEST_STEP][PASSED] - for ([i = 1, i < sizeOptions.size(), (i++)]): null

2019-11-21 18:50:07 - [TEST_STEP][PASSED] - actualRange.add(getAttribute("value").toString()): null

2019-11-21 18:50:07 - [TEST_STEP][PASSED] - actualRange.add(getAttribute("value").toString()): null

2019-11-21 18:50:07 - [TEST_STEP][PASSED] - actualRange.add(getAttribute("value").toString()): null

2019-11-21 18:50:07 - [TEST_STEP][PASSED] - actualRange.add(getAttribute("value").toString()): null

2019-11-21 18:50:07 - [TEST_STEP][PASSED] - actualRange.add(getAttribute("value").toString()): null

2019-11-21 18:50:07 - [TEST_STEP][PASSED] - actualRange.add(getAttribute("value").toString()): null

2019-11-21 18:50:07 - [TEST_STEP][PASSED] - if (toString().equalsIgnoreCase("XS") || toString().equalsIgnoreCase("XXS")): null

2019-11-21 18:50:07 - [TEST_STEP][PASSED] - expectedRange = UtilityMethods.getExpectedRange(sizeRange1, sizeRangeSplit): null

2019-11-21 18:50:07 - [TEST_STEP][PASSED] - println("XS"): null

2019-11-21 18:50:07 - [TEST_STEP][PASSED] - println(expectedRange.toString()): null

2019-11-21 18:50:07 - [TEST_STEP][PASSED] - sa.assertTrue(UtilityMethods.listEquals(expectedRange, actualRange)): null

2019-11-21 18:50:07 - [TEST_STEP][PASSED] - delay(2): Delayed 2 second(s)

2019-11-21 18:50:09 - [MESSAGE][PASSED] - Delayed 2 second(s)

2019-11-21 18:50:09 - [TEST_STEP][PASSED] - verifyElementText(findTestObject("Page_cabi Order Items/product_title"), findTestData("productData").getValue("Description", row), CONTINUE_ON_FAILURE): Actual text and expected text of test object 'Object Repository/Page_cabi Order Items/product_title' are matched.

2019-11-21 18:50:09 - [MESSAGE][PASSED] - Actual text and expected text of test object 'Object Repository/Page_cabi Order Items/product_title' are matched.

2019-11-21 18:50:09 - [TEST_STEP][PASSED] - finalContent = findTestData("productData").getValue("FinalContent", row): null

2019-11-21 18:50:09 - [TEST_STEP][PASSED] - if (finalContent.equalsIgnoreCase("")): null

2019-11-21 18:50:09 - [TEST_STEP][PASSED] - else: Actual text and expected text of test object 'Object Repository/Page_cabi Order Items/product_fabric' are matched.

2019-11-21 18:50:09 - [TEST_STEP][PASSED] - verifyElementText(findTestObject("Page_cabi Order Items/product_fabric"), finalContent, CONTINUE_ON_FAILURE): Actual text and expected text of test object 'Object Repository/Page_cabi Order Items/product_fabric' are matched.

2019-11-21 18:50:09 - [MESSAGE][PASSED] - Actual text and expected text of test object 'Object Repository/Page_cabi Order Items/product_fabric' are matched.

2019-11-21 18:50:09 - [TEST_STEP][PASSED] - expectedCasreIntrn = findTestData("productData").getValue("CareInstr", row): null

2019-11-21 18:50:09 - [TEST_STEP][PASSED] - if (expectedCasreIntrn.equalsIgnoreCase("")): null

2019-11-21 18:50:09 - [TEST_STEP][PASSED] - else: null

2019-11-21 18:50:09 - [TEST_STEP][PASSED] - actualCasreIntrn = "<div>" + getText(findTestObject("Page_cabi Order Items/care_instruction")) + "</div>": Text of object 'Object Repository/Page_cabi Order Items/care_instruction' is: 'Machine wash with like colors in cold water on the delicate cycle. Only non-chlorine bleach if needed. Lay flat to dry. Warm iron if needed.'

2019-11-21 18:50:09 - [MESSAGE][PASSED] - Text of object 'Object Repository/Page_cabi Order Items/care_instruction' is: 'Machine wash with like colors in cold water on the delicate cycle. Only non-chlorine bleach if needed. Lay flat to dry. Warm iron if needed.'

2019-11-21 18:50:09 - [TEST_STEP][PASSED] - sa.assertTrue(actualCasreIntrn.equals(expectedCasreIntrn)): null

2019-11-21 18:50:09 - [TEST_STEP][PASSED] - delay(5): Delayed 5 second(s)

2019-11-21 18:50:14 - [MESSAGE][PASSED] - Delayed 5 second(s)

2019-11-21 18:50:14 - [TEST_STEP][PASSED] - sa = new org.testng.asserts.SoftAssert(): null

2019-11-21 18:50:14 - [TEST_STEP][PASSED] - styleid_data = findTestData("productData").getValue("Style", row): null

2019-11-21 18:50:14 - [TEST_STEP][PASSED] - println(styleid_data): null

2019-11-21 18:50:14 - [TEST_STEP][PASSED] - by = By.xpath("//input[@name='style']"): null

2019-11-21 18:50:14 - [TEST_STEP][PASSED] - styleWe = UtilityMethods.getElementByLocator(by, driver): null

2019-11-21 18:50:14 - [TEST_STEP][PASSED] - to = UtilityMethods.fromElement(styleWe): null

2019-11-21 18:50:14 - [TEST_STEP][PASSED] - println("******************+++++++++++++++++++**********************************************"): null

2019-11-21 18:50:14 - [TEST_STEP][PASSED] - setText(to, styleid_data): Text '5709' is set on object ''

2019-11-21 18:50:15 - [MESSAGE][PASSED] - Text '5709' is set on object ''

2019-11-21 18:50:15 - [TEST_STEP][PASSED] - sendKeys(to, Keys.chord(ENTER)): Keys 'ENTER + ' sent to object: ''

2019-11-21 18:50:15 - [MESSAGE][PASSED] - Keys 'ENTER + ' sent to object: ''

2019-11-21 18:50:15 - [TEST_STEP][PASSED] - delay(2): Delayed 2 second(s)

2019-11-21 18:50:17 - [MESSAGE][PASSED] - Delayed 2 second(s)

2019-11-21 18:50:17 - [TEST_STEP][PASSED] - if (toString().equalsIgnoreCase("no")): null

2019-11-21 18:50:17 - [TEST_STEP][PASSED] - else: null

2019-11-21 18:50:17 - [TEST_STEP][PASSED] - click(findTestObject("Page_cabi Order Items/li_order_item")): Object: 'Object Repository/Page_cabi Order Items/li_order_item' is clicked on

2019-11-21 18:50:22 - [MESSAGE][PASSED] - Object: 'Object Repository/Page_cabi Order Items/li_order_item' is clicked on

2019-11-21 18:50:22 - [TEST_STEP][PASSED] - delay(5): Delayed 5 second(s)

2019-11-21 18:50:27 - [MESSAGE][PASSED] - Delayed 5 second(s)

2019-11-21 18:50:27 - [TEST_STEP][PASSED] - imagePath = UtilityMethods.createScreenshotImagePath(storeType, styleid_data): null

2019-11-21 18:50:27 - [TEST_STEP][PASSED] - println(imagePath): null

2019-11-21 18:50:27 - [TEST_STEP][PASSED] - takeScreenshot(imagePath): Taking screenshot successfully

2019-11-21 18:50:28 - [MESSAGE][PASSED] - Taking screenshot successfully
[[ATTACHMENT|C:\\Users\\user\\Documents\\testautomation\\KatalonProjects\\productImages\\BOPersonal_5709 image.png]]

2019-11-21 18:50:28 - [TEST_STEP][PASSED] - verifyElementText(findTestObject("Page_cabi Order Items/GetAttribute_getID"), styleid_data, CONTINUE_ON_FAILURE): Actual text and expected text of test object 'Object Repository/Page_cabi Order Items/GetAttribute_getID' are matched.

2019-11-21 18:50:28 - [MESSAGE][PASSED] - Actual text and expected text of test object 'Object Repository/Page_cabi Order Items/GetAttribute_getID' are matched.

2019-11-21 18:50:28 - [TEST_STEP][PASSED] - colorOptions = findWebElements(findTestObject("Page_cabi Order Items/GetAttribute_Color"), 5): null

2019-11-21 18:50:28 - [TEST_STEP][PASSED] - println(colorOptions.size()): null

2019-11-21 18:50:28 - [TEST_STEP][PASSED] - expectedColour = findTestData("productData").getValue("Color", row): null

2019-11-21 18:50:28 - [TEST_STEP][PASSED] - println("expected colour is"): null

2019-11-21 18:50:28 - [TEST_STEP][PASSED] - println(expectedColour): null

2019-11-21 18:50:28 - [TEST_STEP][PASSED] - colourVerified = false: null

2019-11-21 18:50:28 - [TEST_STEP][PASSED] - for (org.openqa.selenium.WebElement op : colorOptions): null

2019-11-21 18:50:28 - [TEST_STEP][PASSED] - println(op.getText()): null

2019-11-21 18:50:28 - [TEST_STEP][PASSED] - if (expectedColour.equalsIgnoreCase(op.getText())): null

2019-11-21 18:50:28 - [TEST_STEP][PASSED] - colourVerified = true: null

2019-11-21 18:50:28 - [TEST_STEP][PASSED] - break: null

2019-11-21 18:50:28 - [TEST_STEP][PASSED] - sa.assertTrue(colourVerified): null

2019-11-21 18:50:28 - [TEST_STEP][PASSED] - getPrice = getText(findTestObject("Page_cabi Order Items/GetAttribute_Price")): Text of object 'Object Repository/Page_cabi Order Items/GetAttribute_Price' is: 'Price : £69.00'

2019-11-21 18:50:28 - [MESSAGE][PASSED] - Text of object 'Object Repository/Page_cabi Order Items/GetAttribute_Price' is: 'Price : £69.00'

2019-11-21 18:50:28 - [TEST_STEP][PASSED] - Split_Data = UtilityMethods.SplitData(getPrice): null

2019-11-21 18:50:28 - [TEST_STEP][PASSED] - verifyMatch(Split_Data, findTestData("productData").getValue("Retail", row), true, CONTINUE_ON_FAILURE): Actual text '69' and expected text '69' are matched  using regular expression

2019-11-21 18:50:28 - [MESSAGE][PASSED] - Actual text '69' and expected text '69' are matched  using regular expression

2019-11-21 18:50:28 - [TEST_STEP][PASSED] - sizeRange1 = ["XXS", "XS", "S", "M", "L", "XL", "XXL"]: null

2019-11-21 18:50:28 - [TEST_STEP][PASSED] - sizeRange2 = ["00", "0", "2", "4", "6", "8", "10", "12", "14", "16"]: null

2019-11-21 18:50:28 - [TEST_STEP][PASSED] - sizeRange3 = ["Long", "Regular", "Short"]: null

2019-11-21 18:50:28 - [TEST_STEP][PASSED] - sizeRange4 = ["5", "6", "6.5", "7", "7.5", "8", "8.5", "9", "9.5", "10", "11"]: null

2019-11-21 18:50:28 - [TEST_STEP][PASSED] - sizeRange5 = ["XS/S", "M/L"]: null

2019-11-21 18:50:28 - [TEST_STEP][PASSED] - sizeRange6 = ["One Size"]: null

2019-11-21 18:50:29 - [TEST_STEP][PASSED] - sizeRangeSplit = UtilityMethods.SplitSizes(findTestData("productData").getValue("SzRange", row)): null

2019-11-21 18:50:29 - [TEST_STEP][PASSED] - sizeType = getText(findTestObject("Object Repository/Page_cabi Order Items/Size")): Text of object 'Object Repository/Page_cabi Order Items/Size' is: 'Select'

2019-11-21 18:50:29 - [MESSAGE][PASSED] - Text of object 'Object Repository/Page_cabi Order Items/Size' is: 'Select'

2019-11-21 18:50:29 - [TEST_STEP][PASSED] - sizeOptions = findWebElements(findTestObject("Object Repository/Page_cabi Order Items/Size"), 5): null

2019-11-21 18:50:29 - [TEST_STEP][PASSED] - actualRange = new java.util.ArrayList(): null

2019-11-21 18:50:29 - [TEST_STEP][PASSED] - expectedRange = <not implemented yet for class: org.codehaus.groovy.ast.expr.EmptyExpression>: null

2019-11-21 18:50:29 - [TEST_STEP][PASSED] - if (sizeType.equalsIgnoreCase("Select")): null

2019-11-21 18:50:29 - [TEST_STEP][PASSED] - for ([i = 1, i < sizeOptions.size(), (i++)]): null

2019-11-21 18:50:29 - [TEST_STEP][PASSED] - actualRange.add(getAttribute("value").toString()): null

2019-11-21 18:50:29 - [TEST_STEP][PASSED] - actualRange.add(getAttribute("value").toString()): null

2019-11-21 18:50:29 - [TEST_STEP][PASSED] - actualRange.add(getAttribute("value").toString()): null

2019-11-21 18:50:29 - [TEST_STEP][PASSED] - actualRange.add(getAttribute("value").toString()): null

2019-11-21 18:50:29 - [TEST_STEP][PASSED] - actualRange.add(getAttribute("value").toString()): null

2019-11-21 18:50:29 - [TEST_STEP][PASSED] - if (toString().equalsIgnoreCase("XS") || toString().equalsIgnoreCase("XXS")): null

2019-11-21 18:50:29 - [TEST_STEP][PASSED] - expectedRange = UtilityMethods.getExpectedRange(sizeRange1, sizeRangeSplit): null

2019-11-21 18:50:29 - [TEST_STEP][PASSED] - println("XS"): null

2019-11-21 18:50:29 - [TEST_STEP][PASSED] - println(expectedRange.toString()): null

2019-11-21 18:50:29 - [TEST_STEP][PASSED] - sa.assertTrue(UtilityMethods.listEquals(expectedRange, actualRange)): null

2019-11-21 18:50:29 - [TEST_STEP][PASSED] - delay(2): Delayed 2 second(s)

2019-11-21 18:50:31 - [MESSAGE][PASSED] - Delayed 2 second(s)

2019-11-21 18:50:31 - [TEST_STEP][PASSED] - verifyElementText(findTestObject("Page_cabi Order Items/product_title"), findTestData("productData").getValue("Description", row), CONTINUE_ON_FAILURE): Actual text and expected text of test object 'Object Repository/Page_cabi Order Items/product_title' are matched.

2019-11-21 18:50:31 - [MESSAGE][PASSED] - Actual text and expected text of test object 'Object Repository/Page_cabi Order Items/product_title' are matched.

2019-11-21 18:50:31 - [TEST_STEP][PASSED] - finalContent = findTestData("productData").getValue("FinalContent", row): null

2019-11-21 18:50:31 - [TEST_STEP][PASSED] - if (finalContent.equalsIgnoreCase("")): null

2019-11-21 18:50:31 - [TEST_STEP][PASSED] - else: Actual text and expected text of test object 'Object Repository/Page_cabi Order Items/product_fabric' are matched.

2019-11-21 18:50:31 - [TEST_STEP][PASSED] - verifyElementText(findTestObject("Page_cabi Order Items/product_fabric"), finalContent, CONTINUE_ON_FAILURE): Actual text and expected text of test object 'Object Repository/Page_cabi Order Items/product_fabric' are matched.

2019-11-21 18:50:31 - [MESSAGE][PASSED] - Actual text and expected text of test object 'Object Repository/Page_cabi Order Items/product_fabric' are matched.

2019-11-21 18:50:31 - [TEST_STEP][PASSED] - expectedCasreIntrn = findTestData("productData").getValue("CareInstr", row): null

2019-11-21 18:50:31 - [TEST_STEP][PASSED] - if (expectedCasreIntrn.equalsIgnoreCase("")): null

2019-11-21 18:50:31 - [TEST_STEP][PASSED] - else: null

2019-11-21 18:50:31 - [TEST_STEP][PASSED] - actualCasreIntrn = "<div>" + getText(findTestObject("Page_cabi Order Items/care_instruction")) + "</div>": Text of object 'Object Repository/Page_cabi Order Items/care_instruction' is: 'Machine wash separately, inside out, in cold water on the delicate cycle. Only non-chlorine bleach if needed. Lay flat to dry. Cool iron on the reverse side if needed. Can be dry cleaned.'

2019-11-21 18:50:31 - [MESSAGE][PASSED] - Text of object 'Object Repository/Page_cabi Order Items/care_instruction' is: 'Machine wash separately, inside out, in cold water on the delicate cycle. Only non-chlorine bleach if needed. Lay flat to dry. Cool iron on the reverse side if needed. Can be dry cleaned.'

2019-11-21 18:50:31 - [TEST_STEP][PASSED] - sa.assertTrue(actualCasreIntrn.equals(expectedCasreIntrn)): null

2019-11-21 18:50:31 - [TEST_STEP][PASSED] - delay(5): Delayed 5 second(s)

2019-11-21 18:50:36 - [MESSAGE][PASSED] - Delayed 5 second(s)

2019-11-21 18:50:36 - [TEST_STEP][PASSED] - sa = new org.testng.asserts.SoftAssert(): null

2019-11-21 18:50:36 - [TEST_STEP][PASSED] - styleid_data = findTestData("productData").getValue("Style", row): null

2019-11-21 18:50:36 - [TEST_STEP][PASSED] - println(styleid_data): null

2019-11-21 18:50:36 - [TEST_STEP][PASSED] - by = By.xpath("//input[@name='style']"): null

2019-11-21 18:50:36 - [TEST_STEP][PASSED] - styleWe = UtilityMethods.getElementByLocator(by, driver): null

2019-11-21 18:50:36 - [TEST_STEP][PASSED] - to = UtilityMethods.fromElement(styleWe): null

2019-11-21 18:50:36 - [TEST_STEP][PASSED] - println("******************+++++++++++++++++++**********************************************"): null

2019-11-21 18:50:36 - [TEST_STEP][PASSED] - setText(to, styleid_data): Text '5711' is set on object ''

2019-11-21 18:50:37 - [MESSAGE][PASSED] - Text '5711' is set on object ''

2019-11-21 18:50:37 - [TEST_STEP][PASSED] - sendKeys(to, Keys.chord(ENTER)): Keys 'ENTER + ' sent to object: ''

2019-11-21 18:50:37 - [MESSAGE][PASSED] - Keys 'ENTER + ' sent to object: ''

2019-11-21 18:50:37 - [TEST_STEP][PASSED] - delay(2): Delayed 2 second(s)

2019-11-21 18:50:39 - [MESSAGE][PASSED] - Delayed 2 second(s)

2019-11-21 18:50:39 - [TEST_STEP][PASSED] - if (toString().equalsIgnoreCase("no")): null

2019-11-21 18:50:39 - [TEST_STEP][PASSED] - else: null

2019-11-21 18:50:39 - [TEST_STEP][PASSED] - click(findTestObject("Page_cabi Order Items/li_order_item")): Object: 'Object Repository/Page_cabi Order Items/li_order_item' is clicked on

2019-11-21 18:50:45 - [MESSAGE][PASSED] - Object: 'Object Repository/Page_cabi Order Items/li_order_item' is clicked on

2019-11-21 18:50:45 - [TEST_STEP][PASSED] - delay(5): Delayed 5 second(s)

2019-11-21 18:50:50 - [MESSAGE][PASSED] - Delayed 5 second(s)

2019-11-21 18:50:50 - [TEST_STEP][PASSED] - imagePath = UtilityMethods.createScreenshotImagePath(storeType, styleid_data): null

2019-11-21 18:50:50 - [TEST_STEP][PASSED] - println(imagePath): null

2019-11-21 18:50:50 - [TEST_STEP][PASSED] - takeScreenshot(imagePath): Taking screenshot successfully

2019-11-21 18:50:51 - [MESSAGE][PASSED] - Taking screenshot successfully
[[ATTACHMENT|C:\\Users\\user\\Documents\\testautomation\\KatalonProjects\\productImages\\BOPersonal_5711 image.png]]

2019-11-21 18:50:51 - [TEST_STEP][PASSED] - verifyElementText(findTestObject("Page_cabi Order Items/GetAttribute_getID"), styleid_data, CONTINUE_ON_FAILURE): Actual text and expected text of test object 'Object Repository/Page_cabi Order Items/GetAttribute_getID' are matched.

2019-11-21 18:50:51 - [MESSAGE][PASSED] - Actual text and expected text of test object 'Object Repository/Page_cabi Order Items/GetAttribute_getID' are matched.

2019-11-21 18:50:51 - [TEST_STEP][PASSED] - colorOptions = findWebElements(findTestObject("Page_cabi Order Items/GetAttribute_Color"), 5): null

2019-11-21 18:50:51 - [TEST_STEP][PASSED] - println(colorOptions.size()): null

2019-11-21 18:50:51 - [TEST_STEP][PASSED] - expectedColour = findTestData("productData").getValue("Color", row): null

2019-11-21 18:50:51 - [TEST_STEP][PASSED] - println("expected colour is"): null

2019-11-21 18:50:51 - [TEST_STEP][PASSED] - println(expectedColour): null

2019-11-21 18:50:51 - [TEST_STEP][PASSED] - colourVerified = false: null

2019-11-21 18:50:51 - [TEST_STEP][PASSED] - for (org.openqa.selenium.WebElement op : colorOptions): null

2019-11-21 18:50:51 - [TEST_STEP][PASSED] - println(op.getText()): null

2019-11-21 18:50:51 - [TEST_STEP][PASSED] - if (expectedColour.equalsIgnoreCase(op.getText())): null

2019-11-21 18:50:51 - [TEST_STEP][PASSED] - colourVerified = true: null

2019-11-21 18:50:51 - [TEST_STEP][PASSED] - break: null

2019-11-21 18:50:51 - [TEST_STEP][PASSED] - sa.assertTrue(colourVerified): null

2019-11-21 18:50:51 - [TEST_STEP][PASSED] - getPrice = getText(findTestObject("Page_cabi Order Items/GetAttribute_Price")): Text of object 'Object Repository/Page_cabi Order Items/GetAttribute_Price' is: 'Price : £74.00'

2019-11-21 18:50:51 - [MESSAGE][PASSED] - Text of object 'Object Repository/Page_cabi Order Items/GetAttribute_Price' is: 'Price : £74.00'

2019-11-21 18:50:51 - [TEST_STEP][PASSED] - Split_Data = UtilityMethods.SplitData(getPrice): null

2019-11-21 18:50:51 - [TEST_STEP][PASSED] - verifyMatch(Split_Data, findTestData("productData").getValue("Retail", row), true, CONTINUE_ON_FAILURE): Actual text '74' and expected text '74' are matched  using regular expression

2019-11-21 18:50:51 - [MESSAGE][PASSED] - Actual text '74' and expected text '74' are matched  using regular expression

2019-11-21 18:50:51 - [TEST_STEP][PASSED] - sizeRange1 = ["XXS", "XS", "S", "M", "L", "XL", "XXL"]: null

2019-11-21 18:50:51 - [TEST_STEP][PASSED] - sizeRange2 = ["00", "0", "2", "4", "6", "8", "10", "12", "14", "16"]: null

2019-11-21 18:50:51 - [TEST_STEP][PASSED] - sizeRange3 = ["Long", "Regular", "Short"]: null

2019-11-21 18:50:51 - [TEST_STEP][PASSED] - sizeRange4 = ["5", "6", "6.5", "7", "7.5", "8", "8.5", "9", "9.5", "10", "11"]: null

2019-11-21 18:50:51 - [TEST_STEP][PASSED] - sizeRange5 = ["XS/S", "M/L"]: null

2019-11-21 18:50:51 - [TEST_STEP][PASSED] - sizeRange6 = ["One Size"]: null

2019-11-21 18:50:51 - [TEST_STEP][PASSED] - sizeRangeSplit = UtilityMethods.SplitSizes(findTestData("productData").getValue("SzRange", row)): null

2019-11-21 18:50:51 - [TEST_STEP][PASSED] - sizeType = getText(findTestObject("Object Repository/Page_cabi Order Items/Size")): Text of object 'Object Repository/Page_cabi Order Items/Size' is: 'Select'

2019-11-21 18:50:51 - [MESSAGE][PASSED] - Text of object 'Object Repository/Page_cabi Order Items/Size' is: 'Select'

2019-11-21 18:50:51 - [TEST_STEP][PASSED] - sizeOptions = findWebElements(findTestObject("Object Repository/Page_cabi Order Items/Size"), 5): null

2019-11-21 18:50:51 - [TEST_STEP][PASSED] - actualRange = new java.util.ArrayList(): null

2019-11-21 18:50:51 - [TEST_STEP][PASSED] - expectedRange = <not implemented yet for class: org.codehaus.groovy.ast.expr.EmptyExpression>: null

2019-11-21 18:50:51 - [TEST_STEP][PASSED] - if (sizeType.equalsIgnoreCase("Select")): null

2019-11-21 18:50:51 - [TEST_STEP][PASSED] - for ([i = 1, i < sizeOptions.size(), (i++)]): null

2019-11-21 18:50:51 - [TEST_STEP][PASSED] - actualRange.add(getAttribute("value").toString()): null

2019-11-21 18:50:51 - [TEST_STEP][PASSED] - actualRange.add(getAttribute("value").toString()): null

2019-11-21 18:50:51 - [TEST_STEP][PASSED] - actualRange.add(getAttribute("value").toString()): null

2019-11-21 18:50:52 - [TEST_STEP][PASSED] - actualRange.add(getAttribute("value").toString()): null

2019-11-21 18:50:52 - [TEST_STEP][PASSED] - actualRange.add(getAttribute("value").toString()): null

2019-11-21 18:50:52 - [TEST_STEP][PASSED] - if (toString().equalsIgnoreCase("XS") || toString().equalsIgnoreCase("XXS")): null

2019-11-21 18:50:52 - [TEST_STEP][PASSED] - expectedRange = UtilityMethods.getExpectedRange(sizeRange1, sizeRangeSplit): null

2019-11-21 18:50:52 - [TEST_STEP][PASSED] - println("XS"): null

2019-11-21 18:50:52 - [TEST_STEP][PASSED] - println(expectedRange.toString()): null

2019-11-21 18:50:52 - [TEST_STEP][PASSED] - sa.assertTrue(UtilityMethods.listEquals(expectedRange, actualRange)): null

2019-11-21 18:50:52 - [TEST_STEP][PASSED] - delay(2): Delayed 2 second(s)

2019-11-21 18:50:54 - [MESSAGE][PASSED] - Delayed 2 second(s)

2019-11-21 18:50:54 - [TEST_STEP][PASSED] - verifyElementText(findTestObject("Page_cabi Order Items/product_title"), findTestData("productData").getValue("Description", row), CONTINUE_ON_FAILURE): Actual text and expected text of test object 'Object Repository/Page_cabi Order Items/product_title' are matched.

2019-11-21 18:50:54 - [MESSAGE][PASSED] - Actual text and expected text of test object 'Object Repository/Page_cabi Order Items/product_title' are matched.

2019-11-21 18:50:54 - [TEST_STEP][PASSED] - finalContent = findTestData("productData").getValue("FinalContent", row): null

2019-11-21 18:50:54 - [TEST_STEP][PASSED] - if (finalContent.equalsIgnoreCase("")): null

2019-11-21 18:50:54 - [TEST_STEP][PASSED] - else: Actual text and expected text of test object 'Object Repository/Page_cabi Order Items/product_fabric' are matched.

2019-11-21 18:50:54 - [TEST_STEP][PASSED] - verifyElementText(findTestObject("Page_cabi Order Items/product_fabric"), finalContent, CONTINUE_ON_FAILURE): Actual text and expected text of test object 'Object Repository/Page_cabi Order Items/product_fabric' are matched.

2019-11-21 18:50:54 - [MESSAGE][PASSED] - Actual text and expected text of test object 'Object Repository/Page_cabi Order Items/product_fabric' are matched.

2019-11-21 18:50:54 - [TEST_STEP][PASSED] - expectedCasreIntrn = findTestData("productData").getValue("CareInstr", row): null

2019-11-21 18:50:54 - [TEST_STEP][PASSED] - if (expectedCasreIntrn.equalsIgnoreCase("")): null

2019-11-21 18:50:54 - [TEST_STEP][PASSED] - else: null

2019-11-21 18:50:54 - [TEST_STEP][PASSED] - actualCasreIntrn = "<div>" + getText(findTestObject("Page_cabi Order Items/care_instruction")) + "</div>": Text of object 'Object Repository/Page_cabi Order Items/care_instruction' is: 'Machine wash with like colors in cold water on the delicate cycle. Only non-chlorine bleach if needed. Lay flat to dry. Warm iron if needed.'

2019-11-21 18:50:54 - [MESSAGE][PASSED] - Text of object 'Object Repository/Page_cabi Order Items/care_instruction' is: 'Machine wash with like colors in cold water on the delicate cycle. Only non-chlorine bleach if needed. Lay flat to dry. Warm iron if needed.'

2019-11-21 18:50:54 - [TEST_STEP][PASSED] - sa.assertTrue(actualCasreIntrn.equals(expectedCasreIntrn)): null

2019-11-21 18:50:54 - [TEST_STEP][PASSED] - delay(5): Delayed 5 second(s)

2019-11-21 18:50:59 - [MESSAGE][PASSED] - Delayed 5 second(s)

2019-11-21 18:50:59 - [TEST_STEP][PASSED] - sa = new org.testng.asserts.SoftAssert(): null

2019-11-21 18:50:59 - [TEST_STEP][PASSED] - styleid_data = findTestData("productData").getValue("Style", row): null

2019-11-21 18:50:59 - [TEST_STEP][PASSED] - println(styleid_data): null

2019-11-21 18:50:59 - [TEST_STEP][PASSED] - by = By.xpath("//input[@name='style']"): null

2019-11-21 18:50:59 - [TEST_STEP][PASSED] - styleWe = UtilityMethods.getElementByLocator(by, driver): null

2019-11-21 18:50:59 - [TEST_STEP][PASSED] - to = UtilityMethods.fromElement(styleWe): null

2019-11-21 18:50:59 - [TEST_STEP][PASSED] - println("******************+++++++++++++++++++**********************************************"): null

2019-11-21 18:50:59 - [TEST_STEP][PASSED] - setText(to, styleid_data): Text '5712' is set on object ''

2019-11-21 18:50:59 - [MESSAGE][PASSED] - Text '5712' is set on object ''

2019-11-21 18:50:59 - [TEST_STEP][PASSED] - sendKeys(to, Keys.chord(ENTER)): Keys 'ENTER + ' sent to object: ''

2019-11-21 18:51:00 - [MESSAGE][PASSED] - Keys 'ENTER + ' sent to object: ''

2019-11-21 18:51:00 - [TEST_STEP][PASSED] - delay(2): Delayed 2 second(s)

2019-11-21 18:51:02 - [MESSAGE][PASSED] - Delayed 2 second(s)

2019-11-21 18:51:02 - [TEST_STEP][PASSED] - if (toString().equalsIgnoreCase("no")): null

2019-11-21 18:51:02 - [TEST_STEP][PASSED] - else: null

2019-11-21 18:51:02 - [TEST_STEP][PASSED] - click(findTestObject("Page_cabi Order Items/li_order_item")): Object: 'Object Repository/Page_cabi Order Items/li_order_item' is clicked on

2019-11-21 18:51:07 - [MESSAGE][PASSED] - Object: 'Object Repository/Page_cabi Order Items/li_order_item' is clicked on

2019-11-21 18:51:07 - [TEST_STEP][PASSED] - delay(5): Delayed 5 second(s)

2019-11-21 18:51:12 - [MESSAGE][PASSED] - Delayed 5 second(s)

2019-11-21 18:51:12 - [TEST_STEP][PASSED] - imagePath = UtilityMethods.createScreenshotImagePath(storeType, styleid_data): null

2019-11-21 18:51:12 - [TEST_STEP][PASSED] - println(imagePath): null

2019-11-21 18:51:12 - [TEST_STEP][PASSED] - takeScreenshot(imagePath): Taking screenshot successfully

2019-11-21 18:51:13 - [MESSAGE][PASSED] - Taking screenshot successfully
[[ATTACHMENT|C:\\Users\\user\\Documents\\testautomation\\KatalonProjects\\productImages\\BOPersonal_5712 image.png]]

2019-11-21 18:51:13 - [TEST_STEP][PASSED] - verifyElementText(findTestObject("Page_cabi Order Items/GetAttribute_getID"), styleid_data, CONTINUE_ON_FAILURE): Actual text and expected text of test object 'Object Repository/Page_cabi Order Items/GetAttribute_getID' are matched.

2019-11-21 18:51:13 - [MESSAGE][PASSED] - Actual text and expected text of test object 'Object Repository/Page_cabi Order Items/GetAttribute_getID' are matched.

2019-11-21 18:51:13 - [TEST_STEP][PASSED] - colorOptions = findWebElements(findTestObject("Page_cabi Order Items/GetAttribute_Color"), 5): null

2019-11-21 18:51:13 - [TEST_STEP][PASSED] - println(colorOptions.size()): null

2019-11-21 18:51:13 - [TEST_STEP][PASSED] - expectedColour = findTestData("productData").getValue("Color", row): null

2019-11-21 18:51:13 - [TEST_STEP][PASSED] - println("expected colour is"): null

2019-11-21 18:51:13 - [TEST_STEP][PASSED] - println(expectedColour): null

2019-11-21 18:51:13 - [TEST_STEP][PASSED] - colourVerified = false: null

2019-11-21 18:51:13 - [TEST_STEP][PASSED] - for (org.openqa.selenium.WebElement op : colorOptions): null

2019-11-21 18:51:13 - [TEST_STEP][PASSED] - println(op.getText()): null

2019-11-21 18:51:13 - [TEST_STEP][PASSED] - if (expectedColour.equalsIgnoreCase(op.getText())): null

2019-11-21 18:51:13 - [TEST_STEP][PASSED] - colourVerified = true: null

2019-11-21 18:51:13 - [TEST_STEP][PASSED] - break: null

2019-11-21 18:51:13 - [TEST_STEP][PASSED] - sa.assertTrue(colourVerified): null

2019-11-21 18:51:13 - [TEST_STEP][PASSED] - getPrice = getText(findTestObject("Page_cabi Order Items/GetAttribute_Price")): Text of object 'Object Repository/Page_cabi Order Items/GetAttribute_Price' is: 'Price : £62.00'

2019-11-21 18:51:13 - [MESSAGE][PASSED] - Text of object 'Object Repository/Page_cabi Order Items/GetAttribute_Price' is: 'Price : £62.00'

2019-11-21 18:51:13 - [TEST_STEP][PASSED] - Split_Data = UtilityMethods.SplitData(getPrice): null

2019-11-21 18:51:13 - [TEST_STEP][PASSED] - verifyMatch(Split_Data, findTestData("productData").getValue("Retail", row), true, CONTINUE_ON_FAILURE): Actual text '62' and expected text '62' are matched  using regular expression

2019-11-21 18:51:14 - [MESSAGE][PASSED] - Actual text '62' and expected text '62' are matched  using regular expression

2019-11-21 18:51:14 - [TEST_STEP][PASSED] - sizeRange1 = ["XXS", "XS", "S", "M", "L", "XL", "XXL"]: null

2019-11-21 18:51:14 - [TEST_STEP][PASSED] - sizeRange2 = ["00", "0", "2", "4", "6", "8", "10", "12", "14", "16"]: null

2019-11-21 18:51:14 - [TEST_STEP][PASSED] - sizeRange3 = ["Long", "Regular", "Short"]: null

2019-11-21 18:51:14 - [TEST_STEP][PASSED] - sizeRange4 = ["5", "6", "6.5", "7", "7.5", "8", "8.5", "9", "9.5", "10", "11"]: null

2019-11-21 18:51:14 - [TEST_STEP][PASSED] - sizeRange5 = ["XS/S", "M/L"]: null

2019-11-21 18:51:14 - [TEST_STEP][PASSED] - sizeRange6 = ["One Size"]: null

2019-11-21 18:51:14 - [TEST_STEP][PASSED] - sizeRangeSplit = UtilityMethods.SplitSizes(findTestData("productData").getValue("SzRange", row)): null

2019-11-21 18:51:14 - [TEST_STEP][PASSED] - sizeType = getText(findTestObject("Object Repository/Page_cabi Order Items/Size")): Text of object 'Object Repository/Page_cabi Order Items/Size' is: 'Select'

2019-11-21 18:51:14 - [MESSAGE][PASSED] - Text of object 'Object Repository/Page_cabi Order Items/Size' is: 'Select'

2019-11-21 18:51:14 - [TEST_STEP][PASSED] - sizeOptions = findWebElements(findTestObject("Object Repository/Page_cabi Order Items/Size"), 5): null

2019-11-21 18:51:14 - [TEST_STEP][PASSED] - actualRange = new java.util.ArrayList(): null

2019-11-21 18:51:14 - [TEST_STEP][PASSED] - expectedRange = <not implemented yet for class: org.codehaus.groovy.ast.expr.EmptyExpression>: null

2019-11-21 18:51:14 - [TEST_STEP][PASSED] - if (sizeType.equalsIgnoreCase("Select")): null

2019-11-21 18:51:14 - [TEST_STEP][PASSED] - for ([i = 1, i < sizeOptions.size(), (i++)]): null

2019-11-21 18:51:14 - [TEST_STEP][PASSED] - actualRange.add(getAttribute("value").toString()): null

2019-11-21 18:51:14 - [TEST_STEP][PASSED] - actualRange.add(getAttribute("value").toString()): null

2019-11-21 18:51:14 - [TEST_STEP][PASSED] - actualRange.add(getAttribute("value").toString()): null

2019-11-21 18:51:14 - [TEST_STEP][PASSED] - actualRange.add(getAttribute("value").toString()): null

2019-11-21 18:51:14 - [TEST_STEP][PASSED] - actualRange.add(getAttribute("value").toString()): null

2019-11-21 18:51:14 - [TEST_STEP][PASSED] - actualRange.add(getAttribute("value").toString()): null

2019-11-21 18:51:14 - [TEST_STEP][PASSED] - if (toString().equalsIgnoreCase("XS") || toString().equalsIgnoreCase("XXS")): null

2019-11-21 18:51:14 - [TEST_STEP][PASSED] - expectedRange = UtilityMethods.getExpectedRange(sizeRange1, sizeRangeSplit): null

2019-11-21 18:51:14 - [TEST_STEP][PASSED] - println("XS"): null

2019-11-21 18:51:14 - [TEST_STEP][PASSED] - println(expectedRange.toString()): null

2019-11-21 18:51:14 - [TEST_STEP][PASSED] - sa.assertTrue(UtilityMethods.listEquals(expectedRange, actualRange)): null

2019-11-21 18:51:14 - [TEST_STEP][PASSED] - delay(2): Delayed 2 second(s)

2019-11-21 18:51:16 - [MESSAGE][PASSED] - Delayed 2 second(s)

2019-11-21 18:51:16 - [TEST_STEP][PASSED] - verifyElementText(findTestObject("Page_cabi Order Items/product_title"), findTestData("productData").getValue("Description", row), CONTINUE_ON_FAILURE): Actual text and expected text of test object 'Object Repository/Page_cabi Order Items/product_title' are matched.

2019-11-21 18:51:16 - [MESSAGE][PASSED] - Actual text and expected text of test object 'Object Repository/Page_cabi Order Items/product_title' are matched.

2019-11-21 18:51:16 - [TEST_STEP][PASSED] - finalContent = findTestData("productData").getValue("FinalContent", row): null

2019-11-21 18:51:16 - [TEST_STEP][PASSED] - if (finalContent.equalsIgnoreCase("")): null

2019-11-21 18:51:16 - [TEST_STEP][PASSED] - else: Actual text and expected text of test object 'Object Repository/Page_cabi Order Items/product_fabric' are matched.

2019-11-21 18:51:16 - [TEST_STEP][PASSED] - verifyElementText(findTestObject("Page_cabi Order Items/product_fabric"), finalContent, CONTINUE_ON_FAILURE): Actual text and expected text of test object 'Object Repository/Page_cabi Order Items/product_fabric' are matched.

2019-11-21 18:51:16 - [MESSAGE][PASSED] - Actual text and expected text of test object 'Object Repository/Page_cabi Order Items/product_fabric' are matched.

2019-11-21 18:51:16 - [TEST_STEP][PASSED] - expectedCasreIntrn = findTestData("productData").getValue("CareInstr", row): null

2019-11-21 18:51:16 - [TEST_STEP][PASSED] - if (expectedCasreIntrn.equalsIgnoreCase("")): null

2019-11-21 18:51:16 - [TEST_STEP][PASSED] - else: null

2019-11-21 18:51:16 - [TEST_STEP][PASSED] - actualCasreIntrn = "<div>" + getText(findTestObject("Page_cabi Order Items/care_instruction")) + "</div>": Text of object 'Object Repository/Page_cabi Order Items/care_instruction' is: 'Machine wash with like colors in cold water on the delicate cycle. Only non-chlorine bleach if needed. Lay flat to dry. Warm iron if needed.'

2019-11-21 18:51:16 - [MESSAGE][PASSED] - Text of object 'Object Repository/Page_cabi Order Items/care_instruction' is: 'Machine wash with like colors in cold water on the delicate cycle. Only non-chlorine bleach if needed. Lay flat to dry. Warm iron if needed.'

2019-11-21 18:51:16 - [TEST_STEP][PASSED] - sa.assertTrue(actualCasreIntrn.equals(expectedCasreIntrn)): null

2019-11-21 18:51:16 - [TEST_STEP][PASSED] - delay(5): Delayed 5 second(s)

2019-11-21 18:51:21 - [MESSAGE][PASSED] - Delayed 5 second(s)

2019-11-21 18:51:21 - [TEST_STEP][PASSED] - sa = new org.testng.asserts.SoftAssert(): null

2019-11-21 18:51:21 - [TEST_STEP][PASSED] - styleid_data = findTestData("productData").getValue("Style", row): null

2019-11-21 18:51:21 - [TEST_STEP][PASSED] - println(styleid_data): null

2019-11-21 18:51:21 - [TEST_STEP][PASSED] - by = By.xpath("//input[@name='style']"): null

2019-11-21 18:51:21 - [TEST_STEP][PASSED] - styleWe = UtilityMethods.getElementByLocator(by, driver): null

2019-11-21 18:51:21 - [TEST_STEP][PASSED] - to = UtilityMethods.fromElement(styleWe): null

2019-11-21 18:51:21 - [TEST_STEP][PASSED] - println("******************+++++++++++++++++++**********************************************"): null

2019-11-21 18:51:21 - [TEST_STEP][PASSED] - setText(to, styleid_data): Text '5713' is set on object ''

2019-11-21 18:51:22 - [MESSAGE][PASSED] - Text '5713' is set on object ''

2019-11-21 18:51:22 - [TEST_STEP][PASSED] - sendKeys(to, Keys.chord(ENTER)): Keys 'ENTER + ' sent to object: ''

2019-11-21 18:51:22 - [MESSAGE][PASSED] - Keys 'ENTER + ' sent to object: ''

2019-11-21 18:51:22 - [TEST_STEP][PASSED] - delay(2): Delayed 2 second(s)

2019-11-21 18:51:24 - [MESSAGE][PASSED] - Delayed 2 second(s)

2019-11-21 18:51:24 - [TEST_STEP][PASSED] - if (toString().equalsIgnoreCase("no")): null

2019-11-21 18:51:24 - [TEST_STEP][PASSED] - else: null

2019-11-21 18:51:24 - [TEST_STEP][PASSED] - click(findTestObject("Page_cabi Order Items/li_order_item")): Object: 'Object Repository/Page_cabi Order Items/li_order_item' is clicked on

2019-11-21 18:51:29 - [MESSAGE][PASSED] - Object: 'Object Repository/Page_cabi Order Items/li_order_item' is clicked on

2019-11-21 18:51:29 - [TEST_STEP][PASSED] - delay(5): Delayed 5 second(s)

2019-11-21 18:51:34 - [MESSAGE][PASSED] - Delayed 5 second(s)

2019-11-21 18:51:34 - [TEST_STEP][PASSED] - imagePath = UtilityMethods.createScreenshotImagePath(storeType, styleid_data): null

2019-11-21 18:51:34 - [TEST_STEP][PASSED] - println(imagePath): null

2019-11-21 18:51:34 - [TEST_STEP][PASSED] - takeScreenshot(imagePath): Taking screenshot successfully

2019-11-21 18:51:35 - [MESSAGE][PASSED] - Taking screenshot successfully
[[ATTACHMENT|C:\\Users\\user\\Documents\\testautomation\\KatalonProjects\\productImages\\BOPersonal_5713 image.png]]

2019-11-21 18:51:35 - [TEST_STEP][PASSED] - verifyElementText(findTestObject("Page_cabi Order Items/GetAttribute_getID"), styleid_data, CONTINUE_ON_FAILURE): Actual text and expected text of test object 'Object Repository/Page_cabi Order Items/GetAttribute_getID' are matched.

2019-11-21 18:51:35 - [MESSAGE][PASSED] - Actual text and expected text of test object 'Object Repository/Page_cabi Order Items/GetAttribute_getID' are matched.

2019-11-21 18:51:35 - [TEST_STEP][PASSED] - colorOptions = findWebElements(findTestObject("Page_cabi Order Items/GetAttribute_Color"), 5): null

2019-11-21 18:51:35 - [TEST_STEP][PASSED] - println(colorOptions.size()): null

2019-11-21 18:51:35 - [TEST_STEP][PASSED] - expectedColour = findTestData("productData").getValue("Color", row): null

2019-11-21 18:51:35 - [TEST_STEP][PASSED] - println("expected colour is"): null

2019-11-21 18:51:35 - [TEST_STEP][PASSED] - println(expectedColour): null

2019-11-21 18:51:35 - [TEST_STEP][PASSED] - colourVerified = false: null

2019-11-21 18:51:35 - [TEST_STEP][PASSED] - for (org.openqa.selenium.WebElement op : colorOptions): null

2019-11-21 18:51:35 - [TEST_STEP][PASSED] - println(op.getText()): null

2019-11-21 18:51:35 - [TEST_STEP][PASSED] - if (expectedColour.equalsIgnoreCase(op.getText())): null

2019-11-21 18:51:36 - [TEST_STEP][PASSED] - colourVerified = true: null

2019-11-21 18:51:36 - [TEST_STEP][PASSED] - break: null

2019-11-21 18:51:36 - [TEST_STEP][PASSED] - sa.assertTrue(colourVerified): null

2019-11-21 18:51:36 - [TEST_STEP][PASSED] - getPrice = getText(findTestObject("Page_cabi Order Items/GetAttribute_Price")): Text of object 'Object Repository/Page_cabi Order Items/GetAttribute_Price' is: 'Price : £69.00'

2019-11-21 18:51:36 - [MESSAGE][PASSED] - Text of object 'Object Repository/Page_cabi Order Items/GetAttribute_Price' is: 'Price : £69.00'

2019-11-21 18:51:36 - [TEST_STEP][PASSED] - Split_Data = UtilityMethods.SplitData(getPrice): null

2019-11-21 18:51:36 - [TEST_STEP][PASSED] - verifyMatch(Split_Data, findTestData("productData").getValue("Retail", row), true, CONTINUE_ON_FAILURE): Actual text '69' and expected text '69' are matched  using regular expression

2019-11-21 18:51:36 - [MESSAGE][PASSED] - Actual text '69' and expected text '69' are matched  using regular expression

2019-11-21 18:51:36 - [TEST_STEP][PASSED] - sizeRange1 = ["XXS", "XS", "S", "M", "L", "XL", "XXL"]: null

2019-11-21 18:51:36 - [TEST_STEP][PASSED] - sizeRange2 = ["00", "0", "2", "4", "6", "8", "10", "12", "14", "16"]: null

2019-11-21 18:51:36 - [TEST_STEP][PASSED] - sizeRange3 = ["Long", "Regular", "Short"]: null

2019-11-21 18:51:36 - [TEST_STEP][PASSED] - sizeRange4 = ["5", "6", "6.5", "7", "7.5", "8", "8.5", "9", "9.5", "10", "11"]: null

2019-11-21 18:51:36 - [TEST_STEP][PASSED] - sizeRange5 = ["XS/S", "M/L"]: null

2019-11-21 18:51:36 - [TEST_STEP][PASSED] - sizeRange6 = ["One Size"]: null

2019-11-21 18:51:36 - [TEST_STEP][PASSED] - sizeRangeSplit = UtilityMethods.SplitSizes(findTestData("productData").getValue("SzRange", row)): null

2019-11-21 18:51:36 - [TEST_STEP][PASSED] - sizeType = getText(findTestObject("Object Repository/Page_cabi Order Items/Size")): Text of object 'Object Repository/Page_cabi Order Items/Size' is: 'Select'

2019-11-21 18:51:36 - [MESSAGE][PASSED] - Text of object 'Object Repository/Page_cabi Order Items/Size' is: 'Select'

2019-11-21 18:51:36 - [TEST_STEP][PASSED] - sizeOptions = findWebElements(findTestObject("Object Repository/Page_cabi Order Items/Size"), 5): null

2019-11-21 18:51:36 - [TEST_STEP][PASSED] - actualRange = new java.util.ArrayList(): null

2019-11-21 18:51:36 - [TEST_STEP][PASSED] - expectedRange = <not implemented yet for class: org.codehaus.groovy.ast.expr.EmptyExpression>: null

2019-11-21 18:51:36 - [TEST_STEP][PASSED] - if (sizeType.equalsIgnoreCase("Select")): null

2019-11-21 18:51:36 - [TEST_STEP][PASSED] - for ([i = 1, i < sizeOptions.size(), (i++)]): null

2019-11-21 18:51:36 - [TEST_STEP][PASSED] - actualRange.add(getAttribute("value").toString()): null

2019-11-21 18:51:36 - [TEST_STEP][PASSED] - actualRange.add(getAttribute("value").toString()): null

2019-11-21 18:51:36 - [TEST_STEP][PASSED] - actualRange.add(getAttribute("value").toString()): null

2019-11-21 18:51:36 - [TEST_STEP][PASSED] - actualRange.add(getAttribute("value").toString()): null

2019-11-21 18:51:36 - [TEST_STEP][PASSED] - actualRange.add(getAttribute("value").toString()): null

2019-11-21 18:51:36 - [TEST_STEP][PASSED] - actualRange.add(getAttribute("value").toString()): null

2019-11-21 18:51:36 - [TEST_STEP][PASSED] - if (toString().equalsIgnoreCase("XS") || toString().equalsIgnoreCase("XXS")): null

2019-11-21 18:51:36 - [TEST_STEP][PASSED] - expectedRange = UtilityMethods.getExpectedRange(sizeRange1, sizeRangeSplit): null

2019-11-21 18:51:36 - [TEST_STEP][PASSED] - println("XS"): null

2019-11-21 18:51:36 - [TEST_STEP][PASSED] - println(expectedRange.toString()): null

2019-11-21 18:51:36 - [TEST_STEP][PASSED] - sa.assertTrue(UtilityMethods.listEquals(expectedRange, actualRange)): null

2019-11-21 18:51:36 - [TEST_STEP][PASSED] - delay(2): Delayed 2 second(s)

2019-11-21 18:51:38 - [MESSAGE][PASSED] - Delayed 2 second(s)

2019-11-21 18:51:38 - [TEST_STEP][PASSED] - verifyElementText(findTestObject("Page_cabi Order Items/product_title"), findTestData("productData").getValue("Description", row), CONTINUE_ON_FAILURE): Actual text and expected text of test object 'Object Repository/Page_cabi Order Items/product_title' are matched.

2019-11-21 18:51:38 - [MESSAGE][PASSED] - Actual text and expected text of test object 'Object Repository/Page_cabi Order Items/product_title' are matched.

2019-11-21 18:51:38 - [TEST_STEP][PASSED] - finalContent = findTestData("productData").getValue("FinalContent", row): null

2019-11-21 18:51:38 - [TEST_STEP][PASSED] - if (finalContent.equalsIgnoreCase("")): null

2019-11-21 18:51:38 - [TEST_STEP][PASSED] - else: Actual text and expected text of test object 'Object Repository/Page_cabi Order Items/product_fabric' are matched.

2019-11-21 18:51:38 - [TEST_STEP][PASSED] - verifyElementText(findTestObject("Page_cabi Order Items/product_fabric"), finalContent, CONTINUE_ON_FAILURE): Actual text and expected text of test object 'Object Repository/Page_cabi Order Items/product_fabric' are matched.

2019-11-21 18:51:38 - [MESSAGE][PASSED] - Actual text and expected text of test object 'Object Repository/Page_cabi Order Items/product_fabric' are matched.

2019-11-21 18:51:38 - [TEST_STEP][PASSED] - expectedCasreIntrn = findTestData("productData").getValue("CareInstr", row): null

2019-11-21 18:51:38 - [TEST_STEP][PASSED] - if (expectedCasreIntrn.equalsIgnoreCase("")): null

2019-11-21 18:51:38 - [TEST_STEP][PASSED] - else: null

2019-11-21 18:51:38 - [TEST_STEP][PASSED] - actualCasreIntrn = "<div>" + getText(findTestObject("Page_cabi Order Items/care_instruction")) + "</div>": Text of object 'Object Repository/Page_cabi Order Items/care_instruction' is: 'Machine wash with like colors in cold water on the delicate cycle. Only non-chlorine bleach if needed. Lay flat to dry. Warm iron if needed.'

2019-11-21 18:51:38 - [MESSAGE][PASSED] - Text of object 'Object Repository/Page_cabi Order Items/care_instruction' is: 'Machine wash with like colors in cold water on the delicate cycle. Only non-chlorine bleach if needed. Lay flat to dry. Warm iron if needed.'

2019-11-21 18:51:38 - [TEST_STEP][PASSED] - sa.assertTrue(actualCasreIntrn.equals(expectedCasreIntrn)): null

2019-11-21 18:51:38 - [TEST_STEP][PASSED] - delay(5): Delayed 5 second(s)

2019-11-21 18:51:43 - [MESSAGE][PASSED] - Delayed 5 second(s)

2019-11-21 18:51:43 - [TEST_STEP][PASSED] - sa = new org.testng.asserts.SoftAssert(): null

2019-11-21 18:51:43 - [TEST_STEP][PASSED] - styleid_data = findTestData("productData").getValue("Style", row): null

2019-11-21 18:51:44 - [TEST_STEP][PASSED] - println(styleid_data): null

2019-11-21 18:51:44 - [TEST_STEP][PASSED] - by = By.xpath("//input[@name='style']"): null

2019-11-21 18:51:44 - [TEST_STEP][PASSED] - styleWe = UtilityMethods.getElementByLocator(by, driver): null

2019-11-21 18:51:44 - [TEST_STEP][PASSED] - to = UtilityMethods.fromElement(styleWe): null

2019-11-21 18:51:44 - [TEST_STEP][PASSED] - println("******************+++++++++++++++++++**********************************************"): null

2019-11-21 18:51:44 - [TEST_STEP][PASSED] - setText(to, styleid_data): Text '5714' is set on object ''

2019-11-21 18:51:44 - [MESSAGE][PASSED] - Text '5714' is set on object ''

2019-11-21 18:51:44 - [TEST_STEP][PASSED] - sendKeys(to, Keys.chord(ENTER)): Keys 'ENTER + ' sent to object: ''

2019-11-21 18:51:44 - [MESSAGE][PASSED] - Keys 'ENTER + ' sent to object: ''

2019-11-21 18:51:44 - [TEST_STEP][PASSED] - delay(2): Delayed 2 second(s)

2019-11-21 18:51:46 - [MESSAGE][PASSED] - Delayed 2 second(s)

2019-11-21 18:51:46 - [TEST_STEP][PASSED] - if (toString().equalsIgnoreCase("no")): null

2019-11-21 18:51:46 - [TEST_STEP][PASSED] - else: null

2019-11-21 18:51:46 - [TEST_STEP][PASSED] - click(findTestObject("Page_cabi Order Items/li_order_item")): Object: 'Object Repository/Page_cabi Order Items/li_order_item' is clicked on

2019-11-21 18:51:52 - [MESSAGE][PASSED] - Object: 'Object Repository/Page_cabi Order Items/li_order_item' is clicked on

2019-11-21 18:51:52 - [TEST_STEP][PASSED] - delay(5): Delayed 5 second(s)

2019-11-21 18:51:57 - [MESSAGE][PASSED] - Delayed 5 second(s)

2019-11-21 18:51:57 - [TEST_STEP][PASSED] - imagePath = UtilityMethods.createScreenshotImagePath(storeType, styleid_data): null

2019-11-21 18:51:57 - [TEST_STEP][PASSED] - println(imagePath): null

2019-11-21 18:51:57 - [TEST_STEP][PASSED] - takeScreenshot(imagePath): Taking screenshot successfully

2019-11-21 18:51:58 - [MESSAGE][PASSED] - Taking screenshot successfully
[[ATTACHMENT|C:\\Users\\user\\Documents\\testautomation\\KatalonProjects\\productImages\\BOPersonal_5714 image.png]]

2019-11-21 18:51:58 - [TEST_STEP][PASSED] - verifyElementText(findTestObject("Page_cabi Order Items/GetAttribute_getID"), styleid_data, CONTINUE_ON_FAILURE): Actual text and expected text of test object 'Object Repository/Page_cabi Order Items/GetAttribute_getID' are matched.

2019-11-21 18:51:58 - [MESSAGE][PASSED] - Actual text and expected text of test object 'Object Repository/Page_cabi Order Items/GetAttribute_getID' are matched.

2019-11-21 18:51:58 - [TEST_STEP][PASSED] - colorOptions = findWebElements(findTestObject("Page_cabi Order Items/GetAttribute_Color"), 5): null

2019-11-21 18:51:58 - [TEST_STEP][PASSED] - println(colorOptions.size()): null

2019-11-21 18:51:58 - [TEST_STEP][PASSED] - expectedColour = findTestData("productData").getValue("Color", row): null

2019-11-21 18:51:58 - [TEST_STEP][PASSED] - println("expected colour is"): null

2019-11-21 18:51:58 - [TEST_STEP][PASSED] - println(expectedColour): null

2019-11-21 18:51:58 - [TEST_STEP][PASSED] - colourVerified = false: null

2019-11-21 18:51:58 - [TEST_STEP][PASSED] - for (org.openqa.selenium.WebElement op : colorOptions): null

2019-11-21 18:51:58 - [TEST_STEP][PASSED] - println(op.getText()): null

2019-11-21 18:51:58 - [TEST_STEP][PASSED] - if (expectedColour.equalsIgnoreCase(op.getText())): null

2019-11-21 18:51:58 - [TEST_STEP][PASSED] - colourVerified = true: null

2019-11-21 18:51:58 - [TEST_STEP][PASSED] - break: null

2019-11-21 18:51:58 - [TEST_STEP][PASSED] - sa.assertTrue(colourVerified): null

2019-11-21 18:51:58 - [TEST_STEP][PASSED] - getPrice = getText(findTestObject("Page_cabi Order Items/GetAttribute_Price")): Text of object 'Object Repository/Page_cabi Order Items/GetAttribute_Price' is: 'Price : £76.00'

2019-11-21 18:51:58 - [MESSAGE][PASSED] - Text of object 'Object Repository/Page_cabi Order Items/GetAttribute_Price' is: 'Price : £76.00'

2019-11-21 18:51:58 - [TEST_STEP][PASSED] - Split_Data = UtilityMethods.SplitData(getPrice): null

2019-11-21 18:51:58 - [TEST_STEP][PASSED] - verifyMatch(Split_Data, findTestData("productData").getValue("Retail", row), true, CONTINUE_ON_FAILURE): Actual text '76' and expected text '76' are matched  using regular expression

2019-11-21 18:51:58 - [MESSAGE][PASSED] - Actual text '76' and expected text '76' are matched  using regular expression

2019-11-21 18:51:58 - [TEST_STEP][PASSED] - sizeRange1 = ["XXS", "XS", "S", "M", "L", "XL", "XXL"]: null

2019-11-21 18:51:58 - [TEST_STEP][PASSED] - sizeRange2 = ["00", "0", "2", "4", "6", "8", "10", "12", "14", "16"]: null

2019-11-21 18:51:58 - [TEST_STEP][PASSED] - sizeRange3 = ["Long", "Regular", "Short"]: null

2019-11-21 18:51:58 - [TEST_STEP][PASSED] - sizeRange4 = ["5", "6", "6.5", "7", "7.5", "8", "8.5", "9", "9.5", "10", "11"]: null

2019-11-21 18:51:58 - [TEST_STEP][PASSED] - sizeRange5 = ["XS/S", "M/L"]: null

2019-11-21 18:51:58 - [TEST_STEP][PASSED] - sizeRange6 = ["One Size"]: null

2019-11-21 18:51:58 - [TEST_STEP][PASSED] - sizeRangeSplit = UtilityMethods.SplitSizes(findTestData("productData").getValue("SzRange", row)): null

2019-11-21 18:51:58 - [TEST_STEP][PASSED] - sizeType = getText(findTestObject("Object Repository/Page_cabi Order Items/Size")): Text of object 'Object Repository/Page_cabi Order Items/Size' is: 'Select'

2019-11-21 18:51:58 - [MESSAGE][PASSED] - Text of object 'Object Repository/Page_cabi Order Items/Size' is: 'Select'

2019-11-21 18:51:58 - [TEST_STEP][PASSED] - sizeOptions = findWebElements(findTestObject("Object Repository/Page_cabi Order Items/Size"), 5): null

2019-11-21 18:51:58 - [TEST_STEP][PASSED] - actualRange = new java.util.ArrayList(): null

2019-11-21 18:51:58 - [TEST_STEP][PASSED] - expectedRange = <not implemented yet for class: org.codehaus.groovy.ast.expr.EmptyExpression>: null

2019-11-21 18:51:58 - [TEST_STEP][PASSED] - if (sizeType.equalsIgnoreCase("Select")): null

2019-11-21 18:51:58 - [TEST_STEP][PASSED] - for ([i = 1, i < sizeOptions.size(), (i++)]): null

2019-11-21 18:51:58 - [TEST_STEP][PASSED] - actualRange.add(getAttribute("value").toString()): null

2019-11-21 18:51:58 - [TEST_STEP][PASSED] - actualRange.add(getAttribute("value").toString()): null

2019-11-21 18:51:58 - [TEST_STEP][PASSED] - actualRange.add(getAttribute("value").toString()): null

2019-11-21 18:51:58 - [TEST_STEP][PASSED] - actualRange.add(getAttribute("value").toString()): null

2019-11-21 18:51:58 - [TEST_STEP][PASSED] - actualRange.add(getAttribute("value").toString()): null

2019-11-21 18:51:58 - [TEST_STEP][PASSED] - actualRange.add(getAttribute("value").toString()): null

2019-11-21 18:51:58 - [TEST_STEP][PASSED] - if (toString().equalsIgnoreCase("XS") || toString().equalsIgnoreCase("XXS")): null

2019-11-21 18:51:58 - [TEST_STEP][PASSED] - expectedRange = UtilityMethods.getExpectedRange(sizeRange1, sizeRangeSplit): null

2019-11-21 18:51:58 - [TEST_STEP][PASSED] - println("XS"): null

2019-11-21 18:51:58 - [TEST_STEP][PASSED] - println(expectedRange.toString()): null

2019-11-21 18:51:58 - [TEST_STEP][PASSED] - sa.assertTrue(UtilityMethods.listEquals(expectedRange, actualRange)): null

2019-11-21 18:51:58 - [TEST_STEP][PASSED] - delay(2): Delayed 2 second(s)

2019-11-21 18:52:00 - [MESSAGE][PASSED] - Delayed 2 second(s)

2019-11-21 18:52:00 - [TEST_STEP][PASSED] - verifyElementText(findTestObject("Page_cabi Order Items/product_title"), findTestData("productData").getValue("Description", row), CONTINUE_ON_FAILURE): Actual text and expected text of test object 'Object Repository/Page_cabi Order Items/product_title' are matched.

2019-11-21 18:52:01 - [MESSAGE][PASSED] - Actual text and expected text of test object 'Object Repository/Page_cabi Order Items/product_title' are matched.

2019-11-21 18:52:01 - [TEST_STEP][PASSED] - finalContent = findTestData("productData").getValue("FinalContent", row): null

2019-11-21 18:52:01 - [TEST_STEP][PASSED] - if (finalContent.equalsIgnoreCase("")): null

2019-11-21 18:52:01 - [TEST_STEP][PASSED] - else: Actual text and expected text of test object 'Object Repository/Page_cabi Order Items/product_fabric' are matched.

2019-11-21 18:52:01 - [TEST_STEP][PASSED] - verifyElementText(findTestObject("Page_cabi Order Items/product_fabric"), finalContent, CONTINUE_ON_FAILURE): Actual text and expected text of test object 'Object Repository/Page_cabi Order Items/product_fabric' are matched.

2019-11-21 18:52:01 - [MESSAGE][PASSED] - Actual text and expected text of test object 'Object Repository/Page_cabi Order Items/product_fabric' are matched.

2019-11-21 18:52:01 - [TEST_STEP][PASSED] - expectedCasreIntrn = findTestData("productData").getValue("CareInstr", row): null

2019-11-21 18:52:01 - [TEST_STEP][PASSED] - if (expectedCasreIntrn.equalsIgnoreCase("")): null

2019-11-21 18:52:01 - [TEST_STEP][PASSED] - else: null

2019-11-21 18:52:01 - [TEST_STEP][PASSED] - actualCasreIntrn = "<div>" + getText(findTestObject("Page_cabi Order Items/care_instruction")) + "</div>": Text of object 'Object Repository/Page_cabi Order Items/care_instruction' is: 'Machine wash with like colors in cold water on the delicate cycle. Only non-chlorine bleach if needed. Lay flat to dry. Warm iron if needed.'

2019-11-21 18:52:01 - [MESSAGE][PASSED] - Text of object 'Object Repository/Page_cabi Order Items/care_instruction' is: 'Machine wash with like colors in cold water on the delicate cycle. Only non-chlorine bleach if needed. Lay flat to dry. Warm iron if needed.'

2019-11-21 18:52:01 - [TEST_STEP][PASSED] - sa.assertTrue(actualCasreIntrn.equals(expectedCasreIntrn)): null

2019-11-21 18:52:01 - [TEST_STEP][PASSED] - delay(5): Delayed 5 second(s)

2019-11-21 18:52:06 - [MESSAGE][PASSED] - Delayed 5 second(s)

2019-11-21 18:52:06 - [TEST_STEP][PASSED] - sa = new org.testng.asserts.SoftAssert(): null

2019-11-21 18:52:06 - [TEST_STEP][PASSED] - styleid_data = findTestData("productData").getValue("Style", row): null

2019-11-21 18:52:06 - [TEST_STEP][PASSED] - println(styleid_data): null

2019-11-21 18:52:06 - [TEST_STEP][PASSED] - by = By.xpath("//input[@name='style']"): null

2019-11-21 18:52:06 - [TEST_STEP][PASSED] - styleWe = UtilityMethods.getElementByLocator(by, driver): null

2019-11-21 18:52:06 - [TEST_STEP][PASSED] - to = UtilityMethods.fromElement(styleWe): null

2019-11-21 18:52:06 - [TEST_STEP][PASSED] - println("******************+++++++++++++++++++**********************************************"): null

2019-11-21 18:52:06 - [TEST_STEP][PASSED] - setText(to, styleid_data): Text '5715' is set on object ''

2019-11-21 18:52:06 - [MESSAGE][PASSED] - Text '5715' is set on object ''

2019-11-21 18:52:06 - [TEST_STEP][PASSED] - sendKeys(to, Keys.chord(ENTER)): Keys 'ENTER + ' sent to object: ''

2019-11-21 18:52:07 - [MESSAGE][PASSED] - Keys 'ENTER + ' sent to object: ''

2019-11-21 18:52:07 - [TEST_STEP][PASSED] - delay(2): Delayed 2 second(s)

2019-11-21 18:52:09 - [MESSAGE][PASSED] - Delayed 2 second(s)

2019-11-21 18:52:09 - [TEST_STEP][PASSED] - if (toString().equalsIgnoreCase("no")): null

2019-11-21 18:52:09 - [TEST_STEP][PASSED] - else: null

2019-11-21 18:52:09 - [TEST_STEP][PASSED] - click(findTestObject("Page_cabi Order Items/li_order_item")): Object: 'Object Repository/Page_cabi Order Items/li_order_item' is clicked on

2019-11-21 18:52:14 - [MESSAGE][PASSED] - Object: 'Object Repository/Page_cabi Order Items/li_order_item' is clicked on

2019-11-21 18:52:14 - [TEST_STEP][PASSED] - delay(5): Delayed 5 second(s)

2019-11-21 18:52:19 - [MESSAGE][PASSED] - Delayed 5 second(s)

2019-11-21 18:52:19 - [TEST_STEP][PASSED] - imagePath = UtilityMethods.createScreenshotImagePath(storeType, styleid_data): null

2019-11-21 18:52:19 - [TEST_STEP][PASSED] - println(imagePath): null

2019-11-21 18:52:19 - [TEST_STEP][PASSED] - takeScreenshot(imagePath): Taking screenshot successfully

2019-11-21 18:52:20 - [MESSAGE][PASSED] - Taking screenshot successfully
[[ATTACHMENT|C:\\Users\\user\\Documents\\testautomation\\KatalonProjects\\productImages\\BOPersonal_5715 image.png]]

2019-11-21 18:52:20 - [TEST_STEP][PASSED] - verifyElementText(findTestObject("Page_cabi Order Items/GetAttribute_getID"), styleid_data, CONTINUE_ON_FAILURE): Actual text and expected text of test object 'Object Repository/Page_cabi Order Items/GetAttribute_getID' are matched.

2019-11-21 18:52:20 - [MESSAGE][PASSED] - Actual text and expected text of test object 'Object Repository/Page_cabi Order Items/GetAttribute_getID' are matched.

2019-11-21 18:52:20 - [TEST_STEP][PASSED] - colorOptions = findWebElements(findTestObject("Page_cabi Order Items/GetAttribute_Color"), 5): null

2019-11-21 18:52:20 - [TEST_STEP][PASSED] - println(colorOptions.size()): null

2019-11-21 18:52:20 - [TEST_STEP][PASSED] - expectedColour = findTestData("productData").getValue("Color", row): null

2019-11-21 18:52:20 - [TEST_STEP][PASSED] - println("expected colour is"): null

2019-11-21 18:52:20 - [TEST_STEP][PASSED] - println(expectedColour): null

2019-11-21 18:52:20 - [TEST_STEP][PASSED] - colourVerified = false: null

2019-11-21 18:52:20 - [TEST_STEP][PASSED] - for (org.openqa.selenium.WebElement op : colorOptions): null

2019-11-21 18:52:20 - [TEST_STEP][PASSED] - println(op.getText()): null

2019-11-21 18:52:20 - [TEST_STEP][PASSED] - if (expectedColour.equalsIgnoreCase(op.getText())): null

2019-11-21 18:52:20 - [TEST_STEP][PASSED] - colourVerified = true: null

2019-11-21 18:52:20 - [TEST_STEP][PASSED] - break: null

2019-11-21 18:52:20 - [TEST_STEP][PASSED] - sa.assertTrue(colourVerified): null

2019-11-21 18:52:20 - [TEST_STEP][PASSED] - getPrice = getText(findTestObject("Page_cabi Order Items/GetAttribute_Price")): Text of object 'Object Repository/Page_cabi Order Items/GetAttribute_Price' is: 'Price : £69.00'

2019-11-21 18:52:20 - [MESSAGE][PASSED] - Text of object 'Object Repository/Page_cabi Order Items/GetAttribute_Price' is: 'Price : £69.00'

2019-11-21 18:52:20 - [TEST_STEP][PASSED] - Split_Data = UtilityMethods.SplitData(getPrice): null

2019-11-21 18:52:20 - [TEST_STEP][PASSED] - verifyMatch(Split_Data, findTestData("productData").getValue("Retail", row), true, CONTINUE_ON_FAILURE): Actual text '69' and expected text '69' are matched  using regular expression

2019-11-21 18:52:20 - [MESSAGE][PASSED] - Actual text '69' and expected text '69' are matched  using regular expression

2019-11-21 18:52:20 - [TEST_STEP][PASSED] - sizeRange1 = ["XXS", "XS", "S", "M", "L", "XL", "XXL"]: null

2019-11-21 18:52:20 - [TEST_STEP][PASSED] - sizeRange2 = ["00", "0", "2", "4", "6", "8", "10", "12", "14", "16"]: null

2019-11-21 18:52:20 - [TEST_STEP][PASSED] - sizeRange3 = ["Long", "Regular", "Short"]: null

2019-11-21 18:52:20 - [TEST_STEP][PASSED] - sizeRange4 = ["5", "6", "6.5", "7", "7.5", "8", "8.5", "9", "9.5", "10", "11"]: null

2019-11-21 18:52:20 - [TEST_STEP][PASSED] - sizeRange5 = ["XS/S", "M/L"]: null

2019-11-21 18:52:20 - [TEST_STEP][PASSED] - sizeRange6 = ["One Size"]: null

2019-11-21 18:52:20 - [TEST_STEP][PASSED] - sizeRangeSplit = UtilityMethods.SplitSizes(findTestData("productData").getValue("SzRange", row)): null

2019-11-21 18:52:20 - [TEST_STEP][PASSED] - sizeType = getText(findTestObject("Object Repository/Page_cabi Order Items/Size")): Text of object 'Object Repository/Page_cabi Order Items/Size' is: 'Select'

2019-11-21 18:52:20 - [MESSAGE][PASSED] - Text of object 'Object Repository/Page_cabi Order Items/Size' is: 'Select'

2019-11-21 18:52:20 - [TEST_STEP][PASSED] - sizeOptions = findWebElements(findTestObject("Object Repository/Page_cabi Order Items/Size"), 5): null

2019-11-21 18:52:20 - [TEST_STEP][PASSED] - actualRange = new java.util.ArrayList(): null

2019-11-21 18:52:20 - [TEST_STEP][PASSED] - expectedRange = <not implemented yet for class: org.codehaus.groovy.ast.expr.EmptyExpression>: null

2019-11-21 18:52:20 - [TEST_STEP][PASSED] - if (sizeType.equalsIgnoreCase("Select")): null

2019-11-21 18:52:20 - [TEST_STEP][PASSED] - for ([i = 1, i < sizeOptions.size(), (i++)]): null

2019-11-21 18:52:20 - [TEST_STEP][PASSED] - actualRange.add(getAttribute("value").toString()): null

2019-11-21 18:52:20 - [TEST_STEP][PASSED] - actualRange.add(getAttribute("value").toString()): null

2019-11-21 18:52:20 - [TEST_STEP][PASSED] - actualRange.add(getAttribute("value").toString()): null

2019-11-21 18:52:20 - [TEST_STEP][PASSED] - actualRange.add(getAttribute("value").toString()): null

2019-11-21 18:52:20 - [TEST_STEP][PASSED] - actualRange.add(getAttribute("value").toString()): null

2019-11-21 18:52:20 - [TEST_STEP][PASSED] - actualRange.add(getAttribute("value").toString()): null

2019-11-21 18:52:20 - [TEST_STEP][PASSED] - if (toString().equalsIgnoreCase("XS") || toString().equalsIgnoreCase("XXS")): null

2019-11-21 18:52:20 - [TEST_STEP][PASSED] - expectedRange = UtilityMethods.getExpectedRange(sizeRange1, sizeRangeSplit): null

2019-11-21 18:52:20 - [TEST_STEP][PASSED] - println("XS"): null

2019-11-21 18:52:20 - [TEST_STEP][PASSED] - println(expectedRange.toString()): null

2019-11-21 18:52:20 - [TEST_STEP][PASSED] - sa.assertTrue(UtilityMethods.listEquals(expectedRange, actualRange)): null

2019-11-21 18:52:20 - [TEST_STEP][PASSED] - delay(2): Delayed 2 second(s)

2019-11-21 18:52:22 - [MESSAGE][PASSED] - Delayed 2 second(s)

2019-11-21 18:52:22 - [TEST_STEP][PASSED] - verifyElementText(findTestObject("Page_cabi Order Items/product_title"), findTestData("productData").getValue("Description", row), CONTINUE_ON_FAILURE): Actual text and expected text of test object 'Object Repository/Page_cabi Order Items/product_title' are matched.

2019-11-21 18:52:23 - [MESSAGE][PASSED] - Actual text and expected text of test object 'Object Repository/Page_cabi Order Items/product_title' are matched.

2019-11-21 18:52:23 - [TEST_STEP][PASSED] - finalContent = findTestData("productData").getValue("FinalContent", row): null

2019-11-21 18:52:23 - [TEST_STEP][PASSED] - if (finalContent.equalsIgnoreCase("")): null

2019-11-21 18:52:23 - [TEST_STEP][PASSED] - else: Actual text and expected text of test object 'Object Repository/Page_cabi Order Items/product_fabric' are matched.

2019-11-21 18:52:23 - [TEST_STEP][PASSED] - verifyElementText(findTestObject("Page_cabi Order Items/product_fabric"), finalContent, CONTINUE_ON_FAILURE): Actual text and expected text of test object 'Object Repository/Page_cabi Order Items/product_fabric' are matched.

2019-11-21 18:52:23 - [MESSAGE][PASSED] - Actual text and expected text of test object 'Object Repository/Page_cabi Order Items/product_fabric' are matched.

2019-11-21 18:52:23 - [TEST_STEP][PASSED] - expectedCasreIntrn = findTestData("productData").getValue("CareInstr", row): null

2019-11-21 18:52:23 - [TEST_STEP][PASSED] - if (expectedCasreIntrn.equalsIgnoreCase("")): null

2019-11-21 18:52:23 - [TEST_STEP][PASSED] - else: null

2019-11-21 18:52:23 - [TEST_STEP][PASSED] - actualCasreIntrn = "<div>" + getText(findTestObject("Page_cabi Order Items/care_instruction")) + "</div>": Text of object 'Object Repository/Page_cabi Order Items/care_instruction' is: 'Machine wash with like colors in cold water on the delicate cycle. Only non-chlorine bleach if needed. Lay flat to dry. Warm iron if needed.'

2019-11-21 18:52:23 - [MESSAGE][PASSED] - Text of object 'Object Repository/Page_cabi Order Items/care_instruction' is: 'Machine wash with like colors in cold water on the delicate cycle. Only non-chlorine bleach if needed. Lay flat to dry. Warm iron if needed.'

2019-11-21 18:52:23 - [TEST_STEP][PASSED] - sa.assertTrue(actualCasreIntrn.equals(expectedCasreIntrn)): null

2019-11-21 18:52:23 - [TEST_STEP][PASSED] - delay(5): Delayed 5 second(s)

2019-11-21 18:52:28 - [MESSAGE][PASSED] - Delayed 5 second(s)

2019-11-21 18:52:28 - [TEST_STEP][PASSED] - sa = new org.testng.asserts.SoftAssert(): null

2019-11-21 18:52:28 - [TEST_STEP][PASSED] - styleid_data = findTestData("productData").getValue("Style", row): null

2019-11-21 18:52:28 - [TEST_STEP][PASSED] - println(styleid_data): null

2019-11-21 18:52:28 - [TEST_STEP][PASSED] - by = By.xpath("//input[@name='style']"): null

2019-11-21 18:52:28 - [TEST_STEP][PASSED] - styleWe = UtilityMethods.getElementByLocator(by, driver): null

2019-11-21 18:52:28 - [TEST_STEP][PASSED] - to = UtilityMethods.fromElement(styleWe): null

2019-11-21 18:52:28 - [TEST_STEP][PASSED] - println("******************+++++++++++++++++++**********************************************"): null

2019-11-21 18:52:28 - [TEST_STEP][PASSED] - setText(to, styleid_data): Text '5723' is set on object ''

2019-11-21 18:52:28 - [MESSAGE][PASSED] - Text '5723' is set on object ''

2019-11-21 18:52:28 - [TEST_STEP][PASSED] - sendKeys(to, Keys.chord(ENTER)): Keys 'ENTER + ' sent to object: ''

2019-11-21 18:52:28 - [MESSAGE][PASSED] - Keys 'ENTER + ' sent to object: ''

2019-11-21 18:52:28 - [TEST_STEP][PASSED] - delay(2): Delayed 2 second(s)

2019-11-21 18:52:30 - [MESSAGE][PASSED] - Delayed 2 second(s)

2019-11-21 18:52:30 - [TEST_STEP][PASSED] - if (toString().equalsIgnoreCase("no")): null

2019-11-21 18:52:30 - [TEST_STEP][PASSED] - else: null

2019-11-21 18:52:30 - [TEST_STEP][PASSED] - click(findTestObject("Page_cabi Order Items/li_order_item")): Object: 'Object Repository/Page_cabi Order Items/li_order_item' is clicked on

2019-11-21 18:52:36 - [MESSAGE][PASSED] - Object: 'Object Repository/Page_cabi Order Items/li_order_item' is clicked on

2019-11-21 18:52:36 - [TEST_STEP][PASSED] - delay(5): Delayed 5 second(s)

2019-11-21 18:52:41 - [MESSAGE][PASSED] - Delayed 5 second(s)

2019-11-21 18:52:41 - [TEST_STEP][PASSED] - imagePath = UtilityMethods.createScreenshotImagePath(storeType, styleid_data): null

2019-11-21 18:52:41 - [TEST_STEP][PASSED] - println(imagePath): null

2019-11-21 18:52:41 - [TEST_STEP][PASSED] - takeScreenshot(imagePath): Taking screenshot successfully

2019-11-21 18:52:42 - [MESSAGE][PASSED] - Taking screenshot successfully
[[ATTACHMENT|C:\\Users\\user\\Documents\\testautomation\\KatalonProjects\\productImages\\BOPersonal_5723 image.png]]

2019-11-21 18:52:42 - [TEST_STEP][PASSED] - verifyElementText(findTestObject("Page_cabi Order Items/GetAttribute_getID"), styleid_data, CONTINUE_ON_FAILURE): Actual text and expected text of test object 'Object Repository/Page_cabi Order Items/GetAttribute_getID' are matched.

2019-11-21 18:52:42 - [MESSAGE][PASSED] - Actual text and expected text of test object 'Object Repository/Page_cabi Order Items/GetAttribute_getID' are matched.

2019-11-21 18:52:42 - [TEST_STEP][PASSED] - colorOptions = findWebElements(findTestObject("Page_cabi Order Items/GetAttribute_Color"), 5): null

2019-11-21 18:52:42 - [TEST_STEP][PASSED] - println(colorOptions.size()): null

2019-11-21 18:52:42 - [TEST_STEP][PASSED] - expectedColour = findTestData("productData").getValue("Color", row): null

2019-11-21 18:52:42 - [TEST_STEP][PASSED] - println("expected colour is"): null

2019-11-21 18:52:42 - [TEST_STEP][PASSED] - println(expectedColour): null

2019-11-21 18:52:42 - [TEST_STEP][PASSED] - colourVerified = false: null

2019-11-21 18:52:42 - [TEST_STEP][PASSED] - for (org.openqa.selenium.WebElement op : colorOptions): null

2019-11-21 18:52:42 - [TEST_STEP][PASSED] - println(op.getText()): null

2019-11-21 18:52:42 - [TEST_STEP][PASSED] - if (expectedColour.equalsIgnoreCase(op.getText())): null

2019-11-21 18:52:42 - [TEST_STEP][PASSED] - colourVerified = true: null

2019-11-21 18:52:42 - [TEST_STEP][PASSED] - break: null

2019-11-21 18:52:42 - [TEST_STEP][PASSED] - sa.assertTrue(colourVerified): null

2019-11-21 18:52:42 - [TEST_STEP][PASSED] - getPrice = getText(findTestObject("Page_cabi Order Items/GetAttribute_Price")): Text of object 'Object Repository/Page_cabi Order Items/GetAttribute_Price' is: 'Price : £94.00'

2019-11-21 18:52:42 - [MESSAGE][PASSED] - Text of object 'Object Repository/Page_cabi Order Items/GetAttribute_Price' is: 'Price : £94.00'

2019-11-21 18:52:42 - [TEST_STEP][PASSED] - Split_Data = UtilityMethods.SplitData(getPrice): null

2019-11-21 18:52:42 - [TEST_STEP][PASSED] - verifyMatch(Split_Data, findTestData("productData").getValue("Retail", row), true, CONTINUE_ON_FAILURE): Actual text '94' and expected text '94' are matched  using regular expression

2019-11-21 18:52:42 - [MESSAGE][PASSED] - Actual text '94' and expected text '94' are matched  using regular expression

2019-11-21 18:52:42 - [TEST_STEP][PASSED] - sizeRange1 = ["XXS", "XS", "S", "M", "L", "XL", "XXL"]: null

2019-11-21 18:52:42 - [TEST_STEP][PASSED] - sizeRange2 = ["00", "0", "2", "4", "6", "8", "10", "12", "14", "16"]: null

2019-11-21 18:52:42 - [TEST_STEP][PASSED] - sizeRange3 = ["Long", "Regular", "Short"]: null

2019-11-21 18:52:42 - [TEST_STEP][PASSED] - sizeRange4 = ["5", "6", "6.5", "7", "7.5", "8", "8.5", "9", "9.5", "10", "11"]: null

2019-11-21 18:52:42 - [TEST_STEP][PASSED] - sizeRange5 = ["XS/S", "M/L"]: null

2019-11-21 18:52:42 - [TEST_STEP][PASSED] - sizeRange6 = ["One Size"]: null

2019-11-21 18:52:42 - [TEST_STEP][PASSED] - sizeRangeSplit = UtilityMethods.SplitSizes(findTestData("productData").getValue("SzRange", row)): null

2019-11-21 18:52:42 - [TEST_STEP][PASSED] - sizeType = getText(findTestObject("Object Repository/Page_cabi Order Items/Size")): Text of object 'Object Repository/Page_cabi Order Items/Size' is: 'Select'

2019-11-21 18:52:42 - [MESSAGE][PASSED] - Text of object 'Object Repository/Page_cabi Order Items/Size' is: 'Select'

2019-11-21 18:52:42 - [TEST_STEP][PASSED] - sizeOptions = findWebElements(findTestObject("Object Repository/Page_cabi Order Items/Size"), 5): null

2019-11-21 18:52:42 - [TEST_STEP][PASSED] - actualRange = new java.util.ArrayList(): null

2019-11-21 18:52:42 - [TEST_STEP][PASSED] - expectedRange = <not implemented yet for class: org.codehaus.groovy.ast.expr.EmptyExpression>: null

2019-11-21 18:52:42 - [TEST_STEP][PASSED] - if (sizeType.equalsIgnoreCase("Select")): null

2019-11-21 18:52:42 - [TEST_STEP][PASSED] - for ([i = 1, i < sizeOptions.size(), (i++)]): null

2019-11-21 18:52:42 - [TEST_STEP][PASSED] - actualRange.add(getAttribute("value").toString()): null

2019-11-21 18:52:43 - [TEST_STEP][PASSED] - actualRange.add(getAttribute("value").toString()): null

2019-11-21 18:52:43 - [TEST_STEP][PASSED] - actualRange.add(getAttribute("value").toString()): null

2019-11-21 18:52:43 - [TEST_STEP][PASSED] - actualRange.add(getAttribute("value").toString()): null

2019-11-21 18:52:43 - [TEST_STEP][PASSED] - actualRange.add(getAttribute("value").toString()): null

2019-11-21 18:52:43 - [TEST_STEP][PASSED] - if (toString().equalsIgnoreCase("XS") || toString().equalsIgnoreCase("XXS")): null

2019-11-21 18:52:43 - [TEST_STEP][PASSED] - expectedRange = UtilityMethods.getExpectedRange(sizeRange1, sizeRangeSplit): null

2019-11-21 18:52:43 - [TEST_STEP][PASSED] - println("XS"): null

2019-11-21 18:52:43 - [TEST_STEP][PASSED] - println(expectedRange.toString()): null

2019-11-21 18:52:43 - [TEST_STEP][PASSED] - sa.assertTrue(UtilityMethods.listEquals(expectedRange, actualRange)): null

2019-11-21 18:52:43 - [TEST_STEP][PASSED] - delay(2): Delayed 2 second(s)

2019-11-21 18:52:45 - [MESSAGE][PASSED] - Delayed 2 second(s)

2019-11-21 18:52:45 - [TEST_STEP][PASSED] - verifyElementText(findTestObject("Page_cabi Order Items/product_title"), findTestData("productData").getValue("Description", row), CONTINUE_ON_FAILURE): Actual text and expected text of test object 'Object Repository/Page_cabi Order Items/product_title' are matched.

2019-11-21 18:52:45 - [MESSAGE][PASSED] - Actual text and expected text of test object 'Object Repository/Page_cabi Order Items/product_title' are matched.

2019-11-21 18:52:45 - [TEST_STEP][PASSED] - finalContent = findTestData("productData").getValue("FinalContent", row): null

2019-11-21 18:52:45 - [TEST_STEP][PASSED] - if (finalContent.equalsIgnoreCase("")): null

2019-11-21 18:52:45 - [TEST_STEP][PASSED] - else: Actual text and expected text of test object 'Object Repository/Page_cabi Order Items/product_fabric' are matched.

2019-11-21 18:52:45 - [TEST_STEP][PASSED] - verifyElementText(findTestObject("Page_cabi Order Items/product_fabric"), finalContent, CONTINUE_ON_FAILURE): Actual text and expected text of test object 'Object Repository/Page_cabi Order Items/product_fabric' are matched.

2019-11-21 18:52:45 - [MESSAGE][PASSED] - Actual text and expected text of test object 'Object Repository/Page_cabi Order Items/product_fabric' are matched.

2019-11-21 18:52:45 - [TEST_STEP][PASSED] - expectedCasreIntrn = findTestData("productData").getValue("CareInstr", row): null

2019-11-21 18:52:45 - [TEST_STEP][PASSED] - if (expectedCasreIntrn.equalsIgnoreCase("")): null

2019-11-21 18:52:45 - [TEST_STEP][PASSED] - else: null

2019-11-21 18:52:45 - [TEST_STEP][PASSED] - actualCasreIntrn = "<div>" + getText(findTestObject("Page_cabi Order Items/care_instruction")) + "</div>": Text of object 'Object Repository/Page_cabi Order Items/care_instruction' is: 'Wash by hand separately with cold water. Only non-chlorine bleach if needed. Do not twist or wring. Lay flat to dry. Steam press back to shape. Can be dry cleaned.'

2019-11-21 18:52:45 - [MESSAGE][PASSED] - Text of object 'Object Repository/Page_cabi Order Items/care_instruction' is: 'Wash by hand separately with cold water. Only non-chlorine bleach if needed. Do not twist or wring. Lay flat to dry. Steam press back to shape. Can be dry cleaned.'

2019-11-21 18:52:45 - [TEST_STEP][PASSED] - sa.assertTrue(actualCasreIntrn.equals(expectedCasreIntrn)): null

2019-11-21 18:52:45 - [TEST_STEP][PASSED] - delay(5): Delayed 5 second(s)

2019-11-21 18:52:50 - [MESSAGE][PASSED] - Delayed 5 second(s)

2019-11-21 18:52:50 - [TEST_STEP][PASSED] - sa = new org.testng.asserts.SoftAssert(): null

2019-11-21 18:52:50 - [TEST_STEP][PASSED] - styleid_data = findTestData("productData").getValue("Style", row): null

2019-11-21 18:52:50 - [TEST_STEP][PASSED] - println(styleid_data): null

2019-11-21 18:52:50 - [TEST_STEP][PASSED] - by = By.xpath("//input[@name='style']"): null

2019-11-21 18:52:50 - [TEST_STEP][PASSED] - styleWe = UtilityMethods.getElementByLocator(by, driver): null

2019-11-21 18:52:50 - [TEST_STEP][PASSED] - to = UtilityMethods.fromElement(styleWe): null

2019-11-21 18:52:50 - [TEST_STEP][PASSED] - println("******************+++++++++++++++++++**********************************************"): null

2019-11-21 18:52:50 - [TEST_STEP][PASSED] - setText(to, styleid_data): Text '5725' is set on object ''

2019-11-21 18:52:51 - [MESSAGE][PASSED] - Text '5725' is set on object ''

2019-11-21 18:52:51 - [TEST_STEP][PASSED] - sendKeys(to, Keys.chord(ENTER)): Keys 'ENTER + ' sent to object: ''

2019-11-21 18:52:51 - [MESSAGE][PASSED] - Keys 'ENTER + ' sent to object: ''

2019-11-21 18:52:51 - [TEST_STEP][PASSED] - delay(2): Delayed 2 second(s)

2019-11-21 18:52:53 - [MESSAGE][PASSED] - Delayed 2 second(s)

2019-11-21 18:52:53 - [TEST_STEP][PASSED] - if (toString().equalsIgnoreCase("no")): null

2019-11-21 18:52:53 - [TEST_STEP][PASSED] - else: null

2019-11-21 18:52:53 - [TEST_STEP][PASSED] - click(findTestObject("Page_cabi Order Items/li_order_item")): Object: 'Object Repository/Page_cabi Order Items/li_order_item' is clicked on

2019-11-21 18:52:58 - [MESSAGE][PASSED] - Object: 'Object Repository/Page_cabi Order Items/li_order_item' is clicked on

2019-11-21 18:52:58 - [TEST_STEP][PASSED] - delay(5): Delayed 5 second(s)

2019-11-21 18:53:03 - [MESSAGE][PASSED] - Delayed 5 second(s)

2019-11-21 18:53:03 - [TEST_STEP][PASSED] - imagePath = UtilityMethods.createScreenshotImagePath(storeType, styleid_data): null

2019-11-21 18:53:03 - [TEST_STEP][PASSED] - println(imagePath): null

2019-11-21 18:53:03 - [TEST_STEP][PASSED] - takeScreenshot(imagePath): Taking screenshot successfully

2019-11-21 18:53:04 - [MESSAGE][PASSED] - Taking screenshot successfully
[[ATTACHMENT|C:\\Users\\user\\Documents\\testautomation\\KatalonProjects\\productImages\\BOPersonal_5725 image.png]]

2019-11-21 18:53:04 - [TEST_STEP][PASSED] - verifyElementText(findTestObject("Page_cabi Order Items/GetAttribute_getID"), styleid_data, CONTINUE_ON_FAILURE): Actual text and expected text of test object 'Object Repository/Page_cabi Order Items/GetAttribute_getID' are matched.

2019-11-21 18:53:04 - [MESSAGE][PASSED] - Actual text and expected text of test object 'Object Repository/Page_cabi Order Items/GetAttribute_getID' are matched.

2019-11-21 18:53:04 - [TEST_STEP][PASSED] - colorOptions = findWebElements(findTestObject("Page_cabi Order Items/GetAttribute_Color"), 5): null

2019-11-21 18:53:04 - [TEST_STEP][PASSED] - println(colorOptions.size()): null

2019-11-21 18:53:04 - [TEST_STEP][PASSED] - expectedColour = findTestData("productData").getValue("Color", row): null

2019-11-21 18:53:04 - [TEST_STEP][PASSED] - println("expected colour is"): null

2019-11-21 18:53:04 - [TEST_STEP][PASSED] - println(expectedColour): null

2019-11-21 18:53:04 - [TEST_STEP][PASSED] - colourVerified = false: null

2019-11-21 18:53:04 - [TEST_STEP][PASSED] - for (org.openqa.selenium.WebElement op : colorOptions): null

2019-11-21 18:53:04 - [TEST_STEP][PASSED] - println(op.getText()): null

2019-11-21 18:53:04 - [TEST_STEP][PASSED] - if (expectedColour.equalsIgnoreCase(op.getText())): null

2019-11-21 18:53:04 - [TEST_STEP][PASSED] - colourVerified = true: null

2019-11-21 18:53:04 - [TEST_STEP][PASSED] - break: null

2019-11-21 18:53:04 - [TEST_STEP][PASSED] - sa.assertTrue(colourVerified): null

2019-11-21 18:53:04 - [TEST_STEP][PASSED] - getPrice = getText(findTestObject("Page_cabi Order Items/GetAttribute_Price")): Text of object 'Object Repository/Page_cabi Order Items/GetAttribute_Price' is: 'Price : £62.00'

2019-11-21 18:53:04 - [MESSAGE][PASSED] - Text of object 'Object Repository/Page_cabi Order Items/GetAttribute_Price' is: 'Price : £62.00'

2019-11-21 18:53:04 - [TEST_STEP][PASSED] - Split_Data = UtilityMethods.SplitData(getPrice): null

2019-11-21 18:53:04 - [TEST_STEP][PASSED] - verifyMatch(Split_Data, findTestData("productData").getValue("Retail", row), true, CONTINUE_ON_FAILURE): Actual text '62' and expected text '62' are matched  using regular expression

2019-11-21 18:53:04 - [MESSAGE][PASSED] - Actual text '62' and expected text '62' are matched  using regular expression

2019-11-21 18:53:04 - [TEST_STEP][PASSED] - sizeRange1 = ["XXS", "XS", "S", "M", "L", "XL", "XXL"]: null

2019-11-21 18:53:04 - [TEST_STEP][PASSED] - sizeRange2 = ["00", "0", "2", "4", "6", "8", "10", "12", "14", "16"]: null

2019-11-21 18:53:04 - [TEST_STEP][PASSED] - sizeRange3 = ["Long", "Regular", "Short"]: null

2019-11-21 18:53:04 - [TEST_STEP][PASSED] - sizeRange4 = ["5", "6", "6.5", "7", "7.5", "8", "8.5", "9", "9.5", "10", "11"]: null

2019-11-21 18:53:04 - [TEST_STEP][PASSED] - sizeRange5 = ["XS/S", "M/L"]: null

2019-11-21 18:53:04 - [TEST_STEP][PASSED] - sizeRange6 = ["One Size"]: null

2019-11-21 18:53:04 - [TEST_STEP][PASSED] - sizeRangeSplit = UtilityMethods.SplitSizes(findTestData("productData").getValue("SzRange", row)): null

2019-11-21 18:53:04 - [TEST_STEP][PASSED] - sizeType = getText(findTestObject("Object Repository/Page_cabi Order Items/Size")): Text of object 'Object Repository/Page_cabi Order Items/Size' is: 'Select'

2019-11-21 18:53:05 - [MESSAGE][PASSED] - Text of object 'Object Repository/Page_cabi Order Items/Size' is: 'Select'

2019-11-21 18:53:05 - [TEST_STEP][PASSED] - sizeOptions = findWebElements(findTestObject("Object Repository/Page_cabi Order Items/Size"), 5): null

2019-11-21 18:53:05 - [TEST_STEP][PASSED] - actualRange = new java.util.ArrayList(): null

2019-11-21 18:53:05 - [TEST_STEP][PASSED] - expectedRange = <not implemented yet for class: org.codehaus.groovy.ast.expr.EmptyExpression>: null

2019-11-21 18:53:05 - [TEST_STEP][PASSED] - if (sizeType.equalsIgnoreCase("Select")): null

2019-11-21 18:53:05 - [TEST_STEP][PASSED] - for ([i = 1, i < sizeOptions.size(), (i++)]): null

2019-11-21 18:53:05 - [TEST_STEP][PASSED] - actualRange.add(getAttribute("value").toString()): null

2019-11-21 18:53:05 - [TEST_STEP][PASSED] - actualRange.add(getAttribute("value").toString()): null

2019-11-21 18:53:05 - [TEST_STEP][PASSED] - actualRange.add(getAttribute("value").toString()): null

2019-11-21 18:53:05 - [TEST_STEP][PASSED] - actualRange.add(getAttribute("value").toString()): null

2019-11-21 18:53:05 - [TEST_STEP][PASSED] - actualRange.add(getAttribute("value").toString()): null

2019-11-21 18:53:05 - [TEST_STEP][PASSED] - if (toString().equalsIgnoreCase("XS") || toString().equalsIgnoreCase("XXS")): null

2019-11-21 18:53:05 - [TEST_STEP][PASSED] - expectedRange = UtilityMethods.getExpectedRange(sizeRange1, sizeRangeSplit): null

2019-11-21 18:53:05 - [TEST_STEP][PASSED] - println("XS"): null

2019-11-21 18:53:05 - [TEST_STEP][PASSED] - println(expectedRange.toString()): null

2019-11-21 18:53:05 - [TEST_STEP][PASSED] - sa.assertTrue(UtilityMethods.listEquals(expectedRange, actualRange)): null

2019-11-21 18:53:05 - [TEST_STEP][PASSED] - delay(2): Delayed 2 second(s)

2019-11-21 18:53:07 - [MESSAGE][PASSED] - Delayed 2 second(s)

2019-11-21 18:53:07 - [TEST_STEP][PASSED] - verifyElementText(findTestObject("Page_cabi Order Items/product_title"), findTestData("productData").getValue("Description", row), CONTINUE_ON_FAILURE): Actual text and expected text of test object 'Object Repository/Page_cabi Order Items/product_title' are matched.

2019-11-21 18:53:07 - [MESSAGE][PASSED] - Actual text and expected text of test object 'Object Repository/Page_cabi Order Items/product_title' are matched.

2019-11-21 18:53:07 - [TEST_STEP][PASSED] - finalContent = findTestData("productData").getValue("FinalContent", row): null

2019-11-21 18:53:07 - [TEST_STEP][PASSED] - if (finalContent.equalsIgnoreCase("")): null

2019-11-21 18:53:07 - [TEST_STEP][PASSED] - else: Actual text and expected text of test object 'Object Repository/Page_cabi Order Items/product_fabric' are matched.

2019-11-21 18:53:07 - [TEST_STEP][PASSED] - verifyElementText(findTestObject("Page_cabi Order Items/product_fabric"), finalContent, CONTINUE_ON_FAILURE): Actual text and expected text of test object 'Object Repository/Page_cabi Order Items/product_fabric' are matched.

2019-11-21 18:53:07 - [MESSAGE][PASSED] - Actual text and expected text of test object 'Object Repository/Page_cabi Order Items/product_fabric' are matched.

2019-11-21 18:53:07 - [TEST_STEP][PASSED] - expectedCasreIntrn = findTestData("productData").getValue("CareInstr", row): null

2019-11-21 18:53:07 - [TEST_STEP][PASSED] - if (expectedCasreIntrn.equalsIgnoreCase("")): null

2019-11-21 18:53:07 - [TEST_STEP][PASSED] - else: null

2019-11-21 18:53:07 - [TEST_STEP][PASSED] - actualCasreIntrn = "<div>" + getText(findTestObject("Page_cabi Order Items/care_instruction")) + "</div>": Text of object 'Object Repository/Page_cabi Order Items/care_instruction' is: 'Machine wash separately, inside out, in cold water on the delicate cycle. Only non-chlorine bleach if needed. Lay flat to dry. Cool iron on the reverse side if needed. Can be dry cleaned.'

2019-11-21 18:53:07 - [MESSAGE][PASSED] - Text of object 'Object Repository/Page_cabi Order Items/care_instruction' is: 'Machine wash separately, inside out, in cold water on the delicate cycle. Only non-chlorine bleach if needed. Lay flat to dry. Cool iron on the reverse side if needed. Can be dry cleaned.'

2019-11-21 18:53:07 - [TEST_STEP][PASSED] - sa.assertTrue(actualCasreIntrn.equals(expectedCasreIntrn)): null

2019-11-21 18:53:07 - [MESSAGE][PASSED] - Call Test Case 'Test Cases/NewArrival/productVerify' successfully]]></system-out>
         <system-err><![CDATA[]]></system-err>
      </testcase>
      <system-out><![CDATA[2019-11-21 18:44:36 - [TEST_SUITE][PASSED] - NewArrivalsSuite1: Test Cases/NA_Timezone_Separated/BOPersonal1]]></system-out>
      <system-err><![CDATA[]]></system-err>
   </testsuite>
</testsuites>
