<?xml version="1.0" encoding="UTF-8"?>
<testsuites name="NewArrivalsSuite1" time="493" tests="6" failures="0" errors="0">
   <testsuite name="NewArrivalsSuite1" tests="6" failures="0" errors="0" time="493" timestamp="2019-10-03 17:38:55" hostname="user - 10.0.102.244" id="Test Suites/NewArrivalsSuites/NewArrivalsSuite1">
      <properties>
         <property name="deviceName" value=""/>
         <property name="devicePlatform" value=""/>
         <property name="logFolder" value="C:\\Users\\user\\Documents\\testautomation\\KatalonProjects\\Reports\\NewArrivalsSuites\\NewArrivalsSuite1\\20191003_173852"/>
         <property name="logFiles" value="C:\\Users\\user\\Documents\\testautomation\\KatalonProjects\\Reports\\NewArrivalsSuites\\NewArrivalsSuite1\\20191003_173852\\execution0.log"/>
         <property name="attachments" value="C:\\Users\\user\\Documents\\testautomation\\KatalonProjects\\productImages\\BORetail_3863 image.png, C:\\Users\\user\\Documents\\testautomation\\KatalonProjects\\productImages\\BORetail_3863 image.png, C:\\Users\\user\\Documents\\testautomation\\KatalonProjects\\productImages\\BORetail_3863 image.png"/>
         <property name="hostName" value="user - 10.0.102.244"/>
         <property name="os" value="Windows 8.1 64bit"/>
         <property name="katalonVersion" value="6.1.1.1"/>
         <property name="browser" value="Chrome 77.0.3865.90"/>
         <property name="hostAddress" value="10.0.102.244"/>
         <property name="sessionId" value="173c85a7a962010787ebc4b9356c1ebc"/>
         <property name="seleniumVersion" value="3.7.1"/>
         <property name="proxyInformation" value="ProxyInformation{proxyOption=NO_PROXY, proxyServerType=HTTP, password=, proxyServerAddress=, proxyServerPort=0}"/>
         <property name="platform" value="Windows 8.1"/>
      </properties>
      <testcase name="Test Cases/NA_Timezone_Separated/BORetail1" classname="Test Cases/NA_Timezone_Separated/BORetail1" status="PASSED">
         <system-out><![CDATA[2019-10-03 17:38:55 - [TEST_CASE][PASSED] - Test Cases/NA_Timezone_Separated/BORetail1: Test Cases/NA_Timezone_Separated/BORetail1

2019-10-03 17:38:55 - [TEST_STEP][PASSED] - Start listener action : sampleBeforeTestCase: null

2019-10-03 17:38:55 - [TEST_STEP][PASSED] - println(testCaseContext.getTestCaseId()): null

2019-10-03 17:38:55 - [TEST_STEP][PASSED] - println(testCaseContext.getTestCaseVariables()): null

2019-10-03 17:38:56 - [TEST_STEP][PASSED] - openBrowser(""): Browser is opened with url: ''

2019-10-03 17:38:56 - [MESSAGE][INFO] - Starting 'Chrome' driver

2019-10-03 17:38:56 - [MESSAGE][INFO] - User set preference: ['args', '[--use-fake-ui-for-media-stream, --start-maximized]']

2019-10-03 17:38:56 - [MESSAGE][INFO] - Action delay is set to 0 seconds

2019-10-03 17:38:59 - [MESSAGE][PASSED] - Browser is opened with url: ''

2019-10-03 17:38:59 - [TEST_STEP][PASSED] - driver = <not implemented yet for class: org.codehaus.groovy.ast.expr.EmptyExpression>: null

2019-10-03 17:38:59 - [TEST_STEP][PASSED] - executor = <not implemented yet for class: org.codehaus.groovy.ast.expr.EmptyExpression>: null

2019-10-03 17:38:59 - [TEST_STEP][PASSED] - for ([timeRow = 1, timeRow <= 1, (timeRow++)]): Call Test Case 'Test Cases/NewArrival/productVerify' successfully

2019-10-03 17:38:59 - [TEST_STEP][PASSED] - callTestCase(findTestCase("NewArrival/populateTimeGlobalVars"), ["row":timeRow], CONTINUE_ON_FAILURE): Call Test Case 'Test Cases/NewArrival/populateTimeGlobalVars' successfully

2019-10-03 17:38:59 - [TEST_CASE][PASSED] - Test Cases/NewArrival/populateTimeGlobalVars: Test Cases/NewArrival/populateTimeGlobalVars

2019-10-03 17:39:00 - [TEST_STEP][PASSED] - dataFile = "timezoneData": null

2019-10-03 17:39:00 - [TEST_STEP][PASSED] - clockServerTarget = UtilityMethods.getTestData("envtData", "clockServerTarget", 1): null

2019-10-03 17:39:02 - [TEST_STEP][PASSED] - println(clockServerTarget): null

2019-10-03 17:39:02 - [TEST_STEP][PASSED] - orderType = UtilityMethods.getTestData(dataFile, "orderType", row): null

2019-10-03 17:39:02 - [TEST_STEP][PASSED] - timeZone = UtilityMethods.getTestData(dataFile, "timeZone", row): null

2019-10-03 17:39:02 - [TEST_STEP][PASSED] - BOPersonal = UtilityMethods.getTestData(dataFile, "BOPersonal", row): null

2019-10-03 17:39:02 - [TEST_STEP][PASSED] - BOAddonPersonal = UtilityMethods.getTestData(dataFile, "BOAddonPersonal", row): null

2019-10-03 17:39:02 - [TEST_STEP][PASSED] - BOAddonRetail = UtilityMethods.getTestData(dataFile, "BOAddonRetail", row): null

2019-10-03 17:39:02 - [TEST_STEP][PASSED] - BORetail = UtilityMethods.getTestData(dataFile, "BORetail", row): null

2019-10-03 17:39:02 - [TEST_STEP][PASSED] - BOShow = UtilityMethods.getTestData(dataFile, "BOShow", row): null

2019-10-03 17:39:02 - [TEST_STEP][PASSED] - BOOnlineoutlet = UtilityMethods.getTestData(dataFile, "BOOnlineoutlet", row): null

2019-10-03 17:39:02 - [TEST_STEP][PASSED] - BOEmployee = UtilityMethods.getTestData(dataFile, "BOEmployee", row): null

2019-10-03 17:39:02 - [TEST_STEP][PASSED] - CCPersonal = UtilityMethods.getTestData(dataFile, "CCPersonal", row): null

2019-10-03 17:39:02 - [TEST_STEP][PASSED] - CCRetail = UtilityMethods.getTestData(dataFile, "CCRetail", row): null

2019-10-03 17:39:02 - [TEST_STEP][PASSED] - CCShow = UtilityMethods.getTestData(dataFile, "CCShow", row): null

2019-10-03 17:39:02 - [TEST_STEP][PASSED] - BOEblast = UtilityMethods.getTestData(dataFile, "BOEblast", row): null

2019-10-03 17:39:02 - [TEST_STEP][PASSED] - println(row): null

2019-10-03 17:39:02 - [TEST_STEP][PASSED] - println(BOPersonal): null

2019-10-03 17:39:02 - [MESSAGE][PASSED] - Call Test Case 'Test Cases/NewArrival/populateTimeGlobalVars' successfully

2019-10-03 17:39:02 - [TEST_STEP][PASSED] - callTestCase(findTestCase("NewArrival/setTimezone"), ["ofbizURL":"", "ofbizuser":"", "ofbizpass":"", "orderType":orderType, "timeZone":timeZone, "serverTarget":serverTarget, "clockServerTarget":clockServerTarget], CONTINUE_ON_FAILURE): Call Test Case 'Test Cases/NewArrival/setTimezone' successfully

2019-10-03 17:39:02 - [TEST_CASE][PASSED] - Test Cases/NewArrival/setTimezone: Test Cases/NewArrival/setTimezone

2019-10-03 17:39:02 - [TEST_STEP][PASSED] - openBrowser(""): Browser is opened with url: ''

2019-10-03 17:39:02 - [MESSAGE][WARNING] - A browser is already opened. Closing browser and opening a new one

2019-10-03 17:39:03 - [MESSAGE][INFO] - Starting 'Chrome' driver

2019-10-03 17:39:03 - [MESSAGE][INFO] - User set preference: ['args', '[--use-fake-ui-for-media-stream, --start-maximized]']

2019-10-03 17:39:05 - [MESSAGE][PASSED] - Browser is opened with url: ''

2019-10-03 17:39:05 - [TEST_STEP][NOT_RUN] - maximizeWindow(): NOT_RUN: maximizeWindow()

2019-10-03 17:39:05 - [MESSAGE][NOT_RUN] - NOT_RUN: maximizeWindow()

2019-10-03 17:39:05 - [TEST_STEP][PASSED] - ofbizURL = findTestData("envtData").getValue("ofbizURL", 1): null

2019-10-03 17:39:05 - [TEST_STEP][PASSED] - ofbizuser = findTestData("credData").getValue("ofbizuser", 1): null

2019-10-03 17:39:06 - [TEST_STEP][PASSED] - ofbizpass = findTestData("credData").getValue("ofbizpass", 1): null

2019-10-03 17:39:06 - [TEST_STEP][PASSED] - navigateToUrl(ofbizURL): Navigate to 'https://pushofbiz.cliotest.com/login.php' successfully

2019-10-03 17:39:08 - [MESSAGE][PASSED] - Navigate to 'https://pushofbiz.cliotest.com/login.php' successfully

2019-10-03 17:39:08 - [TEST_STEP][PASSED] - setText(findTestObject("Page_/input_Username_username"), ofbizuser): Text 'automation' is set on object 'Object Repository/Page_/input_Username_username'

2019-10-03 17:39:08 - [MESSAGE][PASSED] - Text 'automation' is set on object 'Object Repository/Page_/input_Username_username'

2019-10-03 17:39:08 - [TEST_STEP][PASSED] - setText(findTestObject("Page_/input_Password_password"), ofbizpass): Text 'cabiautomation' is set on object 'Object Repository/Page_/input_Password_password'

2019-10-03 17:39:08 - [MESSAGE][PASSED] - Text 'cabiautomation' is set on object 'Object Repository/Page_/input_Password_password'

2019-10-03 17:39:08 - [TEST_STEP][PASSED] - click(findTestObject("Page_/input_Password_Submit")): Object: 'Object Repository/Page_/input_Password_Submit' is clicked on

2019-10-03 17:39:12 - [MESSAGE][PASSED] - Object: 'Object Repository/Page_/input_Password_Submit' is clicked on

2019-10-03 17:39:12 - [TEST_STEP][PASSED] - click(findTestObject("Object Repository/Page_/a_Clock set")): Object: 'Object Repository/Page_/a_Clock set' is clicked on

2019-10-03 17:39:12 - [MESSAGE][PASSED] - Object: 'Object Repository/Page_/a_Clock set' is clicked on

2019-10-03 17:39:12 - [TEST_STEP][PASSED] - cst = UtilityMethods.createTestObject("select_target", "//select[@name='Target']/option[contains(text(), '", clockServerTarget, "')]"): null

2019-10-03 17:39:12 - [TEST_STEP][PASSED] - println(clockServerTarget): null

2019-10-03 17:39:12 - [TEST_STEP][PASSED] - click(cst): Object: 'select_target' is clicked on

2019-10-03 17:39:12 - [MESSAGE][PASSED] - Object: 'select_target' is clicked on

2019-10-03 17:39:12 - [TEST_STEP][PASSED] - click(findTestObject("Page_/thisDateAndTime")): Object: 'Object Repository/Page_/thisDateAndTime' is clicked on

2019-10-03 17:39:12 - [MESSAGE][PASSED] - Object: 'Object Repository/Page_/thisDateAndTime' is clicked on

2019-10-03 17:39:12 - [TEST_STEP][PASSED] - setText(findTestObject("Object Repository/Page_/setTargetTime"), timeZone): Text ' 10/16/2019 7:00' is set on object 'Object Repository/Page_/setTargetTime'

2019-10-03 17:39:13 - [MESSAGE][PASSED] - Text ' 10/16/2019 7:00' is set on object 'Object Repository/Page_/setTargetTime'

2019-10-03 17:39:13 - [TEST_STEP][PASSED] - click(findTestObject("Object Repository/Page_/input")): Object: 'Object Repository/Page_/input' is clicked on

2019-10-03 17:39:13 - [MESSAGE][PASSED] - Object: 'Object Repository/Page_/input' is clicked on

2019-10-03 17:39:13 - [TEST_STEP][PASSED] - delay(10): Delayed 10 second(s)

2019-10-03 17:39:23 - [MESSAGE][PASSED] - Delayed 10 second(s)

2019-10-03 17:39:23 - [TEST_STEP][NOT_RUN] - closeBrowser(): NOT_RUN: closeBrowser()

2019-10-03 17:39:23 - [MESSAGE][NOT_RUN] - NOT_RUN: closeBrowser()

2019-10-03 17:39:23 - [MESSAGE][PASSED] - Call Test Case 'Test Cases/NewArrival/setTimezone' successfully

2019-10-03 17:39:23 - [TEST_STEP][PASSED] - callTestCase(findTestCase("TestCaseUtilities/backOfficeLogin"), ["BOURL":"", "BOuser":"", "BOpass":""], CONTINUE_ON_FAILURE): Call Test Case 'Test Cases/TestCaseUtilities/backOfficeLogin' successfully

2019-10-03 17:39:23 - [TEST_CASE][PASSED] - Test Cases/TestCaseUtilities/backOfficeLogin: Test Cases/TestCaseUtilities/backOfficeLogin

2019-10-03 17:39:23 - [TEST_STEP][PASSED] - BOURL = findTestData("envtData").getValue("BOURL", 1): null

2019-10-03 17:39:24 - [TEST_STEP][PASSED] - BOuser = findTestData("credData").getValue("BOuser", 1): null

2019-10-03 17:39:24 - [TEST_STEP][PASSED] - BOpass = findTestData("credData").getValue("BOpass", 1): null

2019-10-03 17:39:24 - [TEST_STEP][PASSED] - openBrowser(""): Browser is opened with url: ''

2019-10-03 17:39:24 - [MESSAGE][WARNING] - A browser is already opened. Closing browser and opening a new one

2019-10-03 17:39:24 - [MESSAGE][INFO] - Starting 'Chrome' driver

2019-10-03 17:39:24 - [MESSAGE][INFO] - User set preference: ['args', '[--use-fake-ui-for-media-stream, --start-maximized]']

2019-10-03 17:39:27 - [MESSAGE][PASSED] - Browser is opened with url: ''

2019-10-03 17:39:27 - [TEST_STEP][PASSED] - navigateToUrl(BOURL): Navigate to 'https://test4.cliotest.com/backoffice/control/main' successfully

2019-10-03 17:39:36 - [MESSAGE][PASSED] - Navigate to 'https://test4.cliotest.com/backoffice/control/main' successfully

2019-10-03 17:39:36 - [TEST_STEP][PASSED] - logOut = findWebElements(findTestObject("Object Repository/Page_cabi Home/log_out"), 1): Unable to find the element located by 'By.xpath: //a[contains(text(),'Log Out')]'. Please recheck the objects properties to make sure the desired element is located. 

2019-10-03 17:39:37 - [MESSAGE][INFO] - Unable to find the element located by 'By.xpath: //a[contains(text(),'Log Out')]'. Please recheck the objects properties to make sure the desired element is located. 

2019-10-03 17:39:37 - [TEST_STEP][PASSED] - if (logOut.size() == 0): Object: 'Object Repository/Page_cabi/input_Welcome to_consultantLogin' is clicked on

2019-10-03 17:39:37 - [TEST_STEP][PASSED] - setText(findTestObject("Page_cabi/input_Welcome to_USERNAME"), BOuser): Text '400000002' is set on object 'Object Repository/Page_cabi/input_Welcome to_USERNAME'

2019-10-03 17:39:38 - [MESSAGE][PASSED] - Text '400000002' is set on object 'Object Repository/Page_cabi/input_Welcome to_USERNAME'

2019-10-03 17:39:38 - [TEST_STEP][PASSED] - setText(findTestObject("Object Repository/Page_cabi/input_Welcome to_PASSWORD"), BOpass): Text 'blackdress19' is set on object 'Object Repository/Page_cabi/input_Welcome to_PASSWORD'

2019-10-03 17:39:38 - [MESSAGE][PASSED] - Text 'blackdress19' is set on object 'Object Repository/Page_cabi/input_Welcome to_PASSWORD'

2019-10-03 17:39:38 - [TEST_STEP][PASSED] - click(findTestObject("Object Repository/Page_cabi/input_Welcome to_consultantLogin")): Object: 'Object Repository/Page_cabi/input_Welcome to_consultantLogin' is clicked on

2019-10-03 17:39:47 - [MESSAGE][PASSED] - Object: 'Object Repository/Page_cabi/input_Welcome to_consultantLogin' is clicked on

2019-10-03 17:39:47 - [TEST_STEP][PASSED] - delay(3): Delayed 3 second(s)

2019-10-03 17:39:50 - [MESSAGE][PASSED] - Delayed 3 second(s)

2019-10-03 17:39:50 - [MESSAGE][PASSED] - Call Test Case 'Test Cases/TestCaseUtilities/backOfficeLogin' successfully

2019-10-03 17:39:50 - [TEST_STEP][PASSED] - driver = getWebDriver(): null

2019-10-03 17:39:50 - [TEST_STEP][PASSED] - executor = driver: null

2019-10-03 17:39:50 - [TEST_STEP][PASSED] - AshowOrders = findWebElement(findTestObject("Page_cabi Home/a_retail_purchases"), 30): null

2019-10-03 17:39:50 - [TEST_STEP][PASSED] - executeJavaScript("arguments[0].click()", Arrays.asList(AshowOrders)): Execute JavaScript 'arguments[0].click()' successfully

2019-10-03 17:39:54 - [MESSAGE][PASSED] - Execute JavaScript 'arguments[0].click()' successfully

2019-10-03 17:39:54 - [TEST_STEP][PASSED] - delay(3): Delayed 3 second(s)

2019-10-03 17:39:57 - [MESSAGE][PASSED] - Delayed 3 second(s)

2019-10-03 17:39:57 - [TEST_STEP][PASSED] - click(findTestObject("Object Repository/Page_cabi Home/existingCustomer")): Object: 'Object Repository/Page_cabi Home/existingCustomer' is clicked on

2019-10-03 17:39:58 - [MESSAGE][PASSED] - Object: 'Object Repository/Page_cabi Home/existingCustomer' is clicked on

2019-10-03 17:39:58 - [TEST_STEP][PASSED] - contactNumber = 1: null

2019-10-03 17:39:58 - [TEST_STEP][PASSED] - firstName = findTestData("contactData").getValue("firstName", contactNumber): null

2019-10-03 17:39:58 - [TEST_STEP][PASSED] - lastName = findTestData("contactData").getValue("lastName", contactNumber): null

2019-10-03 17:39:58 - [TEST_STEP][PASSED] - email = findTestData("contactData").getValue("email", contactNumber): null

2019-10-03 17:39:58 - [TEST_STEP][PASSED] - address1 = findTestData("contactData").getValue("address1", contactNumber): null

2019-10-03 17:39:58 - [TEST_STEP][PASSED] - city = findTestData("contactData").getValue("city", contactNumber): null

2019-10-03 17:39:58 - [TEST_STEP][PASSED] - state = findTestData("contactData").getValue("state", contactNumber): null

2019-10-03 17:39:58 - [TEST_STEP][PASSED] - zip = findTestData("contactData").getValue("zip", contactNumber): null

2019-10-03 17:39:58 - [TEST_STEP][PASSED] - existingCustFName = firstName: null

2019-10-03 17:39:58 - [TEST_STEP][PASSED] - existingCustLName = lastName: null

2019-10-03 17:39:58 - [TEST_STEP][PASSED] - space = " ": null

2019-10-03 17:39:58 - [TEST_STEP][PASSED] - existingCust = $existingCustFName$space$existingCustLName: null

2019-10-03 17:39:58 - [TEST_STEP][PASSED] - setText(findTestObject("Object Repository/Page_cabi Home/input_existing_guest"), existingCust): Text 'ahostess-test1 abc' is set on object 'Object Repository/Page_cabi Home/input_existing_guest'

2019-10-03 17:39:58 - [MESSAGE][PASSED] - Text 'ahostess-test1 abc' is set on object 'Object Repository/Page_cabi Home/input_existing_guest'

2019-10-03 17:39:58 - [TEST_STEP][PASSED] - delay(2): Delayed 2 second(s)

2019-10-03 17:40:00 - [MESSAGE][PASSED] - Delayed 2 second(s)

2019-10-03 17:40:00 - [TEST_STEP][PASSED] - sendKeys(findTestObject("Object Repository/Page_cabi Home/input_existing_guest"), Keys.chord(ARROW_DOWN)): Keys 'DOWN + ' sent to object: 'Object Repository/Page_cabi Home/input_existing_guest'

2019-10-03 17:40:00 - [MESSAGE][PASSED] - Keys 'DOWN + ' sent to object: 'Object Repository/Page_cabi Home/input_existing_guest'

2019-10-03 17:40:00 - [TEST_STEP][PASSED] - sendKeys(findTestObject("Object Repository/Page_cabi Home/input_existing_guest"), Keys.chord(ENTER)): Keys 'ENTER + ' sent to object: 'Object Repository/Page_cabi Home/input_existing_guest'

2019-10-03 17:40:01 - [MESSAGE][PASSED] - Keys 'ENTER + ' sent to object: 'Object Repository/Page_cabi Home/input_existing_guest'

2019-10-03 17:40:01 - [TEST_STEP][PASSED] - delay(5): Delayed 5 second(s)

2019-10-03 17:40:06 - [MESSAGE][PASSED] - Delayed 5 second(s)

2019-10-03 17:40:06 - [TEST_STEP][PASSED] - executor.executeScript("arguments[0].click();", findWebElement(findTestObject("Object Repository/Page_cabi Home/a_same_shipping_address"), 5)): null

2019-10-03 17:40:06 - [TEST_STEP][PASSED] - click(findTestObject("Object Repository/Page_cabi Home/a_same_shipping_address")): Object: 'Object Repository/Page_cabi Home/a_same_shipping_address' is clicked on

2019-10-03 17:40:06 - [MESSAGE][PASSED] - Object: 'Object Repository/Page_cabi Home/a_same_shipping_address' is clicked on

2019-10-03 17:40:06 - [TEST_STEP][PASSED] - delay(5): Delayed 5 second(s)

2019-10-03 17:40:11 - [MESSAGE][PASSED] - Delayed 5 second(s)

2019-10-03 17:40:11 - [TEST_STEP][PASSED] - println(executor.executeScript("return arguments[0].value;", findWebElement(findTestObject("Page_cabi Retail Store/span_next_1"), 5))): null

2019-10-03 17:40:11 - [TEST_STEP][PASSED] - executor.executeScript("arguments[0].click();", findWebElement(findTestObject("Page_cabi Retail Store/span_next_1"), 5)): null

2019-10-03 17:40:11 - [TEST_STEP][PASSED] - click(findTestObject("Page_cabi Retail Store/span_next_1")): Object: 'Object Repository/Page_cabi Retail Store/span_next_1' is clicked on

2019-10-03 17:40:11 - [MESSAGE][PASSED] - Object: 'Object Repository/Page_cabi Retail Store/span_next_1' is clicked on

2019-10-03 17:40:11 - [TEST_STEP][PASSED] - delay(3): Delayed 3 second(s)

2019-10-03 17:40:14 - [MESSAGE][PASSED] - Delayed 3 second(s)

2019-10-03 17:40:14 - [TEST_STEP][PASSED] - callTestCase(findTestCase("NewArrival/productVerify"), ["available":BORetail, "storeType":"BORetail"], CONTINUE_ON_FAILURE): Call Test Case 'Test Cases/NewArrival/productVerify' successfully

2019-10-03 17:40:14 - [TEST_CASE][PASSED] - Test Cases/NewArrival/productVerify: Test Cases/NewArrival/productVerify

2019-10-03 17:40:15 - [TEST_STEP][PASSED] - sa = <not implemented yet for class: org.codehaus.groovy.ast.expr.EmptyExpression>: null

2019-10-03 17:40:15 - [TEST_STEP][PASSED] - styleid_data = <not implemented yet for class: org.codehaus.groovy.ast.expr.EmptyExpression>: null

2019-10-03 17:40:15 - [TEST_STEP][PASSED] - by = <not implemented yet for class: org.codehaus.groovy.ast.expr.EmptyExpression>: null

2019-10-03 17:40:15 - [TEST_STEP][PASSED] - styleWe = <not implemented yet for class: org.codehaus.groovy.ast.expr.EmptyExpression>: null

2019-10-03 17:40:15 - [TEST_STEP][PASSED] - to = <not implemented yet for class: org.codehaus.groovy.ast.expr.EmptyExpression>: null

2019-10-03 17:40:15 - [TEST_STEP][PASSED] - driver = getWebDriver(): null

2019-10-03 17:40:15 - [TEST_STEP][PASSED] - for ([row = 1, row <= findTestData("productData").getRowNumbers(), (row++)]): Actual text and expected text of test object 'Object Repository/Page_cabi Order Items/no_result_found' are matched.

2019-10-03 17:40:15 - [TEST_STEP][PASSED] - delay(3): Delayed 3 second(s)

2019-10-03 17:40:18 - [MESSAGE][PASSED] - Delayed 3 second(s)

2019-10-03 17:40:18 - [TEST_STEP][PASSED] - sa = new org.testng.asserts.SoftAssert(): null

2019-10-03 17:40:18 - [TEST_STEP][PASSED] - styleid_data = findTestData("productData").getValue("Style", row): null

2019-10-03 17:40:18 - [TEST_STEP][PASSED] - println("******************+++++++++++++++++++**********************************************"): null

2019-10-03 17:40:18 - [TEST_STEP][PASSED] - println(styleid_data): null

2019-10-03 17:40:18 - [TEST_STEP][PASSED] - by = By.xpath("//input[@name='style']"): null

2019-10-03 17:40:18 - [TEST_STEP][PASSED] - styleWe = UtilityMethods.getElementByLocator(by, driver): null

2019-10-03 17:40:18 - [TEST_STEP][PASSED] - to = UtilityMethods.fromElement(styleWe): null

2019-10-03 17:40:18 - [TEST_STEP][PASSED] - setText(to, styleid_data): Text '3863' is set on object ''

2019-10-03 17:40:18 - [MESSAGE][PASSED] - Text '3863' is set on object ''

2019-10-03 17:40:18 - [TEST_STEP][PASSED] - sendKeys(to, Keys.chord(ENTER)): Keys 'ENTER + ' sent to object: ''

2019-10-03 17:40:18 - [MESSAGE][PASSED] - Keys 'ENTER + ' sent to object: ''

2019-10-03 17:40:18 - [TEST_STEP][PASSED] - delay(2): Delayed 2 second(s)

2019-10-03 17:40:20 - [MESSAGE][PASSED] - Delayed 2 second(s)

2019-10-03 17:40:20 - [TEST_STEP][PASSED] - if (toString().equalsIgnoreCase("no")): Actual text and expected text of test object 'Object Repository/Page_cabi Order Items/no_result_found' are matched.

2019-10-03 17:40:20 - [TEST_STEP][PASSED] - delay(2): Delayed 2 second(s)

2019-10-03 17:40:22 - [MESSAGE][PASSED] - Delayed 2 second(s)

2019-10-03 17:40:22 - [TEST_STEP][PASSED] - noResultMessages = findWebElements(findTestObject("Page_cabi Order Items/no_result_found"), 5): null

2019-10-03 17:40:22 - [TEST_STEP][PASSED] - println(noResultMessages.size()): null

2019-10-03 17:40:22 - [TEST_STEP][PASSED] - sa.assertTrue(noResultMessages.size() > 0): null

2019-10-03 17:40:22 - [TEST_STEP][PASSED] - verifyElementText(findTestObject("Page_cabi Order Items/no_result_found"), "No Results Found!", CONTINUE_ON_FAILURE): Actual text and expected text of test object 'Object Repository/Page_cabi Order Items/no_result_found' are matched.

2019-10-03 17:40:22 - [MESSAGE][PASSED] - Actual text and expected text of test object 'Object Repository/Page_cabi Order Items/no_result_found' are matched.

2019-10-03 17:40:22 - [MESSAGE][PASSED] - Call Test Case 'Test Cases/NewArrival/productVerify' successfully]]></system-out>
         <system-err><![CDATA[]]></system-err>
      </testcase>
      <testcase name="Test Cases/NA_Timezone_Separated/BORetail2" classname="Test Cases/NA_Timezone_Separated/BORetail2" status="PASSED">
         <system-out><![CDATA[2019-10-03 17:40:22 - [TEST_CASE][PASSED] - Test Cases/NA_Timezone_Separated/BORetail2: Test Cases/NA_Timezone_Separated/BORetail2

2019-10-03 17:40:22 - [TEST_STEP][PASSED] - Start listener action : sampleBeforeTestCase: null

2019-10-03 17:40:22 - [TEST_STEP][PASSED] - println(testCaseContext.getTestCaseId()): null

2019-10-03 17:40:22 - [TEST_STEP][PASSED] - println(testCaseContext.getTestCaseVariables()): null

2019-10-03 17:40:23 - [TEST_STEP][PASSED] - openBrowser(""): Browser is opened with url: ''

2019-10-03 17:40:23 - [MESSAGE][WARNING] - A browser is already opened. Closing browser and opening a new one

2019-10-03 17:40:23 - [MESSAGE][INFO] - Starting 'Chrome' driver

2019-10-03 17:40:23 - [MESSAGE][INFO] - User set preference: ['args', '[--use-fake-ui-for-media-stream, --start-maximized]']

2019-10-03 17:40:26 - [MESSAGE][PASSED] - Browser is opened with url: ''

2019-10-03 17:40:26 - [TEST_STEP][PASSED] - driver = <not implemented yet for class: org.codehaus.groovy.ast.expr.EmptyExpression>: null

2019-10-03 17:40:26 - [TEST_STEP][PASSED] - executor = <not implemented yet for class: org.codehaus.groovy.ast.expr.EmptyExpression>: null

2019-10-03 17:40:26 - [TEST_STEP][PASSED] - for ([timeRow = 2, timeRow <= 2, (timeRow++)]): Call Test Case 'Test Cases/NewArrival/productVerify' successfully

2019-10-03 17:40:26 - [TEST_STEP][PASSED] - callTestCase(findTestCase("NewArrival/populateTimeGlobalVars"), ["row":timeRow], CONTINUE_ON_FAILURE): Call Test Case 'Test Cases/NewArrival/populateTimeGlobalVars' successfully

2019-10-03 17:40:26 - [TEST_CASE][PASSED] - Test Cases/NewArrival/populateTimeGlobalVars: Test Cases/NewArrival/populateTimeGlobalVars

2019-10-03 17:40:26 - [TEST_STEP][PASSED] - dataFile = "timezoneData": null

2019-10-03 17:40:26 - [TEST_STEP][PASSED] - clockServerTarget = UtilityMethods.getTestData("envtData", "clockServerTarget", 1): null

2019-10-03 17:40:26 - [TEST_STEP][PASSED] - println(clockServerTarget): null

2019-10-03 17:40:26 - [TEST_STEP][PASSED] - orderType = UtilityMethods.getTestData(dataFile, "orderType", row): null

2019-10-03 17:40:26 - [TEST_STEP][PASSED] - timeZone = UtilityMethods.getTestData(dataFile, "timeZone", row): null

2019-10-03 17:40:26 - [TEST_STEP][PASSED] - BOPersonal = UtilityMethods.getTestData(dataFile, "BOPersonal", row): null

2019-10-03 17:40:26 - [TEST_STEP][PASSED] - BOAddonPersonal = UtilityMethods.getTestData(dataFile, "BOAddonPersonal", row): null

2019-10-03 17:40:26 - [TEST_STEP][PASSED] - BOAddonRetail = UtilityMethods.getTestData(dataFile, "BOAddonRetail", row): null

2019-10-03 17:40:26 - [TEST_STEP][PASSED] - BORetail = UtilityMethods.getTestData(dataFile, "BORetail", row): null

2019-10-03 17:40:26 - [TEST_STEP][PASSED] - BOShow = UtilityMethods.getTestData(dataFile, "BOShow", row): null

2019-10-03 17:40:26 - [TEST_STEP][PASSED] - BOOnlineoutlet = UtilityMethods.getTestData(dataFile, "BOOnlineoutlet", row): null

2019-10-03 17:40:26 - [TEST_STEP][PASSED] - BOEmployee = UtilityMethods.getTestData(dataFile, "BOEmployee", row): null

2019-10-03 17:40:26 - [TEST_STEP][PASSED] - CCPersonal = UtilityMethods.getTestData(dataFile, "CCPersonal", row): null

2019-10-03 17:40:26 - [TEST_STEP][PASSED] - CCRetail = UtilityMethods.getTestData(dataFile, "CCRetail", row): null

2019-10-03 17:40:26 - [TEST_STEP][PASSED] - CCShow = UtilityMethods.getTestData(dataFile, "CCShow", row): null

2019-10-03 17:40:26 - [TEST_STEP][PASSED] - BOEblast = UtilityMethods.getTestData(dataFile, "BOEblast", row): null

2019-10-03 17:40:26 - [TEST_STEP][PASSED] - println(row): null

2019-10-03 17:40:26 - [TEST_STEP][PASSED] - println(BOPersonal): null

2019-10-03 17:40:26 - [MESSAGE][PASSED] - Call Test Case 'Test Cases/NewArrival/populateTimeGlobalVars' successfully

2019-10-03 17:40:26 - [TEST_STEP][PASSED] - callTestCase(findTestCase("NewArrival/setTimezone"), ["ofbizURL":"", "ofbizuser":"", "ofbizpass":"", "orderType":orderType, "timeZone":timeZone, "serverTarget":serverTarget, "clockServerTarget":clockServerTarget], CONTINUE_ON_FAILURE): Call Test Case 'Test Cases/NewArrival/setTimezone' successfully

2019-10-03 17:40:26 - [TEST_CASE][PASSED] - Test Cases/NewArrival/setTimezone: Test Cases/NewArrival/setTimezone

2019-10-03 17:40:26 - [TEST_STEP][PASSED] - openBrowser(""): Browser is opened with url: ''

2019-10-03 17:40:26 - [MESSAGE][WARNING] - A browser is already opened. Closing browser and opening a new one

2019-10-03 17:40:27 - [MESSAGE][INFO] - Starting 'Chrome' driver

2019-10-03 17:40:27 - [MESSAGE][INFO] - User set preference: ['args', '[--use-fake-ui-for-media-stream, --start-maximized]']

2019-10-03 17:40:29 - [MESSAGE][PASSED] - Browser is opened with url: ''

2019-10-03 17:40:29 - [TEST_STEP][NOT_RUN] - maximizeWindow(): NOT_RUN: maximizeWindow()

2019-10-03 17:40:29 - [MESSAGE][NOT_RUN] - NOT_RUN: maximizeWindow()

2019-10-03 17:40:29 - [TEST_STEP][PASSED] - ofbizURL = findTestData("envtData").getValue("ofbizURL", 1): null

2019-10-03 17:40:29 - [TEST_STEP][PASSED] - ofbizuser = findTestData("credData").getValue("ofbizuser", 1): null

2019-10-03 17:40:29 - [TEST_STEP][PASSED] - ofbizpass = findTestData("credData").getValue("ofbizpass", 1): null

2019-10-03 17:40:29 - [TEST_STEP][PASSED] - navigateToUrl(ofbizURL): Navigate to 'https://pushofbiz.cliotest.com/login.php' successfully

2019-10-03 17:40:31 - [MESSAGE][PASSED] - Navigate to 'https://pushofbiz.cliotest.com/login.php' successfully

2019-10-03 17:40:31 - [TEST_STEP][PASSED] - setText(findTestObject("Page_/input_Username_username"), ofbizuser): Text 'automation' is set on object 'Object Repository/Page_/input_Username_username'

2019-10-03 17:40:31 - [MESSAGE][PASSED] - Text 'automation' is set on object 'Object Repository/Page_/input_Username_username'

2019-10-03 17:40:31 - [TEST_STEP][PASSED] - setText(findTestObject("Page_/input_Password_password"), ofbizpass): Text 'cabiautomation' is set on object 'Object Repository/Page_/input_Password_password'

2019-10-03 17:40:31 - [MESSAGE][PASSED] - Text 'cabiautomation' is set on object 'Object Repository/Page_/input_Password_password'

2019-10-03 17:40:31 - [TEST_STEP][PASSED] - click(findTestObject("Page_/input_Password_Submit")): Object: 'Object Repository/Page_/input_Password_Submit' is clicked on

2019-10-03 17:40:35 - [MESSAGE][PASSED] - Object: 'Object Repository/Page_/input_Password_Submit' is clicked on

2019-10-03 17:40:35 - [TEST_STEP][PASSED] - click(findTestObject("Object Repository/Page_/a_Clock set")): Object: 'Object Repository/Page_/a_Clock set' is clicked on

2019-10-03 17:40:36 - [MESSAGE][PASSED] - Object: 'Object Repository/Page_/a_Clock set' is clicked on

2019-10-03 17:40:36 - [TEST_STEP][PASSED] - cst = UtilityMethods.createTestObject("select_target", "//select[@name='Target']/option[contains(text(), '", clockServerTarget, "')]"): null

2019-10-03 17:40:36 - [TEST_STEP][PASSED] - println(clockServerTarget): null

2019-10-03 17:40:36 - [TEST_STEP][PASSED] - click(cst): Object: 'select_target' is clicked on

2019-10-03 17:40:36 - [MESSAGE][PASSED] - Object: 'select_target' is clicked on

2019-10-03 17:40:36 - [TEST_STEP][PASSED] - click(findTestObject("Page_/thisDateAndTime")): Object: 'Object Repository/Page_/thisDateAndTime' is clicked on

2019-10-03 17:40:36 - [MESSAGE][PASSED] - Object: 'Object Repository/Page_/thisDateAndTime' is clicked on

2019-10-03 17:40:36 - [TEST_STEP][PASSED] - setText(findTestObject("Object Repository/Page_/setTargetTime"), timeZone): Text ' 10/24/2019 00:00' is set on object 'Object Repository/Page_/setTargetTime'

2019-10-03 17:40:36 - [MESSAGE][PASSED] - Text ' 10/24/2019 00:00' is set on object 'Object Repository/Page_/setTargetTime'

2019-10-03 17:40:36 - [TEST_STEP][PASSED] - click(findTestObject("Object Repository/Page_/input")): Object: 'Object Repository/Page_/input' is clicked on

2019-10-03 17:40:36 - [MESSAGE][PASSED] - Object: 'Object Repository/Page_/input' is clicked on

2019-10-03 17:40:36 - [TEST_STEP][PASSED] - delay(10): Delayed 10 second(s)

2019-10-03 17:40:46 - [MESSAGE][PASSED] - Delayed 10 second(s)

2019-10-03 17:40:46 - [TEST_STEP][NOT_RUN] - closeBrowser(): NOT_RUN: closeBrowser()

2019-10-03 17:40:46 - [MESSAGE][NOT_RUN] - NOT_RUN: closeBrowser()

2019-10-03 17:40:46 - [MESSAGE][PASSED] - Call Test Case 'Test Cases/NewArrival/setTimezone' successfully

2019-10-03 17:40:46 - [TEST_STEP][PASSED] - callTestCase(findTestCase("TestCaseUtilities/backOfficeLogin"), ["BOURL":"", "BOuser":"", "BOpass":""], CONTINUE_ON_FAILURE): Call Test Case 'Test Cases/TestCaseUtilities/backOfficeLogin' successfully

2019-10-03 17:40:47 - [TEST_CASE][PASSED] - Test Cases/TestCaseUtilities/backOfficeLogin: Test Cases/TestCaseUtilities/backOfficeLogin

2019-10-03 17:40:47 - [TEST_STEP][PASSED] - BOURL = findTestData("envtData").getValue("BOURL", 1): null

2019-10-03 17:40:47 - [TEST_STEP][PASSED] - BOuser = findTestData("credData").getValue("BOuser", 1): null

2019-10-03 17:40:47 - [TEST_STEP][PASSED] - BOpass = findTestData("credData").getValue("BOpass", 1): null

2019-10-03 17:40:47 - [TEST_STEP][PASSED] - openBrowser(""): Browser is opened with url: ''

2019-10-03 17:40:47 - [MESSAGE][WARNING] - A browser is already opened. Closing browser and opening a new one

2019-10-03 17:40:47 - [MESSAGE][INFO] - Starting 'Chrome' driver

2019-10-03 17:40:47 - [MESSAGE][INFO] - User set preference: ['args', '[--use-fake-ui-for-media-stream, --start-maximized]']

2019-10-03 17:40:49 - [MESSAGE][PASSED] - Browser is opened with url: ''

2019-10-03 17:40:49 - [TEST_STEP][PASSED] - navigateToUrl(BOURL): Navigate to 'https://test4.cliotest.com/backoffice/control/main' successfully

2019-10-03 17:40:56 - [MESSAGE][PASSED] - Navigate to 'https://test4.cliotest.com/backoffice/control/main' successfully

2019-10-03 17:40:56 - [TEST_STEP][PASSED] - logOut = findWebElements(findTestObject("Object Repository/Page_cabi Home/log_out"), 1): Unable to find the element located by 'By.xpath: //a[contains(text(),'Log Out')]'. Please recheck the objects properties to make sure the desired element is located. 

2019-10-03 17:40:57 - [MESSAGE][INFO] - Unable to find the element located by 'By.xpath: //a[contains(text(),'Log Out')]'. Please recheck the objects properties to make sure the desired element is located. 

2019-10-03 17:40:57 - [TEST_STEP][PASSED] - if (logOut.size() == 0): Object: 'Object Repository/Page_cabi/input_Welcome to_consultantLogin' is clicked on

2019-10-03 17:40:57 - [TEST_STEP][PASSED] - setText(findTestObject("Page_cabi/input_Welcome to_USERNAME"), BOuser): Text '400000002' is set on object 'Object Repository/Page_cabi/input_Welcome to_USERNAME'

2019-10-03 17:40:57 - [MESSAGE][PASSED] - Text '400000002' is set on object 'Object Repository/Page_cabi/input_Welcome to_USERNAME'

2019-10-03 17:40:57 - [TEST_STEP][PASSED] - setText(findTestObject("Object Repository/Page_cabi/input_Welcome to_PASSWORD"), BOpass): Text 'blackdress19' is set on object 'Object Repository/Page_cabi/input_Welcome to_PASSWORD'

2019-10-03 17:40:58 - [MESSAGE][PASSED] - Text 'blackdress19' is set on object 'Object Repository/Page_cabi/input_Welcome to_PASSWORD'

2019-10-03 17:40:58 - [TEST_STEP][PASSED] - click(findTestObject("Object Repository/Page_cabi/input_Welcome to_consultantLogin")): Object: 'Object Repository/Page_cabi/input_Welcome to_consultantLogin' is clicked on

2019-10-03 17:41:05 - [MESSAGE][PASSED] - Object: 'Object Repository/Page_cabi/input_Welcome to_consultantLogin' is clicked on

2019-10-03 17:41:05 - [TEST_STEP][PASSED] - delay(3): Delayed 3 second(s)

2019-10-03 17:41:08 - [MESSAGE][PASSED] - Delayed 3 second(s)

2019-10-03 17:41:08 - [MESSAGE][PASSED] - Call Test Case 'Test Cases/TestCaseUtilities/backOfficeLogin' successfully

2019-10-03 17:41:08 - [TEST_STEP][PASSED] - driver = getWebDriver(): null

2019-10-03 17:41:08 - [TEST_STEP][PASSED] - executor = driver: null

2019-10-03 17:41:08 - [TEST_STEP][PASSED] - AshowOrders = findWebElement(findTestObject("Page_cabi Home/a_retail_purchases"), 30): null

2019-10-03 17:41:08 - [TEST_STEP][PASSED] - executeJavaScript("arguments[0].click()", Arrays.asList(AshowOrders)): Execute JavaScript 'arguments[0].click()' successfully

2019-10-03 17:41:12 - [MESSAGE][PASSED] - Execute JavaScript 'arguments[0].click()' successfully

2019-10-03 17:41:12 - [TEST_STEP][PASSED] - delay(3): Delayed 3 second(s)

2019-10-03 17:41:15 - [MESSAGE][PASSED] - Delayed 3 second(s)

2019-10-03 17:41:15 - [TEST_STEP][PASSED] - click(findTestObject("Object Repository/Page_cabi Home/existingCustomer")): Object: 'Object Repository/Page_cabi Home/existingCustomer' is clicked on

2019-10-03 17:41:15 - [MESSAGE][PASSED] - Object: 'Object Repository/Page_cabi Home/existingCustomer' is clicked on

2019-10-03 17:41:15 - [TEST_STEP][PASSED] - contactNumber = 1: null

2019-10-03 17:41:15 - [TEST_STEP][PASSED] - firstName = findTestData("contactData").getValue("firstName", contactNumber): null

2019-10-03 17:41:15 - [TEST_STEP][PASSED] - lastName = findTestData("contactData").getValue("lastName", contactNumber): null

2019-10-03 17:41:15 - [TEST_STEP][PASSED] - email = findTestData("contactData").getValue("email", contactNumber): null

2019-10-03 17:41:15 - [TEST_STEP][PASSED] - address1 = findTestData("contactData").getValue("address1", contactNumber): null

2019-10-03 17:41:15 - [TEST_STEP][PASSED] - city = findTestData("contactData").getValue("city", contactNumber): null

2019-10-03 17:41:15 - [TEST_STEP][PASSED] - state = findTestData("contactData").getValue("state", contactNumber): null

2019-10-03 17:41:15 - [TEST_STEP][PASSED] - zip = findTestData("contactData").getValue("zip", contactNumber): null

2019-10-03 17:41:15 - [TEST_STEP][PASSED] - existingCustFName = firstName: null

2019-10-03 17:41:15 - [TEST_STEP][PASSED] - existingCustLName = lastName: null

2019-10-03 17:41:15 - [TEST_STEP][PASSED] - space = " ": null

2019-10-03 17:41:15 - [TEST_STEP][PASSED] - existingCust = $existingCustFName$space$existingCustLName: null

2019-10-03 17:41:15 - [TEST_STEP][PASSED] - setText(findTestObject("Object Repository/Page_cabi Home/input_existing_guest"), existingCust): Text 'ahostess-test1 abc' is set on object 'Object Repository/Page_cabi Home/input_existing_guest'

2019-10-03 17:41:15 - [MESSAGE][PASSED] - Text 'ahostess-test1 abc' is set on object 'Object Repository/Page_cabi Home/input_existing_guest'

2019-10-03 17:41:15 - [TEST_STEP][PASSED] - delay(2): Delayed 2 second(s)

2019-10-03 17:41:17 - [MESSAGE][PASSED] - Delayed 2 second(s)

2019-10-03 17:41:17 - [TEST_STEP][PASSED] - sendKeys(findTestObject("Object Repository/Page_cabi Home/input_existing_guest"), Keys.chord(ARROW_DOWN)): Keys 'DOWN + ' sent to object: 'Object Repository/Page_cabi Home/input_existing_guest'

2019-10-03 17:41:17 - [MESSAGE][PASSED] - Keys 'DOWN + ' sent to object: 'Object Repository/Page_cabi Home/input_existing_guest'

2019-10-03 17:41:17 - [TEST_STEP][PASSED] - sendKeys(findTestObject("Object Repository/Page_cabi Home/input_existing_guest"), Keys.chord(ENTER)): Keys 'ENTER + ' sent to object: 'Object Repository/Page_cabi Home/input_existing_guest'

2019-10-03 17:41:18 - [MESSAGE][PASSED] - Keys 'ENTER + ' sent to object: 'Object Repository/Page_cabi Home/input_existing_guest'

2019-10-03 17:41:18 - [TEST_STEP][PASSED] - delay(5): Delayed 5 second(s)

2019-10-03 17:41:23 - [MESSAGE][PASSED] - Delayed 5 second(s)

2019-10-03 17:41:23 - [TEST_STEP][PASSED] - executor.executeScript("arguments[0].click();", findWebElement(findTestObject("Object Repository/Page_cabi Home/a_same_shipping_address"), 5)): null

2019-10-03 17:41:23 - [TEST_STEP][PASSED] - click(findTestObject("Object Repository/Page_cabi Home/a_same_shipping_address")): Object: 'Object Repository/Page_cabi Home/a_same_shipping_address' is clicked on

2019-10-03 17:41:23 - [MESSAGE][PASSED] - Object: 'Object Repository/Page_cabi Home/a_same_shipping_address' is clicked on

2019-10-03 17:41:23 - [TEST_STEP][PASSED] - delay(5): Delayed 5 second(s)

2019-10-03 17:41:28 - [MESSAGE][PASSED] - Delayed 5 second(s)

2019-10-03 17:41:28 - [TEST_STEP][PASSED] - println(executor.executeScript("return arguments[0].value;", findWebElement(findTestObject("Page_cabi Retail Store/span_next_1"), 5))): null

2019-10-03 17:41:28 - [TEST_STEP][PASSED] - executor.executeScript("arguments[0].click();", findWebElement(findTestObject("Page_cabi Retail Store/span_next_1"), 5)): null

2019-10-03 17:41:28 - [TEST_STEP][PASSED] - click(findTestObject("Page_cabi Retail Store/span_next_1")): Object: 'Object Repository/Page_cabi Retail Store/span_next_1' is clicked on

2019-10-03 17:41:28 - [MESSAGE][PASSED] - Object: 'Object Repository/Page_cabi Retail Store/span_next_1' is clicked on

2019-10-03 17:41:28 - [TEST_STEP][PASSED] - delay(3): Delayed 3 second(s)

2019-10-03 17:41:31 - [MESSAGE][PASSED] - Delayed 3 second(s)

2019-10-03 17:41:31 - [TEST_STEP][PASSED] - callTestCase(findTestCase("NewArrival/productVerify"), ["available":BORetail, "storeType":"BORetail"], CONTINUE_ON_FAILURE): Call Test Case 'Test Cases/NewArrival/productVerify' successfully

2019-10-03 17:41:31 - [TEST_CASE][PASSED] - Test Cases/NewArrival/productVerify: Test Cases/NewArrival/productVerify

2019-10-03 17:41:31 - [TEST_STEP][PASSED] - sa = <not implemented yet for class: org.codehaus.groovy.ast.expr.EmptyExpression>: null

2019-10-03 17:41:31 - [TEST_STEP][PASSED] - styleid_data = <not implemented yet for class: org.codehaus.groovy.ast.expr.EmptyExpression>: null

2019-10-03 17:41:31 - [TEST_STEP][PASSED] - by = <not implemented yet for class: org.codehaus.groovy.ast.expr.EmptyExpression>: null

2019-10-03 17:41:31 - [TEST_STEP][PASSED] - styleWe = <not implemented yet for class: org.codehaus.groovy.ast.expr.EmptyExpression>: null

2019-10-03 17:41:31 - [TEST_STEP][PASSED] - to = <not implemented yet for class: org.codehaus.groovy.ast.expr.EmptyExpression>: null

2019-10-03 17:41:31 - [TEST_STEP][PASSED] - driver = getWebDriver(): null

2019-10-03 17:41:31 - [TEST_STEP][PASSED] - for ([row = 1, row <= findTestData("productData").getRowNumbers(), (row++)]): Actual text and expected text of test object 'Object Repository/Page_cabi Order Items/no_result_found' are matched.

2019-10-03 17:41:32 - [TEST_STEP][PASSED] - delay(3): Delayed 3 second(s)

2019-10-03 17:41:35 - [MESSAGE][PASSED] - Delayed 3 second(s)

2019-10-03 17:41:35 - [TEST_STEP][PASSED] - sa = new org.testng.asserts.SoftAssert(): null

2019-10-03 17:41:35 - [TEST_STEP][PASSED] - styleid_data = findTestData("productData").getValue("Style", row): null

2019-10-03 17:41:35 - [TEST_STEP][PASSED] - println("******************+++++++++++++++++++**********************************************"): null

2019-10-03 17:41:35 - [TEST_STEP][PASSED] - println(styleid_data): null

2019-10-03 17:41:35 - [TEST_STEP][PASSED] - by = By.xpath("//input[@name='style']"): null

2019-10-03 17:41:35 - [TEST_STEP][PASSED] - styleWe = UtilityMethods.getElementByLocator(by, driver): null

2019-10-03 17:41:35 - [TEST_STEP][PASSED] - to = UtilityMethods.fromElement(styleWe): null

2019-10-03 17:41:35 - [TEST_STEP][PASSED] - setText(to, styleid_data): Text '3863' is set on object ''

2019-10-03 17:41:35 - [MESSAGE][PASSED] - Text '3863' is set on object ''

2019-10-03 17:41:35 - [TEST_STEP][PASSED] - sendKeys(to, Keys.chord(ENTER)): Keys 'ENTER + ' sent to object: ''

2019-10-03 17:41:35 - [MESSAGE][PASSED] - Keys 'ENTER + ' sent to object: ''

2019-10-03 17:41:35 - [TEST_STEP][PASSED] - delay(2): Delayed 2 second(s)

2019-10-03 17:41:37 - [MESSAGE][PASSED] - Delayed 2 second(s)

2019-10-03 17:41:37 - [TEST_STEP][PASSED] - if (toString().equalsIgnoreCase("no")): Actual text and expected text of test object 'Object Repository/Page_cabi Order Items/no_result_found' are matched.

2019-10-03 17:41:37 - [TEST_STEP][PASSED] - delay(2): Delayed 2 second(s)

2019-10-03 17:41:39 - [MESSAGE][PASSED] - Delayed 2 second(s)

2019-10-03 17:41:39 - [TEST_STEP][PASSED] - noResultMessages = findWebElements(findTestObject("Page_cabi Order Items/no_result_found"), 5): null

2019-10-03 17:41:39 - [TEST_STEP][PASSED] - println(noResultMessages.size()): null

2019-10-03 17:41:39 - [TEST_STEP][PASSED] - sa.assertTrue(noResultMessages.size() > 0): null

2019-10-03 17:41:39 - [TEST_STEP][PASSED] - verifyElementText(findTestObject("Page_cabi Order Items/no_result_found"), "No Results Found!", CONTINUE_ON_FAILURE): Actual text and expected text of test object 'Object Repository/Page_cabi Order Items/no_result_found' are matched.

2019-10-03 17:41:39 - [MESSAGE][PASSED] - Actual text and expected text of test object 'Object Repository/Page_cabi Order Items/no_result_found' are matched.

2019-10-03 17:41:39 - [MESSAGE][PASSED] - Call Test Case 'Test Cases/NewArrival/productVerify' successfully]]></system-out>
         <system-err><![CDATA[]]></system-err>
      </testcase>
      <testcase name="Test Cases/NA_Timezone_Separated/BORetail3" classname="Test Cases/NA_Timezone_Separated/BORetail3" status="PASSED">
         <system-out><![CDATA[2019-10-03 17:41:39 - [TEST_CASE][PASSED] - Test Cases/NA_Timezone_Separated/BORetail3: Test Cases/NA_Timezone_Separated/BORetail3

2019-10-03 17:41:39 - [TEST_STEP][PASSED] - Start listener action : sampleBeforeTestCase: null

2019-10-03 17:41:39 - [TEST_STEP][PASSED] - println(testCaseContext.getTestCaseId()): null

2019-10-03 17:41:39 - [TEST_STEP][PASSED] - println(testCaseContext.getTestCaseVariables()): null

2019-10-03 17:41:39 - [TEST_STEP][PASSED] - openBrowser(""): Browser is opened with url: ''

2019-10-03 17:41:39 - [MESSAGE][WARNING] - A browser is already opened. Closing browser and opening a new one

2019-10-03 17:41:40 - [MESSAGE][INFO] - Starting 'Chrome' driver

2019-10-03 17:41:40 - [MESSAGE][INFO] - User set preference: ['args', '[--use-fake-ui-for-media-stream, --start-maximized]']

2019-10-03 17:41:42 - [MESSAGE][PASSED] - Browser is opened with url: ''

2019-10-03 17:41:42 - [TEST_STEP][PASSED] - driver = <not implemented yet for class: org.codehaus.groovy.ast.expr.EmptyExpression>: null

2019-10-03 17:41:42 - [TEST_STEP][PASSED] - executor = <not implemented yet for class: org.codehaus.groovy.ast.expr.EmptyExpression>: null

2019-10-03 17:41:42 - [TEST_STEP][PASSED] - for ([timeRow = 3, timeRow <= 3, (timeRow++)]): Call Test Case 'Test Cases/NewArrival/productVerify' successfully

2019-10-03 17:41:42 - [TEST_STEP][PASSED] - callTestCase(findTestCase("NewArrival/populateTimeGlobalVars"), ["row":timeRow], CONTINUE_ON_FAILURE): Call Test Case 'Test Cases/NewArrival/populateTimeGlobalVars' successfully

2019-10-03 17:41:42 - [TEST_CASE][PASSED] - Test Cases/NewArrival/populateTimeGlobalVars: Test Cases/NewArrival/populateTimeGlobalVars

2019-10-03 17:41:42 - [TEST_STEP][PASSED] - dataFile = "timezoneData": null

2019-10-03 17:41:42 - [TEST_STEP][PASSED] - clockServerTarget = UtilityMethods.getTestData("envtData", "clockServerTarget", 1): null

2019-10-03 17:41:42 - [TEST_STEP][PASSED] - println(clockServerTarget): null

2019-10-03 17:41:42 - [TEST_STEP][PASSED] - orderType = UtilityMethods.getTestData(dataFile, "orderType", row): null

2019-10-03 17:41:42 - [TEST_STEP][PASSED] - timeZone = UtilityMethods.getTestData(dataFile, "timeZone", row): null

2019-10-03 17:41:42 - [TEST_STEP][PASSED] - BOPersonal = UtilityMethods.getTestData(dataFile, "BOPersonal", row): null

2019-10-03 17:41:42 - [TEST_STEP][PASSED] - BOAddonPersonal = UtilityMethods.getTestData(dataFile, "BOAddonPersonal", row): null

2019-10-03 17:41:42 - [TEST_STEP][PASSED] - BOAddonRetail = UtilityMethods.getTestData(dataFile, "BOAddonRetail", row): null

2019-10-03 17:41:42 - [TEST_STEP][PASSED] - BORetail = UtilityMethods.getTestData(dataFile, "BORetail", row): null

2019-10-03 17:41:42 - [TEST_STEP][PASSED] - BOShow = UtilityMethods.getTestData(dataFile, "BOShow", row): null

2019-10-03 17:41:42 - [TEST_STEP][PASSED] - BOOnlineoutlet = UtilityMethods.getTestData(dataFile, "BOOnlineoutlet", row): null

2019-10-03 17:41:42 - [TEST_STEP][PASSED] - BOEmployee = UtilityMethods.getTestData(dataFile, "BOEmployee", row): null

2019-10-03 17:41:42 - [TEST_STEP][PASSED] - CCPersonal = UtilityMethods.getTestData(dataFile, "CCPersonal", row): null

2019-10-03 17:41:42 - [TEST_STEP][PASSED] - CCRetail = UtilityMethods.getTestData(dataFile, "CCRetail", row): null

2019-10-03 17:41:42 - [TEST_STEP][PASSED] - CCShow = UtilityMethods.getTestData(dataFile, "CCShow", row): null

2019-10-03 17:41:42 - [TEST_STEP][PASSED] - BOEblast = UtilityMethods.getTestData(dataFile, "BOEblast", row): null

2019-10-03 17:41:42 - [TEST_STEP][PASSED] - println(row): null

2019-10-03 17:41:42 - [TEST_STEP][PASSED] - println(BOPersonal): null

2019-10-03 17:41:42 - [MESSAGE][PASSED] - Call Test Case 'Test Cases/NewArrival/populateTimeGlobalVars' successfully

2019-10-03 17:41:42 - [TEST_STEP][PASSED] - callTestCase(findTestCase("NewArrival/setTimezone"), ["ofbizURL":"", "ofbizuser":"", "ofbizpass":"", "orderType":orderType, "timeZone":timeZone, "serverTarget":serverTarget, "clockServerTarget":clockServerTarget], CONTINUE_ON_FAILURE): Call Test Case 'Test Cases/NewArrival/setTimezone' successfully

2019-10-03 17:41:43 - [TEST_CASE][PASSED] - Test Cases/NewArrival/setTimezone: Test Cases/NewArrival/setTimezone

2019-10-03 17:41:43 - [TEST_STEP][PASSED] - openBrowser(""): Browser is opened with url: ''

2019-10-03 17:41:43 - [MESSAGE][WARNING] - A browser is already opened. Closing browser and opening a new one

2019-10-03 17:41:43 - [MESSAGE][INFO] - Starting 'Chrome' driver

2019-10-03 17:41:43 - [MESSAGE][INFO] - User set preference: ['args', '[--use-fake-ui-for-media-stream, --start-maximized]']

2019-10-03 17:41:45 - [MESSAGE][PASSED] - Browser is opened with url: ''

2019-10-03 17:41:45 - [TEST_STEP][NOT_RUN] - maximizeWindow(): NOT_RUN: maximizeWindow()

2019-10-03 17:41:45 - [MESSAGE][NOT_RUN] - NOT_RUN: maximizeWindow()

2019-10-03 17:41:45 - [TEST_STEP][PASSED] - ofbizURL = findTestData("envtData").getValue("ofbizURL", 1): null

2019-10-03 17:41:45 - [TEST_STEP][PASSED] - ofbizuser = findTestData("credData").getValue("ofbizuser", 1): null

2019-10-03 17:41:45 - [TEST_STEP][PASSED] - ofbizpass = findTestData("credData").getValue("ofbizpass", 1): null

2019-10-03 17:41:45 - [TEST_STEP][PASSED] - navigateToUrl(ofbizURL): Navigate to 'https://pushofbiz.cliotest.com/login.php' successfully

2019-10-03 17:41:47 - [MESSAGE][PASSED] - Navigate to 'https://pushofbiz.cliotest.com/login.php' successfully

2019-10-03 17:41:47 - [TEST_STEP][PASSED] - setText(findTestObject("Page_/input_Username_username"), ofbizuser): Text 'automation' is set on object 'Object Repository/Page_/input_Username_username'

2019-10-03 17:41:48 - [MESSAGE][PASSED] - Text 'automation' is set on object 'Object Repository/Page_/input_Username_username'

2019-10-03 17:41:48 - [TEST_STEP][PASSED] - setText(findTestObject("Page_/input_Password_password"), ofbizpass): Text 'cabiautomation' is set on object 'Object Repository/Page_/input_Password_password'

2019-10-03 17:41:48 - [MESSAGE][PASSED] - Text 'cabiautomation' is set on object 'Object Repository/Page_/input_Password_password'

2019-10-03 17:41:48 - [TEST_STEP][PASSED] - click(findTestObject("Page_/input_Password_Submit")): Object: 'Object Repository/Page_/input_Password_Submit' is clicked on

2019-10-03 17:41:51 - [MESSAGE][PASSED] - Object: 'Object Repository/Page_/input_Password_Submit' is clicked on

2019-10-03 17:41:51 - [TEST_STEP][PASSED] - click(findTestObject("Object Repository/Page_/a_Clock set")): Object: 'Object Repository/Page_/a_Clock set' is clicked on

2019-10-03 17:41:51 - [MESSAGE][PASSED] - Object: 'Object Repository/Page_/a_Clock set' is clicked on

2019-10-03 17:41:51 - [TEST_STEP][PASSED] - cst = UtilityMethods.createTestObject("select_target", "//select[@name='Target']/option[contains(text(), '", clockServerTarget, "')]"): null

2019-10-03 17:41:51 - [TEST_STEP][PASSED] - println(clockServerTarget): null

2019-10-03 17:41:51 - [TEST_STEP][PASSED] - click(cst): Object: 'select_target' is clicked on

2019-10-03 17:41:51 - [MESSAGE][PASSED] - Object: 'select_target' is clicked on

2019-10-03 17:41:51 - [TEST_STEP][PASSED] - click(findTestObject("Page_/thisDateAndTime")): Object: 'Object Repository/Page_/thisDateAndTime' is clicked on

2019-10-03 17:41:51 - [MESSAGE][PASSED] - Object: 'Object Repository/Page_/thisDateAndTime' is clicked on

2019-10-03 17:41:51 - [TEST_STEP][PASSED] - setText(findTestObject("Object Repository/Page_/setTargetTime"), timeZone): Text ' 11/01/2019 12:00' is set on object 'Object Repository/Page_/setTargetTime'

2019-10-03 17:41:51 - [MESSAGE][PASSED] - Text ' 11/01/2019 12:00' is set on object 'Object Repository/Page_/setTargetTime'

2019-10-03 17:41:51 - [TEST_STEP][PASSED] - click(findTestObject("Object Repository/Page_/input")): Object: 'Object Repository/Page_/input' is clicked on

2019-10-03 17:41:52 - [MESSAGE][PASSED] - Object: 'Object Repository/Page_/input' is clicked on

2019-10-03 17:41:52 - [TEST_STEP][PASSED] - delay(10): Delayed 10 second(s)

2019-10-03 17:42:02 - [MESSAGE][PASSED] - Delayed 10 second(s)

2019-10-03 17:42:02 - [TEST_STEP][NOT_RUN] - closeBrowser(): NOT_RUN: closeBrowser()

2019-10-03 17:42:02 - [MESSAGE][NOT_RUN] - NOT_RUN: closeBrowser()

2019-10-03 17:42:02 - [MESSAGE][PASSED] - Call Test Case 'Test Cases/NewArrival/setTimezone' successfully

2019-10-03 17:42:02 - [TEST_STEP][PASSED] - callTestCase(findTestCase("TestCaseUtilities/backOfficeLogin"), ["BOURL":"", "BOuser":"", "BOpass":""], CONTINUE_ON_FAILURE): Call Test Case 'Test Cases/TestCaseUtilities/backOfficeLogin' successfully

2019-10-03 17:42:02 - [TEST_CASE][PASSED] - Test Cases/TestCaseUtilities/backOfficeLogin: Test Cases/TestCaseUtilities/backOfficeLogin

2019-10-03 17:42:02 - [TEST_STEP][PASSED] - BOURL = findTestData("envtData").getValue("BOURL", 1): null

2019-10-03 17:42:02 - [TEST_STEP][PASSED] - BOuser = findTestData("credData").getValue("BOuser", 1): null

2019-10-03 17:42:02 - [TEST_STEP][PASSED] - BOpass = findTestData("credData").getValue("BOpass", 1): null

2019-10-03 17:42:02 - [TEST_STEP][PASSED] - openBrowser(""): Browser is opened with url: ''

2019-10-03 17:42:02 - [MESSAGE][WARNING] - A browser is already opened. Closing browser and opening a new one

2019-10-03 17:42:03 - [MESSAGE][INFO] - Starting 'Chrome' driver

2019-10-03 17:42:03 - [MESSAGE][INFO] - User set preference: ['args', '[--use-fake-ui-for-media-stream, --start-maximized]']

2019-10-03 17:42:05 - [MESSAGE][PASSED] - Browser is opened with url: ''

2019-10-03 17:42:05 - [TEST_STEP][PASSED] - navigateToUrl(BOURL): Navigate to 'https://test4.cliotest.com/backoffice/control/main' successfully

2019-10-03 17:42:12 - [MESSAGE][PASSED] - Navigate to 'https://test4.cliotest.com/backoffice/control/main' successfully

2019-10-03 17:42:12 - [TEST_STEP][PASSED] - logOut = findWebElements(findTestObject("Object Repository/Page_cabi Home/log_out"), 1): Unable to find the element located by 'By.xpath: //a[contains(text(),'Log Out')]'. Please recheck the objects properties to make sure the desired element is located. 

2019-10-03 17:42:13 - [MESSAGE][INFO] - Unable to find the element located by 'By.xpath: //a[contains(text(),'Log Out')]'. Please recheck the objects properties to make sure the desired element is located. 

2019-10-03 17:42:13 - [TEST_STEP][PASSED] - if (logOut.size() == 0): Object: 'Object Repository/Page_cabi/input_Welcome to_consultantLogin' is clicked on

2019-10-03 17:42:13 - [TEST_STEP][PASSED] - setText(findTestObject("Page_cabi/input_Welcome to_USERNAME"), BOuser): Text '400000002' is set on object 'Object Repository/Page_cabi/input_Welcome to_USERNAME'

2019-10-03 17:42:14 - [MESSAGE][PASSED] - Text '400000002' is set on object 'Object Repository/Page_cabi/input_Welcome to_USERNAME'

2019-10-03 17:42:14 - [TEST_STEP][PASSED] - setText(findTestObject("Object Repository/Page_cabi/input_Welcome to_PASSWORD"), BOpass): Text 'blackdress19' is set on object 'Object Repository/Page_cabi/input_Welcome to_PASSWORD'

2019-10-03 17:42:14 - [MESSAGE][PASSED] - Text 'blackdress19' is set on object 'Object Repository/Page_cabi/input_Welcome to_PASSWORD'

2019-10-03 17:42:14 - [TEST_STEP][PASSED] - click(findTestObject("Object Repository/Page_cabi/input_Welcome to_consultantLogin")): Object: 'Object Repository/Page_cabi/input_Welcome to_consultantLogin' is clicked on

2019-10-03 17:42:21 - [MESSAGE][PASSED] - Object: 'Object Repository/Page_cabi/input_Welcome to_consultantLogin' is clicked on

2019-10-03 17:42:21 - [TEST_STEP][PASSED] - delay(3): Delayed 3 second(s)

2019-10-03 17:42:24 - [MESSAGE][PASSED] - Delayed 3 second(s)

2019-10-03 17:42:24 - [MESSAGE][PASSED] - Call Test Case 'Test Cases/TestCaseUtilities/backOfficeLogin' successfully

2019-10-03 17:42:24 - [TEST_STEP][PASSED] - driver = getWebDriver(): null

2019-10-03 17:42:24 - [TEST_STEP][PASSED] - executor = driver: null

2019-10-03 17:42:24 - [TEST_STEP][PASSED] - AshowOrders = findWebElement(findTestObject("Page_cabi Home/a_retail_purchases"), 30): null

2019-10-03 17:42:24 - [TEST_STEP][PASSED] - executeJavaScript("arguments[0].click()", Arrays.asList(AshowOrders)): Execute JavaScript 'arguments[0].click()' successfully

2019-10-03 17:42:28 - [MESSAGE][PASSED] - Execute JavaScript 'arguments[0].click()' successfully

2019-10-03 17:42:28 - [TEST_STEP][PASSED] - delay(3): Delayed 3 second(s)

2019-10-03 17:42:31 - [MESSAGE][PASSED] - Delayed 3 second(s)

2019-10-03 17:42:31 - [TEST_STEP][PASSED] - click(findTestObject("Object Repository/Page_cabi Home/existingCustomer")): Object: 'Object Repository/Page_cabi Home/existingCustomer' is clicked on

2019-10-03 17:42:31 - [MESSAGE][PASSED] - Object: 'Object Repository/Page_cabi Home/existingCustomer' is clicked on

2019-10-03 17:42:31 - [TEST_STEP][PASSED] - contactNumber = 1: null

2019-10-03 17:42:31 - [TEST_STEP][PASSED] - firstName = findTestData("contactData").getValue("firstName", contactNumber): null

2019-10-03 17:42:31 - [TEST_STEP][PASSED] - lastName = findTestData("contactData").getValue("lastName", contactNumber): null

2019-10-03 17:42:31 - [TEST_STEP][PASSED] - email = findTestData("contactData").getValue("email", contactNumber): null

2019-10-03 17:42:32 - [TEST_STEP][PASSED] - address1 = findTestData("contactData").getValue("address1", contactNumber): null

2019-10-03 17:42:32 - [TEST_STEP][PASSED] - city = findTestData("contactData").getValue("city", contactNumber): null

2019-10-03 17:42:32 - [TEST_STEP][PASSED] - state = findTestData("contactData").getValue("state", contactNumber): null

2019-10-03 17:42:32 - [TEST_STEP][PASSED] - zip = findTestData("contactData").getValue("zip", contactNumber): null

2019-10-03 17:42:32 - [TEST_STEP][PASSED] - existingCustFName = firstName: null

2019-10-03 17:42:32 - [TEST_STEP][PASSED] - existingCustLName = lastName: null

2019-10-03 17:42:32 - [TEST_STEP][PASSED] - space = " ": null

2019-10-03 17:42:32 - [TEST_STEP][PASSED] - existingCust = $existingCustFName$space$existingCustLName: null

2019-10-03 17:42:32 - [TEST_STEP][PASSED] - setText(findTestObject("Object Repository/Page_cabi Home/input_existing_guest"), existingCust): Text 'ahostess-test1 abc' is set on object 'Object Repository/Page_cabi Home/input_existing_guest'

2019-10-03 17:42:32 - [MESSAGE][PASSED] - Text 'ahostess-test1 abc' is set on object 'Object Repository/Page_cabi Home/input_existing_guest'

2019-10-03 17:42:32 - [TEST_STEP][PASSED] - delay(2): Delayed 2 second(s)

2019-10-03 17:42:34 - [MESSAGE][PASSED] - Delayed 2 second(s)

2019-10-03 17:42:34 - [TEST_STEP][PASSED] - sendKeys(findTestObject("Object Repository/Page_cabi Home/input_existing_guest"), Keys.chord(ARROW_DOWN)): Keys 'DOWN + ' sent to object: 'Object Repository/Page_cabi Home/input_existing_guest'

2019-10-03 17:42:34 - [MESSAGE][PASSED] - Keys 'DOWN + ' sent to object: 'Object Repository/Page_cabi Home/input_existing_guest'

2019-10-03 17:42:34 - [TEST_STEP][PASSED] - sendKeys(findTestObject("Object Repository/Page_cabi Home/input_existing_guest"), Keys.chord(ENTER)): Keys 'ENTER + ' sent to object: 'Object Repository/Page_cabi Home/input_existing_guest'

2019-10-03 17:42:35 - [MESSAGE][PASSED] - Keys 'ENTER + ' sent to object: 'Object Repository/Page_cabi Home/input_existing_guest'

2019-10-03 17:42:35 - [TEST_STEP][PASSED] - delay(5): Delayed 5 second(s)

2019-10-03 17:42:40 - [MESSAGE][PASSED] - Delayed 5 second(s)

2019-10-03 17:42:40 - [TEST_STEP][PASSED] - executor.executeScript("arguments[0].click();", findWebElement(findTestObject("Object Repository/Page_cabi Home/a_same_shipping_address"), 5)): null

2019-10-03 17:42:40 - [TEST_STEP][PASSED] - click(findTestObject("Object Repository/Page_cabi Home/a_same_shipping_address")): Object: 'Object Repository/Page_cabi Home/a_same_shipping_address' is clicked on

2019-10-03 17:42:40 - [MESSAGE][PASSED] - Object: 'Object Repository/Page_cabi Home/a_same_shipping_address' is clicked on

2019-10-03 17:42:40 - [TEST_STEP][PASSED] - delay(5): Delayed 5 second(s)

2019-10-03 17:42:45 - [MESSAGE][PASSED] - Delayed 5 second(s)

2019-10-03 17:42:45 - [TEST_STEP][PASSED] - println(executor.executeScript("return arguments[0].value;", findWebElement(findTestObject("Page_cabi Retail Store/span_next_1"), 5))): null

2019-10-03 17:42:45 - [TEST_STEP][PASSED] - executor.executeScript("arguments[0].click();", findWebElement(findTestObject("Page_cabi Retail Store/span_next_1"), 5)): null

2019-10-03 17:42:45 - [TEST_STEP][PASSED] - click(findTestObject("Page_cabi Retail Store/span_next_1")): Object: 'Object Repository/Page_cabi Retail Store/span_next_1' is clicked on

2019-10-03 17:42:45 - [MESSAGE][PASSED] - Object: 'Object Repository/Page_cabi Retail Store/span_next_1' is clicked on

2019-10-03 17:42:45 - [TEST_STEP][PASSED] - delay(3): Delayed 3 second(s)

2019-10-03 17:42:48 - [MESSAGE][PASSED] - Delayed 3 second(s)

2019-10-03 17:42:48 - [TEST_STEP][PASSED] - callTestCase(findTestCase("NewArrival/productVerify"), ["available":BORetail, "storeType":"BORetail"], CONTINUE_ON_FAILURE): Call Test Case 'Test Cases/NewArrival/productVerify' successfully

2019-10-03 17:42:48 - [TEST_CASE][PASSED] - Test Cases/NewArrival/productVerify: Test Cases/NewArrival/productVerify

2019-10-03 17:42:48 - [TEST_STEP][PASSED] - sa = <not implemented yet for class: org.codehaus.groovy.ast.expr.EmptyExpression>: null

2019-10-03 17:42:48 - [TEST_STEP][PASSED] - styleid_data = <not implemented yet for class: org.codehaus.groovy.ast.expr.EmptyExpression>: null

2019-10-03 17:42:48 - [TEST_STEP][PASSED] - by = <not implemented yet for class: org.codehaus.groovy.ast.expr.EmptyExpression>: null

2019-10-03 17:42:48 - [TEST_STEP][PASSED] - styleWe = <not implemented yet for class: org.codehaus.groovy.ast.expr.EmptyExpression>: null

2019-10-03 17:42:48 - [TEST_STEP][PASSED] - to = <not implemented yet for class: org.codehaus.groovy.ast.expr.EmptyExpression>: null

2019-10-03 17:42:48 - [TEST_STEP][PASSED] - driver = getWebDriver(): null

2019-10-03 17:42:48 - [TEST_STEP][PASSED] - for ([row = 1, row <= findTestData("productData").getRowNumbers(), (row++)]): null

2019-10-03 17:42:48 - [TEST_STEP][PASSED] - delay(3): Delayed 3 second(s)

2019-10-03 17:42:51 - [MESSAGE][PASSED] - Delayed 3 second(s)

2019-10-03 17:42:51 - [TEST_STEP][PASSED] - sa = new org.testng.asserts.SoftAssert(): null

2019-10-03 17:42:51 - [TEST_STEP][PASSED] - styleid_data = findTestData("productData").getValue("Style", row): null

2019-10-03 17:42:51 - [TEST_STEP][PASSED] - println("******************+++++++++++++++++++**********************************************"): null

2019-10-03 17:42:51 - [TEST_STEP][PASSED] - println(styleid_data): null

2019-10-03 17:42:51 - [TEST_STEP][PASSED] - by = By.xpath("//input[@name='style']"): null

2019-10-03 17:42:51 - [TEST_STEP][PASSED] - styleWe = UtilityMethods.getElementByLocator(by, driver): null

2019-10-03 17:42:51 - [TEST_STEP][PASSED] - to = UtilityMethods.fromElement(styleWe): null

2019-10-03 17:42:51 - [TEST_STEP][PASSED] - setText(to, styleid_data): Text '3863' is set on object ''

2019-10-03 17:42:51 - [MESSAGE][PASSED] - Text '3863' is set on object ''

2019-10-03 17:42:51 - [TEST_STEP][PASSED] - sendKeys(to, Keys.chord(ENTER)): Keys 'ENTER + ' sent to object: ''

2019-10-03 17:42:51 - [MESSAGE][PASSED] - Keys 'ENTER + ' sent to object: ''

2019-10-03 17:42:51 - [TEST_STEP][PASSED] - delay(2): Delayed 2 second(s)

2019-10-03 17:42:53 - [MESSAGE][PASSED] - Delayed 2 second(s)

2019-10-03 17:42:53 - [TEST_STEP][PASSED] - if (toString().equalsIgnoreCase("no")): null

2019-10-03 17:42:53 - [TEST_STEP][PASSED] - else: null

2019-10-03 17:42:53 - [TEST_STEP][PASSED] - click(findTestObject("Page_cabi Order Items/li_order_item")): Object: 'Object Repository/Page_cabi Order Items/li_order_item' is clicked on

2019-10-03 17:42:53 - [MESSAGE][PASSED] - Object: 'Object Repository/Page_cabi Order Items/li_order_item' is clicked on

2019-10-03 17:42:53 - [TEST_STEP][PASSED] - delay(5): Delayed 5 second(s)

2019-10-03 17:42:58 - [MESSAGE][PASSED] - Delayed 5 second(s)

2019-10-03 17:42:58 - [TEST_STEP][PASSED] - imagePath = UtilityMethods.createScreenshotImagePath(storeType, styleid_data): null

2019-10-03 17:42:58 - [TEST_STEP][PASSED] - println(imagePath): null

2019-10-03 17:42:58 - [TEST_STEP][PASSED] - takeScreenshot(imagePath): Taking screenshot successfully

2019-10-03 17:42:59 - [MESSAGE][PASSED] - Taking screenshot successfully
[[ATTACHMENT|C:\\Users\\user\\Documents\\testautomation\\KatalonProjects\\productImages\\BORetail_3863 image.png]]

2019-10-03 17:42:59 - [TEST_STEP][PASSED] - verifyElementText(findTestObject("Page_cabi Order Items/GetAttribute_getID"), styleid_data, CONTINUE_ON_FAILURE): Actual text and expected text of test object 'Object Repository/Page_cabi Order Items/GetAttribute_getID' are matched.

2019-10-03 17:42:59 - [MESSAGE][PASSED] - Actual text and expected text of test object 'Object Repository/Page_cabi Order Items/GetAttribute_getID' are matched.

2019-10-03 17:42:59 - [TEST_STEP][PASSED] - colorOptions = findWebElements(findTestObject("Page_cabi Order Items/GetAttribute_Color"), 5): null

2019-10-03 17:42:59 - [TEST_STEP][PASSED] - println(colorOptions.size()): null

2019-10-03 17:42:59 - [TEST_STEP][PASSED] - expectedColour = findTestData("productData").getValue("Color", row): null

2019-10-03 17:42:59 - [TEST_STEP][PASSED] - println("expected colour is"): null

2019-10-03 17:42:59 - [TEST_STEP][PASSED] - println(expectedColour): null

2019-10-03 17:42:59 - [TEST_STEP][PASSED] - colourVerified = false: null

2019-10-03 17:42:59 - [TEST_STEP][PASSED] - for (org.openqa.selenium.WebElement op : colorOptions): null

2019-10-03 17:42:59 - [TEST_STEP][PASSED] - println(op.getText()): null

2019-10-03 17:42:59 - [TEST_STEP][PASSED] - if (expectedColour.equalsIgnoreCase(op.getText())): null

2019-10-03 17:42:59 - [TEST_STEP][PASSED] - colourVerified = true: null

2019-10-03 17:42:59 - [TEST_STEP][PASSED] - break: null

2019-10-03 17:42:59 - [TEST_STEP][PASSED] - sa.assertTrue(colourVerified): null

2019-10-03 17:42:59 - [TEST_STEP][PASSED] - getPrice = getText(findTestObject("Page_cabi Order Items/GetAttribute_Price")): Text of object 'Object Repository/Page_cabi Order Items/GetAttribute_Price' is: 'Price : $84.00'

2019-10-03 17:42:59 - [MESSAGE][PASSED] - Text of object 'Object Repository/Page_cabi Order Items/GetAttribute_Price' is: 'Price : $84.00'

2019-10-03 17:42:59 - [TEST_STEP][PASSED] - Split_Data = UtilityMethods.SplitData(getPrice): null

2019-10-03 17:42:59 - [TEST_STEP][PASSED] - verifyMatch(Split_Data, findTestData("productData").getValue("Retail", row), true, CONTINUE_ON_FAILURE): Actual text '84' and expected text '84' are matched  using regular expression

2019-10-03 17:42:59 - [MESSAGE][PASSED] - Actual text '84' and expected text '84' are matched  using regular expression

2019-10-03 17:42:59 - [TEST_STEP][PASSED] - sizeRange1 = ["XXS", "XS", "S", "M", "L", "XL"]: null

2019-10-03 17:42:59 - [TEST_STEP][PASSED] - sizeRange2 = ["00", "0", "2", "4", "6", "8", "10", "12", "14", "16"]: null

2019-10-03 17:42:59 - [TEST_STEP][PASSED] - sizeRange3 = ["Long", "Regular", "Short"]: null

2019-10-03 17:42:59 - [TEST_STEP][PASSED] - sizeRange4 = ["5", "6", "6.5", "7", "7.5", "8", "8.5", "9", "9.5", "10", "11"]: null

2019-10-03 17:42:59 - [TEST_STEP][PASSED] - sizeRange5 = ["XS/S", "M/L"]: null

2019-10-03 17:42:59 - [TEST_STEP][PASSED] - sizeRangeSplit = UtilityMethods.SplitSizes(findTestData("productData").getValue("SzRange", row)): null

2019-10-03 17:42:59 - [TEST_STEP][PASSED] - sizeType = getText(findTestObject("Object Repository/Page_cabi Order Items/Size")): Text of object 'Object Repository/Page_cabi Order Items/Size' is: 'Select'

2019-10-03 17:42:59 - [MESSAGE][PASSED] - Text of object 'Object Repository/Page_cabi Order Items/Size' is: 'Select'

2019-10-03 17:42:59 - [TEST_STEP][PASSED] - sizeOptions = findWebElements(findTestObject("Object Repository/Page_cabi Order Items/Size"), 5): null

2019-10-03 17:42:59 - [TEST_STEP][PASSED] - actualRange = new java.util.ArrayList(): null

2019-10-03 17:42:59 - [TEST_STEP][PASSED] - expectedRange = <not implemented yet for class: org.codehaus.groovy.ast.expr.EmptyExpression>: null

2019-10-03 17:42:59 - [TEST_STEP][PASSED] - if (sizeType.equalsIgnoreCase("Select")): null

2019-10-03 17:42:59 - [TEST_STEP][PASSED] - for ([i = 1, i < sizeOptions.size(), (i++)]): null

2019-10-03 17:42:59 - [TEST_STEP][PASSED] - actualRange.add(getAttribute("value").toString()): null

2019-10-03 17:42:59 - [TEST_STEP][PASSED] - actualRange.add(getAttribute("value").toString()): null

2019-10-03 17:42:59 - [TEST_STEP][PASSED] - actualRange.add(getAttribute("value").toString()): null

2019-10-03 17:42:59 - [TEST_STEP][PASSED] - actualRange.add(getAttribute("value").toString()): null

2019-10-03 17:42:59 - [TEST_STEP][PASSED] - actualRange.add(getAttribute("value").toString()): null

2019-10-03 17:42:59 - [TEST_STEP][PASSED] - if (toString().equalsIgnoreCase("XS") || toString().equalsIgnoreCase("XXS")): null

2019-10-03 17:42:59 - [TEST_STEP][PASSED] - expectedRange = UtilityMethods.getExpectedRange(sizeRange1, sizeRangeSplit): null

2019-10-03 17:42:59 - [TEST_STEP][PASSED] - println("XS"): null

2019-10-03 17:42:59 - [TEST_STEP][PASSED] - println(expectedRange.toString()): null

2019-10-03 17:42:59 - [TEST_STEP][PASSED] - sa.assertTrue(UtilityMethods.listEquals(expectedRange, actualRange)): null

2019-10-03 17:42:59 - [TEST_STEP][PASSED] - delay(2): Delayed 2 second(s)

2019-10-03 17:43:01 - [MESSAGE][PASSED] - Delayed 2 second(s)

2019-10-03 17:43:01 - [TEST_STEP][PASSED] - verifyElementText(findTestObject("Page_cabi Order Items/product_title"), findTestData("productData").getValue("Description", row), CONTINUE_ON_FAILURE): Actual text and expected text of test object 'Object Repository/Page_cabi Order Items/product_title' are matched.

2019-10-03 17:43:01 - [MESSAGE][PASSED] - Actual text and expected text of test object 'Object Repository/Page_cabi Order Items/product_title' are matched.

2019-10-03 17:43:01 - [TEST_STEP][PASSED] - verifyElementText(findTestObject("Page_cabi Order Items/product_fabric"), findTestData("productData").getValue("FinalContent", row), CONTINUE_ON_FAILURE): Actual text and expected text of test object 'Object Repository/Page_cabi Order Items/product_fabric' are matched.

2019-10-03 17:43:02 - [MESSAGE][PASSED] - Actual text and expected text of test object 'Object Repository/Page_cabi Order Items/product_fabric' are matched.

2019-10-03 17:43:02 - [TEST_STEP][PASSED] - actualCasreIntrn = "<div>" + getText(findTestObject("Page_cabi Order Items/care_instruction")) + "</div>": Text of object 'Object Repository/Page_cabi Order Items/care_instruction' is: 'Machine wash with like colors in cold water on the delicate cycle. Only non-chlorine bleach if needed. Lay flat to dry. Warm iron if needed.'

2019-10-03 17:43:02 - [MESSAGE][PASSED] - Text of object 'Object Repository/Page_cabi Order Items/care_instruction' is: 'Machine wash with like colors in cold water on the delicate cycle. Only non-chlorine bleach if needed. Lay flat to dry. Warm iron if needed.'

2019-10-03 17:43:02 - [TEST_STEP][PASSED] - sa.assertTrue(actualCasreIntrn.equals(findTestData("productData").getValue("CareInstr", row))): null

2019-10-03 17:43:02 - [MESSAGE][PASSED] - Call Test Case 'Test Cases/NewArrival/productVerify' successfully]]></system-out>
         <system-err><![CDATA[]]></system-err>
      </testcase>
      <testcase name="Test Cases/NA_Timezone_Separated/BORetail4" classname="Test Cases/NA_Timezone_Separated/BORetail4" status="PASSED">
         <system-out><![CDATA[2019-10-03 17:43:02 - [TEST_CASE][PASSED] - Test Cases/NA_Timezone_Separated/BORetail4: Test Cases/NA_Timezone_Separated/BORetail4

2019-10-03 17:43:02 - [TEST_STEP][PASSED] - Start listener action : sampleBeforeTestCase: null

2019-10-03 17:43:02 - [TEST_STEP][PASSED] - println(testCaseContext.getTestCaseId()): null

2019-10-03 17:43:02 - [TEST_STEP][PASSED] - println(testCaseContext.getTestCaseVariables()): null

2019-10-03 17:43:02 - [TEST_STEP][PASSED] - openBrowser(""): Browser is opened with url: ''

2019-10-03 17:43:02 - [MESSAGE][WARNING] - A browser is already opened. Closing browser and opening a new one

2019-10-03 17:43:02 - [MESSAGE][INFO] - Starting 'Chrome' driver

2019-10-03 17:43:02 - [MESSAGE][INFO] - User set preference: ['args', '[--use-fake-ui-for-media-stream, --start-maximized]']

2019-10-03 17:43:05 - [MESSAGE][PASSED] - Browser is opened with url: ''

2019-10-03 17:43:05 - [TEST_STEP][PASSED] - driver = <not implemented yet for class: org.codehaus.groovy.ast.expr.EmptyExpression>: null

2019-10-03 17:43:05 - [TEST_STEP][PASSED] - executor = <not implemented yet for class: org.codehaus.groovy.ast.expr.EmptyExpression>: null

2019-10-03 17:43:05 - [TEST_STEP][PASSED] - for ([timeRow = 4, timeRow <= 4, (timeRow++)]): Call Test Case 'Test Cases/NewArrival/productVerify' successfully

2019-10-03 17:43:05 - [TEST_STEP][PASSED] - callTestCase(findTestCase("NewArrival/populateTimeGlobalVars"), ["row":timeRow], CONTINUE_ON_FAILURE): Call Test Case 'Test Cases/NewArrival/populateTimeGlobalVars' successfully

2019-10-03 17:43:05 - [TEST_CASE][PASSED] - Test Cases/NewArrival/populateTimeGlobalVars: Test Cases/NewArrival/populateTimeGlobalVars

2019-10-03 17:43:05 - [TEST_STEP][PASSED] - dataFile = "timezoneData": null

2019-10-03 17:43:05 - [TEST_STEP][PASSED] - clockServerTarget = UtilityMethods.getTestData("envtData", "clockServerTarget", 1): null

2019-10-03 17:43:05 - [TEST_STEP][PASSED] - println(clockServerTarget): null

2019-10-03 17:43:05 - [TEST_STEP][PASSED] - orderType = UtilityMethods.getTestData(dataFile, "orderType", row): null

2019-10-03 17:43:05 - [TEST_STEP][PASSED] - timeZone = UtilityMethods.getTestData(dataFile, "timeZone", row): null

2019-10-03 17:43:05 - [TEST_STEP][PASSED] - BOPersonal = UtilityMethods.getTestData(dataFile, "BOPersonal", row): null

2019-10-03 17:43:05 - [TEST_STEP][PASSED] - BOAddonPersonal = UtilityMethods.getTestData(dataFile, "BOAddonPersonal", row): null

2019-10-03 17:43:05 - [TEST_STEP][PASSED] - BOAddonRetail = UtilityMethods.getTestData(dataFile, "BOAddonRetail", row): null

2019-10-03 17:43:05 - [TEST_STEP][PASSED] - BORetail = UtilityMethods.getTestData(dataFile, "BORetail", row): null

2019-10-03 17:43:05 - [TEST_STEP][PASSED] - BOShow = UtilityMethods.getTestData(dataFile, "BOShow", row): null

2019-10-03 17:43:05 - [TEST_STEP][PASSED] - BOOnlineoutlet = UtilityMethods.getTestData(dataFile, "BOOnlineoutlet", row): null

2019-10-03 17:43:05 - [TEST_STEP][PASSED] - BOEmployee = UtilityMethods.getTestData(dataFile, "BOEmployee", row): null

2019-10-03 17:43:05 - [TEST_STEP][PASSED] - CCPersonal = UtilityMethods.getTestData(dataFile, "CCPersonal", row): null

2019-10-03 17:43:05 - [TEST_STEP][PASSED] - CCRetail = UtilityMethods.getTestData(dataFile, "CCRetail", row): null

2019-10-03 17:43:05 - [TEST_STEP][PASSED] - CCShow = UtilityMethods.getTestData(dataFile, "CCShow", row): null

2019-10-03 17:43:05 - [TEST_STEP][PASSED] - BOEblast = UtilityMethods.getTestData(dataFile, "BOEblast", row): null

2019-10-03 17:43:05 - [TEST_STEP][PASSED] - println(row): null

2019-10-03 17:43:05 - [TEST_STEP][PASSED] - println(BOPersonal): null

2019-10-03 17:43:05 - [MESSAGE][PASSED] - Call Test Case 'Test Cases/NewArrival/populateTimeGlobalVars' successfully

2019-10-03 17:43:05 - [TEST_STEP][PASSED] - callTestCase(findTestCase("NewArrival/setTimezone"), ["ofbizURL":"", "ofbizuser":"", "ofbizpass":"", "orderType":orderType, "timeZone":timeZone, "serverTarget":serverTarget, "clockServerTarget":clockServerTarget], CONTINUE_ON_FAILURE): Call Test Case 'Test Cases/NewArrival/setTimezone' successfully

2019-10-03 17:43:05 - [TEST_CASE][PASSED] - Test Cases/NewArrival/setTimezone: Test Cases/NewArrival/setTimezone

2019-10-03 17:43:05 - [TEST_STEP][PASSED] - openBrowser(""): Browser is opened with url: ''

2019-10-03 17:43:05 - [MESSAGE][WARNING] - A browser is already opened. Closing browser and opening a new one

2019-10-03 17:43:06 - [MESSAGE][INFO] - Starting 'Chrome' driver

2019-10-03 17:43:06 - [MESSAGE][INFO] - User set preference: ['args', '[--use-fake-ui-for-media-stream, --start-maximized]']

2019-10-03 17:43:08 - [MESSAGE][PASSED] - Browser is opened with url: ''

2019-10-03 17:43:08 - [TEST_STEP][NOT_RUN] - maximizeWindow(): NOT_RUN: maximizeWindow()

2019-10-03 17:43:08 - [MESSAGE][NOT_RUN] - NOT_RUN: maximizeWindow()

2019-10-03 17:43:08 - [TEST_STEP][PASSED] - ofbizURL = findTestData("envtData").getValue("ofbizURL", 1): null

2019-10-03 17:43:08 - [TEST_STEP][PASSED] - ofbizuser = findTestData("credData").getValue("ofbizuser", 1): null

2019-10-03 17:43:08 - [TEST_STEP][PASSED] - ofbizpass = findTestData("credData").getValue("ofbizpass", 1): null

2019-10-03 17:43:08 - [TEST_STEP][PASSED] - navigateToUrl(ofbizURL): Navigate to 'https://pushofbiz.cliotest.com/login.php' successfully

2019-10-03 17:43:10 - [MESSAGE][PASSED] - Navigate to 'https://pushofbiz.cliotest.com/login.php' successfully

2019-10-03 17:43:10 - [TEST_STEP][PASSED] - setText(findTestObject("Page_/input_Username_username"), ofbizuser): Text 'automation' is set on object 'Object Repository/Page_/input_Username_username'

2019-10-03 17:43:10 - [MESSAGE][PASSED] - Text 'automation' is set on object 'Object Repository/Page_/input_Username_username'

2019-10-03 17:43:10 - [TEST_STEP][PASSED] - setText(findTestObject("Page_/input_Password_password"), ofbizpass): Text 'cabiautomation' is set on object 'Object Repository/Page_/input_Password_password'

2019-10-03 17:43:10 - [MESSAGE][PASSED] - Text 'cabiautomation' is set on object 'Object Repository/Page_/input_Password_password'

2019-10-03 17:43:10 - [TEST_STEP][PASSED] - click(findTestObject("Page_/input_Password_Submit")): Object: 'Object Repository/Page_/input_Password_Submit' is clicked on

2019-10-03 17:43:14 - [MESSAGE][PASSED] - Object: 'Object Repository/Page_/input_Password_Submit' is clicked on

2019-10-03 17:43:14 - [TEST_STEP][PASSED] - click(findTestObject("Object Repository/Page_/a_Clock set")): Object: 'Object Repository/Page_/a_Clock set' is clicked on

2019-10-03 17:43:15 - [MESSAGE][PASSED] - Object: 'Object Repository/Page_/a_Clock set' is clicked on

2019-10-03 17:43:15 - [TEST_STEP][PASSED] - cst = UtilityMethods.createTestObject("select_target", "//select[@name='Target']/option[contains(text(), '", clockServerTarget, "')]"): null

2019-10-03 17:43:15 - [TEST_STEP][PASSED] - println(clockServerTarget): null

2019-10-03 17:43:15 - [TEST_STEP][PASSED] - click(cst): Object: 'select_target' is clicked on

2019-10-03 17:43:15 - [MESSAGE][PASSED] - Object: 'select_target' is clicked on

2019-10-03 17:43:15 - [TEST_STEP][PASSED] - click(findTestObject("Page_/thisDateAndTime")): Object: 'Object Repository/Page_/thisDateAndTime' is clicked on

2019-10-03 17:43:15 - [MESSAGE][PASSED] - Object: 'Object Repository/Page_/thisDateAndTime' is clicked on

2019-10-03 17:43:15 - [TEST_STEP][PASSED] - setText(findTestObject("Object Repository/Page_/setTargetTime"), timeZone): Text ' 11/05/2019 00:00' is set on object 'Object Repository/Page_/setTargetTime'

2019-10-03 17:43:15 - [MESSAGE][PASSED] - Text ' 11/05/2019 00:00' is set on object 'Object Repository/Page_/setTargetTime'

2019-10-03 17:43:15 - [TEST_STEP][PASSED] - click(findTestObject("Object Repository/Page_/input")): Object: 'Object Repository/Page_/input' is clicked on

2019-10-03 17:43:16 - [MESSAGE][PASSED] - Object: 'Object Repository/Page_/input' is clicked on

2019-10-03 17:43:16 - [TEST_STEP][PASSED] - delay(10): Delayed 10 second(s)

2019-10-03 17:43:26 - [MESSAGE][PASSED] - Delayed 10 second(s)

2019-10-03 17:43:26 - [TEST_STEP][NOT_RUN] - closeBrowser(): NOT_RUN: closeBrowser()

2019-10-03 17:43:26 - [MESSAGE][NOT_RUN] - NOT_RUN: closeBrowser()

2019-10-03 17:43:26 - [MESSAGE][PASSED] - Call Test Case 'Test Cases/NewArrival/setTimezone' successfully

2019-10-03 17:43:26 - [TEST_STEP][PASSED] - callTestCase(findTestCase("TestCaseUtilities/backOfficeLogin"), ["BOURL":"", "BOuser":"", "BOpass":""], CONTINUE_ON_FAILURE): Call Test Case 'Test Cases/TestCaseUtilities/backOfficeLogin' successfully

2019-10-03 17:43:26 - [TEST_CASE][PASSED] - Test Cases/TestCaseUtilities/backOfficeLogin: Test Cases/TestCaseUtilities/backOfficeLogin

2019-10-03 17:43:26 - [TEST_STEP][PASSED] - BOURL = findTestData("envtData").getValue("BOURL", 1): null

2019-10-03 17:43:26 - [TEST_STEP][PASSED] - BOuser = findTestData("credData").getValue("BOuser", 1): null

2019-10-03 17:43:26 - [TEST_STEP][PASSED] - BOpass = findTestData("credData").getValue("BOpass", 1): null

2019-10-03 17:43:26 - [TEST_STEP][PASSED] - openBrowser(""): Browser is opened with url: ''

2019-10-03 17:43:26 - [MESSAGE][WARNING] - A browser is already opened. Closing browser and opening a new one

2019-10-03 17:43:27 - [MESSAGE][INFO] - Starting 'Chrome' driver

2019-10-03 17:43:27 - [MESSAGE][INFO] - User set preference: ['args', '[--use-fake-ui-for-media-stream, --start-maximized]']

2019-10-03 17:43:29 - [MESSAGE][PASSED] - Browser is opened with url: ''

2019-10-03 17:43:29 - [TEST_STEP][PASSED] - navigateToUrl(BOURL): Navigate to 'https://test4.cliotest.com/backoffice/control/main' successfully

2019-10-03 17:43:36 - [MESSAGE][PASSED] - Navigate to 'https://test4.cliotest.com/backoffice/control/main' successfully

2019-10-03 17:43:36 - [TEST_STEP][PASSED] - logOut = findWebElements(findTestObject("Object Repository/Page_cabi Home/log_out"), 1): Unable to find the element located by 'By.xpath: //a[contains(text(),'Log Out')]'. Please recheck the objects properties to make sure the desired element is located. 

2019-10-03 17:43:37 - [MESSAGE][INFO] - Unable to find the element located by 'By.xpath: //a[contains(text(),'Log Out')]'. Please recheck the objects properties to make sure the desired element is located. 

2019-10-03 17:43:37 - [TEST_STEP][PASSED] - if (logOut.size() == 0): Object: 'Object Repository/Page_cabi/input_Welcome to_consultantLogin' is clicked on

2019-10-03 17:43:37 - [TEST_STEP][PASSED] - setText(findTestObject("Page_cabi/input_Welcome to_USERNAME"), BOuser): Text '400000002' is set on object 'Object Repository/Page_cabi/input_Welcome to_USERNAME'

2019-10-03 17:43:37 - [MESSAGE][PASSED] - Text '400000002' is set on object 'Object Repository/Page_cabi/input_Welcome to_USERNAME'

2019-10-03 17:43:37 - [TEST_STEP][PASSED] - setText(findTestObject("Object Repository/Page_cabi/input_Welcome to_PASSWORD"), BOpass): Text 'blackdress19' is set on object 'Object Repository/Page_cabi/input_Welcome to_PASSWORD'

2019-10-03 17:43:37 - [MESSAGE][PASSED] - Text 'blackdress19' is set on object 'Object Repository/Page_cabi/input_Welcome to_PASSWORD'

2019-10-03 17:43:37 - [TEST_STEP][PASSED] - click(findTestObject("Object Repository/Page_cabi/input_Welcome to_consultantLogin")): Object: 'Object Repository/Page_cabi/input_Welcome to_consultantLogin' is clicked on

2019-10-03 17:43:44 - [MESSAGE][PASSED] - Object: 'Object Repository/Page_cabi/input_Welcome to_consultantLogin' is clicked on

2019-10-03 17:43:44 - [TEST_STEP][PASSED] - delay(3): Delayed 3 second(s)

2019-10-03 17:43:47 - [MESSAGE][PASSED] - Delayed 3 second(s)

2019-10-03 17:43:47 - [MESSAGE][PASSED] - Call Test Case 'Test Cases/TestCaseUtilities/backOfficeLogin' successfully

2019-10-03 17:43:47 - [TEST_STEP][PASSED] - driver = getWebDriver(): null

2019-10-03 17:43:47 - [TEST_STEP][PASSED] - executor = driver: null

2019-10-03 17:43:47 - [TEST_STEP][PASSED] - click(findTestObject("Page_cabi Home/a_Shows  Orders")): Object: 'Object Repository/Page_cabi Home/a_Shows  Orders' is clicked on

2019-10-03 17:43:48 - [MESSAGE][PASSED] - Object: 'Object Repository/Page_cabi Home/a_Shows  Orders' is clicked on

2019-10-03 17:43:48 - [TEST_STEP][PASSED] - delay(1): Delayed 1 second(s)

2019-10-03 17:43:49 - [MESSAGE][PASSED] - Delayed 1 second(s)

2019-10-03 17:43:49 - [TEST_STEP][PASSED] - click(findTestObject("Page_cabi Home/a_retail_purchases")): Object: 'Object Repository/Page_cabi Home/a_retail_purchases' is clicked on

2019-10-03 17:43:53 - [MESSAGE][PASSED] - Object: 'Object Repository/Page_cabi Home/a_retail_purchases' is clicked on

2019-10-03 17:43:53 - [TEST_STEP][PASSED] - delay(3): Delayed 3 second(s)

2019-10-03 17:43:56 - [MESSAGE][PASSED] - Delayed 3 second(s)

2019-10-03 17:43:56 - [TEST_STEP][PASSED] - click(findTestObject("Object Repository/Page_cabi Home/existingCustomer")): Object: 'Object Repository/Page_cabi Home/existingCustomer' is clicked on

2019-10-03 17:43:56 - [MESSAGE][PASSED] - Object: 'Object Repository/Page_cabi Home/existingCustomer' is clicked on

2019-10-03 17:43:56 - [TEST_STEP][PASSED] - contactNumber = 1: null

2019-10-03 17:43:56 - [TEST_STEP][PASSED] - firstName = findTestData("contactData").getValue("firstName", contactNumber): null

2019-10-03 17:43:56 - [TEST_STEP][PASSED] - lastName = findTestData("contactData").getValue("lastName", contactNumber): null

2019-10-03 17:43:56 - [TEST_STEP][PASSED] - email = findTestData("contactData").getValue("email", contactNumber): null

2019-10-03 17:43:56 - [TEST_STEP][PASSED] - address1 = findTestData("contactData").getValue("address1", contactNumber): null

2019-10-03 17:43:56 - [TEST_STEP][PASSED] - city = findTestData("contactData").getValue("city", contactNumber): null

2019-10-03 17:43:56 - [TEST_STEP][PASSED] - state = findTestData("contactData").getValue("state", contactNumber): null

2019-10-03 17:43:56 - [TEST_STEP][PASSED] - zip = findTestData("contactData").getValue("zip", contactNumber): null

2019-10-03 17:43:56 - [TEST_STEP][PASSED] - existingCustFName = firstName: null

2019-10-03 17:43:56 - [TEST_STEP][PASSED] - existingCustLName = lastName: null

2019-10-03 17:43:56 - [TEST_STEP][PASSED] - space = " ": null

2019-10-03 17:43:56 - [TEST_STEP][PASSED] - existingCust = $existingCustFName$space$existingCustLName: null

2019-10-03 17:43:56 - [TEST_STEP][PASSED] - setText(findTestObject("Object Repository/Page_cabi Home/input_existing_guest"), existingCust): Text 'ahostess-test1 abc' is set on object 'Object Repository/Page_cabi Home/input_existing_guest'

2019-10-03 17:43:57 - [MESSAGE][PASSED] - Text 'ahostess-test1 abc' is set on object 'Object Repository/Page_cabi Home/input_existing_guest'

2019-10-03 17:43:57 - [TEST_STEP][PASSED] - delay(2): Delayed 2 second(s)

2019-10-03 17:43:59 - [MESSAGE][PASSED] - Delayed 2 second(s)

2019-10-03 17:43:59 - [TEST_STEP][PASSED] - sendKeys(findTestObject("Object Repository/Page_cabi Home/input_existing_guest"), Keys.chord(ARROW_DOWN)): Keys 'DOWN + ' sent to object: 'Object Repository/Page_cabi Home/input_existing_guest'

2019-10-03 17:43:59 - [MESSAGE][PASSED] - Keys 'DOWN + ' sent to object: 'Object Repository/Page_cabi Home/input_existing_guest'

2019-10-03 17:43:59 - [TEST_STEP][PASSED] - sendKeys(findTestObject("Object Repository/Page_cabi Home/input_existing_guest"), Keys.chord(ENTER)): Keys 'ENTER + ' sent to object: 'Object Repository/Page_cabi Home/input_existing_guest'

2019-10-03 17:44:00 - [MESSAGE][PASSED] - Keys 'ENTER + ' sent to object: 'Object Repository/Page_cabi Home/input_existing_guest'

2019-10-03 17:44:00 - [TEST_STEP][PASSED] - delay(5): Delayed 5 second(s)

2019-10-03 17:44:05 - [MESSAGE][PASSED] - Delayed 5 second(s)

2019-10-03 17:44:05 - [TEST_STEP][PASSED] - executor.executeScript("arguments[0].click();", findWebElement(findTestObject("Object Repository/Page_cabi Home/a_same_shipping_address"), 5)): null

2019-10-03 17:44:05 - [TEST_STEP][PASSED] - click(findTestObject("Object Repository/Page_cabi Home/a_same_shipping_address")): Object: 'Object Repository/Page_cabi Home/a_same_shipping_address' is clicked on

2019-10-03 17:44:05 - [MESSAGE][PASSED] - Object: 'Object Repository/Page_cabi Home/a_same_shipping_address' is clicked on

2019-10-03 17:44:05 - [TEST_STEP][PASSED] - delay(5): Delayed 5 second(s)

2019-10-03 17:44:10 - [MESSAGE][PASSED] - Delayed 5 second(s)

2019-10-03 17:44:10 - [TEST_STEP][PASSED] - executor.executeScript("arguments[0].click();", findWebElement(findTestObject("Page_cabi Retail Store/span_next_1"), 5)): null

2019-10-03 17:44:10 - [TEST_STEP][PASSED] - delay(3): Delayed 3 second(s)

2019-10-03 17:44:13 - [MESSAGE][PASSED] - Delayed 3 second(s)

2019-10-03 17:44:13 - [TEST_STEP][PASSED] - callTestCase(findTestCase("NewArrival/productVerify"), ["available":BORetail, "storeType":"BORetail"], CONTINUE_ON_FAILURE): Call Test Case 'Test Cases/NewArrival/productVerify' successfully

2019-10-03 17:44:13 - [TEST_CASE][PASSED] - Test Cases/NewArrival/productVerify: Test Cases/NewArrival/productVerify

2019-10-03 17:44:13 - [TEST_STEP][PASSED] - sa = <not implemented yet for class: org.codehaus.groovy.ast.expr.EmptyExpression>: null

2019-10-03 17:44:13 - [TEST_STEP][PASSED] - styleid_data = <not implemented yet for class: org.codehaus.groovy.ast.expr.EmptyExpression>: null

2019-10-03 17:44:13 - [TEST_STEP][PASSED] - by = <not implemented yet for class: org.codehaus.groovy.ast.expr.EmptyExpression>: null

2019-10-03 17:44:13 - [TEST_STEP][PASSED] - styleWe = <not implemented yet for class: org.codehaus.groovy.ast.expr.EmptyExpression>: null

2019-10-03 17:44:13 - [TEST_STEP][PASSED] - to = <not implemented yet for class: org.codehaus.groovy.ast.expr.EmptyExpression>: null

2019-10-03 17:44:13 - [TEST_STEP][PASSED] - driver = getWebDriver(): null

2019-10-03 17:44:13 - [TEST_STEP][PASSED] - for ([row = 1, row <= findTestData("productData").getRowNumbers(), (row++)]): Actual text and expected text of test object 'Object Repository/Page_cabi Order Items/no_result_found' are matched.

2019-10-03 17:44:13 - [TEST_STEP][PASSED] - delay(3): Delayed 3 second(s)

2019-10-03 17:44:16 - [MESSAGE][PASSED] - Delayed 3 second(s)

2019-10-03 17:44:16 - [TEST_STEP][PASSED] - sa = new org.testng.asserts.SoftAssert(): null

2019-10-03 17:44:16 - [TEST_STEP][PASSED] - styleid_data = findTestData("productData").getValue("Style", row): null

2019-10-03 17:44:16 - [TEST_STEP][PASSED] - println("******************+++++++++++++++++++**********************************************"): null

2019-10-03 17:44:16 - [TEST_STEP][PASSED] - println(styleid_data): null

2019-10-03 17:44:16 - [TEST_STEP][PASSED] - by = By.xpath("//input[@name='style']"): null

2019-10-03 17:44:16 - [TEST_STEP][PASSED] - styleWe = UtilityMethods.getElementByLocator(by, driver): null

2019-10-03 17:44:16 - [TEST_STEP][PASSED] - to = UtilityMethods.fromElement(styleWe): null

2019-10-03 17:44:16 - [TEST_STEP][PASSED] - setText(to, styleid_data): Text '3863' is set on object ''

2019-10-03 17:44:16 - [MESSAGE][PASSED] - Text '3863' is set on object ''

2019-10-03 17:44:16 - [TEST_STEP][PASSED] - sendKeys(to, Keys.chord(ENTER)): Keys 'ENTER + ' sent to object: ''

2019-10-03 17:44:16 - [MESSAGE][PASSED] - Keys 'ENTER + ' sent to object: ''

2019-10-03 17:44:16 - [TEST_STEP][PASSED] - delay(2): Delayed 2 second(s)

2019-10-03 17:44:18 - [MESSAGE][PASSED] - Delayed 2 second(s)

2019-10-03 17:44:18 - [TEST_STEP][PASSED] - if (toString().equalsIgnoreCase("no")): Actual text and expected text of test object 'Object Repository/Page_cabi Order Items/no_result_found' are matched.

2019-10-03 17:44:18 - [TEST_STEP][PASSED] - delay(2): Delayed 2 second(s)

2019-10-03 17:44:20 - [MESSAGE][PASSED] - Delayed 2 second(s)

2019-10-03 17:44:20 - [TEST_STEP][PASSED] - noResultMessages = findWebElements(findTestObject("Page_cabi Order Items/no_result_found"), 5): null

2019-10-03 17:44:20 - [TEST_STEP][PASSED] - println(noResultMessages.size()): null

2019-10-03 17:44:20 - [TEST_STEP][PASSED] - sa.assertTrue(noResultMessages.size() > 0): null

2019-10-03 17:44:20 - [TEST_STEP][PASSED] - verifyElementText(findTestObject("Page_cabi Order Items/no_result_found"), "No Results Found!", CONTINUE_ON_FAILURE): Actual text and expected text of test object 'Object Repository/Page_cabi Order Items/no_result_found' are matched.

2019-10-03 17:44:20 - [MESSAGE][PASSED] - Actual text and expected text of test object 'Object Repository/Page_cabi Order Items/no_result_found' are matched.

2019-10-03 17:44:20 - [MESSAGE][PASSED] - Call Test Case 'Test Cases/NewArrival/productVerify' successfully]]></system-out>
         <system-err><![CDATA[]]></system-err>
      </testcase>
      <testcase name="Test Cases/NA_Timezone_Separated/BORetail5" classname="Test Cases/NA_Timezone_Separated/BORetail5" status="PASSED">
         <system-out><![CDATA[2019-10-03 17:44:20 - [TEST_CASE][PASSED] - Test Cases/NA_Timezone_Separated/BORetail5: Test Cases/NA_Timezone_Separated/BORetail5

2019-10-03 17:44:20 - [TEST_STEP][PASSED] - Start listener action : sampleBeforeTestCase: null

2019-10-03 17:44:20 - [TEST_STEP][PASSED] - println(testCaseContext.getTestCaseId()): null

2019-10-03 17:44:20 - [TEST_STEP][PASSED] - println(testCaseContext.getTestCaseVariables()): null

2019-10-03 17:44:20 - [TEST_STEP][PASSED] - openBrowser(""): Browser is opened with url: ''

2019-10-03 17:44:20 - [MESSAGE][WARNING] - A browser is already opened. Closing browser and opening a new one

2019-10-03 17:44:21 - [MESSAGE][INFO] - Starting 'Chrome' driver

2019-10-03 17:44:21 - [MESSAGE][INFO] - User set preference: ['args', '[--use-fake-ui-for-media-stream, --start-maximized]']

2019-10-03 17:44:23 - [MESSAGE][PASSED] - Browser is opened with url: ''

2019-10-03 17:44:23 - [TEST_STEP][PASSED] - driver = <not implemented yet for class: org.codehaus.groovy.ast.expr.EmptyExpression>: null

2019-10-03 17:44:23 - [TEST_STEP][PASSED] - executor = <not implemented yet for class: org.codehaus.groovy.ast.expr.EmptyExpression>: null

2019-10-03 17:44:23 - [TEST_STEP][PASSED] - for ([timeRow = 5, timeRow <= 5, (timeRow++)]): Call Test Case 'Test Cases/NewArrival/productVerify' successfully

2019-10-03 17:44:23 - [TEST_STEP][PASSED] - callTestCase(findTestCase("NewArrival/populateTimeGlobalVars"), ["row":timeRow], CONTINUE_ON_FAILURE): Call Test Case 'Test Cases/NewArrival/populateTimeGlobalVars' successfully

2019-10-03 17:44:23 - [TEST_CASE][PASSED] - Test Cases/NewArrival/populateTimeGlobalVars: Test Cases/NewArrival/populateTimeGlobalVars

2019-10-03 17:44:23 - [TEST_STEP][PASSED] - dataFile = "timezoneData": null

2019-10-03 17:44:23 - [TEST_STEP][PASSED] - clockServerTarget = UtilityMethods.getTestData("envtData", "clockServerTarget", 1): null

2019-10-03 17:44:23 - [TEST_STEP][PASSED] - println(clockServerTarget): null

2019-10-03 17:44:23 - [TEST_STEP][PASSED] - orderType = UtilityMethods.getTestData(dataFile, "orderType", row): null

2019-10-03 17:44:23 - [TEST_STEP][PASSED] - timeZone = UtilityMethods.getTestData(dataFile, "timeZone", row): null

2019-10-03 17:44:23 - [TEST_STEP][PASSED] - BOPersonal = UtilityMethods.getTestData(dataFile, "BOPersonal", row): null

2019-10-03 17:44:23 - [TEST_STEP][PASSED] - BOAddonPersonal = UtilityMethods.getTestData(dataFile, "BOAddonPersonal", row): null

2019-10-03 17:44:23 - [TEST_STEP][PASSED] - BOAddonRetail = UtilityMethods.getTestData(dataFile, "BOAddonRetail", row): null

2019-10-03 17:44:23 - [TEST_STEP][PASSED] - BORetail = UtilityMethods.getTestData(dataFile, "BORetail", row): null

2019-10-03 17:44:23 - [TEST_STEP][PASSED] - BOShow = UtilityMethods.getTestData(dataFile, "BOShow", row): null

2019-10-03 17:44:24 - [TEST_STEP][PASSED] - BOOnlineoutlet = UtilityMethods.getTestData(dataFile, "BOOnlineoutlet", row): null

2019-10-03 17:44:24 - [TEST_STEP][PASSED] - BOEmployee = UtilityMethods.getTestData(dataFile, "BOEmployee", row): null

2019-10-03 17:44:24 - [TEST_STEP][PASSED] - CCPersonal = UtilityMethods.getTestData(dataFile, "CCPersonal", row): null

2019-10-03 17:44:24 - [TEST_STEP][PASSED] - CCRetail = UtilityMethods.getTestData(dataFile, "CCRetail", row): null

2019-10-03 17:44:24 - [TEST_STEP][PASSED] - CCShow = UtilityMethods.getTestData(dataFile, "CCShow", row): null

2019-10-03 17:44:24 - [TEST_STEP][PASSED] - BOEblast = UtilityMethods.getTestData(dataFile, "BOEblast", row): null

2019-10-03 17:44:24 - [TEST_STEP][PASSED] - println(row): null

2019-10-03 17:44:24 - [TEST_STEP][PASSED] - println(BOPersonal): null

2019-10-03 17:44:24 - [MESSAGE][PASSED] - Call Test Case 'Test Cases/NewArrival/populateTimeGlobalVars' successfully

2019-10-03 17:44:24 - [TEST_STEP][PASSED] - callTestCase(findTestCase("NewArrival/setTimezone"), ["ofbizURL":"", "ofbizuser":"", "ofbizpass":"", "orderType":orderType, "timeZone":timeZone, "serverTarget":serverTarget, "clockServerTarget":clockServerTarget], CONTINUE_ON_FAILURE): Call Test Case 'Test Cases/NewArrival/setTimezone' successfully

2019-10-03 17:44:24 - [TEST_CASE][PASSED] - Test Cases/NewArrival/setTimezone: Test Cases/NewArrival/setTimezone

2019-10-03 17:44:24 - [TEST_STEP][PASSED] - openBrowser(""): Browser is opened with url: ''

2019-10-03 17:44:24 - [MESSAGE][WARNING] - A browser is already opened. Closing browser and opening a new one

2019-10-03 17:44:24 - [MESSAGE][INFO] - Starting 'Chrome' driver

2019-10-03 17:44:24 - [MESSAGE][INFO] - User set preference: ['args', '[--use-fake-ui-for-media-stream, --start-maximized]']

2019-10-03 17:44:26 - [MESSAGE][PASSED] - Browser is opened with url: ''

2019-10-03 17:44:26 - [TEST_STEP][NOT_RUN] - maximizeWindow(): NOT_RUN: maximizeWindow()

2019-10-03 17:44:26 - [MESSAGE][NOT_RUN] - NOT_RUN: maximizeWindow()

2019-10-03 17:44:26 - [TEST_STEP][PASSED] - ofbizURL = findTestData("envtData").getValue("ofbizURL", 1): null

2019-10-03 17:44:26 - [TEST_STEP][PASSED] - ofbizuser = findTestData("credData").getValue("ofbizuser", 1): null

2019-10-03 17:44:26 - [TEST_STEP][PASSED] - ofbizpass = findTestData("credData").getValue("ofbizpass", 1): null

2019-10-03 17:44:26 - [TEST_STEP][PASSED] - navigateToUrl(ofbizURL): Navigate to 'https://pushofbiz.cliotest.com/login.php' successfully

2019-10-03 17:44:28 - [MESSAGE][PASSED] - Navigate to 'https://pushofbiz.cliotest.com/login.php' successfully

2019-10-03 17:44:28 - [TEST_STEP][PASSED] - setText(findTestObject("Page_/input_Username_username"), ofbizuser): Text 'automation' is set on object 'Object Repository/Page_/input_Username_username'

2019-10-03 17:44:29 - [MESSAGE][PASSED] - Text 'automation' is set on object 'Object Repository/Page_/input_Username_username'

2019-10-03 17:44:29 - [TEST_STEP][PASSED] - setText(findTestObject("Page_/input_Password_password"), ofbizpass): Text 'cabiautomation' is set on object 'Object Repository/Page_/input_Password_password'

2019-10-03 17:44:29 - [MESSAGE][PASSED] - Text 'cabiautomation' is set on object 'Object Repository/Page_/input_Password_password'

2019-10-03 17:44:29 - [TEST_STEP][PASSED] - click(findTestObject("Page_/input_Password_Submit")): Object: 'Object Repository/Page_/input_Password_Submit' is clicked on

2019-10-03 17:44:33 - [MESSAGE][PASSED] - Object: 'Object Repository/Page_/input_Password_Submit' is clicked on

2019-10-03 17:44:33 - [TEST_STEP][PASSED] - click(findTestObject("Object Repository/Page_/a_Clock set")): Object: 'Object Repository/Page_/a_Clock set' is clicked on

2019-10-03 17:44:33 - [MESSAGE][PASSED] - Object: 'Object Repository/Page_/a_Clock set' is clicked on

2019-10-03 17:44:33 - [TEST_STEP][PASSED] - cst = UtilityMethods.createTestObject("select_target", "//select[@name='Target']/option[contains(text(), '", clockServerTarget, "')]"): null

2019-10-03 17:44:33 - [TEST_STEP][PASSED] - println(clockServerTarget): null

2019-10-03 17:44:33 - [TEST_STEP][PASSED] - click(cst): Object: 'select_target' is clicked on

2019-10-03 17:44:33 - [MESSAGE][PASSED] - Object: 'select_target' is clicked on

2019-10-03 17:44:33 - [TEST_STEP][PASSED] - click(findTestObject("Page_/thisDateAndTime")): Object: 'Object Repository/Page_/thisDateAndTime' is clicked on

2019-10-03 17:44:33 - [MESSAGE][PASSED] - Object: 'Object Repository/Page_/thisDateAndTime' is clicked on

2019-10-03 17:44:33 - [TEST_STEP][PASSED] - setText(findTestObject("Object Repository/Page_/setTargetTime"), timeZone): Text ' 11/06/2019 7:00' is set on object 'Object Repository/Page_/setTargetTime'

2019-10-03 17:44:34 - [MESSAGE][PASSED] - Text ' 11/06/2019 7:00' is set on object 'Object Repository/Page_/setTargetTime'

2019-10-03 17:44:34 - [TEST_STEP][PASSED] - click(findTestObject("Object Repository/Page_/input")): Object: 'Object Repository/Page_/input' is clicked on

2019-10-03 17:44:34 - [MESSAGE][PASSED] - Object: 'Object Repository/Page_/input' is clicked on

2019-10-03 17:44:34 - [TEST_STEP][PASSED] - delay(10): Delayed 10 second(s)

2019-10-03 17:44:44 - [MESSAGE][PASSED] - Delayed 10 second(s)

2019-10-03 17:44:44 - [TEST_STEP][NOT_RUN] - closeBrowser(): NOT_RUN: closeBrowser()

2019-10-03 17:44:44 - [MESSAGE][NOT_RUN] - NOT_RUN: closeBrowser()

2019-10-03 17:44:44 - [MESSAGE][PASSED] - Call Test Case 'Test Cases/NewArrival/setTimezone' successfully

2019-10-03 17:44:44 - [TEST_STEP][PASSED] - callTestCase(findTestCase("TestCaseUtilities/backOfficeLogin"), ["BOURL":"", "BOuser":"", "BOpass":""], CONTINUE_ON_FAILURE): Call Test Case 'Test Cases/TestCaseUtilities/backOfficeLogin' successfully

2019-10-03 17:44:44 - [TEST_CASE][PASSED] - Test Cases/TestCaseUtilities/backOfficeLogin: Test Cases/TestCaseUtilities/backOfficeLogin

2019-10-03 17:44:44 - [TEST_STEP][PASSED] - BOURL = findTestData("envtData").getValue("BOURL", 1): null

2019-10-03 17:44:44 - [TEST_STEP][PASSED] - BOuser = findTestData("credData").getValue("BOuser", 1): null

2019-10-03 17:44:44 - [TEST_STEP][PASSED] - BOpass = findTestData("credData").getValue("BOpass", 1): null

2019-10-03 17:44:44 - [TEST_STEP][PASSED] - openBrowser(""): Browser is opened with url: ''

2019-10-03 17:44:44 - [MESSAGE][WARNING] - A browser is already opened. Closing browser and opening a new one

2019-10-03 17:44:45 - [MESSAGE][INFO] - Starting 'Chrome' driver

2019-10-03 17:44:45 - [MESSAGE][INFO] - User set preference: ['args', '[--use-fake-ui-for-media-stream, --start-maximized]']

2019-10-03 17:44:47 - [MESSAGE][PASSED] - Browser is opened with url: ''

2019-10-03 17:44:47 - [TEST_STEP][PASSED] - navigateToUrl(BOURL): Navigate to 'https://test4.cliotest.com/backoffice/control/main' successfully

2019-10-03 17:44:54 - [MESSAGE][PASSED] - Navigate to 'https://test4.cliotest.com/backoffice/control/main' successfully

2019-10-03 17:44:54 - [TEST_STEP][PASSED] - logOut = findWebElements(findTestObject("Object Repository/Page_cabi Home/log_out"), 1): Unable to find the element located by 'By.xpath: //a[contains(text(),'Log Out')]'. Please recheck the objects properties to make sure the desired element is located. 

2019-10-03 17:44:55 - [MESSAGE][INFO] - Unable to find the element located by 'By.xpath: //a[contains(text(),'Log Out')]'. Please recheck the objects properties to make sure the desired element is located. 

2019-10-03 17:44:55 - [TEST_STEP][PASSED] - if (logOut.size() == 0): Object: 'Object Repository/Page_cabi/input_Welcome to_consultantLogin' is clicked on

2019-10-03 17:44:55 - [TEST_STEP][PASSED] - setText(findTestObject("Page_cabi/input_Welcome to_USERNAME"), BOuser): Text '400000002' is set on object 'Object Repository/Page_cabi/input_Welcome to_USERNAME'

2019-10-03 17:44:55 - [MESSAGE][PASSED] - Text '400000002' is set on object 'Object Repository/Page_cabi/input_Welcome to_USERNAME'

2019-10-03 17:44:55 - [TEST_STEP][PASSED] - setText(findTestObject("Object Repository/Page_cabi/input_Welcome to_PASSWORD"), BOpass): Text 'blackdress19' is set on object 'Object Repository/Page_cabi/input_Welcome to_PASSWORD'

2019-10-03 17:44:55 - [MESSAGE][PASSED] - Text 'blackdress19' is set on object 'Object Repository/Page_cabi/input_Welcome to_PASSWORD'

2019-10-03 17:44:55 - [TEST_STEP][PASSED] - click(findTestObject("Object Repository/Page_cabi/input_Welcome to_consultantLogin")): Object: 'Object Repository/Page_cabi/input_Welcome to_consultantLogin' is clicked on

2019-10-03 17:45:03 - [MESSAGE][PASSED] - Object: 'Object Repository/Page_cabi/input_Welcome to_consultantLogin' is clicked on

2019-10-03 17:45:03 - [TEST_STEP][PASSED] - delay(3): Delayed 3 second(s)

2019-10-03 17:45:06 - [MESSAGE][PASSED] - Delayed 3 second(s)

2019-10-03 17:45:06 - [MESSAGE][PASSED] - Call Test Case 'Test Cases/TestCaseUtilities/backOfficeLogin' successfully

2019-10-03 17:45:06 - [TEST_STEP][PASSED] - driver = getWebDriver(): null

2019-10-03 17:45:06 - [TEST_STEP][PASSED] - executor = driver: null

2019-10-03 17:45:06 - [TEST_STEP][PASSED] - click(findTestObject("Page_cabi Home/a_Shows  Orders")): Object: 'Object Repository/Page_cabi Home/a_Shows  Orders' is clicked on

2019-10-03 17:45:06 - [MESSAGE][PASSED] - Object: 'Object Repository/Page_cabi Home/a_Shows  Orders' is clicked on

2019-10-03 17:45:06 - [TEST_STEP][PASSED] - delay(1): Delayed 1 second(s)

2019-10-03 17:45:07 - [MESSAGE][PASSED] - Delayed 1 second(s)

2019-10-03 17:45:07 - [TEST_STEP][PASSED] - click(findTestObject("Page_cabi Home/a_retail_purchases")): Object: 'Object Repository/Page_cabi Home/a_retail_purchases' is clicked on

2019-10-03 17:45:12 - [MESSAGE][PASSED] - Object: 'Object Repository/Page_cabi Home/a_retail_purchases' is clicked on

2019-10-03 17:45:12 - [TEST_STEP][PASSED] - delay(3): Delayed 3 second(s)

2019-10-03 17:45:15 - [MESSAGE][PASSED] - Delayed 3 second(s)

2019-10-03 17:45:15 - [TEST_STEP][PASSED] - click(findTestObject("Object Repository/Page_cabi Home/existingCustomer")): Object: 'Object Repository/Page_cabi Home/existingCustomer' is clicked on

2019-10-03 17:45:15 - [MESSAGE][PASSED] - Object: 'Object Repository/Page_cabi Home/existingCustomer' is clicked on

2019-10-03 17:45:15 - [TEST_STEP][PASSED] - contactNumber = 1: null

2019-10-03 17:45:15 - [TEST_STEP][PASSED] - firstName = findTestData("contactData").getValue("firstName", contactNumber): null

2019-10-03 17:45:15 - [TEST_STEP][PASSED] - lastName = findTestData("contactData").getValue("lastName", contactNumber): null

2019-10-03 17:45:15 - [TEST_STEP][PASSED] - email = findTestData("contactData").getValue("email", contactNumber): null

2019-10-03 17:45:15 - [TEST_STEP][PASSED] - address1 = findTestData("contactData").getValue("address1", contactNumber): null

2019-10-03 17:45:15 - [TEST_STEP][PASSED] - city = findTestData("contactData").getValue("city", contactNumber): null

2019-10-03 17:45:15 - [TEST_STEP][PASSED] - state = findTestData("contactData").getValue("state", contactNumber): null

2019-10-03 17:45:15 - [TEST_STEP][PASSED] - zip = findTestData("contactData").getValue("zip", contactNumber): null

2019-10-03 17:45:15 - [TEST_STEP][PASSED] - existingCustFName = firstName: null

2019-10-03 17:45:15 - [TEST_STEP][PASSED] - existingCustLName = lastName: null

2019-10-03 17:45:15 - [TEST_STEP][PASSED] - space = " ": null

2019-10-03 17:45:15 - [TEST_STEP][PASSED] - existingCust = $existingCustFName$space$existingCustLName: null

2019-10-03 17:45:15 - [TEST_STEP][PASSED] - setText(findTestObject("Object Repository/Page_cabi Home/input_existing_guest"), existingCust): Text 'ahostess-test1 abc' is set on object 'Object Repository/Page_cabi Home/input_existing_guest'

2019-10-03 17:45:15 - [MESSAGE][PASSED] - Text 'ahostess-test1 abc' is set on object 'Object Repository/Page_cabi Home/input_existing_guest'

2019-10-03 17:45:15 - [TEST_STEP][PASSED] - delay(2): Delayed 2 second(s)

2019-10-03 17:45:17 - [MESSAGE][PASSED] - Delayed 2 second(s)

2019-10-03 17:45:17 - [TEST_STEP][PASSED] - sendKeys(findTestObject("Object Repository/Page_cabi Home/input_existing_guest"), Keys.chord(ARROW_DOWN)): Keys 'DOWN + ' sent to object: 'Object Repository/Page_cabi Home/input_existing_guest'

2019-10-03 17:45:17 - [MESSAGE][PASSED] - Keys 'DOWN + ' sent to object: 'Object Repository/Page_cabi Home/input_existing_guest'

2019-10-03 17:45:17 - [TEST_STEP][PASSED] - sendKeys(findTestObject("Object Repository/Page_cabi Home/input_existing_guest"), Keys.chord(ENTER)): Keys 'ENTER + ' sent to object: 'Object Repository/Page_cabi Home/input_existing_guest'

2019-10-03 17:45:18 - [MESSAGE][PASSED] - Keys 'ENTER + ' sent to object: 'Object Repository/Page_cabi Home/input_existing_guest'

2019-10-03 17:45:18 - [TEST_STEP][PASSED] - delay(5): Delayed 5 second(s)

2019-10-03 17:45:23 - [MESSAGE][PASSED] - Delayed 5 second(s)

2019-10-03 17:45:23 - [TEST_STEP][PASSED] - executor.executeScript("arguments[0].click();", findWebElement(findTestObject("Object Repository/Page_cabi Home/a_same_shipping_address"), 5)): null

2019-10-03 17:45:23 - [TEST_STEP][PASSED] - click(findTestObject("Object Repository/Page_cabi Home/a_same_shipping_address")): Object: 'Object Repository/Page_cabi Home/a_same_shipping_address' is clicked on

2019-10-03 17:45:23 - [MESSAGE][PASSED] - Object: 'Object Repository/Page_cabi Home/a_same_shipping_address' is clicked on

2019-10-03 17:45:23 - [TEST_STEP][PASSED] - delay(5): Delayed 5 second(s)

2019-10-03 17:45:28 - [MESSAGE][PASSED] - Delayed 5 second(s)

2019-10-03 17:45:28 - [TEST_STEP][PASSED] - executor.executeScript("arguments[0].click();", findWebElement(findTestObject("Page_cabi Retail Store/span_next_1"), 5)): null

2019-10-03 17:45:28 - [TEST_STEP][PASSED] - delay(3): Delayed 3 second(s)

2019-10-03 17:45:31 - [MESSAGE][PASSED] - Delayed 3 second(s)

2019-10-03 17:45:31 - [TEST_STEP][PASSED] - callTestCase(findTestCase("NewArrival/productVerify"), ["available":BORetail, "storeType":"BORetail"], CONTINUE_ON_FAILURE): Call Test Case 'Test Cases/NewArrival/productVerify' successfully

2019-10-03 17:45:31 - [TEST_CASE][PASSED] - Test Cases/NewArrival/productVerify: Test Cases/NewArrival/productVerify

2019-10-03 17:45:31 - [TEST_STEP][PASSED] - sa = <not implemented yet for class: org.codehaus.groovy.ast.expr.EmptyExpression>: null

2019-10-03 17:45:31 - [TEST_STEP][PASSED] - styleid_data = <not implemented yet for class: org.codehaus.groovy.ast.expr.EmptyExpression>: null

2019-10-03 17:45:31 - [TEST_STEP][PASSED] - by = <not implemented yet for class: org.codehaus.groovy.ast.expr.EmptyExpression>: null

2019-10-03 17:45:31 - [TEST_STEP][PASSED] - styleWe = <not implemented yet for class: org.codehaus.groovy.ast.expr.EmptyExpression>: null

2019-10-03 17:45:31 - [TEST_STEP][PASSED] - to = <not implemented yet for class: org.codehaus.groovy.ast.expr.EmptyExpression>: null

2019-10-03 17:45:31 - [TEST_STEP][PASSED] - driver = getWebDriver(): null

2019-10-03 17:45:31 - [TEST_STEP][PASSED] - for ([row = 1, row <= findTestData("productData").getRowNumbers(), (row++)]): null

2019-10-03 17:45:31 - [TEST_STEP][PASSED] - delay(3): Delayed 3 second(s)

2019-10-03 17:45:34 - [MESSAGE][PASSED] - Delayed 3 second(s)

2019-10-03 17:45:34 - [TEST_STEP][PASSED] - sa = new org.testng.asserts.SoftAssert(): null

2019-10-03 17:45:34 - [TEST_STEP][PASSED] - styleid_data = findTestData("productData").getValue("Style", row): null

2019-10-03 17:45:34 - [TEST_STEP][PASSED] - println("******************+++++++++++++++++++**********************************************"): null

2019-10-03 17:45:34 - [TEST_STEP][PASSED] - println(styleid_data): null

2019-10-03 17:45:34 - [TEST_STEP][PASSED] - by = By.xpath("//input[@name='style']"): null

2019-10-03 17:45:34 - [TEST_STEP][PASSED] - styleWe = UtilityMethods.getElementByLocator(by, driver): null

2019-10-03 17:45:34 - [TEST_STEP][PASSED] - to = UtilityMethods.fromElement(styleWe): null

2019-10-03 17:45:34 - [TEST_STEP][PASSED] - setText(to, styleid_data): Text '3863' is set on object ''

2019-10-03 17:45:35 - [MESSAGE][PASSED] - Text '3863' is set on object ''

2019-10-03 17:45:35 - [TEST_STEP][PASSED] - sendKeys(to, Keys.chord(ENTER)): Keys 'ENTER + ' sent to object: ''

2019-10-03 17:45:35 - [MESSAGE][PASSED] - Keys 'ENTER + ' sent to object: ''

2019-10-03 17:45:35 - [TEST_STEP][PASSED] - delay(2): Delayed 2 second(s)

2019-10-03 17:45:37 - [MESSAGE][PASSED] - Delayed 2 second(s)

2019-10-03 17:45:37 - [TEST_STEP][PASSED] - if (toString().equalsIgnoreCase("no")): null

2019-10-03 17:45:37 - [TEST_STEP][PASSED] - else: null

2019-10-03 17:45:37 - [TEST_STEP][PASSED] - click(findTestObject("Page_cabi Order Items/li_order_item")): Object: 'Object Repository/Page_cabi Order Items/li_order_item' is clicked on

2019-10-03 17:45:37 - [MESSAGE][PASSED] - Object: 'Object Repository/Page_cabi Order Items/li_order_item' is clicked on

2019-10-03 17:45:37 - [TEST_STEP][PASSED] - delay(5): Delayed 5 second(s)

2019-10-03 17:45:42 - [MESSAGE][PASSED] - Delayed 5 second(s)

2019-10-03 17:45:42 - [TEST_STEP][PASSED] - imagePath = UtilityMethods.createScreenshotImagePath(storeType, styleid_data): null

2019-10-03 17:45:42 - [TEST_STEP][PASSED] - println(imagePath): null

2019-10-03 17:45:42 - [TEST_STEP][PASSED] - takeScreenshot(imagePath): Taking screenshot successfully

2019-10-03 17:45:42 - [MESSAGE][PASSED] - Taking screenshot successfully
[[ATTACHMENT|C:\\Users\\user\\Documents\\testautomation\\KatalonProjects\\productImages\\BORetail_3863 image.png]]

2019-10-03 17:45:42 - [TEST_STEP][PASSED] - verifyElementText(findTestObject("Page_cabi Order Items/GetAttribute_getID"), styleid_data, CONTINUE_ON_FAILURE): Actual text and expected text of test object 'Object Repository/Page_cabi Order Items/GetAttribute_getID' are matched.

2019-10-03 17:45:42 - [MESSAGE][PASSED] - Actual text and expected text of test object 'Object Repository/Page_cabi Order Items/GetAttribute_getID' are matched.

2019-10-03 17:45:42 - [TEST_STEP][PASSED] - colorOptions = findWebElements(findTestObject("Page_cabi Order Items/GetAttribute_Color"), 5): null

2019-10-03 17:45:42 - [TEST_STEP][PASSED] - println(colorOptions.size()): null

2019-10-03 17:45:42 - [TEST_STEP][PASSED] - expectedColour = findTestData("productData").getValue("Color", row): null

2019-10-03 17:45:42 - [TEST_STEP][PASSED] - println("expected colour is"): null

2019-10-03 17:45:42 - [TEST_STEP][PASSED] - println(expectedColour): null

2019-10-03 17:45:42 - [TEST_STEP][PASSED] - colourVerified = false: null

2019-10-03 17:45:42 - [TEST_STEP][PASSED] - for (org.openqa.selenium.WebElement op : colorOptions): null

2019-10-03 17:45:42 - [TEST_STEP][PASSED] - println(op.getText()): null

2019-10-03 17:45:42 - [TEST_STEP][PASSED] - if (expectedColour.equalsIgnoreCase(op.getText())): null

2019-10-03 17:45:42 - [TEST_STEP][PASSED] - colourVerified = true: null

2019-10-03 17:45:42 - [TEST_STEP][PASSED] - break: null

2019-10-03 17:45:42 - [TEST_STEP][PASSED] - sa.assertTrue(colourVerified): null

2019-10-03 17:45:42 - [TEST_STEP][PASSED] - getPrice = getText(findTestObject("Page_cabi Order Items/GetAttribute_Price")): Text of object 'Object Repository/Page_cabi Order Items/GetAttribute_Price' is: 'Price : $84.00'

2019-10-03 17:45:42 - [MESSAGE][PASSED] - Text of object 'Object Repository/Page_cabi Order Items/GetAttribute_Price' is: 'Price : $84.00'

2019-10-03 17:45:42 - [TEST_STEP][PASSED] - Split_Data = UtilityMethods.SplitData(getPrice): null

2019-10-03 17:45:42 - [TEST_STEP][PASSED] - verifyMatch(Split_Data, findTestData("productData").getValue("Retail", row), true, CONTINUE_ON_FAILURE): Actual text '84' and expected text '84' are matched  using regular expression

2019-10-03 17:45:42 - [MESSAGE][PASSED] - Actual text '84' and expected text '84' are matched  using regular expression

2019-10-03 17:45:42 - [TEST_STEP][PASSED] - sizeRange1 = ["XXS", "XS", "S", "M", "L", "XL"]: null

2019-10-03 17:45:42 - [TEST_STEP][PASSED] - sizeRange2 = ["00", "0", "2", "4", "6", "8", "10", "12", "14", "16"]: null

2019-10-03 17:45:42 - [TEST_STEP][PASSED] - sizeRange3 = ["Long", "Regular", "Short"]: null

2019-10-03 17:45:42 - [TEST_STEP][PASSED] - sizeRange4 = ["5", "6", "6.5", "7", "7.5", "8", "8.5", "9", "9.5", "10", "11"]: null

2019-10-03 17:45:42 - [TEST_STEP][PASSED] - sizeRange5 = ["XS/S", "M/L"]: null

2019-10-03 17:45:42 - [TEST_STEP][PASSED] - sizeRangeSplit = UtilityMethods.SplitSizes(findTestData("productData").getValue("SzRange", row)): null

2019-10-03 17:45:42 - [TEST_STEP][PASSED] - sizeType = getText(findTestObject("Object Repository/Page_cabi Order Items/Size")): Text of object 'Object Repository/Page_cabi Order Items/Size' is: 'Select'

2019-10-03 17:45:42 - [MESSAGE][PASSED] - Text of object 'Object Repository/Page_cabi Order Items/Size' is: 'Select'

2019-10-03 17:45:42 - [TEST_STEP][PASSED] - sizeOptions = findWebElements(findTestObject("Object Repository/Page_cabi Order Items/Size"), 5): null

2019-10-03 17:45:42 - [TEST_STEP][PASSED] - actualRange = new java.util.ArrayList(): null

2019-10-03 17:45:42 - [TEST_STEP][PASSED] - expectedRange = <not implemented yet for class: org.codehaus.groovy.ast.expr.EmptyExpression>: null

2019-10-03 17:45:42 - [TEST_STEP][PASSED] - if (sizeType.equalsIgnoreCase("Select")): null

2019-10-03 17:45:42 - [TEST_STEP][PASSED] - for ([i = 1, i < sizeOptions.size(), (i++)]): null

2019-10-03 17:45:42 - [TEST_STEP][PASSED] - actualRange.add(getAttribute("value").toString()): null

2019-10-03 17:45:42 - [TEST_STEP][PASSED] - actualRange.add(getAttribute("value").toString()): null

2019-10-03 17:45:42 - [TEST_STEP][PASSED] - actualRange.add(getAttribute("value").toString()): null

2019-10-03 17:45:42 - [TEST_STEP][PASSED] - actualRange.add(getAttribute("value").toString()): null

2019-10-03 17:45:42 - [TEST_STEP][PASSED] - actualRange.add(getAttribute("value").toString()): null

2019-10-03 17:45:42 - [TEST_STEP][PASSED] - if (toString().equalsIgnoreCase("XS") || toString().equalsIgnoreCase("XXS")): null

2019-10-03 17:45:42 - [TEST_STEP][PASSED] - expectedRange = UtilityMethods.getExpectedRange(sizeRange1, sizeRangeSplit): null

2019-10-03 17:45:42 - [TEST_STEP][PASSED] - println("XS"): null

2019-10-03 17:45:42 - [TEST_STEP][PASSED] - println(expectedRange.toString()): null

2019-10-03 17:45:42 - [TEST_STEP][PASSED] - sa.assertTrue(UtilityMethods.listEquals(expectedRange, actualRange)): null

2019-10-03 17:45:42 - [TEST_STEP][PASSED] - delay(2): Delayed 2 second(s)

2019-10-03 17:45:44 - [MESSAGE][PASSED] - Delayed 2 second(s)

2019-10-03 17:45:44 - [TEST_STEP][PASSED] - verifyElementText(findTestObject("Page_cabi Order Items/product_title"), findTestData("productData").getValue("Description", row), CONTINUE_ON_FAILURE): Actual text and expected text of test object 'Object Repository/Page_cabi Order Items/product_title' are matched.

2019-10-03 17:45:45 - [MESSAGE][PASSED] - Actual text and expected text of test object 'Object Repository/Page_cabi Order Items/product_title' are matched.

2019-10-03 17:45:45 - [TEST_STEP][PASSED] - verifyElementText(findTestObject("Page_cabi Order Items/product_fabric"), findTestData("productData").getValue("FinalContent", row), CONTINUE_ON_FAILURE): Actual text and expected text of test object 'Object Repository/Page_cabi Order Items/product_fabric' are matched.

2019-10-03 17:45:45 - [MESSAGE][PASSED] - Actual text and expected text of test object 'Object Repository/Page_cabi Order Items/product_fabric' are matched.

2019-10-03 17:45:45 - [TEST_STEP][PASSED] - actualCasreIntrn = "<div>" + getText(findTestObject("Page_cabi Order Items/care_instruction")) + "</div>": Text of object 'Object Repository/Page_cabi Order Items/care_instruction' is: 'Machine wash with like colors in cold water on the delicate cycle. Only non-chlorine bleach if needed. Lay flat to dry. Warm iron if needed.'

2019-10-03 17:45:45 - [MESSAGE][PASSED] - Text of object 'Object Repository/Page_cabi Order Items/care_instruction' is: 'Machine wash with like colors in cold water on the delicate cycle. Only non-chlorine bleach if needed. Lay flat to dry. Warm iron if needed.'

2019-10-03 17:45:45 - [TEST_STEP][PASSED] - sa.assertTrue(actualCasreIntrn.equals(findTestData("productData").getValue("CareInstr", row))): null

2019-10-03 17:45:45 - [MESSAGE][PASSED] - Call Test Case 'Test Cases/NewArrival/productVerify' successfully]]></system-out>
         <system-err><![CDATA[]]></system-err>
      </testcase>
      <testcase name="Test Cases/NA_Timezone_Separated/BORetail6" classname="Test Cases/NA_Timezone_Separated/BORetail6" status="PASSED">
         <system-out><![CDATA[2019-10-03 17:45:45 - [TEST_CASE][PASSED] - Test Cases/NA_Timezone_Separated/BORetail6: Test Cases/NA_Timezone_Separated/BORetail6

2019-10-03 17:45:45 - [TEST_STEP][PASSED] - Start listener action : sampleBeforeTestCase: null

2019-10-03 17:45:45 - [TEST_STEP][PASSED] - println(testCaseContext.getTestCaseId()): null

2019-10-03 17:45:45 - [TEST_STEP][PASSED] - println(testCaseContext.getTestCaseVariables()): null

2019-10-03 17:45:45 - [TEST_STEP][PASSED] - openBrowser(""): Browser is opened with url: ''

2019-10-03 17:45:45 - [MESSAGE][WARNING] - A browser is already opened. Closing browser and opening a new one

2019-10-03 17:45:46 - [MESSAGE][INFO] - Starting 'Chrome' driver

2019-10-03 17:45:46 - [MESSAGE][INFO] - User set preference: ['args', '[--use-fake-ui-for-media-stream, --start-maximized]']

2019-10-03 17:45:48 - [MESSAGE][PASSED] - Browser is opened with url: ''

2019-10-03 17:45:48 - [TEST_STEP][PASSED] - driver = <not implemented yet for class: org.codehaus.groovy.ast.expr.EmptyExpression>: null

2019-10-03 17:45:48 - [TEST_STEP][PASSED] - executor = <not implemented yet for class: org.codehaus.groovy.ast.expr.EmptyExpression>: null

2019-10-03 17:45:48 - [TEST_STEP][PASSED] - for ([timeRow = 6, timeRow <= 6, (timeRow++)]): Call Test Case 'Test Cases/NewArrival/productVerify' successfully

2019-10-03 17:45:48 - [TEST_STEP][PASSED] - callTestCase(findTestCase("NewArrival/populateTimeGlobalVars"), ["row":timeRow], CONTINUE_ON_FAILURE): Call Test Case 'Test Cases/NewArrival/populateTimeGlobalVars' successfully

2019-10-03 17:45:48 - [TEST_CASE][PASSED] - Test Cases/NewArrival/populateTimeGlobalVars: Test Cases/NewArrival/populateTimeGlobalVars

2019-10-03 17:45:48 - [TEST_STEP][PASSED] - dataFile = "timezoneData": null

2019-10-03 17:45:48 - [TEST_STEP][PASSED] - clockServerTarget = UtilityMethods.getTestData("envtData", "clockServerTarget", 1): null

2019-10-03 17:45:48 - [TEST_STEP][PASSED] - println(clockServerTarget): null

2019-10-03 17:45:48 - [TEST_STEP][PASSED] - orderType = UtilityMethods.getTestData(dataFile, "orderType", row): null

2019-10-03 17:45:48 - [TEST_STEP][PASSED] - timeZone = UtilityMethods.getTestData(dataFile, "timeZone", row): null

2019-10-03 17:45:48 - [TEST_STEP][PASSED] - BOPersonal = UtilityMethods.getTestData(dataFile, "BOPersonal", row): null

2019-10-03 17:45:48 - [TEST_STEP][PASSED] - BOAddonPersonal = UtilityMethods.getTestData(dataFile, "BOAddonPersonal", row): null

2019-10-03 17:45:48 - [TEST_STEP][PASSED] - BOAddonRetail = UtilityMethods.getTestData(dataFile, "BOAddonRetail", row): null

2019-10-03 17:45:48 - [TEST_STEP][PASSED] - BORetail = UtilityMethods.getTestData(dataFile, "BORetail", row): null

2019-10-03 17:45:48 - [TEST_STEP][PASSED] - BOShow = UtilityMethods.getTestData(dataFile, "BOShow", row): null

2019-10-03 17:45:48 - [TEST_STEP][PASSED] - BOOnlineoutlet = UtilityMethods.getTestData(dataFile, "BOOnlineoutlet", row): null

2019-10-03 17:45:48 - [TEST_STEP][PASSED] - BOEmployee = UtilityMethods.getTestData(dataFile, "BOEmployee", row): null

2019-10-03 17:45:48 - [TEST_STEP][PASSED] - CCPersonal = UtilityMethods.getTestData(dataFile, "CCPersonal", row): null

2019-10-03 17:45:48 - [TEST_STEP][PASSED] - CCRetail = UtilityMethods.getTestData(dataFile, "CCRetail", row): null

2019-10-03 17:45:48 - [TEST_STEP][PASSED] - CCShow = UtilityMethods.getTestData(dataFile, "CCShow", row): null

2019-10-03 17:45:48 - [TEST_STEP][PASSED] - BOEblast = UtilityMethods.getTestData(dataFile, "BOEblast", row): null

2019-10-03 17:45:48 - [TEST_STEP][PASSED] - println(row): null

2019-10-03 17:45:48 - [TEST_STEP][PASSED] - println(BOPersonal): null

2019-10-03 17:45:48 - [MESSAGE][PASSED] - Call Test Case 'Test Cases/NewArrival/populateTimeGlobalVars' successfully

2019-10-03 17:45:48 - [TEST_STEP][PASSED] - callTestCase(findTestCase("NewArrival/setTimezone"), ["ofbizURL":"", "ofbizuser":"", "ofbizpass":"", "orderType":orderType, "timeZone":timeZone, "serverTarget":serverTarget, "clockServerTarget":clockServerTarget], CONTINUE_ON_FAILURE): Call Test Case 'Test Cases/NewArrival/setTimezone' successfully

2019-10-03 17:45:48 - [TEST_CASE][PASSED] - Test Cases/NewArrival/setTimezone: Test Cases/NewArrival/setTimezone

2019-10-03 17:45:48 - [TEST_STEP][PASSED] - openBrowser(""): Browser is opened with url: ''

2019-10-03 17:45:48 - [MESSAGE][WARNING] - A browser is already opened. Closing browser and opening a new one

2019-10-03 17:45:49 - [MESSAGE][INFO] - Starting 'Chrome' driver

2019-10-03 17:45:49 - [MESSAGE][INFO] - User set preference: ['args', '[--use-fake-ui-for-media-stream, --start-maximized]']

2019-10-03 17:45:51 - [MESSAGE][PASSED] - Browser is opened with url: ''

2019-10-03 17:45:51 - [TEST_STEP][NOT_RUN] - maximizeWindow(): NOT_RUN: maximizeWindow()

2019-10-03 17:45:51 - [MESSAGE][NOT_RUN] - NOT_RUN: maximizeWindow()

2019-10-03 17:45:51 - [TEST_STEP][PASSED] - ofbizURL = findTestData("envtData").getValue("ofbizURL", 1): null

2019-10-03 17:45:51 - [TEST_STEP][PASSED] - ofbizuser = findTestData("credData").getValue("ofbizuser", 1): null

2019-10-03 17:45:51 - [TEST_STEP][PASSED] - ofbizpass = findTestData("credData").getValue("ofbizpass", 1): null

2019-10-03 17:45:51 - [TEST_STEP][PASSED] - navigateToUrl(ofbizURL): Navigate to 'https://pushofbiz.cliotest.com/login.php' successfully

2019-10-03 17:45:53 - [MESSAGE][PASSED] - Navigate to 'https://pushofbiz.cliotest.com/login.php' successfully

2019-10-03 17:45:53 - [TEST_STEP][PASSED] - setText(findTestObject("Page_/input_Username_username"), ofbizuser): Text 'automation' is set on object 'Object Repository/Page_/input_Username_username'

2019-10-03 17:45:53 - [MESSAGE][PASSED] - Text 'automation' is set on object 'Object Repository/Page_/input_Username_username'

2019-10-03 17:45:53 - [TEST_STEP][PASSED] - setText(findTestObject("Page_/input_Password_password"), ofbizpass): Text 'cabiautomation' is set on object 'Object Repository/Page_/input_Password_password'

2019-10-03 17:45:53 - [MESSAGE][PASSED] - Text 'cabiautomation' is set on object 'Object Repository/Page_/input_Password_password'

2019-10-03 17:45:53 - [TEST_STEP][PASSED] - click(findTestObject("Page_/input_Password_Submit")): Object: 'Object Repository/Page_/input_Password_Submit' is clicked on

2019-10-03 17:45:56 - [MESSAGE][PASSED] - Object: 'Object Repository/Page_/input_Password_Submit' is clicked on

2019-10-03 17:45:56 - [TEST_STEP][PASSED] - click(findTestObject("Object Repository/Page_/a_Clock set")): Object: 'Object Repository/Page_/a_Clock set' is clicked on

2019-10-03 17:45:57 - [MESSAGE][PASSED] - Object: 'Object Repository/Page_/a_Clock set' is clicked on

2019-10-03 17:45:57 - [TEST_STEP][PASSED] - cst = UtilityMethods.createTestObject("select_target", "//select[@name='Target']/option[contains(text(), '", clockServerTarget, "')]"): null

2019-10-03 17:45:57 - [TEST_STEP][PASSED] - println(clockServerTarget): null

2019-10-03 17:45:57 - [TEST_STEP][PASSED] - click(cst): Object: 'select_target' is clicked on

2019-10-03 17:45:57 - [MESSAGE][PASSED] - Object: 'select_target' is clicked on

2019-10-03 17:45:57 - [TEST_STEP][PASSED] - click(findTestObject("Page_/thisDateAndTime")): Object: 'Object Repository/Page_/thisDateAndTime' is clicked on

2019-10-03 17:45:57 - [MESSAGE][PASSED] - Object: 'Object Repository/Page_/thisDateAndTime' is clicked on

2019-10-03 17:45:57 - [TEST_STEP][PASSED] - setText(findTestObject("Object Repository/Page_/setTargetTime"), timeZone): Text ' 11/20/2019 00:00' is set on object 'Object Repository/Page_/setTargetTime'

2019-10-03 17:45:57 - [MESSAGE][PASSED] - Text ' 11/20/2019 00:00' is set on object 'Object Repository/Page_/setTargetTime'

2019-10-03 17:45:57 - [TEST_STEP][PASSED] - click(findTestObject("Object Repository/Page_/input")): Object: 'Object Repository/Page_/input' is clicked on

2019-10-03 17:45:58 - [MESSAGE][PASSED] - Object: 'Object Repository/Page_/input' is clicked on

2019-10-03 17:45:58 - [TEST_STEP][PASSED] - delay(10): Delayed 10 second(s)

2019-10-03 17:46:08 - [MESSAGE][PASSED] - Delayed 10 second(s)

2019-10-03 17:46:08 - [TEST_STEP][NOT_RUN] - closeBrowser(): NOT_RUN: closeBrowser()

2019-10-03 17:46:08 - [MESSAGE][NOT_RUN] - NOT_RUN: closeBrowser()

2019-10-03 17:46:08 - [MESSAGE][PASSED] - Call Test Case 'Test Cases/NewArrival/setTimezone' successfully

2019-10-03 17:46:08 - [TEST_STEP][PASSED] - callTestCase(findTestCase("TestCaseUtilities/backOfficeLogin"), ["BOURL":"", "BOuser":"", "BOpass":""], CONTINUE_ON_FAILURE): Call Test Case 'Test Cases/TestCaseUtilities/backOfficeLogin' successfully

2019-10-03 17:46:08 - [TEST_CASE][PASSED] - Test Cases/TestCaseUtilities/backOfficeLogin: Test Cases/TestCaseUtilities/backOfficeLogin

2019-10-03 17:46:08 - [TEST_STEP][PASSED] - BOURL = findTestData("envtData").getValue("BOURL", 1): null

2019-10-03 17:46:08 - [TEST_STEP][PASSED] - BOuser = findTestData("credData").getValue("BOuser", 1): null

2019-10-03 17:46:08 - [TEST_STEP][PASSED] - BOpass = findTestData("credData").getValue("BOpass", 1): null

2019-10-03 17:46:08 - [TEST_STEP][PASSED] - openBrowser(""): Browser is opened with url: ''

2019-10-03 17:46:08 - [MESSAGE][WARNING] - A browser is already opened. Closing browser and opening a new one

2019-10-03 17:46:08 - [MESSAGE][INFO] - Starting 'Chrome' driver

2019-10-03 17:46:08 - [MESSAGE][INFO] - User set preference: ['args', '[--use-fake-ui-for-media-stream, --start-maximized]']

2019-10-03 17:46:11 - [MESSAGE][PASSED] - Browser is opened with url: ''

2019-10-03 17:46:11 - [TEST_STEP][PASSED] - navigateToUrl(BOURL): Navigate to 'https://test4.cliotest.com/backoffice/control/main' successfully

2019-10-03 17:46:17 - [MESSAGE][PASSED] - Navigate to 'https://test4.cliotest.com/backoffice/control/main' successfully

2019-10-03 17:46:17 - [TEST_STEP][PASSED] - logOut = findWebElements(findTestObject("Object Repository/Page_cabi Home/log_out"), 1): Unable to find the element located by 'By.xpath: //a[contains(text(),'Log Out')]'. Please recheck the objects properties to make sure the desired element is located. 

2019-10-03 17:46:18 - [MESSAGE][INFO] - Unable to find the element located by 'By.xpath: //a[contains(text(),'Log Out')]'. Please recheck the objects properties to make sure the desired element is located. 

2019-10-03 17:46:18 - [TEST_STEP][PASSED] - if (logOut.size() == 0): Object: 'Object Repository/Page_cabi/input_Welcome to_consultantLogin' is clicked on

2019-10-03 17:46:18 - [TEST_STEP][PASSED] - setText(findTestObject("Page_cabi/input_Welcome to_USERNAME"), BOuser): Text '400000002' is set on object 'Object Repository/Page_cabi/input_Welcome to_USERNAME'

2019-10-03 17:46:18 - [MESSAGE][PASSED] - Text '400000002' is set on object 'Object Repository/Page_cabi/input_Welcome to_USERNAME'

2019-10-03 17:46:18 - [TEST_STEP][PASSED] - setText(findTestObject("Object Repository/Page_cabi/input_Welcome to_PASSWORD"), BOpass): Text 'blackdress19' is set on object 'Object Repository/Page_cabi/input_Welcome to_PASSWORD'

2019-10-03 17:46:19 - [MESSAGE][PASSED] - Text 'blackdress19' is set on object 'Object Repository/Page_cabi/input_Welcome to_PASSWORD'

2019-10-03 17:46:19 - [TEST_STEP][PASSED] - click(findTestObject("Object Repository/Page_cabi/input_Welcome to_consultantLogin")): Object: 'Object Repository/Page_cabi/input_Welcome to_consultantLogin' is clicked on

2019-10-03 17:46:26 - [MESSAGE][PASSED] - Object: 'Object Repository/Page_cabi/input_Welcome to_consultantLogin' is clicked on

2019-10-03 17:46:26 - [TEST_STEP][PASSED] - delay(3): Delayed 3 second(s)

2019-10-03 17:46:29 - [MESSAGE][PASSED] - Delayed 3 second(s)

2019-10-03 17:46:29 - [MESSAGE][PASSED] - Call Test Case 'Test Cases/TestCaseUtilities/backOfficeLogin' successfully

2019-10-03 17:46:29 - [TEST_STEP][PASSED] - driver = getWebDriver(): null

2019-10-03 17:46:29 - [TEST_STEP][PASSED] - executor = driver: null

2019-10-03 17:46:29 - [TEST_STEP][PASSED] - click(findTestObject("Page_cabi Home/a_Shows  Orders")): Object: 'Object Repository/Page_cabi Home/a_Shows  Orders' is clicked on

2019-10-03 17:46:29 - [MESSAGE][PASSED] - Object: 'Object Repository/Page_cabi Home/a_Shows  Orders' is clicked on

2019-10-03 17:46:29 - [TEST_STEP][PASSED] - delay(1): Delayed 1 second(s)

2019-10-03 17:46:30 - [MESSAGE][PASSED] - Delayed 1 second(s)

2019-10-03 17:46:30 - [TEST_STEP][PASSED] - click(findTestObject("Page_cabi Home/a_retail_purchases")): Object: 'Object Repository/Page_cabi Home/a_retail_purchases' is clicked on

2019-10-03 17:46:35 - [MESSAGE][PASSED] - Object: 'Object Repository/Page_cabi Home/a_retail_purchases' is clicked on

2019-10-03 17:46:35 - [TEST_STEP][PASSED] - delay(3): Delayed 3 second(s)

2019-10-03 17:46:38 - [MESSAGE][PASSED] - Delayed 3 second(s)

2019-10-03 17:46:38 - [TEST_STEP][PASSED] - click(findTestObject("Object Repository/Page_cabi Home/existingCustomer")): Object: 'Object Repository/Page_cabi Home/existingCustomer' is clicked on

2019-10-03 17:46:38 - [MESSAGE][PASSED] - Object: 'Object Repository/Page_cabi Home/existingCustomer' is clicked on

2019-10-03 17:46:38 - [TEST_STEP][PASSED] - contactNumber = 1: null

2019-10-03 17:46:38 - [TEST_STEP][PASSED] - firstName = findTestData("contactData").getValue("firstName", contactNumber): null

2019-10-03 17:46:38 - [TEST_STEP][PASSED] - lastName = findTestData("contactData").getValue("lastName", contactNumber): null

2019-10-03 17:46:38 - [TEST_STEP][PASSED] - email = findTestData("contactData").getValue("email", contactNumber): null

2019-10-03 17:46:38 - [TEST_STEP][PASSED] - address1 = findTestData("contactData").getValue("address1", contactNumber): null

2019-10-03 17:46:38 - [TEST_STEP][PASSED] - city = findTestData("contactData").getValue("city", contactNumber): null

2019-10-03 17:46:38 - [TEST_STEP][PASSED] - state = findTestData("contactData").getValue("state", contactNumber): null

2019-10-03 17:46:38 - [TEST_STEP][PASSED] - zip = findTestData("contactData").getValue("zip", contactNumber): null

2019-10-03 17:46:38 - [TEST_STEP][PASSED] - existingCustFName = firstName: null

2019-10-03 17:46:38 - [TEST_STEP][PASSED] - existingCustLName = lastName: null

2019-10-03 17:46:38 - [TEST_STEP][PASSED] - space = " ": null

2019-10-03 17:46:38 - [TEST_STEP][PASSED] - existingCust = $existingCustFName$space$existingCustLName: null

2019-10-03 17:46:38 - [TEST_STEP][PASSED] - setText(findTestObject("Object Repository/Page_cabi Home/input_existing_guest"), existingCust): Text 'ahostess-test1 abc' is set on object 'Object Repository/Page_cabi Home/input_existing_guest'

2019-10-03 17:46:38 - [MESSAGE][PASSED] - Text 'ahostess-test1 abc' is set on object 'Object Repository/Page_cabi Home/input_existing_guest'

2019-10-03 17:46:38 - [TEST_STEP][PASSED] - delay(2): Delayed 2 second(s)

2019-10-03 17:46:40 - [MESSAGE][PASSED] - Delayed 2 second(s)

2019-10-03 17:46:40 - [TEST_STEP][PASSED] - sendKeys(findTestObject("Object Repository/Page_cabi Home/input_existing_guest"), Keys.chord(ARROW_DOWN)): Keys 'DOWN + ' sent to object: 'Object Repository/Page_cabi Home/input_existing_guest'

2019-10-03 17:46:40 - [MESSAGE][PASSED] - Keys 'DOWN + ' sent to object: 'Object Repository/Page_cabi Home/input_existing_guest'

2019-10-03 17:46:40 - [TEST_STEP][PASSED] - sendKeys(findTestObject("Object Repository/Page_cabi Home/input_existing_guest"), Keys.chord(ENTER)): Keys 'ENTER + ' sent to object: 'Object Repository/Page_cabi Home/input_existing_guest'

2019-10-03 17:46:41 - [MESSAGE][PASSED] - Keys 'ENTER + ' sent to object: 'Object Repository/Page_cabi Home/input_existing_guest'

2019-10-03 17:46:41 - [TEST_STEP][PASSED] - delay(5): Delayed 5 second(s)

2019-10-03 17:46:46 - [MESSAGE][PASSED] - Delayed 5 second(s)

2019-10-03 17:46:46 - [TEST_STEP][PASSED] - executor.executeScript("arguments[0].click();", findWebElement(findTestObject("Object Repository/Page_cabi Home/a_same_shipping_address"), 5)): null

2019-10-03 17:46:46 - [TEST_STEP][PASSED] - click(findTestObject("Object Repository/Page_cabi Home/a_same_shipping_address")): Object: 'Object Repository/Page_cabi Home/a_same_shipping_address' is clicked on

2019-10-03 17:46:46 - [MESSAGE][PASSED] - Object: 'Object Repository/Page_cabi Home/a_same_shipping_address' is clicked on

2019-10-03 17:46:46 - [TEST_STEP][PASSED] - delay(5): Delayed 5 second(s)

2019-10-03 17:46:51 - [MESSAGE][PASSED] - Delayed 5 second(s)

2019-10-03 17:46:51 - [TEST_STEP][PASSED] - executor.executeScript("arguments[0].click();", findWebElement(findTestObject("Page_cabi Retail Store/span_next_1"), 5)): null

2019-10-03 17:46:51 - [TEST_STEP][PASSED] - delay(3): Delayed 3 second(s)

2019-10-03 17:46:54 - [MESSAGE][PASSED] - Delayed 3 second(s)

2019-10-03 17:46:54 - [TEST_STEP][PASSED] - callTestCase(findTestCase("NewArrival/productVerify"), ["available":BORetail, "storeType":"BORetail"], CONTINUE_ON_FAILURE): Call Test Case 'Test Cases/NewArrival/productVerify' successfully

2019-10-03 17:46:54 - [TEST_CASE][PASSED] - Test Cases/NewArrival/productVerify: Test Cases/NewArrival/productVerify

2019-10-03 17:46:54 - [TEST_STEP][PASSED] - sa = <not implemented yet for class: org.codehaus.groovy.ast.expr.EmptyExpression>: null

2019-10-03 17:46:54 - [TEST_STEP][PASSED] - styleid_data = <not implemented yet for class: org.codehaus.groovy.ast.expr.EmptyExpression>: null

2019-10-03 17:46:54 - [TEST_STEP][PASSED] - by = <not implemented yet for class: org.codehaus.groovy.ast.expr.EmptyExpression>: null

2019-10-03 17:46:54 - [TEST_STEP][PASSED] - styleWe = <not implemented yet for class: org.codehaus.groovy.ast.expr.EmptyExpression>: null

2019-10-03 17:46:54 - [TEST_STEP][PASSED] - to = <not implemented yet for class: org.codehaus.groovy.ast.expr.EmptyExpression>: null

2019-10-03 17:46:54 - [TEST_STEP][PASSED] - driver = getWebDriver(): null

2019-10-03 17:46:54 - [TEST_STEP][PASSED] - for ([row = 1, row <= findTestData("productData").getRowNumbers(), (row++)]): null

2019-10-03 17:46:54 - [TEST_STEP][PASSED] - delay(3): Delayed 3 second(s)

2019-10-03 17:46:57 - [MESSAGE][PASSED] - Delayed 3 second(s)

2019-10-03 17:46:57 - [TEST_STEP][PASSED] - sa = new org.testng.asserts.SoftAssert(): null

2019-10-03 17:46:57 - [TEST_STEP][PASSED] - styleid_data = findTestData("productData").getValue("Style", row): null

2019-10-03 17:46:57 - [TEST_STEP][PASSED] - println("******************+++++++++++++++++++**********************************************"): null

2019-10-03 17:46:57 - [TEST_STEP][PASSED] - println(styleid_data): null

2019-10-03 17:46:57 - [TEST_STEP][PASSED] - by = By.xpath("//input[@name='style']"): null

2019-10-03 17:46:57 - [TEST_STEP][PASSED] - styleWe = UtilityMethods.getElementByLocator(by, driver): null

2019-10-03 17:46:57 - [TEST_STEP][PASSED] - to = UtilityMethods.fromElement(styleWe): null

2019-10-03 17:46:57 - [TEST_STEP][PASSED] - setText(to, styleid_data): Text '3863' is set on object ''

2019-10-03 17:46:57 - [MESSAGE][PASSED] - Text '3863' is set on object ''

2019-10-03 17:46:57 - [TEST_STEP][PASSED] - sendKeys(to, Keys.chord(ENTER)): Keys 'ENTER + ' sent to object: ''

2019-10-03 17:46:58 - [MESSAGE][PASSED] - Keys 'ENTER + ' sent to object: ''

2019-10-03 17:46:58 - [TEST_STEP][PASSED] - delay(2): Delayed 2 second(s)

2019-10-03 17:47:00 - [MESSAGE][PASSED] - Delayed 2 second(s)

2019-10-03 17:47:00 - [TEST_STEP][PASSED] - if (toString().equalsIgnoreCase("no")): null

2019-10-03 17:47:00 - [TEST_STEP][PASSED] - else: null

2019-10-03 17:47:00 - [TEST_STEP][PASSED] - click(findTestObject("Page_cabi Order Items/li_order_item")): Object: 'Object Repository/Page_cabi Order Items/li_order_item' is clicked on

2019-10-03 17:47:00 - [MESSAGE][PASSED] - Object: 'Object Repository/Page_cabi Order Items/li_order_item' is clicked on

2019-10-03 17:47:00 - [TEST_STEP][PASSED] - delay(5): Delayed 5 second(s)

2019-10-03 17:47:05 - [MESSAGE][PASSED] - Delayed 5 second(s)

2019-10-03 17:47:05 - [TEST_STEP][PASSED] - imagePath = UtilityMethods.createScreenshotImagePath(storeType, styleid_data): null

2019-10-03 17:47:05 - [TEST_STEP][PASSED] - println(imagePath): null

2019-10-03 17:47:05 - [TEST_STEP][PASSED] - takeScreenshot(imagePath): Taking screenshot successfully

2019-10-03 17:47:05 - [MESSAGE][PASSED] - Taking screenshot successfully
[[ATTACHMENT|C:\\Users\\user\\Documents\\testautomation\\KatalonProjects\\productImages\\BORetail_3863 image.png]]

2019-10-03 17:47:05 - [TEST_STEP][PASSED] - verifyElementText(findTestObject("Page_cabi Order Items/GetAttribute_getID"), styleid_data, CONTINUE_ON_FAILURE): Actual text and expected text of test object 'Object Repository/Page_cabi Order Items/GetAttribute_getID' are matched.

2019-10-03 17:47:05 - [MESSAGE][PASSED] - Actual text and expected text of test object 'Object Repository/Page_cabi Order Items/GetAttribute_getID' are matched.

2019-10-03 17:47:05 - [TEST_STEP][PASSED] - colorOptions = findWebElements(findTestObject("Page_cabi Order Items/GetAttribute_Color"), 5): null

2019-10-03 17:47:05 - [TEST_STEP][PASSED] - println(colorOptions.size()): null

2019-10-03 17:47:05 - [TEST_STEP][PASSED] - expectedColour = findTestData("productData").getValue("Color", row): null

2019-10-03 17:47:05 - [TEST_STEP][PASSED] - println("expected colour is"): null

2019-10-03 17:47:05 - [TEST_STEP][PASSED] - println(expectedColour): null

2019-10-03 17:47:05 - [TEST_STEP][PASSED] - colourVerified = false: null

2019-10-03 17:47:05 - [TEST_STEP][PASSED] - for (org.openqa.selenium.WebElement op : colorOptions): null

2019-10-03 17:47:05 - [TEST_STEP][PASSED] - println(op.getText()): null

2019-10-03 17:47:05 - [TEST_STEP][PASSED] - if (expectedColour.equalsIgnoreCase(op.getText())): null

2019-10-03 17:47:05 - [TEST_STEP][PASSED] - colourVerified = true: null

2019-10-03 17:47:05 - [TEST_STEP][PASSED] - break: null

2019-10-03 17:47:05 - [TEST_STEP][PASSED] - sa.assertTrue(colourVerified): null

2019-10-03 17:47:05 - [TEST_STEP][PASSED] - getPrice = getText(findTestObject("Page_cabi Order Items/GetAttribute_Price")): Text of object 'Object Repository/Page_cabi Order Items/GetAttribute_Price' is: 'Price : $84.00'

2019-10-03 17:47:05 - [MESSAGE][PASSED] - Text of object 'Object Repository/Page_cabi Order Items/GetAttribute_Price' is: 'Price : $84.00'

2019-10-03 17:47:05 - [TEST_STEP][PASSED] - Split_Data = UtilityMethods.SplitData(getPrice): null

2019-10-03 17:47:05 - [TEST_STEP][PASSED] - verifyMatch(Split_Data, findTestData("productData").getValue("Retail", row), true, CONTINUE_ON_FAILURE): Actual text '84' and expected text '84' are matched  using regular expression

2019-10-03 17:47:05 - [MESSAGE][PASSED] - Actual text '84' and expected text '84' are matched  using regular expression

2019-10-03 17:47:05 - [TEST_STEP][PASSED] - sizeRange1 = ["XXS", "XS", "S", "M", "L", "XL"]: null

2019-10-03 17:47:05 - [TEST_STEP][PASSED] - sizeRange2 = ["00", "0", "2", "4", "6", "8", "10", "12", "14", "16"]: null

2019-10-03 17:47:05 - [TEST_STEP][PASSED] - sizeRange3 = ["Long", "Regular", "Short"]: null

2019-10-03 17:47:05 - [TEST_STEP][PASSED] - sizeRange4 = ["5", "6", "6.5", "7", "7.5", "8", "8.5", "9", "9.5", "10", "11"]: null

2019-10-03 17:47:05 - [TEST_STEP][PASSED] - sizeRange5 = ["XS/S", "M/L"]: null

2019-10-03 17:47:05 - [TEST_STEP][PASSED] - sizeRangeSplit = UtilityMethods.SplitSizes(findTestData("productData").getValue("SzRange", row)): null

2019-10-03 17:47:05 - [TEST_STEP][PASSED] - sizeType = getText(findTestObject("Object Repository/Page_cabi Order Items/Size")): Text of object 'Object Repository/Page_cabi Order Items/Size' is: 'Select'

2019-10-03 17:47:05 - [MESSAGE][PASSED] - Text of object 'Object Repository/Page_cabi Order Items/Size' is: 'Select'

2019-10-03 17:47:05 - [TEST_STEP][PASSED] - sizeOptions = findWebElements(findTestObject("Object Repository/Page_cabi Order Items/Size"), 5): null

2019-10-03 17:47:05 - [TEST_STEP][PASSED] - actualRange = new java.util.ArrayList(): null

2019-10-03 17:47:05 - [TEST_STEP][PASSED] - expectedRange = <not implemented yet for class: org.codehaus.groovy.ast.expr.EmptyExpression>: null

2019-10-03 17:47:05 - [TEST_STEP][PASSED] - if (sizeType.equalsIgnoreCase("Select")): null

2019-10-03 17:47:05 - [TEST_STEP][PASSED] - for ([i = 1, i < sizeOptions.size(), (i++)]): null

2019-10-03 17:47:05 - [TEST_STEP][PASSED] - actualRange.add(getAttribute("value").toString()): null

2019-10-03 17:47:05 - [TEST_STEP][PASSED] - actualRange.add(getAttribute("value").toString()): null

2019-10-03 17:47:05 - [TEST_STEP][PASSED] - actualRange.add(getAttribute("value").toString()): null

2019-10-03 17:47:05 - [TEST_STEP][PASSED] - actualRange.add(getAttribute("value").toString()): null

2019-10-03 17:47:05 - [TEST_STEP][PASSED] - actualRange.add(getAttribute("value").toString()): null

2019-10-03 17:47:05 - [TEST_STEP][PASSED] - if (toString().equalsIgnoreCase("XS") || toString().equalsIgnoreCase("XXS")): null

2019-10-03 17:47:05 - [TEST_STEP][PASSED] - expectedRange = UtilityMethods.getExpectedRange(sizeRange1, sizeRangeSplit): null

2019-10-03 17:47:05 - [TEST_STEP][PASSED] - println("XS"): null

2019-10-03 17:47:05 - [TEST_STEP][PASSED] - println(expectedRange.toString()): null

2019-10-03 17:47:05 - [TEST_STEP][PASSED] - sa.assertTrue(UtilityMethods.listEquals(expectedRange, actualRange)): null

2019-10-03 17:47:05 - [TEST_STEP][PASSED] - delay(2): Delayed 2 second(s)

2019-10-03 17:47:07 - [MESSAGE][PASSED] - Delayed 2 second(s)

2019-10-03 17:47:07 - [TEST_STEP][PASSED] - verifyElementText(findTestObject("Page_cabi Order Items/product_title"), findTestData("productData").getValue("Description", row), CONTINUE_ON_FAILURE): Actual text and expected text of test object 'Object Repository/Page_cabi Order Items/product_title' are matched.

2019-10-03 17:47:07 - [MESSAGE][PASSED] - Actual text and expected text of test object 'Object Repository/Page_cabi Order Items/product_title' are matched.

2019-10-03 17:47:07 - [TEST_STEP][PASSED] - verifyElementText(findTestObject("Page_cabi Order Items/product_fabric"), findTestData("productData").getValue("FinalContent", row), CONTINUE_ON_FAILURE): Actual text and expected text of test object 'Object Repository/Page_cabi Order Items/product_fabric' are matched.

2019-10-03 17:47:07 - [MESSAGE][PASSED] - Actual text and expected text of test object 'Object Repository/Page_cabi Order Items/product_fabric' are matched.

2019-10-03 17:47:07 - [TEST_STEP][PASSED] - actualCasreIntrn = "<div>" + getText(findTestObject("Page_cabi Order Items/care_instruction")) + "</div>": Text of object 'Object Repository/Page_cabi Order Items/care_instruction' is: 'Machine wash with like colors in cold water on the delicate cycle. Only non-chlorine bleach if needed. Lay flat to dry. Warm iron if needed.'

2019-10-03 17:47:08 - [MESSAGE][PASSED] - Text of object 'Object Repository/Page_cabi Order Items/care_instruction' is: 'Machine wash with like colors in cold water on the delicate cycle. Only non-chlorine bleach if needed. Lay flat to dry. Warm iron if needed.'

2019-10-03 17:47:08 - [TEST_STEP][PASSED] - sa.assertTrue(actualCasreIntrn.equals(findTestData("productData").getValue("CareInstr", row))): null

2019-10-03 17:47:08 - [MESSAGE][PASSED] - Call Test Case 'Test Cases/NewArrival/productVerify' successfully]]></system-out>
         <system-err><![CDATA[]]></system-err>
      </testcase>
      <system-out><![CDATA[2019-10-03 17:38:55 - [TEST_SUITE][PASSED] - NewArrivalsSuite1: Test Cases/NA_Timezone_Separated/BORetail6]]></system-out>
      <system-err><![CDATA[]]></system-err>
   </testsuite>
</testsuites>
