<?xml version="1.0" encoding="UTF-8"?>
<testsuites name="NewArrivalsSuite1" time="510" tests="1" failures="0" errors="0">
   <testsuite name="NewArrivalsSuite1" tests="1" failures="0" errors="0" time="510" timestamp="2019-11-21 18:56:57" hostname="user - Tester-pc" id="Test Suites/NewArrivalsSuites/NewArrivalsSuite1">
      <properties>
         <property name="deviceName" value=""/>
         <property name="devicePlatform" value=""/>
         <property name="logFolder" value="C:\\Users\\user\\Documents\\testautomation\\KatalonProjects\\Reports\\NewArrivalsSuites\\NewArrivalsSuite1\\20191121_185651"/>
         <property name="logFiles" value="C:\\Users\\user\\Documents\\testautomation\\KatalonProjects\\Reports\\NewArrivalsSuites\\NewArrivalsSuite1\\20191121_185651\\execution0.log"/>
         <property name="attachments" value="C:\\Users\\user\\Documents\\testautomation\\KatalonProjects\\productImages\\BOPersonal_5726 image.png, C:\\Users\\user\\Documents\\testautomation\\KatalonProjects\\productImages\\BOPersonal_5727 image.png, C:\\Users\\user\\Documents\\testautomation\\KatalonProjects\\productImages\\BOPersonal_5728 image.png, C:\\Users\\user\\Documents\\testautomation\\KatalonProjects\\productImages\\BOPersonal_5729 image.png, C:\\Users\\user\\Documents\\testautomation\\KatalonProjects\\productImages\\BOPersonal_5730 image.png, C:\\Users\\user\\Documents\\testautomation\\KatalonProjects\\productImages\\BOPersonal_5731 image.png, C:\\Users\\user\\Documents\\testautomation\\KatalonProjects\\productImages\\BOPersonal_5732 image.png, C:\\Users\\user\\Documents\\testautomation\\KatalonProjects\\productImages\\BOPersonal_5733 image.png, C:\\Users\\user\\Documents\\testautomation\\KatalonProjects\\productImages\\BOPersonal_5734 image.png, C:\\Users\\user\\Documents\\testautomation\\KatalonProjects\\productImages\\BOPersonal_5735 image.png, C:\\Users\\user\\Documents\\testautomation\\KatalonProjects\\productImages\\BOPersonal_5736 image.png, C:\\Users\\user\\Documents\\testautomation\\KatalonProjects\\productImages\\BOPersonal_5737 image.png, C:\\Users\\user\\Documents\\testautomation\\KatalonProjects\\productImages\\BOPersonal_5742 image.png, C:\\Users\\user\\Documents\\testautomation\\KatalonProjects\\productImages\\BOPersonal_5744 image.png, C:\\Users\\user\\Documents\\testautomation\\KatalonProjects\\productImages\\BOPersonal_5745 image.png, C:\\Users\\user\\Documents\\testautomation\\KatalonProjects\\productImages\\BOPersonal_5746 image.png, C:\\Users\\user\\Documents\\testautomation\\KatalonProjects\\productImages\\BOPersonal_5747 image.png, C:\\Users\\user\\Documents\\testautomation\\KatalonProjects\\productImages\\BOPersonal_5748 image.png, C:\\Users\\user\\Documents\\testautomation\\KatalonProjects\\productImages\\BOPersonal_5750 image.png, C:\\Users\\user\\Documents\\testautomation\\KatalonProjects\\productImages\\BOPersonal_5756 image.png"/>
         <property name="hostName" value="user - Tester-pc"/>
         <property name="os" value="Windows 8.1 64bit"/>
         <property name="katalonVersion" value="6.1.1.1"/>
         <property name="browser" value="Chrome 77.0.3865.120"/>
         <property name="hostAddress" value="10.0.61.249"/>
         <property name="sessionId" value="cbf9bf2bc9cfd1932f9b06d94e26e596"/>
         <property name="seleniumVersion" value="3.7.1"/>
         <property name="proxyInformation" value="ProxyInformation{proxyOption=NO_PROXY, proxyServerType=HTTP, password=, proxyServerAddress=, proxyServerPort=0}"/>
         <property name="platform" value="Windows 8.1"/>
      </properties>
      <testcase name="Test Cases/NA_Timezone_Separated/BOPersonal1" classname="Test Cases/NA_Timezone_Separated/BOPersonal1" status="PASSED">
         <system-out><![CDATA[2019-11-21 18:56:58 - [TEST_CASE][PASSED] - Test Cases/NA_Timezone_Separated/BOPersonal1: Test Cases/NA_Timezone_Separated/BOPersonal1

2019-11-21 18:56:58 - [TEST_STEP][PASSED] - Start listener action : sampleBeforeTestCase: null

2019-11-21 18:56:58 - [TEST_STEP][PASSED] - println(testCaseContext.getTestCaseId()): null

2019-11-21 18:56:58 - [TEST_STEP][PASSED] - println(testCaseContext.getTestCaseVariables()): null

2019-11-21 18:56:58 - [TEST_STEP][PASSED] - openBrowser(""): Browser is opened with url: ''

2019-11-21 18:56:59 - [MESSAGE][INFO] - Starting 'Chrome' driver

2019-11-21 18:56:59 - [MESSAGE][INFO] - User set preference: ['args', '[--use-fake-ui-for-media-stream, --start-maximized]']

2019-11-21 18:56:59 - [MESSAGE][INFO] - Action delay is set to 0 seconds

2019-11-21 18:57:03 - [MESSAGE][PASSED] - Browser is opened with url: ''

2019-11-21 18:57:03 - [TEST_STEP][PASSED] - for ([timeRow = 1, timeRow <= 1, (timeRow++)]): Call Test Case 'Test Cases/NewArrival/productVerify' successfully

2019-11-21 18:57:03 - [TEST_STEP][PASSED] - callTestCase(findTestCase("NewArrival/populateTimeGlobalVars"), ["row":timeRow], CONTINUE_ON_FAILURE): Call Test Case 'Test Cases/NewArrival/populateTimeGlobalVars' successfully

2019-11-21 18:57:03 - [TEST_CASE][PASSED] - Test Cases/NewArrival/populateTimeGlobalVars: Test Cases/NewArrival/populateTimeGlobalVars

2019-11-21 18:57:03 - [TEST_STEP][PASSED] - dataFile = "timezoneData": null

2019-11-21 18:57:03 - [TEST_STEP][PASSED] - clockServerTarget = UtilityMethods.getTestData("envtData", "clockServerTarget", 1): null

2019-11-21 18:57:05 - [TEST_STEP][PASSED] - println(clockServerTarget): null

2019-11-21 18:57:05 - [TEST_STEP][PASSED] - orderType = UtilityMethods.getTestData(dataFile, "orderType", row): null

2019-11-21 18:57:05 - [TEST_STEP][PASSED] - timeZone = UtilityMethods.getTestData(dataFile, "timeZone", row): null

2019-11-21 18:57:05 - [TEST_STEP][PASSED] - BOPersonal = UtilityMethods.getTestData(dataFile, "BOPersonal", row): null

2019-11-21 18:57:05 - [TEST_STEP][PASSED] - BOAddonPersonal = UtilityMethods.getTestData(dataFile, "BOAddonPersonal", row): null

2019-11-21 18:57:05 - [TEST_STEP][PASSED] - BOAddonRetail = UtilityMethods.getTestData(dataFile, "BOAddonRetail", row): null

2019-11-21 18:57:05 - [TEST_STEP][PASSED] - BORetail = UtilityMethods.getTestData(dataFile, "BORetail", row): null

2019-11-21 18:57:06 - [TEST_STEP][PASSED] - BOShow = UtilityMethods.getTestData(dataFile, "BOShow", row): null

2019-11-21 18:57:06 - [TEST_STEP][PASSED] - BOOnlineoutlet = UtilityMethods.getTestData(dataFile, "BOOnlineoutlet", row): null

2019-11-21 18:57:06 - [TEST_STEP][PASSED] - BOEmployee = UtilityMethods.getTestData(dataFile, "BOEmployee", row): null

2019-11-21 18:57:06 - [TEST_STEP][PASSED] - CCPersonal = UtilityMethods.getTestData(dataFile, "CCPersonal", row): null

2019-11-21 18:57:06 - [TEST_STEP][PASSED] - CCRetail = UtilityMethods.getTestData(dataFile, "CCRetail", row): null

2019-11-21 18:57:06 - [TEST_STEP][PASSED] - CCShow = UtilityMethods.getTestData(dataFile, "CCShow", row): null

2019-11-21 18:57:06 - [TEST_STEP][PASSED] - BOEblast = UtilityMethods.getTestData(dataFile, "BOEblast", row): null

2019-11-21 18:57:06 - [TEST_STEP][PASSED] - println(row): null

2019-11-21 18:57:06 - [TEST_STEP][PASSED] - println(BOPersonal): null

2019-11-21 18:57:06 - [MESSAGE][PASSED] - Call Test Case 'Test Cases/NewArrival/populateTimeGlobalVars' successfully

2019-11-21 18:57:06 - [TEST_STEP][PASSED] - callTestCase(findTestCase("NewArrival/setTimezone"), ["ofbizURL":"", "ofbizuser":"", "ofbizpass":"", "orderType":orderType, "timeZone":timeZone, "serverTarget":serverTarget, "clockServerTarget":clockServerTarget], CONTINUE_ON_FAILURE): Call Test Case 'Test Cases/NewArrival/setTimezone' successfully

2019-11-21 18:57:06 - [TEST_CASE][PASSED] - Test Cases/NewArrival/setTimezone: Test Cases/NewArrival/setTimezone

2019-11-21 18:57:06 - [TEST_STEP][PASSED] - openBrowser(""): Browser is opened with url: ''

2019-11-21 18:57:06 - [MESSAGE][WARNING] - A browser is already opened. Closing browser and opening a new one

2019-11-21 18:57:07 - [MESSAGE][INFO] - Starting 'Chrome' driver

2019-11-21 18:57:07 - [MESSAGE][INFO] - User set preference: ['args', '[--use-fake-ui-for-media-stream, --start-maximized]']

2019-11-21 18:57:09 - [MESSAGE][PASSED] - Browser is opened with url: ''

2019-11-21 18:57:09 - [TEST_STEP][NOT_RUN] - maximizeWindow(): NOT_RUN: maximizeWindow()

2019-11-21 18:57:09 - [MESSAGE][NOT_RUN] - NOT_RUN: maximizeWindow()

2019-11-21 18:57:09 - [TEST_STEP][PASSED] - ofbizURL = findTestData("envtData").getValue("ofbizURL", 1): null

2019-11-21 18:57:10 - [TEST_STEP][PASSED] - ofbizuser = findTestData("credData").getValue("ofbizuser", 1): null

2019-11-21 18:57:10 - [TEST_STEP][PASSED] - ofbizpass = findTestData("credData").getValue("ofbizpass", 1): null

2019-11-21 18:57:10 - [TEST_STEP][PASSED] - navigateToUrl(ofbizURL): Navigate to 'https://pushofbiz.cliotest.com/login.php' successfully

2019-11-21 18:57:12 - [MESSAGE][PASSED] - Navigate to 'https://pushofbiz.cliotest.com/login.php' successfully

2019-11-21 18:57:12 - [TEST_STEP][PASSED] - setText(findTestObject("Page_/input_Username_username"), ofbizuser): Text 'automation' is set on object 'Object Repository/Page_/input_Username_username'

2019-11-21 18:57:13 - [MESSAGE][PASSED] - Text 'automation' is set on object 'Object Repository/Page_/input_Username_username'

2019-11-21 18:57:13 - [TEST_STEP][PASSED] - setText(findTestObject("Page_/input_Password_password"), ofbizpass): Text 'cabiautomation' is set on object 'Object Repository/Page_/input_Password_password'

2019-11-21 18:57:13 - [MESSAGE][PASSED] - Text 'cabiautomation' is set on object 'Object Repository/Page_/input_Password_password'

2019-11-21 18:57:13 - [TEST_STEP][PASSED] - click(findTestObject("Page_/input_Password_Submit")): Object: 'Object Repository/Page_/input_Password_Submit' is clicked on

2019-11-21 18:57:17 - [MESSAGE][PASSED] - Object: 'Object Repository/Page_/input_Password_Submit' is clicked on

2019-11-21 18:57:17 - [TEST_STEP][PASSED] - click(findTestObject("Object Repository/Page_/a_Clock set")): Object: 'Object Repository/Page_/a_Clock set' is clicked on

2019-11-21 18:57:18 - [MESSAGE][PASSED] - Object: 'Object Repository/Page_/a_Clock set' is clicked on

2019-11-21 18:57:18 - [TEST_STEP][PASSED] - cst = UtilityMethods.createTestObject("select_target", "//select[@name='Target']/option[contains(text(), '", clockServerTarget, "')]"): null

2019-11-21 18:57:18 - [TEST_STEP][PASSED] - println(clockServerTarget): null

2019-11-21 18:57:18 - [TEST_STEP][PASSED] - click(cst): Object: 'select_target' is clicked on

2019-11-21 18:57:18 - [MESSAGE][PASSED] - Object: 'select_target' is clicked on

2019-11-21 18:57:18 - [TEST_STEP][PASSED] - click(findTestObject("Page_/thisDateAndTime")): Object: 'Object Repository/Page_/thisDateAndTime' is clicked on

2019-11-21 18:57:18 - [MESSAGE][PASSED] - Object: 'Object Repository/Page_/thisDateAndTime' is clicked on

2019-11-21 18:57:18 - [TEST_STEP][PASSED] - setText(findTestObject("Object Repository/Page_/setTargetTime"), timeZone): Text ' 01/24/2020 7:00' is set on object 'Object Repository/Page_/setTargetTime'

2019-11-21 18:57:19 - [MESSAGE][PASSED] - Text ' 01/24/2020 7:00' is set on object 'Object Repository/Page_/setTargetTime'

2019-11-21 18:57:19 - [TEST_STEP][PASSED] - click(findTestObject("Object Repository/Page_/input")): Object: 'Object Repository/Page_/input' is clicked on

2019-11-21 18:57:19 - [MESSAGE][PASSED] - Object: 'Object Repository/Page_/input' is clicked on

2019-11-21 18:57:19 - [TEST_STEP][PASSED] - delay(10): Delayed 10 second(s)

2019-11-21 18:57:29 - [MESSAGE][PASSED] - Delayed 10 second(s)

2019-11-21 18:57:29 - [TEST_STEP][NOT_RUN] - closeBrowser(): NOT_RUN: closeBrowser()

2019-11-21 18:57:29 - [MESSAGE][NOT_RUN] - NOT_RUN: closeBrowser()

2019-11-21 18:57:29 - [MESSAGE][PASSED] - Call Test Case 'Test Cases/NewArrival/setTimezone' successfully

2019-11-21 18:57:29 - [TEST_STEP][PASSED] - callTestCase(findTestCase("TestCaseUtilities/backOfficeLogin"), ["BOURL":"", "BOuser":"", "BOpass":""], CONTINUE_ON_FAILURE): Call Test Case 'Test Cases/TestCaseUtilities/backOfficeLogin' successfully

2019-11-21 18:57:30 - [TEST_CASE][PASSED] - Test Cases/TestCaseUtilities/backOfficeLogin: Test Cases/TestCaseUtilities/backOfficeLogin

2019-11-21 18:57:30 - [TEST_STEP][PASSED] - BOURL = findTestData("envtData").getValue("BOURL", 1): null

2019-11-21 18:57:30 - [TEST_STEP][PASSED] - BOuser = findTestData("credData").getValue("BOuser", 1): null

2019-11-21 18:57:30 - [TEST_STEP][PASSED] - BOpass = findTestData("credData").getValue("BOpass", 1): null

2019-11-21 18:57:30 - [TEST_STEP][PASSED] - openBrowser(""): Browser is opened with url: ''

2019-11-21 18:57:30 - [MESSAGE][WARNING] - A browser is already opened. Closing browser and opening a new one

2019-11-21 18:57:31 - [MESSAGE][INFO] - Starting 'Chrome' driver

2019-11-21 18:57:31 - [MESSAGE][INFO] - User set preference: ['args', '[--use-fake-ui-for-media-stream, --start-maximized]']

2019-11-21 18:57:34 - [MESSAGE][PASSED] - Browser is opened with url: ''

2019-11-21 18:57:34 - [TEST_STEP][PASSED] - navigateToUrl(BOURL): Navigate to 'https://test7uk.cliotest.com/backoffice/control/main' successfully

2019-11-21 18:57:42 - [MESSAGE][PASSED] - Navigate to 'https://test7uk.cliotest.com/backoffice/control/main' successfully

2019-11-21 18:57:42 - [TEST_STEP][PASSED] - logOut = findWebElements(findTestObject("Object Repository/Page_cabi Home/log_out"), 1): Unable to find the element located by 'By.xpath: //a[contains(text(),'Log Out')]'. Please recheck the objects properties to make sure the desired element is located. 

2019-11-21 18:57:43 - [MESSAGE][INFO] - Unable to find the element located by 'By.xpath: //a[contains(text(),'Log Out')]'. Please recheck the objects properties to make sure the desired element is located. 

2019-11-21 18:57:43 - [TEST_STEP][PASSED] - if (logOut.size() == 0): Object: 'Object Repository/Page_cabi/input_Welcome to_consultantLogin' is clicked on

2019-11-21 18:57:43 - [TEST_STEP][PASSED] - setText(findTestObject("Page_cabi/input_Welcome to_USERNAME"), BOuser): Text 'uk1312' is set on object 'Object Repository/Page_cabi/input_Welcome to_USERNAME'

2019-11-21 18:57:43 - [MESSAGE][PASSED] - Text 'uk1312' is set on object 'Object Repository/Page_cabi/input_Welcome to_USERNAME'

2019-11-21 18:57:43 - [TEST_STEP][PASSED] - setText(findTestObject("Object Repository/Page_cabi/input_Welcome to_PASSWORD"), BOpass): Text 'blackdress19' is set on object 'Object Repository/Page_cabi/input_Welcome to_PASSWORD'

2019-11-21 18:57:43 - [MESSAGE][PASSED] - Text 'blackdress19' is set on object 'Object Repository/Page_cabi/input_Welcome to_PASSWORD'

2019-11-21 18:57:43 - [TEST_STEP][PASSED] - click(findTestObject("Object Repository/Page_cabi/input_Welcome to_consultantLogin")): Object: 'Object Repository/Page_cabi/input_Welcome to_consultantLogin' is clicked on

2019-11-21 18:57:52 - [MESSAGE][PASSED] - Object: 'Object Repository/Page_cabi/input_Welcome to_consultantLogin' is clicked on

2019-11-21 18:57:52 - [TEST_STEP][PASSED] - delay(3): Delayed 3 second(s)

2019-11-21 18:57:55 - [MESSAGE][PASSED] - Delayed 3 second(s)

2019-11-21 18:57:55 - [MESSAGE][PASSED] - Call Test Case 'Test Cases/TestCaseUtilities/backOfficeLogin' successfully

2019-11-21 18:57:55 - [TEST_STEP][PASSED] - click(findTestObject("Object Repository/Page_cabi Home/a_Shows  Orders")): Object: 'Object Repository/Page_cabi Home/a_Shows  Orders' is clicked on

2019-11-21 18:57:56 - [MESSAGE][PASSED] - Object: 'Object Repository/Page_cabi Home/a_Shows  Orders' is clicked on

2019-11-21 18:57:56 - [TEST_STEP][PASSED] - click(findTestObject("Page_cabi Home/a_personal_purchases")): Object: 'Object Repository/Page_cabi Home/a_personal_purchases' is clicked on

2019-11-21 18:57:59 - [MESSAGE][PASSED] - Object: 'Object Repository/Page_cabi Home/a_personal_purchases' is clicked on

2019-11-21 18:57:59 - [TEST_STEP][PASSED] - click(findTestObject("Object Repository/Page_cabi Personal Store/span_Continue to Order")): Object: 'Object Repository/Page_cabi Personal Store/span_Continue to Order' is clicked on

2019-11-21 18:58:00 - [MESSAGE][PASSED] - Object: 'Object Repository/Page_cabi Personal Store/span_Continue to Order' is clicked on

2019-11-21 18:58:00 - [TEST_STEP][PASSED] - println(BOPersonal): null

2019-11-21 18:58:00 - [TEST_STEP][PASSED] - callTestCase(findTestCase("NewArrival/productVerify"), ["available":BOPersonal, "storeType":"BOPersonal"], CONTINUE_ON_FAILURE): Call Test Case 'Test Cases/NewArrival/productVerify' successfully

2019-11-21 18:58:00 - [TEST_CASE][PASSED] - Test Cases/NewArrival/productVerify: Test Cases/NewArrival/productVerify

2019-11-21 18:58:01 - [TEST_STEP][PASSED] - sa = <not implemented yet for class: org.codehaus.groovy.ast.expr.EmptyExpression>: null

2019-11-21 18:58:01 - [TEST_STEP][PASSED] - styleid_data = <not implemented yet for class: org.codehaus.groovy.ast.expr.EmptyExpression>: null

2019-11-21 18:58:01 - [TEST_STEP][PASSED] - by = <not implemented yet for class: org.codehaus.groovy.ast.expr.EmptyExpression>: null

2019-11-21 18:58:01 - [TEST_STEP][PASSED] - styleWe = <not implemented yet for class: org.codehaus.groovy.ast.expr.EmptyExpression>: null

2019-11-21 18:58:01 - [TEST_STEP][PASSED] - to = <not implemented yet for class: org.codehaus.groovy.ast.expr.EmptyExpression>: null

2019-11-21 18:58:01 - [TEST_STEP][PASSED] - driver = getWebDriver(): null

2019-11-21 18:58:01 - [TEST_STEP][PASSED] - rowNumbers = findTestData("productData").getRowNumbers(): null

2019-11-21 18:58:01 - [TEST_STEP][PASSED] - println(rowNumbers): null

2019-11-21 18:58:01 - [TEST_STEP][PASSED] - for ([row = 1, row <= rowNumbers, (row++)]): null

2019-11-21 18:58:01 - [TEST_STEP][PASSED] - delay(5): Delayed 5 second(s)

2019-11-21 18:58:06 - [MESSAGE][PASSED] - Delayed 5 second(s)

2019-11-21 18:58:06 - [TEST_STEP][PASSED] - sa = new org.testng.asserts.SoftAssert(): null

2019-11-21 18:58:06 - [TEST_STEP][PASSED] - styleid_data = findTestData("productData").getValue("Style", row): null

2019-11-21 18:58:06 - [TEST_STEP][PASSED] - println(styleid_data): null

2019-11-21 18:58:06 - [TEST_STEP][PASSED] - by = By.xpath("//input[@name='style']"): null

2019-11-21 18:58:06 - [TEST_STEP][PASSED] - styleWe = UtilityMethods.getElementByLocator(by, driver): null

2019-11-21 18:58:07 - [TEST_STEP][PASSED] - to = UtilityMethods.fromElement(styleWe): null

2019-11-21 18:58:07 - [TEST_STEP][PASSED] - println("******************+++++++++++++++++++**********************************************"): null

2019-11-21 18:58:07 - [TEST_STEP][PASSED] - setText(to, styleid_data): Text '5726' is set on object ''

2019-11-21 18:58:07 - [MESSAGE][PASSED] - Text '5726' is set on object ''

2019-11-21 18:58:07 - [TEST_STEP][PASSED] - sendKeys(to, Keys.chord(ENTER)): Keys 'ENTER + ' sent to object: ''

2019-11-21 18:58:07 - [MESSAGE][PASSED] - Keys 'ENTER + ' sent to object: ''

2019-11-21 18:58:07 - [TEST_STEP][PASSED] - delay(2): Delayed 2 second(s)

2019-11-21 18:58:09 - [MESSAGE][PASSED] - Delayed 2 second(s)

2019-11-21 18:58:09 - [TEST_STEP][PASSED] - if (toString().equalsIgnoreCase("no")): null

2019-11-21 18:58:09 - [TEST_STEP][PASSED] - else: null

2019-11-21 18:58:09 - [TEST_STEP][PASSED] - click(findTestObject("Page_cabi Order Items/li_order_item")): Object: 'Object Repository/Page_cabi Order Items/li_order_item' is clicked on

2019-11-21 18:58:13 - [MESSAGE][PASSED] - Object: 'Object Repository/Page_cabi Order Items/li_order_item' is clicked on

2019-11-21 18:58:13 - [TEST_STEP][PASSED] - delay(5): Delayed 5 second(s)

2019-11-21 18:58:18 - [MESSAGE][PASSED] - Delayed 5 second(s)

2019-11-21 18:58:18 - [TEST_STEP][PASSED] - imagePath = UtilityMethods.createScreenshotImagePath(storeType, styleid_data): null

2019-11-21 18:58:18 - [TEST_STEP][PASSED] - println(imagePath): null

2019-11-21 18:58:18 - [TEST_STEP][PASSED] - takeScreenshot(imagePath): Taking screenshot successfully

2019-11-21 18:58:19 - [MESSAGE][PASSED] - Taking screenshot successfully
[[ATTACHMENT|C:\\Users\\user\\Documents\\testautomation\\KatalonProjects\\productImages\\BOPersonal_5726 image.png]]

2019-11-21 18:58:19 - [TEST_STEP][PASSED] - verifyElementText(findTestObject("Page_cabi Order Items/GetAttribute_getID"), styleid_data, CONTINUE_ON_FAILURE): Actual text and expected text of test object 'Object Repository/Page_cabi Order Items/GetAttribute_getID' are matched.

2019-11-21 18:58:19 - [MESSAGE][PASSED] - Actual text and expected text of test object 'Object Repository/Page_cabi Order Items/GetAttribute_getID' are matched.

2019-11-21 18:58:19 - [TEST_STEP][PASSED] - colorOptions = findWebElements(findTestObject("Page_cabi Order Items/GetAttribute_Color"), 5): null

2019-11-21 18:58:19 - [TEST_STEP][PASSED] - println(colorOptions.size()): null

2019-11-21 18:58:19 - [TEST_STEP][PASSED] - expectedColour = findTestData("productData").getValue("Color", row): null

2019-11-21 18:58:20 - [TEST_STEP][PASSED] - println("expected colour is"): null

2019-11-21 18:58:20 - [TEST_STEP][PASSED] - println(expectedColour): null

2019-11-21 18:58:20 - [TEST_STEP][PASSED] - colourVerified = false: null

2019-11-21 18:58:20 - [TEST_STEP][PASSED] - for (org.openqa.selenium.WebElement op : colorOptions): null

2019-11-21 18:58:20 - [TEST_STEP][PASSED] - println(op.getText()): null

2019-11-21 18:58:20 - [TEST_STEP][PASSED] - if (expectedColour.equalsIgnoreCase(op.getText())): null

2019-11-21 18:58:20 - [TEST_STEP][PASSED] - colourVerified = true: null

2019-11-21 18:58:20 - [TEST_STEP][PASSED] - break: null

2019-11-21 18:58:20 - [TEST_STEP][PASSED] - sa.assertTrue(colourVerified): null

2019-11-21 18:58:20 - [TEST_STEP][PASSED] - getPrice = getText(findTestObject("Page_cabi Order Items/GetAttribute_Price")): Text of object 'Object Repository/Page_cabi Order Items/GetAttribute_Price' is: 'Price : £62.00'

2019-11-21 18:58:20 - [MESSAGE][PASSED] - Text of object 'Object Repository/Page_cabi Order Items/GetAttribute_Price' is: 'Price : £62.00'

2019-11-21 18:58:20 - [TEST_STEP][PASSED] - Split_Data = UtilityMethods.SplitData(getPrice): null

2019-11-21 18:58:20 - [TEST_STEP][PASSED] - verifyMatch(Split_Data, findTestData("productData").getValue("Retail", row), true, CONTINUE_ON_FAILURE): Actual text '62' and expected text '62' are matched  using regular expression

2019-11-21 18:58:20 - [MESSAGE][PASSED] - Actual text '62' and expected text '62' are matched  using regular expression

2019-11-21 18:58:20 - [TEST_STEP][PASSED] - sizeRange1 = ["XXS", "XS", "S", "M", "L", "XL", "XXL"]: null

2019-11-21 18:58:20 - [TEST_STEP][PASSED] - sizeRange2 = ["00", "0", "2", "4", "6", "8", "10", "12", "14", "16"]: null

2019-11-21 18:58:20 - [TEST_STEP][PASSED] - sizeRange3 = ["Long", "Regular", "Short"]: null

2019-11-21 18:58:20 - [TEST_STEP][PASSED] - sizeRange4 = ["5", "6", "6.5", "7", "7.5", "8", "8.5", "9", "9.5", "10", "11"]: null

2019-11-21 18:58:20 - [TEST_STEP][PASSED] - sizeRange5 = ["XS/S", "M/L"]: null

2019-11-21 18:58:20 - [TEST_STEP][PASSED] - sizeRange6 = ["One Size"]: null

2019-11-21 18:58:20 - [TEST_STEP][PASSED] - sizeRangeSplit = UtilityMethods.SplitSizes(findTestData("productData").getValue("SzRange", row)): null

2019-11-21 18:58:20 - [TEST_STEP][PASSED] - sizeType = getText(findTestObject("Object Repository/Page_cabi Order Items/Size")): Text of object 'Object Repository/Page_cabi Order Items/Size' is: 'Select'

2019-11-21 18:58:20 - [MESSAGE][PASSED] - Text of object 'Object Repository/Page_cabi Order Items/Size' is: 'Select'

2019-11-21 18:58:20 - [TEST_STEP][PASSED] - sizeOptions = findWebElements(findTestObject("Object Repository/Page_cabi Order Items/Size"), 5): null

2019-11-21 18:58:20 - [TEST_STEP][PASSED] - actualRange = new java.util.ArrayList(): null

2019-11-21 18:58:20 - [TEST_STEP][PASSED] - expectedRange = <not implemented yet for class: org.codehaus.groovy.ast.expr.EmptyExpression>: null

2019-11-21 18:58:20 - [TEST_STEP][PASSED] - if (sizeType.equalsIgnoreCase("Select")): null

2019-11-21 18:58:20 - [TEST_STEP][PASSED] - for ([i = 1, i < sizeOptions.size(), (i++)]): null

2019-11-21 18:58:20 - [TEST_STEP][PASSED] - actualRange.add(getAttribute("value").toString()): null

2019-11-21 18:58:20 - [TEST_STEP][PASSED] - actualRange.add(getAttribute("value").toString()): null

2019-11-21 18:58:20 - [TEST_STEP][PASSED] - actualRange.add(getAttribute("value").toString()): null

2019-11-21 18:58:20 - [TEST_STEP][PASSED] - actualRange.add(getAttribute("value").toString()): null

2019-11-21 18:58:20 - [TEST_STEP][PASSED] - actualRange.add(getAttribute("value").toString()): null

2019-11-21 18:58:21 - [TEST_STEP][PASSED] - if (toString().equalsIgnoreCase("XS") || toString().equalsIgnoreCase("XXS")): null

2019-11-21 18:58:21 - [TEST_STEP][PASSED] - expectedRange = UtilityMethods.getExpectedRange(sizeRange1, sizeRangeSplit): null

2019-11-21 18:58:21 - [TEST_STEP][PASSED] - println("XS"): null

2019-11-21 18:58:21 - [TEST_STEP][PASSED] - println(expectedRange.toString()): null

2019-11-21 18:58:21 - [TEST_STEP][PASSED] - sa.assertTrue(UtilityMethods.listEquals(expectedRange, actualRange)): null

2019-11-21 18:58:21 - [TEST_STEP][PASSED] - delay(2): Delayed 2 second(s)

2019-11-21 18:58:23 - [MESSAGE][PASSED] - Delayed 2 second(s)

2019-11-21 18:58:23 - [TEST_STEP][PASSED] - verifyElementText(findTestObject("Page_cabi Order Items/product_title"), findTestData("productData").getValue("Description", row), CONTINUE_ON_FAILURE): Actual text and expected text of test object 'Object Repository/Page_cabi Order Items/product_title' are matched.

2019-11-21 18:58:23 - [MESSAGE][PASSED] - Actual text and expected text of test object 'Object Repository/Page_cabi Order Items/product_title' are matched.

2019-11-21 18:58:23 - [TEST_STEP][PASSED] - finalContent = findTestData("productData").getValue("FinalContent", row): null

2019-11-21 18:58:23 - [TEST_STEP][PASSED] - if (finalContent.equalsIgnoreCase("")): null

2019-11-21 18:58:23 - [TEST_STEP][PASSED] - else: Actual text and expected text of test object 'Object Repository/Page_cabi Order Items/product_fabric' are matched.

2019-11-21 18:58:23 - [TEST_STEP][PASSED] - verifyElementText(findTestObject("Page_cabi Order Items/product_fabric"), finalContent, CONTINUE_ON_FAILURE): Actual text and expected text of test object 'Object Repository/Page_cabi Order Items/product_fabric' are matched.

2019-11-21 18:58:23 - [MESSAGE][PASSED] - Actual text and expected text of test object 'Object Repository/Page_cabi Order Items/product_fabric' are matched.

2019-11-21 18:58:23 - [TEST_STEP][PASSED] - expectedCasreIntrn = findTestData("productData").getValue("CareInstr", row): null

2019-11-21 18:58:23 - [TEST_STEP][PASSED] - if (expectedCasreIntrn.equalsIgnoreCase("")): null

2019-11-21 18:58:23 - [TEST_STEP][PASSED] - actualCI = findWebElements(findTestObject("Page_cabi Order Items/care_instruction"), 5): null

2019-11-21 18:58:23 - [TEST_STEP][PASSED] - sa.assertTrue(actualCI.size() == 0): null

2019-11-21 18:58:23 - [TEST_STEP][PASSED] - delay(5): Delayed 5 second(s)

2019-11-21 18:58:28 - [MESSAGE][PASSED] - Delayed 5 second(s)

2019-11-21 18:58:28 - [TEST_STEP][PASSED] - sa = new org.testng.asserts.SoftAssert(): null

2019-11-21 18:58:28 - [TEST_STEP][PASSED] - styleid_data = findTestData("productData").getValue("Style", row): null

2019-11-21 18:58:28 - [TEST_STEP][PASSED] - println(styleid_data): null

2019-11-21 18:58:28 - [TEST_STEP][PASSED] - by = By.xpath("//input[@name='style']"): null

2019-11-21 18:58:28 - [TEST_STEP][PASSED] - styleWe = UtilityMethods.getElementByLocator(by, driver): null

2019-11-21 18:58:28 - [TEST_STEP][PASSED] - to = UtilityMethods.fromElement(styleWe): null

2019-11-21 18:58:28 - [TEST_STEP][PASSED] - println("******************+++++++++++++++++++**********************************************"): null

2019-11-21 18:58:28 - [TEST_STEP][PASSED] - setText(to, styleid_data): Text '5727' is set on object ''

2019-11-21 18:58:29 - [MESSAGE][PASSED] - Text '5727' is set on object ''

2019-11-21 18:58:29 - [TEST_STEP][PASSED] - sendKeys(to, Keys.chord(ENTER)): Keys 'ENTER + ' sent to object: ''

2019-11-21 18:58:29 - [MESSAGE][PASSED] - Keys 'ENTER + ' sent to object: ''

2019-11-21 18:58:29 - [TEST_STEP][PASSED] - delay(2): Delayed 2 second(s)

2019-11-21 18:58:31 - [MESSAGE][PASSED] - Delayed 2 second(s)

2019-11-21 18:58:31 - [TEST_STEP][PASSED] - if (toString().equalsIgnoreCase("no")): null

2019-11-21 18:58:31 - [TEST_STEP][PASSED] - else: null

2019-11-21 18:58:31 - [TEST_STEP][PASSED] - click(findTestObject("Page_cabi Order Items/li_order_item")): Object: 'Object Repository/Page_cabi Order Items/li_order_item' is clicked on

2019-11-21 18:58:37 - [MESSAGE][PASSED] - Object: 'Object Repository/Page_cabi Order Items/li_order_item' is clicked on

2019-11-21 18:58:37 - [TEST_STEP][PASSED] - delay(5): Delayed 5 second(s)

2019-11-21 18:58:42 - [MESSAGE][PASSED] - Delayed 5 second(s)

2019-11-21 18:58:42 - [TEST_STEP][PASSED] - imagePath = UtilityMethods.createScreenshotImagePath(storeType, styleid_data): null

2019-11-21 18:58:42 - [TEST_STEP][PASSED] - println(imagePath): null

2019-11-21 18:58:42 - [TEST_STEP][PASSED] - takeScreenshot(imagePath): Taking screenshot successfully

2019-11-21 18:58:43 - [MESSAGE][PASSED] - Taking screenshot successfully
[[ATTACHMENT|C:\\Users\\user\\Documents\\testautomation\\KatalonProjects\\productImages\\BOPersonal_5727 image.png]]

2019-11-21 18:58:43 - [TEST_STEP][PASSED] - verifyElementText(findTestObject("Page_cabi Order Items/GetAttribute_getID"), styleid_data, CONTINUE_ON_FAILURE): Actual text and expected text of test object 'Object Repository/Page_cabi Order Items/GetAttribute_getID' are matched.

2019-11-21 18:58:43 - [MESSAGE][PASSED] - Actual text and expected text of test object 'Object Repository/Page_cabi Order Items/GetAttribute_getID' are matched.

2019-11-21 18:58:43 - [TEST_STEP][PASSED] - colorOptions = findWebElements(findTestObject("Page_cabi Order Items/GetAttribute_Color"), 5): null

2019-11-21 18:58:43 - [TEST_STEP][PASSED] - println(colorOptions.size()): null

2019-11-21 18:58:43 - [TEST_STEP][PASSED] - expectedColour = findTestData("productData").getValue("Color", row): null

2019-11-21 18:58:43 - [TEST_STEP][PASSED] - println("expected colour is"): null

2019-11-21 18:58:43 - [TEST_STEP][PASSED] - println(expectedColour): null

2019-11-21 18:58:43 - [TEST_STEP][PASSED] - colourVerified = false: null

2019-11-21 18:58:43 - [TEST_STEP][PASSED] - for (org.openqa.selenium.WebElement op : colorOptions): null

2019-11-21 18:58:43 - [TEST_STEP][PASSED] - println(op.getText()): null

2019-11-21 18:58:43 - [TEST_STEP][PASSED] - if (expectedColour.equalsIgnoreCase(op.getText())): null

2019-11-21 18:58:43 - [TEST_STEP][PASSED] - colourVerified = true: null

2019-11-21 18:58:43 - [TEST_STEP][PASSED] - break: null

2019-11-21 18:58:43 - [TEST_STEP][PASSED] - sa.assertTrue(colourVerified): null

2019-11-21 18:58:43 - [TEST_STEP][PASSED] - getPrice = getText(findTestObject("Page_cabi Order Items/GetAttribute_Price")): Text of object 'Object Repository/Page_cabi Order Items/GetAttribute_Price' is: 'Price : £69.00'

2019-11-21 18:58:43 - [MESSAGE][PASSED] - Text of object 'Object Repository/Page_cabi Order Items/GetAttribute_Price' is: 'Price : £69.00'

2019-11-21 18:58:43 - [TEST_STEP][PASSED] - Split_Data = UtilityMethods.SplitData(getPrice): null

2019-11-21 18:58:43 - [TEST_STEP][PASSED] - verifyMatch(Split_Data, findTestData("productData").getValue("Retail", row), true, CONTINUE_ON_FAILURE): Actual text '69' and expected text '69' are matched  using regular expression

2019-11-21 18:58:44 - [MESSAGE][PASSED] - Actual text '69' and expected text '69' are matched  using regular expression

2019-11-21 18:58:44 - [TEST_STEP][PASSED] - sizeRange1 = ["XXS", "XS", "S", "M", "L", "XL", "XXL"]: null

2019-11-21 18:58:44 - [TEST_STEP][PASSED] - sizeRange2 = ["00", "0", "2", "4", "6", "8", "10", "12", "14", "16"]: null

2019-11-21 18:58:44 - [TEST_STEP][PASSED] - sizeRange3 = ["Long", "Regular", "Short"]: null

2019-11-21 18:58:44 - [TEST_STEP][PASSED] - sizeRange4 = ["5", "6", "6.5", "7", "7.5", "8", "8.5", "9", "9.5", "10", "11"]: null

2019-11-21 18:58:44 - [TEST_STEP][PASSED] - sizeRange5 = ["XS/S", "M/L"]: null

2019-11-21 18:58:44 - [TEST_STEP][PASSED] - sizeRange6 = ["One Size"]: null

2019-11-21 18:58:44 - [TEST_STEP][PASSED] - sizeRangeSplit = UtilityMethods.SplitSizes(findTestData("productData").getValue("SzRange", row)): null

2019-11-21 18:58:44 - [TEST_STEP][PASSED] - sizeType = getText(findTestObject("Object Repository/Page_cabi Order Items/Size")): Text of object 'Object Repository/Page_cabi Order Items/Size' is: 'Select'

2019-11-21 18:58:44 - [MESSAGE][PASSED] - Text of object 'Object Repository/Page_cabi Order Items/Size' is: 'Select'

2019-11-21 18:58:44 - [TEST_STEP][PASSED] - sizeOptions = findWebElements(findTestObject("Object Repository/Page_cabi Order Items/Size"), 5): null

2019-11-21 18:58:44 - [TEST_STEP][PASSED] - actualRange = new java.util.ArrayList(): null

2019-11-21 18:58:44 - [TEST_STEP][PASSED] - expectedRange = <not implemented yet for class: org.codehaus.groovy.ast.expr.EmptyExpression>: null

2019-11-21 18:58:44 - [TEST_STEP][PASSED] - if (sizeType.equalsIgnoreCase("Select")): null

2019-11-21 18:58:44 - [TEST_STEP][PASSED] - for ([i = 1, i < sizeOptions.size(), (i++)]): null

2019-11-21 18:58:44 - [TEST_STEP][PASSED] - actualRange.add(getAttribute("value").toString()): null

2019-11-21 18:58:44 - [TEST_STEP][PASSED] - actualRange.add(getAttribute("value").toString()): null

2019-11-21 18:58:44 - [TEST_STEP][PASSED] - actualRange.add(getAttribute("value").toString()): null

2019-11-21 18:58:44 - [TEST_STEP][PASSED] - actualRange.add(getAttribute("value").toString()): null

2019-11-21 18:58:44 - [TEST_STEP][PASSED] - actualRange.add(getAttribute("value").toString()): null

2019-11-21 18:58:44 - [TEST_STEP][PASSED] - if (toString().equalsIgnoreCase("XS") || toString().equalsIgnoreCase("XXS")): null

2019-11-21 18:58:44 - [TEST_STEP][PASSED] - expectedRange = UtilityMethods.getExpectedRange(sizeRange1, sizeRangeSplit): null

2019-11-21 18:58:44 - [TEST_STEP][PASSED] - println("XS"): null

2019-11-21 18:58:44 - [TEST_STEP][PASSED] - println(expectedRange.toString()): null

2019-11-21 18:58:44 - [TEST_STEP][PASSED] - sa.assertTrue(UtilityMethods.listEquals(expectedRange, actualRange)): null

2019-11-21 18:58:44 - [TEST_STEP][PASSED] - delay(2): Delayed 2 second(s)

2019-11-21 18:58:46 - [MESSAGE][PASSED] - Delayed 2 second(s)

2019-11-21 18:58:46 - [TEST_STEP][PASSED] - verifyElementText(findTestObject("Page_cabi Order Items/product_title"), findTestData("productData").getValue("Description", row), CONTINUE_ON_FAILURE): Actual text and expected text of test object 'Object Repository/Page_cabi Order Items/product_title' are matched.

2019-11-21 18:58:46 - [MESSAGE][PASSED] - Actual text and expected text of test object 'Object Repository/Page_cabi Order Items/product_title' are matched.

2019-11-21 18:58:46 - [TEST_STEP][PASSED] - finalContent = findTestData("productData").getValue("FinalContent", row): null

2019-11-21 18:58:46 - [TEST_STEP][PASSED] - if (finalContent.equalsIgnoreCase("")): null

2019-11-21 18:58:46 - [TEST_STEP][PASSED] - else: Actual text and expected text of test object 'Object Repository/Page_cabi Order Items/product_fabric' are matched.

2019-11-21 18:58:46 - [TEST_STEP][PASSED] - verifyElementText(findTestObject("Page_cabi Order Items/product_fabric"), finalContent, CONTINUE_ON_FAILURE): Actual text and expected text of test object 'Object Repository/Page_cabi Order Items/product_fabric' are matched.

2019-11-21 18:58:46 - [MESSAGE][PASSED] - Actual text and expected text of test object 'Object Repository/Page_cabi Order Items/product_fabric' are matched.

2019-11-21 18:58:46 - [TEST_STEP][PASSED] - expectedCasreIntrn = findTestData("productData").getValue("CareInstr", row): null

2019-11-21 18:58:46 - [TEST_STEP][PASSED] - if (expectedCasreIntrn.equalsIgnoreCase("")): null

2019-11-21 18:58:46 - [TEST_STEP][PASSED] - actualCI = findWebElements(findTestObject("Page_cabi Order Items/care_instruction"), 5): null

2019-11-21 18:58:46 - [TEST_STEP][PASSED] - sa.assertTrue(actualCI.size() == 0): null

2019-11-21 18:58:46 - [TEST_STEP][PASSED] - delay(5): Delayed 5 second(s)

2019-11-21 18:58:51 - [MESSAGE][PASSED] - Delayed 5 second(s)

2019-11-21 18:58:51 - [TEST_STEP][PASSED] - sa = new org.testng.asserts.SoftAssert(): null

2019-11-21 18:58:51 - [TEST_STEP][PASSED] - styleid_data = findTestData("productData").getValue("Style", row): null

2019-11-21 18:58:52 - [TEST_STEP][PASSED] - println(styleid_data): null

2019-11-21 18:58:52 - [TEST_STEP][PASSED] - by = By.xpath("//input[@name='style']"): null

2019-11-21 18:58:52 - [TEST_STEP][PASSED] - styleWe = UtilityMethods.getElementByLocator(by, driver): null

2019-11-21 18:58:52 - [TEST_STEP][PASSED] - to = UtilityMethods.fromElement(styleWe): null

2019-11-21 18:58:52 - [TEST_STEP][PASSED] - println("******************+++++++++++++++++++**********************************************"): null

2019-11-21 18:58:52 - [TEST_STEP][PASSED] - setText(to, styleid_data): Text '5728' is set on object ''

2019-11-21 18:58:52 - [MESSAGE][PASSED] - Text '5728' is set on object ''

2019-11-21 18:58:52 - [TEST_STEP][PASSED] - sendKeys(to, Keys.chord(ENTER)): Keys 'ENTER + ' sent to object: ''

2019-11-21 18:58:52 - [MESSAGE][PASSED] - Keys 'ENTER + ' sent to object: ''

2019-11-21 18:58:52 - [TEST_STEP][PASSED] - delay(2): Delayed 2 second(s)

2019-11-21 18:58:54 - [MESSAGE][PASSED] - Delayed 2 second(s)

2019-11-21 18:58:54 - [TEST_STEP][PASSED] - if (toString().equalsIgnoreCase("no")): null

2019-11-21 18:58:54 - [TEST_STEP][PASSED] - else: null

2019-11-21 18:58:54 - [TEST_STEP][PASSED] - click(findTestObject("Page_cabi Order Items/li_order_item")): Object: 'Object Repository/Page_cabi Order Items/li_order_item' is clicked on

2019-11-21 18:59:00 - [MESSAGE][PASSED] - Object: 'Object Repository/Page_cabi Order Items/li_order_item' is clicked on

2019-11-21 18:59:00 - [TEST_STEP][PASSED] - delay(5): Delayed 5 second(s)

2019-11-21 18:59:05 - [MESSAGE][PASSED] - Delayed 5 second(s)

2019-11-21 18:59:05 - [TEST_STEP][PASSED] - imagePath = UtilityMethods.createScreenshotImagePath(storeType, styleid_data): null

2019-11-21 18:59:05 - [TEST_STEP][PASSED] - println(imagePath): null

2019-11-21 18:59:05 - [TEST_STEP][PASSED] - takeScreenshot(imagePath): Taking screenshot successfully

2019-11-21 18:59:05 - [MESSAGE][PASSED] - Taking screenshot successfully
[[ATTACHMENT|C:\\Users\\user\\Documents\\testautomation\\KatalonProjects\\productImages\\BOPersonal_5728 image.png]]

2019-11-21 18:59:05 - [TEST_STEP][PASSED] - verifyElementText(findTestObject("Page_cabi Order Items/GetAttribute_getID"), styleid_data, CONTINUE_ON_FAILURE): Actual text and expected text of test object 'Object Repository/Page_cabi Order Items/GetAttribute_getID' are matched.

2019-11-21 18:59:06 - [MESSAGE][PASSED] - Actual text and expected text of test object 'Object Repository/Page_cabi Order Items/GetAttribute_getID' are matched.

2019-11-21 18:59:06 - [TEST_STEP][PASSED] - colorOptions = findWebElements(findTestObject("Page_cabi Order Items/GetAttribute_Color"), 5): null

2019-11-21 18:59:06 - [TEST_STEP][PASSED] - println(colorOptions.size()): null

2019-11-21 18:59:06 - [TEST_STEP][PASSED] - expectedColour = findTestData("productData").getValue("Color", row): null

2019-11-21 18:59:06 - [TEST_STEP][PASSED] - println("expected colour is"): null

2019-11-21 18:59:06 - [TEST_STEP][PASSED] - println(expectedColour): null

2019-11-21 18:59:06 - [TEST_STEP][PASSED] - colourVerified = false: null

2019-11-21 18:59:06 - [TEST_STEP][PASSED] - for (org.openqa.selenium.WebElement op : colorOptions): null

2019-11-21 18:59:06 - [TEST_STEP][PASSED] - println(op.getText()): null

2019-11-21 18:59:06 - [TEST_STEP][PASSED] - if (expectedColour.equalsIgnoreCase(op.getText())): null

2019-11-21 18:59:06 - [TEST_STEP][PASSED] - colourVerified = true: null

2019-11-21 18:59:06 - [TEST_STEP][PASSED] - break: null

2019-11-21 18:59:06 - [TEST_STEP][PASSED] - sa.assertTrue(colourVerified): null

2019-11-21 18:59:06 - [TEST_STEP][PASSED] - getPrice = getText(findTestObject("Page_cabi Order Items/GetAttribute_Price")): Text of object 'Object Repository/Page_cabi Order Items/GetAttribute_Price' is: 'Price : £62.00'

2019-11-21 18:59:06 - [MESSAGE][PASSED] - Text of object 'Object Repository/Page_cabi Order Items/GetAttribute_Price' is: 'Price : £62.00'

2019-11-21 18:59:06 - [TEST_STEP][PASSED] - Split_Data = UtilityMethods.SplitData(getPrice): null

2019-11-21 18:59:06 - [TEST_STEP][PASSED] - verifyMatch(Split_Data, findTestData("productData").getValue("Retail", row), true, CONTINUE_ON_FAILURE): Actual text '62' and expected text '62' are matched  using regular expression

2019-11-21 18:59:06 - [MESSAGE][PASSED] - Actual text '62' and expected text '62' are matched  using regular expression

2019-11-21 18:59:06 - [TEST_STEP][PASSED] - sizeRange1 = ["XXS", "XS", "S", "M", "L", "XL", "XXL"]: null

2019-11-21 18:59:06 - [TEST_STEP][PASSED] - sizeRange2 = ["00", "0", "2", "4", "6", "8", "10", "12", "14", "16"]: null

2019-11-21 18:59:06 - [TEST_STEP][PASSED] - sizeRange3 = ["Long", "Regular", "Short"]: null

2019-11-21 18:59:06 - [TEST_STEP][PASSED] - sizeRange4 = ["5", "6", "6.5", "7", "7.5", "8", "8.5", "9", "9.5", "10", "11"]: null

2019-11-21 18:59:06 - [TEST_STEP][PASSED] - sizeRange5 = ["XS/S", "M/L"]: null

2019-11-21 18:59:06 - [TEST_STEP][PASSED] - sizeRange6 = ["One Size"]: null

2019-11-21 18:59:06 - [TEST_STEP][PASSED] - sizeRangeSplit = UtilityMethods.SplitSizes(findTestData("productData").getValue("SzRange", row)): null

2019-11-21 18:59:06 - [TEST_STEP][PASSED] - sizeType = getText(findTestObject("Object Repository/Page_cabi Order Items/Size")): Text of object 'Object Repository/Page_cabi Order Items/Size' is: 'Select'

2019-11-21 18:59:06 - [MESSAGE][PASSED] - Text of object 'Object Repository/Page_cabi Order Items/Size' is: 'Select'

2019-11-21 18:59:06 - [TEST_STEP][PASSED] - sizeOptions = findWebElements(findTestObject("Object Repository/Page_cabi Order Items/Size"), 5): null

2019-11-21 18:59:06 - [TEST_STEP][PASSED] - actualRange = new java.util.ArrayList(): null

2019-11-21 18:59:06 - [TEST_STEP][PASSED] - expectedRange = <not implemented yet for class: org.codehaus.groovy.ast.expr.EmptyExpression>: null

2019-11-21 18:59:06 - [TEST_STEP][PASSED] - if (sizeType.equalsIgnoreCase("Select")): null

2019-11-21 18:59:06 - [TEST_STEP][PASSED] - for ([i = 1, i < sizeOptions.size(), (i++)]): null

2019-11-21 18:59:06 - [TEST_STEP][PASSED] - actualRange.add(getAttribute("value").toString()): null

2019-11-21 18:59:06 - [TEST_STEP][PASSED] - actualRange.add(getAttribute("value").toString()): null

2019-11-21 18:59:06 - [TEST_STEP][PASSED] - actualRange.add(getAttribute("value").toString()): null

2019-11-21 18:59:06 - [TEST_STEP][PASSED] - actualRange.add(getAttribute("value").toString()): null

2019-11-21 18:59:06 - [TEST_STEP][PASSED] - actualRange.add(getAttribute("value").toString()): null

2019-11-21 18:59:06 - [TEST_STEP][PASSED] - if (toString().equalsIgnoreCase("XS") || toString().equalsIgnoreCase("XXS")): null

2019-11-21 18:59:06 - [TEST_STEP][PASSED] - expectedRange = UtilityMethods.getExpectedRange(sizeRange1, sizeRangeSplit): null

2019-11-21 18:59:06 - [TEST_STEP][PASSED] - println("XS"): null

2019-11-21 18:59:06 - [TEST_STEP][PASSED] - println(expectedRange.toString()): null

2019-11-21 18:59:06 - [TEST_STEP][PASSED] - sa.assertTrue(UtilityMethods.listEquals(expectedRange, actualRange)): null

2019-11-21 18:59:06 - [TEST_STEP][PASSED] - delay(2): Delayed 2 second(s)

2019-11-21 18:59:08 - [MESSAGE][PASSED] - Delayed 2 second(s)

2019-11-21 18:59:08 - [TEST_STEP][PASSED] - verifyElementText(findTestObject("Page_cabi Order Items/product_title"), findTestData("productData").getValue("Description", row), CONTINUE_ON_FAILURE): Actual text and expected text of test object 'Object Repository/Page_cabi Order Items/product_title' are matched.

2019-11-21 18:59:09 - [MESSAGE][PASSED] - Actual text and expected text of test object 'Object Repository/Page_cabi Order Items/product_title' are matched.

2019-11-21 18:59:09 - [TEST_STEP][PASSED] - finalContent = findTestData("productData").getValue("FinalContent", row): null

2019-11-21 18:59:09 - [TEST_STEP][PASSED] - if (finalContent.equalsIgnoreCase("")): null

2019-11-21 18:59:09 - [TEST_STEP][PASSED] - else: Actual text and expected text of test object 'Object Repository/Page_cabi Order Items/product_fabric' are matched.

2019-11-21 18:59:09 - [TEST_STEP][PASSED] - verifyElementText(findTestObject("Page_cabi Order Items/product_fabric"), finalContent, CONTINUE_ON_FAILURE): Actual text and expected text of test object 'Object Repository/Page_cabi Order Items/product_fabric' are matched.

2019-11-21 18:59:09 - [MESSAGE][PASSED] - Actual text and expected text of test object 'Object Repository/Page_cabi Order Items/product_fabric' are matched.

2019-11-21 18:59:09 - [TEST_STEP][PASSED] - expectedCasreIntrn = findTestData("productData").getValue("CareInstr", row): null

2019-11-21 18:59:09 - [TEST_STEP][PASSED] - if (expectedCasreIntrn.equalsIgnoreCase("")): null

2019-11-21 18:59:09 - [TEST_STEP][PASSED] - actualCI = findWebElements(findTestObject("Page_cabi Order Items/care_instruction"), 5): null

2019-11-21 18:59:09 - [TEST_STEP][PASSED] - sa.assertTrue(actualCI.size() == 0): null

2019-11-21 18:59:09 - [TEST_STEP][PASSED] - delay(5): Delayed 5 second(s)

2019-11-21 18:59:14 - [MESSAGE][PASSED] - Delayed 5 second(s)

2019-11-21 18:59:14 - [TEST_STEP][PASSED] - sa = new org.testng.asserts.SoftAssert(): null

2019-11-21 18:59:14 - [TEST_STEP][PASSED] - styleid_data = findTestData("productData").getValue("Style", row): null

2019-11-21 18:59:14 - [TEST_STEP][PASSED] - println(styleid_data): null

2019-11-21 18:59:14 - [TEST_STEP][PASSED] - by = By.xpath("//input[@name='style']"): null

2019-11-21 18:59:14 - [TEST_STEP][PASSED] - styleWe = UtilityMethods.getElementByLocator(by, driver): null

2019-11-21 18:59:14 - [TEST_STEP][PASSED] - to = UtilityMethods.fromElement(styleWe): null

2019-11-21 18:59:14 - [TEST_STEP][PASSED] - println("******************+++++++++++++++++++**********************************************"): null

2019-11-21 18:59:14 - [TEST_STEP][PASSED] - setText(to, styleid_data): Text '5729' is set on object ''

2019-11-21 18:59:14 - [MESSAGE][PASSED] - Text '5729' is set on object ''

2019-11-21 18:59:14 - [TEST_STEP][PASSED] - sendKeys(to, Keys.chord(ENTER)): Keys 'ENTER + ' sent to object: ''

2019-11-21 18:59:15 - [MESSAGE][PASSED] - Keys 'ENTER + ' sent to object: ''

2019-11-21 18:59:15 - [TEST_STEP][PASSED] - delay(2): Delayed 2 second(s)

2019-11-21 18:59:17 - [MESSAGE][PASSED] - Delayed 2 second(s)

2019-11-21 18:59:17 - [TEST_STEP][PASSED] - if (toString().equalsIgnoreCase("no")): null

2019-11-21 18:59:17 - [TEST_STEP][PASSED] - else: null

2019-11-21 18:59:17 - [TEST_STEP][PASSED] - click(findTestObject("Page_cabi Order Items/li_order_item")): Object: 'Object Repository/Page_cabi Order Items/li_order_item' is clicked on

2019-11-21 18:59:22 - [MESSAGE][PASSED] - Object: 'Object Repository/Page_cabi Order Items/li_order_item' is clicked on

2019-11-21 18:59:22 - [TEST_STEP][PASSED] - delay(5): Delayed 5 second(s)

2019-11-21 18:59:27 - [MESSAGE][PASSED] - Delayed 5 second(s)

2019-11-21 18:59:27 - [TEST_STEP][PASSED] - imagePath = UtilityMethods.createScreenshotImagePath(storeType, styleid_data): null

2019-11-21 18:59:27 - [TEST_STEP][PASSED] - println(imagePath): null

2019-11-21 18:59:27 - [TEST_STEP][PASSED] - takeScreenshot(imagePath): Taking screenshot successfully

2019-11-21 18:59:27 - [MESSAGE][PASSED] - Taking screenshot successfully
[[ATTACHMENT|C:\\Users\\user\\Documents\\testautomation\\KatalonProjects\\productImages\\BOPersonal_5729 image.png]]

2019-11-21 18:59:27 - [TEST_STEP][PASSED] - verifyElementText(findTestObject("Page_cabi Order Items/GetAttribute_getID"), styleid_data, CONTINUE_ON_FAILURE): Actual text and expected text of test object 'Object Repository/Page_cabi Order Items/GetAttribute_getID' are matched.

2019-11-21 18:59:27 - [MESSAGE][PASSED] - Actual text and expected text of test object 'Object Repository/Page_cabi Order Items/GetAttribute_getID' are matched.

2019-11-21 18:59:27 - [TEST_STEP][PASSED] - colorOptions = findWebElements(findTestObject("Page_cabi Order Items/GetAttribute_Color"), 5): null

2019-11-21 18:59:27 - [TEST_STEP][PASSED] - println(colorOptions.size()): null

2019-11-21 18:59:27 - [TEST_STEP][PASSED] - expectedColour = findTestData("productData").getValue("Color", row): null

2019-11-21 18:59:28 - [TEST_STEP][PASSED] - println("expected colour is"): null

2019-11-21 18:59:28 - [TEST_STEP][PASSED] - println(expectedColour): null

2019-11-21 18:59:28 - [TEST_STEP][PASSED] - colourVerified = false: null

2019-11-21 18:59:28 - [TEST_STEP][PASSED] - for (org.openqa.selenium.WebElement op : colorOptions): null

2019-11-21 18:59:28 - [TEST_STEP][PASSED] - println(op.getText()): null

2019-11-21 18:59:28 - [TEST_STEP][PASSED] - if (expectedColour.equalsIgnoreCase(op.getText())): null

2019-11-21 18:59:28 - [TEST_STEP][PASSED] - colourVerified = true: null

2019-11-21 18:59:28 - [TEST_STEP][PASSED] - break: null

2019-11-21 18:59:28 - [TEST_STEP][PASSED] - sa.assertTrue(colourVerified): null

2019-11-21 18:59:28 - [TEST_STEP][PASSED] - getPrice = getText(findTestObject("Page_cabi Order Items/GetAttribute_Price")): Text of object 'Object Repository/Page_cabi Order Items/GetAttribute_Price' is: 'Price : £62.00'

2019-11-21 18:59:28 - [MESSAGE][PASSED] - Text of object 'Object Repository/Page_cabi Order Items/GetAttribute_Price' is: 'Price : £62.00'

2019-11-21 18:59:28 - [TEST_STEP][PASSED] - Split_Data = UtilityMethods.SplitData(getPrice): null

2019-11-21 18:59:28 - [TEST_STEP][PASSED] - verifyMatch(Split_Data, findTestData("productData").getValue("Retail", row), true, CONTINUE_ON_FAILURE): Actual text '62' and expected text '62' are matched  using regular expression

2019-11-21 18:59:28 - [MESSAGE][PASSED] - Actual text '62' and expected text '62' are matched  using regular expression

2019-11-21 18:59:28 - [TEST_STEP][PASSED] - sizeRange1 = ["XXS", "XS", "S", "M", "L", "XL", "XXL"]: null

2019-11-21 18:59:28 - [TEST_STEP][PASSED] - sizeRange2 = ["00", "0", "2", "4", "6", "8", "10", "12", "14", "16"]: null

2019-11-21 18:59:28 - [TEST_STEP][PASSED] - sizeRange3 = ["Long", "Regular", "Short"]: null

2019-11-21 18:59:28 - [TEST_STEP][PASSED] - sizeRange4 = ["5", "6", "6.5", "7", "7.5", "8", "8.5", "9", "9.5", "10", "11"]: null

2019-11-21 18:59:28 - [TEST_STEP][PASSED] - sizeRange5 = ["XS/S", "M/L"]: null

2019-11-21 18:59:28 - [TEST_STEP][PASSED] - sizeRange6 = ["One Size"]: null

2019-11-21 18:59:28 - [TEST_STEP][PASSED] - sizeRangeSplit = UtilityMethods.SplitSizes(findTestData("productData").getValue("SzRange", row)): null

2019-11-21 18:59:28 - [TEST_STEP][PASSED] - sizeType = getText(findTestObject("Object Repository/Page_cabi Order Items/Size")): Text of object 'Object Repository/Page_cabi Order Items/Size' is: 'Select'

2019-11-21 18:59:28 - [MESSAGE][PASSED] - Text of object 'Object Repository/Page_cabi Order Items/Size' is: 'Select'

2019-11-21 18:59:28 - [TEST_STEP][PASSED] - sizeOptions = findWebElements(findTestObject("Object Repository/Page_cabi Order Items/Size"), 5): null

2019-11-21 18:59:28 - [TEST_STEP][PASSED] - actualRange = new java.util.ArrayList(): null

2019-11-21 18:59:28 - [TEST_STEP][PASSED] - expectedRange = <not implemented yet for class: org.codehaus.groovy.ast.expr.EmptyExpression>: null

2019-11-21 18:59:28 - [TEST_STEP][PASSED] - if (sizeType.equalsIgnoreCase("Select")): null

2019-11-21 18:59:28 - [TEST_STEP][PASSED] - for ([i = 1, i < sizeOptions.size(), (i++)]): null

2019-11-21 18:59:28 - [TEST_STEP][PASSED] - actualRange.add(getAttribute("value").toString()): null

2019-11-21 18:59:28 - [TEST_STEP][PASSED] - actualRange.add(getAttribute("value").toString()): null

2019-11-21 18:59:28 - [TEST_STEP][PASSED] - actualRange.add(getAttribute("value").toString()): null

2019-11-21 18:59:28 - [TEST_STEP][PASSED] - actualRange.add(getAttribute("value").toString()): null

2019-11-21 18:59:28 - [TEST_STEP][PASSED] - actualRange.add(getAttribute("value").toString()): null

2019-11-21 18:59:28 - [TEST_STEP][PASSED] - if (toString().equalsIgnoreCase("XS") || toString().equalsIgnoreCase("XXS")): null

2019-11-21 18:59:28 - [TEST_STEP][PASSED] - expectedRange = UtilityMethods.getExpectedRange(sizeRange1, sizeRangeSplit): null

2019-11-21 18:59:28 - [TEST_STEP][PASSED] - println("XS"): null

2019-11-21 18:59:28 - [TEST_STEP][PASSED] - println(expectedRange.toString()): null

2019-11-21 18:59:28 - [TEST_STEP][PASSED] - sa.assertTrue(UtilityMethods.listEquals(expectedRange, actualRange)): null

2019-11-21 18:59:28 - [TEST_STEP][PASSED] - delay(2): Delayed 2 second(s)

2019-11-21 18:59:30 - [MESSAGE][PASSED] - Delayed 2 second(s)

2019-11-21 18:59:30 - [TEST_STEP][PASSED] - verifyElementText(findTestObject("Page_cabi Order Items/product_title"), findTestData("productData").getValue("Description", row), CONTINUE_ON_FAILURE): Actual text and expected text of test object 'Object Repository/Page_cabi Order Items/product_title' are matched.

2019-11-21 18:59:30 - [MESSAGE][PASSED] - Actual text and expected text of test object 'Object Repository/Page_cabi Order Items/product_title' are matched.

2019-11-21 18:59:30 - [TEST_STEP][PASSED] - finalContent = findTestData("productData").getValue("FinalContent", row): null

2019-11-21 18:59:31 - [TEST_STEP][PASSED] - if (finalContent.equalsIgnoreCase("")): null

2019-11-21 18:59:31 - [TEST_STEP][PASSED] - else: Actual text and expected text of test object 'Object Repository/Page_cabi Order Items/product_fabric' are matched.

2019-11-21 18:59:31 - [TEST_STEP][PASSED] - verifyElementText(findTestObject("Page_cabi Order Items/product_fabric"), finalContent, CONTINUE_ON_FAILURE): Actual text and expected text of test object 'Object Repository/Page_cabi Order Items/product_fabric' are matched.

2019-11-21 18:59:31 - [MESSAGE][PASSED] - Actual text and expected text of test object 'Object Repository/Page_cabi Order Items/product_fabric' are matched.

2019-11-21 18:59:31 - [TEST_STEP][PASSED] - expectedCasreIntrn = findTestData("productData").getValue("CareInstr", row): null

2019-11-21 18:59:31 - [TEST_STEP][PASSED] - if (expectedCasreIntrn.equalsIgnoreCase("")): null

2019-11-21 18:59:31 - [TEST_STEP][PASSED] - actualCI = findWebElements(findTestObject("Page_cabi Order Items/care_instruction"), 5): null

2019-11-21 18:59:31 - [TEST_STEP][PASSED] - sa.assertTrue(actualCI.size() == 0): null

2019-11-21 18:59:31 - [TEST_STEP][PASSED] - delay(5): Delayed 5 second(s)

2019-11-21 18:59:36 - [MESSAGE][PASSED] - Delayed 5 second(s)

2019-11-21 18:59:36 - [TEST_STEP][PASSED] - sa = new org.testng.asserts.SoftAssert(): null

2019-11-21 18:59:36 - [TEST_STEP][PASSED] - styleid_data = findTestData("productData").getValue("Style", row): null

2019-11-21 18:59:36 - [TEST_STEP][PASSED] - println(styleid_data): null

2019-11-21 18:59:36 - [TEST_STEP][PASSED] - by = By.xpath("//input[@name='style']"): null

2019-11-21 18:59:36 - [TEST_STEP][PASSED] - styleWe = UtilityMethods.getElementByLocator(by, driver): null

2019-11-21 18:59:36 - [TEST_STEP][PASSED] - to = UtilityMethods.fromElement(styleWe): null

2019-11-21 18:59:36 - [TEST_STEP][PASSED] - println("******************+++++++++++++++++++**********************************************"): null

2019-11-21 18:59:36 - [TEST_STEP][PASSED] - setText(to, styleid_data): Text '5730' is set on object ''

2019-11-21 18:59:36 - [MESSAGE][PASSED] - Text '5730' is set on object ''

2019-11-21 18:59:36 - [TEST_STEP][PASSED] - sendKeys(to, Keys.chord(ENTER)): Keys 'ENTER + ' sent to object: ''

2019-11-21 18:59:36 - [MESSAGE][PASSED] - Keys 'ENTER + ' sent to object: ''

2019-11-21 18:59:36 - [TEST_STEP][PASSED] - delay(2): Delayed 2 second(s)

2019-11-21 18:59:38 - [MESSAGE][PASSED] - Delayed 2 second(s)

2019-11-21 18:59:38 - [TEST_STEP][PASSED] - if (toString().equalsIgnoreCase("no")): null

2019-11-21 18:59:38 - [TEST_STEP][PASSED] - else: null

2019-11-21 18:59:38 - [TEST_STEP][PASSED] - click(findTestObject("Page_cabi Order Items/li_order_item")): Object: 'Object Repository/Page_cabi Order Items/li_order_item' is clicked on

2019-11-21 18:59:44 - [MESSAGE][PASSED] - Object: 'Object Repository/Page_cabi Order Items/li_order_item' is clicked on

2019-11-21 18:59:44 - [TEST_STEP][PASSED] - delay(5): Delayed 5 second(s)

2019-11-21 18:59:49 - [MESSAGE][PASSED] - Delayed 5 second(s)

2019-11-21 18:59:49 - [TEST_STEP][PASSED] - imagePath = UtilityMethods.createScreenshotImagePath(storeType, styleid_data): null

2019-11-21 18:59:49 - [TEST_STEP][PASSED] - println(imagePath): null

2019-11-21 18:59:49 - [TEST_STEP][PASSED] - takeScreenshot(imagePath): Taking screenshot successfully

2019-11-21 18:59:49 - [MESSAGE][PASSED] - Taking screenshot successfully
[[ATTACHMENT|C:\\Users\\user\\Documents\\testautomation\\KatalonProjects\\productImages\\BOPersonal_5730 image.png]]

2019-11-21 18:59:49 - [TEST_STEP][PASSED] - verifyElementText(findTestObject("Page_cabi Order Items/GetAttribute_getID"), styleid_data, CONTINUE_ON_FAILURE): Actual text and expected text of test object 'Object Repository/Page_cabi Order Items/GetAttribute_getID' are matched.

2019-11-21 18:59:50 - [MESSAGE][PASSED] - Actual text and expected text of test object 'Object Repository/Page_cabi Order Items/GetAttribute_getID' are matched.

2019-11-21 18:59:50 - [TEST_STEP][PASSED] - colorOptions = findWebElements(findTestObject("Page_cabi Order Items/GetAttribute_Color"), 5): null

2019-11-21 18:59:50 - [TEST_STEP][PASSED] - println(colorOptions.size()): null

2019-11-21 18:59:50 - [TEST_STEP][PASSED] - expectedColour = findTestData("productData").getValue("Color", row): null

2019-11-21 18:59:50 - [TEST_STEP][PASSED] - println("expected colour is"): null

2019-11-21 18:59:50 - [TEST_STEP][PASSED] - println(expectedColour): null

2019-11-21 18:59:50 - [TEST_STEP][PASSED] - colourVerified = false: null

2019-11-21 18:59:50 - [TEST_STEP][PASSED] - for (org.openqa.selenium.WebElement op : colorOptions): null

2019-11-21 18:59:50 - [TEST_STEP][PASSED] - println(op.getText()): null

2019-11-21 18:59:50 - [TEST_STEP][PASSED] - if (expectedColour.equalsIgnoreCase(op.getText())): null

2019-11-21 18:59:50 - [TEST_STEP][PASSED] - colourVerified = true: null

2019-11-21 18:59:50 - [TEST_STEP][PASSED] - break: null

2019-11-21 18:59:50 - [TEST_STEP][PASSED] - sa.assertTrue(colourVerified): null

2019-11-21 18:59:50 - [TEST_STEP][PASSED] - getPrice = getText(findTestObject("Page_cabi Order Items/GetAttribute_Price")): Text of object 'Object Repository/Page_cabi Order Items/GetAttribute_Price' is: 'Price : £69.00'

2019-11-21 18:59:50 - [MESSAGE][PASSED] - Text of object 'Object Repository/Page_cabi Order Items/GetAttribute_Price' is: 'Price : £69.00'

2019-11-21 18:59:50 - [TEST_STEP][PASSED] - Split_Data = UtilityMethods.SplitData(getPrice): null

2019-11-21 18:59:50 - [TEST_STEP][PASSED] - verifyMatch(Split_Data, findTestData("productData").getValue("Retail", row), true, CONTINUE_ON_FAILURE): Actual text '69' and expected text '69' are matched  using regular expression

2019-11-21 18:59:50 - [MESSAGE][PASSED] - Actual text '69' and expected text '69' are matched  using regular expression

2019-11-21 18:59:50 - [TEST_STEP][PASSED] - sizeRange1 = ["XXS", "XS", "S", "M", "L", "XL", "XXL"]: null

2019-11-21 18:59:50 - [TEST_STEP][PASSED] - sizeRange2 = ["00", "0", "2", "4", "6", "8", "10", "12", "14", "16"]: null

2019-11-21 18:59:50 - [TEST_STEP][PASSED] - sizeRange3 = ["Long", "Regular", "Short"]: null

2019-11-21 18:59:50 - [TEST_STEP][PASSED] - sizeRange4 = ["5", "6", "6.5", "7", "7.5", "8", "8.5", "9", "9.5", "10", "11"]: null

2019-11-21 18:59:50 - [TEST_STEP][PASSED] - sizeRange5 = ["XS/S", "M/L"]: null

2019-11-21 18:59:50 - [TEST_STEP][PASSED] - sizeRange6 = ["One Size"]: null

2019-11-21 18:59:50 - [TEST_STEP][PASSED] - sizeRangeSplit = UtilityMethods.SplitSizes(findTestData("productData").getValue("SzRange", row)): null

2019-11-21 18:59:50 - [TEST_STEP][PASSED] - sizeType = getText(findTestObject("Object Repository/Page_cabi Order Items/Size")): Text of object 'Object Repository/Page_cabi Order Items/Size' is: 'Select'

2019-11-21 18:59:50 - [MESSAGE][PASSED] - Text of object 'Object Repository/Page_cabi Order Items/Size' is: 'Select'

2019-11-21 18:59:50 - [TEST_STEP][PASSED] - sizeOptions = findWebElements(findTestObject("Object Repository/Page_cabi Order Items/Size"), 5): null

2019-11-21 18:59:50 - [TEST_STEP][PASSED] - actualRange = new java.util.ArrayList(): null

2019-11-21 18:59:50 - [TEST_STEP][PASSED] - expectedRange = <not implemented yet for class: org.codehaus.groovy.ast.expr.EmptyExpression>: null

2019-11-21 18:59:50 - [TEST_STEP][PASSED] - if (sizeType.equalsIgnoreCase("Select")): null

2019-11-21 18:59:50 - [TEST_STEP][PASSED] - for ([i = 1, i < sizeOptions.size(), (i++)]): null

2019-11-21 18:59:50 - [TEST_STEP][PASSED] - actualRange.add(getAttribute("value").toString()): null

2019-11-21 18:59:50 - [TEST_STEP][PASSED] - actualRange.add(getAttribute("value").toString()): null

2019-11-21 18:59:50 - [TEST_STEP][PASSED] - actualRange.add(getAttribute("value").toString()): null

2019-11-21 18:59:50 - [TEST_STEP][PASSED] - actualRange.add(getAttribute("value").toString()): null

2019-11-21 18:59:50 - [TEST_STEP][PASSED] - actualRange.add(getAttribute("value").toString()): null

2019-11-21 18:59:51 - [TEST_STEP][PASSED] - if (toString().equalsIgnoreCase("XS") || toString().equalsIgnoreCase("XXS")): null

2019-11-21 18:59:51 - [TEST_STEP][PASSED] - expectedRange = UtilityMethods.getExpectedRange(sizeRange1, sizeRangeSplit): null

2019-11-21 18:59:51 - [TEST_STEP][PASSED] - println("XS"): null

2019-11-21 18:59:51 - [TEST_STEP][PASSED] - println(expectedRange.toString()): null

2019-11-21 18:59:51 - [TEST_STEP][PASSED] - sa.assertTrue(UtilityMethods.listEquals(expectedRange, actualRange)): null

2019-11-21 18:59:51 - [TEST_STEP][PASSED] - delay(2): Delayed 2 second(s)

2019-11-21 18:59:53 - [MESSAGE][PASSED] - Delayed 2 second(s)

2019-11-21 18:59:53 - [TEST_STEP][PASSED] - verifyElementText(findTestObject("Page_cabi Order Items/product_title"), findTestData("productData").getValue("Description", row), CONTINUE_ON_FAILURE): Actual text and expected text of test object 'Object Repository/Page_cabi Order Items/product_title' are matched.

2019-11-21 18:59:53 - [MESSAGE][PASSED] - Actual text and expected text of test object 'Object Repository/Page_cabi Order Items/product_title' are matched.

2019-11-21 18:59:53 - [TEST_STEP][PASSED] - finalContent = findTestData("productData").getValue("FinalContent", row): null

2019-11-21 18:59:53 - [TEST_STEP][PASSED] - if (finalContent.equalsIgnoreCase("")): null

2019-11-21 18:59:53 - [TEST_STEP][PASSED] - else: Actual text and expected text of test object 'Object Repository/Page_cabi Order Items/product_fabric' are matched.

2019-11-21 18:59:53 - [TEST_STEP][PASSED] - verifyElementText(findTestObject("Page_cabi Order Items/product_fabric"), finalContent, CONTINUE_ON_FAILURE): Actual text and expected text of test object 'Object Repository/Page_cabi Order Items/product_fabric' are matched.

2019-11-21 18:59:53 - [MESSAGE][PASSED] - Actual text and expected text of test object 'Object Repository/Page_cabi Order Items/product_fabric' are matched.

2019-11-21 18:59:53 - [TEST_STEP][PASSED] - expectedCasreIntrn = findTestData("productData").getValue("CareInstr", row): null

2019-11-21 18:59:53 - [TEST_STEP][PASSED] - if (expectedCasreIntrn.equalsIgnoreCase("")): null

2019-11-21 18:59:53 - [TEST_STEP][PASSED] - actualCI = findWebElements(findTestObject("Page_cabi Order Items/care_instruction"), 5): null

2019-11-21 18:59:53 - [TEST_STEP][PASSED] - sa.assertTrue(actualCI.size() == 0): null

2019-11-21 18:59:53 - [TEST_STEP][PASSED] - delay(5): Delayed 5 second(s)

2019-11-21 18:59:58 - [MESSAGE][PASSED] - Delayed 5 second(s)

2019-11-21 18:59:58 - [TEST_STEP][PASSED] - sa = new org.testng.asserts.SoftAssert(): null

2019-11-21 18:59:58 - [TEST_STEP][PASSED] - styleid_data = findTestData("productData").getValue("Style", row): null

2019-11-21 18:59:58 - [TEST_STEP][PASSED] - println(styleid_data): null

2019-11-21 18:59:58 - [TEST_STEP][PASSED] - by = By.xpath("//input[@name='style']"): null

2019-11-21 18:59:58 - [TEST_STEP][PASSED] - styleWe = UtilityMethods.getElementByLocator(by, driver): null

2019-11-21 18:59:58 - [TEST_STEP][PASSED] - to = UtilityMethods.fromElement(styleWe): null

2019-11-21 18:59:58 - [TEST_STEP][PASSED] - println("******************+++++++++++++++++++**********************************************"): null

2019-11-21 18:59:58 - [TEST_STEP][PASSED] - setText(to, styleid_data): Text '5731' is set on object ''

2019-11-21 18:59:58 - [MESSAGE][PASSED] - Text '5731' is set on object ''

2019-11-21 18:59:58 - [TEST_STEP][PASSED] - sendKeys(to, Keys.chord(ENTER)): Keys 'ENTER + ' sent to object: ''

2019-11-21 18:59:59 - [MESSAGE][PASSED] - Keys 'ENTER + ' sent to object: ''

2019-11-21 18:59:59 - [TEST_STEP][PASSED] - delay(2): Delayed 2 second(s)

2019-11-21 19:00:01 - [MESSAGE][PASSED] - Delayed 2 second(s)

2019-11-21 19:00:01 - [TEST_STEP][PASSED] - if (toString().equalsIgnoreCase("no")): null

2019-11-21 19:00:01 - [TEST_STEP][PASSED] - else: null

2019-11-21 19:00:01 - [TEST_STEP][PASSED] - click(findTestObject("Page_cabi Order Items/li_order_item")): Object: 'Object Repository/Page_cabi Order Items/li_order_item' is clicked on

2019-11-21 19:00:06 - [MESSAGE][PASSED] - Object: 'Object Repository/Page_cabi Order Items/li_order_item' is clicked on

2019-11-21 19:00:06 - [TEST_STEP][PASSED] - delay(5): Delayed 5 second(s)

2019-11-21 19:00:11 - [MESSAGE][PASSED] - Delayed 5 second(s)

2019-11-21 19:00:11 - [TEST_STEP][PASSED] - imagePath = UtilityMethods.createScreenshotImagePath(storeType, styleid_data): null

2019-11-21 19:00:11 - [TEST_STEP][PASSED] - println(imagePath): null

2019-11-21 19:00:11 - [TEST_STEP][PASSED] - takeScreenshot(imagePath): Taking screenshot successfully

2019-11-21 19:00:12 - [MESSAGE][PASSED] - Taking screenshot successfully
[[ATTACHMENT|C:\\Users\\user\\Documents\\testautomation\\KatalonProjects\\productImages\\BOPersonal_5731 image.png]]

2019-11-21 19:00:12 - [TEST_STEP][PASSED] - verifyElementText(findTestObject("Page_cabi Order Items/GetAttribute_getID"), styleid_data, CONTINUE_ON_FAILURE): Actual text and expected text of test object 'Object Repository/Page_cabi Order Items/GetAttribute_getID' are matched.

2019-11-21 19:00:12 - [MESSAGE][PASSED] - Actual text and expected text of test object 'Object Repository/Page_cabi Order Items/GetAttribute_getID' are matched.

2019-11-21 19:00:12 - [TEST_STEP][PASSED] - colorOptions = findWebElements(findTestObject("Page_cabi Order Items/GetAttribute_Color"), 5): null

2019-11-21 19:00:12 - [TEST_STEP][PASSED] - println(colorOptions.size()): null

2019-11-21 19:00:12 - [TEST_STEP][PASSED] - expectedColour = findTestData("productData").getValue("Color", row): null

2019-11-21 19:00:12 - [TEST_STEP][PASSED] - println("expected colour is"): null

2019-11-21 19:00:12 - [TEST_STEP][PASSED] - println(expectedColour): null

2019-11-21 19:00:12 - [TEST_STEP][PASSED] - colourVerified = false: null

2019-11-21 19:00:12 - [TEST_STEP][PASSED] - for (org.openqa.selenium.WebElement op : colorOptions): null

2019-11-21 19:00:12 - [TEST_STEP][PASSED] - println(op.getText()): null

2019-11-21 19:00:12 - [TEST_STEP][PASSED] - if (expectedColour.equalsIgnoreCase(op.getText())): null

2019-11-21 19:00:12 - [TEST_STEP][PASSED] - colourVerified = true: null

2019-11-21 19:00:12 - [TEST_STEP][PASSED] - break: null

2019-11-21 19:00:12 - [TEST_STEP][PASSED] - sa.assertTrue(colourVerified): null

2019-11-21 19:00:12 - [TEST_STEP][PASSED] - getPrice = getText(findTestObject("Page_cabi Order Items/GetAttribute_Price")): Text of object 'Object Repository/Page_cabi Order Items/GetAttribute_Price' is: 'Price : £62.00'

2019-11-21 19:00:12 - [MESSAGE][PASSED] - Text of object 'Object Repository/Page_cabi Order Items/GetAttribute_Price' is: 'Price : £62.00'

2019-11-21 19:00:12 - [TEST_STEP][PASSED] - Split_Data = UtilityMethods.SplitData(getPrice): null

2019-11-21 19:00:12 - [TEST_STEP][PASSED] - verifyMatch(Split_Data, findTestData("productData").getValue("Retail", row), true, CONTINUE_ON_FAILURE): Actual text '62' and expected text '62' are matched  using regular expression

2019-11-21 19:00:12 - [MESSAGE][PASSED] - Actual text '62' and expected text '62' are matched  using regular expression

2019-11-21 19:00:12 - [TEST_STEP][PASSED] - sizeRange1 = ["XXS", "XS", "S", "M", "L", "XL", "XXL"]: null

2019-11-21 19:00:12 - [TEST_STEP][PASSED] - sizeRange2 = ["00", "0", "2", "4", "6", "8", "10", "12", "14", "16"]: null

2019-11-21 19:00:12 - [TEST_STEP][PASSED] - sizeRange3 = ["Long", "Regular", "Short"]: null

2019-11-21 19:00:12 - [TEST_STEP][PASSED] - sizeRange4 = ["5", "6", "6.5", "7", "7.5", "8", "8.5", "9", "9.5", "10", "11"]: null

2019-11-21 19:00:12 - [TEST_STEP][PASSED] - sizeRange5 = ["XS/S", "M/L"]: null

2019-11-21 19:00:12 - [TEST_STEP][PASSED] - sizeRange6 = ["One Size"]: null

2019-11-21 19:00:12 - [TEST_STEP][PASSED] - sizeRangeSplit = UtilityMethods.SplitSizes(findTestData("productData").getValue("SzRange", row)): null

2019-11-21 19:00:12 - [TEST_STEP][PASSED] - sizeType = getText(findTestObject("Object Repository/Page_cabi Order Items/Size")): Text of object 'Object Repository/Page_cabi Order Items/Size' is: 'Select'

2019-11-21 19:00:13 - [MESSAGE][PASSED] - Text of object 'Object Repository/Page_cabi Order Items/Size' is: 'Select'

2019-11-21 19:00:13 - [TEST_STEP][PASSED] - sizeOptions = findWebElements(findTestObject("Object Repository/Page_cabi Order Items/Size"), 5): null

2019-11-21 19:00:13 - [TEST_STEP][PASSED] - actualRange = new java.util.ArrayList(): null

2019-11-21 19:00:13 - [TEST_STEP][PASSED] - expectedRange = <not implemented yet for class: org.codehaus.groovy.ast.expr.EmptyExpression>: null

2019-11-21 19:00:13 - [TEST_STEP][PASSED] - if (sizeType.equalsIgnoreCase("Select")): null

2019-11-21 19:00:13 - [TEST_STEP][PASSED] - for ([i = 1, i < sizeOptions.size(), (i++)]): null

2019-11-21 19:00:13 - [TEST_STEP][PASSED] - actualRange.add(getAttribute("value").toString()): null

2019-11-21 19:00:13 - [TEST_STEP][PASSED] - actualRange.add(getAttribute("value").toString()): null

2019-11-21 19:00:13 - [TEST_STEP][PASSED] - actualRange.add(getAttribute("value").toString()): null

2019-11-21 19:00:13 - [TEST_STEP][PASSED] - actualRange.add(getAttribute("value").toString()): null

2019-11-21 19:00:13 - [TEST_STEP][PASSED] - actualRange.add(getAttribute("value").toString()): null

2019-11-21 19:00:13 - [TEST_STEP][PASSED] - actualRange.add(getAttribute("value").toString()): null

2019-11-21 19:00:13 - [TEST_STEP][PASSED] - if (toString().equalsIgnoreCase("XS") || toString().equalsIgnoreCase("XXS")): null

2019-11-21 19:00:13 - [TEST_STEP][PASSED] - expectedRange = UtilityMethods.getExpectedRange(sizeRange1, sizeRangeSplit): null

2019-11-21 19:00:13 - [TEST_STEP][PASSED] - println("XS"): null

2019-11-21 19:00:13 - [TEST_STEP][PASSED] - println(expectedRange.toString()): null

2019-11-21 19:00:13 - [TEST_STEP][PASSED] - sa.assertTrue(UtilityMethods.listEquals(expectedRange, actualRange)): null

2019-11-21 19:00:13 - [TEST_STEP][PASSED] - delay(2): Delayed 2 second(s)

2019-11-21 19:00:15 - [MESSAGE][PASSED] - Delayed 2 second(s)

2019-11-21 19:00:15 - [TEST_STEP][PASSED] - verifyElementText(findTestObject("Page_cabi Order Items/product_title"), findTestData("productData").getValue("Description", row), CONTINUE_ON_FAILURE): Actual text and expected text of test object 'Object Repository/Page_cabi Order Items/product_title' are matched.

2019-11-21 19:00:15 - [MESSAGE][PASSED] - Actual text and expected text of test object 'Object Repository/Page_cabi Order Items/product_title' are matched.

2019-11-21 19:00:15 - [TEST_STEP][PASSED] - finalContent = findTestData("productData").getValue("FinalContent", row): null

2019-11-21 19:00:15 - [TEST_STEP][PASSED] - if (finalContent.equalsIgnoreCase("")): null

2019-11-21 19:00:15 - [TEST_STEP][PASSED] - else: Actual text and expected text of test object 'Object Repository/Page_cabi Order Items/product_fabric' are matched.

2019-11-21 19:00:15 - [TEST_STEP][PASSED] - verifyElementText(findTestObject("Page_cabi Order Items/product_fabric"), finalContent, CONTINUE_ON_FAILURE): Actual text and expected text of test object 'Object Repository/Page_cabi Order Items/product_fabric' are matched.

2019-11-21 19:00:15 - [MESSAGE][PASSED] - Actual text and expected text of test object 'Object Repository/Page_cabi Order Items/product_fabric' are matched.

2019-11-21 19:00:15 - [TEST_STEP][PASSED] - expectedCasreIntrn = findTestData("productData").getValue("CareInstr", row): null

2019-11-21 19:00:15 - [TEST_STEP][PASSED] - if (expectedCasreIntrn.equalsIgnoreCase("")): null

2019-11-21 19:00:15 - [TEST_STEP][PASSED] - actualCI = findWebElements(findTestObject("Page_cabi Order Items/care_instruction"), 5): null

2019-11-21 19:00:15 - [TEST_STEP][PASSED] - sa.assertTrue(actualCI.size() == 0): null

2019-11-21 19:00:15 - [TEST_STEP][PASSED] - delay(5): Delayed 5 second(s)

2019-11-21 19:00:20 - [MESSAGE][PASSED] - Delayed 5 second(s)

2019-11-21 19:00:20 - [TEST_STEP][PASSED] - sa = new org.testng.asserts.SoftAssert(): null

2019-11-21 19:00:20 - [TEST_STEP][PASSED] - styleid_data = findTestData("productData").getValue("Style", row): null

2019-11-21 19:00:20 - [TEST_STEP][PASSED] - println(styleid_data): null

2019-11-21 19:00:20 - [TEST_STEP][PASSED] - by = By.xpath("//input[@name='style']"): null

2019-11-21 19:00:20 - [TEST_STEP][PASSED] - styleWe = UtilityMethods.getElementByLocator(by, driver): null

2019-11-21 19:00:20 - [TEST_STEP][PASSED] - to = UtilityMethods.fromElement(styleWe): null

2019-11-21 19:00:20 - [TEST_STEP][PASSED] - println("******************+++++++++++++++++++**********************************************"): null

2019-11-21 19:00:20 - [TEST_STEP][PASSED] - setText(to, styleid_data): Text '5732' is set on object ''

2019-11-21 19:00:21 - [MESSAGE][PASSED] - Text '5732' is set on object ''

2019-11-21 19:00:21 - [TEST_STEP][PASSED] - sendKeys(to, Keys.chord(ENTER)): Keys 'ENTER + ' sent to object: ''

2019-11-21 19:00:21 - [MESSAGE][PASSED] - Keys 'ENTER + ' sent to object: ''

2019-11-21 19:00:21 - [TEST_STEP][PASSED] - delay(2): Delayed 2 second(s)

2019-11-21 19:00:23 - [MESSAGE][PASSED] - Delayed 2 second(s)

2019-11-21 19:00:23 - [TEST_STEP][PASSED] - if (toString().equalsIgnoreCase("no")): null

2019-11-21 19:00:23 - [TEST_STEP][PASSED] - else: null

2019-11-21 19:00:23 - [TEST_STEP][PASSED] - click(findTestObject("Page_cabi Order Items/li_order_item")): Object: 'Object Repository/Page_cabi Order Items/li_order_item' is clicked on

2019-11-21 19:00:28 - [MESSAGE][PASSED] - Object: 'Object Repository/Page_cabi Order Items/li_order_item' is clicked on

2019-11-21 19:00:28 - [TEST_STEP][PASSED] - delay(5): Delayed 5 second(s)

2019-11-21 19:00:33 - [MESSAGE][PASSED] - Delayed 5 second(s)

2019-11-21 19:00:33 - [TEST_STEP][PASSED] - imagePath = UtilityMethods.createScreenshotImagePath(storeType, styleid_data): null

2019-11-21 19:00:33 - [TEST_STEP][PASSED] - println(imagePath): null

2019-11-21 19:00:33 - [TEST_STEP][PASSED] - takeScreenshot(imagePath): Taking screenshot successfully

2019-11-21 19:00:34 - [MESSAGE][PASSED] - Taking screenshot successfully
[[ATTACHMENT|C:\\Users\\user\\Documents\\testautomation\\KatalonProjects\\productImages\\BOPersonal_5732 image.png]]

2019-11-21 19:00:34 - [TEST_STEP][PASSED] - verifyElementText(findTestObject("Page_cabi Order Items/GetAttribute_getID"), styleid_data, CONTINUE_ON_FAILURE): Actual text and expected text of test object 'Object Repository/Page_cabi Order Items/GetAttribute_getID' are matched.

2019-11-21 19:00:34 - [MESSAGE][PASSED] - Actual text and expected text of test object 'Object Repository/Page_cabi Order Items/GetAttribute_getID' are matched.

2019-11-21 19:00:34 - [TEST_STEP][PASSED] - colorOptions = findWebElements(findTestObject("Page_cabi Order Items/GetAttribute_Color"), 5): null

2019-11-21 19:00:34 - [TEST_STEP][PASSED] - println(colorOptions.size()): null

2019-11-21 19:00:34 - [TEST_STEP][PASSED] - expectedColour = findTestData("productData").getValue("Color", row): null

2019-11-21 19:00:34 - [TEST_STEP][PASSED] - println("expected colour is"): null

2019-11-21 19:00:34 - [TEST_STEP][PASSED] - println(expectedColour): null

2019-11-21 19:00:34 - [TEST_STEP][PASSED] - colourVerified = false: null

2019-11-21 19:00:34 - [TEST_STEP][PASSED] - for (org.openqa.selenium.WebElement op : colorOptions): null

2019-11-21 19:00:34 - [TEST_STEP][PASSED] - println(op.getText()): null

2019-11-21 19:00:34 - [TEST_STEP][PASSED] - if (expectedColour.equalsIgnoreCase(op.getText())): null

2019-11-21 19:00:34 - [TEST_STEP][PASSED] - colourVerified = true: null

2019-11-21 19:00:34 - [TEST_STEP][PASSED] - break: null

2019-11-21 19:00:34 - [TEST_STEP][PASSED] - sa.assertTrue(colourVerified): null

2019-11-21 19:00:34 - [TEST_STEP][PASSED] - getPrice = getText(findTestObject("Page_cabi Order Items/GetAttribute_Price")): Text of object 'Object Repository/Page_cabi Order Items/GetAttribute_Price' is: 'Price : £62.00'

2019-11-21 19:00:34 - [MESSAGE][PASSED] - Text of object 'Object Repository/Page_cabi Order Items/GetAttribute_Price' is: 'Price : £62.00'

2019-11-21 19:00:34 - [TEST_STEP][PASSED] - Split_Data = UtilityMethods.SplitData(getPrice): null

2019-11-21 19:00:34 - [TEST_STEP][PASSED] - verifyMatch(Split_Data, findTestData("productData").getValue("Retail", row), true, CONTINUE_ON_FAILURE): Actual text '62' and expected text '62' are matched  using regular expression

2019-11-21 19:00:34 - [MESSAGE][PASSED] - Actual text '62' and expected text '62' are matched  using regular expression

2019-11-21 19:00:34 - [TEST_STEP][PASSED] - sizeRange1 = ["XXS", "XS", "S", "M", "L", "XL", "XXL"]: null

2019-11-21 19:00:34 - [TEST_STEP][PASSED] - sizeRange2 = ["00", "0", "2", "4", "6", "8", "10", "12", "14", "16"]: null

2019-11-21 19:00:34 - [TEST_STEP][PASSED] - sizeRange3 = ["Long", "Regular", "Short"]: null

2019-11-21 19:00:34 - [TEST_STEP][PASSED] - sizeRange4 = ["5", "6", "6.5", "7", "7.5", "8", "8.5", "9", "9.5", "10", "11"]: null

2019-11-21 19:00:34 - [TEST_STEP][PASSED] - sizeRange5 = ["XS/S", "M/L"]: null

2019-11-21 19:00:34 - [TEST_STEP][PASSED] - sizeRange6 = ["One Size"]: null

2019-11-21 19:00:34 - [TEST_STEP][PASSED] - sizeRangeSplit = UtilityMethods.SplitSizes(findTestData("productData").getValue("SzRange", row)): null

2019-11-21 19:00:34 - [TEST_STEP][PASSED] - sizeType = getText(findTestObject("Object Repository/Page_cabi Order Items/Size")): Text of object 'Object Repository/Page_cabi Order Items/Size' is: 'Select'

2019-11-21 19:00:35 - [MESSAGE][PASSED] - Text of object 'Object Repository/Page_cabi Order Items/Size' is: 'Select'

2019-11-21 19:00:35 - [TEST_STEP][PASSED] - sizeOptions = findWebElements(findTestObject("Object Repository/Page_cabi Order Items/Size"), 5): null

2019-11-21 19:00:35 - [TEST_STEP][PASSED] - actualRange = new java.util.ArrayList(): null

2019-11-21 19:00:35 - [TEST_STEP][PASSED] - expectedRange = <not implemented yet for class: org.codehaus.groovy.ast.expr.EmptyExpression>: null

2019-11-21 19:00:35 - [TEST_STEP][PASSED] - if (sizeType.equalsIgnoreCase("Select")): null

2019-11-21 19:00:35 - [TEST_STEP][PASSED] - for ([i = 1, i < sizeOptions.size(), (i++)]): null

2019-11-21 19:00:35 - [TEST_STEP][PASSED] - actualRange.add(getAttribute("value").toString()): null

2019-11-21 19:00:35 - [TEST_STEP][PASSED] - actualRange.add(getAttribute("value").toString()): null

2019-11-21 19:00:35 - [TEST_STEP][PASSED] - actualRange.add(getAttribute("value").toString()): null

2019-11-21 19:00:35 - [TEST_STEP][PASSED] - actualRange.add(getAttribute("value").toString()): null

2019-11-21 19:00:35 - [TEST_STEP][PASSED] - actualRange.add(getAttribute("value").toString()): null

2019-11-21 19:00:35 - [TEST_STEP][PASSED] - if (toString().equalsIgnoreCase("XS") || toString().equalsIgnoreCase("XXS")): null

2019-11-21 19:00:35 - [TEST_STEP][PASSED] - expectedRange = UtilityMethods.getExpectedRange(sizeRange1, sizeRangeSplit): null

2019-11-21 19:00:35 - [TEST_STEP][PASSED] - println("XS"): null

2019-11-21 19:00:35 - [TEST_STEP][PASSED] - println(expectedRange.toString()): null

2019-11-21 19:00:35 - [TEST_STEP][PASSED] - sa.assertTrue(UtilityMethods.listEquals(expectedRange, actualRange)): null

2019-11-21 19:00:35 - [TEST_STEP][PASSED] - delay(2): Delayed 2 second(s)

2019-11-21 19:00:37 - [MESSAGE][PASSED] - Delayed 2 second(s)

2019-11-21 19:00:37 - [TEST_STEP][PASSED] - verifyElementText(findTestObject("Page_cabi Order Items/product_title"), findTestData("productData").getValue("Description", row), CONTINUE_ON_FAILURE): Actual text and expected text of test object 'Object Repository/Page_cabi Order Items/product_title' are matched.

2019-11-21 19:00:37 - [MESSAGE][PASSED] - Actual text and expected text of test object 'Object Repository/Page_cabi Order Items/product_title' are matched.

2019-11-21 19:00:37 - [TEST_STEP][PASSED] - finalContent = findTestData("productData").getValue("FinalContent", row): null

2019-11-21 19:00:37 - [TEST_STEP][PASSED] - if (finalContent.equalsIgnoreCase("")): null

2019-11-21 19:00:37 - [TEST_STEP][PASSED] - else: Actual text and expected text of test object 'Object Repository/Page_cabi Order Items/product_fabric' are matched.

2019-11-21 19:00:37 - [TEST_STEP][PASSED] - verifyElementText(findTestObject("Page_cabi Order Items/product_fabric"), finalContent, CONTINUE_ON_FAILURE): Actual text and expected text of test object 'Object Repository/Page_cabi Order Items/product_fabric' are matched.

2019-11-21 19:00:37 - [MESSAGE][PASSED] - Actual text and expected text of test object 'Object Repository/Page_cabi Order Items/product_fabric' are matched.

2019-11-21 19:00:37 - [TEST_STEP][PASSED] - expectedCasreIntrn = findTestData("productData").getValue("CareInstr", row): null

2019-11-21 19:00:37 - [TEST_STEP][PASSED] - if (expectedCasreIntrn.equalsIgnoreCase("")): null

2019-11-21 19:00:37 - [TEST_STEP][PASSED] - actualCI = findWebElements(findTestObject("Page_cabi Order Items/care_instruction"), 5): null

2019-11-21 19:00:37 - [TEST_STEP][PASSED] - sa.assertTrue(actualCI.size() == 0): null

2019-11-21 19:00:37 - [TEST_STEP][PASSED] - delay(5): Delayed 5 second(s)

2019-11-21 19:00:42 - [MESSAGE][PASSED] - Delayed 5 second(s)

2019-11-21 19:00:42 - [TEST_STEP][PASSED] - sa = new org.testng.asserts.SoftAssert(): null

2019-11-21 19:00:42 - [TEST_STEP][PASSED] - styleid_data = findTestData("productData").getValue("Style", row): null

2019-11-21 19:00:42 - [TEST_STEP][PASSED] - println(styleid_data): null

2019-11-21 19:00:42 - [TEST_STEP][PASSED] - by = By.xpath("//input[@name='style']"): null

2019-11-21 19:00:42 - [TEST_STEP][PASSED] - styleWe = UtilityMethods.getElementByLocator(by, driver): null

2019-11-21 19:00:42 - [TEST_STEP][PASSED] - to = UtilityMethods.fromElement(styleWe): null

2019-11-21 19:00:42 - [TEST_STEP][PASSED] - println("******************+++++++++++++++++++**********************************************"): null

2019-11-21 19:00:42 - [TEST_STEP][PASSED] - setText(to, styleid_data): Text '5733' is set on object ''

2019-11-21 19:00:43 - [MESSAGE][PASSED] - Text '5733' is set on object ''

2019-11-21 19:00:43 - [TEST_STEP][PASSED] - sendKeys(to, Keys.chord(ENTER)): Keys 'ENTER + ' sent to object: ''

2019-11-21 19:00:43 - [MESSAGE][PASSED] - Keys 'ENTER + ' sent to object: ''

2019-11-21 19:00:43 - [TEST_STEP][PASSED] - delay(2): Delayed 2 second(s)

2019-11-21 19:00:45 - [MESSAGE][PASSED] - Delayed 2 second(s)

2019-11-21 19:00:45 - [TEST_STEP][PASSED] - if (toString().equalsIgnoreCase("no")): null

2019-11-21 19:00:45 - [TEST_STEP][PASSED] - else: null

2019-11-21 19:00:45 - [TEST_STEP][PASSED] - click(findTestObject("Page_cabi Order Items/li_order_item")): Object: 'Object Repository/Page_cabi Order Items/li_order_item' is clicked on

2019-11-21 19:00:51 - [MESSAGE][PASSED] - Object: 'Object Repository/Page_cabi Order Items/li_order_item' is clicked on

2019-11-21 19:00:51 - [TEST_STEP][PASSED] - delay(5): Delayed 5 second(s)

2019-11-21 19:00:56 - [MESSAGE][PASSED] - Delayed 5 second(s)

2019-11-21 19:00:56 - [TEST_STEP][PASSED] - imagePath = UtilityMethods.createScreenshotImagePath(storeType, styleid_data): null

2019-11-21 19:00:56 - [TEST_STEP][PASSED] - println(imagePath): null

2019-11-21 19:00:56 - [TEST_STEP][PASSED] - takeScreenshot(imagePath): Taking screenshot successfully

2019-11-21 19:00:57 - [MESSAGE][PASSED] - Taking screenshot successfully
[[ATTACHMENT|C:\\Users\\user\\Documents\\testautomation\\KatalonProjects\\productImages\\BOPersonal_5733 image.png]]

2019-11-21 19:00:57 - [TEST_STEP][PASSED] - verifyElementText(findTestObject("Page_cabi Order Items/GetAttribute_getID"), styleid_data, CONTINUE_ON_FAILURE): Actual text and expected text of test object 'Object Repository/Page_cabi Order Items/GetAttribute_getID' are matched.

2019-11-21 19:00:57 - [MESSAGE][PASSED] - Actual text and expected text of test object 'Object Repository/Page_cabi Order Items/GetAttribute_getID' are matched.

2019-11-21 19:00:57 - [TEST_STEP][PASSED] - colorOptions = findWebElements(findTestObject("Page_cabi Order Items/GetAttribute_Color"), 5): null

2019-11-21 19:00:57 - [TEST_STEP][PASSED] - println(colorOptions.size()): null

2019-11-21 19:00:57 - [TEST_STEP][PASSED] - expectedColour = findTestData("productData").getValue("Color", row): null

2019-11-21 19:00:57 - [TEST_STEP][PASSED] - println("expected colour is"): null

2019-11-21 19:00:57 - [TEST_STEP][PASSED] - println(expectedColour): null

2019-11-21 19:00:57 - [TEST_STEP][PASSED] - colourVerified = false: null

2019-11-21 19:00:57 - [TEST_STEP][PASSED] - for (org.openqa.selenium.WebElement op : colorOptions): null

2019-11-21 19:00:57 - [TEST_STEP][PASSED] - println(op.getText()): null

2019-11-21 19:00:57 - [TEST_STEP][PASSED] - if (expectedColour.equalsIgnoreCase(op.getText())): null

2019-11-21 19:00:57 - [TEST_STEP][PASSED] - colourVerified = true: null

2019-11-21 19:00:57 - [TEST_STEP][PASSED] - break: null

2019-11-21 19:00:57 - [TEST_STEP][PASSED] - sa.assertTrue(colourVerified): null

2019-11-21 19:00:57 - [TEST_STEP][PASSED] - getPrice = getText(findTestObject("Page_cabi Order Items/GetAttribute_Price")): Text of object 'Object Repository/Page_cabi Order Items/GetAttribute_Price' is: 'Price : £62.00'

2019-11-21 19:00:57 - [MESSAGE][PASSED] - Text of object 'Object Repository/Page_cabi Order Items/GetAttribute_Price' is: 'Price : £62.00'

2019-11-21 19:00:57 - [TEST_STEP][PASSED] - Split_Data = UtilityMethods.SplitData(getPrice): null

2019-11-21 19:00:58 - [TEST_STEP][PASSED] - verifyMatch(Split_Data, findTestData("productData").getValue("Retail", row), true, CONTINUE_ON_FAILURE): Actual text '62' and expected text '62' are matched  using regular expression

2019-11-21 19:00:58 - [MESSAGE][PASSED] - Actual text '62' and expected text '62' are matched  using regular expression

2019-11-21 19:00:58 - [TEST_STEP][PASSED] - sizeRange1 = ["XXS", "XS", "S", "M", "L", "XL", "XXL"]: null

2019-11-21 19:00:58 - [TEST_STEP][PASSED] - sizeRange2 = ["00", "0", "2", "4", "6", "8", "10", "12", "14", "16"]: null

2019-11-21 19:00:58 - [TEST_STEP][PASSED] - sizeRange3 = ["Long", "Regular", "Short"]: null

2019-11-21 19:00:58 - [TEST_STEP][PASSED] - sizeRange4 = ["5", "6", "6.5", "7", "7.5", "8", "8.5", "9", "9.5", "10", "11"]: null

2019-11-21 19:00:58 - [TEST_STEP][PASSED] - sizeRange5 = ["XS/S", "M/L"]: null

2019-11-21 19:00:58 - [TEST_STEP][PASSED] - sizeRange6 = ["One Size"]: null

2019-11-21 19:00:58 - [TEST_STEP][PASSED] - sizeRangeSplit = UtilityMethods.SplitSizes(findTestData("productData").getValue("SzRange", row)): null

2019-11-21 19:00:58 - [TEST_STEP][PASSED] - sizeType = getText(findTestObject("Object Repository/Page_cabi Order Items/Size")): Text of object 'Object Repository/Page_cabi Order Items/Size' is: 'Select'

2019-11-21 19:00:58 - [MESSAGE][PASSED] - Text of object 'Object Repository/Page_cabi Order Items/Size' is: 'Select'

2019-11-21 19:00:58 - [TEST_STEP][PASSED] - sizeOptions = findWebElements(findTestObject("Object Repository/Page_cabi Order Items/Size"), 5): null

2019-11-21 19:00:58 - [TEST_STEP][PASSED] - actualRange = new java.util.ArrayList(): null

2019-11-21 19:00:58 - [TEST_STEP][PASSED] - expectedRange = <not implemented yet for class: org.codehaus.groovy.ast.expr.EmptyExpression>: null

2019-11-21 19:00:58 - [TEST_STEP][PASSED] - if (sizeType.equalsIgnoreCase("Select")): null

2019-11-21 19:00:58 - [TEST_STEP][PASSED] - for ([i = 1, i < sizeOptions.size(), (i++)]): null

2019-11-21 19:00:58 - [TEST_STEP][PASSED] - actualRange.add(getAttribute("value").toString()): null

2019-11-21 19:00:58 - [TEST_STEP][PASSED] - actualRange.add(getAttribute("value").toString()): null

2019-11-21 19:00:58 - [TEST_STEP][PASSED] - actualRange.add(getAttribute("value").toString()): null

2019-11-21 19:00:58 - [TEST_STEP][PASSED] - actualRange.add(getAttribute("value").toString()): null

2019-11-21 19:00:58 - [TEST_STEP][PASSED] - actualRange.add(getAttribute("value").toString()): null

2019-11-21 19:00:58 - [TEST_STEP][PASSED] - if (toString().equalsIgnoreCase("XS") || toString().equalsIgnoreCase("XXS")): null

2019-11-21 19:00:58 - [TEST_STEP][PASSED] - expectedRange = UtilityMethods.getExpectedRange(sizeRange1, sizeRangeSplit): null

2019-11-21 19:00:58 - [TEST_STEP][PASSED] - println("XS"): null

2019-11-21 19:00:58 - [TEST_STEP][PASSED] - println(expectedRange.toString()): null

2019-11-21 19:00:58 - [TEST_STEP][PASSED] - sa.assertTrue(UtilityMethods.listEquals(expectedRange, actualRange)): null

2019-11-21 19:00:58 - [TEST_STEP][PASSED] - delay(2): Delayed 2 second(s)

2019-11-21 19:01:00 - [MESSAGE][PASSED] - Delayed 2 second(s)

2019-11-21 19:01:00 - [TEST_STEP][PASSED] - verifyElementText(findTestObject("Page_cabi Order Items/product_title"), findTestData("productData").getValue("Description", row), CONTINUE_ON_FAILURE): Actual text and expected text of test object 'Object Repository/Page_cabi Order Items/product_title' are matched.

2019-11-21 19:01:00 - [MESSAGE][PASSED] - Actual text and expected text of test object 'Object Repository/Page_cabi Order Items/product_title' are matched.

2019-11-21 19:01:00 - [TEST_STEP][PASSED] - finalContent = findTestData("productData").getValue("FinalContent", row): null

2019-11-21 19:01:00 - [TEST_STEP][PASSED] - if (finalContent.equalsIgnoreCase("")): null

2019-11-21 19:01:00 - [TEST_STEP][PASSED] - else: Actual text and expected text of test object 'Object Repository/Page_cabi Order Items/product_fabric' are matched.

2019-11-21 19:01:00 - [TEST_STEP][PASSED] - verifyElementText(findTestObject("Page_cabi Order Items/product_fabric"), finalContent, CONTINUE_ON_FAILURE): Actual text and expected text of test object 'Object Repository/Page_cabi Order Items/product_fabric' are matched.

2019-11-21 19:01:00 - [MESSAGE][PASSED] - Actual text and expected text of test object 'Object Repository/Page_cabi Order Items/product_fabric' are matched.

2019-11-21 19:01:00 - [TEST_STEP][PASSED] - expectedCasreIntrn = findTestData("productData").getValue("CareInstr", row): null

2019-11-21 19:01:00 - [TEST_STEP][PASSED] - if (expectedCasreIntrn.equalsIgnoreCase("")): null

2019-11-21 19:01:00 - [TEST_STEP][PASSED] - actualCI = findWebElements(findTestObject("Page_cabi Order Items/care_instruction"), 5): null

2019-11-21 19:01:00 - [TEST_STEP][PASSED] - sa.assertTrue(actualCI.size() == 0): null

2019-11-21 19:01:00 - [TEST_STEP][PASSED] - delay(5): Delayed 5 second(s)

2019-11-21 19:01:05 - [MESSAGE][PASSED] - Delayed 5 second(s)

2019-11-21 19:01:05 - [TEST_STEP][PASSED] - sa = new org.testng.asserts.SoftAssert(): null

2019-11-21 19:01:05 - [TEST_STEP][PASSED] - styleid_data = findTestData("productData").getValue("Style", row): null

2019-11-21 19:01:05 - [TEST_STEP][PASSED] - println(styleid_data): null

2019-11-21 19:01:05 - [TEST_STEP][PASSED] - by = By.xpath("//input[@name='style']"): null

2019-11-21 19:01:05 - [TEST_STEP][PASSED] - styleWe = UtilityMethods.getElementByLocator(by, driver): null

2019-11-21 19:01:06 - [TEST_STEP][PASSED] - to = UtilityMethods.fromElement(styleWe): null

2019-11-21 19:01:06 - [TEST_STEP][PASSED] - println("******************+++++++++++++++++++**********************************************"): null

2019-11-21 19:01:06 - [TEST_STEP][PASSED] - setText(to, styleid_data): Text '5734' is set on object ''

2019-11-21 19:01:06 - [MESSAGE][PASSED] - Text '5734' is set on object ''

2019-11-21 19:01:06 - [TEST_STEP][PASSED] - sendKeys(to, Keys.chord(ENTER)): Keys 'ENTER + ' sent to object: ''

2019-11-21 19:01:06 - [MESSAGE][PASSED] - Keys 'ENTER + ' sent to object: ''

2019-11-21 19:01:06 - [TEST_STEP][PASSED] - delay(2): Delayed 2 second(s)

2019-11-21 19:01:08 - [MESSAGE][PASSED] - Delayed 2 second(s)

2019-11-21 19:01:08 - [TEST_STEP][PASSED] - if (toString().equalsIgnoreCase("no")): null

2019-11-21 19:01:08 - [TEST_STEP][PASSED] - else: null

2019-11-21 19:01:08 - [TEST_STEP][PASSED] - click(findTestObject("Page_cabi Order Items/li_order_item")): Object: 'Object Repository/Page_cabi Order Items/li_order_item' is clicked on

2019-11-21 19:01:13 - [MESSAGE][PASSED] - Object: 'Object Repository/Page_cabi Order Items/li_order_item' is clicked on

2019-11-21 19:01:13 - [TEST_STEP][PASSED] - delay(5): Delayed 5 second(s)

2019-11-21 19:01:18 - [MESSAGE][PASSED] - Delayed 5 second(s)

2019-11-21 19:01:18 - [TEST_STEP][PASSED] - imagePath = UtilityMethods.createScreenshotImagePath(storeType, styleid_data): null

2019-11-21 19:01:18 - [TEST_STEP][PASSED] - println(imagePath): null

2019-11-21 19:01:18 - [TEST_STEP][PASSED] - takeScreenshot(imagePath): Taking screenshot successfully

2019-11-21 19:01:19 - [MESSAGE][PASSED] - Taking screenshot successfully
[[ATTACHMENT|C:\\Users\\user\\Documents\\testautomation\\KatalonProjects\\productImages\\BOPersonal_5734 image.png]]

2019-11-21 19:01:19 - [TEST_STEP][PASSED] - verifyElementText(findTestObject("Page_cabi Order Items/GetAttribute_getID"), styleid_data, CONTINUE_ON_FAILURE): Actual text and expected text of test object 'Object Repository/Page_cabi Order Items/GetAttribute_getID' are matched.

2019-11-21 19:01:19 - [MESSAGE][PASSED] - Actual text and expected text of test object 'Object Repository/Page_cabi Order Items/GetAttribute_getID' are matched.

2019-11-21 19:01:19 - [TEST_STEP][PASSED] - colorOptions = findWebElements(findTestObject("Page_cabi Order Items/GetAttribute_Color"), 5): null

2019-11-21 19:01:19 - [TEST_STEP][PASSED] - println(colorOptions.size()): null

2019-11-21 19:01:19 - [TEST_STEP][PASSED] - expectedColour = findTestData("productData").getValue("Color", row): null

2019-11-21 19:01:19 - [TEST_STEP][PASSED] - println("expected colour is"): null

2019-11-21 19:01:19 - [TEST_STEP][PASSED] - println(expectedColour): null

2019-11-21 19:01:19 - [TEST_STEP][PASSED] - colourVerified = false: null

2019-11-21 19:01:19 - [TEST_STEP][PASSED] - for (org.openqa.selenium.WebElement op : colorOptions): null

2019-11-21 19:01:19 - [TEST_STEP][PASSED] - println(op.getText()): null

2019-11-21 19:01:19 - [TEST_STEP][PASSED] - if (expectedColour.equalsIgnoreCase(op.getText())): null

2019-11-21 19:01:19 - [TEST_STEP][PASSED] - colourVerified = true: null

2019-11-21 19:01:19 - [TEST_STEP][PASSED] - break: null

2019-11-21 19:01:19 - [TEST_STEP][PASSED] - sa.assertTrue(colourVerified): null

2019-11-21 19:01:19 - [TEST_STEP][PASSED] - getPrice = getText(findTestObject("Page_cabi Order Items/GetAttribute_Price")): Text of object 'Object Repository/Page_cabi Order Items/GetAttribute_Price' is: 'Price : £62.00'

2019-11-21 19:01:19 - [MESSAGE][PASSED] - Text of object 'Object Repository/Page_cabi Order Items/GetAttribute_Price' is: 'Price : £62.00'

2019-11-21 19:01:19 - [TEST_STEP][PASSED] - Split_Data = UtilityMethods.SplitData(getPrice): null

2019-11-21 19:01:19 - [TEST_STEP][PASSED] - verifyMatch(Split_Data, findTestData("productData").getValue("Retail", row), true, CONTINUE_ON_FAILURE): Actual text '62' and expected text '62' are matched  using regular expression

2019-11-21 19:01:19 - [MESSAGE][PASSED] - Actual text '62' and expected text '62' are matched  using regular expression

2019-11-21 19:01:19 - [TEST_STEP][PASSED] - sizeRange1 = ["XXS", "XS", "S", "M", "L", "XL", "XXL"]: null

2019-11-21 19:01:19 - [TEST_STEP][PASSED] - sizeRange2 = ["00", "0", "2", "4", "6", "8", "10", "12", "14", "16"]: null

2019-11-21 19:01:19 - [TEST_STEP][PASSED] - sizeRange3 = ["Long", "Regular", "Short"]: null

2019-11-21 19:01:19 - [TEST_STEP][PASSED] - sizeRange4 = ["5", "6", "6.5", "7", "7.5", "8", "8.5", "9", "9.5", "10", "11"]: null

2019-11-21 19:01:19 - [TEST_STEP][PASSED] - sizeRange5 = ["XS/S", "M/L"]: null

2019-11-21 19:01:19 - [TEST_STEP][PASSED] - sizeRange6 = ["One Size"]: null

2019-11-21 19:01:19 - [TEST_STEP][PASSED] - sizeRangeSplit = UtilityMethods.SplitSizes(findTestData("productData").getValue("SzRange", row)): null

2019-11-21 19:01:19 - [TEST_STEP][PASSED] - sizeType = getText(findTestObject("Object Repository/Page_cabi Order Items/Size")): Text of object 'Object Repository/Page_cabi Order Items/Size' is: 'Select'

2019-11-21 19:01:19 - [MESSAGE][PASSED] - Text of object 'Object Repository/Page_cabi Order Items/Size' is: 'Select'

2019-11-21 19:01:20 - [TEST_STEP][PASSED] - sizeOptions = findWebElements(findTestObject("Object Repository/Page_cabi Order Items/Size"), 5): null

2019-11-21 19:01:20 - [TEST_STEP][PASSED] - actualRange = new java.util.ArrayList(): null

2019-11-21 19:01:20 - [TEST_STEP][PASSED] - expectedRange = <not implemented yet for class: org.codehaus.groovy.ast.expr.EmptyExpression>: null

2019-11-21 19:01:20 - [TEST_STEP][PASSED] - if (sizeType.equalsIgnoreCase("Select")): null

2019-11-21 19:01:20 - [TEST_STEP][PASSED] - for ([i = 1, i < sizeOptions.size(), (i++)]): null

2019-11-21 19:01:20 - [TEST_STEP][PASSED] - actualRange.add(getAttribute("value").toString()): null

2019-11-21 19:01:20 - [TEST_STEP][PASSED] - actualRange.add(getAttribute("value").toString()): null

2019-11-21 19:01:20 - [TEST_STEP][PASSED] - actualRange.add(getAttribute("value").toString()): null

2019-11-21 19:01:20 - [TEST_STEP][PASSED] - actualRange.add(getAttribute("value").toString()): null

2019-11-21 19:01:20 - [TEST_STEP][PASSED] - actualRange.add(getAttribute("value").toString()): null

2019-11-21 19:01:20 - [TEST_STEP][PASSED] - if (toString().equalsIgnoreCase("XS") || toString().equalsIgnoreCase("XXS")): null

2019-11-21 19:01:20 - [TEST_STEP][PASSED] - expectedRange = UtilityMethods.getExpectedRange(sizeRange1, sizeRangeSplit): null

2019-11-21 19:01:20 - [TEST_STEP][PASSED] - println("XS"): null

2019-11-21 19:01:20 - [TEST_STEP][PASSED] - println(expectedRange.toString()): null

2019-11-21 19:01:20 - [TEST_STEP][PASSED] - sa.assertTrue(UtilityMethods.listEquals(expectedRange, actualRange)): null

2019-11-21 19:01:20 - [TEST_STEP][PASSED] - delay(2): Delayed 2 second(s)

2019-11-21 19:01:22 - [MESSAGE][PASSED] - Delayed 2 second(s)

2019-11-21 19:01:22 - [TEST_STEP][PASSED] - verifyElementText(findTestObject("Page_cabi Order Items/product_title"), findTestData("productData").getValue("Description", row), CONTINUE_ON_FAILURE): Actual text and expected text of test object 'Object Repository/Page_cabi Order Items/product_title' are matched.

2019-11-21 19:01:22 - [MESSAGE][PASSED] - Actual text and expected text of test object 'Object Repository/Page_cabi Order Items/product_title' are matched.

2019-11-21 19:01:22 - [TEST_STEP][PASSED] - finalContent = findTestData("productData").getValue("FinalContent", row): null

2019-11-21 19:01:22 - [TEST_STEP][PASSED] - if (finalContent.equalsIgnoreCase("")): null

2019-11-21 19:01:22 - [TEST_STEP][PASSED] - else: Actual text and expected text of test object 'Object Repository/Page_cabi Order Items/product_fabric' are matched.

2019-11-21 19:01:22 - [TEST_STEP][PASSED] - verifyElementText(findTestObject("Page_cabi Order Items/product_fabric"), finalContent, CONTINUE_ON_FAILURE): Actual text and expected text of test object 'Object Repository/Page_cabi Order Items/product_fabric' are matched.

2019-11-21 19:01:22 - [MESSAGE][PASSED] - Actual text and expected text of test object 'Object Repository/Page_cabi Order Items/product_fabric' are matched.

2019-11-21 19:01:22 - [TEST_STEP][PASSED] - expectedCasreIntrn = findTestData("productData").getValue("CareInstr", row): null

2019-11-21 19:01:22 - [TEST_STEP][PASSED] - if (expectedCasreIntrn.equalsIgnoreCase("")): null

2019-11-21 19:01:22 - [TEST_STEP][PASSED] - actualCI = findWebElements(findTestObject("Page_cabi Order Items/care_instruction"), 5): null

2019-11-21 19:01:22 - [TEST_STEP][PASSED] - sa.assertTrue(actualCI.size() == 0): null

2019-11-21 19:01:22 - [TEST_STEP][PASSED] - delay(5): Delayed 5 second(s)

2019-11-21 19:01:27 - [MESSAGE][PASSED] - Delayed 5 second(s)

2019-11-21 19:01:27 - [TEST_STEP][PASSED] - sa = new org.testng.asserts.SoftAssert(): null

2019-11-21 19:01:27 - [TEST_STEP][PASSED] - styleid_data = findTestData("productData").getValue("Style", row): null

2019-11-21 19:01:27 - [TEST_STEP][PASSED] - println(styleid_data): null

2019-11-21 19:01:27 - [TEST_STEP][PASSED] - by = By.xpath("//input[@name='style']"): null

2019-11-21 19:01:27 - [TEST_STEP][PASSED] - styleWe = UtilityMethods.getElementByLocator(by, driver): null

2019-11-21 19:01:27 - [TEST_STEP][PASSED] - to = UtilityMethods.fromElement(styleWe): null

2019-11-21 19:01:27 - [TEST_STEP][PASSED] - println("******************+++++++++++++++++++**********************************************"): null

2019-11-21 19:01:27 - [TEST_STEP][PASSED] - setText(to, styleid_data): Text '5735' is set on object ''

2019-11-21 19:01:28 - [MESSAGE][PASSED] - Text '5735' is set on object ''

2019-11-21 19:01:28 - [TEST_STEP][PASSED] - sendKeys(to, Keys.chord(ENTER)): Keys 'ENTER + ' sent to object: ''

2019-11-21 19:01:28 - [MESSAGE][PASSED] - Keys 'ENTER + ' sent to object: ''

2019-11-21 19:01:28 - [TEST_STEP][PASSED] - delay(2): Delayed 2 second(s)

2019-11-21 19:01:30 - [MESSAGE][PASSED] - Delayed 2 second(s)

2019-11-21 19:01:30 - [TEST_STEP][PASSED] - if (toString().equalsIgnoreCase("no")): null

2019-11-21 19:01:30 - [TEST_STEP][PASSED] - else: null

2019-11-21 19:01:30 - [TEST_STEP][PASSED] - click(findTestObject("Page_cabi Order Items/li_order_item")): Object: 'Object Repository/Page_cabi Order Items/li_order_item' is clicked on

2019-11-21 19:01:35 - [MESSAGE][PASSED] - Object: 'Object Repository/Page_cabi Order Items/li_order_item' is clicked on

2019-11-21 19:01:35 - [TEST_STEP][PASSED] - delay(5): Delayed 5 second(s)

2019-11-21 19:01:40 - [MESSAGE][PASSED] - Delayed 5 second(s)

2019-11-21 19:01:40 - [TEST_STEP][PASSED] - imagePath = UtilityMethods.createScreenshotImagePath(storeType, styleid_data): null

2019-11-21 19:01:40 - [TEST_STEP][PASSED] - println(imagePath): null

2019-11-21 19:01:40 - [TEST_STEP][PASSED] - takeScreenshot(imagePath): Taking screenshot successfully

2019-11-21 19:01:41 - [MESSAGE][PASSED] - Taking screenshot successfully
[[ATTACHMENT|C:\\Users\\user\\Documents\\testautomation\\KatalonProjects\\productImages\\BOPersonal_5735 image.png]]

2019-11-21 19:01:41 - [TEST_STEP][PASSED] - verifyElementText(findTestObject("Page_cabi Order Items/GetAttribute_getID"), styleid_data, CONTINUE_ON_FAILURE): Actual text and expected text of test object 'Object Repository/Page_cabi Order Items/GetAttribute_getID' are matched.

2019-11-21 19:01:41 - [MESSAGE][PASSED] - Actual text and expected text of test object 'Object Repository/Page_cabi Order Items/GetAttribute_getID' are matched.

2019-11-21 19:01:41 - [TEST_STEP][PASSED] - colorOptions = findWebElements(findTestObject("Page_cabi Order Items/GetAttribute_Color"), 5): null

2019-11-21 19:01:41 - [TEST_STEP][PASSED] - println(colorOptions.size()): null

2019-11-21 19:01:41 - [TEST_STEP][PASSED] - expectedColour = findTestData("productData").getValue("Color", row): null

2019-11-21 19:01:41 - [TEST_STEP][PASSED] - println("expected colour is"): null

2019-11-21 19:01:41 - [TEST_STEP][PASSED] - println(expectedColour): null

2019-11-21 19:01:41 - [TEST_STEP][PASSED] - colourVerified = false: null

2019-11-21 19:01:41 - [TEST_STEP][PASSED] - for (org.openqa.selenium.WebElement op : colorOptions): null

2019-11-21 19:01:41 - [TEST_STEP][PASSED] - println(op.getText()): null

2019-11-21 19:01:41 - [TEST_STEP][PASSED] - if (expectedColour.equalsIgnoreCase(op.getText())): null

2019-11-21 19:01:41 - [TEST_STEP][PASSED] - colourVerified = true: null

2019-11-21 19:01:41 - [TEST_STEP][PASSED] - break: null

2019-11-21 19:01:41 - [TEST_STEP][PASSED] - sa.assertTrue(colourVerified): null

2019-11-21 19:01:41 - [TEST_STEP][PASSED] - getPrice = getText(findTestObject("Page_cabi Order Items/GetAttribute_Price")): Text of object 'Object Repository/Page_cabi Order Items/GetAttribute_Price' is: 'Price : £62.00'

2019-11-21 19:01:41 - [MESSAGE][PASSED] - Text of object 'Object Repository/Page_cabi Order Items/GetAttribute_Price' is: 'Price : £62.00'

2019-11-21 19:01:41 - [TEST_STEP][PASSED] - Split_Data = UtilityMethods.SplitData(getPrice): null

2019-11-21 19:01:41 - [TEST_STEP][PASSED] - verifyMatch(Split_Data, findTestData("productData").getValue("Retail", row), true, CONTINUE_ON_FAILURE): Actual text '62' and expected text '62' are matched  using regular expression

2019-11-21 19:01:42 - [MESSAGE][PASSED] - Actual text '62' and expected text '62' are matched  using regular expression

2019-11-21 19:01:42 - [TEST_STEP][PASSED] - sizeRange1 = ["XXS", "XS", "S", "M", "L", "XL", "XXL"]: null

2019-11-21 19:01:42 - [TEST_STEP][PASSED] - sizeRange2 = ["00", "0", "2", "4", "6", "8", "10", "12", "14", "16"]: null

2019-11-21 19:01:42 - [TEST_STEP][PASSED] - sizeRange3 = ["Long", "Regular", "Short"]: null

2019-11-21 19:01:42 - [TEST_STEP][PASSED] - sizeRange4 = ["5", "6", "6.5", "7", "7.5", "8", "8.5", "9", "9.5", "10", "11"]: null

2019-11-21 19:01:42 - [TEST_STEP][PASSED] - sizeRange5 = ["XS/S", "M/L"]: null

2019-11-21 19:01:42 - [TEST_STEP][PASSED] - sizeRange6 = ["One Size"]: null

2019-11-21 19:01:42 - [TEST_STEP][PASSED] - sizeRangeSplit = UtilityMethods.SplitSizes(findTestData("productData").getValue("SzRange", row)): null

2019-11-21 19:01:42 - [TEST_STEP][PASSED] - sizeType = getText(findTestObject("Object Repository/Page_cabi Order Items/Size")): Text of object 'Object Repository/Page_cabi Order Items/Size' is: 'Select'

2019-11-21 19:01:42 - [MESSAGE][PASSED] - Text of object 'Object Repository/Page_cabi Order Items/Size' is: 'Select'

2019-11-21 19:01:42 - [TEST_STEP][PASSED] - sizeOptions = findWebElements(findTestObject("Object Repository/Page_cabi Order Items/Size"), 5): null

2019-11-21 19:01:42 - [TEST_STEP][PASSED] - actualRange = new java.util.ArrayList(): null

2019-11-21 19:01:42 - [TEST_STEP][PASSED] - expectedRange = <not implemented yet for class: org.codehaus.groovy.ast.expr.EmptyExpression>: null

2019-11-21 19:01:42 - [TEST_STEP][PASSED] - if (sizeType.equalsIgnoreCase("Select")): null

2019-11-21 19:01:42 - [TEST_STEP][PASSED] - for ([i = 1, i < sizeOptions.size(), (i++)]): null

2019-11-21 19:01:42 - [TEST_STEP][PASSED] - actualRange.add(getAttribute("value").toString()): null

2019-11-21 19:01:42 - [TEST_STEP][PASSED] - actualRange.add(getAttribute("value").toString()): null

2019-11-21 19:01:42 - [TEST_STEP][PASSED] - actualRange.add(getAttribute("value").toString()): null

2019-11-21 19:01:42 - [TEST_STEP][PASSED] - actualRange.add(getAttribute("value").toString()): null

2019-11-21 19:01:42 - [TEST_STEP][PASSED] - actualRange.add(getAttribute("value").toString()): null

2019-11-21 19:01:42 - [TEST_STEP][PASSED] - if (toString().equalsIgnoreCase("XS") || toString().equalsIgnoreCase("XXS")): null

2019-11-21 19:01:42 - [TEST_STEP][PASSED] - expectedRange = UtilityMethods.getExpectedRange(sizeRange1, sizeRangeSplit): null

2019-11-21 19:01:42 - [TEST_STEP][PASSED] - println("XS"): null

2019-11-21 19:01:42 - [TEST_STEP][PASSED] - println(expectedRange.toString()): null

2019-11-21 19:01:42 - [TEST_STEP][PASSED] - sa.assertTrue(UtilityMethods.listEquals(expectedRange, actualRange)): null

2019-11-21 19:01:42 - [TEST_STEP][PASSED] - delay(2): Delayed 2 second(s)

2019-11-21 19:01:44 - [MESSAGE][PASSED] - Delayed 2 second(s)

2019-11-21 19:01:44 - [TEST_STEP][PASSED] - verifyElementText(findTestObject("Page_cabi Order Items/product_title"), findTestData("productData").getValue("Description", row), CONTINUE_ON_FAILURE): Actual text and expected text of test object 'Object Repository/Page_cabi Order Items/product_title' are matched.

2019-11-21 19:01:44 - [MESSAGE][PASSED] - Actual text and expected text of test object 'Object Repository/Page_cabi Order Items/product_title' are matched.

2019-11-21 19:01:44 - [TEST_STEP][PASSED] - finalContent = findTestData("productData").getValue("FinalContent", row): null

2019-11-21 19:01:44 - [TEST_STEP][PASSED] - if (finalContent.equalsIgnoreCase("")): null

2019-11-21 19:01:44 - [TEST_STEP][PASSED] - else: Actual text and expected text of test object 'Object Repository/Page_cabi Order Items/product_fabric' are matched.

2019-11-21 19:01:44 - [TEST_STEP][PASSED] - verifyElementText(findTestObject("Page_cabi Order Items/product_fabric"), finalContent, CONTINUE_ON_FAILURE): Actual text and expected text of test object 'Object Repository/Page_cabi Order Items/product_fabric' are matched.

2019-11-21 19:01:44 - [MESSAGE][PASSED] - Actual text and expected text of test object 'Object Repository/Page_cabi Order Items/product_fabric' are matched.

2019-11-21 19:01:44 - [TEST_STEP][PASSED] - expectedCasreIntrn = findTestData("productData").getValue("CareInstr", row): null

2019-11-21 19:01:44 - [TEST_STEP][PASSED] - if (expectedCasreIntrn.equalsIgnoreCase("")): null

2019-11-21 19:01:44 - [TEST_STEP][PASSED] - actualCI = findWebElements(findTestObject("Page_cabi Order Items/care_instruction"), 5): null

2019-11-21 19:01:44 - [TEST_STEP][PASSED] - sa.assertTrue(actualCI.size() == 0): null

2019-11-21 19:01:44 - [TEST_STEP][PASSED] - delay(5): Delayed 5 second(s)

2019-11-21 19:01:49 - [MESSAGE][PASSED] - Delayed 5 second(s)

2019-11-21 19:01:49 - [TEST_STEP][PASSED] - sa = new org.testng.asserts.SoftAssert(): null

2019-11-21 19:01:49 - [TEST_STEP][PASSED] - styleid_data = findTestData("productData").getValue("Style", row): null

2019-11-21 19:01:49 - [TEST_STEP][PASSED] - println(styleid_data): null

2019-11-21 19:01:49 - [TEST_STEP][PASSED] - by = By.xpath("//input[@name='style']"): null

2019-11-21 19:01:49 - [TEST_STEP][PASSED] - styleWe = UtilityMethods.getElementByLocator(by, driver): null

2019-11-21 19:01:49 - [TEST_STEP][PASSED] - to = UtilityMethods.fromElement(styleWe): null

2019-11-21 19:01:49 - [TEST_STEP][PASSED] - println("******************+++++++++++++++++++**********************************************"): null

2019-11-21 19:01:49 - [TEST_STEP][PASSED] - setText(to, styleid_data): Text '5736' is set on object ''

2019-11-21 19:01:50 - [MESSAGE][PASSED] - Text '5736' is set on object ''

2019-11-21 19:01:50 - [TEST_STEP][PASSED] - sendKeys(to, Keys.chord(ENTER)): Keys 'ENTER + ' sent to object: ''

2019-11-21 19:01:50 - [MESSAGE][PASSED] - Keys 'ENTER + ' sent to object: ''

2019-11-21 19:01:50 - [TEST_STEP][PASSED] - delay(2): Delayed 2 second(s)

2019-11-21 19:01:52 - [MESSAGE][PASSED] - Delayed 2 second(s)

2019-11-21 19:01:52 - [TEST_STEP][PASSED] - if (toString().equalsIgnoreCase("no")): null

2019-11-21 19:01:52 - [TEST_STEP][PASSED] - else: null

2019-11-21 19:01:52 - [TEST_STEP][PASSED] - click(findTestObject("Page_cabi Order Items/li_order_item")): Object: 'Object Repository/Page_cabi Order Items/li_order_item' is clicked on

2019-11-21 19:01:57 - [MESSAGE][PASSED] - Object: 'Object Repository/Page_cabi Order Items/li_order_item' is clicked on

2019-11-21 19:01:57 - [TEST_STEP][PASSED] - delay(5): Delayed 5 second(s)

2019-11-21 19:02:02 - [MESSAGE][PASSED] - Delayed 5 second(s)

2019-11-21 19:02:02 - [TEST_STEP][PASSED] - imagePath = UtilityMethods.createScreenshotImagePath(storeType, styleid_data): null

2019-11-21 19:02:02 - [TEST_STEP][PASSED] - println(imagePath): null

2019-11-21 19:02:02 - [TEST_STEP][PASSED] - takeScreenshot(imagePath): Taking screenshot successfully

2019-11-21 19:02:03 - [MESSAGE][PASSED] - Taking screenshot successfully
[[ATTACHMENT|C:\\Users\\user\\Documents\\testautomation\\KatalonProjects\\productImages\\BOPersonal_5736 image.png]]

2019-11-21 19:02:03 - [TEST_STEP][PASSED] - verifyElementText(findTestObject("Page_cabi Order Items/GetAttribute_getID"), styleid_data, CONTINUE_ON_FAILURE): Actual text and expected text of test object 'Object Repository/Page_cabi Order Items/GetAttribute_getID' are matched.

2019-11-21 19:02:03 - [MESSAGE][PASSED] - Actual text and expected text of test object 'Object Repository/Page_cabi Order Items/GetAttribute_getID' are matched.

2019-11-21 19:02:03 - [TEST_STEP][PASSED] - colorOptions = findWebElements(findTestObject("Page_cabi Order Items/GetAttribute_Color"), 5): null

2019-11-21 19:02:03 - [TEST_STEP][PASSED] - println(colorOptions.size()): null

2019-11-21 19:02:03 - [TEST_STEP][PASSED] - expectedColour = findTestData("productData").getValue("Color", row): null

2019-11-21 19:02:03 - [TEST_STEP][PASSED] - println("expected colour is"): null

2019-11-21 19:02:03 - [TEST_STEP][PASSED] - println(expectedColour): null

2019-11-21 19:02:03 - [TEST_STEP][PASSED] - colourVerified = false: null

2019-11-21 19:02:03 - [TEST_STEP][PASSED] - for (org.openqa.selenium.WebElement op : colorOptions): null

2019-11-21 19:02:03 - [TEST_STEP][PASSED] - println(op.getText()): null

2019-11-21 19:02:03 - [TEST_STEP][PASSED] - if (expectedColour.equalsIgnoreCase(op.getText())): null

2019-11-21 19:02:03 - [TEST_STEP][PASSED] - colourVerified = true: null

2019-11-21 19:02:03 - [TEST_STEP][PASSED] - break: null

2019-11-21 19:02:03 - [TEST_STEP][PASSED] - sa.assertTrue(colourVerified): null

2019-11-21 19:02:03 - [TEST_STEP][PASSED] - getPrice = getText(findTestObject("Page_cabi Order Items/GetAttribute_Price")): Text of object 'Object Repository/Page_cabi Order Items/GetAttribute_Price' is: 'Price : £62.00'

2019-11-21 19:02:04 - [MESSAGE][PASSED] - Text of object 'Object Repository/Page_cabi Order Items/GetAttribute_Price' is: 'Price : £62.00'

2019-11-21 19:02:04 - [TEST_STEP][PASSED] - Split_Data = UtilityMethods.SplitData(getPrice): null

2019-11-21 19:02:04 - [TEST_STEP][PASSED] - verifyMatch(Split_Data, findTestData("productData").getValue("Retail", row), true, CONTINUE_ON_FAILURE): Actual text '62' and expected text '62' are matched  using regular expression

2019-11-21 19:02:04 - [MESSAGE][PASSED] - Actual text '62' and expected text '62' are matched  using regular expression

2019-11-21 19:02:04 - [TEST_STEP][PASSED] - sizeRange1 = ["XXS", "XS", "S", "M", "L", "XL", "XXL"]: null

2019-11-21 19:02:04 - [TEST_STEP][PASSED] - sizeRange2 = ["00", "0", "2", "4", "6", "8", "10", "12", "14", "16"]: null

2019-11-21 19:02:04 - [TEST_STEP][PASSED] - sizeRange3 = ["Long", "Regular", "Short"]: null

2019-11-21 19:02:04 - [TEST_STEP][PASSED] - sizeRange4 = ["5", "6", "6.5", "7", "7.5", "8", "8.5", "9", "9.5", "10", "11"]: null

2019-11-21 19:02:04 - [TEST_STEP][PASSED] - sizeRange5 = ["XS/S", "M/L"]: null

2019-11-21 19:02:04 - [TEST_STEP][PASSED] - sizeRange6 = ["One Size"]: null

2019-11-21 19:02:04 - [TEST_STEP][PASSED] - sizeRangeSplit = UtilityMethods.SplitSizes(findTestData("productData").getValue("SzRange", row)): null

2019-11-21 19:02:04 - [TEST_STEP][PASSED] - sizeType = getText(findTestObject("Object Repository/Page_cabi Order Items/Size")): Text of object 'Object Repository/Page_cabi Order Items/Size' is: 'Select'

2019-11-21 19:02:04 - [MESSAGE][PASSED] - Text of object 'Object Repository/Page_cabi Order Items/Size' is: 'Select'

2019-11-21 19:02:04 - [TEST_STEP][PASSED] - sizeOptions = findWebElements(findTestObject("Object Repository/Page_cabi Order Items/Size"), 5): null

2019-11-21 19:02:04 - [TEST_STEP][PASSED] - actualRange = new java.util.ArrayList(): null

2019-11-21 19:02:04 - [TEST_STEP][PASSED] - expectedRange = <not implemented yet for class: org.codehaus.groovy.ast.expr.EmptyExpression>: null

2019-11-21 19:02:04 - [TEST_STEP][PASSED] - if (sizeType.equalsIgnoreCase("Select")): null

2019-11-21 19:02:04 - [TEST_STEP][PASSED] - for ([i = 1, i < sizeOptions.size(), (i++)]): null

2019-11-21 19:02:04 - [TEST_STEP][PASSED] - actualRange.add(getAttribute("value").toString()): null

2019-11-21 19:02:04 - [TEST_STEP][PASSED] - actualRange.add(getAttribute("value").toString()): null

2019-11-21 19:02:04 - [TEST_STEP][PASSED] - actualRange.add(getAttribute("value").toString()): null

2019-11-21 19:02:04 - [TEST_STEP][PASSED] - actualRange.add(getAttribute("value").toString()): null

2019-11-21 19:02:04 - [TEST_STEP][PASSED] - actualRange.add(getAttribute("value").toString()): null

2019-11-21 19:02:04 - [TEST_STEP][PASSED] - if (toString().equalsIgnoreCase("XS") || toString().equalsIgnoreCase("XXS")): null

2019-11-21 19:02:04 - [TEST_STEP][PASSED] - expectedRange = UtilityMethods.getExpectedRange(sizeRange1, sizeRangeSplit): null

2019-11-21 19:02:04 - [TEST_STEP][PASSED] - println("XS"): null

2019-11-21 19:02:04 - [TEST_STEP][PASSED] - println(expectedRange.toString()): null

2019-11-21 19:02:04 - [TEST_STEP][PASSED] - sa.assertTrue(UtilityMethods.listEquals(expectedRange, actualRange)): null

2019-11-21 19:02:04 - [TEST_STEP][PASSED] - delay(2): Delayed 2 second(s)

2019-11-21 19:02:06 - [MESSAGE][PASSED] - Delayed 2 second(s)

2019-11-21 19:02:06 - [TEST_STEP][PASSED] - verifyElementText(findTestObject("Page_cabi Order Items/product_title"), findTestData("productData").getValue("Description", row), CONTINUE_ON_FAILURE): Actual text and expected text of test object 'Object Repository/Page_cabi Order Items/product_title' are matched.

2019-11-21 19:02:06 - [MESSAGE][PASSED] - Actual text and expected text of test object 'Object Repository/Page_cabi Order Items/product_title' are matched.

2019-11-21 19:02:06 - [TEST_STEP][PASSED] - finalContent = findTestData("productData").getValue("FinalContent", row): null

2019-11-21 19:02:06 - [TEST_STEP][PASSED] - if (finalContent.equalsIgnoreCase("")): null

2019-11-21 19:02:06 - [TEST_STEP][PASSED] - else: Actual text and expected text of test object 'Object Repository/Page_cabi Order Items/product_fabric' are matched.

2019-11-21 19:02:06 - [TEST_STEP][PASSED] - verifyElementText(findTestObject("Page_cabi Order Items/product_fabric"), finalContent, CONTINUE_ON_FAILURE): Actual text and expected text of test object 'Object Repository/Page_cabi Order Items/product_fabric' are matched.

2019-11-21 19:02:06 - [MESSAGE][PASSED] - Actual text and expected text of test object 'Object Repository/Page_cabi Order Items/product_fabric' are matched.

2019-11-21 19:02:06 - [TEST_STEP][PASSED] - expectedCasreIntrn = findTestData("productData").getValue("CareInstr", row): null

2019-11-21 19:02:06 - [TEST_STEP][PASSED] - if (expectedCasreIntrn.equalsIgnoreCase("")): null

2019-11-21 19:02:06 - [TEST_STEP][PASSED] - actualCI = findWebElements(findTestObject("Page_cabi Order Items/care_instruction"), 5): null

2019-11-21 19:02:06 - [TEST_STEP][PASSED] - sa.assertTrue(actualCI.size() == 0): null

2019-11-21 19:02:06 - [TEST_STEP][PASSED] - delay(5): Delayed 5 second(s)

2019-11-21 19:02:11 - [MESSAGE][PASSED] - Delayed 5 second(s)

2019-11-21 19:02:11 - [TEST_STEP][PASSED] - sa = new org.testng.asserts.SoftAssert(): null

2019-11-21 19:02:11 - [TEST_STEP][PASSED] - styleid_data = findTestData("productData").getValue("Style", row): null

2019-11-21 19:02:11 - [TEST_STEP][PASSED] - println(styleid_data): null

2019-11-21 19:02:11 - [TEST_STEP][PASSED] - by = By.xpath("//input[@name='style']"): null

2019-11-21 19:02:11 - [TEST_STEP][PASSED] - styleWe = UtilityMethods.getElementByLocator(by, driver): null

2019-11-21 19:02:11 - [TEST_STEP][PASSED] - to = UtilityMethods.fromElement(styleWe): null

2019-11-21 19:02:11 - [TEST_STEP][PASSED] - println("******************+++++++++++++++++++**********************************************"): null

2019-11-21 19:02:11 - [TEST_STEP][PASSED] - setText(to, styleid_data): Text '5737' is set on object ''

2019-11-21 19:02:12 - [MESSAGE][PASSED] - Text '5737' is set on object ''

2019-11-21 19:02:12 - [TEST_STEP][PASSED] - sendKeys(to, Keys.chord(ENTER)): Keys 'ENTER + ' sent to object: ''

2019-11-21 19:02:12 - [MESSAGE][PASSED] - Keys 'ENTER + ' sent to object: ''

2019-11-21 19:02:12 - [TEST_STEP][PASSED] - delay(2): Delayed 2 second(s)

2019-11-21 19:02:14 - [MESSAGE][PASSED] - Delayed 2 second(s)

2019-11-21 19:02:14 - [TEST_STEP][PASSED] - if (toString().equalsIgnoreCase("no")): null

2019-11-21 19:02:14 - [TEST_STEP][PASSED] - else: null

2019-11-21 19:02:14 - [TEST_STEP][PASSED] - click(findTestObject("Page_cabi Order Items/li_order_item")): Object: 'Object Repository/Page_cabi Order Items/li_order_item' is clicked on

2019-11-21 19:02:20 - [MESSAGE][PASSED] - Object: 'Object Repository/Page_cabi Order Items/li_order_item' is clicked on

2019-11-21 19:02:20 - [TEST_STEP][PASSED] - delay(5): Delayed 5 second(s)

2019-11-21 19:02:25 - [MESSAGE][PASSED] - Delayed 5 second(s)

2019-11-21 19:02:25 - [TEST_STEP][PASSED] - imagePath = UtilityMethods.createScreenshotImagePath(storeType, styleid_data): null

2019-11-21 19:02:25 - [TEST_STEP][PASSED] - println(imagePath): null

2019-11-21 19:02:25 - [TEST_STEP][PASSED] - takeScreenshot(imagePath): Taking screenshot successfully

2019-11-21 19:02:26 - [MESSAGE][PASSED] - Taking screenshot successfully
[[ATTACHMENT|C:\\Users\\user\\Documents\\testautomation\\KatalonProjects\\productImages\\BOPersonal_5737 image.png]]

2019-11-21 19:02:26 - [TEST_STEP][PASSED] - verifyElementText(findTestObject("Page_cabi Order Items/GetAttribute_getID"), styleid_data, CONTINUE_ON_FAILURE): Actual text and expected text of test object 'Object Repository/Page_cabi Order Items/GetAttribute_getID' are matched.

2019-11-21 19:02:26 - [MESSAGE][PASSED] - Actual text and expected text of test object 'Object Repository/Page_cabi Order Items/GetAttribute_getID' are matched.

2019-11-21 19:02:26 - [TEST_STEP][PASSED] - colorOptions = findWebElements(findTestObject("Page_cabi Order Items/GetAttribute_Color"), 5): null

2019-11-21 19:02:26 - [TEST_STEP][PASSED] - println(colorOptions.size()): null

2019-11-21 19:02:26 - [TEST_STEP][PASSED] - expectedColour = findTestData("productData").getValue("Color", row): null

2019-11-21 19:02:26 - [TEST_STEP][PASSED] - println("expected colour is"): null

2019-11-21 19:02:26 - [TEST_STEP][PASSED] - println(expectedColour): null

2019-11-21 19:02:26 - [TEST_STEP][PASSED] - colourVerified = false: null

2019-11-21 19:02:26 - [TEST_STEP][PASSED] - for (org.openqa.selenium.WebElement op : colorOptions): null

2019-11-21 19:02:26 - [TEST_STEP][PASSED] - println(op.getText()): null

2019-11-21 19:02:26 - [TEST_STEP][PASSED] - if (expectedColour.equalsIgnoreCase(op.getText())): null

2019-11-21 19:02:26 - [TEST_STEP][PASSED] - colourVerified = true: null

2019-11-21 19:02:26 - [TEST_STEP][PASSED] - break: null

2019-11-21 19:02:26 - [TEST_STEP][PASSED] - sa.assertTrue(colourVerified): null

2019-11-21 19:02:26 - [TEST_STEP][PASSED] - getPrice = getText(findTestObject("Page_cabi Order Items/GetAttribute_Price")): Text of object 'Object Repository/Page_cabi Order Items/GetAttribute_Price' is: 'Price : £62.00'

2019-11-21 19:02:26 - [MESSAGE][PASSED] - Text of object 'Object Repository/Page_cabi Order Items/GetAttribute_Price' is: 'Price : £62.00'

2019-11-21 19:02:26 - [TEST_STEP][PASSED] - Split_Data = UtilityMethods.SplitData(getPrice): null

2019-11-21 19:02:26 - [TEST_STEP][PASSED] - verifyMatch(Split_Data, findTestData("productData").getValue("Retail", row), true, CONTINUE_ON_FAILURE): Actual text '62' and expected text '62' are matched  using regular expression

2019-11-21 19:02:26 - [MESSAGE][PASSED] - Actual text '62' and expected text '62' are matched  using regular expression

2019-11-21 19:02:26 - [TEST_STEP][PASSED] - sizeRange1 = ["XXS", "XS", "S", "M", "L", "XL", "XXL"]: null

2019-11-21 19:02:26 - [TEST_STEP][PASSED] - sizeRange2 = ["00", "0", "2", "4", "6", "8", "10", "12", "14", "16"]: null

2019-11-21 19:02:26 - [TEST_STEP][PASSED] - sizeRange3 = ["Long", "Regular", "Short"]: null

2019-11-21 19:02:26 - [TEST_STEP][PASSED] - sizeRange4 = ["5", "6", "6.5", "7", "7.5", "8", "8.5", "9", "9.5", "10", "11"]: null

2019-11-21 19:02:26 - [TEST_STEP][PASSED] - sizeRange5 = ["XS/S", "M/L"]: null

2019-11-21 19:02:26 - [TEST_STEP][PASSED] - sizeRange6 = ["One Size"]: null

2019-11-21 19:02:26 - [TEST_STEP][PASSED] - sizeRangeSplit = UtilityMethods.SplitSizes(findTestData("productData").getValue("SzRange", row)): null

2019-11-21 19:02:26 - [TEST_STEP][PASSED] - sizeType = getText(findTestObject("Object Repository/Page_cabi Order Items/Size")): Text of object 'Object Repository/Page_cabi Order Items/Size' is: 'Select'

2019-11-21 19:02:26 - [MESSAGE][PASSED] - Text of object 'Object Repository/Page_cabi Order Items/Size' is: 'Select'

2019-11-21 19:02:26 - [TEST_STEP][PASSED] - sizeOptions = findWebElements(findTestObject("Object Repository/Page_cabi Order Items/Size"), 5): null

2019-11-21 19:02:26 - [TEST_STEP][PASSED] - actualRange = new java.util.ArrayList(): null

2019-11-21 19:02:26 - [TEST_STEP][PASSED] - expectedRange = <not implemented yet for class: org.codehaus.groovy.ast.expr.EmptyExpression>: null

2019-11-21 19:02:26 - [TEST_STEP][PASSED] - if (sizeType.equalsIgnoreCase("Select")): null

2019-11-21 19:02:26 - [TEST_STEP][PASSED] - for ([i = 1, i < sizeOptions.size(), (i++)]): null

2019-11-21 19:02:26 - [TEST_STEP][PASSED] - actualRange.add(getAttribute("value").toString()): null

2019-11-21 19:02:26 - [TEST_STEP][PASSED] - actualRange.add(getAttribute("value").toString()): null

2019-11-21 19:02:26 - [TEST_STEP][PASSED] - actualRange.add(getAttribute("value").toString()): null

2019-11-21 19:02:26 - [TEST_STEP][PASSED] - actualRange.add(getAttribute("value").toString()): null

2019-11-21 19:02:26 - [TEST_STEP][PASSED] - actualRange.add(getAttribute("value").toString()): null

2019-11-21 19:02:26 - [TEST_STEP][PASSED] - if (toString().equalsIgnoreCase("XS") || toString().equalsIgnoreCase("XXS")): null

2019-11-21 19:02:26 - [TEST_STEP][PASSED] - expectedRange = UtilityMethods.getExpectedRange(sizeRange1, sizeRangeSplit): null

2019-11-21 19:02:27 - [TEST_STEP][PASSED] - println("XS"): null

2019-11-21 19:02:27 - [TEST_STEP][PASSED] - println(expectedRange.toString()): null

2019-11-21 19:02:27 - [TEST_STEP][PASSED] - sa.assertTrue(UtilityMethods.listEquals(expectedRange, actualRange)): null

2019-11-21 19:02:27 - [TEST_STEP][PASSED] - delay(2): Delayed 2 second(s)

2019-11-21 19:02:29 - [MESSAGE][PASSED] - Delayed 2 second(s)

2019-11-21 19:02:29 - [TEST_STEP][PASSED] - verifyElementText(findTestObject("Page_cabi Order Items/product_title"), findTestData("productData").getValue("Description", row), CONTINUE_ON_FAILURE): Actual text and expected text of test object 'Object Repository/Page_cabi Order Items/product_title' are matched.

2019-11-21 19:02:29 - [MESSAGE][PASSED] - Actual text and expected text of test object 'Object Repository/Page_cabi Order Items/product_title' are matched.

2019-11-21 19:02:29 - [TEST_STEP][PASSED] - finalContent = findTestData("productData").getValue("FinalContent", row): null

2019-11-21 19:02:29 - [TEST_STEP][PASSED] - if (finalContent.equalsIgnoreCase("")): null

2019-11-21 19:02:29 - [TEST_STEP][PASSED] - else: Actual text and expected text of test object 'Object Repository/Page_cabi Order Items/product_fabric' are matched.

2019-11-21 19:02:29 - [TEST_STEP][PASSED] - verifyElementText(findTestObject("Page_cabi Order Items/product_fabric"), finalContent, CONTINUE_ON_FAILURE): Actual text and expected text of test object 'Object Repository/Page_cabi Order Items/product_fabric' are matched.

2019-11-21 19:02:29 - [MESSAGE][PASSED] - Actual text and expected text of test object 'Object Repository/Page_cabi Order Items/product_fabric' are matched.

2019-11-21 19:02:29 - [TEST_STEP][PASSED] - expectedCasreIntrn = findTestData("productData").getValue("CareInstr", row): null

2019-11-21 19:02:29 - [TEST_STEP][PASSED] - if (expectedCasreIntrn.equalsIgnoreCase("")): null

2019-11-21 19:02:29 - [TEST_STEP][PASSED] - actualCI = findWebElements(findTestObject("Page_cabi Order Items/care_instruction"), 5): null

2019-11-21 19:02:29 - [TEST_STEP][PASSED] - sa.assertTrue(actualCI.size() == 0): null

2019-11-21 19:02:29 - [TEST_STEP][PASSED] - delay(5): Delayed 5 second(s)

2019-11-21 19:02:34 - [MESSAGE][PASSED] - Delayed 5 second(s)

2019-11-21 19:02:34 - [TEST_STEP][PASSED] - sa = new org.testng.asserts.SoftAssert(): null

2019-11-21 19:02:34 - [TEST_STEP][PASSED] - styleid_data = findTestData("productData").getValue("Style", row): null

2019-11-21 19:02:34 - [TEST_STEP][PASSED] - println(styleid_data): null

2019-11-21 19:02:34 - [TEST_STEP][PASSED] - by = By.xpath("//input[@name='style']"): null

2019-11-21 19:02:34 - [TEST_STEP][PASSED] - styleWe = UtilityMethods.getElementByLocator(by, driver): null

2019-11-21 19:02:34 - [TEST_STEP][PASSED] - to = UtilityMethods.fromElement(styleWe): null

2019-11-21 19:02:34 - [TEST_STEP][PASSED] - println("******************+++++++++++++++++++**********************************************"): null

2019-11-21 19:02:34 - [TEST_STEP][PASSED] - setText(to, styleid_data): Text '5742' is set on object ''

2019-11-21 19:02:34 - [MESSAGE][PASSED] - Text '5742' is set on object ''

2019-11-21 19:02:34 - [TEST_STEP][PASSED] - sendKeys(to, Keys.chord(ENTER)): Keys 'ENTER + ' sent to object: ''

2019-11-21 19:02:34 - [MESSAGE][PASSED] - Keys 'ENTER + ' sent to object: ''

2019-11-21 19:02:34 - [TEST_STEP][PASSED] - delay(2): Delayed 2 second(s)

2019-11-21 19:02:36 - [MESSAGE][PASSED] - Delayed 2 second(s)

2019-11-21 19:02:36 - [TEST_STEP][PASSED] - if (toString().equalsIgnoreCase("no")): null

2019-11-21 19:02:36 - [TEST_STEP][PASSED] - else: null

2019-11-21 19:02:36 - [TEST_STEP][PASSED] - click(findTestObject("Page_cabi Order Items/li_order_item")): Object: 'Object Repository/Page_cabi Order Items/li_order_item' is clicked on

2019-11-21 19:02:43 - [MESSAGE][PASSED] - Object: 'Object Repository/Page_cabi Order Items/li_order_item' is clicked on

2019-11-21 19:02:43 - [TEST_STEP][PASSED] - delay(5): Delayed 5 second(s)

2019-11-21 19:02:48 - [MESSAGE][PASSED] - Delayed 5 second(s)

2019-11-21 19:02:48 - [TEST_STEP][PASSED] - imagePath = UtilityMethods.createScreenshotImagePath(storeType, styleid_data): null

2019-11-21 19:02:48 - [TEST_STEP][PASSED] - println(imagePath): null

2019-11-21 19:02:48 - [TEST_STEP][PASSED] - takeScreenshot(imagePath): Taking screenshot successfully

2019-11-21 19:02:48 - [MESSAGE][PASSED] - Taking screenshot successfully
[[ATTACHMENT|C:\\Users\\user\\Documents\\testautomation\\KatalonProjects\\productImages\\BOPersonal_5742 image.png]]

2019-11-21 19:02:48 - [TEST_STEP][PASSED] - verifyElementText(findTestObject("Page_cabi Order Items/GetAttribute_getID"), styleid_data, CONTINUE_ON_FAILURE): Actual text and expected text of test object 'Object Repository/Page_cabi Order Items/GetAttribute_getID' are matched.

2019-11-21 19:02:49 - [MESSAGE][PASSED] - Actual text and expected text of test object 'Object Repository/Page_cabi Order Items/GetAttribute_getID' are matched.

2019-11-21 19:02:49 - [TEST_STEP][PASSED] - colorOptions = findWebElements(findTestObject("Page_cabi Order Items/GetAttribute_Color"), 5): null

2019-11-21 19:02:49 - [TEST_STEP][PASSED] - println(colorOptions.size()): null

2019-11-21 19:02:49 - [TEST_STEP][PASSED] - expectedColour = findTestData("productData").getValue("Color", row): null

2019-11-21 19:02:49 - [TEST_STEP][PASSED] - println("expected colour is"): null

2019-11-21 19:02:49 - [TEST_STEP][PASSED] - println(expectedColour): null

2019-11-21 19:02:49 - [TEST_STEP][PASSED] - colourVerified = false: null

2019-11-21 19:02:49 - [TEST_STEP][PASSED] - for (org.openqa.selenium.WebElement op : colorOptions): null

2019-11-21 19:02:49 - [TEST_STEP][PASSED] - println(op.getText()): null

2019-11-21 19:02:49 - [TEST_STEP][PASSED] - if (expectedColour.equalsIgnoreCase(op.getText())): null

2019-11-21 19:02:49 - [TEST_STEP][PASSED] - colourVerified = true: null

2019-11-21 19:02:49 - [TEST_STEP][PASSED] - break: null

2019-11-21 19:02:49 - [TEST_STEP][PASSED] - sa.assertTrue(colourVerified): null

2019-11-21 19:02:49 - [TEST_STEP][PASSED] - getPrice = getText(findTestObject("Page_cabi Order Items/GetAttribute_Price")): Text of object 'Object Repository/Page_cabi Order Items/GetAttribute_Price' is: 'Price : £69.00'

2019-11-21 19:02:49 - [MESSAGE][PASSED] - Text of object 'Object Repository/Page_cabi Order Items/GetAttribute_Price' is: 'Price : £69.00'

2019-11-21 19:02:49 - [TEST_STEP][PASSED] - Split_Data = UtilityMethods.SplitData(getPrice): null

2019-11-21 19:02:49 - [TEST_STEP][PASSED] - verifyMatch(Split_Data, findTestData("productData").getValue("Retail", row), true, CONTINUE_ON_FAILURE): Actual text '69' and expected text '69' are matched  using regular expression

2019-11-21 19:02:49 - [MESSAGE][PASSED] - Actual text '69' and expected text '69' are matched  using regular expression

2019-11-21 19:02:49 - [TEST_STEP][PASSED] - sizeRange1 = ["XXS", "XS", "S", "M", "L", "XL", "XXL"]: null

2019-11-21 19:02:49 - [TEST_STEP][PASSED] - sizeRange2 = ["00", "0", "2", "4", "6", "8", "10", "12", "14", "16"]: null

2019-11-21 19:02:49 - [TEST_STEP][PASSED] - sizeRange3 = ["Long", "Regular", "Short"]: null

2019-11-21 19:02:49 - [TEST_STEP][PASSED] - sizeRange4 = ["5", "6", "6.5", "7", "7.5", "8", "8.5", "9", "9.5", "10", "11"]: null

2019-11-21 19:02:49 - [TEST_STEP][PASSED] - sizeRange5 = ["XS/S", "M/L"]: null

2019-11-21 19:02:49 - [TEST_STEP][PASSED] - sizeRange6 = ["One Size"]: null

2019-11-21 19:02:49 - [TEST_STEP][PASSED] - sizeRangeSplit = UtilityMethods.SplitSizes(findTestData("productData").getValue("SzRange", row)): null

2019-11-21 19:02:49 - [TEST_STEP][PASSED] - sizeType = getText(findTestObject("Object Repository/Page_cabi Order Items/Size")): Text of object 'Object Repository/Page_cabi Order Items/Size' is: 'Select'

2019-11-21 19:02:49 - [MESSAGE][PASSED] - Text of object 'Object Repository/Page_cabi Order Items/Size' is: 'Select'

2019-11-21 19:02:49 - [TEST_STEP][PASSED] - sizeOptions = findWebElements(findTestObject("Object Repository/Page_cabi Order Items/Size"), 5): null

2019-11-21 19:02:49 - [TEST_STEP][PASSED] - actualRange = new java.util.ArrayList(): null

2019-11-21 19:02:49 - [TEST_STEP][PASSED] - expectedRange = <not implemented yet for class: org.codehaus.groovy.ast.expr.EmptyExpression>: null

2019-11-21 19:02:49 - [TEST_STEP][PASSED] - if (sizeType.equalsIgnoreCase("Select")): null

2019-11-21 19:02:49 - [TEST_STEP][PASSED] - for ([i = 1, i < sizeOptions.size(), (i++)]): null

2019-11-21 19:02:49 - [TEST_STEP][PASSED] - actualRange.add(getAttribute("value").toString()): null

2019-11-21 19:02:49 - [TEST_STEP][PASSED] - actualRange.add(getAttribute("value").toString()): null

2019-11-21 19:02:49 - [TEST_STEP][PASSED] - actualRange.add(getAttribute("value").toString()): null

2019-11-21 19:02:49 - [TEST_STEP][PASSED] - actualRange.add(getAttribute("value").toString()): null

2019-11-21 19:02:49 - [TEST_STEP][PASSED] - actualRange.add(getAttribute("value").toString()): null

2019-11-21 19:02:49 - [TEST_STEP][PASSED] - actualRange.add(getAttribute("value").toString()): null

2019-11-21 19:02:49 - [TEST_STEP][PASSED] - if (toString().equalsIgnoreCase("XS") || toString().equalsIgnoreCase("XXS")): null

2019-11-21 19:02:49 - [TEST_STEP][PASSED] - expectedRange = UtilityMethods.getExpectedRange(sizeRange1, sizeRangeSplit): null

2019-11-21 19:02:49 - [TEST_STEP][PASSED] - println("XS"): null

2019-11-21 19:02:49 - [TEST_STEP][PASSED] - println(expectedRange.toString()): null

2019-11-21 19:02:49 - [TEST_STEP][PASSED] - sa.assertTrue(UtilityMethods.listEquals(expectedRange, actualRange)): null

2019-11-21 19:02:49 - [TEST_STEP][PASSED] - delay(2): Delayed 2 second(s)

2019-11-21 19:02:51 - [MESSAGE][PASSED] - Delayed 2 second(s)

2019-11-21 19:02:51 - [TEST_STEP][PASSED] - verifyElementText(findTestObject("Page_cabi Order Items/product_title"), findTestData("productData").getValue("Description", row), CONTINUE_ON_FAILURE): Actual text and expected text of test object 'Object Repository/Page_cabi Order Items/product_title' are matched.

2019-11-21 19:02:51 - [MESSAGE][PASSED] - Actual text and expected text of test object 'Object Repository/Page_cabi Order Items/product_title' are matched.

2019-11-21 19:02:52 - [TEST_STEP][PASSED] - finalContent = findTestData("productData").getValue("FinalContent", row): null

2019-11-21 19:02:52 - [TEST_STEP][PASSED] - if (finalContent.equalsIgnoreCase("")): null

2019-11-21 19:02:52 - [TEST_STEP][PASSED] - else: Actual text and expected text of test object 'Object Repository/Page_cabi Order Items/product_fabric' are matched.

2019-11-21 19:02:52 - [TEST_STEP][PASSED] - verifyElementText(findTestObject("Page_cabi Order Items/product_fabric"), finalContent, CONTINUE_ON_FAILURE): Actual text and expected text of test object 'Object Repository/Page_cabi Order Items/product_fabric' are matched.

2019-11-21 19:02:52 - [MESSAGE][PASSED] - Actual text and expected text of test object 'Object Repository/Page_cabi Order Items/product_fabric' are matched.

2019-11-21 19:02:52 - [TEST_STEP][PASSED] - expectedCasreIntrn = findTestData("productData").getValue("CareInstr", row): null

2019-11-21 19:02:52 - [TEST_STEP][PASSED] - if (expectedCasreIntrn.equalsIgnoreCase("")): null

2019-11-21 19:02:52 - [TEST_STEP][PASSED] - actualCI = findWebElements(findTestObject("Page_cabi Order Items/care_instruction"), 5): null

2019-11-21 19:02:52 - [TEST_STEP][PASSED] - sa.assertTrue(actualCI.size() == 0): null

2019-11-21 19:02:52 - [TEST_STEP][PASSED] - delay(5): Delayed 5 second(s)

2019-11-21 19:02:57 - [MESSAGE][PASSED] - Delayed 5 second(s)

2019-11-21 19:02:57 - [TEST_STEP][PASSED] - sa = new org.testng.asserts.SoftAssert(): null

2019-11-21 19:02:57 - [TEST_STEP][PASSED] - styleid_data = findTestData("productData").getValue("Style", row): null

2019-11-21 19:02:57 - [TEST_STEP][PASSED] - println(styleid_data): null

2019-11-21 19:02:57 - [TEST_STEP][PASSED] - by = By.xpath("//input[@name='style']"): null

2019-11-21 19:02:57 - [TEST_STEP][PASSED] - styleWe = UtilityMethods.getElementByLocator(by, driver): null

2019-11-21 19:02:57 - [TEST_STEP][PASSED] - to = UtilityMethods.fromElement(styleWe): null

2019-11-21 19:02:57 - [TEST_STEP][PASSED] - println("******************+++++++++++++++++++**********************************************"): null

2019-11-21 19:02:57 - [TEST_STEP][PASSED] - setText(to, styleid_data): Text '5744' is set on object ''

2019-11-21 19:02:57 - [MESSAGE][PASSED] - Text '5744' is set on object ''

2019-11-21 19:02:57 - [TEST_STEP][PASSED] - sendKeys(to, Keys.chord(ENTER)): Keys 'ENTER + ' sent to object: ''

2019-11-21 19:02:57 - [MESSAGE][PASSED] - Keys 'ENTER + ' sent to object: ''

2019-11-21 19:02:57 - [TEST_STEP][PASSED] - delay(2): Delayed 2 second(s)

2019-11-21 19:02:59 - [MESSAGE][PASSED] - Delayed 2 second(s)

2019-11-21 19:02:59 - [TEST_STEP][PASSED] - if (toString().equalsIgnoreCase("no")): null

2019-11-21 19:02:59 - [TEST_STEP][PASSED] - else: null

2019-11-21 19:02:59 - [TEST_STEP][PASSED] - click(findTestObject("Page_cabi Order Items/li_order_item")): Object: 'Object Repository/Page_cabi Order Items/li_order_item' is clicked on

2019-11-21 19:03:05 - [MESSAGE][PASSED] - Object: 'Object Repository/Page_cabi Order Items/li_order_item' is clicked on

2019-11-21 19:03:05 - [TEST_STEP][PASSED] - delay(5): Delayed 5 second(s)

2019-11-21 19:03:10 - [MESSAGE][PASSED] - Delayed 5 second(s)

2019-11-21 19:03:10 - [TEST_STEP][PASSED] - imagePath = UtilityMethods.createScreenshotImagePath(storeType, styleid_data): null

2019-11-21 19:03:10 - [TEST_STEP][PASSED] - println(imagePath): null

2019-11-21 19:03:10 - [TEST_STEP][PASSED] - takeScreenshot(imagePath): Taking screenshot successfully

2019-11-21 19:03:11 - [MESSAGE][PASSED] - Taking screenshot successfully
[[ATTACHMENT|C:\\Users\\user\\Documents\\testautomation\\KatalonProjects\\productImages\\BOPersonal_5744 image.png]]

2019-11-21 19:03:11 - [TEST_STEP][PASSED] - verifyElementText(findTestObject("Page_cabi Order Items/GetAttribute_getID"), styleid_data, CONTINUE_ON_FAILURE): Actual text and expected text of test object 'Object Repository/Page_cabi Order Items/GetAttribute_getID' are matched.

2019-11-21 19:03:11 - [MESSAGE][PASSED] - Actual text and expected text of test object 'Object Repository/Page_cabi Order Items/GetAttribute_getID' are matched.

2019-11-21 19:03:11 - [TEST_STEP][PASSED] - colorOptions = findWebElements(findTestObject("Page_cabi Order Items/GetAttribute_Color"), 5): null

2019-11-21 19:03:11 - [TEST_STEP][PASSED] - println(colorOptions.size()): null

2019-11-21 19:03:11 - [TEST_STEP][PASSED] - expectedColour = findTestData("productData").getValue("Color", row): null

2019-11-21 19:03:11 - [TEST_STEP][PASSED] - println("expected colour is"): null

2019-11-21 19:03:11 - [TEST_STEP][PASSED] - println(expectedColour): null

2019-11-21 19:03:11 - [TEST_STEP][PASSED] - colourVerified = false: null

2019-11-21 19:03:11 - [TEST_STEP][PASSED] - for (org.openqa.selenium.WebElement op : colorOptions): null

2019-11-21 19:03:11 - [TEST_STEP][PASSED] - println(op.getText()): null

2019-11-21 19:03:11 - [TEST_STEP][PASSED] - if (expectedColour.equalsIgnoreCase(op.getText())): null

2019-11-21 19:03:11 - [TEST_STEP][PASSED] - colourVerified = true: null

2019-11-21 19:03:11 - [TEST_STEP][PASSED] - break: null

2019-11-21 19:03:11 - [TEST_STEP][PASSED] - sa.assertTrue(colourVerified): null

2019-11-21 19:03:11 - [TEST_STEP][PASSED] - getPrice = getText(findTestObject("Page_cabi Order Items/GetAttribute_Price")): Text of object 'Object Repository/Page_cabi Order Items/GetAttribute_Price' is: 'Price : £62.00'

2019-11-21 19:03:11 - [MESSAGE][PASSED] - Text of object 'Object Repository/Page_cabi Order Items/GetAttribute_Price' is: 'Price : £62.00'

2019-11-21 19:03:11 - [TEST_STEP][PASSED] - Split_Data = UtilityMethods.SplitData(getPrice): null

2019-11-21 19:03:11 - [TEST_STEP][PASSED] - verifyMatch(Split_Data, findTestData("productData").getValue("Retail", row), true, CONTINUE_ON_FAILURE): Actual text '62' and expected text '62' are matched  using regular expression

2019-11-21 19:03:11 - [MESSAGE][PASSED] - Actual text '62' and expected text '62' are matched  using regular expression

2019-11-21 19:03:11 - [TEST_STEP][PASSED] - sizeRange1 = ["XXS", "XS", "S", "M", "L", "XL", "XXL"]: null

2019-11-21 19:03:11 - [TEST_STEP][PASSED] - sizeRange2 = ["00", "0", "2", "4", "6", "8", "10", "12", "14", "16"]: null

2019-11-21 19:03:11 - [TEST_STEP][PASSED] - sizeRange3 = ["Long", "Regular", "Short"]: null

2019-11-21 19:03:11 - [TEST_STEP][PASSED] - sizeRange4 = ["5", "6", "6.5", "7", "7.5", "8", "8.5", "9", "9.5", "10", "11"]: null

2019-11-21 19:03:11 - [TEST_STEP][PASSED] - sizeRange5 = ["XS/S", "M/L"]: null

2019-11-21 19:03:11 - [TEST_STEP][PASSED] - sizeRange6 = ["One Size"]: null

2019-11-21 19:03:11 - [TEST_STEP][PASSED] - sizeRangeSplit = UtilityMethods.SplitSizes(findTestData("productData").getValue("SzRange", row)): null

2019-11-21 19:03:11 - [TEST_STEP][PASSED] - sizeType = getText(findTestObject("Object Repository/Page_cabi Order Items/Size")): Text of object 'Object Repository/Page_cabi Order Items/Size' is: 'Select'

2019-11-21 19:03:11 - [MESSAGE][PASSED] - Text of object 'Object Repository/Page_cabi Order Items/Size' is: 'Select'

2019-11-21 19:03:11 - [TEST_STEP][PASSED] - sizeOptions = findWebElements(findTestObject("Object Repository/Page_cabi Order Items/Size"), 5): null

2019-11-21 19:03:11 - [TEST_STEP][PASSED] - actualRange = new java.util.ArrayList(): null

2019-11-21 19:03:11 - [TEST_STEP][PASSED] - expectedRange = <not implemented yet for class: org.codehaus.groovy.ast.expr.EmptyExpression>: null

2019-11-21 19:03:11 - [TEST_STEP][PASSED] - if (sizeType.equalsIgnoreCase("Select")): null

2019-11-21 19:03:11 - [TEST_STEP][PASSED] - for ([i = 1, i < sizeOptions.size(), (i++)]): null

2019-11-21 19:03:11 - [TEST_STEP][PASSED] - actualRange.add(getAttribute("value").toString()): null

2019-11-21 19:03:11 - [TEST_STEP][PASSED] - actualRange.add(getAttribute("value").toString()): null

2019-11-21 19:03:11 - [TEST_STEP][PASSED] - actualRange.add(getAttribute("value").toString()): null

2019-11-21 19:03:11 - [TEST_STEP][PASSED] - actualRange.add(getAttribute("value").toString()): null

2019-11-21 19:03:11 - [TEST_STEP][PASSED] - actualRange.add(getAttribute("value").toString()): null

2019-11-21 19:03:11 - [TEST_STEP][PASSED] - actualRange.add(getAttribute("value").toString()): null

2019-11-21 19:03:11 - [TEST_STEP][PASSED] - if (toString().equalsIgnoreCase("XS") || toString().equalsIgnoreCase("XXS")): null

2019-11-21 19:03:11 - [TEST_STEP][PASSED] - expectedRange = UtilityMethods.getExpectedRange(sizeRange1, sizeRangeSplit): null

2019-11-21 19:03:12 - [TEST_STEP][PASSED] - println("XS"): null

2019-11-21 19:03:12 - [TEST_STEP][PASSED] - println(expectedRange.toString()): null

2019-11-21 19:03:12 - [TEST_STEP][PASSED] - sa.assertTrue(UtilityMethods.listEquals(expectedRange, actualRange)): null

2019-11-21 19:03:12 - [TEST_STEP][PASSED] - delay(2): Delayed 2 second(s)

2019-11-21 19:03:14 - [MESSAGE][PASSED] - Delayed 2 second(s)

2019-11-21 19:03:14 - [TEST_STEP][PASSED] - verifyElementText(findTestObject("Page_cabi Order Items/product_title"), findTestData("productData").getValue("Description", row), CONTINUE_ON_FAILURE): Actual text and expected text of test object 'Object Repository/Page_cabi Order Items/product_title' are matched.

2019-11-21 19:03:14 - [MESSAGE][PASSED] - Actual text and expected text of test object 'Object Repository/Page_cabi Order Items/product_title' are matched.

2019-11-21 19:03:14 - [TEST_STEP][PASSED] - finalContent = findTestData("productData").getValue("FinalContent", row): null

2019-11-21 19:03:14 - [TEST_STEP][PASSED] - if (finalContent.equalsIgnoreCase("")): null

2019-11-21 19:03:14 - [TEST_STEP][PASSED] - else: Actual text and expected text of test object 'Object Repository/Page_cabi Order Items/product_fabric' are matched.

2019-11-21 19:03:14 - [TEST_STEP][PASSED] - verifyElementText(findTestObject("Page_cabi Order Items/product_fabric"), finalContent, CONTINUE_ON_FAILURE): Actual text and expected text of test object 'Object Repository/Page_cabi Order Items/product_fabric' are matched.

2019-11-21 19:03:14 - [MESSAGE][PASSED] - Actual text and expected text of test object 'Object Repository/Page_cabi Order Items/product_fabric' are matched.

2019-11-21 19:03:14 - [TEST_STEP][PASSED] - expectedCasreIntrn = findTestData("productData").getValue("CareInstr", row): null

2019-11-21 19:03:14 - [TEST_STEP][PASSED] - if (expectedCasreIntrn.equalsIgnoreCase("")): null

2019-11-21 19:03:14 - [TEST_STEP][PASSED] - actualCI = findWebElements(findTestObject("Page_cabi Order Items/care_instruction"), 5): null

2019-11-21 19:03:14 - [TEST_STEP][PASSED] - sa.assertTrue(actualCI.size() == 0): null

2019-11-21 19:03:14 - [TEST_STEP][PASSED] - delay(5): Delayed 5 second(s)

2019-11-21 19:03:19 - [MESSAGE][PASSED] - Delayed 5 second(s)

2019-11-21 19:03:19 - [TEST_STEP][PASSED] - sa = new org.testng.asserts.SoftAssert(): null

2019-11-21 19:03:19 - [TEST_STEP][PASSED] - styleid_data = findTestData("productData").getValue("Style", row): null

2019-11-21 19:03:19 - [TEST_STEP][PASSED] - println(styleid_data): null

2019-11-21 19:03:19 - [TEST_STEP][PASSED] - by = By.xpath("//input[@name='style']"): null

2019-11-21 19:03:19 - [TEST_STEP][PASSED] - styleWe = UtilityMethods.getElementByLocator(by, driver): null

2019-11-21 19:03:19 - [TEST_STEP][PASSED] - to = UtilityMethods.fromElement(styleWe): null

2019-11-21 19:03:19 - [TEST_STEP][PASSED] - println("******************+++++++++++++++++++**********************************************"): null

2019-11-21 19:03:19 - [TEST_STEP][PASSED] - setText(to, styleid_data): Text '5745' is set on object ''

2019-11-21 19:03:19 - [MESSAGE][PASSED] - Text '5745' is set on object ''

2019-11-21 19:03:19 - [TEST_STEP][PASSED] - sendKeys(to, Keys.chord(ENTER)): Keys 'ENTER + ' sent to object: ''

2019-11-21 19:03:20 - [MESSAGE][PASSED] - Keys 'ENTER + ' sent to object: ''

2019-11-21 19:03:20 - [TEST_STEP][PASSED] - delay(2): Delayed 2 second(s)

2019-11-21 19:03:22 - [MESSAGE][PASSED] - Delayed 2 second(s)

2019-11-21 19:03:22 - [TEST_STEP][PASSED] - if (toString().equalsIgnoreCase("no")): null

2019-11-21 19:03:22 - [TEST_STEP][PASSED] - else: null

2019-11-21 19:03:22 - [TEST_STEP][PASSED] - click(findTestObject("Page_cabi Order Items/li_order_item")): Object: 'Object Repository/Page_cabi Order Items/li_order_item' is clicked on

2019-11-21 19:03:27 - [MESSAGE][PASSED] - Object: 'Object Repository/Page_cabi Order Items/li_order_item' is clicked on

2019-11-21 19:03:27 - [TEST_STEP][PASSED] - delay(5): Delayed 5 second(s)

2019-11-21 19:03:32 - [MESSAGE][PASSED] - Delayed 5 second(s)

2019-11-21 19:03:32 - [TEST_STEP][PASSED] - imagePath = UtilityMethods.createScreenshotImagePath(storeType, styleid_data): null

2019-11-21 19:03:32 - [TEST_STEP][PASSED] - println(imagePath): null

2019-11-21 19:03:32 - [TEST_STEP][PASSED] - takeScreenshot(imagePath): Taking screenshot successfully

2019-11-21 19:03:33 - [MESSAGE][PASSED] - Taking screenshot successfully
[[ATTACHMENT|C:\\Users\\user\\Documents\\testautomation\\KatalonProjects\\productImages\\BOPersonal_5745 image.png]]

2019-11-21 19:03:33 - [TEST_STEP][PASSED] - verifyElementText(findTestObject("Page_cabi Order Items/GetAttribute_getID"), styleid_data, CONTINUE_ON_FAILURE): Actual text and expected text of test object 'Object Repository/Page_cabi Order Items/GetAttribute_getID' are matched.

2019-11-21 19:03:33 - [MESSAGE][PASSED] - Actual text and expected text of test object 'Object Repository/Page_cabi Order Items/GetAttribute_getID' are matched.

2019-11-21 19:03:33 - [TEST_STEP][PASSED] - colorOptions = findWebElements(findTestObject("Page_cabi Order Items/GetAttribute_Color"), 5): null

2019-11-21 19:03:33 - [TEST_STEP][PASSED] - println(colorOptions.size()): null

2019-11-21 19:03:33 - [TEST_STEP][PASSED] - expectedColour = findTestData("productData").getValue("Color", row): null

2019-11-21 19:03:33 - [TEST_STEP][PASSED] - println("expected colour is"): null

2019-11-21 19:03:33 - [TEST_STEP][PASSED] - println(expectedColour): null

2019-11-21 19:03:33 - [TEST_STEP][PASSED] - colourVerified = false: null

2019-11-21 19:03:33 - [TEST_STEP][PASSED] - for (org.openqa.selenium.WebElement op : colorOptions): null

2019-11-21 19:03:33 - [TEST_STEP][PASSED] - println(op.getText()): null

2019-11-21 19:03:33 - [TEST_STEP][PASSED] - if (expectedColour.equalsIgnoreCase(op.getText())): null

2019-11-21 19:03:33 - [TEST_STEP][PASSED] - colourVerified = true: null

2019-11-21 19:03:33 - [TEST_STEP][PASSED] - break: null

2019-11-21 19:03:33 - [TEST_STEP][PASSED] - sa.assertTrue(colourVerified): null

2019-11-21 19:03:33 - [TEST_STEP][PASSED] - getPrice = getText(findTestObject("Page_cabi Order Items/GetAttribute_Price")): Text of object 'Object Repository/Page_cabi Order Items/GetAttribute_Price' is: 'Price : £46.00'

2019-11-21 19:03:33 - [MESSAGE][PASSED] - Text of object 'Object Repository/Page_cabi Order Items/GetAttribute_Price' is: 'Price : £46.00'

2019-11-21 19:03:33 - [TEST_STEP][PASSED] - Split_Data = UtilityMethods.SplitData(getPrice): null

2019-11-21 19:03:33 - [TEST_STEP][PASSED] - verifyMatch(Split_Data, findTestData("productData").getValue("Retail", row), true, CONTINUE_ON_FAILURE): Actual text '46' and expected text '46' are matched  using regular expression

2019-11-21 19:03:33 - [MESSAGE][PASSED] - Actual text '46' and expected text '46' are matched  using regular expression

2019-11-21 19:03:33 - [TEST_STEP][PASSED] - sizeRange1 = ["XXS", "XS", "S", "M", "L", "XL", "XXL"]: null

2019-11-21 19:03:33 - [TEST_STEP][PASSED] - sizeRange2 = ["00", "0", "2", "4", "6", "8", "10", "12", "14", "16"]: null

2019-11-21 19:03:33 - [TEST_STEP][PASSED] - sizeRange3 = ["Long", "Regular", "Short"]: null

2019-11-21 19:03:33 - [TEST_STEP][PASSED] - sizeRange4 = ["5", "6", "6.5", "7", "7.5", "8", "8.5", "9", "9.5", "10", "11"]: null

2019-11-21 19:03:33 - [TEST_STEP][PASSED] - sizeRange5 = ["XS/S", "M/L"]: null

2019-11-21 19:03:33 - [TEST_STEP][PASSED] - sizeRange6 = ["One Size"]: null

2019-11-21 19:03:33 - [TEST_STEP][PASSED] - sizeRangeSplit = UtilityMethods.SplitSizes(findTestData("productData").getValue("SzRange", row)): null

2019-11-21 19:03:33 - [TEST_STEP][PASSED] - sizeType = getText(findTestObject("Object Repository/Page_cabi Order Items/Size")): Text of object 'Object Repository/Page_cabi Order Items/Size' is: 'Select'

2019-11-21 19:03:33 - [MESSAGE][PASSED] - Text of object 'Object Repository/Page_cabi Order Items/Size' is: 'Select'

2019-11-21 19:03:33 - [TEST_STEP][PASSED] - sizeOptions = findWebElements(findTestObject("Object Repository/Page_cabi Order Items/Size"), 5): null

2019-11-21 19:03:33 - [TEST_STEP][PASSED] - actualRange = new java.util.ArrayList(): null

2019-11-21 19:03:33 - [TEST_STEP][PASSED] - expectedRange = <not implemented yet for class: org.codehaus.groovy.ast.expr.EmptyExpression>: null

2019-11-21 19:03:33 - [TEST_STEP][PASSED] - if (sizeType.equalsIgnoreCase("Select")): null

2019-11-21 19:03:33 - [TEST_STEP][PASSED] - for ([i = 1, i < sizeOptions.size(), (i++)]): null

2019-11-21 19:03:33 - [TEST_STEP][PASSED] - actualRange.add(getAttribute("value").toString()): null

2019-11-21 19:03:33 - [TEST_STEP][PASSED] - actualRange.add(getAttribute("value").toString()): null

2019-11-21 19:03:33 - [TEST_STEP][PASSED] - actualRange.add(getAttribute("value").toString()): null

2019-11-21 19:03:33 - [TEST_STEP][PASSED] - actualRange.add(getAttribute("value").toString()): null

2019-11-21 19:03:33 - [TEST_STEP][PASSED] - actualRange.add(getAttribute("value").toString()): null

2019-11-21 19:03:33 - [TEST_STEP][PASSED] - if (toString().equalsIgnoreCase("XS") || toString().equalsIgnoreCase("XXS")): null

2019-11-21 19:03:33 - [TEST_STEP][PASSED] - expectedRange = UtilityMethods.getExpectedRange(sizeRange1, sizeRangeSplit): null

2019-11-21 19:03:33 - [TEST_STEP][PASSED] - println("XS"): null

2019-11-21 19:03:33 - [TEST_STEP][PASSED] - println(expectedRange.toString()): null

2019-11-21 19:03:33 - [TEST_STEP][PASSED] - sa.assertTrue(UtilityMethods.listEquals(expectedRange, actualRange)): null

2019-11-21 19:03:33 - [TEST_STEP][PASSED] - delay(2): Delayed 2 second(s)

2019-11-21 19:03:35 - [MESSAGE][PASSED] - Delayed 2 second(s)

2019-11-21 19:03:35 - [TEST_STEP][PASSED] - verifyElementText(findTestObject("Page_cabi Order Items/product_title"), findTestData("productData").getValue("Description", row), CONTINUE_ON_FAILURE): Actual text and expected text of test object 'Object Repository/Page_cabi Order Items/product_title' are matched.

2019-11-21 19:03:36 - [MESSAGE][PASSED] - Actual text and expected text of test object 'Object Repository/Page_cabi Order Items/product_title' are matched.

2019-11-21 19:03:36 - [TEST_STEP][PASSED] - finalContent = findTestData("productData").getValue("FinalContent", row): null

2019-11-21 19:03:36 - [TEST_STEP][PASSED] - if (finalContent.equalsIgnoreCase("")): null

2019-11-21 19:03:36 - [TEST_STEP][PASSED] - else: Actual text and expected text of test object 'Object Repository/Page_cabi Order Items/product_fabric' are matched.

2019-11-21 19:03:36 - [TEST_STEP][PASSED] - verifyElementText(findTestObject("Page_cabi Order Items/product_fabric"), finalContent, CONTINUE_ON_FAILURE): Actual text and expected text of test object 'Object Repository/Page_cabi Order Items/product_fabric' are matched.

2019-11-21 19:03:36 - [MESSAGE][PASSED] - Actual text and expected text of test object 'Object Repository/Page_cabi Order Items/product_fabric' are matched.

2019-11-21 19:03:36 - [TEST_STEP][PASSED] - expectedCasreIntrn = findTestData("productData").getValue("CareInstr", row): null

2019-11-21 19:03:36 - [TEST_STEP][PASSED] - if (expectedCasreIntrn.equalsIgnoreCase("")): null

2019-11-21 19:03:36 - [TEST_STEP][PASSED] - actualCI = findWebElements(findTestObject("Page_cabi Order Items/care_instruction"), 5): null

2019-11-21 19:03:36 - [TEST_STEP][PASSED] - sa.assertTrue(actualCI.size() == 0): null

2019-11-21 19:03:36 - [TEST_STEP][PASSED] - delay(5): Delayed 5 second(s)

2019-11-21 19:03:41 - [MESSAGE][PASSED] - Delayed 5 second(s)

2019-11-21 19:03:41 - [TEST_STEP][PASSED] - sa = new org.testng.asserts.SoftAssert(): null

2019-11-21 19:03:41 - [TEST_STEP][PASSED] - styleid_data = findTestData("productData").getValue("Style", row): null

2019-11-21 19:03:41 - [TEST_STEP][PASSED] - println(styleid_data): null

2019-11-21 19:03:41 - [TEST_STEP][PASSED] - by = By.xpath("//input[@name='style']"): null

2019-11-21 19:03:41 - [TEST_STEP][PASSED] - styleWe = UtilityMethods.getElementByLocator(by, driver): null

2019-11-21 19:03:41 - [TEST_STEP][PASSED] - to = UtilityMethods.fromElement(styleWe): null

2019-11-21 19:03:41 - [TEST_STEP][PASSED] - println("******************+++++++++++++++++++**********************************************"): null

2019-11-21 19:03:41 - [TEST_STEP][PASSED] - setText(to, styleid_data): Text '5746' is set on object ''

2019-11-21 19:03:41 - [MESSAGE][PASSED] - Text '5746' is set on object ''

2019-11-21 19:03:41 - [TEST_STEP][PASSED] - sendKeys(to, Keys.chord(ENTER)): Keys 'ENTER + ' sent to object: ''

2019-11-21 19:03:42 - [MESSAGE][PASSED] - Keys 'ENTER + ' sent to object: ''

2019-11-21 19:03:42 - [TEST_STEP][PASSED] - delay(2): Delayed 2 second(s)

2019-11-21 19:03:44 - [MESSAGE][PASSED] - Delayed 2 second(s)

2019-11-21 19:03:44 - [TEST_STEP][PASSED] - if (toString().equalsIgnoreCase("no")): null

2019-11-21 19:03:44 - [TEST_STEP][PASSED] - else: null

2019-11-21 19:03:44 - [TEST_STEP][PASSED] - click(findTestObject("Page_cabi Order Items/li_order_item")): Object: 'Object Repository/Page_cabi Order Items/li_order_item' is clicked on

2019-11-21 19:03:49 - [MESSAGE][PASSED] - Object: 'Object Repository/Page_cabi Order Items/li_order_item' is clicked on

2019-11-21 19:03:49 - [TEST_STEP][PASSED] - delay(5): Delayed 5 second(s)

2019-11-21 19:03:54 - [MESSAGE][PASSED] - Delayed 5 second(s)

2019-11-21 19:03:54 - [TEST_STEP][PASSED] - imagePath = UtilityMethods.createScreenshotImagePath(storeType, styleid_data): null

2019-11-21 19:03:54 - [TEST_STEP][PASSED] - println(imagePath): null

2019-11-21 19:03:54 - [TEST_STEP][PASSED] - takeScreenshot(imagePath): Taking screenshot successfully

2019-11-21 19:03:55 - [MESSAGE][PASSED] - Taking screenshot successfully
[[ATTACHMENT|C:\\Users\\user\\Documents\\testautomation\\KatalonProjects\\productImages\\BOPersonal_5746 image.png]]

2019-11-21 19:03:55 - [TEST_STEP][PASSED] - verifyElementText(findTestObject("Page_cabi Order Items/GetAttribute_getID"), styleid_data, CONTINUE_ON_FAILURE): Actual text and expected text of test object 'Object Repository/Page_cabi Order Items/GetAttribute_getID' are matched.

2019-11-21 19:03:55 - [MESSAGE][PASSED] - Actual text and expected text of test object 'Object Repository/Page_cabi Order Items/GetAttribute_getID' are matched.

2019-11-21 19:03:55 - [TEST_STEP][PASSED] - colorOptions = findWebElements(findTestObject("Page_cabi Order Items/GetAttribute_Color"), 5): null

2019-11-21 19:03:55 - [TEST_STEP][PASSED] - println(colorOptions.size()): null

2019-11-21 19:03:55 - [TEST_STEP][PASSED] - expectedColour = findTestData("productData").getValue("Color", row): null

2019-11-21 19:03:55 - [TEST_STEP][PASSED] - println("expected colour is"): null

2019-11-21 19:03:55 - [TEST_STEP][PASSED] - println(expectedColour): null

2019-11-21 19:03:55 - [TEST_STEP][PASSED] - colourVerified = false: null

2019-11-21 19:03:55 - [TEST_STEP][PASSED] - for (org.openqa.selenium.WebElement op : colorOptions): null

2019-11-21 19:03:55 - [TEST_STEP][PASSED] - println(op.getText()): null

2019-11-21 19:03:55 - [TEST_STEP][PASSED] - if (expectedColour.equalsIgnoreCase(op.getText())): null

2019-11-21 19:03:55 - [TEST_STEP][PASSED] - sa.assertTrue(colourVerified): null

2019-11-21 19:03:55 - [TEST_STEP][PASSED] - getPrice = getText(findTestObject("Page_cabi Order Items/GetAttribute_Price")): Text of object 'Object Repository/Page_cabi Order Items/GetAttribute_Price' is: 'Price : £84.00'

2019-11-21 19:03:55 - [MESSAGE][PASSED] - Text of object 'Object Repository/Page_cabi Order Items/GetAttribute_Price' is: 'Price : £84.00'

2019-11-21 19:03:55 - [TEST_STEP][PASSED] - Split_Data = UtilityMethods.SplitData(getPrice): null

2019-11-21 19:03:55 - [TEST_STEP][PASSED] - verifyMatch(Split_Data, findTestData("productData").getValue("Retail", row), true, CONTINUE_ON_FAILURE): Actual text '84' and expected text '84' are matched  using regular expression

2019-11-21 19:03:55 - [MESSAGE][PASSED] - Actual text '84' and expected text '84' are matched  using regular expression

2019-11-21 19:03:55 - [TEST_STEP][PASSED] - sizeRange1 = ["XXS", "XS", "S", "M", "L", "XL", "XXL"]: null

2019-11-21 19:03:55 - [TEST_STEP][PASSED] - sizeRange2 = ["00", "0", "2", "4", "6", "8", "10", "12", "14", "16"]: null

2019-11-21 19:03:55 - [TEST_STEP][PASSED] - sizeRange3 = ["Long", "Regular", "Short"]: null

2019-11-21 19:03:55 - [TEST_STEP][PASSED] - sizeRange4 = ["5", "6", "6.5", "7", "7.5", "8", "8.5", "9", "9.5", "10", "11"]: null

2019-11-21 19:03:55 - [TEST_STEP][PASSED] - sizeRange5 = ["XS/S", "M/L"]: null

2019-11-21 19:03:55 - [TEST_STEP][PASSED] - sizeRange6 = ["One Size"]: null

2019-11-21 19:03:55 - [TEST_STEP][PASSED] - sizeRangeSplit = UtilityMethods.SplitSizes(findTestData("productData").getValue("SzRange", row)): null

2019-11-21 19:03:55 - [TEST_STEP][PASSED] - sizeType = getText(findTestObject("Object Repository/Page_cabi Order Items/Size")): Text of object 'Object Repository/Page_cabi Order Items/Size' is: 'Select'

2019-11-21 19:03:56 - [MESSAGE][PASSED] - Text of object 'Object Repository/Page_cabi Order Items/Size' is: 'Select'

2019-11-21 19:03:56 - [TEST_STEP][PASSED] - sizeOptions = findWebElements(findTestObject("Object Repository/Page_cabi Order Items/Size"), 5): null

2019-11-21 19:03:56 - [TEST_STEP][PASSED] - actualRange = new java.util.ArrayList(): null

2019-11-21 19:03:56 - [TEST_STEP][PASSED] - expectedRange = <not implemented yet for class: org.codehaus.groovy.ast.expr.EmptyExpression>: null

2019-11-21 19:03:56 - [TEST_STEP][PASSED] - if (sizeType.equalsIgnoreCase("Select")): null

2019-11-21 19:03:56 - [TEST_STEP][PASSED] - for ([i = 1, i < sizeOptions.size(), (i++)]): null

2019-11-21 19:03:56 - [TEST_STEP][PASSED] - actualRange.add(getAttribute("value").toString()): null

2019-11-21 19:03:56 - [TEST_STEP][PASSED] - actualRange.add(getAttribute("value").toString()): null

2019-11-21 19:03:56 - [TEST_STEP][PASSED] - actualRange.add(getAttribute("value").toString()): null

2019-11-21 19:03:56 - [TEST_STEP][PASSED] - actualRange.add(getAttribute("value").toString()): null

2019-11-21 19:03:56 - [TEST_STEP][PASSED] - actualRange.add(getAttribute("value").toString()): null

2019-11-21 19:03:56 - [TEST_STEP][PASSED] - if (toString().equalsIgnoreCase("XS") || toString().equalsIgnoreCase("XXS")): null

2019-11-21 19:03:56 - [TEST_STEP][PASSED] - expectedRange = UtilityMethods.getExpectedRange(sizeRange1, sizeRangeSplit): null

2019-11-21 19:03:56 - [TEST_STEP][PASSED] - println("XS"): null

2019-11-21 19:03:56 - [TEST_STEP][PASSED] - println(expectedRange.toString()): null

2019-11-21 19:03:56 - [TEST_STEP][PASSED] - sa.assertTrue(UtilityMethods.listEquals(expectedRange, actualRange)): null

2019-11-21 19:03:56 - [TEST_STEP][PASSED] - delay(2): Delayed 2 second(s)

2019-11-21 19:03:58 - [MESSAGE][PASSED] - Delayed 2 second(s)

2019-11-21 19:03:58 - [TEST_STEP][PASSED] - verifyElementText(findTestObject("Page_cabi Order Items/product_title"), findTestData("productData").getValue("Description", row), CONTINUE_ON_FAILURE): Actual text and expected text of test object 'Object Repository/Page_cabi Order Items/product_title' are matched.

2019-11-21 19:03:58 - [MESSAGE][PASSED] - Actual text and expected text of test object 'Object Repository/Page_cabi Order Items/product_title' are matched.

2019-11-21 19:03:58 - [TEST_STEP][PASSED] - finalContent = findTestData("productData").getValue("FinalContent", row): null

2019-11-21 19:03:58 - [TEST_STEP][PASSED] - if (finalContent.equalsIgnoreCase("")): null

2019-11-21 19:03:58 - [TEST_STEP][PASSED] - else: Actual text and expected text of test object 'Object Repository/Page_cabi Order Items/product_fabric' are matched.

2019-11-21 19:03:58 - [TEST_STEP][PASSED] - verifyElementText(findTestObject("Page_cabi Order Items/product_fabric"), finalContent, CONTINUE_ON_FAILURE): Actual text and expected text of test object 'Object Repository/Page_cabi Order Items/product_fabric' are matched.

2019-11-21 19:03:58 - [MESSAGE][PASSED] - Actual text and expected text of test object 'Object Repository/Page_cabi Order Items/product_fabric' are matched.

2019-11-21 19:03:58 - [TEST_STEP][PASSED] - expectedCasreIntrn = findTestData("productData").getValue("CareInstr", row): null

2019-11-21 19:03:58 - [TEST_STEP][PASSED] - if (expectedCasreIntrn.equalsIgnoreCase("")): null

2019-11-21 19:03:58 - [TEST_STEP][PASSED] - actualCI = findWebElements(findTestObject("Page_cabi Order Items/care_instruction"), 5): null

2019-11-21 19:03:58 - [TEST_STEP][PASSED] - sa.assertTrue(actualCI.size() == 0): null

2019-11-21 19:03:58 - [TEST_STEP][PASSED] - delay(5): Delayed 5 second(s)

2019-11-21 19:04:03 - [MESSAGE][PASSED] - Delayed 5 second(s)

2019-11-21 19:04:03 - [TEST_STEP][PASSED] - sa = new org.testng.asserts.SoftAssert(): null

2019-11-21 19:04:03 - [TEST_STEP][PASSED] - styleid_data = findTestData("productData").getValue("Style", row): null

2019-11-21 19:04:03 - [TEST_STEP][PASSED] - println(styleid_data): null

2019-11-21 19:04:03 - [TEST_STEP][PASSED] - by = By.xpath("//input[@name='style']"): null

2019-11-21 19:04:03 - [TEST_STEP][PASSED] - styleWe = UtilityMethods.getElementByLocator(by, driver): null

2019-11-21 19:04:03 - [TEST_STEP][PASSED] - to = UtilityMethods.fromElement(styleWe): null

2019-11-21 19:04:03 - [TEST_STEP][PASSED] - println("******************+++++++++++++++++++**********************************************"): null

2019-11-21 19:04:03 - [TEST_STEP][PASSED] - setText(to, styleid_data): Text '5747' is set on object ''

2019-11-21 19:04:04 - [MESSAGE][PASSED] - Text '5747' is set on object ''

2019-11-21 19:04:04 - [TEST_STEP][PASSED] - sendKeys(to, Keys.chord(ENTER)): Keys 'ENTER + ' sent to object: ''

2019-11-21 19:04:04 - [MESSAGE][PASSED] - Keys 'ENTER + ' sent to object: ''

2019-11-21 19:04:04 - [TEST_STEP][PASSED] - delay(2): Delayed 2 second(s)

2019-11-21 19:04:06 - [MESSAGE][PASSED] - Delayed 2 second(s)

2019-11-21 19:04:06 - [TEST_STEP][PASSED] - if (toString().equalsIgnoreCase("no")): null

2019-11-21 19:04:06 - [TEST_STEP][PASSED] - else: null

2019-11-21 19:04:06 - [TEST_STEP][PASSED] - click(findTestObject("Page_cabi Order Items/li_order_item")): Object: 'Object Repository/Page_cabi Order Items/li_order_item' is clicked on

2019-11-21 19:04:11 - [MESSAGE][PASSED] - Object: 'Object Repository/Page_cabi Order Items/li_order_item' is clicked on

2019-11-21 19:04:11 - [TEST_STEP][PASSED] - delay(5): Delayed 5 second(s)

2019-11-21 19:04:16 - [MESSAGE][PASSED] - Delayed 5 second(s)

2019-11-21 19:04:16 - [TEST_STEP][PASSED] - imagePath = UtilityMethods.createScreenshotImagePath(storeType, styleid_data): null

2019-11-21 19:04:16 - [TEST_STEP][PASSED] - println(imagePath): null

2019-11-21 19:04:16 - [TEST_STEP][PASSED] - takeScreenshot(imagePath): Taking screenshot successfully

2019-11-21 19:04:17 - [MESSAGE][PASSED] - Taking screenshot successfully
[[ATTACHMENT|C:\\Users\\user\\Documents\\testautomation\\KatalonProjects\\productImages\\BOPersonal_5747 image.png]]

2019-11-21 19:04:17 - [TEST_STEP][PASSED] - verifyElementText(findTestObject("Page_cabi Order Items/GetAttribute_getID"), styleid_data, CONTINUE_ON_FAILURE): Actual text and expected text of test object 'Object Repository/Page_cabi Order Items/GetAttribute_getID' are matched.

2019-11-21 19:04:17 - [MESSAGE][PASSED] - Actual text and expected text of test object 'Object Repository/Page_cabi Order Items/GetAttribute_getID' are matched.

2019-11-21 19:04:17 - [TEST_STEP][PASSED] - colorOptions = findWebElements(findTestObject("Page_cabi Order Items/GetAttribute_Color"), 5): null

2019-11-21 19:04:17 - [TEST_STEP][PASSED] - println(colorOptions.size()): null

2019-11-21 19:04:17 - [TEST_STEP][PASSED] - expectedColour = findTestData("productData").getValue("Color", row): null

2019-11-21 19:04:17 - [TEST_STEP][PASSED] - println("expected colour is"): null

2019-11-21 19:04:17 - [TEST_STEP][PASSED] - println(expectedColour): null

2019-11-21 19:04:17 - [TEST_STEP][PASSED] - colourVerified = false: null

2019-11-21 19:04:17 - [TEST_STEP][PASSED] - for (org.openqa.selenium.WebElement op : colorOptions): null

2019-11-21 19:04:17 - [TEST_STEP][PASSED] - println(op.getText()): null

2019-11-21 19:04:17 - [TEST_STEP][PASSED] - if (expectedColour.equalsIgnoreCase(op.getText())): null

2019-11-21 19:04:17 - [TEST_STEP][PASSED] - colourVerified = true: null

2019-11-21 19:04:17 - [TEST_STEP][PASSED] - break: null

2019-11-21 19:04:17 - [TEST_STEP][PASSED] - sa.assertTrue(colourVerified): null

2019-11-21 19:04:17 - [TEST_STEP][PASSED] - getPrice = getText(findTestObject("Page_cabi Order Items/GetAttribute_Price")): Text of object 'Object Repository/Page_cabi Order Items/GetAttribute_Price' is: 'Price : £49.00'

2019-11-21 19:04:17 - [MESSAGE][PASSED] - Text of object 'Object Repository/Page_cabi Order Items/GetAttribute_Price' is: 'Price : £49.00'

2019-11-21 19:04:17 - [TEST_STEP][PASSED] - Split_Data = UtilityMethods.SplitData(getPrice): null

2019-11-21 19:04:17 - [TEST_STEP][PASSED] - verifyMatch(Split_Data, findTestData("productData").getValue("Retail", row), true, CONTINUE_ON_FAILURE): Actual text '49' and expected text '49' are matched  using regular expression

2019-11-21 19:04:17 - [MESSAGE][PASSED] - Actual text '49' and expected text '49' are matched  using regular expression

2019-11-21 19:04:17 - [TEST_STEP][PASSED] - sizeRange1 = ["XXS", "XS", "S", "M", "L", "XL", "XXL"]: null

2019-11-21 19:04:17 - [TEST_STEP][PASSED] - sizeRange2 = ["00", "0", "2", "4", "6", "8", "10", "12", "14", "16"]: null

2019-11-21 19:04:17 - [TEST_STEP][PASSED] - sizeRange3 = ["Long", "Regular", "Short"]: null

2019-11-21 19:04:17 - [TEST_STEP][PASSED] - sizeRange4 = ["5", "6", "6.5", "7", "7.5", "8", "8.5", "9", "9.5", "10", "11"]: null

2019-11-21 19:04:17 - [TEST_STEP][PASSED] - sizeRange5 = ["XS/S", "M/L"]: null

2019-11-21 19:04:17 - [TEST_STEP][PASSED] - sizeRange6 = ["One Size"]: null

2019-11-21 19:04:17 - [TEST_STEP][PASSED] - sizeRangeSplit = UtilityMethods.SplitSizes(findTestData("productData").getValue("SzRange", row)): null

2019-11-21 19:04:17 - [TEST_STEP][PASSED] - sizeType = getText(findTestObject("Object Repository/Page_cabi Order Items/Size")): Text of object 'Object Repository/Page_cabi Order Items/Size' is: 'Select'

2019-11-21 19:04:18 - [MESSAGE][PASSED] - Text of object 'Object Repository/Page_cabi Order Items/Size' is: 'Select'

2019-11-21 19:04:18 - [TEST_STEP][PASSED] - sizeOptions = findWebElements(findTestObject("Object Repository/Page_cabi Order Items/Size"), 5): null

2019-11-21 19:04:18 - [TEST_STEP][PASSED] - actualRange = new java.util.ArrayList(): null

2019-11-21 19:04:18 - [TEST_STEP][PASSED] - expectedRange = <not implemented yet for class: org.codehaus.groovy.ast.expr.EmptyExpression>: null

2019-11-21 19:04:18 - [TEST_STEP][PASSED] - if (sizeType.equalsIgnoreCase("Select")): null

2019-11-21 19:04:18 - [TEST_STEP][PASSED] - for ([i = 1, i < sizeOptions.size(), (i++)]): null

2019-11-21 19:04:18 - [TEST_STEP][PASSED] - actualRange.add(getAttribute("value").toString()): null

2019-11-21 19:04:18 - [TEST_STEP][PASSED] - actualRange.add(getAttribute("value").toString()): null

2019-11-21 19:04:18 - [TEST_STEP][PASSED] - actualRange.add(getAttribute("value").toString()): null

2019-11-21 19:04:18 - [TEST_STEP][PASSED] - actualRange.add(getAttribute("value").toString()): null

2019-11-21 19:04:18 - [TEST_STEP][PASSED] - actualRange.add(getAttribute("value").toString()): null

2019-11-21 19:04:18 - [TEST_STEP][PASSED] - if (toString().equalsIgnoreCase("XS") || toString().equalsIgnoreCase("XXS")): null

2019-11-21 19:04:18 - [TEST_STEP][PASSED] - expectedRange = UtilityMethods.getExpectedRange(sizeRange1, sizeRangeSplit): null

2019-11-21 19:04:18 - [TEST_STEP][PASSED] - println("XS"): null

2019-11-21 19:04:18 - [TEST_STEP][PASSED] - println(expectedRange.toString()): null

2019-11-21 19:04:18 - [TEST_STEP][PASSED] - sa.assertTrue(UtilityMethods.listEquals(expectedRange, actualRange)): null

2019-11-21 19:04:18 - [TEST_STEP][PASSED] - delay(2): Delayed 2 second(s)

2019-11-21 19:04:20 - [MESSAGE][PASSED] - Delayed 2 second(s)

2019-11-21 19:04:20 - [TEST_STEP][PASSED] - verifyElementText(findTestObject("Page_cabi Order Items/product_title"), findTestData("productData").getValue("Description", row), CONTINUE_ON_FAILURE): Actual text and expected text of test object 'Object Repository/Page_cabi Order Items/product_title' are matched.

2019-11-21 19:04:20 - [MESSAGE][PASSED] - Actual text and expected text of test object 'Object Repository/Page_cabi Order Items/product_title' are matched.

2019-11-21 19:04:20 - [TEST_STEP][PASSED] - finalContent = findTestData("productData").getValue("FinalContent", row): null

2019-11-21 19:04:20 - [TEST_STEP][PASSED] - if (finalContent.equalsIgnoreCase("")): null

2019-11-21 19:04:20 - [TEST_STEP][PASSED] - fContent = findWebElements(findTestObject("Page_cabi Order Items/product_fabric"), 5): null

2019-11-21 19:04:20 - [TEST_STEP][PASSED] - sa.assertTrue(fContent.size() == 0): null

2019-11-21 19:04:20 - [TEST_STEP][PASSED] - expectedCasreIntrn = findTestData("productData").getValue("CareInstr", row): null

2019-11-21 19:04:20 - [TEST_STEP][PASSED] - if (expectedCasreIntrn.equalsIgnoreCase("")): null

2019-11-21 19:04:20 - [TEST_STEP][PASSED] - actualCI = findWebElements(findTestObject("Page_cabi Order Items/care_instruction"), 5): null

2019-11-21 19:04:20 - [TEST_STEP][PASSED] - sa.assertTrue(actualCI.size() == 0): null

2019-11-21 19:04:20 - [TEST_STEP][PASSED] - delay(5): Delayed 5 second(s)

2019-11-21 19:04:25 - [MESSAGE][PASSED] - Delayed 5 second(s)

2019-11-21 19:04:25 - [TEST_STEP][PASSED] - sa = new org.testng.asserts.SoftAssert(): null

2019-11-21 19:04:25 - [TEST_STEP][PASSED] - styleid_data = findTestData("productData").getValue("Style", row): null

2019-11-21 19:04:25 - [TEST_STEP][PASSED] - println(styleid_data): null

2019-11-21 19:04:25 - [TEST_STEP][PASSED] - by = By.xpath("//input[@name='style']"): null

2019-11-21 19:04:25 - [TEST_STEP][PASSED] - styleWe = UtilityMethods.getElementByLocator(by, driver): null

2019-11-21 19:04:25 - [TEST_STEP][PASSED] - to = UtilityMethods.fromElement(styleWe): null

2019-11-21 19:04:25 - [TEST_STEP][PASSED] - println("******************+++++++++++++++++++**********************************************"): null

2019-11-21 19:04:25 - [TEST_STEP][PASSED] - setText(to, styleid_data): Text '5748' is set on object ''

2019-11-21 19:04:26 - [MESSAGE][PASSED] - Text '5748' is set on object ''

2019-11-21 19:04:26 - [TEST_STEP][PASSED] - sendKeys(to, Keys.chord(ENTER)): Keys 'ENTER + ' sent to object: ''

2019-11-21 19:04:26 - [MESSAGE][PASSED] - Keys 'ENTER + ' sent to object: ''

2019-11-21 19:04:26 - [TEST_STEP][PASSED] - delay(2): Delayed 2 second(s)

2019-11-21 19:04:28 - [MESSAGE][PASSED] - Delayed 2 second(s)

2019-11-21 19:04:28 - [TEST_STEP][PASSED] - if (toString().equalsIgnoreCase("no")): null

2019-11-21 19:04:28 - [TEST_STEP][PASSED] - else: null

2019-11-21 19:04:28 - [TEST_STEP][PASSED] - click(findTestObject("Page_cabi Order Items/li_order_item")): Object: 'Object Repository/Page_cabi Order Items/li_order_item' is clicked on

2019-11-21 19:04:34 - [MESSAGE][PASSED] - Object: 'Object Repository/Page_cabi Order Items/li_order_item' is clicked on

2019-11-21 19:04:34 - [TEST_STEP][PASSED] - delay(5): Delayed 5 second(s)

2019-11-21 19:04:39 - [MESSAGE][PASSED] - Delayed 5 second(s)

2019-11-21 19:04:39 - [TEST_STEP][PASSED] - imagePath = UtilityMethods.createScreenshotImagePath(storeType, styleid_data): null

2019-11-21 19:04:39 - [TEST_STEP][PASSED] - println(imagePath): null

2019-11-21 19:04:39 - [TEST_STEP][PASSED] - takeScreenshot(imagePath): Taking screenshot successfully

2019-11-21 19:04:39 - [MESSAGE][PASSED] - Taking screenshot successfully
[[ATTACHMENT|C:\\Users\\user\\Documents\\testautomation\\KatalonProjects\\productImages\\BOPersonal_5748 image.png]]

2019-11-21 19:04:39 - [TEST_STEP][PASSED] - verifyElementText(findTestObject("Page_cabi Order Items/GetAttribute_getID"), styleid_data, CONTINUE_ON_FAILURE): Actual text and expected text of test object 'Object Repository/Page_cabi Order Items/GetAttribute_getID' are matched.

2019-11-21 19:04:39 - [MESSAGE][PASSED] - Actual text and expected text of test object 'Object Repository/Page_cabi Order Items/GetAttribute_getID' are matched.

2019-11-21 19:04:39 - [TEST_STEP][PASSED] - colorOptions = findWebElements(findTestObject("Page_cabi Order Items/GetAttribute_Color"), 5): null

2019-11-21 19:04:39 - [TEST_STEP][PASSED] - println(colorOptions.size()): null

2019-11-21 19:04:39 - [TEST_STEP][PASSED] - expectedColour = findTestData("productData").getValue("Color", row): null

2019-11-21 19:04:39 - [TEST_STEP][PASSED] - println("expected colour is"): null

2019-11-21 19:04:39 - [TEST_STEP][PASSED] - println(expectedColour): null

2019-11-21 19:04:39 - [TEST_STEP][PASSED] - colourVerified = false: null

2019-11-21 19:04:39 - [TEST_STEP][PASSED] - for (org.openqa.selenium.WebElement op : colorOptions): null

2019-11-21 19:04:39 - [TEST_STEP][PASSED] - println(op.getText()): null

2019-11-21 19:04:39 - [TEST_STEP][PASSED] - if (expectedColour.equalsIgnoreCase(op.getText())): null

2019-11-21 19:04:40 - [TEST_STEP][PASSED] - colourVerified = true: null

2019-11-21 19:04:40 - [TEST_STEP][PASSED] - break: null

2019-11-21 19:04:40 - [TEST_STEP][PASSED] - sa.assertTrue(colourVerified): null

2019-11-21 19:04:40 - [TEST_STEP][PASSED] - getPrice = getText(findTestObject("Page_cabi Order Items/GetAttribute_Price")): Text of object 'Object Repository/Page_cabi Order Items/GetAttribute_Price' is: 'Price : £49.00'

2019-11-21 19:04:40 - [MESSAGE][PASSED] - Text of object 'Object Repository/Page_cabi Order Items/GetAttribute_Price' is: 'Price : £49.00'

2019-11-21 19:04:40 - [TEST_STEP][PASSED] - Split_Data = UtilityMethods.SplitData(getPrice): null

2019-11-21 19:04:40 - [TEST_STEP][PASSED] - verifyMatch(Split_Data, findTestData("productData").getValue("Retail", row), true, CONTINUE_ON_FAILURE): Actual text '49' and expected text '49' are matched  using regular expression

2019-11-21 19:04:40 - [MESSAGE][PASSED] - Actual text '49' and expected text '49' are matched  using regular expression

2019-11-21 19:04:40 - [TEST_STEP][PASSED] - sizeRange1 = ["XXS", "XS", "S", "M", "L", "XL", "XXL"]: null

2019-11-21 19:04:40 - [TEST_STEP][PASSED] - sizeRange2 = ["00", "0", "2", "4", "6", "8", "10", "12", "14", "16"]: null

2019-11-21 19:04:40 - [TEST_STEP][PASSED] - sizeRange3 = ["Long", "Regular", "Short"]: null

2019-11-21 19:04:40 - [TEST_STEP][PASSED] - sizeRange4 = ["5", "6", "6.5", "7", "7.5", "8", "8.5", "9", "9.5", "10", "11"]: null

2019-11-21 19:04:40 - [TEST_STEP][PASSED] - sizeRange5 = ["XS/S", "M/L"]: null

2019-11-21 19:04:40 - [TEST_STEP][PASSED] - sizeRange6 = ["One Size"]: null

2019-11-21 19:04:40 - [TEST_STEP][PASSED] - sizeRangeSplit = UtilityMethods.SplitSizes(findTestData("productData").getValue("SzRange", row)): null

2019-11-21 19:04:40 - [TEST_STEP][PASSED] - sizeType = getText(findTestObject("Object Repository/Page_cabi Order Items/Size")): Text of object 'Object Repository/Page_cabi Order Items/Size' is: 'Select'

2019-11-21 19:04:40 - [MESSAGE][PASSED] - Text of object 'Object Repository/Page_cabi Order Items/Size' is: 'Select'

2019-11-21 19:04:40 - [TEST_STEP][PASSED] - sizeOptions = findWebElements(findTestObject("Object Repository/Page_cabi Order Items/Size"), 5): null

2019-11-21 19:04:40 - [TEST_STEP][PASSED] - actualRange = new java.util.ArrayList(): null

2019-11-21 19:04:40 - [TEST_STEP][PASSED] - expectedRange = <not implemented yet for class: org.codehaus.groovy.ast.expr.EmptyExpression>: null

2019-11-21 19:04:40 - [TEST_STEP][PASSED] - if (sizeType.equalsIgnoreCase("Select")): null

2019-11-21 19:04:40 - [TEST_STEP][PASSED] - for ([i = 1, i < sizeOptions.size(), (i++)]): null

2019-11-21 19:04:40 - [TEST_STEP][PASSED] - actualRange.add(getAttribute("value").toString()): null

2019-11-21 19:04:40 - [TEST_STEP][PASSED] - actualRange.add(getAttribute("value").toString()): null

2019-11-21 19:04:40 - [TEST_STEP][PASSED] - actualRange.add(getAttribute("value").toString()): null

2019-11-21 19:04:40 - [TEST_STEP][PASSED] - actualRange.add(getAttribute("value").toString()): null

2019-11-21 19:04:40 - [TEST_STEP][PASSED] - actualRange.add(getAttribute("value").toString()): null

2019-11-21 19:04:40 - [TEST_STEP][PASSED] - if (toString().equalsIgnoreCase("XS") || toString().equalsIgnoreCase("XXS")): null

2019-11-21 19:04:40 - [TEST_STEP][PASSED] - expectedRange = UtilityMethods.getExpectedRange(sizeRange1, sizeRangeSplit): null

2019-11-21 19:04:40 - [TEST_STEP][PASSED] - println("XS"): null

2019-11-21 19:04:40 - [TEST_STEP][PASSED] - println(expectedRange.toString()): null

2019-11-21 19:04:40 - [TEST_STEP][PASSED] - sa.assertTrue(UtilityMethods.listEquals(expectedRange, actualRange)): null

2019-11-21 19:04:40 - [TEST_STEP][PASSED] - delay(2): Delayed 2 second(s)

2019-11-21 19:04:42 - [MESSAGE][PASSED] - Delayed 2 second(s)

2019-11-21 19:04:42 - [TEST_STEP][PASSED] - verifyElementText(findTestObject("Page_cabi Order Items/product_title"), findTestData("productData").getValue("Description", row), CONTINUE_ON_FAILURE): Actual text and expected text of test object 'Object Repository/Page_cabi Order Items/product_title' are matched.

2019-11-21 19:04:42 - [MESSAGE][PASSED] - Actual text and expected text of test object 'Object Repository/Page_cabi Order Items/product_title' are matched.

2019-11-21 19:04:42 - [TEST_STEP][PASSED] - finalContent = findTestData("productData").getValue("FinalContent", row): null

2019-11-21 19:04:42 - [TEST_STEP][PASSED] - if (finalContent.equalsIgnoreCase("")): null

2019-11-21 19:04:42 - [TEST_STEP][PASSED] - else: Actual text and expected text of test object 'Object Repository/Page_cabi Order Items/product_fabric' are matched.

2019-11-21 19:04:42 - [TEST_STEP][PASSED] - verifyElementText(findTestObject("Page_cabi Order Items/product_fabric"), finalContent, CONTINUE_ON_FAILURE): Actual text and expected text of test object 'Object Repository/Page_cabi Order Items/product_fabric' are matched.

2019-11-21 19:04:42 - [MESSAGE][PASSED] - Actual text and expected text of test object 'Object Repository/Page_cabi Order Items/product_fabric' are matched.

2019-11-21 19:04:42 - [TEST_STEP][PASSED] - expectedCasreIntrn = findTestData("productData").getValue("CareInstr", row): null

2019-11-21 19:04:42 - [TEST_STEP][PASSED] - if (expectedCasreIntrn.equalsIgnoreCase("")): null

2019-11-21 19:04:42 - [TEST_STEP][PASSED] - actualCI = findWebElements(findTestObject("Page_cabi Order Items/care_instruction"), 5): null

2019-11-21 19:04:42 - [TEST_STEP][PASSED] - sa.assertTrue(actualCI.size() == 0): null

2019-11-21 19:04:42 - [TEST_STEP][PASSED] - delay(5): Delayed 5 second(s)

2019-11-21 19:04:47 - [MESSAGE][PASSED] - Delayed 5 second(s)

2019-11-21 19:04:47 - [TEST_STEP][PASSED] - sa = new org.testng.asserts.SoftAssert(): null

2019-11-21 19:04:47 - [TEST_STEP][PASSED] - styleid_data = findTestData("productData").getValue("Style", row): null

2019-11-21 19:04:48 - [TEST_STEP][PASSED] - println(styleid_data): null

2019-11-21 19:04:48 - [TEST_STEP][PASSED] - by = By.xpath("//input[@name='style']"): null

2019-11-21 19:04:48 - [TEST_STEP][PASSED] - styleWe = UtilityMethods.getElementByLocator(by, driver): null

2019-11-21 19:04:48 - [TEST_STEP][PASSED] - to = UtilityMethods.fromElement(styleWe): null

2019-11-21 19:04:48 - [TEST_STEP][PASSED] - println("******************+++++++++++++++++++**********************************************"): null

2019-11-21 19:04:48 - [TEST_STEP][PASSED] - setText(to, styleid_data): Text '5750' is set on object ''

2019-11-21 19:04:48 - [MESSAGE][PASSED] - Text '5750' is set on object ''

2019-11-21 19:04:48 - [TEST_STEP][PASSED] - sendKeys(to, Keys.chord(ENTER)): Keys 'ENTER + ' sent to object: ''

2019-11-21 19:04:48 - [MESSAGE][PASSED] - Keys 'ENTER + ' sent to object: ''

2019-11-21 19:04:48 - [TEST_STEP][PASSED] - delay(2): Delayed 2 second(s)

2019-11-21 19:04:50 - [MESSAGE][PASSED] - Delayed 2 second(s)

2019-11-21 19:04:50 - [TEST_STEP][PASSED] - if (toString().equalsIgnoreCase("no")): null

2019-11-21 19:04:50 - [TEST_STEP][PASSED] - else: null

2019-11-21 19:04:50 - [TEST_STEP][PASSED] - click(findTestObject("Page_cabi Order Items/li_order_item")): Object: 'Object Repository/Page_cabi Order Items/li_order_item' is clicked on

2019-11-21 19:04:55 - [MESSAGE][PASSED] - Object: 'Object Repository/Page_cabi Order Items/li_order_item' is clicked on

2019-11-21 19:04:55 - [TEST_STEP][PASSED] - delay(5): Delayed 5 second(s)

2019-11-21 19:05:00 - [MESSAGE][PASSED] - Delayed 5 second(s)

2019-11-21 19:05:00 - [TEST_STEP][PASSED] - imagePath = UtilityMethods.createScreenshotImagePath(storeType, styleid_data): null

2019-11-21 19:05:00 - [TEST_STEP][PASSED] - println(imagePath): null

2019-11-21 19:05:00 - [TEST_STEP][PASSED] - takeScreenshot(imagePath): Taking screenshot successfully

2019-11-21 19:05:01 - [MESSAGE][PASSED] - Taking screenshot successfully
[[ATTACHMENT|C:\\Users\\user\\Documents\\testautomation\\KatalonProjects\\productImages\\BOPersonal_5750 image.png]]

2019-11-21 19:05:01 - [TEST_STEP][PASSED] - verifyElementText(findTestObject("Page_cabi Order Items/GetAttribute_getID"), styleid_data, CONTINUE_ON_FAILURE): Actual text and expected text of test object 'Object Repository/Page_cabi Order Items/GetAttribute_getID' are matched.

2019-11-21 19:05:01 - [MESSAGE][PASSED] - Actual text and expected text of test object 'Object Repository/Page_cabi Order Items/GetAttribute_getID' are matched.

2019-11-21 19:05:01 - [TEST_STEP][PASSED] - colorOptions = findWebElements(findTestObject("Page_cabi Order Items/GetAttribute_Color"), 5): null

2019-11-21 19:05:01 - [TEST_STEP][PASSED] - println(colorOptions.size()): null

2019-11-21 19:05:01 - [TEST_STEP][PASSED] - expectedColour = findTestData("productData").getValue("Color", row): null

2019-11-21 19:05:01 - [TEST_STEP][PASSED] - println("expected colour is"): null

2019-11-21 19:05:01 - [TEST_STEP][PASSED] - println(expectedColour): null

2019-11-21 19:05:01 - [TEST_STEP][PASSED] - colourVerified = false: null

2019-11-21 19:05:01 - [TEST_STEP][PASSED] - for (org.openqa.selenium.WebElement op : colorOptions): null

2019-11-21 19:05:01 - [TEST_STEP][PASSED] - println(op.getText()): null

2019-11-21 19:05:01 - [TEST_STEP][PASSED] - if (expectedColour.equalsIgnoreCase(op.getText())): null

2019-11-21 19:05:01 - [TEST_STEP][PASSED] - colourVerified = true: null

2019-11-21 19:05:01 - [TEST_STEP][PASSED] - break: null

2019-11-21 19:05:01 - [TEST_STEP][PASSED] - sa.assertTrue(colourVerified): null

2019-11-21 19:05:01 - [TEST_STEP][PASSED] - getPrice = getText(findTestObject("Page_cabi Order Items/GetAttribute_Price")): Text of object 'Object Repository/Page_cabi Order Items/GetAttribute_Price' is: 'Price : £69.00'

2019-11-21 19:05:01 - [MESSAGE][PASSED] - Text of object 'Object Repository/Page_cabi Order Items/GetAttribute_Price' is: 'Price : £69.00'

2019-11-21 19:05:01 - [TEST_STEP][PASSED] - Split_Data = UtilityMethods.SplitData(getPrice): null

2019-11-21 19:05:01 - [TEST_STEP][PASSED] - verifyMatch(Split_Data, findTestData("productData").getValue("Retail", row), true, CONTINUE_ON_FAILURE): Actual text '69' and expected text '69' are matched  using regular expression

2019-11-21 19:05:01 - [MESSAGE][PASSED] - Actual text '69' and expected text '69' are matched  using regular expression

2019-11-21 19:05:01 - [TEST_STEP][PASSED] - sizeRange1 = ["XXS", "XS", "S", "M", "L", "XL", "XXL"]: null

2019-11-21 19:05:02 - [TEST_STEP][PASSED] - sizeRange2 = ["00", "0", "2", "4", "6", "8", "10", "12", "14", "16"]: null

2019-11-21 19:05:02 - [TEST_STEP][PASSED] - sizeRange3 = ["Long", "Regular", "Short"]: null

2019-11-21 19:05:02 - [TEST_STEP][PASSED] - sizeRange4 = ["5", "6", "6.5", "7", "7.5", "8", "8.5", "9", "9.5", "10", "11"]: null

2019-11-21 19:05:02 - [TEST_STEP][PASSED] - sizeRange5 = ["XS/S", "M/L"]: null

2019-11-21 19:05:02 - [TEST_STEP][PASSED] - sizeRange6 = ["One Size"]: null

2019-11-21 19:05:02 - [TEST_STEP][PASSED] - sizeRangeSplit = UtilityMethods.SplitSizes(findTestData("productData").getValue("SzRange", row)): null

2019-11-21 19:05:02 - [TEST_STEP][PASSED] - sizeType = getText(findTestObject("Object Repository/Page_cabi Order Items/Size")): Text of object 'Object Repository/Page_cabi Order Items/Size' is: 'Select'

2019-11-21 19:05:02 - [MESSAGE][PASSED] - Text of object 'Object Repository/Page_cabi Order Items/Size' is: 'Select'

2019-11-21 19:05:02 - [TEST_STEP][PASSED] - sizeOptions = findWebElements(findTestObject("Object Repository/Page_cabi Order Items/Size"), 5): null

2019-11-21 19:05:02 - [TEST_STEP][PASSED] - actualRange = new java.util.ArrayList(): null

2019-11-21 19:05:02 - [TEST_STEP][PASSED] - expectedRange = <not implemented yet for class: org.codehaus.groovy.ast.expr.EmptyExpression>: null

2019-11-21 19:05:02 - [TEST_STEP][PASSED] - if (sizeType.equalsIgnoreCase("Select")): null

2019-11-21 19:05:02 - [TEST_STEP][PASSED] - for ([i = 1, i < sizeOptions.size(), (i++)]): null

2019-11-21 19:05:02 - [TEST_STEP][PASSED] - actualRange.add(getAttribute("value").toString()): null

2019-11-21 19:05:02 - [TEST_STEP][PASSED] - actualRange.add(getAttribute("value").toString()): null

2019-11-21 19:05:02 - [TEST_STEP][PASSED] - actualRange.add(getAttribute("value").toString()): null

2019-11-21 19:05:02 - [TEST_STEP][PASSED] - actualRange.add(getAttribute("value").toString()): null

2019-11-21 19:05:02 - [TEST_STEP][PASSED] - actualRange.add(getAttribute("value").toString()): null

2019-11-21 19:05:02 - [TEST_STEP][PASSED] - if (toString().equalsIgnoreCase("XS") || toString().equalsIgnoreCase("XXS")): null

2019-11-21 19:05:02 - [TEST_STEP][PASSED] - expectedRange = UtilityMethods.getExpectedRange(sizeRange1, sizeRangeSplit): null

2019-11-21 19:05:02 - [TEST_STEP][PASSED] - println("XS"): null

2019-11-21 19:05:02 - [TEST_STEP][PASSED] - println(expectedRange.toString()): null

2019-11-21 19:05:02 - [TEST_STEP][PASSED] - sa.assertTrue(UtilityMethods.listEquals(expectedRange, actualRange)): null

2019-11-21 19:05:02 - [TEST_STEP][PASSED] - delay(2): Delayed 2 second(s)

2019-11-21 19:05:04 - [MESSAGE][PASSED] - Delayed 2 second(s)

2019-11-21 19:05:04 - [TEST_STEP][PASSED] - verifyElementText(findTestObject("Page_cabi Order Items/product_title"), findTestData("productData").getValue("Description", row), CONTINUE_ON_FAILURE): Actual text and expected text of test object 'Object Repository/Page_cabi Order Items/product_title' are matched.

2019-11-21 19:05:04 - [MESSAGE][PASSED] - Actual text and expected text of test object 'Object Repository/Page_cabi Order Items/product_title' are matched.

2019-11-21 19:05:04 - [TEST_STEP][PASSED] - finalContent = findTestData("productData").getValue("FinalContent", row): null

2019-11-21 19:05:04 - [TEST_STEP][PASSED] - if (finalContent.equalsIgnoreCase("")): null

2019-11-21 19:05:04 - [TEST_STEP][PASSED] - else: Actual text and expected text of test object 'Object Repository/Page_cabi Order Items/product_fabric' are matched.

2019-11-21 19:05:04 - [TEST_STEP][PASSED] - verifyElementText(findTestObject("Page_cabi Order Items/product_fabric"), finalContent, CONTINUE_ON_FAILURE): Actual text and expected text of test object 'Object Repository/Page_cabi Order Items/product_fabric' are matched.

2019-11-21 19:05:04 - [MESSAGE][PASSED] - Actual text and expected text of test object 'Object Repository/Page_cabi Order Items/product_fabric' are matched.

2019-11-21 19:05:04 - [TEST_STEP][PASSED] - expectedCasreIntrn = findTestData("productData").getValue("CareInstr", row): null

2019-11-21 19:05:04 - [TEST_STEP][PASSED] - if (expectedCasreIntrn.equalsIgnoreCase("")): null

2019-11-21 19:05:04 - [TEST_STEP][PASSED] - actualCI = findWebElements(findTestObject("Page_cabi Order Items/care_instruction"), 5): null

2019-11-21 19:05:04 - [TEST_STEP][PASSED] - sa.assertTrue(actualCI.size() == 0): null

2019-11-21 19:05:04 - [TEST_STEP][PASSED] - delay(5): Delayed 5 second(s)

2019-11-21 19:05:09 - [MESSAGE][PASSED] - Delayed 5 second(s)

2019-11-21 19:05:09 - [TEST_STEP][PASSED] - sa = new org.testng.asserts.SoftAssert(): null

2019-11-21 19:05:09 - [TEST_STEP][PASSED] - styleid_data = findTestData("productData").getValue("Style", row): null

2019-11-21 19:05:09 - [TEST_STEP][PASSED] - println(styleid_data): null

2019-11-21 19:05:09 - [TEST_STEP][PASSED] - by = By.xpath("//input[@name='style']"): null

2019-11-21 19:05:09 - [TEST_STEP][PASSED] - styleWe = UtilityMethods.getElementByLocator(by, driver): null

2019-11-21 19:05:09 - [TEST_STEP][PASSED] - to = UtilityMethods.fromElement(styleWe): null

2019-11-21 19:05:09 - [TEST_STEP][PASSED] - println("******************+++++++++++++++++++**********************************************"): null

2019-11-21 19:05:09 - [TEST_STEP][PASSED] - setText(to, styleid_data): Text '5756' is set on object ''

2019-11-21 19:05:10 - [MESSAGE][PASSED] - Text '5756' is set on object ''

2019-11-21 19:05:10 - [TEST_STEP][PASSED] - sendKeys(to, Keys.chord(ENTER)): Keys 'ENTER + ' sent to object: ''

2019-11-21 19:05:10 - [MESSAGE][PASSED] - Keys 'ENTER + ' sent to object: ''

2019-11-21 19:05:10 - [TEST_STEP][PASSED] - delay(2): Delayed 2 second(s)

2019-11-21 19:05:12 - [MESSAGE][PASSED] - Delayed 2 second(s)

2019-11-21 19:05:12 - [TEST_STEP][PASSED] - if (toString().equalsIgnoreCase("no")): null

2019-11-21 19:05:12 - [TEST_STEP][PASSED] - else: null

2019-11-21 19:05:12 - [TEST_STEP][PASSED] - click(findTestObject("Page_cabi Order Items/li_order_item")): Object: 'Object Repository/Page_cabi Order Items/li_order_item' is clicked on

2019-11-21 19:05:18 - [MESSAGE][PASSED] - Object: 'Object Repository/Page_cabi Order Items/li_order_item' is clicked on

2019-11-21 19:05:18 - [TEST_STEP][PASSED] - delay(5): Delayed 5 second(s)

2019-11-21 19:05:23 - [MESSAGE][PASSED] - Delayed 5 second(s)

2019-11-21 19:05:23 - [TEST_STEP][PASSED] - imagePath = UtilityMethods.createScreenshotImagePath(storeType, styleid_data): null

2019-11-21 19:05:23 - [TEST_STEP][PASSED] - println(imagePath): null

2019-11-21 19:05:23 - [TEST_STEP][PASSED] - takeScreenshot(imagePath): Taking screenshot successfully

2019-11-21 19:05:23 - [MESSAGE][PASSED] - Taking screenshot successfully
[[ATTACHMENT|C:\\Users\\user\\Documents\\testautomation\\KatalonProjects\\productImages\\BOPersonal_5756 image.png]]

2019-11-21 19:05:23 - [TEST_STEP][PASSED] - verifyElementText(findTestObject("Page_cabi Order Items/GetAttribute_getID"), styleid_data, CONTINUE_ON_FAILURE): Actual text and expected text of test object 'Object Repository/Page_cabi Order Items/GetAttribute_getID' are matched.

2019-11-21 19:05:23 - [MESSAGE][PASSED] - Actual text and expected text of test object 'Object Repository/Page_cabi Order Items/GetAttribute_getID' are matched.

2019-11-21 19:05:23 - [TEST_STEP][PASSED] - colorOptions = findWebElements(findTestObject("Page_cabi Order Items/GetAttribute_Color"), 5): null

2019-11-21 19:05:23 - [TEST_STEP][PASSED] - println(colorOptions.size()): null

2019-11-21 19:05:23 - [TEST_STEP][PASSED] - expectedColour = findTestData("productData").getValue("Color", row): null

2019-11-21 19:05:24 - [TEST_STEP][PASSED] - println("expected colour is"): null

2019-11-21 19:05:24 - [TEST_STEP][PASSED] - println(expectedColour): null

2019-11-21 19:05:24 - [TEST_STEP][PASSED] - colourVerified = false: null

2019-11-21 19:05:24 - [TEST_STEP][PASSED] - for (org.openqa.selenium.WebElement op : colorOptions): null

2019-11-21 19:05:24 - [TEST_STEP][PASSED] - println(op.getText()): null

2019-11-21 19:05:24 - [TEST_STEP][PASSED] - if (expectedColour.equalsIgnoreCase(op.getText())): null

2019-11-21 19:05:24 - [TEST_STEP][PASSED] - colourVerified = true: null

2019-11-21 19:05:24 - [TEST_STEP][PASSED] - break: null

2019-11-21 19:05:24 - [TEST_STEP][PASSED] - sa.assertTrue(colourVerified): null

2019-11-21 19:05:24 - [TEST_STEP][PASSED] - getPrice = getText(findTestObject("Page_cabi Order Items/GetAttribute_Price")): Text of object 'Object Repository/Page_cabi Order Items/GetAttribute_Price' is: 'Price : £69.00'

2019-11-21 19:05:24 - [MESSAGE][PASSED] - Text of object 'Object Repository/Page_cabi Order Items/GetAttribute_Price' is: 'Price : £69.00'

2019-11-21 19:05:24 - [TEST_STEP][PASSED] - Split_Data = UtilityMethods.SplitData(getPrice): null

2019-11-21 19:05:24 - [TEST_STEP][PASSED] - verifyMatch(Split_Data, findTestData("productData").getValue("Retail", row), true, CONTINUE_ON_FAILURE): Actual text '69' and expected text '69' are matched  using regular expression

2019-11-21 19:05:24 - [MESSAGE][PASSED] - Actual text '69' and expected text '69' are matched  using regular expression

2019-11-21 19:05:24 - [TEST_STEP][PASSED] - sizeRange1 = ["XXS", "XS", "S", "M", "L", "XL", "XXL"]: null

2019-11-21 19:05:24 - [TEST_STEP][PASSED] - sizeRange2 = ["00", "0", "2", "4", "6", "8", "10", "12", "14", "16"]: null

2019-11-21 19:05:24 - [TEST_STEP][PASSED] - sizeRange3 = ["Long", "Regular", "Short"]: null

2019-11-21 19:05:24 - [TEST_STEP][PASSED] - sizeRange4 = ["5", "6", "6.5", "7", "7.5", "8", "8.5", "9", "9.5", "10", "11"]: null

2019-11-21 19:05:24 - [TEST_STEP][PASSED] - sizeRange5 = ["XS/S", "M/L"]: null

2019-11-21 19:05:24 - [TEST_STEP][PASSED] - sizeRange6 = ["One Size"]: null

2019-11-21 19:05:24 - [TEST_STEP][PASSED] - sizeRangeSplit = UtilityMethods.SplitSizes(findTestData("productData").getValue("SzRange", row)): null

2019-11-21 19:05:24 - [TEST_STEP][PASSED] - sizeType = getText(findTestObject("Object Repository/Page_cabi Order Items/Size")): Text of object 'Object Repository/Page_cabi Order Items/Size' is: 'Select'

2019-11-21 19:05:24 - [MESSAGE][PASSED] - Text of object 'Object Repository/Page_cabi Order Items/Size' is: 'Select'

2019-11-21 19:05:24 - [TEST_STEP][PASSED] - sizeOptions = findWebElements(findTestObject("Object Repository/Page_cabi Order Items/Size"), 5): null

2019-11-21 19:05:24 - [TEST_STEP][PASSED] - actualRange = new java.util.ArrayList(): null

2019-11-21 19:05:24 - [TEST_STEP][PASSED] - expectedRange = <not implemented yet for class: org.codehaus.groovy.ast.expr.EmptyExpression>: null

2019-11-21 19:05:24 - [TEST_STEP][PASSED] - if (sizeType.equalsIgnoreCase("Select")): null

2019-11-21 19:05:24 - [TEST_STEP][PASSED] - for ([i = 1, i < sizeOptions.size(), (i++)]): null

2019-11-21 19:05:24 - [TEST_STEP][PASSED] - actualRange.add(getAttribute("value").toString()): null

2019-11-21 19:05:24 - [TEST_STEP][PASSED] - actualRange.add(getAttribute("value").toString()): null

2019-11-21 19:05:24 - [TEST_STEP][PASSED] - actualRange.add(getAttribute("value").toString()): null

2019-11-21 19:05:24 - [TEST_STEP][PASSED] - actualRange.add(getAttribute("value").toString()): null

2019-11-21 19:05:24 - [TEST_STEP][PASSED] - actualRange.add(getAttribute("value").toString()): null

2019-11-21 19:05:24 - [TEST_STEP][PASSED] - actualRange.add(getAttribute("value").toString()): null

2019-11-21 19:05:24 - [TEST_STEP][PASSED] - if (toString().equalsIgnoreCase("XS") || toString().equalsIgnoreCase("XXS")): null

2019-11-21 19:05:24 - [TEST_STEP][PASSED] - expectedRange = UtilityMethods.getExpectedRange(sizeRange1, sizeRangeSplit): null

2019-11-21 19:05:24 - [TEST_STEP][PASSED] - println("XS"): null

2019-11-21 19:05:24 - [TEST_STEP][PASSED] - println(expectedRange.toString()): null

2019-11-21 19:05:24 - [TEST_STEP][PASSED] - sa.assertTrue(UtilityMethods.listEquals(expectedRange, actualRange)): null

2019-11-21 19:05:24 - [TEST_STEP][PASSED] - delay(2): Delayed 2 second(s)

2019-11-21 19:05:26 - [MESSAGE][PASSED] - Delayed 2 second(s)

2019-11-21 19:05:26 - [TEST_STEP][PASSED] - verifyElementText(findTestObject("Page_cabi Order Items/product_title"), findTestData("productData").getValue("Description", row), CONTINUE_ON_FAILURE): Actual text and expected text of test object 'Object Repository/Page_cabi Order Items/product_title' are matched.

2019-11-21 19:05:26 - [MESSAGE][PASSED] - Actual text and expected text of test object 'Object Repository/Page_cabi Order Items/product_title' are matched.

2019-11-21 19:05:26 - [TEST_STEP][PASSED] - finalContent = findTestData("productData").getValue("FinalContent", row): null

2019-11-21 19:05:26 - [TEST_STEP][PASSED] - if (finalContent.equalsIgnoreCase("")): null

2019-11-21 19:05:26 - [TEST_STEP][PASSED] - else: Actual text and expected text of test object 'Object Repository/Page_cabi Order Items/product_fabric' are matched.

2019-11-21 19:05:26 - [TEST_STEP][PASSED] - verifyElementText(findTestObject("Page_cabi Order Items/product_fabric"), finalContent, CONTINUE_ON_FAILURE): Actual text and expected text of test object 'Object Repository/Page_cabi Order Items/product_fabric' are matched.

2019-11-21 19:05:26 - [MESSAGE][PASSED] - Actual text and expected text of test object 'Object Repository/Page_cabi Order Items/product_fabric' are matched.

2019-11-21 19:05:26 - [TEST_STEP][PASSED] - expectedCasreIntrn = findTestData("productData").getValue("CareInstr", row): null

2019-11-21 19:05:27 - [TEST_STEP][PASSED] - if (expectedCasreIntrn.equalsIgnoreCase("")): null

2019-11-21 19:05:27 - [TEST_STEP][PASSED] - actualCI = findWebElements(findTestObject("Page_cabi Order Items/care_instruction"), 5): null

2019-11-21 19:05:27 - [TEST_STEP][PASSED] - sa.assertTrue(actualCI.size() == 0): null

2019-11-21 19:05:27 - [MESSAGE][PASSED] - Call Test Case 'Test Cases/NewArrival/productVerify' successfully]]></system-out>
         <system-err><![CDATA[]]></system-err>
      </testcase>
      <system-out><![CDATA[2019-11-21 18:56:57 - [TEST_SUITE][PASSED] - NewArrivalsSuite1: Test Cases/NA_Timezone_Separated/BOPersonal1]]></system-out>
      <system-err><![CDATA[]]></system-err>
   </testsuite>
</testsuites>
