<?xml version="1.0" encoding="UTF-8"?>
<testsuites name="NewArrivalSuite" time="242" tests="0" failures="1" errors="0">
   <testsuite name="NewArrivalSuite" tests="0" failures="1" errors="0" time="242" timestamp="2019-05-08 11:27:45" hostname="user - 10.0.102.159" id="Test Suites/NewArrivalSuite">
      <properties>
         <property name="deviceName" value=""/>
         <property name="devicePlatform" value=""/>
         <property name="logFolder" value="C:\\Users\\user\\Documents\\testautomation\\NewArrivals\\Reports\\NewArrivalSuite\\20190508_112742"/>
         <property name="logFiles" value="C:\\Users\\user\\Documents\\testautomation\\NewArrivals\\Reports\\NewArrivalSuite\\20190508_112742\\execution0.log"/>
         <property name="attachments" value=""/>
         <property name="hostName" value="user - 10.0.102.159"/>
         <property name="os" value="Windows 8.1 64bit"/>
         <property name="katalonVersion" value="6.1.1.1"/>
         <property name="browser" value="Chrome 74.0.3729.131"/>
         <property name="hostAddress" value="10.0.102.159"/>
         <property name="sessionId" value="cf2d3c79c56316a47e7caa8211c6f489"/>
         <property name="seleniumVersion" value="3.7.1"/>
         <property name="proxyInformation" value="ProxyInformation{proxyOption=NO_PROXY, proxyServerType=HTTP, password=, proxyServerAddress=, proxyServerPort=0}"/>
         <property name="platform" value="Windows 8.1"/>
      </properties>
      <testcase name="Test Cases/NewArrivals" classname="Test Cases/NewArrivals" status="FAILED">
         <failure type="FAILED" message="Test Cases/NewArrivals FAILED.
Reason:
com.kms.katalon.core.exception.StepFailedException: Unable to navigate to 'https://test14.cliotest.com/cabicentral/control/main'
	at com.kms.katalon.core.webui.keyword.internal.WebUIKeywordMain.stepFailed(WebUIKeywordMain.groovy:64)
	at com.kms.katalon.core.webui.keyword.internal.WebUIKeywordMain.runKeyword(WebUIKeywordMain.groovy:26)
	at com.kms.katalon.core.webui.keyword.builtin.NavigateToUrlKeyword.navigateToUrl(NavigateToUrlKeyword.groovy:83)
	at com.kms.katalon.core.webui.keyword.builtin.NavigateToUrlKeyword.execute(NavigateToUrlKeyword.groovy:67)
	at com.kms.katalon.core.keyword.internal.KeywordExecutor.executeKeywordForPlatform(KeywordExecutor.groovy:56)
	at com.kms.katalon.core.webui.keyword.WebUiBuiltInKeywords.navigateToUrl(WebUiBuiltInKeywords.groovy:183)
	at com.kms.katalon.core.webui.keyword.WebUiBuiltInKeywords$navigateToUrl$0.call(Unknown Source)
	at NewArrivals.run(NewArrivals:84)
	at com.kms.katalon.core.main.ScriptEngine.run(ScriptEngine.java:194)
	at com.kms.katalon.core.main.ScriptEngine.runScriptAsRawText(ScriptEngine.java:119)
	at com.kms.katalon.core.main.TestCaseExecutor.runScript(TestCaseExecutor.java:342)
	at com.kms.katalon.core.main.TestCaseExecutor.doExecute(TestCaseExecutor.java:333)
	at com.kms.katalon.core.main.TestCaseExecutor.processExecutionPhase(TestCaseExecutor.java:312)
	at com.kms.katalon.core.main.TestCaseExecutor.accessMainPhase(TestCaseExecutor.java:304)
	at com.kms.katalon.core.main.TestCaseExecutor.execute(TestCaseExecutor.java:238)
	at com.kms.katalon.core.main.TestSuiteExecutor.accessTestCaseMainPhase(TestSuiteExecutor.java:129)
	at com.kms.katalon.core.main.TestSuiteExecutor.accessTestSuiteMainPhase(TestSuiteExecutor.java:112)
	at com.kms.katalon.core.main.TestSuiteExecutor.execute(TestSuiteExecutor.java:81)
	at com.kms.katalon.core.main.TestCaseMain.startTestSuite(TestCaseMain.java:157)
	at com.kms.katalon.core.main.TestCaseMain$startTestSuite$0.call(Unknown Source)
	at TempTestSuite1557295062757.run(TempTestSuite1557295062757.groovy:35)
Caused by: com.kms.katalon.core.webui.exception.BrowserNotOpenedException: Browser is not opened
Build info: version: '3.7.1', revision: '8a0099a', time: '2017-11-06T21:07:36.161Z'
System info: host: 'NIVEDITA', ip: '10.0.102.159', os.name: 'Windows 8.1', os.arch: 'amd64', os.version: '6.3', java.version: '1.8.0_181'
Driver info: driver.version: unknown
	at com.kms.katalon.core.webui.driver.DriverFactory.verifyWebDriverIsOpen(DriverFactory.java:632)
	at com.kms.katalon.core.webui.driver.DriverFactory.verifyWebDriver(DriverFactory.java:617)
	at com.kms.katalon.core.webui.driver.DriverFactory.getWebDriver(DriverFactory.java:603)
	at com.kms.katalon.core.webui.keyword.builtin.NavigateToUrlKeyword$_navigateToUrl_closure1.doCall(NavigateToUrlKeyword.groovy:80)
	at com.kms.katalon.core.webui.keyword.builtin.NavigateToUrlKeyword$_navigateToUrl_closure1.call(NavigateToUrlKeyword.groovy)
	at com.kms.katalon.core.webui.keyword.internal.WebUIKeywordMain.runKeyword(WebUIKeywordMain.groovy:20)
	at com.kms.katalon.core.webui.keyword.builtin.NavigateToUrlKeyword.navigateToUrl(NavigateToUrlKeyword.groovy:83)
	at com.kms.katalon.core.webui.keyword.builtin.NavigateToUrlKeyword.execute(NavigateToUrlKeyword.groovy:67)
	at com.kms.katalon.core.keyword.internal.KeywordExecutor.executeKeywordForPlatform(KeywordExecutor.groovy:56)
	at com.kms.katalon.core.webui.keyword.WebUiBuiltInKeywords.navigateToUrl(WebUiBuiltInKeywords.groovy:183)
	at com.kms.katalon.core.webui.keyword.WebUiBuiltInKeywords$navigateToUrl$0.call(Unknown Source)
	at Script1556094498836.run(Script1556094498836.groovy:84)
	... 13 more
"/>
         <system-out><![CDATA[2019-05-08 11:27:45 - [TEST_CASE][FAILED] - Test Cases/NewArrivals: Test Cases/NewArrivals FAILED.
Reason:
com.kms.katalon.core.exception.StepFailedException: Unable to navigate to 'https://test14.cliotest.com/cabicentral/control/main'
	at com.kms.katalon.core.webui.keyword.internal.WebUIKeywordMain.stepFailed(WebUIKeywordMain.groovy:64)
	at com.kms.katalon.core.webui.keyword.internal.WebUIKeywordMain.runKeyword(WebUIKeywordMain.groovy:26)
	at com.kms.katalon.core.webui.keyword.builtin.NavigateToUrlKeyword.navigateToUrl(NavigateToUrlKeyword.groovy:83)
	at com.kms.katalon.core.webui.keyword.builtin.NavigateToUrlKeyword.execute(NavigateToUrlKeyword.groovy:67)
	at com.kms.katalon.core.keyword.internal.KeywordExecutor.executeKeywordForPlatform(KeywordExecutor.groovy:56)
	at com.kms.katalon.core.webui.keyword.WebUiBuiltInKeywords.navigateToUrl(WebUiBuiltInKeywords.groovy:183)
	at com.kms.katalon.core.webui.keyword.WebUiBuiltInKeywords$navigateToUrl$0.call(Unknown Source)
	at NewArrivals.run(NewArrivals:84)
	at com.kms.katalon.core.main.ScriptEngine.run(ScriptEngine.java:194)
	at com.kms.katalon.core.main.ScriptEngine.runScriptAsRawText(ScriptEngine.java:119)
	at com.kms.katalon.core.main.TestCaseExecutor.runScript(TestCaseExecutor.java:342)
	at com.kms.katalon.core.main.TestCaseExecutor.doExecute(TestCaseExecutor.java:333)
	at com.kms.katalon.core.main.TestCaseExecutor.processExecutionPhase(TestCaseExecutor.java:312)
	at com.kms.katalon.core.main.TestCaseExecutor.accessMainPhase(TestCaseExecutor.java:304)
	at com.kms.katalon.core.main.TestCaseExecutor.execute(TestCaseExecutor.java:238)
	at com.kms.katalon.core.main.TestSuiteExecutor.accessTestCaseMainPhase(TestSuiteExecutor.java:129)
	at com.kms.katalon.core.main.TestSuiteExecutor.accessTestSuiteMainPhase(TestSuiteExecutor.java:112)
	at com.kms.katalon.core.main.TestSuiteExecutor.execute(TestSuiteExecutor.java:81)
	at com.kms.katalon.core.main.TestCaseMain.startTestSuite(TestCaseMain.java:157)
	at com.kms.katalon.core.main.TestCaseMain$startTestSuite$0.call(Unknown Source)
	at TempTestSuite1557295062757.run(TempTestSuite1557295062757.groovy:35)
Caused by: com.kms.katalon.core.webui.exception.BrowserNotOpenedException: Browser is not opened
Build info: version: '3.7.1', revision: '8a0099a', time: '2017-11-06T21:07:36.161Z'
System info: host: 'NIVEDITA', ip: '10.0.102.159', os.name: 'Windows 8.1', os.arch: 'amd64', os.version: '6.3', java.version: '1.8.0_181'
Driver info: driver.version: unknown
	at com.kms.katalon.core.webui.driver.DriverFactory.verifyWebDriverIsOpen(DriverFactory.java:632)
	at com.kms.katalon.core.webui.driver.DriverFactory.verifyWebDriver(DriverFactory.java:617)
	at com.kms.katalon.core.webui.driver.DriverFactory.getWebDriver(DriverFactory.java:603)
	at com.kms.katalon.core.webui.keyword.builtin.NavigateToUrlKeyword$_navigateToUrl_closure1.doCall(NavigateToUrlKeyword.groovy:80)
	at com.kms.katalon.core.webui.keyword.builtin.NavigateToUrlKeyword$_navigateToUrl_closure1.call(NavigateToUrlKeyword.groovy)
	at com.kms.katalon.core.webui.keyword.internal.WebUIKeywordMain.runKeyword(WebUIKeywordMain.groovy:20)
	at com.kms.katalon.core.webui.keyword.builtin.NavigateToUrlKeyword.navigateToUrl(NavigateToUrlKeyword.groovy:83)
	at com.kms.katalon.core.webui.keyword.builtin.NavigateToUrlKeyword.execute(NavigateToUrlKeyword.groovy:67)
	at com.kms.katalon.core.keyword.internal.KeywordExecutor.executeKeywordForPlatform(KeywordExecutor.groovy:56)
	at com.kms.katalon.core.webui.keyword.WebUiBuiltInKeywords.navigateToUrl(WebUiBuiltInKeywords.groovy:183)
	at com.kms.katalon.core.webui.keyword.WebUiBuiltInKeywords$navigateToUrl$0.call(Unknown Source)
	at Script1556094498836.run(Script1556094498836.groovy:84)
	... 13 more


2019-05-08 11:27:46 - [TEST_STEP][PASSED] - Start listener action : sampleBeforeTestCase: null

2019-05-08 11:27:46 - [TEST_STEP][PASSED] - println(testCaseContext.getTestCaseId()): null

2019-05-08 11:27:46 - [TEST_STEP][PASSED] - println(testCaseContext.getTestCaseVariables()): null

2019-05-08 11:27:46 - [TEST_STEP][PASSED] - openBrowser(""): Browser is opened with url: ''

2019-05-08 11:27:46 - [MESSAGE][INFO] - Starting 'Chrome' driver

2019-05-08 11:27:46 - [MESSAGE][INFO] - Action delay is set to 0 seconds

2019-05-08 11:27:50 - [MESSAGE][PASSED] - Browser is opened with url: ''

2019-05-08 11:27:50 - [TEST_STEP][FAILED] - for ([timeRow = 1, timeRow <= findTestData("timezoneData").getRowNumbers(), (timeRow++)]): for ([timeRow = 1, timeRow <= findTestData("timezoneData").getRowNumbers(), (timeRow++)]) FAILED.
Reason:
com.kms.katalon.core.exception.StepFailedException: Unable to navigate to 'https://test14.cliotest.com/cabicentral/control/main'
	at com.kms.katalon.core.webui.keyword.internal.WebUIKeywordMain.stepFailed(WebUIKeywordMain.groovy:64)
	at com.kms.katalon.core.webui.keyword.internal.WebUIKeywordMain.runKeyword(WebUIKeywordMain.groovy:26)
	at com.kms.katalon.core.webui.keyword.builtin.NavigateToUrlKeyword.navigateToUrl(NavigateToUrlKeyword.groovy:83)
	at com.kms.katalon.core.webui.keyword.builtin.NavigateToUrlKeyword.execute(NavigateToUrlKeyword.groovy:67)
	at com.kms.katalon.core.keyword.internal.KeywordExecutor.executeKeywordForPlatform(KeywordExecutor.groovy:56)
	at com.kms.katalon.core.webui.keyword.WebUiBuiltInKeywords.navigateToUrl(WebUiBuiltInKeywords.groovy:183)
	at com.kms.katalon.core.webui.keyword.WebUiBuiltInKeywords$navigateToUrl$0.call(Unknown Source)
	at NewArrivals.run(NewArrivals:84)
	at com.kms.katalon.core.main.ScriptEngine.run(ScriptEngine.java:194)
	at com.kms.katalon.core.main.ScriptEngine.runScriptAsRawText(ScriptEngine.java:119)
	at com.kms.katalon.core.main.TestCaseExecutor.runScript(TestCaseExecutor.java:342)
	at com.kms.katalon.core.main.TestCaseExecutor.doExecute(TestCaseExecutor.java:333)
	at com.kms.katalon.core.main.TestCaseExecutor.processExecutionPhase(TestCaseExecutor.java:312)
	at com.kms.katalon.core.main.TestCaseExecutor.accessMainPhase(TestCaseExecutor.java:304)
	at com.kms.katalon.core.main.TestCaseExecutor.execute(TestCaseExecutor.java:238)
	at com.kms.katalon.core.main.TestSuiteExecutor.accessTestCaseMainPhase(TestSuiteExecutor.java:129)
	at com.kms.katalon.core.main.TestSuiteExecutor.accessTestSuiteMainPhase(TestSuiteExecutor.java:112)
	at com.kms.katalon.core.main.TestSuiteExecutor.execute(TestSuiteExecutor.java:81)
	at com.kms.katalon.core.main.TestCaseMain.startTestSuite(TestCaseMain.java:157)
	at com.kms.katalon.core.main.TestCaseMain$startTestSuite$0.call(Unknown Source)
	at TempTestSuite1557295062757.run(TempTestSuite1557295062757.groovy:35)
Caused by: com.kms.katalon.core.webui.exception.BrowserNotOpenedException: Browser is not opened
Build info: version: '3.7.1', revision: '8a0099a', time: '2017-11-06T21:07:36.161Z'
System info: host: 'NIVEDITA', ip: '10.0.102.159', os.name: 'Windows 8.1', os.arch: 'amd64', os.version: '6.3', java.version: '1.8.0_181'
Driver info: driver.version: unknown
	at com.kms.katalon.core.webui.driver.DriverFactory.verifyWebDriverIsOpen(DriverFactory.java:632)
	at com.kms.katalon.core.webui.driver.DriverFactory.verifyWebDriver(DriverFactory.java:617)
	at com.kms.katalon.core.webui.driver.DriverFactory.getWebDriver(DriverFactory.java:603)
	at com.kms.katalon.core.webui.keyword.builtin.NavigateToUrlKeyword$_navigateToUrl_closure1.doCall(NavigateToUrlKeyword.groovy:80)
	at com.kms.katalon.core.webui.keyword.builtin.NavigateToUrlKeyword$_navigateToUrl_closure1.call(NavigateToUrlKeyword.groovy)
	at com.kms.katalon.core.webui.keyword.internal.WebUIKeywordMain.runKeyword(WebUIKeywordMain.groovy:20)
	at com.kms.katalon.core.webui.keyword.builtin.NavigateToUrlKeyword.navigateToUrl(NavigateToUrlKeyword.groovy:83)
	at com.kms.katalon.core.webui.keyword.builtin.NavigateToUrlKeyword.execute(NavigateToUrlKeyword.groovy:67)
	at com.kms.katalon.core.keyword.internal.KeywordExecutor.executeKeywordForPlatform(KeywordExecutor.groovy:56)
	at com.kms.katalon.core.webui.keyword.WebUiBuiltInKeywords.navigateToUrl(WebUiBuiltInKeywords.groovy:183)
	at com.kms.katalon.core.webui.keyword.WebUiBuiltInKeywords$navigateToUrl$0.call(Unknown Source)
	at Script1556094498836.run(Script1556094498836.groovy:84)
	... 13 more


2019-05-08 11:27:51 - [TEST_STEP][PASSED] - callTestCase(findTestCase("populateTimeGlobalVars"), ["row":timeRow], STOP_ON_FAILURE): Call Test Case 'Test Cases/populateTimeGlobalVars' successfully

2019-05-08 11:27:51 - [TEST_CASE][PASSED] - Test Cases/populateTimeGlobalVars: Test Cases/populateTimeGlobalVars

2019-05-08 11:27:51 - [TEST_STEP][PASSED] - dataFile = "timezoneData": null

2019-05-08 11:27:51 - [TEST_STEP][PASSED] - serverTarget = UtilityMethods.getTestData(dataFile, "serverTarget", row): null

2019-05-08 11:27:52 - [TEST_STEP][PASSED] - orderType = UtilityMethods.getTestData(dataFile, "orderType", row): null

2019-05-08 11:27:52 - [TEST_STEP][PASSED] - timeZone = UtilityMethods.getTestData(dataFile, "timeZone", row): null

2019-05-08 11:27:52 - [TEST_STEP][PASSED] - BOPersonal = UtilityMethods.getTestData(dataFile, "BOPersonal", row): null

2019-05-08 11:27:52 - [TEST_STEP][PASSED] - BOAddon = UtilityMethods.getTestData(dataFile, "BOAddon", row): null

2019-05-08 11:27:52 - [TEST_STEP][PASSED] - BORetail = UtilityMethods.getTestData(dataFile, "BORetail", row): null

2019-05-08 11:27:52 - [TEST_STEP][PASSED] - BOShow = UtilityMethods.getTestData(dataFile, "BOShow", row): null

2019-05-08 11:27:52 - [TEST_STEP][PASSED] - BOOnlineoutlet = UtilityMethods.getTestData(dataFile, "BOOnlineoutlet", row): null

2019-05-08 11:27:52 - [TEST_STEP][PASSED] - BOEmployee = UtilityMethods.getTestData(dataFile, "BOEmployee", row): null

2019-05-08 11:27:52 - [TEST_STEP][PASSED] - CCPersonal = UtilityMethods.getTestData(dataFile, "CCPersonal", row): null

2019-05-08 11:27:52 - [TEST_STEP][PASSED] - CCRetail = UtilityMethods.getTestData(dataFile, "CCRetail", row): null

2019-05-08 11:27:52 - [TEST_STEP][PASSED] - CCShow = UtilityMethods.getTestData(dataFile, "CCShow", row): null

2019-05-08 11:27:52 - [MESSAGE][PASSED] - Call Test Case 'Test Cases/populateTimeGlobalVars' successfully

2019-05-08 11:27:52 - [TEST_STEP][PASSED] - callTestCase(findTestCase("newArrivalsSetTimezone"), ["ofbizURL":ofbizURL, "ofbizuser":ofbizuser, "ofbizpass":ofbizpass, "orderType":orderType, "timeZone":timeZone, "serverTarget":serverTarget], STOP_ON_FAILURE): Call Test Case 'Test Cases/newArrivalsSetTimezone' successfully

2019-05-08 11:27:53 - [TEST_CASE][PASSED] - Test Cases/newArrivalsSetTimezone: Test Cases/newArrivalsSetTimezone

2019-05-08 11:27:53 - [TEST_STEP][NOT_RUN] - openBrowser(""): NOT_RUN: openBrowser("")

2019-05-08 11:27:53 - [MESSAGE][NOT_RUN] - NOT_RUN: openBrowser("")

2019-05-08 11:27:53 - [TEST_STEP][NOT_RUN] - maximizeWindow(): NOT_RUN: maximizeWindow()

2019-05-08 11:27:53 - [MESSAGE][NOT_RUN] - NOT_RUN: maximizeWindow()

2019-05-08 11:27:53 - [TEST_STEP][PASSED] - navigateToUrl(ofbizURL): Navigate to 'https://pushofbiz.cliotest.com/login.php' successfully

2019-05-08 11:27:55 - [MESSAGE][PASSED] - Navigate to 'https://pushofbiz.cliotest.com/login.php' successfully

2019-05-08 11:27:55 - [TEST_STEP][PASSED] - setText(findTestObject("Page_/input_Username_username"), ofbizuser): Text 'sshinde' is set on object 'Object Repository/Page_/input_Username_username'

2019-05-08 11:27:55 - [MESSAGE][PASSED] - Text 'sshinde' is set on object 'Object Repository/Page_/input_Username_username'

2019-05-08 11:27:55 - [TEST_STEP][PASSED] - setText(findTestObject("Page_/input_Password_password"), ofbizpass): Text 'C@bi$ush5' is set on object 'Object Repository/Page_/input_Password_password'

2019-05-08 11:27:55 - [MESSAGE][PASSED] - Text 'C@bi$ush5' is set on object 'Object Repository/Page_/input_Password_password'

2019-05-08 11:27:55 - [TEST_STEP][PASSED] - click(findTestObject("Page_/input_Password_Submit")): Object: 'Object Repository/Page_/input_Password_Submit' is clicked on

2019-05-08 11:27:58 - [MESSAGE][PASSED] - Object: 'Object Repository/Page_/input_Password_Submit' is clicked on

2019-05-08 11:27:58 - [TEST_STEP][PASSED] - click(findTestObject("Object Repository/Page_/a_Clock set")): Object: 'Object Repository/Page_/a_Clock set' is clicked on

2019-05-08 11:27:58 - [MESSAGE][PASSED] - Object: 'Object Repository/Page_/a_Clock set' is clicked on

2019-05-08 11:27:58 - [TEST_STEP][PASSED] - selectOptionByLabel(findTestObject("Object Repository/Page_/serverTarget"), serverTarget, true): All options with label 'test14' are selected in object 'Object Repository/Page_/serverTarget'  using regular expression

2019-05-08 11:28:00 - [MESSAGE][PASSED] - All options with label 'test14' are selected in object 'Object Repository/Page_/serverTarget'  using regular expression

2019-05-08 11:28:00 - [TEST_STEP][PASSED] - click(findTestObject("Page_/thisDateAndTime")): Object: 'Object Repository/Page_/thisDateAndTime' is clicked on

2019-05-08 11:28:00 - [MESSAGE][PASSED] - Object: 'Object Repository/Page_/thisDateAndTime' is clicked on

2019-05-08 11:28:00 - [TEST_STEP][PASSED] - setText(findTestObject("Object Repository/Page_/setTargetTime"), timeZone): Text ' 04/17/2019 7:00' is set on object 'Object Repository/Page_/setTargetTime'

2019-05-08 11:28:00 - [MESSAGE][PASSED] - Text ' 04/17/2019 7:00' is set on object 'Object Repository/Page_/setTargetTime'

2019-05-08 11:28:00 - [TEST_STEP][PASSED] - click(findTestObject("Object Repository/Page_/input")): Object: 'Object Repository/Page_/input' is clicked on

2019-05-08 11:28:01 - [MESSAGE][PASSED] - Object: 'Object Repository/Page_/input' is clicked on

2019-05-08 11:28:01 - [TEST_STEP][PASSED] - delay(10): Delayed 10 second(s)

2019-05-08 11:28:11 - [MESSAGE][PASSED] - Delayed 10 second(s)

2019-05-08 11:28:11 - [TEST_STEP][PASSED] - closeBrowser(): Browser is closed

2019-05-08 11:28:12 - [MESSAGE][PASSED] - Browser is closed

2019-05-08 11:28:12 - [MESSAGE][PASSED] - Call Test Case 'Test Cases/newArrivalsSetTimezone' successfully

2019-05-08 11:28:12 - [TEST_STEP][PASSED] - if (timeRow == 1): Call Test Case 'Test Cases/createAPhysicalShow' successfully

2019-05-08 11:28:12 - [TEST_STEP][PASSED] - callTestCase(findTestCase("createContact"), ["BOURL":"", "BOuser":"", "BOpass":"", "firstName":"", "lastName":"", "email":"", "address1":"", "city":"", "state":"", "zip":""], STOP_ON_FAILURE): Call Test Case 'Test Cases/createContact' successfully

2019-05-08 11:28:12 - [TEST_CASE][PASSED] - Test Cases/createContact: Test Cases/createContact

2019-05-08 11:28:12 - [TEST_STEP][PASSED] - openBrowser(""): Browser is opened with url: ''

2019-05-08 11:28:12 - [MESSAGE][INFO] - Starting 'Chrome' driver

2019-05-08 11:28:14 - [MESSAGE][PASSED] - Browser is opened with url: ''

2019-05-08 11:28:14 - [TEST_STEP][PASSED] - callTestCase(findTestCase("backOfficeLogin"), ["BOURL":"", "BOuser":"", "BOpass":""], STOP_ON_FAILURE): Call Test Case 'Test Cases/backOfficeLogin' successfully

2019-05-08 11:28:14 - [TEST_CASE][PASSED] - Test Cases/backOfficeLogin: Test Cases/backOfficeLogin

2019-05-08 11:28:15 - [TEST_STEP][PASSED] - BOURL = findTestData("credData").getValue("BOURL", 1): null

2019-05-08 11:28:15 - [TEST_STEP][PASSED] - BOuser = findTestData("credData").getValue("BOuser", 1): null

2019-05-08 11:28:15 - [TEST_STEP][PASSED] - BOpass = findTestData("credData").getValue("BOpass", 1): null

2019-05-08 11:28:15 - [TEST_STEP][PASSED] - navigateToUrl(BOURL): Navigate to 'https://test14.cliotest.com/backoffice/control/main' successfully

2019-05-08 11:28:26 - [MESSAGE][PASSED] - Navigate to 'https://test14.cliotest.com/backoffice/control/main' successfully

2019-05-08 11:28:26 - [TEST_STEP][PASSED] - maximizeWindow(): Current window maximized

2019-05-08 11:28:27 - [MESSAGE][PASSED] - Current window maximized

2019-05-08 11:28:27 - [TEST_STEP][PASSED] - logOut = findWebElements(findTestObject("Object Repository/Page_cabi Home/log_out"), 5): Unable to find the element located by 'By.xpath: //a[contains(text(),'Log Out')]'. Please recheck the objects properties to make sure the desired element is located. 

2019-05-08 11:28:33 - [MESSAGE][INFO] - Unable to find the element located by 'By.xpath: //a[contains(text(),'Log Out')]'. Please recheck the objects properties to make sure the desired element is located. 

2019-05-08 11:28:33 - [TEST_STEP][PASSED] - if (logOut.size() == 0): Object: 'Object Repository/Page_cabi/input_Welcome to_consultantLogin' is clicked on

2019-05-08 11:28:33 - [TEST_STEP][PASSED] - setText(findTestObject("Page_cabi/input_Welcome to_USERNAME"), BOuser): Text '400000002' is set on object 'Object Repository/Page_cabi/input_Welcome to_USERNAME'

2019-05-08 11:28:33 - [MESSAGE][PASSED] - Text '400000002' is set on object 'Object Repository/Page_cabi/input_Welcome to_USERNAME'

2019-05-08 11:28:33 - [TEST_STEP][PASSED] - setText(findTestObject("Object Repository/Page_cabi/input_Welcome to_PASSWORD"), BOpass): Text 'blackdress19' is set on object 'Object Repository/Page_cabi/input_Welcome to_PASSWORD'

2019-05-08 11:28:33 - [MESSAGE][PASSED] - Text 'blackdress19' is set on object 'Object Repository/Page_cabi/input_Welcome to_PASSWORD'

2019-05-08 11:28:33 - [TEST_STEP][PASSED] - delay(3): Delayed 3 second(s)

2019-05-08 11:28:36 - [MESSAGE][PASSED] - Delayed 3 second(s)

2019-05-08 11:28:36 - [TEST_STEP][PASSED] - click(findTestObject("Object Repository/Page_cabi/input_Welcome to_consultantLogin")): Object: 'Object Repository/Page_cabi/input_Welcome to_consultantLogin' is clicked on

2019-05-08 11:28:52 - [MESSAGE][PASSED] - Object: 'Object Repository/Page_cabi/input_Welcome to_consultantLogin' is clicked on

2019-05-08 11:28:52 - [TEST_STEP][PASSED] - delay(3): Delayed 3 second(s)

2019-05-08 11:28:55 - [MESSAGE][PASSED] - Delayed 3 second(s)

2019-05-08 11:28:55 - [MESSAGE][PASSED] - Call Test Case 'Test Cases/backOfficeLogin' successfully

2019-05-08 11:28:55 - [TEST_STEP][PASSED] - for ([row = 1, row <= findTestData("contactData").getRowNumbers(), (row++)]): Actual text and expected text of test object 'Object Repository/Page_cabi View Customer Profile/label_last_name' are matched.

2019-05-08 11:28:55 - [TEST_STEP][PASSED] - firstName = findTestData("contactData").getValue("firstName", row): null

2019-05-08 11:28:55 - [TEST_STEP][PASSED] - lastName = findTestData("contactData").getValue("lastName", row): null

2019-05-08 11:28:55 - [TEST_STEP][PASSED] - email = findTestData("contactData").getValue("email", row): null

2019-05-08 11:28:55 - [TEST_STEP][PASSED] - address1 = findTestData("contactData").getValue("address1", row): null

2019-05-08 11:28:55 - [TEST_STEP][PASSED] - city = findTestData("contactData").getValue("city", row): null

2019-05-08 11:28:55 - [TEST_STEP][PASSED] - state = findTestData("contactData").getValue("state", row): null

2019-05-08 11:28:55 - [TEST_STEP][PASSED] - zip = findTestData("contactData").getValue("zip", row): null

2019-05-08 11:28:56 - [TEST_STEP][PASSED] - click(findTestObject("Page_cabi Home/a_Connections")): Object: 'Object Repository/Page_cabi Home/a_Connections' is clicked on

2019-05-08 11:28:56 - [MESSAGE][PASSED] - Object: 'Object Repository/Page_cabi Home/a_Connections' is clicked on

2019-05-08 11:28:56 - [TEST_STEP][PASSED] - click(findTestObject("Page_cabi Home/a_Contact Manager")): Object: 'Object Repository/Page_cabi Home/a_Contact Manager' is clicked on

2019-05-08 11:29:00 - [MESSAGE][PASSED] - Object: 'Object Repository/Page_cabi Home/a_Contact Manager' is clicked on

2019-05-08 11:29:00 - [TEST_STEP][PASSED] - space = " ": null

2019-05-08 11:29:00 - [TEST_STEP][PASSED] - fNameLName = $firstName$space$lastName: null

2019-05-08 11:29:00 - [TEST_STEP][PASSED] - setText(findTestObject("Page_cabi Edit Customer Profile/input_check_contact"), fNameLName): Text 'neohost1 abc' is set on object 'Object Repository/Page_cabi Edit Customer Profile/input_check_contact'

2019-05-08 11:29:00 - [MESSAGE][PASSED] - Text 'neohost1 abc' is set on object 'Object Repository/Page_cabi Edit Customer Profile/input_check_contact'

2019-05-08 11:29:00 - [TEST_STEP][PASSED] - contactNotFound = findWebElements(findTestObject("Page_cabi/div_contact_not_found"), 5): null

2019-05-08 11:29:02 - [TEST_STEP][PASSED] - if (contactNotFound.size() > 0): Actual text and expected text of test object 'Object Repository/Page_cabi View Customer Profile/label_last_name' are matched.

2019-05-08 11:29:02 - [TEST_STEP][PASSED] - click(findTestObject("Page_cabi/a_NEW CONTACT")): Object: 'Object Repository/Page_cabi/a_NEW CONTACT' is clicked on

2019-05-08 11:29:04 - [MESSAGE][PASSED] - Object: 'Object Repository/Page_cabi/a_NEW CONTACT' is clicked on

2019-05-08 11:29:04 - [TEST_STEP][PASSED] - setText(findTestObject("Object Repository/Page_cabi Edit Customer Profile/input_First Name_firstName"), firstName): Text 'neohost1' is set on object 'Object Repository/Page_cabi Edit Customer Profile/input_First Name_firstName'

2019-05-08 11:29:04 - [MESSAGE][PASSED] - Text 'neohost1' is set on object 'Object Repository/Page_cabi Edit Customer Profile/input_First Name_firstName'

2019-05-08 11:29:04 - [TEST_STEP][PASSED] - setText(findTestObject("Object Repository/Page_cabi Edit Customer Profile/input_Last Name_lastName"), lastName): Text 'abc' is set on object 'Object Repository/Page_cabi Edit Customer Profile/input_Last Name_lastName'

2019-05-08 11:29:04 - [MESSAGE][PASSED] - Text 'abc' is set on object 'Object Repository/Page_cabi Edit Customer Profile/input_Last Name_lastName'

2019-05-08 11:29:04 - [TEST_STEP][PASSED] - setText(findTestObject("Object Repository/Page_cabi Edit Customer Profile/input_Email Address_emailAddress"), email): Text 'neohost1a@test.com' is set on object 'Object Repository/Page_cabi Edit Customer Profile/input_Email Address_emailAddress'

2019-05-08 11:29:05 - [MESSAGE][PASSED] - Text 'neohost1a@test.com' is set on object 'Object Repository/Page_cabi Edit Customer Profile/input_Email Address_emailAddress'

2019-05-08 11:29:05 - [TEST_STEP][PASSED] - setText(findTestObject("Object Repository/Page_cabi Edit Customer Profile/input_Address1_address1"), address1): Text '15240 CITRUS COUNTRY DR' is set on object 'Object Repository/Page_cabi Edit Customer Profile/input_Address1_address1'

2019-05-08 11:29:05 - [MESSAGE][PASSED] - Text '15240 CITRUS COUNTRY DR' is set on object 'Object Repository/Page_cabi Edit Customer Profile/input_Address1_address1'

2019-05-08 11:29:05 - [TEST_STEP][PASSED] - click(findTestObject("Object Repository/Page_cabi Edit Customer Profile/li_Address2")): Object: 'Object Repository/Page_cabi Edit Customer Profile/li_Address2' is clicked on

2019-05-08 11:29:05 - [MESSAGE][PASSED] - Object: 'Object Repository/Page_cabi Edit Customer Profile/li_Address2' is clicked on

2019-05-08 11:29:05 - [TEST_STEP][PASSED] - setText(findTestObject("Object Repository/Page_cabi Edit Customer Profile/input_Address2_address2"), ""): Text '' is set on object 'Object Repository/Page_cabi Edit Customer Profile/input_Address2_address2'

2019-05-08 11:29:05 - [MESSAGE][PASSED] - Text '' is set on object 'Object Repository/Page_cabi Edit Customer Profile/input_Address2_address2'

2019-05-08 11:29:05 - [TEST_STEP][PASSED] - setText(findTestObject("Object Repository/Page_cabi Edit Customer Profile/input_City_city"), city): Text 'DADE CITY' is set on object 'Object Repository/Page_cabi Edit Customer Profile/input_City_city'

2019-05-08 11:29:05 - [MESSAGE][PASSED] - Text 'DADE CITY' is set on object 'Object Repository/Page_cabi Edit Customer Profile/input_City_city'

2019-05-08 11:29:05 - [TEST_STEP][PASSED] - click(findTestObject("Page_cabi Edit Customer Profile/span_select_a_state")): Object: 'Object Repository/Page_cabi Edit Customer Profile/span_select_a_state' is clicked on

2019-05-08 11:29:06 - [MESSAGE][PASSED] - Object: 'Object Repository/Page_cabi Edit Customer Profile/span_select_a_state' is clicked on

2019-05-08 11:29:06 - [TEST_STEP][PASSED] - setText(findTestObject("Page_cabi Edit Customer Profile/input_state"), state): Text 'FLORIDA' is set on object 'Object Repository/Page_cabi Edit Customer Profile/input_state'

2019-05-08 11:29:06 - [MESSAGE][PASSED] - Text 'FLORIDA' is set on object 'Object Repository/Page_cabi Edit Customer Profile/input_state'

2019-05-08 11:29:06 - [TEST_STEP][PASSED] - delay(2): Delayed 2 second(s)

2019-05-08 11:29:08 - [MESSAGE][PASSED] - Delayed 2 second(s)

2019-05-08 11:29:08 - [TEST_STEP][PASSED] - click(findTestObject("Page_cabi Edit Customer Profile/span_state")): Object: 'Object Repository/Page_cabi Edit Customer Profile/span_state' is clicked on

2019-05-08 11:29:08 - [MESSAGE][PASSED] - Object: 'Object Repository/Page_cabi Edit Customer Profile/span_state' is clicked on

2019-05-08 11:29:08 - [TEST_STEP][PASSED] - setText(findTestObject("Page_cabi Edit Customer Profile/input_state_postalCode"), zip): Text '33523' is set on object 'Object Repository/Page_cabi Edit Customer Profile/input_state_postalCode'

2019-05-08 11:29:08 - [MESSAGE][PASSED] - Text '33523' is set on object 'Object Repository/Page_cabi Edit Customer Profile/input_state_postalCode'

2019-05-08 11:29:08 - [TEST_STEP][PASSED] - click(findTestObject("Page_cabi Edit Customer Profile/span_click_near_address")): Object: 'Object Repository/Page_cabi Edit Customer Profile/span_click_near_address' is clicked on

2019-05-08 11:29:08 - [MESSAGE][PASSED] - Object: 'Object Repository/Page_cabi Edit Customer Profile/span_click_near_address' is clicked on

2019-05-08 11:29:08 - [TEST_STEP][PASSED] - delay(3): Delayed 3 second(s)

2019-05-08 11:29:11 - [MESSAGE][PASSED] - Delayed 3 second(s)

2019-05-08 11:29:11 - [TEST_STEP][PASSED] - verifyElementText(findTestObject("Page_cabi Edit Customer Profile/address_validator_check"), "  Address validated by cabi.", STOP_ON_FAILURE): Actual text and expected text of test object 'Object Repository/Page_cabi Edit Customer Profile/address_validator_check' are matched.

2019-05-08 11:29:11 - [MESSAGE][PASSED] - Actual text and expected text of test object 'Object Repository/Page_cabi Edit Customer Profile/address_validator_check' are matched.

2019-05-08 11:29:11 - [TEST_STEP][PASSED] - click(findTestObject("Page_cabi Edit Customer Profile/input_Interested In_save")): Object: 'Object Repository/Page_cabi Edit Customer Profile/input_Interested In_save' is clicked on

2019-05-08 11:29:11 - [MESSAGE][PASSED] - Object: 'Object Repository/Page_cabi Edit Customer Profile/input_Interested In_save' is clicked on

2019-05-08 11:29:11 - [TEST_STEP][PASSED] - delay(3): Delayed 3 second(s)

2019-05-08 11:29:14 - [MESSAGE][PASSED] - Delayed 3 second(s)

2019-05-08 11:29:14 - [TEST_STEP][PASSED] - verifyElementText(findTestObject("Page_cabi View Customer Profile/label_first_name"), firstName): Actual text and expected text of test object 'Object Repository/Page_cabi View Customer Profile/label_first_name' are matched.

2019-05-08 11:29:18 - [MESSAGE][PASSED] - Actual text and expected text of test object 'Object Repository/Page_cabi View Customer Profile/label_first_name' are matched.

2019-05-08 11:29:18 - [TEST_STEP][PASSED] - verifyElementText(findTestObject("Page_cabi View Customer Profile/label_last_name"), lastName): Actual text and expected text of test object 'Object Repository/Page_cabi View Customer Profile/label_last_name' are matched.

2019-05-08 11:29:18 - [MESSAGE][PASSED] - Actual text and expected text of test object 'Object Repository/Page_cabi View Customer Profile/label_last_name' are matched.

2019-05-08 11:29:18 - [TEST_STEP][PASSED] - firstName = findTestData("contactData").getValue("firstName", row): null

2019-05-08 11:29:18 - [TEST_STEP][PASSED] - lastName = findTestData("contactData").getValue("lastName", row): null

2019-05-08 11:29:18 - [TEST_STEP][PASSED] - email = findTestData("contactData").getValue("email", row): null

2019-05-08 11:29:18 - [TEST_STEP][PASSED] - address1 = findTestData("contactData").getValue("address1", row): null

2019-05-08 11:29:18 - [TEST_STEP][PASSED] - city = findTestData("contactData").getValue("city", row): null

2019-05-08 11:29:18 - [TEST_STEP][PASSED] - state = findTestData("contactData").getValue("state", row): null

2019-05-08 11:29:18 - [TEST_STEP][PASSED] - zip = findTestData("contactData").getValue("zip", row): null

2019-05-08 11:29:18 - [TEST_STEP][PASSED] - click(findTestObject("Page_cabi Home/a_Connections")): Object: 'Object Repository/Page_cabi Home/a_Connections' is clicked on

2019-05-08 11:29:18 - [MESSAGE][PASSED] - Object: 'Object Repository/Page_cabi Home/a_Connections' is clicked on

2019-05-08 11:29:18 - [TEST_STEP][PASSED] - click(findTestObject("Page_cabi Home/a_Contact Manager")): Object: 'Object Repository/Page_cabi Home/a_Contact Manager' is clicked on

2019-05-08 11:29:20 - [MESSAGE][PASSED] - Object: 'Object Repository/Page_cabi Home/a_Contact Manager' is clicked on

2019-05-08 11:29:20 - [TEST_STEP][PASSED] - space = " ": null

2019-05-08 11:29:20 - [TEST_STEP][PASSED] - fNameLName = $firstName$space$lastName: null

2019-05-08 11:29:20 - [TEST_STEP][PASSED] - setText(findTestObject("Page_cabi Edit Customer Profile/input_check_contact"), fNameLName): Text 'neocohost1 abc' is set on object 'Object Repository/Page_cabi Edit Customer Profile/input_check_contact'

2019-05-08 11:29:21 - [MESSAGE][PASSED] - Text 'neocohost1 abc' is set on object 'Object Repository/Page_cabi Edit Customer Profile/input_check_contact'

2019-05-08 11:29:21 - [TEST_STEP][PASSED] - contactNotFound = findWebElements(findTestObject("Page_cabi/div_contact_not_found"), 5): null

2019-05-08 11:29:23 - [TEST_STEP][PASSED] - if (contactNotFound.size() > 0): Actual text and expected text of test object 'Object Repository/Page_cabi View Customer Profile/label_last_name' are matched.

2019-05-08 11:29:23 - [TEST_STEP][PASSED] - click(findTestObject("Page_cabi/a_NEW CONTACT")): Object: 'Object Repository/Page_cabi/a_NEW CONTACT' is clicked on

2019-05-08 11:29:24 - [MESSAGE][PASSED] - Object: 'Object Repository/Page_cabi/a_NEW CONTACT' is clicked on

2019-05-08 11:29:24 - [TEST_STEP][PASSED] - setText(findTestObject("Object Repository/Page_cabi Edit Customer Profile/input_First Name_firstName"), firstName): Text 'neocohost1' is set on object 'Object Repository/Page_cabi Edit Customer Profile/input_First Name_firstName'

2019-05-08 11:29:24 - [MESSAGE][PASSED] - Text 'neocohost1' is set on object 'Object Repository/Page_cabi Edit Customer Profile/input_First Name_firstName'

2019-05-08 11:29:24 - [TEST_STEP][PASSED] - setText(findTestObject("Object Repository/Page_cabi Edit Customer Profile/input_Last Name_lastName"), lastName): Text 'abc' is set on object 'Object Repository/Page_cabi Edit Customer Profile/input_Last Name_lastName'

2019-05-08 11:29:25 - [MESSAGE][PASSED] - Text 'abc' is set on object 'Object Repository/Page_cabi Edit Customer Profile/input_Last Name_lastName'

2019-05-08 11:29:25 - [TEST_STEP][PASSED] - setText(findTestObject("Object Repository/Page_cabi Edit Customer Profile/input_Email Address_emailAddress"), email): Text 'neocohost1a@test.com' is set on object 'Object Repository/Page_cabi Edit Customer Profile/input_Email Address_emailAddress'

2019-05-08 11:29:25 - [MESSAGE][PASSED] - Text 'neocohost1a@test.com' is set on object 'Object Repository/Page_cabi Edit Customer Profile/input_Email Address_emailAddress'

2019-05-08 11:29:25 - [TEST_STEP][PASSED] - setText(findTestObject("Object Repository/Page_cabi Edit Customer Profile/input_Address1_address1"), address1): Text '7124 NW 72ND AVE' is set on object 'Object Repository/Page_cabi Edit Customer Profile/input_Address1_address1'

2019-05-08 11:29:25 - [MESSAGE][PASSED] - Text '7124 NW 72ND AVE' is set on object 'Object Repository/Page_cabi Edit Customer Profile/input_Address1_address1'

2019-05-08 11:29:25 - [TEST_STEP][PASSED] - click(findTestObject("Object Repository/Page_cabi Edit Customer Profile/li_Address2")): Object: 'Object Repository/Page_cabi Edit Customer Profile/li_Address2' is clicked on

2019-05-08 11:29:25 - [MESSAGE][PASSED] - Object: 'Object Repository/Page_cabi Edit Customer Profile/li_Address2' is clicked on

2019-05-08 11:29:25 - [TEST_STEP][PASSED] - setText(findTestObject("Object Repository/Page_cabi Edit Customer Profile/input_Address2_address2"), ""): Text '' is set on object 'Object Repository/Page_cabi Edit Customer Profile/input_Address2_address2'

2019-05-08 11:29:25 - [MESSAGE][PASSED] - Text '' is set on object 'Object Repository/Page_cabi Edit Customer Profile/input_Address2_address2'

2019-05-08 11:29:25 - [TEST_STEP][PASSED] - setText(findTestObject("Object Repository/Page_cabi Edit Customer Profile/input_City_city"), city): Text 'MIAMI' is set on object 'Object Repository/Page_cabi Edit Customer Profile/input_City_city'

2019-05-08 11:29:25 - [MESSAGE][PASSED] - Text 'MIAMI' is set on object 'Object Repository/Page_cabi Edit Customer Profile/input_City_city'

2019-05-08 11:29:25 - [TEST_STEP][PASSED] - click(findTestObject("Page_cabi Edit Customer Profile/span_select_a_state")): Object: 'Object Repository/Page_cabi Edit Customer Profile/span_select_a_state' is clicked on

2019-05-08 11:29:26 - [MESSAGE][PASSED] - Object: 'Object Repository/Page_cabi Edit Customer Profile/span_select_a_state' is clicked on

2019-05-08 11:29:26 - [TEST_STEP][PASSED] - setText(findTestObject("Page_cabi Edit Customer Profile/input_state"), state): Text 'FLORIDA' is set on object 'Object Repository/Page_cabi Edit Customer Profile/input_state'

2019-05-08 11:29:26 - [MESSAGE][PASSED] - Text 'FLORIDA' is set on object 'Object Repository/Page_cabi Edit Customer Profile/input_state'

2019-05-08 11:29:26 - [TEST_STEP][PASSED] - delay(2): Delayed 2 second(s)

2019-05-08 11:29:28 - [MESSAGE][PASSED] - Delayed 2 second(s)

2019-05-08 11:29:28 - [TEST_STEP][PASSED] - click(findTestObject("Page_cabi Edit Customer Profile/span_state")): Object: 'Object Repository/Page_cabi Edit Customer Profile/span_state' is clicked on

2019-05-08 11:29:28 - [MESSAGE][PASSED] - Object: 'Object Repository/Page_cabi Edit Customer Profile/span_state' is clicked on

2019-05-08 11:29:28 - [TEST_STEP][PASSED] - setText(findTestObject("Page_cabi Edit Customer Profile/input_state_postalCode"), zip): Text '33166' is set on object 'Object Repository/Page_cabi Edit Customer Profile/input_state_postalCode'

2019-05-08 11:29:28 - [MESSAGE][PASSED] - Text '33166' is set on object 'Object Repository/Page_cabi Edit Customer Profile/input_state_postalCode'

2019-05-08 11:29:28 - [TEST_STEP][PASSED] - click(findTestObject("Page_cabi Edit Customer Profile/span_click_near_address")): Object: 'Object Repository/Page_cabi Edit Customer Profile/span_click_near_address' is clicked on

2019-05-08 11:29:28 - [MESSAGE][PASSED] - Object: 'Object Repository/Page_cabi Edit Customer Profile/span_click_near_address' is clicked on

2019-05-08 11:29:28 - [TEST_STEP][PASSED] - delay(3): Delayed 3 second(s)

2019-05-08 11:29:31 - [MESSAGE][PASSED] - Delayed 3 second(s)

2019-05-08 11:29:31 - [TEST_STEP][PASSED] - verifyElementText(findTestObject("Page_cabi Edit Customer Profile/address_validator_check"), "  Address validated by cabi.", STOP_ON_FAILURE): Actual text and expected text of test object 'Object Repository/Page_cabi Edit Customer Profile/address_validator_check' are matched.

2019-05-08 11:29:31 - [MESSAGE][PASSED] - Actual text and expected text of test object 'Object Repository/Page_cabi Edit Customer Profile/address_validator_check' are matched.

2019-05-08 11:29:31 - [TEST_STEP][PASSED] - click(findTestObject("Page_cabi Edit Customer Profile/input_Interested In_save")): Object: 'Object Repository/Page_cabi Edit Customer Profile/input_Interested In_save' is clicked on

2019-05-08 11:29:31 - [MESSAGE][PASSED] - Object: 'Object Repository/Page_cabi Edit Customer Profile/input_Interested In_save' is clicked on

2019-05-08 11:29:31 - [TEST_STEP][PASSED] - delay(3): Delayed 3 second(s)

2019-05-08 11:29:34 - [MESSAGE][PASSED] - Delayed 3 second(s)

2019-05-08 11:29:34 - [TEST_STEP][PASSED] - verifyElementText(findTestObject("Page_cabi View Customer Profile/label_first_name"), firstName): Actual text and expected text of test object 'Object Repository/Page_cabi View Customer Profile/label_first_name' are matched.

2019-05-08 11:29:35 - [MESSAGE][PASSED] - Actual text and expected text of test object 'Object Repository/Page_cabi View Customer Profile/label_first_name' are matched.

2019-05-08 11:29:35 - [TEST_STEP][PASSED] - verifyElementText(findTestObject("Page_cabi View Customer Profile/label_last_name"), lastName): Actual text and expected text of test object 'Object Repository/Page_cabi View Customer Profile/label_last_name' are matched.

2019-05-08 11:29:35 - [MESSAGE][PASSED] - Actual text and expected text of test object 'Object Repository/Page_cabi View Customer Profile/label_last_name' are matched.

2019-05-08 11:29:35 - [TEST_STEP][PASSED] - firstName = findTestData("contactData").getValue("firstName", row): null

2019-05-08 11:29:35 - [TEST_STEP][PASSED] - lastName = findTestData("contactData").getValue("lastName", row): null

2019-05-08 11:29:35 - [TEST_STEP][PASSED] - email = findTestData("contactData").getValue("email", row): null

2019-05-08 11:29:35 - [TEST_STEP][PASSED] - address1 = findTestData("contactData").getValue("address1", row): null

2019-05-08 11:29:35 - [TEST_STEP][PASSED] - city = findTestData("contactData").getValue("city", row): null

2019-05-08 11:29:35 - [TEST_STEP][PASSED] - state = findTestData("contactData").getValue("state", row): null

2019-05-08 11:29:35 - [TEST_STEP][PASSED] - zip = findTestData("contactData").getValue("zip", row): null

2019-05-08 11:29:35 - [TEST_STEP][PASSED] - click(findTestObject("Page_cabi Home/a_Connections")): Object: 'Object Repository/Page_cabi Home/a_Connections' is clicked on

2019-05-08 11:29:35 - [MESSAGE][PASSED] - Object: 'Object Repository/Page_cabi Home/a_Connections' is clicked on

2019-05-08 11:29:35 - [TEST_STEP][PASSED] - click(findTestObject("Page_cabi Home/a_Contact Manager")): Object: 'Object Repository/Page_cabi Home/a_Contact Manager' is clicked on

2019-05-08 11:29:36 - [MESSAGE][PASSED] - Object: 'Object Repository/Page_cabi Home/a_Contact Manager' is clicked on

2019-05-08 11:29:36 - [TEST_STEP][PASSED] - space = " ": null

2019-05-08 11:29:37 - [TEST_STEP][PASSED] - fNameLName = $firstName$space$lastName: null

2019-05-08 11:29:37 - [TEST_STEP][PASSED] - setText(findTestObject("Page_cabi Edit Customer Profile/input_check_contact"), fNameLName): Text 'neoguest1 abc' is set on object 'Object Repository/Page_cabi Edit Customer Profile/input_check_contact'

2019-05-08 11:29:38 - [MESSAGE][PASSED] - Text 'neoguest1 abc' is set on object 'Object Repository/Page_cabi Edit Customer Profile/input_check_contact'

2019-05-08 11:29:38 - [TEST_STEP][PASSED] - contactNotFound = findWebElements(findTestObject("Page_cabi/div_contact_not_found"), 5): null

2019-05-08 11:29:39 - [TEST_STEP][PASSED] - if (contactNotFound.size() > 0): Actual text and expected text of test object 'Object Repository/Page_cabi View Customer Profile/label_last_name' are matched.

2019-05-08 11:29:39 - [TEST_STEP][PASSED] - click(findTestObject("Page_cabi/a_NEW CONTACT")): Object: 'Object Repository/Page_cabi/a_NEW CONTACT' is clicked on

2019-05-08 11:29:41 - [MESSAGE][PASSED] - Object: 'Object Repository/Page_cabi/a_NEW CONTACT' is clicked on

2019-05-08 11:29:41 - [TEST_STEP][PASSED] - setText(findTestObject("Object Repository/Page_cabi Edit Customer Profile/input_First Name_firstName"), firstName): Text 'neoguest1' is set on object 'Object Repository/Page_cabi Edit Customer Profile/input_First Name_firstName'

2019-05-08 11:29:41 - [MESSAGE][PASSED] - Text 'neoguest1' is set on object 'Object Repository/Page_cabi Edit Customer Profile/input_First Name_firstName'

2019-05-08 11:29:41 - [TEST_STEP][PASSED] - setText(findTestObject("Object Repository/Page_cabi Edit Customer Profile/input_Last Name_lastName"), lastName): Text 'abc' is set on object 'Object Repository/Page_cabi Edit Customer Profile/input_Last Name_lastName'

2019-05-08 11:29:41 - [MESSAGE][PASSED] - Text 'abc' is set on object 'Object Repository/Page_cabi Edit Customer Profile/input_Last Name_lastName'

2019-05-08 11:29:41 - [TEST_STEP][PASSED] - setText(findTestObject("Object Repository/Page_cabi Edit Customer Profile/input_Email Address_emailAddress"), email): Text 'neoguest1ab@test.com' is set on object 'Object Repository/Page_cabi Edit Customer Profile/input_Email Address_emailAddress'

2019-05-08 11:29:42 - [MESSAGE][PASSED] - Text 'neoguest1ab@test.com' is set on object 'Object Repository/Page_cabi Edit Customer Profile/input_Email Address_emailAddress'

2019-05-08 11:29:42 - [TEST_STEP][PASSED] - setText(findTestObject("Object Repository/Page_cabi Edit Customer Profile/input_Address1_address1"), address1): Text '3218 S MACDILL AVE' is set on object 'Object Repository/Page_cabi Edit Customer Profile/input_Address1_address1'

2019-05-08 11:29:42 - [MESSAGE][PASSED] - Text '3218 S MACDILL AVE' is set on object 'Object Repository/Page_cabi Edit Customer Profile/input_Address1_address1'

2019-05-08 11:29:42 - [TEST_STEP][PASSED] - click(findTestObject("Object Repository/Page_cabi Edit Customer Profile/li_Address2")): Object: 'Object Repository/Page_cabi Edit Customer Profile/li_Address2' is clicked on

2019-05-08 11:29:42 - [MESSAGE][PASSED] - Object: 'Object Repository/Page_cabi Edit Customer Profile/li_Address2' is clicked on

2019-05-08 11:29:42 - [TEST_STEP][PASSED] - setText(findTestObject("Object Repository/Page_cabi Edit Customer Profile/input_Address2_address2"), ""): Text '' is set on object 'Object Repository/Page_cabi Edit Customer Profile/input_Address2_address2'

2019-05-08 11:29:42 - [MESSAGE][PASSED] - Text '' is set on object 'Object Repository/Page_cabi Edit Customer Profile/input_Address2_address2'

2019-05-08 11:29:42 - [TEST_STEP][PASSED] - setText(findTestObject("Object Repository/Page_cabi Edit Customer Profile/input_City_city"), city): Text 'TAMPA' is set on object 'Object Repository/Page_cabi Edit Customer Profile/input_City_city'

2019-05-08 11:29:42 - [MESSAGE][PASSED] - Text 'TAMPA' is set on object 'Object Repository/Page_cabi Edit Customer Profile/input_City_city'

2019-05-08 11:29:42 - [TEST_STEP][PASSED] - click(findTestObject("Page_cabi Edit Customer Profile/span_select_a_state")): Object: 'Object Repository/Page_cabi Edit Customer Profile/span_select_a_state' is clicked on

2019-05-08 11:29:42 - [MESSAGE][PASSED] - Object: 'Object Repository/Page_cabi Edit Customer Profile/span_select_a_state' is clicked on

2019-05-08 11:29:42 - [TEST_STEP][PASSED] - setText(findTestObject("Page_cabi Edit Customer Profile/input_state"), state): Text 'FLORIDA' is set on object 'Object Repository/Page_cabi Edit Customer Profile/input_state'

2019-05-08 11:29:42 - [MESSAGE][PASSED] - Text 'FLORIDA' is set on object 'Object Repository/Page_cabi Edit Customer Profile/input_state'

2019-05-08 11:29:42 - [TEST_STEP][PASSED] - delay(2): Delayed 2 second(s)

2019-05-08 11:29:44 - [MESSAGE][PASSED] - Delayed 2 second(s)

2019-05-08 11:29:44 - [TEST_STEP][PASSED] - click(findTestObject("Page_cabi Edit Customer Profile/span_state")): Object: 'Object Repository/Page_cabi Edit Customer Profile/span_state' is clicked on

2019-05-08 11:29:45 - [MESSAGE][PASSED] - Object: 'Object Repository/Page_cabi Edit Customer Profile/span_state' is clicked on

2019-05-08 11:29:45 - [TEST_STEP][PASSED] - setText(findTestObject("Page_cabi Edit Customer Profile/input_state_postalCode"), zip): Text '33629' is set on object 'Object Repository/Page_cabi Edit Customer Profile/input_state_postalCode'

2019-05-08 11:29:45 - [MESSAGE][PASSED] - Text '33629' is set on object 'Object Repository/Page_cabi Edit Customer Profile/input_state_postalCode'

2019-05-08 11:29:45 - [TEST_STEP][PASSED] - click(findTestObject("Page_cabi Edit Customer Profile/span_click_near_address")): Object: 'Object Repository/Page_cabi Edit Customer Profile/span_click_near_address' is clicked on

2019-05-08 11:29:45 - [MESSAGE][PASSED] - Object: 'Object Repository/Page_cabi Edit Customer Profile/span_click_near_address' is clicked on

2019-05-08 11:29:45 - [TEST_STEP][PASSED] - delay(3): Delayed 3 second(s)

2019-05-08 11:29:48 - [MESSAGE][PASSED] - Delayed 3 second(s)

2019-05-08 11:29:48 - [TEST_STEP][PASSED] - verifyElementText(findTestObject("Page_cabi Edit Customer Profile/address_validator_check"), "  Address validated by cabi.", STOP_ON_FAILURE): Actual text and expected text of test object 'Object Repository/Page_cabi Edit Customer Profile/address_validator_check' are matched.

2019-05-08 11:29:48 - [MESSAGE][PASSED] - Actual text and expected text of test object 'Object Repository/Page_cabi Edit Customer Profile/address_validator_check' are matched.

2019-05-08 11:29:48 - [TEST_STEP][PASSED] - click(findTestObject("Page_cabi Edit Customer Profile/input_Interested In_save")): Object: 'Object Repository/Page_cabi Edit Customer Profile/input_Interested In_save' is clicked on

2019-05-08 11:29:48 - [MESSAGE][PASSED] - Object: 'Object Repository/Page_cabi Edit Customer Profile/input_Interested In_save' is clicked on

2019-05-08 11:29:48 - [TEST_STEP][PASSED] - delay(3): Delayed 3 second(s)

2019-05-08 11:29:51 - [MESSAGE][PASSED] - Delayed 3 second(s)

2019-05-08 11:29:51 - [TEST_STEP][PASSED] - verifyElementText(findTestObject("Page_cabi View Customer Profile/label_first_name"), firstName): Actual text and expected text of test object 'Object Repository/Page_cabi View Customer Profile/label_first_name' are matched.

2019-05-08 11:29:51 - [MESSAGE][PASSED] - Actual text and expected text of test object 'Object Repository/Page_cabi View Customer Profile/label_first_name' are matched.

2019-05-08 11:29:51 - [TEST_STEP][PASSED] - verifyElementText(findTestObject("Page_cabi View Customer Profile/label_last_name"), lastName): Actual text and expected text of test object 'Object Repository/Page_cabi View Customer Profile/label_last_name' are matched.

2019-05-08 11:29:51 - [MESSAGE][PASSED] - Actual text and expected text of test object 'Object Repository/Page_cabi View Customer Profile/label_last_name' are matched.

2019-05-08 11:29:51 - [TEST_STEP][PASSED] - closeBrowser(): Browser is closed

2019-05-08 11:29:52 - [MESSAGE][PASSED] - Browser is closed

2019-05-08 11:29:52 - [MESSAGE][PASSED] - Call Test Case 'Test Cases/createContact' successfully

2019-05-08 11:29:52 - [TEST_STEP][PASSED] - callTestCase(findTestCase("createAPhysicalShow"), ["BOURL":"", "BOuser":"", "BOpass":"", "hostess":"", "cohostess":""], STOP_ON_FAILURE): Call Test Case 'Test Cases/createAPhysicalShow' successfully

2019-05-08 11:29:52 - [TEST_CASE][PASSED] - Test Cases/createAPhysicalShow: Test Cases/createAPhysicalShow

2019-05-08 11:29:53 - [TEST_STEP][PASSED] - openBrowser(""): Browser is opened with url: ''

2019-05-08 11:29:53 - [MESSAGE][INFO] - Starting 'Chrome' driver

2019-05-08 11:29:55 - [MESSAGE][PASSED] - Browser is opened with url: ''

2019-05-08 11:29:55 - [TEST_STEP][PASSED] - maximizeWindow(): Current window maximized

2019-05-08 11:29:56 - [MESSAGE][PASSED] - Current window maximized

2019-05-08 11:29:56 - [TEST_STEP][PASSED] - BOURL = findTestData("credData").getValue("BOURL", 1): null

2019-05-08 11:29:56 - [TEST_STEP][PASSED] - BOuser = findTestData("credData").getValue("BOuser", 1): null

2019-05-08 11:29:56 - [TEST_STEP][PASSED] - BOpass = findTestData("credData").getValue("BOpass", 1): null

2019-05-08 11:29:56 - [TEST_STEP][PASSED] - hostessFName = findTestData("contactData").getValue("firstName", 1): null

2019-05-08 11:29:56 - [TEST_STEP][PASSED] - hostessLName = findTestData("contactData").getValue("lastName", 1): null

2019-05-08 11:29:56 - [TEST_STEP][PASSED] - cohostessFName = findTestData("contactData").getValue("firstName", 2): null

2019-05-08 11:29:56 - [TEST_STEP][PASSED] - cohostessLName = findTestData("contactData").getValue("lastName", 2): null

2019-05-08 11:29:56 - [TEST_STEP][PASSED] - space = " ": null

2019-05-08 11:29:56 - [TEST_STEP][PASSED] - hostess = $hostessFName$space$hostessLName: null

2019-05-08 11:29:56 - [TEST_STEP][PASSED] - cohostess = $cohostessFName$space$cohostessLName: null

2019-05-08 11:29:56 - [TEST_STEP][PASSED] - navigateToUrl(BOURL): Navigate to 'https://test14.cliotest.com/backoffice/control/main' successfully

2019-05-08 11:30:07 - [MESSAGE][PASSED] - Navigate to 'https://test14.cliotest.com/backoffice/control/main' successfully

2019-05-08 11:30:07 - [TEST_STEP][PASSED] - setText(findTestObject("Page_cabi/input_Welcome to_USERNAME"), BOuser): Text '400000002' is set on object 'Object Repository/Page_cabi/input_Welcome to_USERNAME'

2019-05-08 11:30:07 - [MESSAGE][PASSED] - Text '400000002' is set on object 'Object Repository/Page_cabi/input_Welcome to_USERNAME'

2019-05-08 11:30:07 - [TEST_STEP][PASSED] - setText(findTestObject("Page_cabi/input_Welcome to_PASSWORD"), BOpass): Text 'blackdress19' is set on object 'Object Repository/Page_cabi/input_Welcome to_PASSWORD'

2019-05-08 11:30:07 - [MESSAGE][PASSED] - Text 'blackdress19' is set on object 'Object Repository/Page_cabi/input_Welcome to_PASSWORD'

2019-05-08 11:30:07 - [TEST_STEP][PASSED] - click(findTestObject("Page_cabi/input_Welcome to_consultantLogin")): Object: 'Object Repository/Page_cabi/input_Welcome to_consultantLogin' is clicked on

2019-05-08 11:30:17 - [MESSAGE][PASSED] - Object: 'Object Repository/Page_cabi/input_Welcome to_consultantLogin' is clicked on

2019-05-08 11:30:17 - [TEST_STEP][PASSED] - delay(10): Delayed 10 second(s)

2019-05-08 11:30:27 - [MESSAGE][PASSED] - Delayed 10 second(s)

2019-05-08 11:30:27 - [TEST_STEP][PASSED] - rightClick(findTestObject("Page_cabi Home/a_Shows  Orders")): Object: 'Object Repository/Page_cabi Home/a_Shows  Orders' is right clicked on

2019-05-08 11:30:27 - [MESSAGE][PASSED] - Object: 'Object Repository/Page_cabi Home/a_Shows  Orders' is right clicked on

2019-05-08 11:30:27 - [TEST_STEP][PASSED] - click(findTestObject("Page_cabi Home/a_Create_A_Show")): Object: 'Object Repository/Page_cabi Home/a_Create_A_Show' is clicked on

2019-05-08 11:30:31 - [MESSAGE][PASSED] - Object: 'Object Repository/Page_cabi Home/a_Create_A_Show' is clicked on

2019-05-08 11:30:31 - [TEST_STEP][PASSED] - setText(findTestObject("Page_cabi Create Show - Set Hostess/input_Hostess"), hostess): Text 'neohost1 abc' is set on object 'Object Repository/Page_cabi Create Show - Set Hostess/input_Hostess'

2019-05-08 11:30:31 - [MESSAGE][PASSED] - Text 'neohost1 abc' is set on object 'Object Repository/Page_cabi Create Show - Set Hostess/input_Hostess'

2019-05-08 11:30:31 - [TEST_STEP][PASSED] - rightClick(findTestObject("Page_cabi Create Show - Set Hostess/input_Hostess")): Object: 'Object Repository/Page_cabi Create Show - Set Hostess/input_Hostess' is right clicked on

2019-05-08 11:30:31 - [MESSAGE][PASSED] - Object: 'Object Repository/Page_cabi Create Show - Set Hostess/input_Hostess' is right clicked on

2019-05-08 11:30:31 - [TEST_STEP][PASSED] - click(findTestObject("Page_cabi Create Show - Set Hostess/a_select_hostess")): Object: 'Object Repository/Page_cabi Create Show - Set Hostess/a_select_hostess' is clicked on

2019-05-08 11:30:32 - [MESSAGE][PASSED] - Object: 'Object Repository/Page_cabi Create Show - Set Hostess/a_select_hostess' is clicked on

2019-05-08 11:30:32 - [TEST_STEP][PASSED] - setText(findTestObject("Page_cabi Create Show - Set Hostess/input_Hostess_Txt"), hostess): Text 'neohost1 abc' is set on object 'Object Repository/Page_cabi Create Show - Set Hostess/input_Hostess_Txt'

2019-05-08 11:30:32 - [MESSAGE][PASSED] - Text 'neohost1 abc' is set on object 'Object Repository/Page_cabi Create Show - Set Hostess/input_Hostess_Txt'

2019-05-08 11:30:32 - [TEST_STEP][PASSED] - delay(3): Delayed 3 second(s)

2019-05-08 11:30:35 - [MESSAGE][PASSED] - Delayed 3 second(s)

2019-05-08 11:30:35 - [TEST_STEP][PASSED] - validateHostessAddressMsg = findWebElements(findTestObject("Page_cabi Create Show - Set Hostess/validate_address_msg"), 5): null

2019-05-08 11:30:35 - [TEST_STEP][PASSED] - println(validateHostessAddressMsg.size()): null

2019-05-08 11:30:35 - [TEST_STEP][PASSED] - if (validateHostessAddressMsg.isEmpty()): null

2019-05-08 11:30:35 - [TEST_STEP][PASSED] - selectOptionByValue(findTestObject("Page_cabi Create Show - Set Hostess/select_Choose_From_Contacts_Co-Hostess"), "3", true): All options with value '3' are selected in object 'Object Repository/Page_cabi Create Show - Set Hostess/select_Choose_From_Contacts_Co-Hostess'  using regular expression

2019-05-08 11:30:36 - [MESSAGE][PASSED] - All options with value '3' are selected in object 'Object Repository/Page_cabi Create Show - Set Hostess/select_Choose_From_Contacts_Co-Hostess'  using regular expression

2019-05-08 11:30:36 - [TEST_STEP][PASSED] - setText(findTestObject("Page_cabi Create Show - Set Hostess/input_Cohostess"), cohostess): Text 'neocohost1 abc' is set on object 'Object Repository/Page_cabi Create Show - Set Hostess/input_Cohostess'

2019-05-08 11:30:36 - [MESSAGE][PASSED] - Text 'neocohost1 abc' is set on object 'Object Repository/Page_cabi Create Show - Set Hostess/input_Cohostess'

2019-05-08 11:30:36 - [TEST_STEP][PASSED] - rightClick(findTestObject("Page_cabi Create Show - Set Hostess/input_Cohostess")): Object: 'Object Repository/Page_cabi Create Show - Set Hostess/input_Cohostess' is right clicked on

2019-05-08 11:30:36 - [MESSAGE][PASSED] - Object: 'Object Repository/Page_cabi Create Show - Set Hostess/input_Cohostess' is right clicked on

2019-05-08 11:30:36 - [TEST_STEP][PASSED] - rightClick(findTestObject("Page_cabi Create Show - Set Hostess/input_Cohostess")): Object: 'Object Repository/Page_cabi Create Show - Set Hostess/input_Cohostess' is right clicked on

2019-05-08 11:30:36 - [MESSAGE][PASSED] - Object: 'Object Repository/Page_cabi Create Show - Set Hostess/input_Cohostess' is right clicked on

2019-05-08 11:30:36 - [TEST_STEP][PASSED] - click(findTestObject("Page_cabi Create Show - Set Hostess/a_select_cohostess")): Object: 'Object Repository/Page_cabi Create Show - Set Hostess/a_select_cohostess' is clicked on

2019-05-08 11:30:37 - [MESSAGE][PASSED] - Object: 'Object Repository/Page_cabi Create Show - Set Hostess/a_select_cohostess' is clicked on

2019-05-08 11:30:37 - [TEST_STEP][PASSED] - setText(findTestObject("Page_cabi Create Show - Set Hostess/input_Cohostess"), cohostess): Text 'neocohost1 abc' is set on object 'Object Repository/Page_cabi Create Show - Set Hostess/input_Cohostess'

2019-05-08 11:30:37 - [MESSAGE][PASSED] - Text 'neocohost1 abc' is set on object 'Object Repository/Page_cabi Create Show - Set Hostess/input_Cohostess'

2019-05-08 11:30:37 - [TEST_STEP][PASSED] - delay(3): Delayed 3 second(s)

2019-05-08 11:30:40 - [MESSAGE][PASSED] - Delayed 3 second(s)

2019-05-08 11:30:40 - [TEST_STEP][PASSED] - validateHostessAddressMsg = findWebElements(findTestObject("Page_cabi Create Show - Set Hostess/validate_address_msg"), 5): null

2019-05-08 11:30:40 - [TEST_STEP][PASSED] - if (validateHostessAddressMsg.size() != 4): null

2019-05-08 11:30:40 - [TEST_STEP][PASSED] - click(findTestObject("Page_cabi Create Show - Set Hostess/input_next")): Object: 'Object Repository/Page_cabi Create Show - Set Hostess/input_next' is clicked on

2019-05-08 11:30:44 - [MESSAGE][PASSED] - Object: 'Object Repository/Page_cabi Create Show - Set Hostess/input_next' is clicked on

2019-05-08 11:30:44 - [TEST_STEP][PASSED] - delay(5): Delayed 5 second(s)

2019-05-08 11:30:49 - [MESSAGE][PASSED] - Delayed 5 second(s)

2019-05-08 11:30:49 - [TEST_STEP][PASSED] - rightClick(findTestObject("Object Repository/Page_cabi Create ShowTime_Place/input_Show_date_time")): Object: 'Object Repository/Page_cabi Create ShowTime_Place/input_Show_date_time' is right clicked on

2019-05-08 11:30:49 - [MESSAGE][PASSED] - Object: 'Object Repository/Page_cabi Create ShowTime_Place/input_Show_date_time' is right clicked on

2019-05-08 11:30:49 - [TEST_STEP][PASSED] - rightClick(findTestObject("Object Repository/Page_cabi Create ShowTime_Place/a_16")): Object: 'Object Repository/Page_cabi Create ShowTime_Place/a_16' is right clicked on

2019-05-08 11:30:49 - [MESSAGE][PASSED] - Object: 'Object Repository/Page_cabi Create ShowTime_Place/a_16' is right clicked on

2019-05-08 11:30:49 - [TEST_STEP][PASSED] - click(findTestObject("Object Repository/Page_cabi Create ShowTime_Place/a_16")): Object: 'Object Repository/Page_cabi Create ShowTime_Place/a_16' is clicked on

2019-05-08 11:30:49 - [MESSAGE][PASSED] - Object: 'Object Repository/Page_cabi Create ShowTime_Place/a_16' is clicked on

2019-05-08 11:30:49 - [TEST_STEP][PASSED] - click(findTestObject("Object Repository/Page_cabi Create ShowTime_Place/b")): Object: 'Object Repository/Page_cabi Create ShowTime_Place/b' is clicked on

2019-05-08 11:30:49 - [MESSAGE][PASSED] - Object: 'Object Repository/Page_cabi Create ShowTime_Place/b' is clicked on

2019-05-08 11:30:49 - [TEST_STEP][PASSED] - click(findTestObject("Object Repository/Page_cabi Create ShowTime_Place/div_Location for ShowSame as Hostess Home Address")): Object: 'Object Repository/Page_cabi Create ShowTime_Place/div_Location for ShowSame as Hostess Home Address' is clicked on

2019-05-08 11:30:49 - [MESSAGE][PASSED] - Object: 'Object Repository/Page_cabi Create ShowTime_Place/div_Location for ShowSame as Hostess Home Address' is clicked on

2019-05-08 11:30:49 - [TEST_STEP][PASSED] - click(findTestObject("Object Repository/Page_cabi Create ShowTime_Place/input__address_Same_as_hostess")): Object: 'Object Repository/Page_cabi Create ShowTime_Place/input__address_Same_as_hostess' is clicked on

2019-05-08 11:30:49 - [MESSAGE][PASSED] - Object: 'Object Repository/Page_cabi Create ShowTime_Place/input__address_Same_as_hostess' is clicked on

2019-05-08 11:30:49 - [TEST_STEP][PASSED] - click(findTestObject("Object Repository/Page_cabi Create ShowTime_Place/input_Same as show location")): Object: 'Object Repository/Page_cabi Create ShowTime_Place/input_Same as show location' is clicked on

2019-05-08 11:30:49 - [MESSAGE][PASSED] - Object: 'Object Repository/Page_cabi Create ShowTime_Place/input_Same as show location' is clicked on

2019-05-08 11:30:49 - [TEST_STEP][PASSED] - delay(5): Delayed 5 second(s)

2019-05-08 11:30:54 - [MESSAGE][PASSED] - Delayed 5 second(s)

2019-05-08 11:30:54 - [TEST_STEP][PASSED] - click(findTestObject("Object Repository/Page_cabi Create ShowTime_Place/label_Tax Rate Calculated")): Object: 'Object Repository/Page_cabi Create ShowTime_Place/label_Tax Rate Calculated' is clicked on

2019-05-08 11:30:54 - [MESSAGE][PASSED] - Object: 'Object Repository/Page_cabi Create ShowTime_Place/label_Tax Rate Calculated' is clicked on

2019-05-08 11:30:54 - [TEST_STEP][PASSED] - click(findTestObject("Object Repository/Page_cabi Create ShowTime_Place/input_Back_section")): Object: 'Object Repository/Page_cabi Create ShowTime_Place/input_Back_section' is clicked on

2019-05-08 11:30:55 - [MESSAGE][PASSED] - Object: 'Object Repository/Page_cabi Create ShowTime_Place/input_Back_section' is clicked on

2019-05-08 11:30:55 - [TEST_STEP][PASSED] - delay(5): Delayed 5 second(s)

2019-05-08 11:31:00 - [MESSAGE][PASSED] - Delayed 5 second(s)

2019-05-08 11:31:00 - [TEST_STEP][PASSED] - click(findTestObject("Page_cabi Create ShowTime_Place/input_ShowSummaryTab")): Object: 'Object Repository/Page_cabi Create ShowTime_Place/input_ShowSummaryTab' is clicked on

2019-05-08 11:31:03 - [MESSAGE][PASSED] - Object: 'Object Repository/Page_cabi Create ShowTime_Place/input_ShowSummaryTab' is clicked on

2019-05-08 11:31:03 - [MESSAGE][PASSED] - Call Test Case 'Test Cases/createAPhysicalShow' successfully

2019-05-08 11:31:03 - [TEST_STEP][PASSED] - navigateToUrl("https://test14.cliotest.com/cabicentral/control/main"): Navigate to 'https://test14.cliotest.com/cabicentral/control/main' successfully

2019-05-08 11:31:06 - [MESSAGE][PASSED] - Navigate to 'https://test14.cliotest.com/cabicentral/control/main' successfully

2019-05-08 11:31:06 - [TEST_STEP][PASSED] - setText(findTestObject("Page_cabi/input_Username_USERNAME_cabicentral"), "ehudson"): Text 'ehudson' is set on object 'Object Repository/Page_cabi/input_Username_USERNAME_cabicentral'

2019-05-08 11:31:06 - [MESSAGE][PASSED] - Text 'ehudson' is set on object 'Object Repository/Page_cabi/input_Username_USERNAME_cabicentral'

2019-05-08 11:31:06 - [TEST_STEP][PASSED] - setEncryptedText(findTestObject("Page_cabi/input_Password_PASSWORD"), "B/N/DIt9VtgMeGq7IFnfMA=="): Text ****** has been set on object 'Object Repository/Page_cabi/input_Password_PASSWORD'

2019-05-08 11:31:07 - [MESSAGE][PASSED] - Text ****** has been set on object 'Object Repository/Page_cabi/input_Password_PASSWORD'

2019-05-08 11:31:07 - [TEST_STEP][PASSED] - click(findTestObject("Page_cabi/input_Password_section-btn btn-stl-pk rFloat")): Object: 'Object Repository/Page_cabi/input_Password_section-btn btn-stl-pk rFloat' is clicked on

2019-05-08 11:31:09 - [MESSAGE][PASSED] - Object: 'Object Repository/Page_cabi/input_Password_section-btn btn-stl-pk rFloat' is clicked on

2019-05-08 11:31:09 - [TEST_STEP][PASSED] - click(findTestObject("Page_cabi cabiCentral Tasks/a_ORDERS")): Object: 'Object Repository/Page_cabi cabiCentral Tasks/a_ORDERS' is clicked on

2019-05-08 11:31:10 - [MESSAGE][PASSED] - Object: 'Object Repository/Page_cabi cabiCentral Tasks/a_ORDERS' is clicked on

2019-05-08 11:31:10 - [TEST_STEP][PASSED] - click(findTestObject("Page_cabi Find Order/a_Create Order")): Object: 'Object Repository/Page_cabi Find Order/a_Create Order' is clicked on

2019-05-08 11:31:11 - [MESSAGE][PASSED] - Object: 'Object Repository/Page_cabi Find Order/a_Create Order' is clicked on

2019-05-08 11:31:11 - [TEST_STEP][PASSED] - selectOptionByValue(findTestObject("Page_cabi Create Order/select_order_type"), "PERSONAL", true): All options with value 'PERSONAL' are selected in object 'Object Repository/Page_cabi Create Order/select_order_type'  using regular expression

2019-05-08 11:31:11 - [MESSAGE][PASSED] - All options with value 'PERSONAL' are selected in object 'Object Repository/Page_cabi Create Order/select_order_type'  using regular expression

2019-05-08 11:31:11 - [TEST_STEP][PASSED] - click(findTestObject("Page_cabi Create Order/input_select_order_type")): Object: 'Object Repository/Page_cabi Create Order/input_select_order_type' is clicked on

2019-05-08 11:31:16 - [MESSAGE][PASSED] - Object: 'Object Repository/Page_cabi Create Order/input_select_order_type' is clicked on

2019-05-08 11:31:16 - [TEST_STEP][PASSED] - callTestCase(findTestCase("productVerifyShort"), ["available":CCPersonal, "storeType":"CCPersonal"], STOP_ON_FAILURE): Call Test Case 'Test Cases/productVerifyShort' successfully

2019-05-08 11:31:16 - [TEST_CASE][PASSED] - Test Cases/productVerifyShort: Test Cases/productVerifyShort

2019-05-08 11:31:16 - [TEST_STEP][PASSED] - for ([row = 1, row <= findTestData("productData").getRowNumbers(), (row++)]): Delayed 3 second(s)

2019-05-08 11:31:16 - [TEST_STEP][PASSED] - setText(findTestObject("Object Repository/Page_cabi Create Order/input_Manual Discount_stylelookup_0"), findTestData("productData").getValue("Style", row)): Text '5618' is set on object 'Object Repository/Page_cabi Create Order/input_Manual Discount_stylelookup_0'

2019-05-08 11:31:16 - [MESSAGE][PASSED] - Text '5618' is set on object 'Object Repository/Page_cabi Create Order/input_Manual Discount_stylelookup_0'

2019-05-08 11:31:16 - [TEST_STEP][PASSED] - delay(2): Delayed 2 second(s)

2019-05-08 11:31:18 - [MESSAGE][PASSED] - Delayed 2 second(s)

2019-05-08 11:31:18 - [TEST_STEP][PASSED] - prod_message = getText(findTestObject("Page_cabi Create Order/first_option")): Text of object 'Object Repository/Page_cabi Create Order/first_option' is: '5618 Breeze Dress'

2019-05-08 11:31:18 - [MESSAGE][PASSED] - Text of object 'Object Repository/Page_cabi Create Order/first_option' is: '5618 Breeze Dress'

2019-05-08 11:31:18 - [TEST_STEP][PASSED] - delay(1): Delayed 1 second(s)

2019-05-08 11:31:19 - [MESSAGE][PASSED] - Delayed 1 second(s)

2019-05-08 11:31:19 - [TEST_STEP][PASSED] - click(findTestObject("Page_cabi Create Order/first_option")): Object: 'Object Repository/Page_cabi Create Order/first_option' is clicked on

2019-05-08 11:31:19 - [MESSAGE][PASSED] - Object: 'Object Repository/Page_cabi Create Order/first_option' is clicked on

2019-05-08 11:31:19 - [TEST_STEP][PASSED] - if (toString().equalsIgnoreCase("no")): null

2019-05-08 11:31:19 - [TEST_STEP][PASSED] - else: Delayed 3 second(s)

2019-05-08 11:31:19 - [TEST_STEP][PASSED] - delay(3): Delayed 3 second(s)

2019-05-08 11:31:22 - [MESSAGE][PASSED] - Delayed 3 second(s)

2019-05-08 11:31:22 - [TEST_STEP][PASSED] - s1 = getValue("Style", row).toString(): null

2019-05-08 11:31:22 - [TEST_STEP][PASSED] - s2 = " ": null

2019-05-08 11:31:22 - [TEST_STEP][PASSED] - s3 = getValue("Description", row).toString(): null

2019-05-08 11:31:22 - [TEST_STEP][PASSED] - expectedStyleDescription = $s1$s2$s3: null

2019-05-08 11:31:22 - [TEST_STEP][PASSED] - assert prod_message.equalsIgnoreCase(expectedStyleDescription): null

2019-05-08 11:31:22 - [TEST_STEP][PASSED] - delay(3): Delayed 3 second(s)

2019-05-08 11:31:25 - [MESSAGE][PASSED] - Delayed 3 second(s)

2019-05-08 11:31:25 - [TEST_STEP][PASSED] - colorOptions = findWebElements(findTestObject("Page_cabi Order Items/GetAttribute_Color"), 5): null

2019-05-08 11:31:26 - [TEST_STEP][PASSED] - println(colorOptions.size()): null

2019-05-08 11:31:26 - [TEST_STEP][PASSED] - expectedColour = findTestData("productData").getValue("Color", row): null

2019-05-08 11:31:26 - [TEST_STEP][PASSED] - println("expected colour is"): null

2019-05-08 11:31:26 - [TEST_STEP][PASSED] - println(expectedColour): null

2019-05-08 11:31:26 - [TEST_STEP][PASSED] - colourVerified = false: null

2019-05-08 11:31:26 - [TEST_STEP][PASSED] - for (org.openqa.selenium.WebElement op : colorOptions): null

2019-05-08 11:31:26 - [TEST_STEP][PASSED] - println(op.getText()): null

2019-05-08 11:31:26 - [TEST_STEP][PASSED] - if (expectedColour.equalsIgnoreCase(op.getText())): null

2019-05-08 11:31:26 - [TEST_STEP][PASSED] - colourVerified = true: null

2019-05-08 11:31:26 - [TEST_STEP][PASSED] - break: null

2019-05-08 11:31:26 - [TEST_STEP][PASSED] - assert colourVerified == true: null

2019-05-08 11:31:26 - [TEST_STEP][PASSED] - getPrice = getText(findTestObject("Page_cabi Create Order/retail_price")): Text of object 'Object Repository/Page_cabi Create Order/retail_price' is: '$119.00'

2019-05-08 11:31:26 - [MESSAGE][PASSED] - Text of object 'Object Repository/Page_cabi Create Order/retail_price' is: '$119.00'

2019-05-08 11:31:26 - [TEST_STEP][PASSED] - Split_Data = UtilityMethods.SplitData(getPrice): null

2019-05-08 11:31:26 - [TEST_STEP][PASSED] - verifyMatch(Split_Data, findTestData("productData").getValue("Retail", row), true): Actual text '119' and expected text '119' are matched  using regular expression

2019-05-08 11:31:26 - [MESSAGE][PASSED] - Actual text '119' and expected text '119' are matched  using regular expression

2019-05-08 11:31:26 - [TEST_STEP][PASSED] - sizeRange1 = ["XXS", "XS", "S", "M", "L", "XL"]: null

2019-05-08 11:31:26 - [TEST_STEP][PASSED] - sizeRange2 = ["00", "0", "2", "4", "6", "8", "10", "12", "14", "16"]: null

2019-05-08 11:31:26 - [TEST_STEP][PASSED] - sizeRange3 = ["Long", "Regular", "Short"]: null

2019-05-08 11:31:26 - [TEST_STEP][PASSED] - sizeRange4 = ["5", "6", "6.5", "7", "7.5", "8", "8.5", "9", "9.5", "10", "11"]: null

2019-05-08 11:31:26 - [TEST_STEP][PASSED] - sizeRangeSplit = UtilityMethods.SplitSizes(findTestData("productData").getValue("SzRange", row)): null

2019-05-08 11:31:26 - [TEST_STEP][PASSED] - sizeType = getText(findTestObject("Object Repository/Page_cabi Order Items/Size")): Text of object 'Object Repository/Page_cabi Order Items/Size' is: 'Select'

2019-05-08 11:31:26 - [MESSAGE][PASSED] - Text of object 'Object Repository/Page_cabi Order Items/Size' is: 'Select'

2019-05-08 11:31:26 - [TEST_STEP][PASSED] - sizeOptions = findWebElements(findTestObject("Object Repository/Page_cabi Order Items/Size"), 5): null

2019-05-08 11:31:26 - [TEST_STEP][PASSED] - actualRange = new java.util.ArrayList(): null

2019-05-08 11:31:26 - [TEST_STEP][PASSED] - expectedRange = <not implemented yet for class: org.codehaus.groovy.ast.expr.EmptyExpression>: null

2019-05-08 11:31:26 - [TEST_STEP][PASSED] - if (sizeType.equalsIgnoreCase("Select")): null

2019-05-08 11:31:26 - [TEST_STEP][PASSED] - for ([i = 1, i < sizeOptions.size(), (i++)]): null

2019-05-08 11:31:26 - [TEST_STEP][PASSED] - actualRange.add(get(i).getText()): null

2019-05-08 11:31:26 - [TEST_STEP][PASSED] - actualRange.add(get(i).getText()): null

2019-05-08 11:31:26 - [TEST_STEP][PASSED] - actualRange.add(get(i).getText()): null

2019-05-08 11:31:26 - [TEST_STEP][PASSED] - actualRange.add(get(i).getText()): null

2019-05-08 11:31:26 - [TEST_STEP][PASSED] - actualRange.add(get(i).getText()): null

2019-05-08 11:31:26 - [TEST_STEP][PASSED] - if (toString().equalsIgnoreCase("XS") || toString().equalsIgnoreCase("XXS")): null

2019-05-08 11:31:26 - [TEST_STEP][PASSED] - expectedRange = UtilityMethods.getExpectedRange(sizeRange1, sizeRangeSplit): null

2019-05-08 11:31:26 - [TEST_STEP][PASSED] - println("XS"): null

2019-05-08 11:31:26 - [TEST_STEP][PASSED] - println(expectedRange.toString()): null

2019-05-08 11:31:26 - [TEST_STEP][PASSED] - assert UtilityMethods.listEquals(expectedRange, actualRange) == true: null

2019-05-08 11:31:26 - [TEST_STEP][PASSED] - delay(3): Delayed 3 second(s)

2019-05-08 11:31:29 - [MESSAGE][PASSED] - Delayed 3 second(s)

2019-05-08 11:31:29 - [MESSAGE][PASSED] - Call Test Case 'Test Cases/productVerifyShort' successfully

2019-05-08 11:31:29 - [TEST_STEP][PASSED] - callTestCase(findTestCase("populateTimeGlobalVars"), ["row":timeRow], STOP_ON_FAILURE): Call Test Case 'Test Cases/populateTimeGlobalVars' successfully

2019-05-08 11:31:29 - [TEST_CASE][PASSED] - Test Cases/populateTimeGlobalVars: Test Cases/populateTimeGlobalVars

2019-05-08 11:31:29 - [TEST_STEP][PASSED] - dataFile = "timezoneData": null

2019-05-08 11:31:29 - [TEST_STEP][PASSED] - serverTarget = UtilityMethods.getTestData(dataFile, "serverTarget", row): null

2019-05-08 11:31:29 - [TEST_STEP][PASSED] - orderType = UtilityMethods.getTestData(dataFile, "orderType", row): null

2019-05-08 11:31:29 - [TEST_STEP][PASSED] - timeZone = UtilityMethods.getTestData(dataFile, "timeZone", row): null

2019-05-08 11:31:29 - [TEST_STEP][PASSED] - BOPersonal = UtilityMethods.getTestData(dataFile, "BOPersonal", row): null

2019-05-08 11:31:29 - [TEST_STEP][PASSED] - BOAddon = UtilityMethods.getTestData(dataFile, "BOAddon", row): null

2019-05-08 11:31:29 - [TEST_STEP][PASSED] - BORetail = UtilityMethods.getTestData(dataFile, "BORetail", row): null

2019-05-08 11:31:29 - [TEST_STEP][PASSED] - BOShow = UtilityMethods.getTestData(dataFile, "BOShow", row): null

2019-05-08 11:31:29 - [TEST_STEP][PASSED] - BOOnlineoutlet = UtilityMethods.getTestData(dataFile, "BOOnlineoutlet", row): null

2019-05-08 11:31:29 - [TEST_STEP][PASSED] - BOEmployee = UtilityMethods.getTestData(dataFile, "BOEmployee", row): null

2019-05-08 11:31:29 - [TEST_STEP][PASSED] - CCPersonal = UtilityMethods.getTestData(dataFile, "CCPersonal", row): null

2019-05-08 11:31:29 - [TEST_STEP][PASSED] - CCRetail = UtilityMethods.getTestData(dataFile, "CCRetail", row): null

2019-05-08 11:31:29 - [TEST_STEP][PASSED] - CCShow = UtilityMethods.getTestData(dataFile, "CCShow", row): null

2019-05-08 11:31:29 - [MESSAGE][PASSED] - Call Test Case 'Test Cases/populateTimeGlobalVars' successfully

2019-05-08 11:31:29 - [TEST_STEP][PASSED] - callTestCase(findTestCase("newArrivalsSetTimezone"), ["ofbizURL":ofbizURL, "ofbizuser":ofbizuser, "ofbizpass":ofbizpass, "orderType":orderType, "timeZone":timeZone, "serverTarget":serverTarget], STOP_ON_FAILURE): Call Test Case 'Test Cases/newArrivalsSetTimezone' successfully

2019-05-08 11:31:29 - [TEST_CASE][PASSED] - Test Cases/newArrivalsSetTimezone: Test Cases/newArrivalsSetTimezone

2019-05-08 11:31:29 - [TEST_STEP][NOT_RUN] - openBrowser(""): NOT_RUN: openBrowser("")

2019-05-08 11:31:29 - [MESSAGE][NOT_RUN] - NOT_RUN: openBrowser("")

2019-05-08 11:31:29 - [TEST_STEP][NOT_RUN] - maximizeWindow(): NOT_RUN: maximizeWindow()

2019-05-08 11:31:29 - [MESSAGE][NOT_RUN] - NOT_RUN: maximizeWindow()

2019-05-08 11:31:29 - [TEST_STEP][PASSED] - navigateToUrl(ofbizURL): Navigate to 'https://pushofbiz.cliotest.com/login.php' successfully

2019-05-08 11:31:31 - [MESSAGE][PASSED] - Navigate to 'https://pushofbiz.cliotest.com/login.php' successfully

2019-05-08 11:31:31 - [TEST_STEP][PASSED] - setText(findTestObject("Page_/input_Username_username"), ofbizuser): Text 'sshinde' is set on object 'Object Repository/Page_/input_Username_username'

2019-05-08 11:31:31 - [MESSAGE][PASSED] - Text 'sshinde' is set on object 'Object Repository/Page_/input_Username_username'

2019-05-08 11:31:31 - [TEST_STEP][PASSED] - setText(findTestObject("Page_/input_Password_password"), ofbizpass): Text 'C@bi$ush5' is set on object 'Object Repository/Page_/input_Password_password'

2019-05-08 11:31:31 - [MESSAGE][PASSED] - Text 'C@bi$ush5' is set on object 'Object Repository/Page_/input_Password_password'

2019-05-08 11:31:31 - [TEST_STEP][PASSED] - click(findTestObject("Page_/input_Password_Submit")): Object: 'Object Repository/Page_/input_Password_Submit' is clicked on

2019-05-08 11:31:34 - [MESSAGE][PASSED] - Object: 'Object Repository/Page_/input_Password_Submit' is clicked on

2019-05-08 11:31:34 - [TEST_STEP][PASSED] - click(findTestObject("Object Repository/Page_/a_Clock set")): Object: 'Object Repository/Page_/a_Clock set' is clicked on

2019-05-08 11:31:34 - [MESSAGE][PASSED] - Object: 'Object Repository/Page_/a_Clock set' is clicked on

2019-05-08 11:31:34 - [TEST_STEP][PASSED] - selectOptionByLabel(findTestObject("Object Repository/Page_/serverTarget"), serverTarget, true): All options with label 'test14' are selected in object 'Object Repository/Page_/serverTarget'  using regular expression

2019-05-08 11:31:36 - [MESSAGE][PASSED] - All options with label 'test14' are selected in object 'Object Repository/Page_/serverTarget'  using regular expression

2019-05-08 11:31:36 - [TEST_STEP][PASSED] - click(findTestObject("Page_/thisDateAndTime")): Object: 'Object Repository/Page_/thisDateAndTime' is clicked on

2019-05-08 11:31:36 - [MESSAGE][PASSED] - Object: 'Object Repository/Page_/thisDateAndTime' is clicked on

2019-05-08 11:31:36 - [TEST_STEP][PASSED] - setText(findTestObject("Object Repository/Page_/setTargetTime"), timeZone): Text ' 05/03/2019 12:00' is set on object 'Object Repository/Page_/setTargetTime'

2019-05-08 11:31:36 - [MESSAGE][PASSED] - Text ' 05/03/2019 12:00' is set on object 'Object Repository/Page_/setTargetTime'

2019-05-08 11:31:36 - [TEST_STEP][PASSED] - click(findTestObject("Object Repository/Page_/input")): Object: 'Object Repository/Page_/input' is clicked on

2019-05-08 11:31:36 - [MESSAGE][PASSED] - Object: 'Object Repository/Page_/input' is clicked on

2019-05-08 11:31:36 - [TEST_STEP][PASSED] - delay(10): Delayed 10 second(s)

2019-05-08 11:31:46 - [MESSAGE][PASSED] - Delayed 10 second(s)

2019-05-08 11:31:46 - [TEST_STEP][PASSED] - closeBrowser(): Browser is closed

2019-05-08 11:31:47 - [MESSAGE][PASSED] - Browser is closed

2019-05-08 11:31:47 - [MESSAGE][PASSED] - Call Test Case 'Test Cases/newArrivalsSetTimezone' successfully

2019-05-08 11:31:47 - [TEST_STEP][PASSED] - if (timeRow == 1): null

2019-05-08 11:31:47 - [TEST_STEP][FAILED] - navigateToUrl("https://test14.cliotest.com/cabicentral/control/main"): for ([timeRow = 1, timeRow <= findTestData("timezoneData").getRowNumbers(), (timeRow++)]) FAILED.
Reason:
com.kms.katalon.core.exception.StepFailedException: Unable to navigate to 'https://test14.cliotest.com/cabicentral/control/main'
	at com.kms.katalon.core.webui.keyword.internal.WebUIKeywordMain.stepFailed(WebUIKeywordMain.groovy:64)
	at com.kms.katalon.core.webui.keyword.internal.WebUIKeywordMain.runKeyword(WebUIKeywordMain.groovy:26)
	at com.kms.katalon.core.webui.keyword.builtin.NavigateToUrlKeyword.navigateToUrl(NavigateToUrlKeyword.groovy:83)
	at com.kms.katalon.core.webui.keyword.builtin.NavigateToUrlKeyword.execute(NavigateToUrlKeyword.groovy:67)
	at com.kms.katalon.core.keyword.internal.KeywordExecutor.executeKeywordForPlatform(KeywordExecutor.groovy:56)
	at com.kms.katalon.core.webui.keyword.WebUiBuiltInKeywords.navigateToUrl(WebUiBuiltInKeywords.groovy:183)
	at com.kms.katalon.core.webui.keyword.WebUiBuiltInKeywords$navigateToUrl$0.call(Unknown Source)
	at NewArrivals.run(NewArrivals:84)
	at com.kms.katalon.core.main.ScriptEngine.run(ScriptEngine.java:194)
	at com.kms.katalon.core.main.ScriptEngine.runScriptAsRawText(ScriptEngine.java:119)
	at com.kms.katalon.core.main.TestCaseExecutor.runScript(TestCaseExecutor.java:342)
	at com.kms.katalon.core.main.TestCaseExecutor.doExecute(TestCaseExecutor.java:333)
	at com.kms.katalon.core.main.TestCaseExecutor.processExecutionPhase(TestCaseExecutor.java:312)
	at com.kms.katalon.core.main.TestCaseExecutor.accessMainPhase(TestCaseExecutor.java:304)
	at com.kms.katalon.core.main.TestCaseExecutor.execute(TestCaseExecutor.java:238)
	at com.kms.katalon.core.main.TestSuiteExecutor.accessTestCaseMainPhase(TestSuiteExecutor.java:129)
	at com.kms.katalon.core.main.TestSuiteExecutor.accessTestSuiteMainPhase(TestSuiteExecutor.java:112)
	at com.kms.katalon.core.main.TestSuiteExecutor.execute(TestSuiteExecutor.java:81)
	at com.kms.katalon.core.main.TestCaseMain.startTestSuite(TestCaseMain.java:157)
	at com.kms.katalon.core.main.TestCaseMain$startTestSuite$0.call(Unknown Source)
	at TempTestSuite1557295062757.run(TempTestSuite1557295062757.groovy:35)
Caused by: com.kms.katalon.core.webui.exception.BrowserNotOpenedException: Browser is not opened
Build info: version: '3.7.1', revision: '8a0099a', time: '2017-11-06T21:07:36.161Z'
System info: host: 'NIVEDITA', ip: '10.0.102.159', os.name: 'Windows 8.1', os.arch: 'amd64', os.version: '6.3', java.version: '1.8.0_181'
Driver info: driver.version: unknown
	at com.kms.katalon.core.webui.driver.DriverFactory.verifyWebDriverIsOpen(DriverFactory.java:632)
	at com.kms.katalon.core.webui.driver.DriverFactory.verifyWebDriver(DriverFactory.java:617)
	at com.kms.katalon.core.webui.driver.DriverFactory.getWebDriver(DriverFactory.java:603)
	at com.kms.katalon.core.webui.keyword.builtin.NavigateToUrlKeyword$_navigateToUrl_closure1.doCall(NavigateToUrlKeyword.groovy:80)
	at com.kms.katalon.core.webui.keyword.builtin.NavigateToUrlKeyword$_navigateToUrl_closure1.call(NavigateToUrlKeyword.groovy)
	at com.kms.katalon.core.webui.keyword.internal.WebUIKeywordMain.runKeyword(WebUIKeywordMain.groovy:20)
	at com.kms.katalon.core.webui.keyword.builtin.NavigateToUrlKeyword.navigateToUrl(NavigateToUrlKeyword.groovy:83)
	at com.kms.katalon.core.webui.keyword.builtin.NavigateToUrlKeyword.execute(NavigateToUrlKeyword.groovy:67)
	at com.kms.katalon.core.keyword.internal.KeywordExecutor.executeKeywordForPlatform(KeywordExecutor.groovy:56)
	at com.kms.katalon.core.webui.keyword.WebUiBuiltInKeywords.navigateToUrl(WebUiBuiltInKeywords.groovy:183)
	at com.kms.katalon.core.webui.keyword.WebUiBuiltInKeywords$navigateToUrl$0.call(Unknown Source)
	at Script1556094498836.run(Script1556094498836.groovy:84)
	... 13 more


2019-05-08 11:31:47 - [MESSAGE][WARNING] - Cannot take screenshot

2019-05-08 11:31:47 - [MESSAGE][FAILED] - Unable to navigate to 'https://test14.cliotest.com/cabicentral/control/main' (Root cause: com.kms.katalon.core.exception.StepFailedException: Unable to navigate to 'https://test14.cliotest.com/cabicentral/control/main'
	at com.kms.katalon.core.webui.keyword.internal.WebUIKeywordMain.stepFailed(WebUIKeywordMain.groovy:64)
	at com.kms.katalon.core.webui.keyword.internal.WebUIKeywordMain.runKeyword(WebUIKeywordMain.groovy:26)
	at com.kms.katalon.core.webui.keyword.builtin.NavigateToUrlKeyword.navigateToUrl(NavigateToUrlKeyword.groovy:83)
	at com.kms.katalon.core.webui.keyword.builtin.NavigateToUrlKeyword.execute(NavigateToUrlKeyword.groovy:67)
	at com.kms.katalon.core.keyword.internal.KeywordExecutor.executeKeywordForPlatform(KeywordExecutor.groovy:56)
	at com.kms.katalon.core.webui.keyword.WebUiBuiltInKeywords.navigateToUrl(WebUiBuiltInKeywords.groovy:183)
	at com.kms.katalon.core.webui.keyword.WebUiBuiltInKeywords$navigateToUrl$0.call(Unknown Source)
	at NewArrivals.run(NewArrivals:84)
	at com.kms.katalon.core.main.ScriptEngine.run(ScriptEngine.java:194)
	at com.kms.katalon.core.main.ScriptEngine.runScriptAsRawText(ScriptEngine.java:119)
	at com.kms.katalon.core.main.TestCaseExecutor.runScript(TestCaseExecutor.java:342)
	at com.kms.katalon.core.main.TestCaseExecutor.doExecute(TestCaseExecutor.java:333)
	at com.kms.katalon.core.main.TestCaseExecutor.processExecutionPhase(TestCaseExecutor.java:312)
	at com.kms.katalon.core.main.TestCaseExecutor.accessMainPhase(TestCaseExecutor.java:304)
	at com.kms.katalon.core.main.TestCaseExecutor.execute(TestCaseExecutor.java:238)
	at com.kms.katalon.core.main.TestSuiteExecutor.accessTestCaseMainPhase(TestSuiteExecutor.java:129)
	at com.kms.katalon.core.main.TestSuiteExecutor.accessTestSuiteMainPhase(TestSuiteExecutor.java:112)
	at com.kms.katalon.core.main.TestSuiteExecutor.execute(TestSuiteExecutor.java:81)
	at com.kms.katalon.core.main.TestCaseMain.startTestSuite(TestCaseMain.java:157)
	at com.kms.katalon.core.main.TestCaseMain$startTestSuite$0.call(Unknown Source)
	at TempTestSuite1557295062757.run(TempTestSuite1557295062757.groovy:35)
Caused by: com.kms.katalon.core.webui.exception.BrowserNotOpenedException: Browser is not opened
Build info: version: '3.7.1', revision: '8a0099a', time: '2017-11-06T21:07:36.161Z'
System info: host: 'NIVEDITA', ip: '10.0.102.159', os.name: 'Windows 8.1', os.arch: 'amd64', os.version: '6.3', java.version: '1.8.0_181'
Driver info: driver.version: unknown
	at com.kms.katalon.core.webui.driver.DriverFactory.verifyWebDriverIsOpen(DriverFactory.java:632)
	at com.kms.katalon.core.webui.driver.DriverFactory.verifyWebDriver(DriverFactory.java:617)
	at com.kms.katalon.core.webui.driver.DriverFactory.getWebDriver(DriverFactory.java:603)
	at com.kms.katalon.core.webui.keyword.builtin.NavigateToUrlKeyword$_navigateToUrl_closure1.doCall(NavigateToUrlKeyword.groovy:80)
	at com.kms.katalon.core.webui.keyword.builtin.NavigateToUrlKeyword$_navigateToUrl_closure1.call(NavigateToUrlKeyword.groovy)
	at com.kms.katalon.core.webui.keyword.internal.WebUIKeywordMain.runKeyword(WebUIKeywordMain.groovy:20)
	at com.kms.katalon.core.webui.keyword.builtin.NavigateToUrlKeyword.navigateToUrl(NavigateToUrlKeyword.groovy:83)
	at com.kms.katalon.core.webui.keyword.builtin.NavigateToUrlKeyword.execute(NavigateToUrlKeyword.groovy:67)
	at com.kms.katalon.core.keyword.internal.KeywordExecutor.executeKeywordForPlatform(KeywordExecutor.groovy:56)
	at com.kms.katalon.core.webui.keyword.WebUiBuiltInKeywords.navigateToUrl(WebUiBuiltInKeywords.groovy:183)
	at com.kms.katalon.core.webui.keyword.WebUiBuiltInKeywords$navigateToUrl$0.call(Unknown Source)
	at Script1556094498836.run(Script1556094498836.groovy:84)
	... 13 more
)

2019-05-08 11:31:47 - [MESSAGE][FAILED] - for ([timeRow = 1, timeRow <= findTestData("timezoneData").getRowNumbers(), (timeRow++)]) FAILED.
Reason:
com.kms.katalon.core.exception.StepFailedException: Unable to navigate to 'https://test14.cliotest.com/cabicentral/control/main'
	at com.kms.katalon.core.webui.keyword.internal.WebUIKeywordMain.stepFailed(WebUIKeywordMain.groovy:64)
	at com.kms.katalon.core.webui.keyword.internal.WebUIKeywordMain.runKeyword(WebUIKeywordMain.groovy:26)
	at com.kms.katalon.core.webui.keyword.builtin.NavigateToUrlKeyword.navigateToUrl(NavigateToUrlKeyword.groovy:83)
	at com.kms.katalon.core.webui.keyword.builtin.NavigateToUrlKeyword.execute(NavigateToUrlKeyword.groovy:67)
	at com.kms.katalon.core.keyword.internal.KeywordExecutor.executeKeywordForPlatform(KeywordExecutor.groovy:56)
	at com.kms.katalon.core.webui.keyword.WebUiBuiltInKeywords.navigateToUrl(WebUiBuiltInKeywords.groovy:183)
	at com.kms.katalon.core.webui.keyword.WebUiBuiltInKeywords$navigateToUrl$0.call(Unknown Source)
	at NewArrivals.run(NewArrivals:84)
	at com.kms.katalon.core.main.ScriptEngine.run(ScriptEngine.java:194)
	at com.kms.katalon.core.main.ScriptEngine.runScriptAsRawText(ScriptEngine.java:119)
	at com.kms.katalon.core.main.TestCaseExecutor.runScript(TestCaseExecutor.java:342)
	at com.kms.katalon.core.main.TestCaseExecutor.doExecute(TestCaseExecutor.java:333)
	at com.kms.katalon.core.main.TestCaseExecutor.processExecutionPhase(TestCaseExecutor.java:312)
	at com.kms.katalon.core.main.TestCaseExecutor.accessMainPhase(TestCaseExecutor.java:304)
	at com.kms.katalon.core.main.TestCaseExecutor.execute(TestCaseExecutor.java:238)
	at com.kms.katalon.core.main.TestSuiteExecutor.accessTestCaseMainPhase(TestSuiteExecutor.java:129)
	at com.kms.katalon.core.main.TestSuiteExecutor.accessTestSuiteMainPhase(TestSuiteExecutor.java:112)
	at com.kms.katalon.core.main.TestSuiteExecutor.execute(TestSuiteExecutor.java:81)
	at com.kms.katalon.core.main.TestCaseMain.startTestSuite(TestCaseMain.java:157)
	at com.kms.katalon.core.main.TestCaseMain$startTestSuite$0.call(Unknown Source)
	at TempTestSuite1557295062757.run(TempTestSuite1557295062757.groovy:35)
Caused by: com.kms.katalon.core.webui.exception.BrowserNotOpenedException: Browser is not opened
Build info: version: '3.7.1', revision: '8a0099a', time: '2017-11-06T21:07:36.161Z'
System info: host: 'NIVEDITA', ip: '10.0.102.159', os.name: 'Windows 8.1', os.arch: 'amd64', os.version: '6.3', java.version: '1.8.0_181'
Driver info: driver.version: unknown
	at com.kms.katalon.core.webui.driver.DriverFactory.verifyWebDriverIsOpen(DriverFactory.java:632)
	at com.kms.katalon.core.webui.driver.DriverFactory.verifyWebDriver(DriverFactory.java:617)
	at com.kms.katalon.core.webui.driver.DriverFactory.getWebDriver(DriverFactory.java:603)
	at com.kms.katalon.core.webui.keyword.builtin.NavigateToUrlKeyword$_navigateToUrl_closure1.doCall(NavigateToUrlKeyword.groovy:80)
	at com.kms.katalon.core.webui.keyword.builtin.NavigateToUrlKeyword$_navigateToUrl_closure1.call(NavigateToUrlKeyword.groovy)
	at com.kms.katalon.core.webui.keyword.internal.WebUIKeywordMain.runKeyword(WebUIKeywordMain.groovy:20)
	at com.kms.katalon.core.webui.keyword.builtin.NavigateToUrlKeyword.navigateToUrl(NavigateToUrlKeyword.groovy:83)
	at com.kms.katalon.core.webui.keyword.builtin.NavigateToUrlKeyword.execute(NavigateToUrlKeyword.groovy:67)
	at com.kms.katalon.core.keyword.internal.KeywordExecutor.executeKeywordForPlatform(KeywordExecutor.groovy:56)
	at com.kms.katalon.core.webui.keyword.WebUiBuiltInKeywords.navigateToUrl(WebUiBuiltInKeywords.groovy:183)
	at com.kms.katalon.core.webui.keyword.WebUiBuiltInKeywords$navigateToUrl$0.call(Unknown Source)
	at Script1556094498836.run(Script1556094498836.groovy:84)
	... 13 more]]></system-out>
         <system-err><![CDATA[2019-05-08 11:27:45 - [TEST_CASE][FAILED] - Test Cases/NewArrivals: Test Cases/NewArrivals FAILED.
Reason:
com.kms.katalon.core.exception.StepFailedException: Unable to navigate to 'https://test14.cliotest.com/cabicentral/control/main'
	at com.kms.katalon.core.webui.keyword.internal.WebUIKeywordMain.stepFailed(WebUIKeywordMain.groovy:64)
	at com.kms.katalon.core.webui.keyword.internal.WebUIKeywordMain.runKeyword(WebUIKeywordMain.groovy:26)
	at com.kms.katalon.core.webui.keyword.builtin.NavigateToUrlKeyword.navigateToUrl(NavigateToUrlKeyword.groovy:83)
	at com.kms.katalon.core.webui.keyword.builtin.NavigateToUrlKeyword.execute(NavigateToUrlKeyword.groovy:67)
	at com.kms.katalon.core.keyword.internal.KeywordExecutor.executeKeywordForPlatform(KeywordExecutor.groovy:56)
	at com.kms.katalon.core.webui.keyword.WebUiBuiltInKeywords.navigateToUrl(WebUiBuiltInKeywords.groovy:183)
	at com.kms.katalon.core.webui.keyword.WebUiBuiltInKeywords$navigateToUrl$0.call(Unknown Source)
	at NewArrivals.run(NewArrivals:84)
	at com.kms.katalon.core.main.ScriptEngine.run(ScriptEngine.java:194)
	at com.kms.katalon.core.main.ScriptEngine.runScriptAsRawText(ScriptEngine.java:119)
	at com.kms.katalon.core.main.TestCaseExecutor.runScript(TestCaseExecutor.java:342)
	at com.kms.katalon.core.main.TestCaseExecutor.doExecute(TestCaseExecutor.java:333)
	at com.kms.katalon.core.main.TestCaseExecutor.processExecutionPhase(TestCaseExecutor.java:312)
	at com.kms.katalon.core.main.TestCaseExecutor.accessMainPhase(TestCaseExecutor.java:304)
	at com.kms.katalon.core.main.TestCaseExecutor.execute(TestCaseExecutor.java:238)
	at com.kms.katalon.core.main.TestSuiteExecutor.accessTestCaseMainPhase(TestSuiteExecutor.java:129)
	at com.kms.katalon.core.main.TestSuiteExecutor.accessTestSuiteMainPhase(TestSuiteExecutor.java:112)
	at com.kms.katalon.core.main.TestSuiteExecutor.execute(TestSuiteExecutor.java:81)
	at com.kms.katalon.core.main.TestCaseMain.startTestSuite(TestCaseMain.java:157)
	at com.kms.katalon.core.main.TestCaseMain$startTestSuite$0.call(Unknown Source)
	at TempTestSuite1557295062757.run(TempTestSuite1557295062757.groovy:35)
Caused by: com.kms.katalon.core.webui.exception.BrowserNotOpenedException: Browser is not opened
Build info: version: '3.7.1', revision: '8a0099a', time: '2017-11-06T21:07:36.161Z'
System info: host: 'NIVEDITA', ip: '10.0.102.159', os.name: 'Windows 8.1', os.arch: 'amd64', os.version: '6.3', java.version: '1.8.0_181'
Driver info: driver.version: unknown
	at com.kms.katalon.core.webui.driver.DriverFactory.verifyWebDriverIsOpen(DriverFactory.java:632)
	at com.kms.katalon.core.webui.driver.DriverFactory.verifyWebDriver(DriverFactory.java:617)
	at com.kms.katalon.core.webui.driver.DriverFactory.getWebDriver(DriverFactory.java:603)
	at com.kms.katalon.core.webui.keyword.builtin.NavigateToUrlKeyword$_navigateToUrl_closure1.doCall(NavigateToUrlKeyword.groovy:80)
	at com.kms.katalon.core.webui.keyword.builtin.NavigateToUrlKeyword$_navigateToUrl_closure1.call(NavigateToUrlKeyword.groovy)
	at com.kms.katalon.core.webui.keyword.internal.WebUIKeywordMain.runKeyword(WebUIKeywordMain.groovy:20)
	at com.kms.katalon.core.webui.keyword.builtin.NavigateToUrlKeyword.navigateToUrl(NavigateToUrlKeyword.groovy:83)
	at com.kms.katalon.core.webui.keyword.builtin.NavigateToUrlKeyword.execute(NavigateToUrlKeyword.groovy:67)
	at com.kms.katalon.core.keyword.internal.KeywordExecutor.executeKeywordForPlatform(KeywordExecutor.groovy:56)
	at com.kms.katalon.core.webui.keyword.WebUiBuiltInKeywords.navigateToUrl(WebUiBuiltInKeywords.groovy:183)
	at com.kms.katalon.core.webui.keyword.WebUiBuiltInKeywords$navigateToUrl$0.call(Unknown Source)
	at Script1556094498836.run(Script1556094498836.groovy:84)
	... 13 more]]></system-err>
      </testcase>
      <system-out><![CDATA[2019-05-08 11:27:45 - [TEST_SUITE][FAILED] - NewArrivalSuite: Test Cases/NewArrivals FAILED.
Reason:
com.kms.katalon.core.exception.StepFailedException: Unable to navigate to 'https://test14.cliotest.com/cabicentral/control/main'
	at com.kms.katalon.core.webui.keyword.internal.WebUIKeywordMain.stepFailed(WebUIKeywordMain.groovy:64)
	at com.kms.katalon.core.webui.keyword.internal.WebUIKeywordMain.runKeyword(WebUIKeywordMain.groovy:26)
	at com.kms.katalon.core.webui.keyword.builtin.NavigateToUrlKeyword.navigateToUrl(NavigateToUrlKeyword.groovy:83)
	at com.kms.katalon.core.webui.keyword.builtin.NavigateToUrlKeyword.execute(NavigateToUrlKeyword.groovy:67)
	at com.kms.katalon.core.keyword.internal.KeywordExecutor.executeKeywordForPlatform(KeywordExecutor.groovy:56)
	at com.kms.katalon.core.webui.keyword.WebUiBuiltInKeywords.navigateToUrl(WebUiBuiltInKeywords.groovy:183)
	at com.kms.katalon.core.webui.keyword.WebUiBuiltInKeywords$navigateToUrl$0.call(Unknown Source)
	at NewArrivals.run(NewArrivals:84)
	at com.kms.katalon.core.main.ScriptEngine.run(ScriptEngine.java:194)
	at com.kms.katalon.core.main.ScriptEngine.runScriptAsRawText(ScriptEngine.java:119)
	at com.kms.katalon.core.main.TestCaseExecutor.runScript(TestCaseExecutor.java:342)
	at com.kms.katalon.core.main.TestCaseExecutor.doExecute(TestCaseExecutor.java:333)
	at com.kms.katalon.core.main.TestCaseExecutor.processExecutionPhase(TestCaseExecutor.java:312)
	at com.kms.katalon.core.main.TestCaseExecutor.accessMainPhase(TestCaseExecutor.java:304)
	at com.kms.katalon.core.main.TestCaseExecutor.execute(TestCaseExecutor.java:238)
	at com.kms.katalon.core.main.TestSuiteExecutor.accessTestCaseMainPhase(TestSuiteExecutor.java:129)
	at com.kms.katalon.core.main.TestSuiteExecutor.accessTestSuiteMainPhase(TestSuiteExecutor.java:112)
	at com.kms.katalon.core.main.TestSuiteExecutor.execute(TestSuiteExecutor.java:81)
	at com.kms.katalon.core.main.TestCaseMain.startTestSuite(TestCaseMain.java:157)
	at com.kms.katalon.core.main.TestCaseMain$startTestSuite$0.call(Unknown Source)
	at TempTestSuite1557295062757.run(TempTestSuite1557295062757.groovy:35)
Caused by: com.kms.katalon.core.webui.exception.BrowserNotOpenedException: Browser is not opened
Build info: version: '3.7.1', revision: '8a0099a', time: '2017-11-06T21:07:36.161Z'
System info: host: 'NIVEDITA', ip: '10.0.102.159', os.name: 'Windows 8.1', os.arch: 'amd64', os.version: '6.3', java.version: '1.8.0_181'
Driver info: driver.version: unknown
	at com.kms.katalon.core.webui.driver.DriverFactory.verifyWebDriverIsOpen(DriverFactory.java:632)
	at com.kms.katalon.core.webui.driver.DriverFactory.verifyWebDriver(DriverFactory.java:617)
	at com.kms.katalon.core.webui.driver.DriverFactory.getWebDriver(DriverFactory.java:603)
	at com.kms.katalon.core.webui.keyword.builtin.NavigateToUrlKeyword$_navigateToUrl_closure1.doCall(NavigateToUrlKeyword.groovy:80)
	at com.kms.katalon.core.webui.keyword.builtin.NavigateToUrlKeyword$_navigateToUrl_closure1.call(NavigateToUrlKeyword.groovy)
	at com.kms.katalon.core.webui.keyword.internal.WebUIKeywordMain.runKeyword(WebUIKeywordMain.groovy:20)
	at com.kms.katalon.core.webui.keyword.builtin.NavigateToUrlKeyword.navigateToUrl(NavigateToUrlKeyword.groovy:83)
	at com.kms.katalon.core.webui.keyword.builtin.NavigateToUrlKeyword.execute(NavigateToUrlKeyword.groovy:67)
	at com.kms.katalon.core.keyword.internal.KeywordExecutor.executeKeywordForPlatform(KeywordExecutor.groovy:56)
	at com.kms.katalon.core.webui.keyword.WebUiBuiltInKeywords.navigateToUrl(WebUiBuiltInKeywords.groovy:183)
	at com.kms.katalon.core.webui.keyword.WebUiBuiltInKeywords$navigateToUrl$0.call(Unknown Source)
	at Script1556094498836.run(Script1556094498836.groovy:84)
	... 13 more]]></system-out>
      <system-err><![CDATA[2019-05-08 11:27:45 - [TEST_SUITE][FAILED] - NewArrivalSuite: Test Cases/NewArrivals FAILED.
Reason:
com.kms.katalon.core.exception.StepFailedException: Unable to navigate to 'https://test14.cliotest.com/cabicentral/control/main'
	at com.kms.katalon.core.webui.keyword.internal.WebUIKeywordMain.stepFailed(WebUIKeywordMain.groovy:64)
	at com.kms.katalon.core.webui.keyword.internal.WebUIKeywordMain.runKeyword(WebUIKeywordMain.groovy:26)
	at com.kms.katalon.core.webui.keyword.builtin.NavigateToUrlKeyword.navigateToUrl(NavigateToUrlKeyword.groovy:83)
	at com.kms.katalon.core.webui.keyword.builtin.NavigateToUrlKeyword.execute(NavigateToUrlKeyword.groovy:67)
	at com.kms.katalon.core.keyword.internal.KeywordExecutor.executeKeywordForPlatform(KeywordExecutor.groovy:56)
	at com.kms.katalon.core.webui.keyword.WebUiBuiltInKeywords.navigateToUrl(WebUiBuiltInKeywords.groovy:183)
	at com.kms.katalon.core.webui.keyword.WebUiBuiltInKeywords$navigateToUrl$0.call(Unknown Source)
	at NewArrivals.run(NewArrivals:84)
	at com.kms.katalon.core.main.ScriptEngine.run(ScriptEngine.java:194)
	at com.kms.katalon.core.main.ScriptEngine.runScriptAsRawText(ScriptEngine.java:119)
	at com.kms.katalon.core.main.TestCaseExecutor.runScript(TestCaseExecutor.java:342)
	at com.kms.katalon.core.main.TestCaseExecutor.doExecute(TestCaseExecutor.java:333)
	at com.kms.katalon.core.main.TestCaseExecutor.processExecutionPhase(TestCaseExecutor.java:312)
	at com.kms.katalon.core.main.TestCaseExecutor.accessMainPhase(TestCaseExecutor.java:304)
	at com.kms.katalon.core.main.TestCaseExecutor.execute(TestCaseExecutor.java:238)
	at com.kms.katalon.core.main.TestSuiteExecutor.accessTestCaseMainPhase(TestSuiteExecutor.java:129)
	at com.kms.katalon.core.main.TestSuiteExecutor.accessTestSuiteMainPhase(TestSuiteExecutor.java:112)
	at com.kms.katalon.core.main.TestSuiteExecutor.execute(TestSuiteExecutor.java:81)
	at com.kms.katalon.core.main.TestCaseMain.startTestSuite(TestCaseMain.java:157)
	at com.kms.katalon.core.main.TestCaseMain$startTestSuite$0.call(Unknown Source)
	at TempTestSuite1557295062757.run(TempTestSuite1557295062757.groovy:35)
Caused by: com.kms.katalon.core.webui.exception.BrowserNotOpenedException: Browser is not opened
Build info: version: '3.7.1', revision: '8a0099a', time: '2017-11-06T21:07:36.161Z'
System info: host: 'NIVEDITA', ip: '10.0.102.159', os.name: 'Windows 8.1', os.arch: 'amd64', os.version: '6.3', java.version: '1.8.0_181'
Driver info: driver.version: unknown
	at com.kms.katalon.core.webui.driver.DriverFactory.verifyWebDriverIsOpen(DriverFactory.java:632)
	at com.kms.katalon.core.webui.driver.DriverFactory.verifyWebDriver(DriverFactory.java:617)
	at com.kms.katalon.core.webui.driver.DriverFactory.getWebDriver(DriverFactory.java:603)
	at com.kms.katalon.core.webui.keyword.builtin.NavigateToUrlKeyword$_navigateToUrl_closure1.doCall(NavigateToUrlKeyword.groovy:80)
	at com.kms.katalon.core.webui.keyword.builtin.NavigateToUrlKeyword$_navigateToUrl_closure1.call(NavigateToUrlKeyword.groovy)
	at com.kms.katalon.core.webui.keyword.internal.WebUIKeywordMain.runKeyword(WebUIKeywordMain.groovy:20)
	at com.kms.katalon.core.webui.keyword.builtin.NavigateToUrlKeyword.navigateToUrl(NavigateToUrlKeyword.groovy:83)
	at com.kms.katalon.core.webui.keyword.builtin.NavigateToUrlKeyword.execute(NavigateToUrlKeyword.groovy:67)
	at com.kms.katalon.core.keyword.internal.KeywordExecutor.executeKeywordForPlatform(KeywordExecutor.groovy:56)
	at com.kms.katalon.core.webui.keyword.WebUiBuiltInKeywords.navigateToUrl(WebUiBuiltInKeywords.groovy:183)
	at com.kms.katalon.core.webui.keyword.WebUiBuiltInKeywords$navigateToUrl$0.call(Unknown Source)
	at Script1556094498836.run(Script1556094498836.groovy:84)
	... 13 more]]></system-err>
   </testsuite>
</testsuites>
