<?xml version="1.0" encoding="UTF-8"?>
<testsuites name="NewArrivalsSuite1" time="316" tests="1" failures="0" errors="0">
   <testsuite name="NewArrivalsSuite1" tests="1" failures="0" errors="0" time="316" timestamp="2019-10-04 13:56:00" hostname="user - 172.16.231.3" id="Test Suites/NewArrivalsSuites/NewArrivalsSuite1">
      <properties>
         <property name="deviceName" value=""/>
         <property name="devicePlatform" value=""/>
         <property name="logFolder" value="C:\\Users\\user\\Documents\\testautomation\\KatalonProjects\\Reports\\NewArrivalsSuites\\NewArrivalsSuite1\\20191004_135553"/>
         <property name="logFiles" value="C:\\Users\\user\\Documents\\testautomation\\KatalonProjects\\Reports\\NewArrivalsSuites\\NewArrivalsSuite1\\20191004_135553\\execution0.log"/>
         <property name="attachments" value="C:\\Users\\user\\Documents\\testautomation\\KatalonProjects\\productImages\\BOPersonal_3843 image.png, C:\\Users\\user\\Documents\\testautomation\\KatalonProjects\\productImages\\BOPersonal_3846 image.png, C:\\Users\\user\\Documents\\testautomation\\KatalonProjects\\productImages\\BOPersonal_3850 image.png, C:\\Users\\user\\Documents\\testautomation\\KatalonProjects\\productImages\\BOPersonal_3857 image.png, C:\\Users\\user\\Documents\\testautomation\\KatalonProjects\\productImages\\BOPersonal_3861 image.png, C:\\Users\\user\\Documents\\testautomation\\KatalonProjects\\productImages\\BOPersonal_3863 image.png, C:\\Users\\user\\Documents\\testautomation\\KatalonProjects\\productImages\\BOPersonal_3864 image.png, C:\\Users\\user\\Documents\\testautomation\\KatalonProjects\\productImages\\BOPersonal_3865 image.png, C:\\Users\\user\\Documents\\testautomation\\KatalonProjects\\productImages\\BOPersonal_3869 image.png, C:\\Users\\user\\Documents\\testautomation\\KatalonProjects\\productImages\\BOPersonal_3870 image.png, C:\\Users\\user\\Documents\\testautomation\\KatalonProjects\\productImages\\BOPersonal_3871 image.png, C:\\Users\\user\\Documents\\testautomation\\KatalonProjects\\productImages\\BOPersonal_3875 image.png"/>
         <property name="hostName" value="user - 172.16.231.3"/>
         <property name="os" value="Windows 8.1 64bit"/>
         <property name="katalonVersion" value="6.1.1.1"/>
         <property name="browser" value="Chrome 77.0.3865.90"/>
         <property name="hostAddress" value="172.16.231.3"/>
         <property name="sessionId" value="b345b62e2f34f37208f9f06880454f46"/>
         <property name="seleniumVersion" value="3.7.1"/>
         <property name="proxyInformation" value="ProxyInformation{proxyOption=NO_PROXY, proxyServerType=HTTP, password=, proxyServerAddress=, proxyServerPort=0}"/>
         <property name="platform" value="Windows 8.1"/>
      </properties>
      <testcase name="Test Cases/NA_Timezone_Separated/BOPersonal1" classname="Test Cases/NA_Timezone_Separated/BOPersonal1" status="PASSED">
         <system-out><![CDATA[2019-10-04 13:56:01 - [TEST_CASE][PASSED] - Test Cases/NA_Timezone_Separated/BOPersonal1: Test Cases/NA_Timezone_Separated/BOPersonal1

2019-10-04 13:56:01 - [TEST_STEP][PASSED] - Start listener action : sampleBeforeTestCase: null

2019-10-04 13:56:01 - [TEST_STEP][PASSED] - println(testCaseContext.getTestCaseId()): null

2019-10-04 13:56:01 - [TEST_STEP][PASSED] - println(testCaseContext.getTestCaseVariables()): null

2019-10-04 13:56:02 - [TEST_STEP][PASSED] - openBrowser(""): Browser is opened with url: ''

2019-10-04 13:56:02 - [MESSAGE][INFO] - Starting 'Chrome' driver

2019-10-04 13:56:02 - [MESSAGE][INFO] - User set preference: ['args', '[--use-fake-ui-for-media-stream, --start-maximized]']

2019-10-04 13:56:02 - [MESSAGE][INFO] - Action delay is set to 0 seconds

2019-10-04 13:56:06 - [MESSAGE][PASSED] - Browser is opened with url: ''

2019-10-04 13:56:06 - [TEST_STEP][PASSED] - for ([timeRow = 1, timeRow <= 1, (timeRow++)]): Call Test Case 'Test Cases/NewArrival/productVerify' successfully

2019-10-04 13:56:06 - [TEST_STEP][PASSED] - callTestCase(findTestCase("NewArrival/populateTimeGlobalVars"), ["row":timeRow], CONTINUE_ON_FAILURE): Call Test Case 'Test Cases/NewArrival/populateTimeGlobalVars' successfully

2019-10-04 13:56:07 - [TEST_CASE][PASSED] - Test Cases/NewArrival/populateTimeGlobalVars: Test Cases/NewArrival/populateTimeGlobalVars

2019-10-04 13:56:07 - [TEST_STEP][PASSED] - dataFile = "timezoneData": null

2019-10-04 13:56:07 - [TEST_STEP][PASSED] - clockServerTarget = UtilityMethods.getTestData("envtData", "clockServerTarget", 1): null

2019-10-04 13:56:10 - [TEST_STEP][PASSED] - println(clockServerTarget): null

2019-10-04 13:56:10 - [TEST_STEP][PASSED] - orderType = UtilityMethods.getTestData(dataFile, "orderType", row): null

2019-10-04 13:56:10 - [TEST_STEP][PASSED] - timeZone = UtilityMethods.getTestData(dataFile, "timeZone", row): null

2019-10-04 13:56:10 - [TEST_STEP][PASSED] - BOPersonal = UtilityMethods.getTestData(dataFile, "BOPersonal", row): null

2019-10-04 13:56:10 - [TEST_STEP][PASSED] - BOAddonPersonal = UtilityMethods.getTestData(dataFile, "BOAddonPersonal", row): null

2019-10-04 13:56:10 - [TEST_STEP][PASSED] - BOAddonRetail = UtilityMethods.getTestData(dataFile, "BOAddonRetail", row): null

2019-10-04 13:56:10 - [TEST_STEP][PASSED] - BORetail = UtilityMethods.getTestData(dataFile, "BORetail", row): null

2019-10-04 13:56:10 - [TEST_STEP][PASSED] - BOShow = UtilityMethods.getTestData(dataFile, "BOShow", row): null

2019-10-04 13:56:11 - [TEST_STEP][PASSED] - BOOnlineoutlet = UtilityMethods.getTestData(dataFile, "BOOnlineoutlet", row): null

2019-10-04 13:56:11 - [TEST_STEP][PASSED] - BOEmployee = UtilityMethods.getTestData(dataFile, "BOEmployee", row): null

2019-10-04 13:56:11 - [TEST_STEP][PASSED] - CCPersonal = UtilityMethods.getTestData(dataFile, "CCPersonal", row): null

2019-10-04 13:56:11 - [TEST_STEP][PASSED] - CCRetail = UtilityMethods.getTestData(dataFile, "CCRetail", row): null

2019-10-04 13:56:11 - [TEST_STEP][PASSED] - CCShow = UtilityMethods.getTestData(dataFile, "CCShow", row): null

2019-10-04 13:56:11 - [TEST_STEP][PASSED] - BOEblast = UtilityMethods.getTestData(dataFile, "BOEblast", row): null

2019-10-04 13:56:11 - [TEST_STEP][PASSED] - println(row): null

2019-10-04 13:56:11 - [TEST_STEP][PASSED] - println(BOPersonal): null

2019-10-04 13:56:11 - [MESSAGE][PASSED] - Call Test Case 'Test Cases/NewArrival/populateTimeGlobalVars' successfully

2019-10-04 13:56:11 - [TEST_STEP][PASSED] - callTestCase(findTestCase("NewArrival/setTimezone"), ["ofbizURL":"", "ofbizuser":"", "ofbizpass":"", "orderType":orderType, "timeZone":timeZone, "serverTarget":serverTarget, "clockServerTarget":clockServerTarget], CONTINUE_ON_FAILURE): Call Test Case 'Test Cases/NewArrival/setTimezone' successfully

2019-10-04 13:56:11 - [TEST_CASE][PASSED] - Test Cases/NewArrival/setTimezone: Test Cases/NewArrival/setTimezone

2019-10-04 13:56:11 - [TEST_STEP][PASSED] - openBrowser(""): Browser is opened with url: ''

2019-10-04 13:56:11 - [MESSAGE][WARNING] - A browser is already opened. Closing browser and opening a new one

2019-10-04 13:56:12 - [MESSAGE][INFO] - Starting 'Chrome' driver

2019-10-04 13:56:12 - [MESSAGE][INFO] - User set preference: ['args', '[--use-fake-ui-for-media-stream, --start-maximized]']

2019-10-04 13:56:15 - [MESSAGE][PASSED] - Browser is opened with url: ''

2019-10-04 13:56:15 - [TEST_STEP][NOT_RUN] - maximizeWindow(): NOT_RUN: maximizeWindow()

2019-10-04 13:56:15 - [MESSAGE][NOT_RUN] - NOT_RUN: maximizeWindow()

2019-10-04 13:56:15 - [TEST_STEP][PASSED] - ofbizURL = findTestData("envtData").getValue("ofbizURL", 1): null

2019-10-04 13:56:15 - [TEST_STEP][PASSED] - ofbizuser = findTestData("credData").getValue("ofbizuser", 1): null

2019-10-04 13:56:15 - [TEST_STEP][PASSED] - ofbizpass = findTestData("credData").getValue("ofbizpass", 1): null

2019-10-04 13:56:15 - [TEST_STEP][PASSED] - navigateToUrl(ofbizURL): Navigate to 'https://pushofbiz.cliotest.com/login.php' successfully

2019-10-04 13:56:17 - [MESSAGE][PASSED] - Navigate to 'https://pushofbiz.cliotest.com/login.php' successfully

2019-10-04 13:56:17 - [TEST_STEP][PASSED] - setText(findTestObject("Page_/input_Username_username"), ofbizuser): Text 'automation' is set on object 'Object Repository/Page_/input_Username_username'

2019-10-04 13:56:18 - [MESSAGE][PASSED] - Text 'automation' is set on object 'Object Repository/Page_/input_Username_username'

2019-10-04 13:56:18 - [TEST_STEP][PASSED] - setText(findTestObject("Page_/input_Password_password"), ofbizpass): Text 'cabiautomation' is set on object 'Object Repository/Page_/input_Password_password'

2019-10-04 13:56:18 - [MESSAGE][PASSED] - Text 'cabiautomation' is set on object 'Object Repository/Page_/input_Password_password'

2019-10-04 13:56:18 - [TEST_STEP][PASSED] - click(findTestObject("Page_/input_Password_Submit")): Object: 'Object Repository/Page_/input_Password_Submit' is clicked on

2019-10-04 13:56:22 - [MESSAGE][PASSED] - Object: 'Object Repository/Page_/input_Password_Submit' is clicked on

2019-10-04 13:56:22 - [TEST_STEP][PASSED] - click(findTestObject("Object Repository/Page_/a_Clock set")): Object: 'Object Repository/Page_/a_Clock set' is clicked on

2019-10-04 13:56:23 - [MESSAGE][PASSED] - Object: 'Object Repository/Page_/a_Clock set' is clicked on

2019-10-04 13:56:23 - [TEST_STEP][PASSED] - cst = UtilityMethods.createTestObject("select_target", "//select[@name='Target']/option[contains(text(), '", clockServerTarget, "')]"): null

2019-10-04 13:56:23 - [TEST_STEP][PASSED] - println(clockServerTarget): null

2019-10-04 13:56:23 - [TEST_STEP][PASSED] - click(cst): Object: 'select_target' is clicked on

2019-10-04 13:56:23 - [MESSAGE][PASSED] - Object: 'select_target' is clicked on

2019-10-04 13:56:23 - [TEST_STEP][PASSED] - click(findTestObject("Page_/thisDateAndTime")): Object: 'Object Repository/Page_/thisDateAndTime' is clicked on

2019-10-04 13:56:24 - [MESSAGE][PASSED] - Object: 'Object Repository/Page_/thisDateAndTime' is clicked on

2019-10-04 13:56:24 - [TEST_STEP][PASSED] - setText(findTestObject("Object Repository/Page_/setTargetTime"), timeZone): Text ' 10/16/2019 7:00' is set on object 'Object Repository/Page_/setTargetTime'

2019-10-04 13:56:24 - [MESSAGE][PASSED] - Text ' 10/16/2019 7:00' is set on object 'Object Repository/Page_/setTargetTime'

2019-10-04 13:56:24 - [TEST_STEP][PASSED] - click(findTestObject("Object Repository/Page_/input")): Object: 'Object Repository/Page_/input' is clicked on

2019-10-04 13:56:25 - [MESSAGE][PASSED] - Object: 'Object Repository/Page_/input' is clicked on

2019-10-04 13:56:25 - [TEST_STEP][PASSED] - delay(10): Delayed 10 second(s)

2019-10-04 13:56:35 - [MESSAGE][PASSED] - Delayed 10 second(s)

2019-10-04 13:56:35 - [TEST_STEP][NOT_RUN] - closeBrowser(): NOT_RUN: closeBrowser()

2019-10-04 13:56:35 - [MESSAGE][NOT_RUN] - NOT_RUN: closeBrowser()

2019-10-04 13:56:35 - [MESSAGE][PASSED] - Call Test Case 'Test Cases/NewArrival/setTimezone' successfully

2019-10-04 13:56:35 - [TEST_STEP][PASSED] - callTestCase(findTestCase("TestCaseUtilities/backOfficeLogin"), ["BOURL":"", "BOuser":"", "BOpass":""], CONTINUE_ON_FAILURE): Call Test Case 'Test Cases/TestCaseUtilities/backOfficeLogin' successfully

2019-10-04 13:56:35 - [TEST_CASE][PASSED] - Test Cases/TestCaseUtilities/backOfficeLogin: Test Cases/TestCaseUtilities/backOfficeLogin

2019-10-04 13:56:35 - [TEST_STEP][PASSED] - BOURL = findTestData("envtData").getValue("BOURL", 1): null

2019-10-04 13:56:35 - [TEST_STEP][PASSED] - BOuser = findTestData("credData").getValue("BOuser", 1): null

2019-10-04 13:56:35 - [TEST_STEP][PASSED] - BOpass = findTestData("credData").getValue("BOpass", 1): null

2019-10-04 13:56:36 - [TEST_STEP][PASSED] - openBrowser(""): Browser is opened with url: ''

2019-10-04 13:56:36 - [MESSAGE][WARNING] - A browser is already opened. Closing browser and opening a new one

2019-10-04 13:56:37 - [MESSAGE][INFO] - Starting 'Chrome' driver

2019-10-04 13:56:37 - [MESSAGE][INFO] - User set preference: ['args', '[--use-fake-ui-for-media-stream, --start-maximized]']

2019-10-04 13:56:39 - [MESSAGE][PASSED] - Browser is opened with url: ''

2019-10-04 13:56:39 - [TEST_STEP][PASSED] - navigateToUrl(BOURL): Navigate to 'https://test4ca.cliotest.com/backoffice/control/main' successfully

2019-10-04 13:56:51 - [MESSAGE][PASSED] - Navigate to 'https://test4ca.cliotest.com/backoffice/control/main' successfully

2019-10-04 13:56:51 - [TEST_STEP][PASSED] - logOut = findWebElements(findTestObject("Object Repository/Page_cabi Home/log_out"), 1): Unable to find the element located by 'By.xpath: //a[contains(text(),'Log Out')]'. Please recheck the objects properties to make sure the desired element is located. 

2019-10-04 13:56:52 - [MESSAGE][INFO] - Unable to find the element located by 'By.xpath: //a[contains(text(),'Log Out')]'. Please recheck the objects properties to make sure the desired element is located. 

2019-10-04 13:56:52 - [TEST_STEP][PASSED] - if (logOut.size() == 0): Object: 'Object Repository/Page_cabi/input_Welcome to_consultantLogin' is clicked on

2019-10-04 13:56:52 - [TEST_STEP][PASSED] - setText(findTestObject("Page_cabi/input_Welcome to_USERNAME"), BOuser): Text 'ca1402' is set on object 'Object Repository/Page_cabi/input_Welcome to_USERNAME'

2019-10-04 13:56:52 - [MESSAGE][PASSED] - Text 'ca1402' is set on object 'Object Repository/Page_cabi/input_Welcome to_USERNAME'

2019-10-04 13:56:52 - [TEST_STEP][PASSED] - setText(findTestObject("Object Repository/Page_cabi/input_Welcome to_PASSWORD"), BOpass): Text 'blackdress19' is set on object 'Object Repository/Page_cabi/input_Welcome to_PASSWORD'

2019-10-04 13:56:52 - [MESSAGE][PASSED] - Text 'blackdress19' is set on object 'Object Repository/Page_cabi/input_Welcome to_PASSWORD'

2019-10-04 13:56:52 - [TEST_STEP][PASSED] - click(findTestObject("Object Repository/Page_cabi/input_Welcome to_consultantLogin")): Object: 'Object Repository/Page_cabi/input_Welcome to_consultantLogin' is clicked on

2019-10-04 13:57:14 - [MESSAGE][PASSED] - Object: 'Object Repository/Page_cabi/input_Welcome to_consultantLogin' is clicked on

2019-10-04 13:57:14 - [TEST_STEP][PASSED] - delay(3): Delayed 3 second(s)

2019-10-04 13:57:17 - [MESSAGE][PASSED] - Delayed 3 second(s)

2019-10-04 13:57:17 - [MESSAGE][PASSED] - Call Test Case 'Test Cases/TestCaseUtilities/backOfficeLogin' successfully

2019-10-04 13:57:17 - [TEST_STEP][PASSED] - click(findTestObject("Object Repository/Page_cabi Home/a_Shows  Orders")): Object: 'Object Repository/Page_cabi Home/a_Shows  Orders' is clicked on

2019-10-04 13:57:18 - [MESSAGE][PASSED] - Object: 'Object Repository/Page_cabi Home/a_Shows  Orders' is clicked on

2019-10-04 13:57:18 - [TEST_STEP][PASSED] - click(findTestObject("Page_cabi Home/a_personal_purchases")): Object: 'Object Repository/Page_cabi Home/a_personal_purchases' is clicked on

2019-10-04 13:57:21 - [MESSAGE][PASSED] - Object: 'Object Repository/Page_cabi Home/a_personal_purchases' is clicked on

2019-10-04 13:57:21 - [TEST_STEP][PASSED] - click(findTestObject("Object Repository/Page_cabi Personal Store/span_Continue to Order")): Object: 'Object Repository/Page_cabi Personal Store/span_Continue to Order' is clicked on

2019-10-04 13:57:21 - [MESSAGE][PASSED] - Object: 'Object Repository/Page_cabi Personal Store/span_Continue to Order' is clicked on

2019-10-04 13:57:21 - [TEST_STEP][PASSED] - println(BOPersonal): null

2019-10-04 13:57:21 - [TEST_STEP][PASSED] - callTestCase(findTestCase("NewArrival/productVerify"), ["available":BOPersonal, "storeType":"BOPersonal"], CONTINUE_ON_FAILURE): Call Test Case 'Test Cases/NewArrival/productVerify' successfully

2019-10-04 13:57:21 - [TEST_CASE][PASSED] - Test Cases/NewArrival/productVerify: Test Cases/NewArrival/productVerify

2019-10-04 13:57:22 - [TEST_STEP][PASSED] - sa = <not implemented yet for class: org.codehaus.groovy.ast.expr.EmptyExpression>: null

2019-10-04 13:57:22 - [TEST_STEP][PASSED] - styleid_data = <not implemented yet for class: org.codehaus.groovy.ast.expr.EmptyExpression>: null

2019-10-04 13:57:22 - [TEST_STEP][PASSED] - by = <not implemented yet for class: org.codehaus.groovy.ast.expr.EmptyExpression>: null

2019-10-04 13:57:22 - [TEST_STEP][PASSED] - styleWe = <not implemented yet for class: org.codehaus.groovy.ast.expr.EmptyExpression>: null

2019-10-04 13:57:22 - [TEST_STEP][PASSED] - to = <not implemented yet for class: org.codehaus.groovy.ast.expr.EmptyExpression>: null

2019-10-04 13:57:22 - [TEST_STEP][PASSED] - driver = getWebDriver(): null

2019-10-04 13:57:22 - [TEST_STEP][PASSED] - for ([row = 1, row <= findTestData("productData").getRowNumbers(), (row++)]): null

2019-10-04 13:57:22 - [TEST_STEP][PASSED] - delay(5): Delayed 5 second(s)

2019-10-04 13:57:27 - [MESSAGE][PASSED] - Delayed 5 second(s)

2019-10-04 13:57:27 - [TEST_STEP][PASSED] - sa = new org.testng.asserts.SoftAssert(): null

2019-10-04 13:57:28 - [TEST_STEP][PASSED] - styleid_data = findTestData("productData").getValue("Style", row): null

2019-10-04 13:57:28 - [TEST_STEP][PASSED] - println("******************+++++++++++++++++++**********************************************"): null

2019-10-04 13:57:28 - [TEST_STEP][PASSED] - println(styleid_data): null

2019-10-04 13:57:28 - [TEST_STEP][PASSED] - by = By.xpath("//input[@name='style']"): null

2019-10-04 13:57:28 - [TEST_STEP][PASSED] - styleWe = UtilityMethods.getElementByLocator(by, driver): null

2019-10-04 13:57:28 - [TEST_STEP][PASSED] - to = UtilityMethods.fromElement(styleWe): null

2019-10-04 13:57:28 - [TEST_STEP][PASSED] - setText(to, styleid_data): Text '3843' is set on object ''

2019-10-04 13:57:28 - [MESSAGE][PASSED] - Text '3843' is set on object ''

2019-10-04 13:57:28 - [TEST_STEP][PASSED] - sendKeys(to, Keys.chord(ENTER)): Keys 'ENTER + ' sent to object: ''

2019-10-04 13:57:28 - [MESSAGE][PASSED] - Keys 'ENTER + ' sent to object: ''

2019-10-04 13:57:28 - [TEST_STEP][PASSED] - delay(2): Delayed 2 second(s)

2019-10-04 13:57:30 - [MESSAGE][PASSED] - Delayed 2 second(s)

2019-10-04 13:57:30 - [TEST_STEP][PASSED] - setText(findTestObject("Object Repository/Page_cabi Order Items/input_New Arrivals - Blooming Blush_style"), findTestData("productData").getValue("Style", row)): Text '3843' is set on object 'Object Repository/Page_cabi Order Items/input_New Arrivals - Blooming Blush_style'

2019-10-04 13:57:31 - [MESSAGE][PASSED] - Text '3843' is set on object 'Object Repository/Page_cabi Order Items/input_New Arrivals - Blooming Blush_style'

2019-10-04 13:57:31 - [TEST_STEP][PASSED] - sendKeys(findTestObject("Object Repository/Page_cabi Order Items/input_New Arrivals - Blooming Blush_style"), Keys.chord(ENTER)): Keys 'ENTER + ' sent to object: 'Object Repository/Page_cabi Order Items/input_New Arrivals - Blooming Blush_style'

2019-10-04 13:57:31 - [MESSAGE][PASSED] - Keys 'ENTER + ' sent to object: 'Object Repository/Page_cabi Order Items/input_New Arrivals - Blooming Blush_style'

2019-10-04 13:57:31 - [TEST_STEP][PASSED] - executeJavaScript("arguments[0].click()", Arrays.asList(findWebElement(findTestObject("Object Repository/Page_cabi Order Items/input_New Arrivals - Blooming Blush_style"), 30))): Execute JavaScript 'arguments[0].click()' successfully

2019-10-04 13:57:31 - [MESSAGE][PASSED] - Execute JavaScript 'arguments[0].click()' successfully

2019-10-04 13:57:31 - [TEST_STEP][PASSED] - if (toString().equalsIgnoreCase("no")): null

2019-10-04 13:57:31 - [TEST_STEP][PASSED] - else: null

2019-10-04 13:57:31 - [TEST_STEP][PASSED] - click(findTestObject("Page_cabi Order Items/li_order_item")): Object: 'Object Repository/Page_cabi Order Items/li_order_item' is clicked on

2019-10-04 13:57:32 - [MESSAGE][PASSED] - Object: 'Object Repository/Page_cabi Order Items/li_order_item' is clicked on

2019-10-04 13:57:32 - [TEST_STEP][PASSED] - delay(5): Delayed 5 second(s)

2019-10-04 13:57:37 - [MESSAGE][PASSED] - Delayed 5 second(s)

2019-10-04 13:57:37 - [TEST_STEP][PASSED] - imagePath = UtilityMethods.createScreenshotImagePath(storeType, styleid_data): null

2019-10-04 13:57:37 - [TEST_STEP][PASSED] - println(imagePath): null

2019-10-04 13:57:37 - [TEST_STEP][PASSED] - takeScreenshot(imagePath): Taking screenshot successfully

2019-10-04 13:57:37 - [MESSAGE][PASSED] - Taking screenshot successfully
[[ATTACHMENT|C:\\Users\\user\\Documents\\testautomation\\KatalonProjects\\productImages\\BOPersonal_3843 image.png]]

2019-10-04 13:57:38 - [TEST_STEP][PASSED] - verifyElementText(findTestObject("Page_cabi Order Items/GetAttribute_getID"), styleid_data, CONTINUE_ON_FAILURE): Actual text and expected text of test object 'Object Repository/Page_cabi Order Items/GetAttribute_getID' are matched.

2019-10-04 13:57:38 - [MESSAGE][PASSED] - Actual text and expected text of test object 'Object Repository/Page_cabi Order Items/GetAttribute_getID' are matched.

2019-10-04 13:57:38 - [TEST_STEP][PASSED] - colorOptions = findWebElements(findTestObject("Page_cabi Order Items/GetAttribute_Color"), 5): null

2019-10-04 13:57:38 - [TEST_STEP][PASSED] - println(colorOptions.size()): null

2019-10-04 13:57:38 - [TEST_STEP][PASSED] - expectedColour = findTestData("productData").getValue("Color", row): null

2019-10-04 13:57:38 - [TEST_STEP][PASSED] - println("expected colour is"): null

2019-10-04 13:57:38 - [TEST_STEP][PASSED] - println(expectedColour): null

2019-10-04 13:57:38 - [TEST_STEP][PASSED] - colourVerified = false: null

2019-10-04 13:57:38 - [TEST_STEP][PASSED] - for (org.openqa.selenium.WebElement op : colorOptions): null

2019-10-04 13:57:38 - [TEST_STEP][PASSED] - println(op.getText()): null

2019-10-04 13:57:38 - [TEST_STEP][PASSED] - if (expectedColour.equalsIgnoreCase(op.getText())): null

2019-10-04 13:57:38 - [TEST_STEP][PASSED] - colourVerified = true: null

2019-10-04 13:57:38 - [TEST_STEP][PASSED] - break: null

2019-10-04 13:57:38 - [TEST_STEP][PASSED] - sa.assertTrue(colourVerified): null

2019-10-04 13:57:38 - [TEST_STEP][PASSED] - getPrice = getText(findTestObject("Page_cabi Order Items/GetAttribute_Price")): Text of object 'Object Repository/Page_cabi Order Items/GetAttribute_Price' is: 'Price : $119.00'

2019-10-04 13:57:38 - [MESSAGE][PASSED] - Text of object 'Object Repository/Page_cabi Order Items/GetAttribute_Price' is: 'Price : $119.00'

2019-10-04 13:57:38 - [TEST_STEP][PASSED] - Split_Data = UtilityMethods.SplitData(getPrice): null

2019-10-04 13:57:38 - [TEST_STEP][PASSED] - verifyMatch(Split_Data, findTestData("productData").getValue("Retail", row), true, CONTINUE_ON_FAILURE): Actual text '119' and expected text '119' are matched  using regular expression

2019-10-04 13:57:38 - [MESSAGE][PASSED] - Actual text '119' and expected text '119' are matched  using regular expression

2019-10-04 13:57:38 - [TEST_STEP][PASSED] - sizeRange1 = ["XXS", "XS", "S", "M", "L", "XL"]: null

2019-10-04 13:57:38 - [TEST_STEP][PASSED] - sizeRange2 = ["00", "0", "2", "4", "6", "8", "10", "12", "14", "16"]: null

2019-10-04 13:57:38 - [TEST_STEP][PASSED] - sizeRange3 = ["Long", "Regular", "Short"]: null

2019-10-04 13:57:38 - [TEST_STEP][PASSED] - sizeRange4 = ["5", "6", "6.5", "7", "7.5", "8", "8.5", "9", "9.5", "10", "11"]: null

2019-10-04 13:57:38 - [TEST_STEP][PASSED] - sizeRange5 = ["XS/S", "M/L"]: null

2019-10-04 13:57:38 - [TEST_STEP][PASSED] - sizeRangeSplit = UtilityMethods.SplitSizes(findTestData("productData").getValue("SzRange", row)): null

2019-10-04 13:57:38 - [TEST_STEP][PASSED] - sizeType = getText(findTestObject("Object Repository/Page_cabi Order Items/Size")): Text of object 'Object Repository/Page_cabi Order Items/Size' is: 'Select'

2019-10-04 13:57:38 - [MESSAGE][PASSED] - Text of object 'Object Repository/Page_cabi Order Items/Size' is: 'Select'

2019-10-04 13:57:38 - [TEST_STEP][PASSED] - sizeOptions = findWebElements(findTestObject("Object Repository/Page_cabi Order Items/Size"), 5): null

2019-10-04 13:57:38 - [TEST_STEP][PASSED] - actualRange = new java.util.ArrayList(): null

2019-10-04 13:57:38 - [TEST_STEP][PASSED] - expectedRange = <not implemented yet for class: org.codehaus.groovy.ast.expr.EmptyExpression>: null

2019-10-04 13:57:38 - [TEST_STEP][PASSED] - if (sizeType.equalsIgnoreCase("Select")): null

2019-10-04 13:57:38 - [TEST_STEP][PASSED] - for ([i = 1, i < sizeOptions.size(), (i++)]): null

2019-10-04 13:57:38 - [TEST_STEP][PASSED] - actualRange.add(getAttribute("value").toString()): null

2019-10-04 13:57:38 - [TEST_STEP][PASSED] - actualRange.add(getAttribute("value").toString()): null

2019-10-04 13:57:38 - [TEST_STEP][PASSED] - actualRange.add(getAttribute("value").toString()): null

2019-10-04 13:57:38 - [TEST_STEP][PASSED] - actualRange.add(getAttribute("value").toString()): null

2019-10-04 13:57:38 - [TEST_STEP][PASSED] - actualRange.add(getAttribute("value").toString()): null

2019-10-04 13:57:38 - [TEST_STEP][PASSED] - if (toString().equalsIgnoreCase("XS") || toString().equalsIgnoreCase("XXS")): null

2019-10-04 13:57:38 - [TEST_STEP][PASSED] - expectedRange = UtilityMethods.getExpectedRange(sizeRange1, sizeRangeSplit): null

2019-10-04 13:57:38 - [TEST_STEP][PASSED] - println("XS"): null

2019-10-04 13:57:38 - [TEST_STEP][PASSED] - println(expectedRange.toString()): null

2019-10-04 13:57:38 - [TEST_STEP][PASSED] - sa.assertTrue(UtilityMethods.listEquals(expectedRange, actualRange)): null

2019-10-04 13:57:38 - [TEST_STEP][PASSED] - delay(2): Delayed 2 second(s)

2019-10-04 13:57:40 - [MESSAGE][PASSED] - Delayed 2 second(s)

2019-10-04 13:57:40 - [TEST_STEP][PASSED] - verifyElementText(findTestObject("Page_cabi Order Items/product_title"), findTestData("productData").getValue("Description", row), CONTINUE_ON_FAILURE): Actual text and expected text of test object 'Object Repository/Page_cabi Order Items/product_title' are matched.

2019-10-04 13:57:41 - [MESSAGE][PASSED] - Actual text and expected text of test object 'Object Repository/Page_cabi Order Items/product_title' are matched.

2019-10-04 13:57:41 - [TEST_STEP][PASSED] - verifyElementText(findTestObject("Page_cabi Order Items/product_fabric"), findTestData("productData").getValue("FinalContent", row), CONTINUE_ON_FAILURE): Actual text and expected text of test object 'Object Repository/Page_cabi Order Items/product_fabric' are matched.

2019-10-04 13:57:41 - [MESSAGE][PASSED] - Actual text and expected text of test object 'Object Repository/Page_cabi Order Items/product_fabric' are matched.

2019-10-04 13:57:41 - [TEST_STEP][PASSED] - actualCasreIntrn = "<div>" + getText(findTestObject("Page_cabi Order Items/care_instruction")) + "</div>": Text of object 'Object Repository/Page_cabi Order Items/care_instruction' is: 'Turn garment inside out and place in a mesh bag. Machine wash separately in cold water on the delicate cycle. Only non-chlorine bleach if needed. Do not twist or wring. Lay flat to dry. Do not steam or iron faux fur.'

2019-10-04 13:57:41 - [MESSAGE][PASSED] - Text of object 'Object Repository/Page_cabi Order Items/care_instruction' is: 'Turn garment inside out and place in a mesh bag. Machine wash separately in cold water on the delicate cycle. Only non-chlorine bleach if needed. Do not twist or wring. Lay flat to dry. Do not steam or iron faux fur.'

2019-10-04 13:57:41 - [TEST_STEP][PASSED] - sa.assertTrue(actualCasreIntrn.equals(findTestData("productData").getValue("CareInstr", row))): null

2019-10-04 13:57:41 - [TEST_STEP][PASSED] - delay(5): Delayed 5 second(s)

2019-10-04 13:57:46 - [MESSAGE][PASSED] - Delayed 5 second(s)

2019-10-04 13:57:46 - [TEST_STEP][PASSED] - sa = new org.testng.asserts.SoftAssert(): null

2019-10-04 13:57:46 - [TEST_STEP][PASSED] - styleid_data = findTestData("productData").getValue("Style", row): null

2019-10-04 13:57:46 - [TEST_STEP][PASSED] - println("******************+++++++++++++++++++**********************************************"): null

2019-10-04 13:57:46 - [TEST_STEP][PASSED] - println(styleid_data): null

2019-10-04 13:57:46 - [TEST_STEP][PASSED] - by = By.xpath("//input[@name='style']"): null

2019-10-04 13:57:46 - [TEST_STEP][PASSED] - styleWe = UtilityMethods.getElementByLocator(by, driver): null

2019-10-04 13:57:46 - [TEST_STEP][PASSED] - to = UtilityMethods.fromElement(styleWe): null

2019-10-04 13:57:46 - [TEST_STEP][PASSED] - setText(to, styleid_data): Text '3846' is set on object ''

2019-10-04 13:57:46 - [MESSAGE][PASSED] - Text '3846' is set on object ''

2019-10-04 13:57:46 - [TEST_STEP][PASSED] - sendKeys(to, Keys.chord(ENTER)): Keys 'ENTER + ' sent to object: ''

2019-10-04 13:57:47 - [MESSAGE][PASSED] - Keys 'ENTER + ' sent to object: ''

2019-10-04 13:57:47 - [TEST_STEP][PASSED] - delay(2): Delayed 2 second(s)

2019-10-04 13:57:49 - [MESSAGE][PASSED] - Delayed 2 second(s)

2019-10-04 13:57:49 - [TEST_STEP][PASSED] - setText(findTestObject("Object Repository/Page_cabi Order Items/input_New Arrivals - Blooming Blush_style"), findTestData("productData").getValue("Style", row)): Text '3846' is set on object 'Object Repository/Page_cabi Order Items/input_New Arrivals - Blooming Blush_style'

2019-10-04 13:57:49 - [MESSAGE][PASSED] - Text '3846' is set on object 'Object Repository/Page_cabi Order Items/input_New Arrivals - Blooming Blush_style'

2019-10-04 13:57:49 - [TEST_STEP][PASSED] - sendKeys(findTestObject("Object Repository/Page_cabi Order Items/input_New Arrivals - Blooming Blush_style"), Keys.chord(ENTER)): Keys 'ENTER + ' sent to object: 'Object Repository/Page_cabi Order Items/input_New Arrivals - Blooming Blush_style'

2019-10-04 13:57:49 - [MESSAGE][PASSED] - Keys 'ENTER + ' sent to object: 'Object Repository/Page_cabi Order Items/input_New Arrivals - Blooming Blush_style'

2019-10-04 13:57:49 - [TEST_STEP][PASSED] - executeJavaScript("arguments[0].click()", Arrays.asList(findWebElement(findTestObject("Object Repository/Page_cabi Order Items/input_New Arrivals - Blooming Blush_style"), 30))): Execute JavaScript 'arguments[0].click()' successfully

2019-10-04 13:57:49 - [MESSAGE][PASSED] - Execute JavaScript 'arguments[0].click()' successfully

2019-10-04 13:57:49 - [TEST_STEP][PASSED] - if (toString().equalsIgnoreCase("no")): null

2019-10-04 13:57:49 - [TEST_STEP][PASSED] - else: null

2019-10-04 13:57:49 - [TEST_STEP][PASSED] - click(findTestObject("Page_cabi Order Items/li_order_item")): Object: 'Object Repository/Page_cabi Order Items/li_order_item' is clicked on

2019-10-04 13:57:51 - [MESSAGE][PASSED] - Object: 'Object Repository/Page_cabi Order Items/li_order_item' is clicked on

2019-10-04 13:57:51 - [TEST_STEP][PASSED] - delay(5): Delayed 5 second(s)

2019-10-04 13:57:56 - [MESSAGE][PASSED] - Delayed 5 second(s)

2019-10-04 13:57:56 - [TEST_STEP][PASSED] - imagePath = UtilityMethods.createScreenshotImagePath(storeType, styleid_data): null

2019-10-04 13:57:56 - [TEST_STEP][PASSED] - println(imagePath): null

2019-10-04 13:57:56 - [TEST_STEP][PASSED] - takeScreenshot(imagePath): Taking screenshot successfully

2019-10-04 13:57:57 - [MESSAGE][PASSED] - Taking screenshot successfully
[[ATTACHMENT|C:\\Users\\user\\Documents\\testautomation\\KatalonProjects\\productImages\\BOPersonal_3846 image.png]]

2019-10-04 13:57:57 - [TEST_STEP][PASSED] - verifyElementText(findTestObject("Page_cabi Order Items/GetAttribute_getID"), styleid_data, CONTINUE_ON_FAILURE): Actual text and expected text of test object 'Object Repository/Page_cabi Order Items/GetAttribute_getID' are matched.

2019-10-04 13:57:57 - [MESSAGE][PASSED] - Actual text and expected text of test object 'Object Repository/Page_cabi Order Items/GetAttribute_getID' are matched.

2019-10-04 13:57:57 - [TEST_STEP][PASSED] - colorOptions = findWebElements(findTestObject("Page_cabi Order Items/GetAttribute_Color"), 5): null

2019-10-04 13:57:57 - [TEST_STEP][PASSED] - println(colorOptions.size()): null

2019-10-04 13:57:57 - [TEST_STEP][PASSED] - expectedColour = findTestData("productData").getValue("Color", row): null

2019-10-04 13:57:57 - [TEST_STEP][PASSED] - println("expected colour is"): null

2019-10-04 13:57:57 - [TEST_STEP][PASSED] - println(expectedColour): null

2019-10-04 13:57:57 - [TEST_STEP][PASSED] - colourVerified = false: null

2019-10-04 13:57:57 - [TEST_STEP][PASSED] - for (org.openqa.selenium.WebElement op : colorOptions): null

2019-10-04 13:57:57 - [TEST_STEP][PASSED] - println(op.getText()): null

2019-10-04 13:57:57 - [TEST_STEP][PASSED] - if (expectedColour.equalsIgnoreCase(op.getText())): null

2019-10-04 13:57:57 - [TEST_STEP][PASSED] - colourVerified = true: null

2019-10-04 13:57:57 - [TEST_STEP][PASSED] - break: null

2019-10-04 13:57:57 - [TEST_STEP][PASSED] - sa.assertTrue(colourVerified): null

2019-10-04 13:57:57 - [TEST_STEP][PASSED] - getPrice = getText(findTestObject("Page_cabi Order Items/GetAttribute_Price")): Text of object 'Object Repository/Page_cabi Order Items/GetAttribute_Price' is: 'Price : $179.00'

2019-10-04 13:57:57 - [MESSAGE][PASSED] - Text of object 'Object Repository/Page_cabi Order Items/GetAttribute_Price' is: 'Price : $179.00'

2019-10-04 13:57:57 - [TEST_STEP][PASSED] - Split_Data = UtilityMethods.SplitData(getPrice): null

2019-10-04 13:57:57 - [TEST_STEP][PASSED] - verifyMatch(Split_Data, findTestData("productData").getValue("Retail", row), true, CONTINUE_ON_FAILURE): Actual text '179' and expected text '179' are matched  using regular expression

2019-10-04 13:57:57 - [MESSAGE][PASSED] - Actual text '179' and expected text '179' are matched  using regular expression

2019-10-04 13:57:57 - [TEST_STEP][PASSED] - sizeRange1 = ["XXS", "XS", "S", "M", "L", "XL"]: null

2019-10-04 13:57:57 - [TEST_STEP][PASSED] - sizeRange2 = ["00", "0", "2", "4", "6", "8", "10", "12", "14", "16"]: null

2019-10-04 13:57:57 - [TEST_STEP][PASSED] - sizeRange3 = ["Long", "Regular", "Short"]: null

2019-10-04 13:57:57 - [TEST_STEP][PASSED] - sizeRange4 = ["5", "6", "6.5", "7", "7.5", "8", "8.5", "9", "9.5", "10", "11"]: null

2019-10-04 13:57:57 - [TEST_STEP][PASSED] - sizeRange5 = ["XS/S", "M/L"]: null

2019-10-04 13:57:57 - [TEST_STEP][PASSED] - sizeRangeSplit = UtilityMethods.SplitSizes(findTestData("productData").getValue("SzRange", row)): null

2019-10-04 13:57:57 - [TEST_STEP][PASSED] - sizeType = getText(findTestObject("Object Repository/Page_cabi Order Items/Size")): Text of object 'Object Repository/Page_cabi Order Items/Size' is: 'Select'

2019-10-04 13:57:57 - [MESSAGE][PASSED] - Text of object 'Object Repository/Page_cabi Order Items/Size' is: 'Select'

2019-10-04 13:57:57 - [TEST_STEP][PASSED] - sizeOptions = findWebElements(findTestObject("Object Repository/Page_cabi Order Items/Size"), 5): null

2019-10-04 13:57:57 - [TEST_STEP][PASSED] - actualRange = new java.util.ArrayList(): null

2019-10-04 13:57:57 - [TEST_STEP][PASSED] - expectedRange = <not implemented yet for class: org.codehaus.groovy.ast.expr.EmptyExpression>: null

2019-10-04 13:57:57 - [TEST_STEP][PASSED] - if (sizeType.equalsIgnoreCase("Select")): null

2019-10-04 13:57:57 - [TEST_STEP][PASSED] - for ([i = 1, i < sizeOptions.size(), (i++)]): null

2019-10-04 13:57:57 - [TEST_STEP][PASSED] - actualRange.add(getAttribute("value").toString()): null

2019-10-04 13:57:57 - [TEST_STEP][PASSED] - actualRange.add(getAttribute("value").toString()): null

2019-10-04 13:57:57 - [TEST_STEP][PASSED] - if (toString().equalsIgnoreCase("XS") || toString().equalsIgnoreCase("XXS")): null

2019-10-04 13:57:57 - [TEST_STEP][PASSED] - else if (toString().equalsIgnoreCase("00") || toString().equalsIgnoreCase("0")): null

2019-10-04 13:57:57 - [TEST_STEP][PASSED] - else if (toString().equalsIgnoreCase("Long")): null

2019-10-04 13:57:57 - [TEST_STEP][PASSED] - else if (toString().equalsIgnoreCase("5")): null

2019-10-04 13:57:57 - [TEST_STEP][PASSED] - else if (toString().equalsIgnoreCase("XS/S")): null

2019-10-04 13:57:57 - [TEST_STEP][PASSED] - expectedRange = UtilityMethods.getExpectedRange(sizeRange5, sizeRangeSplit): null

2019-10-04 13:57:57 - [TEST_STEP][PASSED] - println("XS/S"): null

2019-10-04 13:57:57 - [TEST_STEP][PASSED] - println(expectedRange.toString()): null

2019-10-04 13:57:57 - [TEST_STEP][PASSED] - sa.assertTrue(UtilityMethods.listEquals(expectedRange, actualRange)): null

2019-10-04 13:57:57 - [TEST_STEP][PASSED] - delay(2): Delayed 2 second(s)

2019-10-04 13:57:59 - [MESSAGE][PASSED] - Delayed 2 second(s)

2019-10-04 13:57:59 - [TEST_STEP][PASSED] - verifyElementText(findTestObject("Page_cabi Order Items/product_title"), findTestData("productData").getValue("Description", row), CONTINUE_ON_FAILURE): Actual text and expected text of test object 'Object Repository/Page_cabi Order Items/product_title' are matched.

2019-10-04 13:58:00 - [MESSAGE][PASSED] - Actual text and expected text of test object 'Object Repository/Page_cabi Order Items/product_title' are matched.

2019-10-04 13:58:00 - [TEST_STEP][PASSED] - verifyElementText(findTestObject("Page_cabi Order Items/product_fabric"), findTestData("productData").getValue("FinalContent", row), CONTINUE_ON_FAILURE): Actual text and expected text of test object 'Object Repository/Page_cabi Order Items/product_fabric' are matched.

2019-10-04 13:58:00 - [MESSAGE][PASSED] - Actual text and expected text of test object 'Object Repository/Page_cabi Order Items/product_fabric' are matched.

2019-10-04 13:58:00 - [TEST_STEP][PASSED] - actualCasreIntrn = "<div>" + getText(findTestObject("Page_cabi Order Items/care_instruction")) + "</div>": Text of object 'Object Repository/Page_cabi Order Items/care_instruction' is: 'Dry clean for best results. Can be machine washed in a mesh bag in cold water on the delicate cycle. Only non-chlorine bleach. Lay flat to dry. Steam iron only if needed.'

2019-10-04 13:58:00 - [MESSAGE][PASSED] - Text of object 'Object Repository/Page_cabi Order Items/care_instruction' is: 'Dry clean for best results. Can be machine washed in a mesh bag in cold water on the delicate cycle. Only non-chlorine bleach. Lay flat to dry. Steam iron only if needed.'

2019-10-04 13:58:00 - [TEST_STEP][PASSED] - sa.assertTrue(actualCasreIntrn.equals(findTestData("productData").getValue("CareInstr", row))): null

2019-10-04 13:58:00 - [TEST_STEP][PASSED] - delay(5): Delayed 5 second(s)

2019-10-04 13:58:05 - [MESSAGE][PASSED] - Delayed 5 second(s)

2019-10-04 13:58:05 - [TEST_STEP][PASSED] - sa = new org.testng.asserts.SoftAssert(): null

2019-10-04 13:58:05 - [TEST_STEP][PASSED] - styleid_data = findTestData("productData").getValue("Style", row): null

2019-10-04 13:58:05 - [TEST_STEP][PASSED] - println("******************+++++++++++++++++++**********************************************"): null

2019-10-04 13:58:05 - [TEST_STEP][PASSED] - println(styleid_data): null

2019-10-04 13:58:05 - [TEST_STEP][PASSED] - by = By.xpath("//input[@name='style']"): null

2019-10-04 13:58:05 - [TEST_STEP][PASSED] - styleWe = UtilityMethods.getElementByLocator(by, driver): null

2019-10-04 13:58:05 - [TEST_STEP][PASSED] - to = UtilityMethods.fromElement(styleWe): null

2019-10-04 13:58:05 - [TEST_STEP][PASSED] - setText(to, styleid_data): Text '3850' is set on object ''

2019-10-04 13:58:05 - [MESSAGE][PASSED] - Text '3850' is set on object ''

2019-10-04 13:58:05 - [TEST_STEP][PASSED] - sendKeys(to, Keys.chord(ENTER)): Keys 'ENTER + ' sent to object: ''

2019-10-04 13:58:05 - [MESSAGE][PASSED] - Keys 'ENTER + ' sent to object: ''

2019-10-04 13:58:05 - [TEST_STEP][PASSED] - delay(2): Delayed 2 second(s)

2019-10-04 13:58:07 - [MESSAGE][PASSED] - Delayed 2 second(s)

2019-10-04 13:58:07 - [TEST_STEP][PASSED] - setText(findTestObject("Object Repository/Page_cabi Order Items/input_New Arrivals - Blooming Blush_style"), findTestData("productData").getValue("Style", row)): Text '3850' is set on object 'Object Repository/Page_cabi Order Items/input_New Arrivals - Blooming Blush_style'

2019-10-04 13:58:08 - [MESSAGE][PASSED] - Text '3850' is set on object 'Object Repository/Page_cabi Order Items/input_New Arrivals - Blooming Blush_style'

2019-10-04 13:58:08 - [TEST_STEP][PASSED] - sendKeys(findTestObject("Object Repository/Page_cabi Order Items/input_New Arrivals - Blooming Blush_style"), Keys.chord(ENTER)): Keys 'ENTER + ' sent to object: 'Object Repository/Page_cabi Order Items/input_New Arrivals - Blooming Blush_style'

2019-10-04 13:58:08 - [MESSAGE][PASSED] - Keys 'ENTER + ' sent to object: 'Object Repository/Page_cabi Order Items/input_New Arrivals - Blooming Blush_style'

2019-10-04 13:58:08 - [TEST_STEP][PASSED] - executeJavaScript("arguments[0].click()", Arrays.asList(findWebElement(findTestObject("Object Repository/Page_cabi Order Items/input_New Arrivals - Blooming Blush_style"), 30))): Execute JavaScript 'arguments[0].click()' successfully

2019-10-04 13:58:08 - [MESSAGE][PASSED] - Execute JavaScript 'arguments[0].click()' successfully

2019-10-04 13:58:08 - [TEST_STEP][PASSED] - if (toString().equalsIgnoreCase("no")): null

2019-10-04 13:58:08 - [TEST_STEP][PASSED] - else: null

2019-10-04 13:58:08 - [TEST_STEP][PASSED] - click(findTestObject("Page_cabi Order Items/li_order_item")): Object: 'Object Repository/Page_cabi Order Items/li_order_item' is clicked on

2019-10-04 13:58:09 - [MESSAGE][PASSED] - Object: 'Object Repository/Page_cabi Order Items/li_order_item' is clicked on

2019-10-04 13:58:09 - [TEST_STEP][PASSED] - delay(5): Delayed 5 second(s)

2019-10-04 13:58:14 - [MESSAGE][PASSED] - Delayed 5 second(s)

2019-10-04 13:58:14 - [TEST_STEP][PASSED] - imagePath = UtilityMethods.createScreenshotImagePath(storeType, styleid_data): null

2019-10-04 13:58:14 - [TEST_STEP][PASSED] - println(imagePath): null

2019-10-04 13:58:14 - [TEST_STEP][PASSED] - takeScreenshot(imagePath): Taking screenshot successfully

2019-10-04 13:58:15 - [MESSAGE][PASSED] - Taking screenshot successfully
[[ATTACHMENT|C:\\Users\\user\\Documents\\testautomation\\KatalonProjects\\productImages\\BOPersonal_3850 image.png]]

2019-10-04 13:58:15 - [TEST_STEP][PASSED] - verifyElementText(findTestObject("Page_cabi Order Items/GetAttribute_getID"), styleid_data, CONTINUE_ON_FAILURE): Actual text and expected text of test object 'Object Repository/Page_cabi Order Items/GetAttribute_getID' are matched.

2019-10-04 13:58:15 - [MESSAGE][PASSED] - Actual text and expected text of test object 'Object Repository/Page_cabi Order Items/GetAttribute_getID' are matched.

2019-10-04 13:58:15 - [TEST_STEP][PASSED] - colorOptions = findWebElements(findTestObject("Page_cabi Order Items/GetAttribute_Color"), 5): null

2019-10-04 13:58:15 - [TEST_STEP][PASSED] - println(colorOptions.size()): null

2019-10-04 13:58:15 - [TEST_STEP][PASSED] - expectedColour = findTestData("productData").getValue("Color", row): null

2019-10-04 13:58:15 - [TEST_STEP][PASSED] - println("expected colour is"): null

2019-10-04 13:58:15 - [TEST_STEP][PASSED] - println(expectedColour): null

2019-10-04 13:58:15 - [TEST_STEP][PASSED] - colourVerified = false: null

2019-10-04 13:58:15 - [TEST_STEP][PASSED] - for (org.openqa.selenium.WebElement op : colorOptions): null

2019-10-04 13:58:15 - [TEST_STEP][PASSED] - println(op.getText()): null

2019-10-04 13:58:15 - [TEST_STEP][PASSED] - if (expectedColour.equalsIgnoreCase(op.getText())): null

2019-10-04 13:58:15 - [TEST_STEP][PASSED] - colourVerified = true: null

2019-10-04 13:58:15 - [TEST_STEP][PASSED] - break: null

2019-10-04 13:58:15 - [TEST_STEP][PASSED] - sa.assertTrue(colourVerified): null

2019-10-04 13:58:15 - [TEST_STEP][PASSED] - getPrice = getText(findTestObject("Page_cabi Order Items/GetAttribute_Price")): Text of object 'Object Repository/Page_cabi Order Items/GetAttribute_Price' is: 'Price : $209.00'

2019-10-04 13:58:15 - [MESSAGE][PASSED] - Text of object 'Object Repository/Page_cabi Order Items/GetAttribute_Price' is: 'Price : $209.00'

2019-10-04 13:58:15 - [TEST_STEP][PASSED] - Split_Data = UtilityMethods.SplitData(getPrice): null

2019-10-04 13:58:15 - [TEST_STEP][PASSED] - verifyMatch(Split_Data, findTestData("productData").getValue("Retail", row), true, CONTINUE_ON_FAILURE): Actual text '209' and expected text '209' are matched  using regular expression

2019-10-04 13:58:15 - [MESSAGE][PASSED] - Actual text '209' and expected text '209' are matched  using regular expression

2019-10-04 13:58:15 - [TEST_STEP][PASSED] - sizeRange1 = ["XXS", "XS", "S", "M", "L", "XL"]: null

2019-10-04 13:58:15 - [TEST_STEP][PASSED] - sizeRange2 = ["00", "0", "2", "4", "6", "8", "10", "12", "14", "16"]: null

2019-10-04 13:58:15 - [TEST_STEP][PASSED] - sizeRange3 = ["Long", "Regular", "Short"]: null

2019-10-04 13:58:15 - [TEST_STEP][PASSED] - sizeRange4 = ["5", "6", "6.5", "7", "7.5", "8", "8.5", "9", "9.5", "10", "11"]: null

2019-10-04 13:58:15 - [TEST_STEP][PASSED] - sizeRange5 = ["XS/S", "M/L"]: null

2019-10-04 13:58:15 - [TEST_STEP][PASSED] - sizeRangeSplit = UtilityMethods.SplitSizes(findTestData("productData").getValue("SzRange", row)): null

2019-10-04 13:58:15 - [TEST_STEP][PASSED] - sizeType = getText(findTestObject("Object Repository/Page_cabi Order Items/Size")): Text of object 'Object Repository/Page_cabi Order Items/Size' is: 'Select'

2019-10-04 13:58:15 - [MESSAGE][PASSED] - Text of object 'Object Repository/Page_cabi Order Items/Size' is: 'Select'

2019-10-04 13:58:15 - [TEST_STEP][PASSED] - sizeOptions = findWebElements(findTestObject("Object Repository/Page_cabi Order Items/Size"), 5): null

2019-10-04 13:58:15 - [TEST_STEP][PASSED] - actualRange = new java.util.ArrayList(): null

2019-10-04 13:58:15 - [TEST_STEP][PASSED] - expectedRange = <not implemented yet for class: org.codehaus.groovy.ast.expr.EmptyExpression>: null

2019-10-04 13:58:15 - [TEST_STEP][PASSED] - if (sizeType.equalsIgnoreCase("Select")): null

2019-10-04 13:58:15 - [TEST_STEP][PASSED] - for ([i = 1, i < sizeOptions.size(), (i++)]): null

2019-10-04 13:58:15 - [TEST_STEP][PASSED] - actualRange.add(getAttribute("value").toString()): null

2019-10-04 13:58:15 - [TEST_STEP][PASSED] - actualRange.add(getAttribute("value").toString()): null

2019-10-04 13:58:15 - [TEST_STEP][PASSED] - actualRange.add(getAttribute("value").toString()): null

2019-10-04 13:58:15 - [TEST_STEP][PASSED] - actualRange.add(getAttribute("value").toString()): null

2019-10-04 13:58:15 - [TEST_STEP][PASSED] - actualRange.add(getAttribute("value").toString()): null

2019-10-04 13:58:15 - [TEST_STEP][PASSED] - if (toString().equalsIgnoreCase("XS") || toString().equalsIgnoreCase("XXS")): null

2019-10-04 13:58:15 - [TEST_STEP][PASSED] - expectedRange = UtilityMethods.getExpectedRange(sizeRange1, sizeRangeSplit): null

2019-10-04 13:58:15 - [TEST_STEP][PASSED] - println("XS"): null

2019-10-04 13:58:15 - [TEST_STEP][PASSED] - println(expectedRange.toString()): null

2019-10-04 13:58:15 - [TEST_STEP][PASSED] - sa.assertTrue(UtilityMethods.listEquals(expectedRange, actualRange)): null

2019-10-04 13:58:15 - [TEST_STEP][PASSED] - delay(2): Delayed 2 second(s)

2019-10-04 13:58:17 - [MESSAGE][PASSED] - Delayed 2 second(s)

2019-10-04 13:58:17 - [TEST_STEP][PASSED] - verifyElementText(findTestObject("Page_cabi Order Items/product_title"), findTestData("productData").getValue("Description", row), CONTINUE_ON_FAILURE): Actual text and expected text of test object 'Object Repository/Page_cabi Order Items/product_title' are matched.

2019-10-04 13:58:18 - [MESSAGE][PASSED] - Actual text and expected text of test object 'Object Repository/Page_cabi Order Items/product_title' are matched.

2019-10-04 13:58:18 - [TEST_STEP][PASSED] - verifyElementText(findTestObject("Page_cabi Order Items/product_fabric"), findTestData("productData").getValue("FinalContent", row), CONTINUE_ON_FAILURE): Actual text and expected text of test object 'Object Repository/Page_cabi Order Items/product_fabric' are matched.

2019-10-04 13:58:18 - [MESSAGE][PASSED] - Actual text and expected text of test object 'Object Repository/Page_cabi Order Items/product_fabric' are matched.

2019-10-04 13:58:18 - [TEST_STEP][PASSED] - actualCasreIntrn = "<div>" + getText(findTestObject("Page_cabi Order Items/care_instruction")) + "</div>": Text of object 'Object Repository/Page_cabi Order Items/care_instruction' is: 'Turn garment inside out and place in a mesh bag. Machine wash separately in cold water, on the delicate cycle. Only non-chlorine bleach if needed. Do not twist or wring. Lay flat to dry. Warm iron if needed. Can be washed by hand.'

2019-10-04 13:58:18 - [MESSAGE][PASSED] - Text of object 'Object Repository/Page_cabi Order Items/care_instruction' is: 'Turn garment inside out and place in a mesh bag. Machine wash separately in cold water, on the delicate cycle. Only non-chlorine bleach if needed. Do not twist or wring. Lay flat to dry. Warm iron if needed. Can be washed by hand.'

2019-10-04 13:58:18 - [TEST_STEP][PASSED] - sa.assertTrue(actualCasreIntrn.equals(findTestData("productData").getValue("CareInstr", row))): null

2019-10-04 13:58:18 - [TEST_STEP][PASSED] - delay(5): Delayed 5 second(s)

2019-10-04 13:58:23 - [MESSAGE][PASSED] - Delayed 5 second(s)

2019-10-04 13:58:23 - [TEST_STEP][PASSED] - sa = new org.testng.asserts.SoftAssert(): null

2019-10-04 13:58:23 - [TEST_STEP][PASSED] - styleid_data = findTestData("productData").getValue("Style", row): null

2019-10-04 13:58:23 - [TEST_STEP][PASSED] - println("******************+++++++++++++++++++**********************************************"): null

2019-10-04 13:58:23 - [TEST_STEP][PASSED] - println(styleid_data): null

2019-10-04 13:58:23 - [TEST_STEP][PASSED] - by = By.xpath("//input[@name='style']"): null

2019-10-04 13:58:23 - [TEST_STEP][PASSED] - styleWe = UtilityMethods.getElementByLocator(by, driver): null

2019-10-04 13:58:23 - [TEST_STEP][PASSED] - to = UtilityMethods.fromElement(styleWe): null

2019-10-04 13:58:23 - [TEST_STEP][PASSED] - setText(to, styleid_data): Text '3857' is set on object ''

2019-10-04 13:58:23 - [MESSAGE][PASSED] - Text '3857' is set on object ''

2019-10-04 13:58:23 - [TEST_STEP][PASSED] - sendKeys(to, Keys.chord(ENTER)): Keys 'ENTER + ' sent to object: ''

2019-10-04 13:58:23 - [MESSAGE][PASSED] - Keys 'ENTER + ' sent to object: ''

2019-10-04 13:58:23 - [TEST_STEP][PASSED] - delay(2): Delayed 2 second(s)

2019-10-04 13:58:25 - [MESSAGE][PASSED] - Delayed 2 second(s)

2019-10-04 13:58:25 - [TEST_STEP][PASSED] - setText(findTestObject("Object Repository/Page_cabi Order Items/input_New Arrivals - Blooming Blush_style"), findTestData("productData").getValue("Style", row)): Text '3857' is set on object 'Object Repository/Page_cabi Order Items/input_New Arrivals - Blooming Blush_style'

2019-10-04 13:58:26 - [MESSAGE][PASSED] - Text '3857' is set on object 'Object Repository/Page_cabi Order Items/input_New Arrivals - Blooming Blush_style'

2019-10-04 13:58:26 - [TEST_STEP][PASSED] - sendKeys(findTestObject("Object Repository/Page_cabi Order Items/input_New Arrivals - Blooming Blush_style"), Keys.chord(ENTER)): Keys 'ENTER + ' sent to object: 'Object Repository/Page_cabi Order Items/input_New Arrivals - Blooming Blush_style'

2019-10-04 13:58:26 - [MESSAGE][PASSED] - Keys 'ENTER + ' sent to object: 'Object Repository/Page_cabi Order Items/input_New Arrivals - Blooming Blush_style'

2019-10-04 13:58:26 - [TEST_STEP][PASSED] - executeJavaScript("arguments[0].click()", Arrays.asList(findWebElement(findTestObject("Object Repository/Page_cabi Order Items/input_New Arrivals - Blooming Blush_style"), 30))): Execute JavaScript 'arguments[0].click()' successfully

2019-10-04 13:58:26 - [MESSAGE][PASSED] - Execute JavaScript 'arguments[0].click()' successfully

2019-10-04 13:58:26 - [TEST_STEP][PASSED] - if (toString().equalsIgnoreCase("no")): null

2019-10-04 13:58:26 - [TEST_STEP][PASSED] - else: null

2019-10-04 13:58:26 - [TEST_STEP][PASSED] - click(findTestObject("Page_cabi Order Items/li_order_item")): Object: 'Object Repository/Page_cabi Order Items/li_order_item' is clicked on

2019-10-04 13:58:29 - [MESSAGE][PASSED] - Object: 'Object Repository/Page_cabi Order Items/li_order_item' is clicked on

2019-10-04 13:58:29 - [TEST_STEP][PASSED] - delay(5): Delayed 5 second(s)

2019-10-04 13:58:34 - [MESSAGE][PASSED] - Delayed 5 second(s)

2019-10-04 13:58:34 - [TEST_STEP][PASSED] - imagePath = UtilityMethods.createScreenshotImagePath(storeType, styleid_data): null

2019-10-04 13:58:34 - [TEST_STEP][PASSED] - println(imagePath): null

2019-10-04 13:58:34 - [TEST_STEP][PASSED] - takeScreenshot(imagePath): Taking screenshot successfully

2019-10-04 13:58:34 - [MESSAGE][PASSED] - Taking screenshot successfully
[[ATTACHMENT|C:\\Users\\user\\Documents\\testautomation\\KatalonProjects\\productImages\\BOPersonal_3857 image.png]]

2019-10-04 13:58:34 - [TEST_STEP][PASSED] - verifyElementText(findTestObject("Page_cabi Order Items/GetAttribute_getID"), styleid_data, CONTINUE_ON_FAILURE): Actual text and expected text of test object 'Object Repository/Page_cabi Order Items/GetAttribute_getID' are matched.

2019-10-04 13:58:35 - [MESSAGE][PASSED] - Actual text and expected text of test object 'Object Repository/Page_cabi Order Items/GetAttribute_getID' are matched.

2019-10-04 13:58:35 - [TEST_STEP][PASSED] - colorOptions = findWebElements(findTestObject("Page_cabi Order Items/GetAttribute_Color"), 5): null

2019-10-04 13:58:35 - [TEST_STEP][PASSED] - println(colorOptions.size()): null

2019-10-04 13:58:35 - [TEST_STEP][PASSED] - expectedColour = findTestData("productData").getValue("Color", row): null

2019-10-04 13:58:35 - [TEST_STEP][PASSED] - println("expected colour is"): null

2019-10-04 13:58:35 - [TEST_STEP][PASSED] - println(expectedColour): null

2019-10-04 13:58:35 - [TEST_STEP][PASSED] - colourVerified = false: null

2019-10-04 13:58:35 - [TEST_STEP][PASSED] - for (org.openqa.selenium.WebElement op : colorOptions): null

2019-10-04 13:58:35 - [TEST_STEP][PASSED] - println(op.getText()): null

2019-10-04 13:58:35 - [TEST_STEP][PASSED] - if (expectedColour.equalsIgnoreCase(op.getText())): null

2019-10-04 13:58:35 - [TEST_STEP][PASSED] - colourVerified = true: null

2019-10-04 13:58:35 - [TEST_STEP][PASSED] - break: null

2019-10-04 13:58:35 - [TEST_STEP][PASSED] - sa.assertTrue(colourVerified): null

2019-10-04 13:58:35 - [TEST_STEP][PASSED] - getPrice = getText(findTestObject("Page_cabi Order Items/GetAttribute_Price")): Text of object 'Object Repository/Page_cabi Order Items/GetAttribute_Price' is: 'Price : $104.00'

2019-10-04 13:58:35 - [MESSAGE][PASSED] - Text of object 'Object Repository/Page_cabi Order Items/GetAttribute_Price' is: 'Price : $104.00'

2019-10-04 13:58:35 - [TEST_STEP][PASSED] - Split_Data = UtilityMethods.SplitData(getPrice): null

2019-10-04 13:58:35 - [TEST_STEP][PASSED] - verifyMatch(Split_Data, findTestData("productData").getValue("Retail", row), true, CONTINUE_ON_FAILURE): Actual text '104' and expected text '104' are matched  using regular expression

2019-10-04 13:58:35 - [MESSAGE][PASSED] - Actual text '104' and expected text '104' are matched  using regular expression

2019-10-04 13:58:35 - [TEST_STEP][PASSED] - sizeRange1 = ["XXS", "XS", "S", "M", "L", "XL"]: null

2019-10-04 13:58:35 - [TEST_STEP][PASSED] - sizeRange2 = ["00", "0", "2", "4", "6", "8", "10", "12", "14", "16"]: null

2019-10-04 13:58:35 - [TEST_STEP][PASSED] - sizeRange3 = ["Long", "Regular", "Short"]: null

2019-10-04 13:58:35 - [TEST_STEP][PASSED] - sizeRange4 = ["5", "6", "6.5", "7", "7.5", "8", "8.5", "9", "9.5", "10", "11"]: null

2019-10-04 13:58:35 - [TEST_STEP][PASSED] - sizeRange5 = ["XS/S", "M/L"]: null

2019-10-04 13:58:35 - [TEST_STEP][PASSED] - sizeRangeSplit = UtilityMethods.SplitSizes(findTestData("productData").getValue("SzRange", row)): null

2019-10-04 13:58:35 - [TEST_STEP][PASSED] - sizeType = getText(findTestObject("Object Repository/Page_cabi Order Items/Size")): Text of object 'Object Repository/Page_cabi Order Items/Size' is: 'Select'

2019-10-04 13:58:35 - [MESSAGE][PASSED] - Text of object 'Object Repository/Page_cabi Order Items/Size' is: 'Select'

2019-10-04 13:58:35 - [TEST_STEP][PASSED] - sizeOptions = findWebElements(findTestObject("Object Repository/Page_cabi Order Items/Size"), 5): null

2019-10-04 13:58:35 - [TEST_STEP][PASSED] - actualRange = new java.util.ArrayList(): null

2019-10-04 13:58:35 - [TEST_STEP][PASSED] - expectedRange = <not implemented yet for class: org.codehaus.groovy.ast.expr.EmptyExpression>: null

2019-10-04 13:58:35 - [TEST_STEP][PASSED] - if (sizeType.equalsIgnoreCase("Select")): null

2019-10-04 13:58:35 - [TEST_STEP][PASSED] - for ([i = 1, i < sizeOptions.size(), (i++)]): null

2019-10-04 13:58:35 - [TEST_STEP][PASSED] - actualRange.add(getAttribute("value").toString()): null

2019-10-04 13:58:35 - [TEST_STEP][PASSED] - actualRange.add(getAttribute("value").toString()): null

2019-10-04 13:58:35 - [TEST_STEP][PASSED] - actualRange.add(getAttribute("value").toString()): null

2019-10-04 13:58:35 - [TEST_STEP][PASSED] - actualRange.add(getAttribute("value").toString()): null

2019-10-04 13:58:35 - [TEST_STEP][PASSED] - actualRange.add(getAttribute("value").toString()): null

2019-10-04 13:58:35 - [TEST_STEP][PASSED] - if (toString().equalsIgnoreCase("XS") || toString().equalsIgnoreCase("XXS")): null

2019-10-04 13:58:35 - [TEST_STEP][PASSED] - expectedRange = UtilityMethods.getExpectedRange(sizeRange1, sizeRangeSplit): null

2019-10-04 13:58:35 - [TEST_STEP][PASSED] - println("XS"): null

2019-10-04 13:58:35 - [TEST_STEP][PASSED] - println(expectedRange.toString()): null

2019-10-04 13:58:35 - [TEST_STEP][PASSED] - sa.assertTrue(UtilityMethods.listEquals(expectedRange, actualRange)): null

2019-10-04 13:58:35 - [TEST_STEP][PASSED] - delay(2): Delayed 2 second(s)

2019-10-04 13:58:37 - [MESSAGE][PASSED] - Delayed 2 second(s)

2019-10-04 13:58:37 - [TEST_STEP][PASSED] - verifyElementText(findTestObject("Page_cabi Order Items/product_title"), findTestData("productData").getValue("Description", row), CONTINUE_ON_FAILURE): Actual text and expected text of test object 'Object Repository/Page_cabi Order Items/product_title' are matched.

2019-10-04 13:58:37 - [MESSAGE][PASSED] - Actual text and expected text of test object 'Object Repository/Page_cabi Order Items/product_title' are matched.

2019-10-04 13:58:37 - [TEST_STEP][PASSED] - verifyElementText(findTestObject("Page_cabi Order Items/product_fabric"), findTestData("productData").getValue("FinalContent", row), CONTINUE_ON_FAILURE): Actual text and expected text of test object 'Object Repository/Page_cabi Order Items/product_fabric' are matched.

2019-10-04 13:58:37 - [MESSAGE][PASSED] - Actual text and expected text of test object 'Object Repository/Page_cabi Order Items/product_fabric' are matched.

2019-10-04 13:58:37 - [TEST_STEP][PASSED] - actualCasreIntrn = "<div>" + getText(findTestObject("Page_cabi Order Items/care_instruction")) + "</div>": Text of object 'Object Repository/Page_cabi Order Items/care_instruction' is: 'Wash by hand separately with cold water. Only non-chlorine bleach if needed. Do not twist or wring. Lay flat to dry. Steam iron only if needed. Can be dry cleaned.'

2019-10-04 13:58:38 - [MESSAGE][PASSED] - Text of object 'Object Repository/Page_cabi Order Items/care_instruction' is: 'Wash by hand separately with cold water. Only non-chlorine bleach if needed. Do not twist or wring. Lay flat to dry. Steam iron only if needed. Can be dry cleaned.'

2019-10-04 13:58:38 - [TEST_STEP][PASSED] - sa.assertTrue(actualCasreIntrn.equals(findTestData("productData").getValue("CareInstr", row))): null

2019-10-04 13:58:38 - [TEST_STEP][PASSED] - delay(5): Delayed 5 second(s)

2019-10-04 13:58:43 - [MESSAGE][PASSED] - Delayed 5 second(s)

2019-10-04 13:58:43 - [TEST_STEP][PASSED] - sa = new org.testng.asserts.SoftAssert(): null

2019-10-04 13:58:43 - [TEST_STEP][PASSED] - styleid_data = findTestData("productData").getValue("Style", row): null

2019-10-04 13:58:43 - [TEST_STEP][PASSED] - println("******************+++++++++++++++++++**********************************************"): null

2019-10-04 13:58:43 - [TEST_STEP][PASSED] - println(styleid_data): null

2019-10-04 13:58:43 - [TEST_STEP][PASSED] - by = By.xpath("//input[@name='style']"): null

2019-10-04 13:58:43 - [TEST_STEP][PASSED] - styleWe = UtilityMethods.getElementByLocator(by, driver): null

2019-10-04 13:58:43 - [TEST_STEP][PASSED] - to = UtilityMethods.fromElement(styleWe): null

2019-10-04 13:58:43 - [TEST_STEP][PASSED] - setText(to, styleid_data): Text '3861' is set on object ''

2019-10-04 13:58:43 - [MESSAGE][PASSED] - Text '3861' is set on object ''

2019-10-04 13:58:43 - [TEST_STEP][PASSED] - sendKeys(to, Keys.chord(ENTER)): Keys 'ENTER + ' sent to object: ''

2019-10-04 13:58:43 - [MESSAGE][PASSED] - Keys 'ENTER + ' sent to object: ''

2019-10-04 13:58:43 - [TEST_STEP][PASSED] - delay(2): Delayed 2 second(s)

2019-10-04 13:58:45 - [MESSAGE][PASSED] - Delayed 2 second(s)

2019-10-04 13:58:45 - [TEST_STEP][PASSED] - setText(findTestObject("Object Repository/Page_cabi Order Items/input_New Arrivals - Blooming Blush_style"), findTestData("productData").getValue("Style", row)): Text '3861' is set on object 'Object Repository/Page_cabi Order Items/input_New Arrivals - Blooming Blush_style'

2019-10-04 13:58:46 - [MESSAGE][PASSED] - Text '3861' is set on object 'Object Repository/Page_cabi Order Items/input_New Arrivals - Blooming Blush_style'

2019-10-04 13:58:46 - [TEST_STEP][PASSED] - sendKeys(findTestObject("Object Repository/Page_cabi Order Items/input_New Arrivals - Blooming Blush_style"), Keys.chord(ENTER)): Keys 'ENTER + ' sent to object: 'Object Repository/Page_cabi Order Items/input_New Arrivals - Blooming Blush_style'

2019-10-04 13:58:46 - [MESSAGE][PASSED] - Keys 'ENTER + ' sent to object: 'Object Repository/Page_cabi Order Items/input_New Arrivals - Blooming Blush_style'

2019-10-04 13:58:46 - [TEST_STEP][PASSED] - executeJavaScript("arguments[0].click()", Arrays.asList(findWebElement(findTestObject("Object Repository/Page_cabi Order Items/input_New Arrivals - Blooming Blush_style"), 30))): Execute JavaScript 'arguments[0].click()' successfully

2019-10-04 13:58:46 - [MESSAGE][PASSED] - Execute JavaScript 'arguments[0].click()' successfully

2019-10-04 13:58:46 - [TEST_STEP][PASSED] - if (toString().equalsIgnoreCase("no")): null

2019-10-04 13:58:46 - [TEST_STEP][PASSED] - else: null

2019-10-04 13:58:46 - [TEST_STEP][PASSED] - click(findTestObject("Page_cabi Order Items/li_order_item")): Object: 'Object Repository/Page_cabi Order Items/li_order_item' is clicked on

2019-10-04 13:58:48 - [MESSAGE][PASSED] - Object: 'Object Repository/Page_cabi Order Items/li_order_item' is clicked on

2019-10-04 13:58:48 - [TEST_STEP][PASSED] - delay(5): Delayed 5 second(s)

2019-10-04 13:58:53 - [MESSAGE][PASSED] - Delayed 5 second(s)

2019-10-04 13:58:53 - [TEST_STEP][PASSED] - imagePath = UtilityMethods.createScreenshotImagePath(storeType, styleid_data): null

2019-10-04 13:58:53 - [TEST_STEP][PASSED] - println(imagePath): null

2019-10-04 13:58:53 - [TEST_STEP][PASSED] - takeScreenshot(imagePath): Taking screenshot successfully

2019-10-04 13:58:53 - [MESSAGE][PASSED] - Taking screenshot successfully
[[ATTACHMENT|C:\\Users\\user\\Documents\\testautomation\\KatalonProjects\\productImages\\BOPersonal_3861 image.png]]

2019-10-04 13:58:53 - [TEST_STEP][PASSED] - verifyElementText(findTestObject("Page_cabi Order Items/GetAttribute_getID"), styleid_data, CONTINUE_ON_FAILURE): Actual text and expected text of test object 'Object Repository/Page_cabi Order Items/GetAttribute_getID' are matched.

2019-10-04 13:58:53 - [MESSAGE][PASSED] - Actual text and expected text of test object 'Object Repository/Page_cabi Order Items/GetAttribute_getID' are matched.

2019-10-04 13:58:53 - [TEST_STEP][PASSED] - colorOptions = findWebElements(findTestObject("Page_cabi Order Items/GetAttribute_Color"), 5): null

2019-10-04 13:58:53 - [TEST_STEP][PASSED] - println(colorOptions.size()): null

2019-10-04 13:58:53 - [TEST_STEP][PASSED] - expectedColour = findTestData("productData").getValue("Color", row): null

2019-10-04 13:58:53 - [TEST_STEP][PASSED] - println("expected colour is"): null

2019-10-04 13:58:53 - [TEST_STEP][PASSED] - println(expectedColour): null

2019-10-04 13:58:53 - [TEST_STEP][PASSED] - colourVerified = false: null

2019-10-04 13:58:53 - [TEST_STEP][PASSED] - for (org.openqa.selenium.WebElement op : colorOptions): null

2019-10-04 13:58:53 - [TEST_STEP][PASSED] - println(op.getText()): null

2019-10-04 13:58:53 - [TEST_STEP][PASSED] - if (expectedColour.equalsIgnoreCase(op.getText())): null

2019-10-04 13:58:53 - [TEST_STEP][PASSED] - colourVerified = true: null

2019-10-04 13:58:53 - [TEST_STEP][PASSED] - break: null

2019-10-04 13:58:53 - [TEST_STEP][PASSED] - sa.assertTrue(colourVerified): null

2019-10-04 13:58:53 - [TEST_STEP][PASSED] - getPrice = getText(findTestObject("Page_cabi Order Items/GetAttribute_Price")): Text of object 'Object Repository/Page_cabi Order Items/GetAttribute_Price' is: 'Price : $109.00'

2019-10-04 13:58:53 - [MESSAGE][PASSED] - Text of object 'Object Repository/Page_cabi Order Items/GetAttribute_Price' is: 'Price : $109.00'

2019-10-04 13:58:53 - [TEST_STEP][PASSED] - Split_Data = UtilityMethods.SplitData(getPrice): null

2019-10-04 13:58:53 - [TEST_STEP][PASSED] - verifyMatch(Split_Data, findTestData("productData").getValue("Retail", row), true, CONTINUE_ON_FAILURE): Actual text '109' and expected text '109' are matched  using regular expression

2019-10-04 13:58:53 - [MESSAGE][PASSED] - Actual text '109' and expected text '109' are matched  using regular expression

2019-10-04 13:58:53 - [TEST_STEP][PASSED] - sizeRange1 = ["XXS", "XS", "S", "M", "L", "XL"]: null

2019-10-04 13:58:53 - [TEST_STEP][PASSED] - sizeRange2 = ["00", "0", "2", "4", "6", "8", "10", "12", "14", "16"]: null

2019-10-04 13:58:53 - [TEST_STEP][PASSED] - sizeRange3 = ["Long", "Regular", "Short"]: null

2019-10-04 13:58:53 - [TEST_STEP][PASSED] - sizeRange4 = ["5", "6", "6.5", "7", "7.5", "8", "8.5", "9", "9.5", "10", "11"]: null

2019-10-04 13:58:53 - [TEST_STEP][PASSED] - sizeRange5 = ["XS/S", "M/L"]: null

2019-10-04 13:58:53 - [TEST_STEP][PASSED] - sizeRangeSplit = UtilityMethods.SplitSizes(findTestData("productData").getValue("SzRange", row)): null

2019-10-04 13:58:54 - [TEST_STEP][PASSED] - sizeType = getText(findTestObject("Object Repository/Page_cabi Order Items/Size")): Text of object 'Object Repository/Page_cabi Order Items/Size' is: 'Select'

2019-10-04 13:58:54 - [MESSAGE][PASSED] - Text of object 'Object Repository/Page_cabi Order Items/Size' is: 'Select'

2019-10-04 13:58:54 - [TEST_STEP][PASSED] - sizeOptions = findWebElements(findTestObject("Object Repository/Page_cabi Order Items/Size"), 5): null

2019-10-04 13:58:54 - [TEST_STEP][PASSED] - actualRange = new java.util.ArrayList(): null

2019-10-04 13:58:54 - [TEST_STEP][PASSED] - expectedRange = <not implemented yet for class: org.codehaus.groovy.ast.expr.EmptyExpression>: null

2019-10-04 13:58:54 - [TEST_STEP][PASSED] - if (sizeType.equalsIgnoreCase("Select")): null

2019-10-04 13:58:54 - [TEST_STEP][PASSED] - for ([i = 1, i < sizeOptions.size(), (i++)]): null

2019-10-04 13:58:54 - [TEST_STEP][PASSED] - actualRange.add(getAttribute("value").toString()): null

2019-10-04 13:58:54 - [TEST_STEP][PASSED] - actualRange.add(getAttribute("value").toString()): null

2019-10-04 13:58:54 - [TEST_STEP][PASSED] - actualRange.add(getAttribute("value").toString()): null

2019-10-04 13:58:54 - [TEST_STEP][PASSED] - actualRange.add(getAttribute("value").toString()): null

2019-10-04 13:58:54 - [TEST_STEP][PASSED] - actualRange.add(getAttribute("value").toString()): null

2019-10-04 13:58:54 - [TEST_STEP][PASSED] - if (toString().equalsIgnoreCase("XS") || toString().equalsIgnoreCase("XXS")): null

2019-10-04 13:58:54 - [TEST_STEP][PASSED] - expectedRange = UtilityMethods.getExpectedRange(sizeRange1, sizeRangeSplit): null

2019-10-04 13:58:54 - [TEST_STEP][PASSED] - println("XS"): null

2019-10-04 13:58:54 - [TEST_STEP][PASSED] - println(expectedRange.toString()): null

2019-10-04 13:58:54 - [TEST_STEP][PASSED] - sa.assertTrue(UtilityMethods.listEquals(expectedRange, actualRange)): null

2019-10-04 13:58:54 - [TEST_STEP][PASSED] - delay(2): Delayed 2 second(s)

2019-10-04 13:58:56 - [MESSAGE][PASSED] - Delayed 2 second(s)

2019-10-04 13:58:56 - [TEST_STEP][PASSED] - verifyElementText(findTestObject("Page_cabi Order Items/product_title"), findTestData("productData").getValue("Description", row), CONTINUE_ON_FAILURE): Actual text and expected text of test object 'Object Repository/Page_cabi Order Items/product_title' are matched.

2019-10-04 13:58:56 - [MESSAGE][PASSED] - Actual text and expected text of test object 'Object Repository/Page_cabi Order Items/product_title' are matched.

2019-10-04 13:58:56 - [TEST_STEP][PASSED] - verifyElementText(findTestObject("Page_cabi Order Items/product_fabric"), findTestData("productData").getValue("FinalContent", row), CONTINUE_ON_FAILURE): Actual text and expected text of test object 'Object Repository/Page_cabi Order Items/product_fabric' are matched.

2019-10-04 13:58:56 - [MESSAGE][PASSED] - Actual text and expected text of test object 'Object Repository/Page_cabi Order Items/product_fabric' are matched.

2019-10-04 13:58:56 - [TEST_STEP][PASSED] - actualCasreIntrn = "<div>" + getText(findTestObject("Page_cabi Order Items/care_instruction")) + "</div>": Text of object 'Object Repository/Page_cabi Order Items/care_instruction' is: 'Machine wash with like colors in cold water on the delicate cycle. Only non-chlorine bleach if needed. Lay flat to dry. Warm iron if needed.'

2019-10-04 13:58:56 - [MESSAGE][PASSED] - Text of object 'Object Repository/Page_cabi Order Items/care_instruction' is: 'Machine wash with like colors in cold water on the delicate cycle. Only non-chlorine bleach if needed. Lay flat to dry. Warm iron if needed.'

2019-10-04 13:58:56 - [TEST_STEP][PASSED] - sa.assertTrue(actualCasreIntrn.equals(findTestData("productData").getValue("CareInstr", row))): null

2019-10-04 13:58:56 - [TEST_STEP][PASSED] - delay(5): Delayed 5 second(s)

2019-10-04 13:59:01 - [MESSAGE][PASSED] - Delayed 5 second(s)

2019-10-04 13:59:01 - [TEST_STEP][PASSED] - sa = new org.testng.asserts.SoftAssert(): null

2019-10-04 13:59:01 - [TEST_STEP][PASSED] - styleid_data = findTestData("productData").getValue("Style", row): null

2019-10-04 13:59:01 - [TEST_STEP][PASSED] - println("******************+++++++++++++++++++**********************************************"): null

2019-10-04 13:59:01 - [TEST_STEP][PASSED] - println(styleid_data): null

2019-10-04 13:59:01 - [TEST_STEP][PASSED] - by = By.xpath("//input[@name='style']"): null

2019-10-04 13:59:01 - [TEST_STEP][PASSED] - styleWe = UtilityMethods.getElementByLocator(by, driver): null

2019-10-04 13:59:01 - [TEST_STEP][PASSED] - to = UtilityMethods.fromElement(styleWe): null

2019-10-04 13:59:01 - [TEST_STEP][PASSED] - setText(to, styleid_data): Text '3863' is set on object ''

2019-10-04 13:59:02 - [MESSAGE][PASSED] - Text '3863' is set on object ''

2019-10-04 13:59:02 - [TEST_STEP][PASSED] - sendKeys(to, Keys.chord(ENTER)): Keys 'ENTER + ' sent to object: ''

2019-10-04 13:59:02 - [MESSAGE][PASSED] - Keys 'ENTER + ' sent to object: ''

2019-10-04 13:59:02 - [TEST_STEP][PASSED] - delay(2): Delayed 2 second(s)

2019-10-04 13:59:04 - [MESSAGE][PASSED] - Delayed 2 second(s)

2019-10-04 13:59:04 - [TEST_STEP][PASSED] - setText(findTestObject("Object Repository/Page_cabi Order Items/input_New Arrivals - Blooming Blush_style"), findTestData("productData").getValue("Style", row)): Text '3863' is set on object 'Object Repository/Page_cabi Order Items/input_New Arrivals - Blooming Blush_style'

2019-10-04 13:59:04 - [MESSAGE][PASSED] - Text '3863' is set on object 'Object Repository/Page_cabi Order Items/input_New Arrivals - Blooming Blush_style'

2019-10-04 13:59:04 - [TEST_STEP][PASSED] - sendKeys(findTestObject("Object Repository/Page_cabi Order Items/input_New Arrivals - Blooming Blush_style"), Keys.chord(ENTER)): Keys 'ENTER + ' sent to object: 'Object Repository/Page_cabi Order Items/input_New Arrivals - Blooming Blush_style'

2019-10-04 13:59:04 - [MESSAGE][PASSED] - Keys 'ENTER + ' sent to object: 'Object Repository/Page_cabi Order Items/input_New Arrivals - Blooming Blush_style'

2019-10-04 13:59:04 - [TEST_STEP][PASSED] - executeJavaScript("arguments[0].click()", Arrays.asList(findWebElement(findTestObject("Object Repository/Page_cabi Order Items/input_New Arrivals - Blooming Blush_style"), 30))): Execute JavaScript 'arguments[0].click()' successfully

2019-10-04 13:59:04 - [MESSAGE][PASSED] - Execute JavaScript 'arguments[0].click()' successfully

2019-10-04 13:59:04 - [TEST_STEP][PASSED] - if (toString().equalsIgnoreCase("no")): null

2019-10-04 13:59:04 - [TEST_STEP][PASSED] - else: null

2019-10-04 13:59:04 - [TEST_STEP][PASSED] - click(findTestObject("Page_cabi Order Items/li_order_item")): Object: 'Object Repository/Page_cabi Order Items/li_order_item' is clicked on

2019-10-04 13:59:09 - [MESSAGE][PASSED] - Object: 'Object Repository/Page_cabi Order Items/li_order_item' is clicked on

2019-10-04 13:59:09 - [TEST_STEP][PASSED] - delay(5): Delayed 5 second(s)

2019-10-04 13:59:14 - [MESSAGE][PASSED] - Delayed 5 second(s)

2019-10-04 13:59:14 - [TEST_STEP][PASSED] - imagePath = UtilityMethods.createScreenshotImagePath(storeType, styleid_data): null

2019-10-04 13:59:14 - [TEST_STEP][PASSED] - println(imagePath): null

2019-10-04 13:59:14 - [TEST_STEP][PASSED] - takeScreenshot(imagePath): Taking screenshot successfully

2019-10-04 13:59:14 - [MESSAGE][PASSED] - Taking screenshot successfully
[[ATTACHMENT|C:\\Users\\user\\Documents\\testautomation\\KatalonProjects\\productImages\\BOPersonal_3863 image.png]]

2019-10-04 13:59:14 - [TEST_STEP][PASSED] - verifyElementText(findTestObject("Page_cabi Order Items/GetAttribute_getID"), styleid_data, CONTINUE_ON_FAILURE): Actual text and expected text of test object 'Object Repository/Page_cabi Order Items/GetAttribute_getID' are matched.

2019-10-04 13:59:14 - [MESSAGE][PASSED] - Actual text and expected text of test object 'Object Repository/Page_cabi Order Items/GetAttribute_getID' are matched.

2019-10-04 13:59:14 - [TEST_STEP][PASSED] - colorOptions = findWebElements(findTestObject("Page_cabi Order Items/GetAttribute_Color"), 5): null

2019-10-04 13:59:14 - [TEST_STEP][PASSED] - println(colorOptions.size()): null

2019-10-04 13:59:14 - [TEST_STEP][PASSED] - expectedColour = findTestData("productData").getValue("Color", row): null

2019-10-04 13:59:14 - [TEST_STEP][PASSED] - println("expected colour is"): null

2019-10-04 13:59:14 - [TEST_STEP][PASSED] - println(expectedColour): null

2019-10-04 13:59:14 - [TEST_STEP][PASSED] - colourVerified = false: null

2019-10-04 13:59:14 - [TEST_STEP][PASSED] - for (org.openqa.selenium.WebElement op : colorOptions): null

2019-10-04 13:59:14 - [TEST_STEP][PASSED] - println(op.getText()): null

2019-10-04 13:59:15 - [TEST_STEP][PASSED] - if (expectedColour.equalsIgnoreCase(op.getText())): null

2019-10-04 13:59:15 - [TEST_STEP][PASSED] - colourVerified = true: null

2019-10-04 13:59:15 - [TEST_STEP][PASSED] - break: null

2019-10-04 13:59:15 - [TEST_STEP][PASSED] - sa.assertTrue(colourVerified): null

2019-10-04 13:59:15 - [TEST_STEP][PASSED] - getPrice = getText(findTestObject("Page_cabi Order Items/GetAttribute_Price")): Text of object 'Object Repository/Page_cabi Order Items/GetAttribute_Price' is: 'Price : $104.00'

2019-10-04 13:59:15 - [MESSAGE][PASSED] - Text of object 'Object Repository/Page_cabi Order Items/GetAttribute_Price' is: 'Price : $104.00'

2019-10-04 13:59:15 - [TEST_STEP][PASSED] - Split_Data = UtilityMethods.SplitData(getPrice): null

2019-10-04 13:59:15 - [TEST_STEP][PASSED] - verifyMatch(Split_Data, findTestData("productData").getValue("Retail", row), true, CONTINUE_ON_FAILURE): Actual text '104' and expected text '104' are matched  using regular expression

2019-10-04 13:59:15 - [MESSAGE][PASSED] - Actual text '104' and expected text '104' are matched  using regular expression

2019-10-04 13:59:15 - [TEST_STEP][PASSED] - sizeRange1 = ["XXS", "XS", "S", "M", "L", "XL"]: null

2019-10-04 13:59:15 - [TEST_STEP][PASSED] - sizeRange2 = ["00", "0", "2", "4", "6", "8", "10", "12", "14", "16"]: null

2019-10-04 13:59:15 - [TEST_STEP][PASSED] - sizeRange3 = ["Long", "Regular", "Short"]: null

2019-10-04 13:59:15 - [TEST_STEP][PASSED] - sizeRange4 = ["5", "6", "6.5", "7", "7.5", "8", "8.5", "9", "9.5", "10", "11"]: null

2019-10-04 13:59:15 - [TEST_STEP][PASSED] - sizeRange5 = ["XS/S", "M/L"]: null

2019-10-04 13:59:15 - [TEST_STEP][PASSED] - sizeRangeSplit = UtilityMethods.SplitSizes(findTestData("productData").getValue("SzRange", row)): null

2019-10-04 13:59:15 - [TEST_STEP][PASSED] - sizeType = getText(findTestObject("Object Repository/Page_cabi Order Items/Size")): Text of object 'Object Repository/Page_cabi Order Items/Size' is: 'Select'

2019-10-04 13:59:15 - [MESSAGE][PASSED] - Text of object 'Object Repository/Page_cabi Order Items/Size' is: 'Select'

2019-10-04 13:59:15 - [TEST_STEP][PASSED] - sizeOptions = findWebElements(findTestObject("Object Repository/Page_cabi Order Items/Size"), 5): null

2019-10-04 13:59:15 - [TEST_STEP][PASSED] - actualRange = new java.util.ArrayList(): null

2019-10-04 13:59:15 - [TEST_STEP][PASSED] - expectedRange = <not implemented yet for class: org.codehaus.groovy.ast.expr.EmptyExpression>: null

2019-10-04 13:59:15 - [TEST_STEP][PASSED] - if (sizeType.equalsIgnoreCase("Select")): null

2019-10-04 13:59:15 - [TEST_STEP][PASSED] - for ([i = 1, i < sizeOptions.size(), (i++)]): null

2019-10-04 13:59:15 - [TEST_STEP][PASSED] - actualRange.add(getAttribute("value").toString()): null

2019-10-04 13:59:15 - [TEST_STEP][PASSED] - actualRange.add(getAttribute("value").toString()): null

2019-10-04 13:59:15 - [TEST_STEP][PASSED] - actualRange.add(getAttribute("value").toString()): null

2019-10-04 13:59:15 - [TEST_STEP][PASSED] - actualRange.add(getAttribute("value").toString()): null

2019-10-04 13:59:15 - [TEST_STEP][PASSED] - actualRange.add(getAttribute("value").toString()): null

2019-10-04 13:59:15 - [TEST_STEP][PASSED] - if (toString().equalsIgnoreCase("XS") || toString().equalsIgnoreCase("XXS")): null

2019-10-04 13:59:15 - [TEST_STEP][PASSED] - expectedRange = UtilityMethods.getExpectedRange(sizeRange1, sizeRangeSplit): null

2019-10-04 13:59:15 - [TEST_STEP][PASSED] - println("XS"): null

2019-10-04 13:59:15 - [TEST_STEP][PASSED] - println(expectedRange.toString()): null

2019-10-04 13:59:15 - [TEST_STEP][PASSED] - sa.assertTrue(UtilityMethods.listEquals(expectedRange, actualRange)): null

2019-10-04 13:59:15 - [TEST_STEP][PASSED] - delay(2): Delayed 2 second(s)

2019-10-04 13:59:17 - [MESSAGE][PASSED] - Delayed 2 second(s)

2019-10-04 13:59:17 - [TEST_STEP][PASSED] - verifyElementText(findTestObject("Page_cabi Order Items/product_title"), findTestData("productData").getValue("Description", row), CONTINUE_ON_FAILURE): Actual text and expected text of test object 'Object Repository/Page_cabi Order Items/product_title' are matched.

2019-10-04 13:59:17 - [MESSAGE][PASSED] - Actual text and expected text of test object 'Object Repository/Page_cabi Order Items/product_title' are matched.

2019-10-04 13:59:17 - [TEST_STEP][PASSED] - verifyElementText(findTestObject("Page_cabi Order Items/product_fabric"), findTestData("productData").getValue("FinalContent", row), CONTINUE_ON_FAILURE): Actual text and expected text of test object 'Object Repository/Page_cabi Order Items/product_fabric' are matched.

2019-10-04 13:59:17 - [MESSAGE][PASSED] - Actual text and expected text of test object 'Object Repository/Page_cabi Order Items/product_fabric' are matched.

2019-10-04 13:59:17 - [TEST_STEP][PASSED] - actualCasreIntrn = "<div>" + getText(findTestObject("Page_cabi Order Items/care_instruction")) + "</div>": Text of object 'Object Repository/Page_cabi Order Items/care_instruction' is: 'Machine wash with like colors in cold water on the delicate cycle. Only non-chlorine bleach if needed. Lay flat to dry. Warm iron if needed.'

2019-10-04 13:59:17 - [MESSAGE][PASSED] - Text of object 'Object Repository/Page_cabi Order Items/care_instruction' is: 'Machine wash with like colors in cold water on the delicate cycle. Only non-chlorine bleach if needed. Lay flat to dry. Warm iron if needed.'

2019-10-04 13:59:17 - [TEST_STEP][PASSED] - sa.assertTrue(actualCasreIntrn.equals(findTestData("productData").getValue("CareInstr", row))): null

2019-10-04 13:59:17 - [TEST_STEP][PASSED] - delay(5): Delayed 5 second(s)

2019-10-04 13:59:22 - [MESSAGE][PASSED] - Delayed 5 second(s)

2019-10-04 13:59:22 - [TEST_STEP][PASSED] - sa = new org.testng.asserts.SoftAssert(): null

2019-10-04 13:59:22 - [TEST_STEP][PASSED] - styleid_data = findTestData("productData").getValue("Style", row): null

2019-10-04 13:59:22 - [TEST_STEP][PASSED] - println("******************+++++++++++++++++++**********************************************"): null

2019-10-04 13:59:22 - [TEST_STEP][PASSED] - println(styleid_data): null

2019-10-04 13:59:22 - [TEST_STEP][PASSED] - by = By.xpath("//input[@name='style']"): null

2019-10-04 13:59:22 - [TEST_STEP][PASSED] - styleWe = UtilityMethods.getElementByLocator(by, driver): null

2019-10-04 13:59:22 - [TEST_STEP][PASSED] - to = UtilityMethods.fromElement(styleWe): null

2019-10-04 13:59:22 - [TEST_STEP][PASSED] - setText(to, styleid_data): Text '3864' is set on object ''

2019-10-04 13:59:23 - [MESSAGE][PASSED] - Text '3864' is set on object ''

2019-10-04 13:59:23 - [TEST_STEP][PASSED] - sendKeys(to, Keys.chord(ENTER)): Keys 'ENTER + ' sent to object: ''

2019-10-04 13:59:23 - [MESSAGE][PASSED] - Keys 'ENTER + ' sent to object: ''

2019-10-04 13:59:23 - [TEST_STEP][PASSED] - delay(2): Delayed 2 second(s)

2019-10-04 13:59:25 - [MESSAGE][PASSED] - Delayed 2 second(s)

2019-10-04 13:59:25 - [TEST_STEP][PASSED] - setText(findTestObject("Object Repository/Page_cabi Order Items/input_New Arrivals - Blooming Blush_style"), findTestData("productData").getValue("Style", row)): Text '3864' is set on object 'Object Repository/Page_cabi Order Items/input_New Arrivals - Blooming Blush_style'

2019-10-04 13:59:25 - [MESSAGE][PASSED] - Text '3864' is set on object 'Object Repository/Page_cabi Order Items/input_New Arrivals - Blooming Blush_style'

2019-10-04 13:59:25 - [TEST_STEP][PASSED] - sendKeys(findTestObject("Object Repository/Page_cabi Order Items/input_New Arrivals - Blooming Blush_style"), Keys.chord(ENTER)): Keys 'ENTER + ' sent to object: 'Object Repository/Page_cabi Order Items/input_New Arrivals - Blooming Blush_style'

2019-10-04 13:59:25 - [MESSAGE][PASSED] - Keys 'ENTER + ' sent to object: 'Object Repository/Page_cabi Order Items/input_New Arrivals - Blooming Blush_style'

2019-10-04 13:59:25 - [TEST_STEP][PASSED] - executeJavaScript("arguments[0].click()", Arrays.asList(findWebElement(findTestObject("Object Repository/Page_cabi Order Items/input_New Arrivals - Blooming Blush_style"), 30))): Execute JavaScript 'arguments[0].click()' successfully

2019-10-04 13:59:25 - [MESSAGE][PASSED] - Execute JavaScript 'arguments[0].click()' successfully

2019-10-04 13:59:25 - [TEST_STEP][PASSED] - if (toString().equalsIgnoreCase("no")): null

2019-10-04 13:59:25 - [TEST_STEP][PASSED] - else: null

2019-10-04 13:59:25 - [TEST_STEP][PASSED] - click(findTestObject("Page_cabi Order Items/li_order_item")): Object: 'Object Repository/Page_cabi Order Items/li_order_item' is clicked on

2019-10-04 13:59:28 - [MESSAGE][PASSED] - Object: 'Object Repository/Page_cabi Order Items/li_order_item' is clicked on

2019-10-04 13:59:28 - [TEST_STEP][PASSED] - delay(5): Delayed 5 second(s)

2019-10-04 13:59:33 - [MESSAGE][PASSED] - Delayed 5 second(s)

2019-10-04 13:59:33 - [TEST_STEP][PASSED] - imagePath = UtilityMethods.createScreenshotImagePath(storeType, styleid_data): null

2019-10-04 13:59:33 - [TEST_STEP][PASSED] - println(imagePath): null

2019-10-04 13:59:33 - [TEST_STEP][PASSED] - takeScreenshot(imagePath): Taking screenshot successfully

2019-10-04 13:59:34 - [MESSAGE][PASSED] - Taking screenshot successfully
[[ATTACHMENT|C:\\Users\\user\\Documents\\testautomation\\KatalonProjects\\productImages\\BOPersonal_3864 image.png]]

2019-10-04 13:59:34 - [TEST_STEP][PASSED] - verifyElementText(findTestObject("Page_cabi Order Items/GetAttribute_getID"), styleid_data, CONTINUE_ON_FAILURE): Actual text and expected text of test object 'Object Repository/Page_cabi Order Items/GetAttribute_getID' are matched.

2019-10-04 13:59:34 - [MESSAGE][PASSED] - Actual text and expected text of test object 'Object Repository/Page_cabi Order Items/GetAttribute_getID' are matched.

2019-10-04 13:59:34 - [TEST_STEP][PASSED] - colorOptions = findWebElements(findTestObject("Page_cabi Order Items/GetAttribute_Color"), 5): null

2019-10-04 13:59:34 - [TEST_STEP][PASSED] - println(colorOptions.size()): null

2019-10-04 13:59:34 - [TEST_STEP][PASSED] - expectedColour = findTestData("productData").getValue("Color", row): null

2019-10-04 13:59:34 - [TEST_STEP][PASSED] - println("expected colour is"): null

2019-10-04 13:59:34 - [TEST_STEP][PASSED] - println(expectedColour): null

2019-10-04 13:59:34 - [TEST_STEP][PASSED] - colourVerified = false: null

2019-10-04 13:59:34 - [TEST_STEP][PASSED] - for (org.openqa.selenium.WebElement op : colorOptions): null

2019-10-04 13:59:34 - [TEST_STEP][PASSED] - println(op.getText()): null

2019-10-04 13:59:34 - [TEST_STEP][PASSED] - if (expectedColour.equalsIgnoreCase(op.getText())): null

2019-10-04 13:59:34 - [TEST_STEP][PASSED] - colourVerified = true: null

2019-10-04 13:59:34 - [TEST_STEP][PASSED] - break: null

2019-10-04 13:59:34 - [TEST_STEP][PASSED] - sa.assertTrue(colourVerified): null

2019-10-04 13:59:34 - [TEST_STEP][PASSED] - getPrice = getText(findTestObject("Page_cabi Order Items/GetAttribute_Price")): Text of object 'Object Repository/Page_cabi Order Items/GetAttribute_Price' is: 'Price : $99.00'

2019-10-04 13:59:34 - [MESSAGE][PASSED] - Text of object 'Object Repository/Page_cabi Order Items/GetAttribute_Price' is: 'Price : $99.00'

2019-10-04 13:59:34 - [TEST_STEP][PASSED] - Split_Data = UtilityMethods.SplitData(getPrice): null

2019-10-04 13:59:34 - [TEST_STEP][PASSED] - verifyMatch(Split_Data, findTestData("productData").getValue("Retail", row), true, CONTINUE_ON_FAILURE): Actual text '99' and expected text '99' are matched  using regular expression

2019-10-04 13:59:34 - [MESSAGE][PASSED] - Actual text '99' and expected text '99' are matched  using regular expression

2019-10-04 13:59:34 - [TEST_STEP][PASSED] - sizeRange1 = ["XXS", "XS", "S", "M", "L", "XL"]: null

2019-10-04 13:59:34 - [TEST_STEP][PASSED] - sizeRange2 = ["00", "0", "2", "4", "6", "8", "10", "12", "14", "16"]: null

2019-10-04 13:59:34 - [TEST_STEP][PASSED] - sizeRange3 = ["Long", "Regular", "Short"]: null

2019-10-04 13:59:34 - [TEST_STEP][PASSED] - sizeRange4 = ["5", "6", "6.5", "7", "7.5", "8", "8.5", "9", "9.5", "10", "11"]: null

2019-10-04 13:59:34 - [TEST_STEP][PASSED] - sizeRange5 = ["XS/S", "M/L"]: null

2019-10-04 13:59:34 - [TEST_STEP][PASSED] - sizeRangeSplit = UtilityMethods.SplitSizes(findTestData("productData").getValue("SzRange", row)): null

2019-10-04 13:59:34 - [TEST_STEP][PASSED] - sizeType = getText(findTestObject("Object Repository/Page_cabi Order Items/Size")): Text of object 'Object Repository/Page_cabi Order Items/Size' is: 'Select'

2019-10-04 13:59:34 - [MESSAGE][PASSED] - Text of object 'Object Repository/Page_cabi Order Items/Size' is: 'Select'

2019-10-04 13:59:34 - [TEST_STEP][PASSED] - sizeOptions = findWebElements(findTestObject("Object Repository/Page_cabi Order Items/Size"), 5): null

2019-10-04 13:59:34 - [TEST_STEP][PASSED] - actualRange = new java.util.ArrayList(): null

2019-10-04 13:59:34 - [TEST_STEP][PASSED] - expectedRange = <not implemented yet for class: org.codehaus.groovy.ast.expr.EmptyExpression>: null

2019-10-04 13:59:34 - [TEST_STEP][PASSED] - if (sizeType.equalsIgnoreCase("Select")): null

2019-10-04 13:59:34 - [TEST_STEP][PASSED] - for ([i = 1, i < sizeOptions.size(), (i++)]): null

2019-10-04 13:59:34 - [TEST_STEP][PASSED] - actualRange.add(getAttribute("value").toString()): null

2019-10-04 13:59:35 - [TEST_STEP][PASSED] - actualRange.add(getAttribute("value").toString()): null

2019-10-04 13:59:35 - [TEST_STEP][PASSED] - actualRange.add(getAttribute("value").toString()): null

2019-10-04 13:59:35 - [TEST_STEP][PASSED] - actualRange.add(getAttribute("value").toString()): null

2019-10-04 13:59:35 - [TEST_STEP][PASSED] - actualRange.add(getAttribute("value").toString()): null

2019-10-04 13:59:35 - [TEST_STEP][PASSED] - if (toString().equalsIgnoreCase("XS") || toString().equalsIgnoreCase("XXS")): null

2019-10-04 13:59:35 - [TEST_STEP][PASSED] - expectedRange = UtilityMethods.getExpectedRange(sizeRange1, sizeRangeSplit): null

2019-10-04 13:59:35 - [TEST_STEP][PASSED] - println("XS"): null

2019-10-04 13:59:35 - [TEST_STEP][PASSED] - println(expectedRange.toString()): null

2019-10-04 13:59:35 - [TEST_STEP][PASSED] - sa.assertTrue(UtilityMethods.listEquals(expectedRange, actualRange)): null

2019-10-04 13:59:35 - [TEST_STEP][PASSED] - delay(2): Delayed 2 second(s)

2019-10-04 13:59:37 - [MESSAGE][PASSED] - Delayed 2 second(s)

2019-10-04 13:59:37 - [TEST_STEP][PASSED] - verifyElementText(findTestObject("Page_cabi Order Items/product_title"), findTestData("productData").getValue("Description", row), CONTINUE_ON_FAILURE): Actual text and expected text of test object 'Object Repository/Page_cabi Order Items/product_title' are matched.

2019-10-04 13:59:37 - [MESSAGE][PASSED] - Actual text and expected text of test object 'Object Repository/Page_cabi Order Items/product_title' are matched.

2019-10-04 13:59:37 - [TEST_STEP][PASSED] - verifyElementText(findTestObject("Page_cabi Order Items/product_fabric"), findTestData("productData").getValue("FinalContent", row), CONTINUE_ON_FAILURE): Actual text and expected text of test object 'Object Repository/Page_cabi Order Items/product_fabric' are matched.

2019-10-04 13:59:37 - [MESSAGE][PASSED] - Actual text and expected text of test object 'Object Repository/Page_cabi Order Items/product_fabric' are matched.

2019-10-04 13:59:37 - [TEST_STEP][PASSED] - actualCasreIntrn = "<div>" + getText(findTestObject("Page_cabi Order Items/care_instruction")) + "</div>": Text of object 'Object Repository/Page_cabi Order Items/care_instruction' is: 'Machine wash separately, inside out, in cold water on the delicate cycle. Only non-chlorine bleach if needed. Lay flat to dry. Cool iron on the reverse side if needed. Can be dry cleaned.'

2019-10-04 13:59:37 - [MESSAGE][PASSED] - Text of object 'Object Repository/Page_cabi Order Items/care_instruction' is: 'Machine wash separately, inside out, in cold water on the delicate cycle. Only non-chlorine bleach if needed. Lay flat to dry. Cool iron on the reverse side if needed. Can be dry cleaned.'

2019-10-04 13:59:37 - [TEST_STEP][PASSED] - sa.assertTrue(actualCasreIntrn.equals(findTestData("productData").getValue("CareInstr", row))): null

2019-10-04 13:59:37 - [TEST_STEP][PASSED] - delay(5): Delayed 5 second(s)

2019-10-04 13:59:42 - [MESSAGE][PASSED] - Delayed 5 second(s)

2019-10-04 13:59:42 - [TEST_STEP][PASSED] - sa = new org.testng.asserts.SoftAssert(): null

2019-10-04 13:59:42 - [TEST_STEP][PASSED] - styleid_data = findTestData("productData").getValue("Style", row): null

2019-10-04 13:59:42 - [TEST_STEP][PASSED] - println("******************+++++++++++++++++++**********************************************"): null

2019-10-04 13:59:42 - [TEST_STEP][PASSED] - println(styleid_data): null

2019-10-04 13:59:42 - [TEST_STEP][PASSED] - by = By.xpath("//input[@name='style']"): null

2019-10-04 13:59:42 - [TEST_STEP][PASSED] - styleWe = UtilityMethods.getElementByLocator(by, driver): null

2019-10-04 13:59:42 - [TEST_STEP][PASSED] - to = UtilityMethods.fromElement(styleWe): null

2019-10-04 13:59:42 - [TEST_STEP][PASSED] - setText(to, styleid_data): Text '3865' is set on object ''

2019-10-04 13:59:42 - [MESSAGE][PASSED] - Text '3865' is set on object ''

2019-10-04 13:59:42 - [TEST_STEP][PASSED] - sendKeys(to, Keys.chord(ENTER)): Keys 'ENTER + ' sent to object: ''

2019-10-04 13:59:43 - [MESSAGE][PASSED] - Keys 'ENTER + ' sent to object: ''

2019-10-04 13:59:43 - [TEST_STEP][PASSED] - delay(2): Delayed 2 second(s)

2019-10-04 13:59:45 - [MESSAGE][PASSED] - Delayed 2 second(s)

2019-10-04 13:59:45 - [TEST_STEP][PASSED] - setText(findTestObject("Object Repository/Page_cabi Order Items/input_New Arrivals - Blooming Blush_style"), findTestData("productData").getValue("Style", row)): Text '3865' is set on object 'Object Repository/Page_cabi Order Items/input_New Arrivals - Blooming Blush_style'

2019-10-04 13:59:45 - [MESSAGE][PASSED] - Text '3865' is set on object 'Object Repository/Page_cabi Order Items/input_New Arrivals - Blooming Blush_style'

2019-10-04 13:59:45 - [TEST_STEP][PASSED] - sendKeys(findTestObject("Object Repository/Page_cabi Order Items/input_New Arrivals - Blooming Blush_style"), Keys.chord(ENTER)): Keys 'ENTER + ' sent to object: 'Object Repository/Page_cabi Order Items/input_New Arrivals - Blooming Blush_style'

2019-10-04 13:59:45 - [MESSAGE][PASSED] - Keys 'ENTER + ' sent to object: 'Object Repository/Page_cabi Order Items/input_New Arrivals - Blooming Blush_style'

2019-10-04 13:59:45 - [TEST_STEP][PASSED] - executeJavaScript("arguments[0].click()", Arrays.asList(findWebElement(findTestObject("Object Repository/Page_cabi Order Items/input_New Arrivals - Blooming Blush_style"), 30))): Execute JavaScript 'arguments[0].click()' successfully

2019-10-04 13:59:45 - [MESSAGE][PASSED] - Execute JavaScript 'arguments[0].click()' successfully

2019-10-04 13:59:45 - [TEST_STEP][PASSED] - if (toString().equalsIgnoreCase("no")): null

2019-10-04 13:59:45 - [TEST_STEP][PASSED] - else: null

2019-10-04 13:59:45 - [TEST_STEP][PASSED] - click(findTestObject("Page_cabi Order Items/li_order_item")): Object: 'Object Repository/Page_cabi Order Items/li_order_item' is clicked on

2019-10-04 13:59:49 - [MESSAGE][PASSED] - Object: 'Object Repository/Page_cabi Order Items/li_order_item' is clicked on

2019-10-04 13:59:49 - [TEST_STEP][PASSED] - delay(5): Delayed 5 second(s)

2019-10-04 13:59:54 - [MESSAGE][PASSED] - Delayed 5 second(s)

2019-10-04 13:59:54 - [TEST_STEP][PASSED] - imagePath = UtilityMethods.createScreenshotImagePath(storeType, styleid_data): null

2019-10-04 13:59:54 - [TEST_STEP][PASSED] - println(imagePath): null

2019-10-04 13:59:54 - [TEST_STEP][PASSED] - takeScreenshot(imagePath): Taking screenshot successfully

2019-10-04 13:59:55 - [MESSAGE][PASSED] - Taking screenshot successfully
[[ATTACHMENT|C:\\Users\\user\\Documents\\testautomation\\KatalonProjects\\productImages\\BOPersonal_3865 image.png]]

2019-10-04 13:59:55 - [TEST_STEP][PASSED] - verifyElementText(findTestObject("Page_cabi Order Items/GetAttribute_getID"), styleid_data, CONTINUE_ON_FAILURE): Actual text and expected text of test object 'Object Repository/Page_cabi Order Items/GetAttribute_getID' are matched.

2019-10-04 13:59:55 - [MESSAGE][PASSED] - Actual text and expected text of test object 'Object Repository/Page_cabi Order Items/GetAttribute_getID' are matched.

2019-10-04 13:59:55 - [TEST_STEP][PASSED] - colorOptions = findWebElements(findTestObject("Page_cabi Order Items/GetAttribute_Color"), 5): null

2019-10-04 13:59:55 - [TEST_STEP][PASSED] - println(colorOptions.size()): null

2019-10-04 13:59:55 - [TEST_STEP][PASSED] - expectedColour = findTestData("productData").getValue("Color", row): null

2019-10-04 13:59:55 - [TEST_STEP][PASSED] - println("expected colour is"): null

2019-10-04 13:59:55 - [TEST_STEP][PASSED] - println(expectedColour): null

2019-10-04 13:59:55 - [TEST_STEP][PASSED] - colourVerified = false: null

2019-10-04 13:59:55 - [TEST_STEP][PASSED] - for (org.openqa.selenium.WebElement op : colorOptions): null

2019-10-04 13:59:55 - [TEST_STEP][PASSED] - println(op.getText()): null

2019-10-04 13:59:55 - [TEST_STEP][PASSED] - if (expectedColour.equalsIgnoreCase(op.getText())): null

2019-10-04 13:59:55 - [TEST_STEP][PASSED] - colourVerified = true: null

2019-10-04 13:59:55 - [TEST_STEP][PASSED] - break: null

2019-10-04 13:59:55 - [TEST_STEP][PASSED] - sa.assertTrue(colourVerified): null

2019-10-04 13:59:55 - [TEST_STEP][PASSED] - getPrice = getText(findTestObject("Page_cabi Order Items/GetAttribute_Price")): Text of object 'Object Repository/Page_cabi Order Items/GetAttribute_Price' is: 'Price : $109.00'

2019-10-04 13:59:55 - [MESSAGE][PASSED] - Text of object 'Object Repository/Page_cabi Order Items/GetAttribute_Price' is: 'Price : $109.00'

2019-10-04 13:59:55 - [TEST_STEP][PASSED] - Split_Data = UtilityMethods.SplitData(getPrice): null

2019-10-04 13:59:55 - [TEST_STEP][PASSED] - verifyMatch(Split_Data, findTestData("productData").getValue("Retail", row), true, CONTINUE_ON_FAILURE): Actual text '109' and expected text '109' are matched  using regular expression

2019-10-04 13:59:55 - [MESSAGE][PASSED] - Actual text '109' and expected text '109' are matched  using regular expression

2019-10-04 13:59:55 - [TEST_STEP][PASSED] - sizeRange1 = ["XXS", "XS", "S", "M", "L", "XL"]: null

2019-10-04 13:59:55 - [TEST_STEP][PASSED] - sizeRange2 = ["00", "0", "2", "4", "6", "8", "10", "12", "14", "16"]: null

2019-10-04 13:59:55 - [TEST_STEP][PASSED] - sizeRange3 = ["Long", "Regular", "Short"]: null

2019-10-04 13:59:55 - [TEST_STEP][PASSED] - sizeRange4 = ["5", "6", "6.5", "7", "7.5", "8", "8.5", "9", "9.5", "10", "11"]: null

2019-10-04 13:59:55 - [TEST_STEP][PASSED] - sizeRange5 = ["XS/S", "M/L"]: null

2019-10-04 13:59:55 - [TEST_STEP][PASSED] - sizeRangeSplit = UtilityMethods.SplitSizes(findTestData("productData").getValue("SzRange", row)): null

2019-10-04 13:59:55 - [TEST_STEP][PASSED] - sizeType = getText(findTestObject("Object Repository/Page_cabi Order Items/Size")): Text of object 'Object Repository/Page_cabi Order Items/Size' is: 'Select'

2019-10-04 13:59:55 - [MESSAGE][PASSED] - Text of object 'Object Repository/Page_cabi Order Items/Size' is: 'Select'

2019-10-04 13:59:55 - [TEST_STEP][PASSED] - sizeOptions = findWebElements(findTestObject("Object Repository/Page_cabi Order Items/Size"), 5): null

2019-10-04 13:59:55 - [TEST_STEP][PASSED] - actualRange = new java.util.ArrayList(): null

2019-10-04 13:59:55 - [TEST_STEP][PASSED] - expectedRange = <not implemented yet for class: org.codehaus.groovy.ast.expr.EmptyExpression>: null

2019-10-04 13:59:55 - [TEST_STEP][PASSED] - if (sizeType.equalsIgnoreCase("Select")): null

2019-10-04 13:59:55 - [TEST_STEP][PASSED] - for ([i = 1, i < sizeOptions.size(), (i++)]): null

2019-10-04 13:59:55 - [TEST_STEP][PASSED] - actualRange.add(getAttribute("value").toString()): null

2019-10-04 13:59:55 - [TEST_STEP][PASSED] - actualRange.add(getAttribute("value").toString()): null

2019-10-04 13:59:56 - [TEST_STEP][PASSED] - actualRange.add(getAttribute("value").toString()): null

2019-10-04 13:59:56 - [TEST_STEP][PASSED] - actualRange.add(getAttribute("value").toString()): null

2019-10-04 13:59:56 - [TEST_STEP][PASSED] - actualRange.add(getAttribute("value").toString()): null

2019-10-04 13:59:56 - [TEST_STEP][PASSED] - if (toString().equalsIgnoreCase("XS") || toString().equalsIgnoreCase("XXS")): null

2019-10-04 13:59:56 - [TEST_STEP][PASSED] - expectedRange = UtilityMethods.getExpectedRange(sizeRange1, sizeRangeSplit): null

2019-10-04 13:59:56 - [TEST_STEP][PASSED] - println("XS"): null

2019-10-04 13:59:56 - [TEST_STEP][PASSED] - println(expectedRange.toString()): null

2019-10-04 13:59:56 - [TEST_STEP][PASSED] - sa.assertTrue(UtilityMethods.listEquals(expectedRange, actualRange)): null

2019-10-04 13:59:56 - [TEST_STEP][PASSED] - delay(2): Delayed 2 second(s)

2019-10-04 13:59:58 - [MESSAGE][PASSED] - Delayed 2 second(s)

2019-10-04 13:59:58 - [TEST_STEP][PASSED] - verifyElementText(findTestObject("Page_cabi Order Items/product_title"), findTestData("productData").getValue("Description", row), CONTINUE_ON_FAILURE): Actual text and expected text of test object 'Object Repository/Page_cabi Order Items/product_title' are matched.

2019-10-04 13:59:58 - [MESSAGE][PASSED] - Actual text and expected text of test object 'Object Repository/Page_cabi Order Items/product_title' are matched.

2019-10-04 13:59:58 - [TEST_STEP][PASSED] - verifyElementText(findTestObject("Page_cabi Order Items/product_fabric"), findTestData("productData").getValue("FinalContent", row), CONTINUE_ON_FAILURE): Actual text and expected text of test object 'Object Repository/Page_cabi Order Items/product_fabric' are matched.

2019-10-04 13:59:58 - [MESSAGE][PASSED] - Actual text and expected text of test object 'Object Repository/Page_cabi Order Items/product_fabric' are matched.

2019-10-04 13:59:58 - [TEST_STEP][PASSED] - actualCasreIntrn = "<div>" + getText(findTestObject("Page_cabi Order Items/care_instruction")) + "</div>": Text of object 'Object Repository/Page_cabi Order Items/care_instruction' is: 'Machine wash with like colors in cold water on the delicate cycle. Only non-chlorine bleach if needed. Lay flat to dry. Warm iron if needed.'

2019-10-04 13:59:58 - [MESSAGE][PASSED] - Text of object 'Object Repository/Page_cabi Order Items/care_instruction' is: 'Machine wash with like colors in cold water on the delicate cycle. Only non-chlorine bleach if needed. Lay flat to dry. Warm iron if needed.'

2019-10-04 13:59:58 - [TEST_STEP][PASSED] - sa.assertTrue(actualCasreIntrn.equals(findTestData("productData").getValue("CareInstr", row))): null

2019-10-04 13:59:58 - [TEST_STEP][PASSED] - delay(5): Delayed 5 second(s)

2019-10-04 14:00:03 - [MESSAGE][PASSED] - Delayed 5 second(s)

2019-10-04 14:00:03 - [TEST_STEP][PASSED] - sa = new org.testng.asserts.SoftAssert(): null

2019-10-04 14:00:03 - [TEST_STEP][PASSED] - styleid_data = findTestData("productData").getValue("Style", row): null

2019-10-04 14:00:03 - [TEST_STEP][PASSED] - println("******************+++++++++++++++++++**********************************************"): null

2019-10-04 14:00:03 - [TEST_STEP][PASSED] - println(styleid_data): null

2019-10-04 14:00:03 - [TEST_STEP][PASSED] - by = By.xpath("//input[@name='style']"): null

2019-10-04 14:00:03 - [TEST_STEP][PASSED] - styleWe = UtilityMethods.getElementByLocator(by, driver): null

2019-10-04 14:00:03 - [TEST_STEP][PASSED] - to = UtilityMethods.fromElement(styleWe): null

2019-10-04 14:00:03 - [TEST_STEP][PASSED] - setText(to, styleid_data): Text '3869' is set on object ''

2019-10-04 14:00:03 - [MESSAGE][PASSED] - Text '3869' is set on object ''

2019-10-04 14:00:03 - [TEST_STEP][PASSED] - sendKeys(to, Keys.chord(ENTER)): Keys 'ENTER + ' sent to object: ''

2019-10-04 14:00:04 - [MESSAGE][PASSED] - Keys 'ENTER + ' sent to object: ''

2019-10-04 14:00:04 - [TEST_STEP][PASSED] - delay(2): Delayed 2 second(s)

2019-10-04 14:00:06 - [MESSAGE][PASSED] - Delayed 2 second(s)

2019-10-04 14:00:06 - [TEST_STEP][PASSED] - setText(findTestObject("Object Repository/Page_cabi Order Items/input_New Arrivals - Blooming Blush_style"), findTestData("productData").getValue("Style", row)): Text '3869' is set on object 'Object Repository/Page_cabi Order Items/input_New Arrivals - Blooming Blush_style'

2019-10-04 14:00:06 - [MESSAGE][PASSED] - Text '3869' is set on object 'Object Repository/Page_cabi Order Items/input_New Arrivals - Blooming Blush_style'

2019-10-04 14:00:06 - [TEST_STEP][PASSED] - sendKeys(findTestObject("Object Repository/Page_cabi Order Items/input_New Arrivals - Blooming Blush_style"), Keys.chord(ENTER)): Keys 'ENTER + ' sent to object: 'Object Repository/Page_cabi Order Items/input_New Arrivals - Blooming Blush_style'

2019-10-04 14:00:06 - [MESSAGE][PASSED] - Keys 'ENTER + ' sent to object: 'Object Repository/Page_cabi Order Items/input_New Arrivals - Blooming Blush_style'

2019-10-04 14:00:06 - [TEST_STEP][PASSED] - executeJavaScript("arguments[0].click()", Arrays.asList(findWebElement(findTestObject("Object Repository/Page_cabi Order Items/input_New Arrivals - Blooming Blush_style"), 30))): Execute JavaScript 'arguments[0].click()' successfully

2019-10-04 14:00:06 - [MESSAGE][PASSED] - Execute JavaScript 'arguments[0].click()' successfully

2019-10-04 14:00:06 - [TEST_STEP][PASSED] - if (toString().equalsIgnoreCase("no")): null

2019-10-04 14:00:06 - [TEST_STEP][PASSED] - else: null

2019-10-04 14:00:06 - [TEST_STEP][PASSED] - click(findTestObject("Page_cabi Order Items/li_order_item")): Object: 'Object Repository/Page_cabi Order Items/li_order_item' is clicked on

2019-10-04 14:00:10 - [MESSAGE][PASSED] - Object: 'Object Repository/Page_cabi Order Items/li_order_item' is clicked on

2019-10-04 14:00:10 - [TEST_STEP][PASSED] - delay(5): Delayed 5 second(s)

2019-10-04 14:00:15 - [MESSAGE][PASSED] - Delayed 5 second(s)

2019-10-04 14:00:15 - [TEST_STEP][PASSED] - imagePath = UtilityMethods.createScreenshotImagePath(storeType, styleid_data): null

2019-10-04 14:00:15 - [TEST_STEP][PASSED] - println(imagePath): null

2019-10-04 14:00:15 - [TEST_STEP][PASSED] - takeScreenshot(imagePath): Taking screenshot successfully

2019-10-04 14:00:15 - [MESSAGE][PASSED] - Taking screenshot successfully
[[ATTACHMENT|C:\\Users\\user\\Documents\\testautomation\\KatalonProjects\\productImages\\BOPersonal_3869 image.png]]

2019-10-04 14:00:15 - [TEST_STEP][PASSED] - verifyElementText(findTestObject("Page_cabi Order Items/GetAttribute_getID"), styleid_data, CONTINUE_ON_FAILURE): Actual text and expected text of test object 'Object Repository/Page_cabi Order Items/GetAttribute_getID' are matched.

2019-10-04 14:00:16 - [MESSAGE][PASSED] - Actual text and expected text of test object 'Object Repository/Page_cabi Order Items/GetAttribute_getID' are matched.

2019-10-04 14:00:16 - [TEST_STEP][PASSED] - colorOptions = findWebElements(findTestObject("Page_cabi Order Items/GetAttribute_Color"), 5): null

2019-10-04 14:00:16 - [TEST_STEP][PASSED] - println(colorOptions.size()): null

2019-10-04 14:00:16 - [TEST_STEP][PASSED] - expectedColour = findTestData("productData").getValue("Color", row): null

2019-10-04 14:00:16 - [TEST_STEP][PASSED] - println("expected colour is"): null

2019-10-04 14:00:16 - [TEST_STEP][PASSED] - println(expectedColour): null

2019-10-04 14:00:16 - [TEST_STEP][PASSED] - colourVerified = false: null

2019-10-04 14:00:16 - [TEST_STEP][PASSED] - for (org.openqa.selenium.WebElement op : colorOptions): null

2019-10-04 14:00:16 - [TEST_STEP][PASSED] - println(op.getText()): null

2019-10-04 14:00:16 - [TEST_STEP][PASSED] - if (expectedColour.equalsIgnoreCase(op.getText())): null

2019-10-04 14:00:16 - [TEST_STEP][PASSED] - colourVerified = true: null

2019-10-04 14:00:16 - [TEST_STEP][PASSED] - break: null

2019-10-04 14:00:16 - [TEST_STEP][PASSED] - sa.assertTrue(colourVerified): null

2019-10-04 14:00:16 - [TEST_STEP][PASSED] - getPrice = getText(findTestObject("Page_cabi Order Items/GetAttribute_Price")): Text of object 'Object Repository/Page_cabi Order Items/GetAttribute_Price' is: 'Price : $114.00'

2019-10-04 14:00:16 - [MESSAGE][PASSED] - Text of object 'Object Repository/Page_cabi Order Items/GetAttribute_Price' is: 'Price : $114.00'

2019-10-04 14:00:16 - [TEST_STEP][PASSED] - Split_Data = UtilityMethods.SplitData(getPrice): null

2019-10-04 14:00:16 - [TEST_STEP][PASSED] - verifyMatch(Split_Data, findTestData("productData").getValue("Retail", row), true, CONTINUE_ON_FAILURE): Actual text '114' and expected text '114' are matched  using regular expression

2019-10-04 14:00:16 - [MESSAGE][PASSED] - Actual text '114' and expected text '114' are matched  using regular expression

2019-10-04 14:00:16 - [TEST_STEP][PASSED] - sizeRange1 = ["XXS", "XS", "S", "M", "L", "XL"]: null

2019-10-04 14:00:16 - [TEST_STEP][PASSED] - sizeRange2 = ["00", "0", "2", "4", "6", "8", "10", "12", "14", "16"]: null

2019-10-04 14:00:16 - [TEST_STEP][PASSED] - sizeRange3 = ["Long", "Regular", "Short"]: null

2019-10-04 14:00:16 - [TEST_STEP][PASSED] - sizeRange4 = ["5", "6", "6.5", "7", "7.5", "8", "8.5", "9", "9.5", "10", "11"]: null

2019-10-04 14:00:16 - [TEST_STEP][PASSED] - sizeRange5 = ["XS/S", "M/L"]: null

2019-10-04 14:00:16 - [TEST_STEP][PASSED] - sizeRangeSplit = UtilityMethods.SplitSizes(findTestData("productData").getValue("SzRange", row)): null

2019-10-04 14:00:16 - [TEST_STEP][PASSED] - sizeType = getText(findTestObject("Object Repository/Page_cabi Order Items/Size")): Text of object 'Object Repository/Page_cabi Order Items/Size' is: 'Select'

2019-10-04 14:00:16 - [MESSAGE][PASSED] - Text of object 'Object Repository/Page_cabi Order Items/Size' is: 'Select'

2019-10-04 14:00:16 - [TEST_STEP][PASSED] - sizeOptions = findWebElements(findTestObject("Object Repository/Page_cabi Order Items/Size"), 5): null

2019-10-04 14:00:16 - [TEST_STEP][PASSED] - actualRange = new java.util.ArrayList(): null

2019-10-04 14:00:16 - [TEST_STEP][PASSED] - expectedRange = <not implemented yet for class: org.codehaus.groovy.ast.expr.EmptyExpression>: null

2019-10-04 14:00:16 - [TEST_STEP][PASSED] - if (sizeType.equalsIgnoreCase("Select")): null

2019-10-04 14:00:16 - [TEST_STEP][PASSED] - for ([i = 1, i < sizeOptions.size(), (i++)]): null

2019-10-04 14:00:16 - [TEST_STEP][PASSED] - actualRange.add(getAttribute("value").toString()): null

2019-10-04 14:00:16 - [TEST_STEP][PASSED] - actualRange.add(getAttribute("value").toString()): null

2019-10-04 14:00:16 - [TEST_STEP][PASSED] - actualRange.add(getAttribute("value").toString()): null

2019-10-04 14:00:16 - [TEST_STEP][PASSED] - actualRange.add(getAttribute("value").toString()): null

2019-10-04 14:00:16 - [TEST_STEP][PASSED] - actualRange.add(getAttribute("value").toString()): null

2019-10-04 14:00:16 - [TEST_STEP][PASSED] - if (toString().equalsIgnoreCase("XS") || toString().equalsIgnoreCase("XXS")): null

2019-10-04 14:00:16 - [TEST_STEP][PASSED] - expectedRange = UtilityMethods.getExpectedRange(sizeRange1, sizeRangeSplit): null

2019-10-04 14:00:16 - [TEST_STEP][PASSED] - println("XS"): null

2019-10-04 14:00:16 - [TEST_STEP][PASSED] - println(expectedRange.toString()): null

2019-10-04 14:00:16 - [TEST_STEP][PASSED] - sa.assertTrue(UtilityMethods.listEquals(expectedRange, actualRange)): null

2019-10-04 14:00:16 - [TEST_STEP][PASSED] - delay(2): Delayed 2 second(s)

2019-10-04 14:00:18 - [MESSAGE][PASSED] - Delayed 2 second(s)

2019-10-04 14:00:18 - [TEST_STEP][PASSED] - verifyElementText(findTestObject("Page_cabi Order Items/product_title"), findTestData("productData").getValue("Description", row), CONTINUE_ON_FAILURE): Actual text and expected text of test object 'Object Repository/Page_cabi Order Items/product_title' are matched.

2019-10-04 14:00:18 - [MESSAGE][PASSED] - Actual text and expected text of test object 'Object Repository/Page_cabi Order Items/product_title' are matched.

2019-10-04 14:00:18 - [TEST_STEP][PASSED] - verifyElementText(findTestObject("Page_cabi Order Items/product_fabric"), findTestData("productData").getValue("FinalContent", row), CONTINUE_ON_FAILURE): Actual text and expected text of test object 'Object Repository/Page_cabi Order Items/product_fabric' are matched.

2019-10-04 14:00:18 - [MESSAGE][PASSED] - Actual text and expected text of test object 'Object Repository/Page_cabi Order Items/product_fabric' are matched.

2019-10-04 14:00:18 - [TEST_STEP][PASSED] - actualCasreIntrn = "<div>" + getText(findTestObject("Page_cabi Order Items/care_instruction")) + "</div>": Text of object 'Object Repository/Page_cabi Order Items/care_instruction' is: 'Wash by hand separately with cold water. Only non-chlorine bleach if needed. Do not twist or wring. Lay flat to dry. Steam iron only if needed. Can be dry cleaned.'

2019-10-04 14:00:18 - [MESSAGE][PASSED] - Text of object 'Object Repository/Page_cabi Order Items/care_instruction' is: 'Wash by hand separately with cold water. Only non-chlorine bleach if needed. Do not twist or wring. Lay flat to dry. Steam iron only if needed. Can be dry cleaned.'

2019-10-04 14:00:18 - [TEST_STEP][PASSED] - sa.assertTrue(actualCasreIntrn.equals(findTestData("productData").getValue("CareInstr", row))): null

2019-10-04 14:00:18 - [TEST_STEP][PASSED] - delay(5): Delayed 5 second(s)

2019-10-04 14:00:23 - [MESSAGE][PASSED] - Delayed 5 second(s)

2019-10-04 14:00:23 - [TEST_STEP][PASSED] - sa = new org.testng.asserts.SoftAssert(): null

2019-10-04 14:00:23 - [TEST_STEP][PASSED] - styleid_data = findTestData("productData").getValue("Style", row): null

2019-10-04 14:00:24 - [TEST_STEP][PASSED] - println("******************+++++++++++++++++++**********************************************"): null

2019-10-04 14:00:24 - [TEST_STEP][PASSED] - println(styleid_data): null

2019-10-04 14:00:24 - [TEST_STEP][PASSED] - by = By.xpath("//input[@name='style']"): null

2019-10-04 14:00:24 - [TEST_STEP][PASSED] - styleWe = UtilityMethods.getElementByLocator(by, driver): null

2019-10-04 14:00:24 - [TEST_STEP][PASSED] - to = UtilityMethods.fromElement(styleWe): null

2019-10-04 14:00:24 - [TEST_STEP][PASSED] - setText(to, styleid_data): Text '3870' is set on object ''

2019-10-04 14:00:24 - [MESSAGE][PASSED] - Text '3870' is set on object ''

2019-10-04 14:00:24 - [TEST_STEP][PASSED] - sendKeys(to, Keys.chord(ENTER)): Keys 'ENTER + ' sent to object: ''

2019-10-04 14:00:24 - [MESSAGE][PASSED] - Keys 'ENTER + ' sent to object: ''

2019-10-04 14:00:24 - [TEST_STEP][PASSED] - delay(2): Delayed 2 second(s)

2019-10-04 14:00:26 - [MESSAGE][PASSED] - Delayed 2 second(s)

2019-10-04 14:00:26 - [TEST_STEP][PASSED] - setText(findTestObject("Object Repository/Page_cabi Order Items/input_New Arrivals - Blooming Blush_style"), findTestData("productData").getValue("Style", row)): Text '3870' is set on object 'Object Repository/Page_cabi Order Items/input_New Arrivals - Blooming Blush_style'

2019-10-04 14:00:26 - [MESSAGE][PASSED] - Text '3870' is set on object 'Object Repository/Page_cabi Order Items/input_New Arrivals - Blooming Blush_style'

2019-10-04 14:00:26 - [TEST_STEP][PASSED] - sendKeys(findTestObject("Object Repository/Page_cabi Order Items/input_New Arrivals - Blooming Blush_style"), Keys.chord(ENTER)): Keys 'ENTER + ' sent to object: 'Object Repository/Page_cabi Order Items/input_New Arrivals - Blooming Blush_style'

2019-10-04 14:00:26 - [MESSAGE][PASSED] - Keys 'ENTER + ' sent to object: 'Object Repository/Page_cabi Order Items/input_New Arrivals - Blooming Blush_style'

2019-10-04 14:00:26 - [TEST_STEP][PASSED] - executeJavaScript("arguments[0].click()", Arrays.asList(findWebElement(findTestObject("Object Repository/Page_cabi Order Items/input_New Arrivals - Blooming Blush_style"), 30))): Execute JavaScript 'arguments[0].click()' successfully

2019-10-04 14:00:27 - [MESSAGE][PASSED] - Execute JavaScript 'arguments[0].click()' successfully

2019-10-04 14:00:27 - [TEST_STEP][PASSED] - if (toString().equalsIgnoreCase("no")): null

2019-10-04 14:00:27 - [TEST_STEP][PASSED] - else: null

2019-10-04 14:00:27 - [TEST_STEP][PASSED] - click(findTestObject("Page_cabi Order Items/li_order_item")): Object: 'Object Repository/Page_cabi Order Items/li_order_item' is clicked on

2019-10-04 14:00:28 - [MESSAGE][PASSED] - Object: 'Object Repository/Page_cabi Order Items/li_order_item' is clicked on

2019-10-04 14:00:28 - [TEST_STEP][PASSED] - delay(5): Delayed 5 second(s)

2019-10-04 14:00:33 - [MESSAGE][PASSED] - Delayed 5 second(s)

2019-10-04 14:00:33 - [TEST_STEP][PASSED] - imagePath = UtilityMethods.createScreenshotImagePath(storeType, styleid_data): null

2019-10-04 14:00:33 - [TEST_STEP][PASSED] - println(imagePath): null

2019-10-04 14:00:33 - [TEST_STEP][PASSED] - takeScreenshot(imagePath): Taking screenshot successfully

2019-10-04 14:00:34 - [MESSAGE][PASSED] - Taking screenshot successfully
[[ATTACHMENT|C:\\Users\\user\\Documents\\testautomation\\KatalonProjects\\productImages\\BOPersonal_3870 image.png]]

2019-10-04 14:00:34 - [TEST_STEP][PASSED] - verifyElementText(findTestObject("Page_cabi Order Items/GetAttribute_getID"), styleid_data, CONTINUE_ON_FAILURE): Actual text and expected text of test object 'Object Repository/Page_cabi Order Items/GetAttribute_getID' are matched.

2019-10-04 14:00:34 - [MESSAGE][PASSED] - Actual text and expected text of test object 'Object Repository/Page_cabi Order Items/GetAttribute_getID' are matched.

2019-10-04 14:00:34 - [TEST_STEP][PASSED] - colorOptions = findWebElements(findTestObject("Page_cabi Order Items/GetAttribute_Color"), 5): null

2019-10-04 14:00:34 - [TEST_STEP][PASSED] - println(colorOptions.size()): null

2019-10-04 14:00:34 - [TEST_STEP][PASSED] - expectedColour = findTestData("productData").getValue("Color", row): null

2019-10-04 14:00:34 - [TEST_STEP][PASSED] - println("expected colour is"): null

2019-10-04 14:00:34 - [TEST_STEP][PASSED] - println(expectedColour): null

2019-10-04 14:00:34 - [TEST_STEP][PASSED] - colourVerified = false: null

2019-10-04 14:00:34 - [TEST_STEP][PASSED] - for (org.openqa.selenium.WebElement op : colorOptions): null

2019-10-04 14:00:34 - [TEST_STEP][PASSED] - println(op.getText()): null

2019-10-04 14:00:34 - [TEST_STEP][PASSED] - if (expectedColour.equalsIgnoreCase(op.getText())): null

2019-10-04 14:00:34 - [TEST_STEP][PASSED] - colourVerified = true: null

2019-10-04 14:00:34 - [TEST_STEP][PASSED] - break: null

2019-10-04 14:00:34 - [TEST_STEP][PASSED] - sa.assertTrue(colourVerified): null

2019-10-04 14:00:34 - [TEST_STEP][PASSED] - getPrice = getText(findTestObject("Page_cabi Order Items/GetAttribute_Price")): Text of object 'Object Repository/Page_cabi Order Items/GetAttribute_Price' is: 'Price : $139.00'

2019-10-04 14:00:34 - [MESSAGE][PASSED] - Text of object 'Object Repository/Page_cabi Order Items/GetAttribute_Price' is: 'Price : $139.00'

2019-10-04 14:00:34 - [TEST_STEP][PASSED] - Split_Data = UtilityMethods.SplitData(getPrice): null

2019-10-04 14:00:34 - [TEST_STEP][PASSED] - verifyMatch(Split_Data, findTestData("productData").getValue("Retail", row), true, CONTINUE_ON_FAILURE): Actual text '139' and expected text '139' are matched  using regular expression

2019-10-04 14:00:34 - [MESSAGE][PASSED] - Actual text '139' and expected text '139' are matched  using regular expression

2019-10-04 14:00:34 - [TEST_STEP][PASSED] - sizeRange1 = ["XXS", "XS", "S", "M", "L", "XL"]: null

2019-10-04 14:00:34 - [TEST_STEP][PASSED] - sizeRange2 = ["00", "0", "2", "4", "6", "8", "10", "12", "14", "16"]: null

2019-10-04 14:00:34 - [TEST_STEP][PASSED] - sizeRange3 = ["Long", "Regular", "Short"]: null

2019-10-04 14:00:34 - [TEST_STEP][PASSED] - sizeRange4 = ["5", "6", "6.5", "7", "7.5", "8", "8.5", "9", "9.5", "10", "11"]: null

2019-10-04 14:00:34 - [TEST_STEP][PASSED] - sizeRange5 = ["XS/S", "M/L"]: null

2019-10-04 14:00:34 - [TEST_STEP][PASSED] - sizeRangeSplit = UtilityMethods.SplitSizes(findTestData("productData").getValue("SzRange", row)): null

2019-10-04 14:00:34 - [TEST_STEP][PASSED] - sizeType = getText(findTestObject("Object Repository/Page_cabi Order Items/Size")): Text of object 'Object Repository/Page_cabi Order Items/Size' is: 'Select'

2019-10-04 14:00:34 - [MESSAGE][PASSED] - Text of object 'Object Repository/Page_cabi Order Items/Size' is: 'Select'

2019-10-04 14:00:34 - [TEST_STEP][PASSED] - sizeOptions = findWebElements(findTestObject("Object Repository/Page_cabi Order Items/Size"), 5): null

2019-10-04 14:00:34 - [TEST_STEP][PASSED] - actualRange = new java.util.ArrayList(): null

2019-10-04 14:00:34 - [TEST_STEP][PASSED] - expectedRange = <not implemented yet for class: org.codehaus.groovy.ast.expr.EmptyExpression>: null

2019-10-04 14:00:34 - [TEST_STEP][PASSED] - if (sizeType.equalsIgnoreCase("Select")): null

2019-10-04 14:00:34 - [TEST_STEP][PASSED] - for ([i = 1, i < sizeOptions.size(), (i++)]): null

2019-10-04 14:00:34 - [TEST_STEP][PASSED] - actualRange.add(getAttribute("value").toString()): null

2019-10-04 14:00:34 - [TEST_STEP][PASSED] - actualRange.add(getAttribute("value").toString()): null

2019-10-04 14:00:34 - [TEST_STEP][PASSED] - actualRange.add(getAttribute("value").toString()): null

2019-10-04 14:00:34 - [TEST_STEP][PASSED] - actualRange.add(getAttribute("value").toString()): null

2019-10-04 14:00:34 - [TEST_STEP][PASSED] - actualRange.add(getAttribute("value").toString()): null

2019-10-04 14:00:34 - [TEST_STEP][PASSED] - if (toString().equalsIgnoreCase("XS") || toString().equalsIgnoreCase("XXS")): null

2019-10-04 14:00:34 - [TEST_STEP][PASSED] - expectedRange = UtilityMethods.getExpectedRange(sizeRange1, sizeRangeSplit): null

2019-10-04 14:00:34 - [TEST_STEP][PASSED] - println("XS"): null

2019-10-04 14:00:34 - [TEST_STEP][PASSED] - println(expectedRange.toString()): null

2019-10-04 14:00:34 - [TEST_STEP][PASSED] - sa.assertTrue(UtilityMethods.listEquals(expectedRange, actualRange)): null

2019-10-04 14:00:34 - [TEST_STEP][PASSED] - delay(2): Delayed 2 second(s)

2019-10-04 14:00:36 - [MESSAGE][PASSED] - Delayed 2 second(s)

2019-10-04 14:00:36 - [TEST_STEP][PASSED] - verifyElementText(findTestObject("Page_cabi Order Items/product_title"), findTestData("productData").getValue("Description", row), CONTINUE_ON_FAILURE): Actual text and expected text of test object 'Object Repository/Page_cabi Order Items/product_title' are matched.

2019-10-04 14:00:36 - [MESSAGE][PASSED] - Actual text and expected text of test object 'Object Repository/Page_cabi Order Items/product_title' are matched.

2019-10-04 14:00:36 - [TEST_STEP][PASSED] - verifyElementText(findTestObject("Page_cabi Order Items/product_fabric"), findTestData("productData").getValue("FinalContent", row), CONTINUE_ON_FAILURE): Actual text and expected text of test object 'Object Repository/Page_cabi Order Items/product_fabric' are matched.

2019-10-04 14:00:37 - [MESSAGE][PASSED] - Actual text and expected text of test object 'Object Repository/Page_cabi Order Items/product_fabric' are matched.

2019-10-04 14:00:37 - [TEST_STEP][PASSED] - actualCasreIntrn = "<div>" + getText(findTestObject("Page_cabi Order Items/care_instruction")) + "</div>": Text of object 'Object Repository/Page_cabi Order Items/care_instruction' is: 'Turn garment inside out and place in a mesh bag. Machine wash separately in cold water on the delicate cycle. Only non-chlorine bleach if needed. Do not twist or wring. Lay flat to dry. Warm iron if needed. Can be dry cleaned.'

2019-10-04 14:00:37 - [MESSAGE][PASSED] - Text of object 'Object Repository/Page_cabi Order Items/care_instruction' is: 'Turn garment inside out and place in a mesh bag. Machine wash separately in cold water on the delicate cycle. Only non-chlorine bleach if needed. Do not twist or wring. Lay flat to dry. Warm iron if needed. Can be dry cleaned.'

2019-10-04 14:00:37 - [TEST_STEP][PASSED] - sa.assertTrue(actualCasreIntrn.equals(findTestData("productData").getValue("CareInstr", row))): null

2019-10-04 14:00:37 - [TEST_STEP][PASSED] - delay(5): Delayed 5 second(s)

2019-10-04 14:00:42 - [MESSAGE][PASSED] - Delayed 5 second(s)

2019-10-04 14:00:42 - [TEST_STEP][PASSED] - sa = new org.testng.asserts.SoftAssert(): null

2019-10-04 14:00:42 - [TEST_STEP][PASSED] - styleid_data = findTestData("productData").getValue("Style", row): null

2019-10-04 14:00:42 - [TEST_STEP][PASSED] - println("******************+++++++++++++++++++**********************************************"): null

2019-10-04 14:00:42 - [TEST_STEP][PASSED] - println(styleid_data): null

2019-10-04 14:00:42 - [TEST_STEP][PASSED] - by = By.xpath("//input[@name='style']"): null

2019-10-04 14:00:42 - [TEST_STEP][PASSED] - styleWe = UtilityMethods.getElementByLocator(by, driver): null

2019-10-04 14:00:42 - [TEST_STEP][PASSED] - to = UtilityMethods.fromElement(styleWe): null

2019-10-04 14:00:42 - [TEST_STEP][PASSED] - setText(to, styleid_data): Text '3871' is set on object ''

2019-10-04 14:00:42 - [MESSAGE][PASSED] - Text '3871' is set on object ''

2019-10-04 14:00:42 - [TEST_STEP][PASSED] - sendKeys(to, Keys.chord(ENTER)): Keys 'ENTER + ' sent to object: ''

2019-10-04 14:00:42 - [MESSAGE][PASSED] - Keys 'ENTER + ' sent to object: ''

2019-10-04 14:00:42 - [TEST_STEP][PASSED] - delay(2): Delayed 2 second(s)

2019-10-04 14:00:44 - [MESSAGE][PASSED] - Delayed 2 second(s)

2019-10-04 14:00:44 - [TEST_STEP][PASSED] - setText(findTestObject("Object Repository/Page_cabi Order Items/input_New Arrivals - Blooming Blush_style"), findTestData("productData").getValue("Style", row)): Text '3871' is set on object 'Object Repository/Page_cabi Order Items/input_New Arrivals - Blooming Blush_style'

2019-10-04 14:00:45 - [MESSAGE][PASSED] - Text '3871' is set on object 'Object Repository/Page_cabi Order Items/input_New Arrivals - Blooming Blush_style'

2019-10-04 14:00:45 - [TEST_STEP][PASSED] - sendKeys(findTestObject("Object Repository/Page_cabi Order Items/input_New Arrivals - Blooming Blush_style"), Keys.chord(ENTER)): Keys 'ENTER + ' sent to object: 'Object Repository/Page_cabi Order Items/input_New Arrivals - Blooming Blush_style'

2019-10-04 14:00:45 - [MESSAGE][PASSED] - Keys 'ENTER + ' sent to object: 'Object Repository/Page_cabi Order Items/input_New Arrivals - Blooming Blush_style'

2019-10-04 14:00:45 - [TEST_STEP][PASSED] - executeJavaScript("arguments[0].click()", Arrays.asList(findWebElement(findTestObject("Object Repository/Page_cabi Order Items/input_New Arrivals - Blooming Blush_style"), 30))): Execute JavaScript 'arguments[0].click()' successfully

2019-10-04 14:00:45 - [MESSAGE][PASSED] - Execute JavaScript 'arguments[0].click()' successfully

2019-10-04 14:00:45 - [TEST_STEP][PASSED] - if (toString().equalsIgnoreCase("no")): null

2019-10-04 14:00:45 - [TEST_STEP][PASSED] - else: null

2019-10-04 14:00:45 - [TEST_STEP][PASSED] - click(findTestObject("Page_cabi Order Items/li_order_item")): Object: 'Object Repository/Page_cabi Order Items/li_order_item' is clicked on

2019-10-04 14:00:48 - [MESSAGE][PASSED] - Object: 'Object Repository/Page_cabi Order Items/li_order_item' is clicked on

2019-10-04 14:00:48 - [TEST_STEP][PASSED] - delay(5): Delayed 5 second(s)

2019-10-04 14:00:53 - [MESSAGE][PASSED] - Delayed 5 second(s)

2019-10-04 14:00:53 - [TEST_STEP][PASSED] - imagePath = UtilityMethods.createScreenshotImagePath(storeType, styleid_data): null

2019-10-04 14:00:53 - [TEST_STEP][PASSED] - println(imagePath): null

2019-10-04 14:00:53 - [TEST_STEP][PASSED] - takeScreenshot(imagePath): Taking screenshot successfully

2019-10-04 14:00:53 - [MESSAGE][PASSED] - Taking screenshot successfully
[[ATTACHMENT|C:\\Users\\user\\Documents\\testautomation\\KatalonProjects\\productImages\\BOPersonal_3871 image.png]]

2019-10-04 14:00:53 - [TEST_STEP][PASSED] - verifyElementText(findTestObject("Page_cabi Order Items/GetAttribute_getID"), styleid_data, CONTINUE_ON_FAILURE): Actual text and expected text of test object 'Object Repository/Page_cabi Order Items/GetAttribute_getID' are matched.

2019-10-04 14:00:54 - [MESSAGE][PASSED] - Actual text and expected text of test object 'Object Repository/Page_cabi Order Items/GetAttribute_getID' are matched.

2019-10-04 14:00:54 - [TEST_STEP][PASSED] - colorOptions = findWebElements(findTestObject("Page_cabi Order Items/GetAttribute_Color"), 5): null

2019-10-04 14:00:54 - [TEST_STEP][PASSED] - println(colorOptions.size()): null

2019-10-04 14:00:54 - [TEST_STEP][PASSED] - expectedColour = findTestData("productData").getValue("Color", row): null

2019-10-04 14:00:54 - [TEST_STEP][PASSED] - println("expected colour is"): null

2019-10-04 14:00:54 - [TEST_STEP][PASSED] - println(expectedColour): null

2019-10-04 14:00:54 - [TEST_STEP][PASSED] - colourVerified = false: null

2019-10-04 14:00:54 - [TEST_STEP][PASSED] - for (org.openqa.selenium.WebElement op : colorOptions): null

2019-10-04 14:00:54 - [TEST_STEP][PASSED] - println(op.getText()): null

2019-10-04 14:00:54 - [TEST_STEP][PASSED] - if (expectedColour.equalsIgnoreCase(op.getText())): null

2019-10-04 14:00:54 - [TEST_STEP][PASSED] - colourVerified = true: null

2019-10-04 14:00:54 - [TEST_STEP][PASSED] - break: null

2019-10-04 14:00:54 - [TEST_STEP][PASSED] - sa.assertTrue(colourVerified): null

2019-10-04 14:00:54 - [TEST_STEP][PASSED] - getPrice = getText(findTestObject("Page_cabi Order Items/GetAttribute_Price")): Text of object 'Object Repository/Page_cabi Order Items/GetAttribute_Price' is: 'Price : $149.00'

2019-10-04 14:00:54 - [MESSAGE][PASSED] - Text of object 'Object Repository/Page_cabi Order Items/GetAttribute_Price' is: 'Price : $149.00'

2019-10-04 14:00:54 - [TEST_STEP][PASSED] - Split_Data = UtilityMethods.SplitData(getPrice): null

2019-10-04 14:00:54 - [TEST_STEP][PASSED] - verifyMatch(Split_Data, findTestData("productData").getValue("Retail", row), true, CONTINUE_ON_FAILURE): Actual text '149' and expected text '149' are matched  using regular expression

2019-10-04 14:00:54 - [MESSAGE][PASSED] - Actual text '149' and expected text '149' are matched  using regular expression

2019-10-04 14:00:54 - [TEST_STEP][PASSED] - sizeRange1 = ["XXS", "XS", "S", "M", "L", "XL"]: null

2019-10-04 14:00:54 - [TEST_STEP][PASSED] - sizeRange2 = ["00", "0", "2", "4", "6", "8", "10", "12", "14", "16"]: null

2019-10-04 14:00:54 - [TEST_STEP][PASSED] - sizeRange3 = ["Long", "Regular", "Short"]: null

2019-10-04 14:00:54 - [TEST_STEP][PASSED] - sizeRange4 = ["5", "6", "6.5", "7", "7.5", "8", "8.5", "9", "9.5", "10", "11"]: null

2019-10-04 14:00:54 - [TEST_STEP][PASSED] - sizeRange5 = ["XS/S", "M/L"]: null

2019-10-04 14:00:54 - [TEST_STEP][PASSED] - sizeRangeSplit = UtilityMethods.SplitSizes(findTestData("productData").getValue("SzRange", row)): null

2019-10-04 14:00:54 - [TEST_STEP][PASSED] - sizeType = getText(findTestObject("Object Repository/Page_cabi Order Items/Size")): Text of object 'Object Repository/Page_cabi Order Items/Size' is: 'Select'

2019-10-04 14:00:54 - [MESSAGE][PASSED] - Text of object 'Object Repository/Page_cabi Order Items/Size' is: 'Select'

2019-10-04 14:00:54 - [TEST_STEP][PASSED] - sizeOptions = findWebElements(findTestObject("Object Repository/Page_cabi Order Items/Size"), 5): null

2019-10-04 14:00:54 - [TEST_STEP][PASSED] - actualRange = new java.util.ArrayList(): null

2019-10-04 14:00:54 - [TEST_STEP][PASSED] - expectedRange = <not implemented yet for class: org.codehaus.groovy.ast.expr.EmptyExpression>: null

2019-10-04 14:00:54 - [TEST_STEP][PASSED] - if (sizeType.equalsIgnoreCase("Select")): null

2019-10-04 14:00:54 - [TEST_STEP][PASSED] - for ([i = 1, i < sizeOptions.size(), (i++)]): null

2019-10-04 14:00:54 - [TEST_STEP][PASSED] - actualRange.add(getAttribute("value").toString()): null

2019-10-04 14:00:54 - [TEST_STEP][PASSED] - actualRange.add(getAttribute("value").toString()): null

2019-10-04 14:00:54 - [TEST_STEP][PASSED] - actualRange.add(getAttribute("value").toString()): null

2019-10-04 14:00:54 - [TEST_STEP][PASSED] - actualRange.add(getAttribute("value").toString()): null

2019-10-04 14:00:54 - [TEST_STEP][PASSED] - actualRange.add(getAttribute("value").toString()): null

2019-10-04 14:00:54 - [TEST_STEP][PASSED] - if (toString().equalsIgnoreCase("XS") || toString().equalsIgnoreCase("XXS")): null

2019-10-04 14:00:54 - [TEST_STEP][PASSED] - expectedRange = UtilityMethods.getExpectedRange(sizeRange1, sizeRangeSplit): null

2019-10-04 14:00:54 - [TEST_STEP][PASSED] - println("XS"): null

2019-10-04 14:00:54 - [TEST_STEP][PASSED] - println(expectedRange.toString()): null

2019-10-04 14:00:54 - [TEST_STEP][PASSED] - sa.assertTrue(UtilityMethods.listEquals(expectedRange, actualRange)): null

2019-10-04 14:00:54 - [TEST_STEP][PASSED] - delay(2): Delayed 2 second(s)

2019-10-04 14:00:56 - [MESSAGE][PASSED] - Delayed 2 second(s)

2019-10-04 14:00:56 - [TEST_STEP][PASSED] - verifyElementText(findTestObject("Page_cabi Order Items/product_title"), findTestData("productData").getValue("Description", row), CONTINUE_ON_FAILURE): Actual text and expected text of test object 'Object Repository/Page_cabi Order Items/product_title' are matched.

2019-10-04 14:00:56 - [MESSAGE][PASSED] - Actual text and expected text of test object 'Object Repository/Page_cabi Order Items/product_title' are matched.

2019-10-04 14:00:56 - [TEST_STEP][PASSED] - verifyElementText(findTestObject("Page_cabi Order Items/product_fabric"), findTestData("productData").getValue("FinalContent", row), CONTINUE_ON_FAILURE): Actual text and expected text of test object 'Object Repository/Page_cabi Order Items/product_fabric' are matched.

2019-10-04 14:00:56 - [MESSAGE][PASSED] - Actual text and expected text of test object 'Object Repository/Page_cabi Order Items/product_fabric' are matched.

2019-10-04 14:00:56 - [TEST_STEP][PASSED] - actualCasreIntrn = "<div>" + getText(findTestObject("Page_cabi Order Items/care_instruction")) + "</div>": Text of object 'Object Repository/Page_cabi Order Items/care_instruction' is: 'Turn garment inside out and place in a mesh bag. Machine wash separately in cold water on the delicate cycle. Only non-chlorine bleach if needed. Do not twist or wring. Lay flat to dry. Warm iron if needed. Can be washed by hand.'

2019-10-04 14:00:56 - [MESSAGE][PASSED] - Text of object 'Object Repository/Page_cabi Order Items/care_instruction' is: 'Turn garment inside out and place in a mesh bag. Machine wash separately in cold water on the delicate cycle. Only non-chlorine bleach if needed. Do not twist or wring. Lay flat to dry. Warm iron if needed. Can be washed by hand.'

2019-10-04 14:00:56 - [TEST_STEP][PASSED] - sa.assertTrue(actualCasreIntrn.equals(findTestData("productData").getValue("CareInstr", row))): null

2019-10-04 14:00:56 - [TEST_STEP][PASSED] - delay(5): Delayed 5 second(s)

2019-10-04 14:01:01 - [MESSAGE][PASSED] - Delayed 5 second(s)

2019-10-04 14:01:01 - [TEST_STEP][PASSED] - sa = new org.testng.asserts.SoftAssert(): null

2019-10-04 14:01:01 - [TEST_STEP][PASSED] - styleid_data = findTestData("productData").getValue("Style", row): null

2019-10-04 14:01:01 - [TEST_STEP][PASSED] - println("******************+++++++++++++++++++**********************************************"): null

2019-10-04 14:01:01 - [TEST_STEP][PASSED] - println(styleid_data): null

2019-10-04 14:01:01 - [TEST_STEP][PASSED] - by = By.xpath("//input[@name='style']"): null

2019-10-04 14:01:01 - [TEST_STEP][PASSED] - styleWe = UtilityMethods.getElementByLocator(by, driver): null

2019-10-04 14:01:01 - [TEST_STEP][PASSED] - to = UtilityMethods.fromElement(styleWe): null

2019-10-04 14:01:01 - [TEST_STEP][PASSED] - setText(to, styleid_data): Text '3875' is set on object ''

2019-10-04 14:01:02 - [MESSAGE][PASSED] - Text '3875' is set on object ''

2019-10-04 14:01:02 - [TEST_STEP][PASSED] - sendKeys(to, Keys.chord(ENTER)): Keys 'ENTER + ' sent to object: ''

2019-10-04 14:01:02 - [MESSAGE][PASSED] - Keys 'ENTER + ' sent to object: ''

2019-10-04 14:01:02 - [TEST_STEP][PASSED] - delay(2): Delayed 2 second(s)

2019-10-04 14:01:04 - [MESSAGE][PASSED] - Delayed 2 second(s)

2019-10-04 14:01:04 - [TEST_STEP][PASSED] - setText(findTestObject("Object Repository/Page_cabi Order Items/input_New Arrivals - Blooming Blush_style"), findTestData("productData").getValue("Style", row)): Text '3875' is set on object 'Object Repository/Page_cabi Order Items/input_New Arrivals - Blooming Blush_style'

2019-10-04 14:01:04 - [MESSAGE][PASSED] - Text '3875' is set on object 'Object Repository/Page_cabi Order Items/input_New Arrivals - Blooming Blush_style'

2019-10-04 14:01:04 - [TEST_STEP][PASSED] - sendKeys(findTestObject("Object Repository/Page_cabi Order Items/input_New Arrivals - Blooming Blush_style"), Keys.chord(ENTER)): Keys 'ENTER + ' sent to object: 'Object Repository/Page_cabi Order Items/input_New Arrivals - Blooming Blush_style'

2019-10-04 14:01:04 - [MESSAGE][PASSED] - Keys 'ENTER + ' sent to object: 'Object Repository/Page_cabi Order Items/input_New Arrivals - Blooming Blush_style'

2019-10-04 14:01:04 - [TEST_STEP][PASSED] - executeJavaScript("arguments[0].click()", Arrays.asList(findWebElement(findTestObject("Object Repository/Page_cabi Order Items/input_New Arrivals - Blooming Blush_style"), 30))): Execute JavaScript 'arguments[0].click()' successfully

2019-10-04 14:01:05 - [MESSAGE][PASSED] - Execute JavaScript 'arguments[0].click()' successfully

2019-10-04 14:01:05 - [TEST_STEP][PASSED] - if (toString().equalsIgnoreCase("no")): null

2019-10-04 14:01:05 - [TEST_STEP][PASSED] - else: null

2019-10-04 14:01:05 - [TEST_STEP][PASSED] - click(findTestObject("Page_cabi Order Items/li_order_item")): Object: 'Object Repository/Page_cabi Order Items/li_order_item' is clicked on

2019-10-04 14:01:06 - [MESSAGE][PASSED] - Object: 'Object Repository/Page_cabi Order Items/li_order_item' is clicked on

2019-10-04 14:01:06 - [TEST_STEP][PASSED] - delay(5): Delayed 5 second(s)

2019-10-04 14:01:11 - [MESSAGE][PASSED] - Delayed 5 second(s)

2019-10-04 14:01:11 - [TEST_STEP][PASSED] - imagePath = UtilityMethods.createScreenshotImagePath(storeType, styleid_data): null

2019-10-04 14:01:11 - [TEST_STEP][PASSED] - println(imagePath): null

2019-10-04 14:01:11 - [TEST_STEP][PASSED] - takeScreenshot(imagePath): Taking screenshot successfully

2019-10-04 14:01:12 - [MESSAGE][PASSED] - Taking screenshot successfully
[[ATTACHMENT|C:\\Users\\user\\Documents\\testautomation\\KatalonProjects\\productImages\\BOPersonal_3875 image.png]]

2019-10-04 14:01:12 - [TEST_STEP][PASSED] - verifyElementText(findTestObject("Page_cabi Order Items/GetAttribute_getID"), styleid_data, CONTINUE_ON_FAILURE): Actual text and expected text of test object 'Object Repository/Page_cabi Order Items/GetAttribute_getID' are matched.

2019-10-04 14:01:12 - [MESSAGE][PASSED] - Actual text and expected text of test object 'Object Repository/Page_cabi Order Items/GetAttribute_getID' are matched.

2019-10-04 14:01:12 - [TEST_STEP][PASSED] - colorOptions = findWebElements(findTestObject("Page_cabi Order Items/GetAttribute_Color"), 5): null

2019-10-04 14:01:12 - [TEST_STEP][PASSED] - println(colorOptions.size()): null

2019-10-04 14:01:12 - [TEST_STEP][PASSED] - expectedColour = findTestData("productData").getValue("Color", row): null

2019-10-04 14:01:12 - [TEST_STEP][PASSED] - println("expected colour is"): null

2019-10-04 14:01:12 - [TEST_STEP][PASSED] - println(expectedColour): null

2019-10-04 14:01:12 - [TEST_STEP][PASSED] - colourVerified = false: null

2019-10-04 14:01:12 - [TEST_STEP][PASSED] - for (org.openqa.selenium.WebElement op : colorOptions): null

2019-10-04 14:01:12 - [TEST_STEP][PASSED] - println(op.getText()): null

2019-10-04 14:01:12 - [TEST_STEP][PASSED] - if (expectedColour.equalsIgnoreCase(op.getText())): null

2019-10-04 14:01:12 - [TEST_STEP][PASSED] - colourVerified = true: null

2019-10-04 14:01:12 - [TEST_STEP][PASSED] - break: null

2019-10-04 14:01:12 - [TEST_STEP][PASSED] - sa.assertTrue(colourVerified): null

2019-10-04 14:01:12 - [TEST_STEP][PASSED] - getPrice = getText(findTestObject("Page_cabi Order Items/GetAttribute_Price")): Text of object 'Object Repository/Page_cabi Order Items/GetAttribute_Price' is: 'Price : $199.00'

2019-10-04 14:01:12 - [MESSAGE][PASSED] - Text of object 'Object Repository/Page_cabi Order Items/GetAttribute_Price' is: 'Price : $199.00'

2019-10-04 14:01:12 - [TEST_STEP][PASSED] - Split_Data = UtilityMethods.SplitData(getPrice): null

2019-10-04 14:01:12 - [TEST_STEP][PASSED] - verifyMatch(Split_Data, findTestData("productData").getValue("Retail", row), true, CONTINUE_ON_FAILURE): Actual text '199' and expected text '199' are matched  using regular expression

2019-10-04 14:01:12 - [MESSAGE][PASSED] - Actual text '199' and expected text '199' are matched  using regular expression

2019-10-04 14:01:12 - [TEST_STEP][PASSED] - sizeRange1 = ["XXS", "XS", "S", "M", "L", "XL"]: null

2019-10-04 14:01:12 - [TEST_STEP][PASSED] - sizeRange2 = ["00", "0", "2", "4", "6", "8", "10", "12", "14", "16"]: null

2019-10-04 14:01:12 - [TEST_STEP][PASSED] - sizeRange3 = ["Long", "Regular", "Short"]: null

2019-10-04 14:01:12 - [TEST_STEP][PASSED] - sizeRange4 = ["5", "6", "6.5", "7", "7.5", "8", "8.5", "9", "9.5", "10", "11"]: null

2019-10-04 14:01:12 - [TEST_STEP][PASSED] - sizeRange5 = ["XS/S", "M/L"]: null

2019-10-04 14:01:12 - [TEST_STEP][PASSED] - sizeRangeSplit = UtilityMethods.SplitSizes(findTestData("productData").getValue("SzRange", row)): null

2019-10-04 14:01:12 - [TEST_STEP][PASSED] - sizeType = getText(findTestObject("Object Repository/Page_cabi Order Items/Size")): Text of object 'Object Repository/Page_cabi Order Items/Size' is: 'Select'

2019-10-04 14:01:12 - [MESSAGE][PASSED] - Text of object 'Object Repository/Page_cabi Order Items/Size' is: 'Select'

2019-10-04 14:01:12 - [TEST_STEP][PASSED] - sizeOptions = findWebElements(findTestObject("Object Repository/Page_cabi Order Items/Size"), 5): null

2019-10-04 14:01:12 - [TEST_STEP][PASSED] - actualRange = new java.util.ArrayList(): null

2019-10-04 14:01:12 - [TEST_STEP][PASSED] - expectedRange = <not implemented yet for class: org.codehaus.groovy.ast.expr.EmptyExpression>: null

2019-10-04 14:01:12 - [TEST_STEP][PASSED] - if (sizeType.equalsIgnoreCase("Select")): null

2019-10-04 14:01:12 - [TEST_STEP][PASSED] - for ([i = 1, i < sizeOptions.size(), (i++)]): null

2019-10-04 14:01:12 - [TEST_STEP][PASSED] - actualRange.add(getAttribute("value").toString()): null

2019-10-04 14:01:12 - [TEST_STEP][PASSED] - actualRange.add(getAttribute("value").toString()): null

2019-10-04 14:01:12 - [TEST_STEP][PASSED] - actualRange.add(getAttribute("value").toString()): null

2019-10-04 14:01:12 - [TEST_STEP][PASSED] - actualRange.add(getAttribute("value").toString()): null

2019-10-04 14:01:12 - [TEST_STEP][PASSED] - actualRange.add(getAttribute("value").toString()): null

2019-10-04 14:01:12 - [TEST_STEP][PASSED] - if (toString().equalsIgnoreCase("XS") || toString().equalsIgnoreCase("XXS")): null

2019-10-04 14:01:12 - [TEST_STEP][PASSED] - expectedRange = UtilityMethods.getExpectedRange(sizeRange1, sizeRangeSplit): null

2019-10-04 14:01:12 - [TEST_STEP][PASSED] - println("XS"): null

2019-10-04 14:01:12 - [TEST_STEP][PASSED] - println(expectedRange.toString()): null

2019-10-04 14:01:12 - [TEST_STEP][PASSED] - sa.assertTrue(UtilityMethods.listEquals(expectedRange, actualRange)): null

2019-10-04 14:01:12 - [TEST_STEP][PASSED] - delay(2): Delayed 2 second(s)

2019-10-04 14:01:14 - [MESSAGE][PASSED] - Delayed 2 second(s)

2019-10-04 14:01:14 - [TEST_STEP][PASSED] - verifyElementText(findTestObject("Page_cabi Order Items/product_title"), findTestData("productData").getValue("Description", row), CONTINUE_ON_FAILURE): Actual text and expected text of test object 'Object Repository/Page_cabi Order Items/product_title' are matched.

2019-10-04 14:01:14 - [MESSAGE][PASSED] - Actual text and expected text of test object 'Object Repository/Page_cabi Order Items/product_title' are matched.

2019-10-04 14:01:14 - [TEST_STEP][PASSED] - verifyElementText(findTestObject("Page_cabi Order Items/product_fabric"), findTestData("productData").getValue("FinalContent", row), CONTINUE_ON_FAILURE): Actual text and expected text of test object 'Object Repository/Page_cabi Order Items/product_fabric' are matched.

2019-10-04 14:01:15 - [MESSAGE][PASSED] - Actual text and expected text of test object 'Object Repository/Page_cabi Order Items/product_fabric' are matched.

2019-10-04 14:01:15 - [TEST_STEP][PASSED] - actualCasreIntrn = "<div>" + getText(findTestObject("Page_cabi Order Items/care_instruction")) + "</div>": Text of object 'Object Repository/Page_cabi Order Items/care_instruction' is: 'Turn garment inside out and place in a mesh bag. Machine wash separately in cold water on the delicate cycle. Only non-chlorine bleach if needed. Do not twist or wring. Lay flat to dry. Steam iron only if needed. Do not press with flat iron. Can be dry cleaned.'

2019-10-04 14:01:15 - [MESSAGE][PASSED] - Text of object 'Object Repository/Page_cabi Order Items/care_instruction' is: 'Turn garment inside out and place in a mesh bag. Machine wash separately in cold water on the delicate cycle. Only non-chlorine bleach if needed. Do not twist or wring. Lay flat to dry. Steam iron only if needed. Do not press with flat iron. Can be dry cleaned.'

2019-10-04 14:01:15 - [TEST_STEP][PASSED] - sa.assertTrue(actualCasreIntrn.equals(findTestData("productData").getValue("CareInstr", row))): null

2019-10-04 14:01:15 - [MESSAGE][PASSED] - Call Test Case 'Test Cases/NewArrival/productVerify' successfully]]></system-out>
         <system-err><![CDATA[]]></system-err>
      </testcase>
      <system-out><![CDATA[2019-10-04 13:56:00 - [TEST_SUITE][PASSED] - NewArrivalsSuite1: Test Cases/NA_Timezone_Separated/BOPersonal1]]></system-out>
      <system-err><![CDATA[]]></system-err>
   </testsuite>
</testsuites>
