<?xml version="1.0" encoding="UTF-8"?>
<testsuites name="stressSuiteRetailOrder" time="972" tests="0" failures="1" errors="0">
   <testsuite name="stressSuiteRetailOrder" tests="0" failures="1" errors="0" time="972" timestamp="2019-10-05 22:36:23" hostname="user - Nivedita" id="Test Suites/stressSuiteRetailOrder">
      <properties>
         <property name="deviceName" value=""/>
         <property name="devicePlatform" value=""/>
         <property name="logFolder" value="C:\\Users\\user\\Documents\\testautomation\\KatalonProjects\\Reports\\stressSuiteRetailOrder\\20191005_223358"/>
         <property name="logFiles" value="C:\\Users\\user\\Documents\\testautomation\\KatalonProjects\\Reports\\stressSuiteRetailOrder\\20191005_223358\\execution0.log"/>
         <property name="attachments" value=""/>
         <property name="hostName" value="user - Nivedita"/>
         <property name="os" value="Windows 8.1 64bit"/>
         <property name="katalonVersion" value="6.1.1.1"/>
         <property name="browser" value="Chrome 77.0.3865.90"/>
         <property name="hostAddress" value="192.168.43.31"/>
         <property name="sessionId" value="4e44b5bc13aaec754bf4771158a84d77"/>
         <property name="seleniumVersion" value="3.7.1"/>
         <property name="proxyInformation" value="ProxyInformation{proxyOption=NO_PROXY, proxyServerType=HTTP, password=, proxyServerAddress=, proxyServerPort=0}"/>
         <property name="platform" value="Windows 8.1"/>
      </properties>
      <testcase name="Test Cases/EditOrder-V/retailOrderBO" classname="Test Cases/EditOrder-V/retailOrderBO" status="FAILED">
         <failure type="FAILED" message="Test Cases/EditOrder-V/retailOrderBO FAILED.
Reason:
Assertion failed: 

assert orderSuccess == true
       |            |
       false        false

	at retailOrderBO.run(retailOrderBO:290)
	at com.kms.katalon.core.main.ScriptEngine.run(ScriptEngine.java:194)
	at com.kms.katalon.core.main.ScriptEngine.runScriptAsRawText(ScriptEngine.java:119)
	at com.kms.katalon.core.main.TestCaseExecutor.runScript(TestCaseExecutor.java:342)
	at com.kms.katalon.core.main.TestCaseExecutor.doExecute(TestCaseExecutor.java:333)
	at com.kms.katalon.core.main.TestCaseExecutor.processExecutionPhase(TestCaseExecutor.java:312)
	at com.kms.katalon.core.main.TestCaseExecutor.accessMainPhase(TestCaseExecutor.java:304)
	at com.kms.katalon.core.main.TestCaseExecutor.execute(TestCaseExecutor.java:238)
	at com.kms.katalon.core.main.TestSuiteExecutor.accessTestCaseMainPhase(TestSuiteExecutor.java:129)
	at com.kms.katalon.core.main.TestSuiteExecutor.accessTestSuiteMainPhase(TestSuiteExecutor.java:112)
	at com.kms.katalon.core.main.TestSuiteExecutor.execute(TestSuiteExecutor.java:81)
	at com.kms.katalon.core.main.TestCaseMain.startTestSuite(TestCaseMain.java:157)
	at com.kms.katalon.core.main.TestCaseMain$startTestSuite$0.call(Unknown Source)
	at TempTestSuite1570295038120.run(TempTestSuite1570295038120.groovy:35)
"/>
         <system-out><![CDATA[2019-10-05 22:36:35 - [TEST_CASE][FAILED] - Test Cases/EditOrder-V/retailOrderBO: Test Cases/EditOrder-V/retailOrderBO FAILED.
Reason:
Assertion failed: 

assert orderSuccess == true
       |            |
       false        false

	at retailOrderBO.run(retailOrderBO:290)
	at com.kms.katalon.core.main.ScriptEngine.run(ScriptEngine.java:194)
	at com.kms.katalon.core.main.ScriptEngine.runScriptAsRawText(ScriptEngine.java:119)
	at com.kms.katalon.core.main.TestCaseExecutor.runScript(TestCaseExecutor.java:342)
	at com.kms.katalon.core.main.TestCaseExecutor.doExecute(TestCaseExecutor.java:333)
	at com.kms.katalon.core.main.TestCaseExecutor.processExecutionPhase(TestCaseExecutor.java:312)
	at com.kms.katalon.core.main.TestCaseExecutor.accessMainPhase(TestCaseExecutor.java:304)
	at com.kms.katalon.core.main.TestCaseExecutor.execute(TestCaseExecutor.java:238)
	at com.kms.katalon.core.main.TestSuiteExecutor.accessTestCaseMainPhase(TestSuiteExecutor.java:129)
	at com.kms.katalon.core.main.TestSuiteExecutor.accessTestSuiteMainPhase(TestSuiteExecutor.java:112)
	at com.kms.katalon.core.main.TestSuiteExecutor.execute(TestSuiteExecutor.java:81)
	at com.kms.katalon.core.main.TestCaseMain.startTestSuite(TestCaseMain.java:157)
	at com.kms.katalon.core.main.TestCaseMain$startTestSuite$0.call(Unknown Source)
	at TempTestSuite1570295038120.run(TempTestSuite1570295038120.groovy:35)


2019-10-05 22:36:40 - [TEST_STEP][PASSED] - Start listener action : sampleBeforeTestCase: null

2019-10-05 22:36:42 - [TEST_STEP][PASSED] - println(testCaseContext.getTestCaseId()): null

2019-10-05 22:36:42 - [TEST_STEP][PASSED] - println(testCaseContext.getTestCaseVariables()): null

2019-10-05 22:36:57 - [TEST_STEP][PASSED] - openBrowser(""): Browser is opened with url: ''

2019-10-05 22:37:04 - [MESSAGE][INFO] - Starting 'Chrome' driver

2019-10-05 22:37:05 - [MESSAGE][INFO] - User set preference: ['args', '[--use-fake-ui-for-media-stream, --start-maximized]']

2019-10-05 22:37:07 - [MESSAGE][INFO] - Action delay is set to 0 seconds

2019-10-05 22:40:25 - [MESSAGE][PASSED] - Browser is opened with url: ''

2019-10-05 22:40:25 - [TEST_STEP][PASSED] - callTestCase(findTestCase("TestCaseUtilities/backOfficeLogin"), ["BOURL":"", "BOuser":"", "BOpass":""], STOP_ON_FAILURE): Call Test Case 'Test Cases/TestCaseUtilities/backOfficeLogin' successfully

2019-10-05 22:40:25 - [TEST_CASE][PASSED] - Test Cases/TestCaseUtilities/backOfficeLogin: Test Cases/TestCaseUtilities/backOfficeLogin

2019-10-05 22:40:27 - [TEST_STEP][PASSED] - BOURL = findTestData("envtData").getValue("BOURL", 1): null

2019-10-05 22:40:42 - [TEST_STEP][PASSED] - BOuser = findTestData("credData").getValue("BOuser", 1): null

2019-10-05 22:40:43 - [TEST_STEP][PASSED] - BOpass = findTestData("credData").getValue("BOpass", 1): null

2019-10-05 22:40:44 - [TEST_STEP][PASSED] - openBrowser(""): Browser is opened with url: ''

2019-10-05 22:40:45 - [MESSAGE][WARNING] - A browser is already opened. Closing browser and opening a new one

2019-10-05 22:41:49 - [MESSAGE][INFO] - Starting 'Chrome' driver

2019-10-05 22:41:49 - [MESSAGE][INFO] - User set preference: ['args', '[--use-fake-ui-for-media-stream, --start-maximized]']

2019-10-05 22:42:42 - [MESSAGE][PASSED] - Browser is opened with url: ''

2019-10-05 22:42:42 - [TEST_STEP][PASSED] - navigateToUrl(BOURL): Navigate to 'https://test9.cliotest.com/backoffice/control/main' successfully

2019-10-05 22:43:01 - [MESSAGE][PASSED] - Navigate to 'https://test9.cliotest.com/backoffice/control/main' successfully

2019-10-05 22:43:01 - [TEST_STEP][PASSED] - logOut = findWebElements(findTestObject("Object Repository/Page_cabi Home/log_out"), 1): Unable to find the element located by 'By.xpath: //a[contains(text(),'Log Out')]'. Please recheck the objects properties to make sure the desired element is located. 

2019-10-05 22:43:03 - [MESSAGE][INFO] - Unable to find the element located by 'By.xpath: //a[contains(text(),'Log Out')]'. Please recheck the objects properties to make sure the desired element is located. 

2019-10-05 22:43:03 - [TEST_STEP][PASSED] - if (logOut.size() == 0): Object: 'Object Repository/Page_cabi/input_Welcome to_consultantLogin' is clicked on

2019-10-05 22:43:03 - [TEST_STEP][PASSED] - setText(findTestObject("Page_cabi/input_Welcome to_USERNAME"), BOuser): Text '400000002' is set on object 'Object Repository/Page_cabi/input_Welcome to_USERNAME'

2019-10-05 22:43:10 - [MESSAGE][PASSED] - Text '400000002' is set on object 'Object Repository/Page_cabi/input_Welcome to_USERNAME'

2019-10-05 22:43:10 - [TEST_STEP][PASSED] - setText(findTestObject("Object Repository/Page_cabi/input_Welcome to_PASSWORD"), BOpass): Text 'blackdress19' is set on object 'Object Repository/Page_cabi/input_Welcome to_PASSWORD'

2019-10-05 22:43:16 - [MESSAGE][PASSED] - Text 'blackdress19' is set on object 'Object Repository/Page_cabi/input_Welcome to_PASSWORD'

2019-10-05 22:43:16 - [TEST_STEP][PASSED] - click(findTestObject("Object Repository/Page_cabi/input_Welcome to_consultantLogin")): Object: 'Object Repository/Page_cabi/input_Welcome to_consultantLogin' is clicked on

2019-10-05 22:43:59 - [MESSAGE][PASSED] - Object: 'Object Repository/Page_cabi/input_Welcome to_consultantLogin' is clicked on

2019-10-05 22:43:59 - [TEST_STEP][PASSED] - delay(3): Delayed 3 second(s)

2019-10-05 22:44:02 - [MESSAGE][PASSED] - Delayed 3 second(s)

2019-10-05 22:44:02 - [MESSAGE][PASSED] - Call Test Case 'Test Cases/TestCaseUtilities/backOfficeLogin' successfully

2019-10-05 22:44:02 - [TEST_STEP][PASSED] - click(findTestObject("Object Repository/Page_cabi Home/a_Shows  Orders")): Object: 'Object Repository/Page_cabi Home/a_Shows  Orders' is clicked on

2019-10-05 22:44:07 - [MESSAGE][PASSED] - Object: 'Object Repository/Page_cabi Home/a_Shows  Orders' is clicked on

2019-10-05 22:44:07 - [TEST_STEP][PASSED] - delay(1): Delayed 1 second(s)

2019-10-05 22:44:08 - [MESSAGE][PASSED] - Delayed 1 second(s)

2019-10-05 22:44:08 - [TEST_STEP][PASSED] - click(findTestObject("Page_cabi Home/a_Shows  Orders")): Object: 'Object Repository/Page_cabi Home/a_Shows  Orders' is clicked on

2019-10-05 22:44:16 - [MESSAGE][PASSED] - Object: 'Object Repository/Page_cabi Home/a_Shows  Orders' is clicked on

2019-10-05 22:44:16 - [TEST_STEP][PASSED] - click(findTestObject("Page_cabi Home/a_retail_purchases")): Object: 'Object Repository/Page_cabi Home/a_retail_purchases' is clicked on

2019-10-05 22:44:58 - [MESSAGE][PASSED] - Object: 'Object Repository/Page_cabi Home/a_retail_purchases' is clicked on

2019-10-05 22:44:58 - [TEST_STEP][PASSED] - delay(3): Delayed 3 second(s)

2019-10-05 22:45:01 - [MESSAGE][PASSED] - Delayed 3 second(s)

2019-10-05 22:45:01 - [TEST_STEP][PASSED] - click(findTestObject("Object Repository/Page_cabi Home/existingCustomer")): Object: 'Object Repository/Page_cabi Home/existingCustomer' is clicked on

2019-10-05 22:45:16 - [MESSAGE][PASSED] - Object: 'Object Repository/Page_cabi Home/existingCustomer' is clicked on

2019-10-05 22:45:16 - [TEST_STEP][PASSED] - contactNumber = 3: null

2019-10-05 22:45:16 - [TEST_STEP][PASSED] - firstName = findTestData("contactData").getValue("firstName", contactNumber): null

2019-10-05 22:45:16 - [TEST_STEP][PASSED] - lastName = findTestData("contactData").getValue("lastName", contactNumber): null

2019-10-05 22:45:17 - [TEST_STEP][PASSED] - email = findTestData("contactData").getValue("email", contactNumber): null

2019-10-05 22:45:17 - [TEST_STEP][PASSED] - address1 = findTestData("contactData").getValue("address1", contactNumber): null

2019-10-05 22:45:17 - [TEST_STEP][PASSED] - city = findTestData("contactData").getValue("city", contactNumber): null

2019-10-05 22:45:18 - [TEST_STEP][PASSED] - state = findTestData("contactData").getValue("state", contactNumber): null

2019-10-05 22:45:18 - [TEST_STEP][PASSED] - zip = findTestData("contactData").getValue("zip", contactNumber): null

2019-10-05 22:45:18 - [TEST_STEP][PASSED] - existingCustFName = firstName: null

2019-10-05 22:45:18 - [TEST_STEP][PASSED] - existingCustLName = lastName: null

2019-10-05 22:45:18 - [TEST_STEP][PASSED] - space = " ": null

2019-10-05 22:45:18 - [TEST_STEP][PASSED] - existingCust = $existingCustFName$space$existingCustLName: null

2019-10-05 22:45:18 - [TEST_STEP][PASSED] - setText(findTestObject("Object Repository/Page_cabi Home/input_existing_guest"), existingCust): Text 'guest1-test abc' is set on object 'Object Repository/Page_cabi Home/input_existing_guest'

2019-10-05 22:45:50 - [MESSAGE][PASSED] - Text 'guest1-test abc' is set on object 'Object Repository/Page_cabi Home/input_existing_guest'

2019-10-05 22:45:50 - [TEST_STEP][PASSED] - delay(2): Delayed 2 second(s)

2019-10-05 22:45:52 - [MESSAGE][PASSED] - Delayed 2 second(s)

2019-10-05 22:45:52 - [TEST_STEP][PASSED] - sendKeys(findTestObject("Object Repository/Page_cabi Home/input_existing_guest"), Keys.chord(ARROW_DOWN)): Keys 'DOWN + ' sent to object: 'Object Repository/Page_cabi Home/input_existing_guest'

2019-10-05 22:45:58 - [MESSAGE][PASSED] - Keys 'DOWN + ' sent to object: 'Object Repository/Page_cabi Home/input_existing_guest'

2019-10-05 22:45:58 - [TEST_STEP][PASSED] - sendKeys(findTestObject("Object Repository/Page_cabi Home/input_existing_guest"), Keys.chord(ENTER)): Keys 'ENTER + ' sent to object: 'Object Repository/Page_cabi Home/input_existing_guest'

2019-10-05 22:46:03 - [MESSAGE][PASSED] - Keys 'ENTER + ' sent to object: 'Object Repository/Page_cabi Home/input_existing_guest'

2019-10-05 22:46:03 - [TEST_STEP][PASSED] - setText(findTestObject("Object Repository/Page_cabi Retail Store/input_email"), email): Text 'guest1-test@test.com' is set on object 'Object Repository/Page_cabi Retail Store/input_email'

2019-10-05 22:46:37 - [MESSAGE][PASSED] - Text 'guest1-test@test.com' is set on object 'Object Repository/Page_cabi Retail Store/input_email'

2019-10-05 22:46:37 - [TEST_STEP][PASSED] - setText(findTestObject("Object Repository/Page_cabi Edit Customer Profile/input_Address1_address1"), address1): Text '975 BRAHMS CT' is set on object 'Object Repository/Page_cabi Edit Customer Profile/input_Address1_address1'

2019-10-05 22:47:12 - [MESSAGE][PASSED] - Text '975 BRAHMS CT' is set on object 'Object Repository/Page_cabi Edit Customer Profile/input_Address1_address1'

2019-10-05 22:47:12 - [TEST_STEP][PASSED] - setText(findTestObject("Object Repository/Page_cabi Edit Customer Profile/input_Address2_address2"), ""): Text '' is set on object 'Object Repository/Page_cabi Edit Customer Profile/input_Address2_address2'

2019-10-05 22:47:21 - [MESSAGE][PASSED] - Text '' is set on object 'Object Repository/Page_cabi Edit Customer Profile/input_Address2_address2'

2019-10-05 22:47:21 - [TEST_STEP][PASSED] - setText(findTestObject("Object Repository/Page_cabi Edit Customer Profile/input_City_city"), city): Text 'TROY' is set on object 'Object Repository/Page_cabi Edit Customer Profile/input_City_city'

2019-10-05 22:47:52 - [MESSAGE][PASSED] - Text 'TROY' is set on object 'Object Repository/Page_cabi Edit Customer Profile/input_City_city'

2019-10-05 22:47:52 - [TEST_STEP][PASSED] - click(findTestObject("Page_cabi Edit Customer Profile/span_select_a_state")): Object: 'Object Repository/Page_cabi Edit Customer Profile/span_select_a_state' is clicked on

2019-10-05 22:48:00 - [MESSAGE][PASSED] - Object: 'Object Repository/Page_cabi Edit Customer Profile/span_select_a_state' is clicked on

2019-10-05 22:48:00 - [TEST_STEP][PASSED] - delay(1): Delayed 1 second(s)

2019-10-05 22:48:01 - [MESSAGE][PASSED] - Delayed 1 second(s)

2019-10-05 22:48:01 - [TEST_STEP][PASSED] - setText(findTestObject("Page_cabi Edit Customer Profile/input_state_postalCode"), zip): Text '48085' is set on object 'Object Repository/Page_cabi Edit Customer Profile/input_state_postalCode'

2019-10-05 22:48:07 - [MESSAGE][PASSED] - Text '48085' is set on object 'Object Repository/Page_cabi Edit Customer Profile/input_state_postalCode'

2019-10-05 22:48:07 - [TEST_STEP][PASSED] - delay(5): Delayed 5 second(s)

2019-10-05 22:48:12 - [MESSAGE][PASSED] - Delayed 5 second(s)

2019-10-05 22:48:12 - [TEST_STEP][PASSED] - check(findTestObject("Object Repository/Page_cabi Home/a_same_shipping_address")): Object 'Object Repository/Page_cabi Home/a_same_shipping_address' is checked

2019-10-05 22:48:20 - [MESSAGE][PASSED] - Object 'Object Repository/Page_cabi Home/a_same_shipping_address' is checked

2019-10-05 22:48:20 - [TEST_STEP][PASSED] - delay(5): Delayed 5 second(s)

2019-10-05 22:48:25 - [MESSAGE][PASSED] - Delayed 5 second(s)

2019-10-05 22:48:25 - [TEST_STEP][PASSED] - check(findTestObject("Object Repository/Page_cabi Home/a_same_shipping_address")): Object 'Object Repository/Page_cabi Home/a_same_shipping_address' is checked

2019-10-05 22:48:35 - [MESSAGE][PASSED] - Object 'Object Repository/Page_cabi Home/a_same_shipping_address' is checked

2019-10-05 22:48:35 - [TEST_STEP][PASSED] - delay(5): Delayed 5 second(s)

2019-10-05 22:48:40 - [MESSAGE][PASSED] - Delayed 5 second(s)

2019-10-05 22:48:40 - [TEST_STEP][PASSED] - driver = getWebDriver(): null

2019-10-05 22:48:40 - [TEST_STEP][PASSED] - executor = driver: null

2019-10-05 22:48:40 - [TEST_STEP][PASSED] - nextButton = driver.findElement(By.xpath("//li/a/span[@id='returnToActionLabel']")): null

2019-10-05 22:48:41 - [TEST_STEP][PASSED] - executor.executeScript("arguments[0].click();", nextButton): null

2019-10-05 22:48:43 - [TEST_STEP][PASSED] - delay(3): Delayed 3 second(s)

2019-10-05 22:48:46 - [MESSAGE][PASSED] - Delayed 3 second(s)

2019-10-05 22:48:46 - [TEST_STEP][PASSED] - click(findTestObject("Object Repository/Page_cabi Retail Store/span_quick_entry")): Object: 'Object Repository/Page_cabi Retail Store/span_quick_entry' is clicked on

2019-10-05 22:49:02 - [MESSAGE][PASSED] - Object: 'Object Repository/Page_cabi Retail Store/span_quick_entry' is clicked on

2019-10-05 22:49:02 - [TEST_STEP][PASSED] - delay(3): Delayed 3 second(s)

2019-10-05 22:49:05 - [MESSAGE][PASSED] - Delayed 3 second(s)

2019-10-05 22:49:05 - [TEST_STEP][PASSED] - emptyCart = findWebElements(findTestObject("Object Repository/Page_cabi Personal Store/removeFromCart"), 5): Unable to find the element located by 'By.xpath: //*[@id="removeFromCart_0"]/span'. Please recheck the objects properties to make sure the desired element is located. 

2019-10-05 22:49:14 - [MESSAGE][INFO] - Unable to find the element located by 'By.xpath: //*[@id="removeFromCart_0"]/span'. Please recheck the objects properties to make sure the desired element is located. 

2019-10-05 22:49:14 - [TEST_STEP][PASSED] - if (emptyCart.size() > 0): null

2019-10-05 22:49:14 - [TEST_STEP][PASSED] - addOnStyle = "2158": null

2019-10-05 22:49:14 - [TEST_STEP][PASSED] - addOnStyle2 = "3709": null

2019-10-05 22:49:14 - [TEST_STEP][PASSED] - setText(findTestObject("Object Repository/Page_cabi Create Order/input_Manual Discount_stylelookup_0"), addOnStyle): Text '2158' is set on object 'Object Repository/Page_cabi Create Order/input_Manual Discount_stylelookup_0'

2019-10-05 22:49:23 - [MESSAGE][PASSED] - Text '2158' is set on object 'Object Repository/Page_cabi Create Order/input_Manual Discount_stylelookup_0'

2019-10-05 22:49:23 - [TEST_STEP][PASSED] - delay(2): Delayed 2 second(s)

2019-10-05 22:49:25 - [MESSAGE][PASSED] - Delayed 2 second(s)

2019-10-05 22:49:25 - [TEST_STEP][PASSED] - sendKeys(findTestObject("Object Repository/Page_cabi Create Order/input_Manual Discount_stylelookup_0"), Keys.chord(ARROW_DOWN)): Keys 'DOWN + ' sent to object: 'Object Repository/Page_cabi Create Order/input_Manual Discount_stylelookup_0'

2019-10-05 22:49:27 - [MESSAGE][PASSED] - Keys 'DOWN + ' sent to object: 'Object Repository/Page_cabi Create Order/input_Manual Discount_stylelookup_0'

2019-10-05 22:49:27 - [TEST_STEP][PASSED] - delay(2): Delayed 2 second(s)

2019-10-05 22:49:29 - [MESSAGE][PASSED] - Delayed 2 second(s)

2019-10-05 22:49:29 - [TEST_STEP][PASSED] - sendKeys(findTestObject("Object Repository/Page_cabi Create Order/input_Manual Discount_stylelookup_0"), Keys.chord(ARROW_DOWN)): Keys 'DOWN + ' sent to object: 'Object Repository/Page_cabi Create Order/input_Manual Discount_stylelookup_0'

2019-10-05 22:49:30 - [MESSAGE][PASSED] - Keys 'DOWN + ' sent to object: 'Object Repository/Page_cabi Create Order/input_Manual Discount_stylelookup_0'

2019-10-05 22:49:30 - [TEST_STEP][PASSED] - sendKeys(findTestObject("Object Repository/Page_cabi Create Order/input_Manual Discount_stylelookup_0"), Keys.chord(ENTER)): Keys 'ENTER + ' sent to object: 'Object Repository/Page_cabi Create Order/input_Manual Discount_stylelookup_0'

2019-10-05 22:49:33 - [MESSAGE][PASSED] - Keys 'ENTER + ' sent to object: 'Object Repository/Page_cabi Create Order/input_Manual Discount_stylelookup_0'

2019-10-05 22:49:33 - [TEST_STEP][PASSED] - delay(5): Delayed 5 second(s)

2019-10-05 22:49:38 - [MESSAGE][PASSED] - Delayed 5 second(s)

2019-10-05 22:49:38 - [TEST_STEP][PASSED] - click(findTestObject("Object Repository/Page_cabi Order Items/selectSize")): Object: 'Object Repository/Page_cabi Order Items/selectSize' is clicked on

2019-10-05 22:49:41 - [MESSAGE][PASSED] - Object: 'Object Repository/Page_cabi Order Items/selectSize' is clicked on

2019-10-05 22:49:41 - [TEST_STEP][PASSED] - delay(3): Delayed 3 second(s)

2019-10-05 22:49:44 - [MESSAGE][PASSED] - Delayed 3 second(s)

2019-10-05 22:49:44 - [TEST_STEP][PASSED] - click(findTestObject("Object Repository/Page_cabi Order Items/span_Add to Cart")): Object: 'Object Repository/Page_cabi Order Items/span_Add to Cart' is clicked on

2019-10-05 22:49:51 - [MESSAGE][PASSED] - Object: 'Object Repository/Page_cabi Order Items/span_Add to Cart' is clicked on

2019-10-05 22:49:51 - [TEST_STEP][PASSED] - delay(5): Delayed 5 second(s)

2019-10-05 22:49:56 - [MESSAGE][PASSED] - Delayed 5 second(s)

2019-10-05 22:49:56 - [TEST_STEP][PASSED] - click(findTestObject("Object Repository/Page_cabi Create Order/inputStyleLookup1")): Object: 'Object Repository/Page_cabi Create Order/inputStyleLookup1' is clicked on

2019-10-05 22:50:00 - [MESSAGE][PASSED] - Object: 'Object Repository/Page_cabi Create Order/inputStyleLookup1' is clicked on

2019-10-05 22:50:00 - [TEST_STEP][PASSED] - setText(findTestObject("Object Repository/Page_cabi Create Order/inputStyleLookup1"), addOnStyle2): Text '3709' is set on object 'Object Repository/Page_cabi Create Order/inputStyleLookup1'

2019-10-05 22:50:02 - [MESSAGE][PASSED] - Text '3709' is set on object 'Object Repository/Page_cabi Create Order/inputStyleLookup1'

2019-10-05 22:50:02 - [TEST_STEP][PASSED] - delay(3): Delayed 3 second(s)

2019-10-05 22:50:05 - [MESSAGE][PASSED] - Delayed 3 second(s)

2019-10-05 22:50:05 - [TEST_STEP][PASSED] - prod_message2 = getText(findTestObject("Page_cabi Create Order/first_option")): Text of object 'Object Repository/Page_cabi Create Order/first_option' is: '3709 Lucky Cardigan'

2019-10-05 22:50:06 - [MESSAGE][PASSED] - Text of object 'Object Repository/Page_cabi Create Order/first_option' is: '3709 Lucky Cardigan'

2019-10-05 22:50:06 - [TEST_STEP][PASSED] - click(findTestObject("Page_cabi Create Order/first_option")): Object: 'Object Repository/Page_cabi Create Order/first_option' is clicked on

2019-10-05 22:50:18 - [MESSAGE][PASSED] - Object: 'Object Repository/Page_cabi Create Order/first_option' is clicked on

2019-10-05 22:50:18 - [TEST_STEP][PASSED] - delay(5): Delayed 5 second(s)

2019-10-05 22:50:23 - [MESSAGE][PASSED] - Delayed 5 second(s)

2019-10-05 22:50:23 - [TEST_STEP][PASSED] - click(findTestObject("Object Repository/Page_cabi Order Items/selectSize2")): Object: 'Object Repository/Page_cabi Order Items/selectSize2' is clicked on

2019-10-05 22:50:30 - [MESSAGE][PASSED] - Object: 'Object Repository/Page_cabi Order Items/selectSize2' is clicked on

2019-10-05 22:50:30 - [TEST_STEP][PASSED] - delay(3): Delayed 3 second(s)

2019-10-05 22:50:33 - [MESSAGE][PASSED] - Delayed 3 second(s)

2019-10-05 22:50:33 - [TEST_STEP][PASSED] - click(findTestObject("Object Repository/Page_cabi Order Items/addToCart2")): Object: 'Object Repository/Page_cabi Order Items/addToCart2' is clicked on

2019-10-05 22:50:39 - [MESSAGE][PASSED] - Object: 'Object Repository/Page_cabi Order Items/addToCart2' is clicked on

2019-10-05 22:50:39 - [TEST_STEP][PASSED] - delay(5): Delayed 5 second(s)

2019-10-05 22:50:44 - [MESSAGE][PASSED] - Delayed 5 second(s)

2019-10-05 22:50:44 - [TEST_STEP][PASSED] - editScenarioNumber = 1: null

2019-10-05 22:50:44 - [TEST_STEP][PASSED] - if (editScenarioNumber == 1): null

2019-10-05 22:50:44 - [TEST_STEP][PASSED] - click(findTestObject("Object Repository/Page_cabi Order Items/a_checkout")): Object: 'Object Repository/Page_cabi Order Items/a_checkout' is clicked on

2019-10-05 22:50:49 - [MESSAGE][PASSED] - Object: 'Object Repository/Page_cabi Order Items/a_checkout' is clicked on

2019-10-05 22:50:49 - [TEST_STEP][PASSED] - delay(3): Delayed 3 second(s)

2019-10-05 22:50:52 - [MESSAGE][PASSED] - Delayed 3 second(s)

2019-10-05 22:50:52 - [TEST_STEP][PASSED] - click(findTestObject("Page_cabi Personal Store/nextButtonShipping")): Object: 'Object Repository/Page_cabi Personal Store/nextButtonShipping' is clicked on

2019-10-05 22:51:00 - [MESSAGE][PASSED] - Object: 'Object Repository/Page_cabi Personal Store/nextButtonShipping' is clicked on

2019-10-05 22:51:00 - [TEST_STEP][PASSED] - delay(3): Delayed 3 second(s)

2019-10-05 22:51:04 - [MESSAGE][PASSED] - Delayed 3 second(s)

2019-10-05 22:51:04 - [TEST_STEP][PASSED] - click(findTestObject("Page_cabi Personal Store/makeFirstPayment")): Object: 'Object Repository/Page_cabi Personal Store/makeFirstPayment' is clicked on

2019-10-05 22:51:10 - [MESSAGE][PASSED] - Object: 'Object Repository/Page_cabi Personal Store/makeFirstPayment' is clicked on

2019-10-05 22:51:10 - [TEST_STEP][PASSED] - click(findTestObject("Object Repository/Page_cabi Personal Store/select_cash")): Object: 'Object Repository/Page_cabi Personal Store/select_cash' is clicked on

2019-10-05 22:51:15 - [MESSAGE][PASSED] - Object: 'Object Repository/Page_cabi Personal Store/select_cash' is clicked on

2019-10-05 22:51:15 - [TEST_STEP][PASSED] - click(findTestObject("Page_cabi Personal Store/submitPayment")): Object: 'Object Repository/Page_cabi Personal Store/submitPayment' is clicked on

2019-10-05 22:51:19 - [MESSAGE][PASSED] - Object: 'Object Repository/Page_cabi Personal Store/submitPayment' is clicked on

2019-10-05 22:51:19 - [TEST_STEP][PASSED] - click(findTestObject("Page_cabi Personal Store/submitOrderId")): Object: 'Object Repository/Page_cabi Personal Store/submitOrderId' is clicked on

2019-10-05 22:51:28 - [MESSAGE][PASSED] - Object: 'Object Repository/Page_cabi Personal Store/submitOrderId' is clicked on

2019-10-05 22:51:28 - [TEST_STEP][PASSED] - successMsg = "": null

2019-10-05 22:51:28 - [TEST_STEP][PASSED] - orderSuccess = false: null

2019-10-05 22:51:28 - [TEST_STEP][PASSED] - successMsgs = findWebElements(findTestObject("Object Repository/Page_cabi Personal Store/p_success_msg"), 5): Unable to find the element located by 'By.xpath: //div/p[contains(text(), 'Order Created Successfully')]'. Please recheck the objects properties to make sure the desired element is located. 

2019-10-05 22:51:38 - [MESSAGE][INFO] - Unable to find the element located by 'By.xpath: //div/p[contains(text(), 'Order Created Successfully')]'. Please recheck the objects properties to make sure the desired element is located. 

2019-10-05 22:51:38 - [TEST_STEP][PASSED] - if (successMsgs.size() > 0): null

2019-10-05 22:51:38 - [TEST_STEP][FAILED] - assert orderSuccess == true: assert orderSuccess == true FAILED.
Reason:
Assertion failed: 

assert orderSuccess == true
       |            |
       false        false

	at retailOrderBO.run(retailOrderBO:290)
	at com.kms.katalon.core.main.ScriptEngine.run(ScriptEngine.java:194)
	at com.kms.katalon.core.main.ScriptEngine.runScriptAsRawText(ScriptEngine.java:119)
	at com.kms.katalon.core.main.TestCaseExecutor.runScript(TestCaseExecutor.java:342)
	at com.kms.katalon.core.main.TestCaseExecutor.doExecute(TestCaseExecutor.java:333)
	at com.kms.katalon.core.main.TestCaseExecutor.processExecutionPhase(TestCaseExecutor.java:312)
	at com.kms.katalon.core.main.TestCaseExecutor.accessMainPhase(TestCaseExecutor.java:304)
	at com.kms.katalon.core.main.TestCaseExecutor.execute(TestCaseExecutor.java:238)
	at com.kms.katalon.core.main.TestSuiteExecutor.accessTestCaseMainPhase(TestSuiteExecutor.java:129)
	at com.kms.katalon.core.main.TestSuiteExecutor.accessTestSuiteMainPhase(TestSuiteExecutor.java:112)
	at com.kms.katalon.core.main.TestSuiteExecutor.execute(TestSuiteExecutor.java:81)
	at com.kms.katalon.core.main.TestCaseMain.startTestSuite(TestCaseMain.java:157)
	at com.kms.katalon.core.main.TestCaseMain$startTestSuite$0.call(Unknown Source)
	at TempTestSuite1570295038120.run(TempTestSuite1570295038120.groovy:35)


2019-10-05 22:51:39 - [MESSAGE][FAILED] - assert orderSuccess == true FAILED.
Reason:
Assertion failed: 

assert orderSuccess == true
       |            |
       false        false

	at retailOrderBO.run(retailOrderBO:290)
	at com.kms.katalon.core.main.ScriptEngine.run(ScriptEngine.java:194)
	at com.kms.katalon.core.main.ScriptEngine.runScriptAsRawText(ScriptEngine.java:119)
	at com.kms.katalon.core.main.TestCaseExecutor.runScript(TestCaseExecutor.java:342)
	at com.kms.katalon.core.main.TestCaseExecutor.doExecute(TestCaseExecutor.java:333)
	at com.kms.katalon.core.main.TestCaseExecutor.processExecutionPhase(TestCaseExecutor.java:312)
	at com.kms.katalon.core.main.TestCaseExecutor.accessMainPhase(TestCaseExecutor.java:304)
	at com.kms.katalon.core.main.TestCaseExecutor.execute(TestCaseExecutor.java:238)
	at com.kms.katalon.core.main.TestSuiteExecutor.accessTestCaseMainPhase(TestSuiteExecutor.java:129)
	at com.kms.katalon.core.main.TestSuiteExecutor.accessTestSuiteMainPhase(TestSuiteExecutor.java:112)
	at com.kms.katalon.core.main.TestSuiteExecutor.execute(TestSuiteExecutor.java:81)
	at com.kms.katalon.core.main.TestCaseMain.startTestSuite(TestCaseMain.java:157)
	at com.kms.katalon.core.main.TestCaseMain$startTestSuite$0.call(Unknown Source)
	at TempTestSuite1570295038120.run(TempTestSuite1570295038120.groovy:35)]]></system-out>
         <system-err><![CDATA[2019-10-05 22:36:35 - [TEST_CASE][FAILED] - Test Cases/EditOrder-V/retailOrderBO: Test Cases/EditOrder-V/retailOrderBO FAILED.
Reason:
Assertion failed: 

assert orderSuccess == true
       |            |
       false        false

	at retailOrderBO.run(retailOrderBO:290)
	at com.kms.katalon.core.main.ScriptEngine.run(ScriptEngine.java:194)
	at com.kms.katalon.core.main.ScriptEngine.runScriptAsRawText(ScriptEngine.java:119)
	at com.kms.katalon.core.main.TestCaseExecutor.runScript(TestCaseExecutor.java:342)
	at com.kms.katalon.core.main.TestCaseExecutor.doExecute(TestCaseExecutor.java:333)
	at com.kms.katalon.core.main.TestCaseExecutor.processExecutionPhase(TestCaseExecutor.java:312)
	at com.kms.katalon.core.main.TestCaseExecutor.accessMainPhase(TestCaseExecutor.java:304)
	at com.kms.katalon.core.main.TestCaseExecutor.execute(TestCaseExecutor.java:238)
	at com.kms.katalon.core.main.TestSuiteExecutor.accessTestCaseMainPhase(TestSuiteExecutor.java:129)
	at com.kms.katalon.core.main.TestSuiteExecutor.accessTestSuiteMainPhase(TestSuiteExecutor.java:112)
	at com.kms.katalon.core.main.TestSuiteExecutor.execute(TestSuiteExecutor.java:81)
	at com.kms.katalon.core.main.TestCaseMain.startTestSuite(TestCaseMain.java:157)
	at com.kms.katalon.core.main.TestCaseMain$startTestSuite$0.call(Unknown Source)
	at TempTestSuite1570295038120.run(TempTestSuite1570295038120.groovy:35)]]></system-err>
      </testcase>
      <system-out><![CDATA[2019-10-05 22:36:23 - [TEST_SUITE][FAILED] - stressSuiteRetailOrder: Test Cases/EditOrder-V/retailOrderBO FAILED.
Reason:
Assertion failed: 

assert orderSuccess == true
       |            |
       false        false

	at retailOrderBO.run(retailOrderBO:290)
	at com.kms.katalon.core.main.ScriptEngine.run(ScriptEngine.java:194)
	at com.kms.katalon.core.main.ScriptEngine.runScriptAsRawText(ScriptEngine.java:119)
	at com.kms.katalon.core.main.TestCaseExecutor.runScript(TestCaseExecutor.java:342)
	at com.kms.katalon.core.main.TestCaseExecutor.doExecute(TestCaseExecutor.java:333)
	at com.kms.katalon.core.main.TestCaseExecutor.processExecutionPhase(TestCaseExecutor.java:312)
	at com.kms.katalon.core.main.TestCaseExecutor.accessMainPhase(TestCaseExecutor.java:304)
	at com.kms.katalon.core.main.TestCaseExecutor.execute(TestCaseExecutor.java:238)
	at com.kms.katalon.core.main.TestSuiteExecutor.accessTestCaseMainPhase(TestSuiteExecutor.java:129)
	at com.kms.katalon.core.main.TestSuiteExecutor.accessTestSuiteMainPhase(TestSuiteExecutor.java:112)
	at com.kms.katalon.core.main.TestSuiteExecutor.execute(TestSuiteExecutor.java:81)
	at com.kms.katalon.core.main.TestCaseMain.startTestSuite(TestCaseMain.java:157)
	at com.kms.katalon.core.main.TestCaseMain$startTestSuite$0.call(Unknown Source)
	at TempTestSuite1570295038120.run(TempTestSuite1570295038120.groovy:35)]]></system-out>
      <system-err><![CDATA[2019-10-05 22:36:23 - [TEST_SUITE][FAILED] - stressSuiteRetailOrder: Test Cases/EditOrder-V/retailOrderBO FAILED.
Reason:
Assertion failed: 

assert orderSuccess == true
       |            |
       false        false

	at retailOrderBO.run(retailOrderBO:290)
	at com.kms.katalon.core.main.ScriptEngine.run(ScriptEngine.java:194)
	at com.kms.katalon.core.main.ScriptEngine.runScriptAsRawText(ScriptEngine.java:119)
	at com.kms.katalon.core.main.TestCaseExecutor.runScript(TestCaseExecutor.java:342)
	at com.kms.katalon.core.main.TestCaseExecutor.doExecute(TestCaseExecutor.java:333)
	at com.kms.katalon.core.main.TestCaseExecutor.processExecutionPhase(TestCaseExecutor.java:312)
	at com.kms.katalon.core.main.TestCaseExecutor.accessMainPhase(TestCaseExecutor.java:304)
	at com.kms.katalon.core.main.TestCaseExecutor.execute(TestCaseExecutor.java:238)
	at com.kms.katalon.core.main.TestSuiteExecutor.accessTestCaseMainPhase(TestSuiteExecutor.java:129)
	at com.kms.katalon.core.main.TestSuiteExecutor.accessTestSuiteMainPhase(TestSuiteExecutor.java:112)
	at com.kms.katalon.core.main.TestSuiteExecutor.execute(TestSuiteExecutor.java:81)
	at com.kms.katalon.core.main.TestCaseMain.startTestSuite(TestCaseMain.java:157)
	at com.kms.katalon.core.main.TestCaseMain$startTestSuite$0.call(Unknown Source)
	at TempTestSuite1570295038120.run(TempTestSuite1570295038120.groovy:35)]]></system-err>
   </testsuite>
</testsuites>
